********************
=== Dataset-2class ===
Metric: Accuracy
           Mixed Linear Model Regression Results
===========================================================
Model:               MixedLM  Dependent Variable:  value   
No. Observations:    870      Method:              REML    
No. Groups:          29       Scale:               0.0115  
Min. group size:     30       Log-Likelihood:      489.7291
Max. group size:     30       Converged:           Yes     
Mean group size:     30.0                                  
-----------------------------------------------------------
                  Coef. Std.Err.   z    P>|z| [0.025 0.975]
-----------------------------------------------------------
Intercept         0.688    0.007 99.308 0.000  0.675  0.702
C(model)[T.file2] 0.093    0.007 12.740 0.000  0.078  0.107
fold Var          0.009    0.014                           
===========================================================

Metric: F1
           Mixed Linear Model Regression Results
===========================================================
Model:               MixedLM  Dependent Variable:  value   
No. Observations:    870      Method:              REML    
No. Groups:          29       Scale:               0.0136  
Min. group size:     30       Log-Likelihood:      408.7388
Max. group size:     30       Converged:           Yes     
Mean group size:     30.0                                  
-----------------------------------------------------------
                  Coef. Std.Err.   z    P>|z| [0.025 0.975]
-----------------------------------------------------------
Intercept         0.670    0.008 87.579 0.000  0.655  0.685
C(model)[T.file2] 0.097    0.008 12.293 0.000  0.082  0.113
fold Var          0.012    0.015                           
===========================================================

********************
=== Dataset-4class ===
Metric: Accuracy
           Mixed Linear Model Regression Results
===========================================================
Model:               MixedLM  Dependent Variable:  value   
No. Observations:    870      Method:              REML    
No. Groups:          29       Scale:               0.0065  
Min. group size:     30       Log-Likelihood:      774.2229
Max. group size:     30       Converged:           Yes     
Mean group size:     30.0                                  
-----------------------------------------------------------
                  Coef. Std.Err.   z    P>|z| [0.025 0.975]
-----------------------------------------------------------
Intercept         0.362    0.005 73.692 0.000  0.353  0.372
C(model)[T.file2] 0.072    0.005 13.131 0.000  0.061  0.082
fold Var          0.004    0.009                           
===========================================================

Metric: F1
           Mixed Linear Model Regression Results
===========================================================
Model:               MixedLM  Dependent Variable:  value   
No. Observations:    870      Method:              REML    
No. Groups:          29       Scale:               0.0075  
Min. group size:     30       Log-Likelihood:      699.6403
Max. group size:     30       Converged:           Yes     
Mean group size:     30.0                                  
-----------------------------------------------------------
                  Coef. Std.Err.   z    P>|z| [0.025 0.975]
-----------------------------------------------------------
Intercept         0.354    0.005 65.720 0.000  0.343  0.364
C(model)[T.file2] 0.055    0.006  9.348 0.000  0.043  0.066
fold Var          0.005    0.010                           
===========================================================

Completed CAMFT vs EEGDeformer

