********************
=== Dataset-2class ===
Metric: Accuracy
           Mixed Linear Model Regression Results
============================================================
Model:              MixedLM   Dependent Variable:   value   
No. Observations:   870       Method:               REML    
No. Groups:         29        Scale:                0.0083  
Min. group size:    30        Log-Likelihood:       595.3821
Max. group size:    30        Converged:            Yes     
Mean group size:    30.0                                    
------------------------------------------------------------
                  Coef. Std.Err.    z    P>|z| [0.025 0.975]
------------------------------------------------------------
Intercept         0.699    0.006 111.702 0.000  0.687  0.711
C(model)[T.file2] 0.082    0.006  13.264 0.000  0.070  0.094
fold Var          0.009    0.014                            
============================================================

Metric: F1
           Mixed Linear Model Regression Results
===========================================================
Model:               MixedLM  Dependent Variable:  value   
No. Observations:    870      Method:              REML    
No. Groups:          29       Scale:               0.0119  
Min. group size:     30       Log-Likelihood:      465.6314
Max. group size:     30       Converged:           Yes     
Mean group size:     30.0                                  
-----------------------------------------------------------
                  Coef. Std.Err.   z    P>|z| [0.025 0.975]
-----------------------------------------------------------
Intercept         0.659    0.007 92.085 0.000  0.645  0.673
C(model)[T.file2] 0.108    0.007 14.549 0.000  0.093  0.122
fold Var          0.010    0.014                           
===========================================================

********************
=== Dataset-4class ===
Metric: Accuracy
           Mixed Linear Model Regression Results
===========================================================
Model:               MixedLM  Dependent Variable:  value   
No. Observations:    870      Method:              REML    
No. Groups:          29       Scale:               0.0051  
Min. group size:     30       Log-Likelihood:      835.5895
Max. group size:     30       Converged:           Yes     
Mean group size:     30.0                                  
-----------------------------------------------------------
                  Coef. Std.Err.   z    P>|z| [0.025 0.975]
-----------------------------------------------------------
Intercept         0.364    0.005 77.946 0.000  0.355  0.373
C(model)[T.file2] 0.069    0.005 14.354 0.000  0.060  0.079
fold Var          0.004    0.009                           
===========================================================

Metric: F1
           Mixed Linear Model Regression Results
===========================================================
Model:               MixedLM  Dependent Variable:  value   
No. Observations:    870      Method:              REML    
No. Groups:          29       Scale:               0.0061  
Min. group size:     30       Log-Likelihood:      751.2711
Max. group size:     30       Converged:           Yes     
Mean group size:     30.0                                  
-----------------------------------------------------------
                  Coef. Std.Err.   z    P>|z| [0.025 0.975]
-----------------------------------------------------------
Intercept         0.345    0.005 66.708 0.000  0.335  0.355
C(model)[T.file2] 0.064    0.005 12.041 0.000  0.053  0.074
fold Var          0.006    0.011                           
===========================================================

Completed CAMFT vs KNN

