1e-06
Subject Number: 1
Accuracy Cross: [0.5735294117647058, 0.5882352941176471, 0.5441176470588235, 0.5588235294117647, 0.5588235294117647, 0.5897435897435898, 0.6025641025641025, 0.6153846153846154, 0.44871794871794873, 0.6153846153846154, 0.6233766233766234, 0.5064935064935064, 0.37662337662337664, 0.5194805194805194, 0.5584415584415584]
 mean: 0.5519826578650108, std: 0.06513417019902147
F1 Score: [0.4198293615769344, 0.4012578616352201, 0.4728682170542635, 0.3584905660377358, 0.411764705882353, 0.3709677419354839, 0.5484593837535015, 0.38095238095238093, 0.4212251941328732, 0.43587270973963355, 0.384, 0.49201388888888886, 0.3765182186234818, 0.5165450534532496, 0.3837099811676083]
 mean: 0.42496501765557393, std: 0.055571287109201666
Accuracy Intime: [0.625, 0.65625, 0.6333333333333333, 0.6, 0.7, 0.6428571428571429, 0.6428571428571429, 0.5714285714285714, 0.46153846153846156, 0.6538461538461539, 0.5714285714285714, 0.35714285714285715, 0.5714285714285714, 0.5, 0.5769230769230769]
 mean: 0.5842689255189255, std: 0.08520319405529307
F1 (Intime): [0.4514285714285714, 0.46907993966817496, 0.45990180032733224, 0.375, 0.5581014729950899, 0.5238095238095237, 0.5906432748538011, 0.36363636363636365, 0.3157894736842105, 0.48115299334811534, 0.36363636363636365, 0.2631578947368421, 0.36363636363636365, 0.390990990990991, 0.36585365853658536]
 mean: 0.42238791235255524, std: 0.08884393600832423
--------------------------------------------------
Subject Number: 2
Accuracy Cross: [0.5147058823529411, 0.5588235294117647, 0.4117647058823529, 0.5147058823529411, 0.5882352941176471, 0.5735294117647058, 0.5735294117647058, 0.5735294117647058, 0.4852941176470588, 0.5735294117647058, 0.6410256410256411, 0.6410256410256411, 0.41025641025641024, 0.47435897435897434, 0.6538461538461539]
 mean: 0.54587732528909, std: 0.07388809996254139
F1 Score: [0.4736101337086559, 0.46875, 0.40714908456843946, 0.36520509193776524, 0.5296442687747036, 0.3644859813084112, 0.5659255998239049, 0.3644859813084112, 0.45098039215686275, 0.39416282642089095, 0.49444444444444446, 0.5293103448275862, 0.390625, 0.4243024302430243, 0.5216897569838747]
 mean: 0.44965142243379835, std: 0.06585345967518277
Accuracy Intime: [0.42857142857142855, 0.5714285714285714, 0.6428571428571429, 0.5384615384615384, 0.6153846153846154, 0.6071428571428571, 0.5, 0.6071428571428571, 0.6153846153846154, 0.6153846153846154, 0.6428571428571429, 0.7142857142857143, 0.5714285714285714, 0.4230769230769231, 0.6153846153846154]
 mean: 0.5805860805860805, std: 0.07669817112577083
F1 (Intime): [0.3, 0.36363636363636365, 0.5906432748538011, 0.35, 0.5486111111111112, 0.4490161001788909, 0.3875, 0.4490161001788909, 0.6130952380952381, 0.59375, 0.5625, 0.7128205128205127, 0.36363636363636365, 0.3445378151260504, 0.38095238095238093]
 mean: 0.46731435070597355, std: 0.12144086617591755
--------------------------------------------------
Subject Number: 3
Accuracy Cross: [0.5441176470588235, 0.5588235294117647, 0.5294117647058824, 0.5441176470588235, 0.6176470588235294, 0.5, 0.44285714285714284, 0.5714285714285714, 0.5714285714285714, 0.5142857142857142, 0.569620253164557, 0.569620253164557, 0.3670886075949367, 0.5316455696202531, 0.5443037974683544]
 mean: 0.5317597418714323, std: 0.0582670524054094
F1 Score: [0.5268237934904602, 0.3584905660377358, 0.5277777777777778, 0.44277028813111285, 0.5952380952380952, 0.3571241144056678, 0.4229549778059607, 0.36363636363636365, 0.56575682382134, 0.36431623931623935, 0.38843351548269583, 0.512699564586357, 0.36454311454311455, 0.4922702796595449, 0.4935897435897436]
 mean: 0.45176168383481397, std: 0.08070268631539579
Accuracy Intime: [0.6428571428571429, 0.5714285714285714, 0.7142857142857143, 0.5714285714285714, 0.5357142857142857, 0.5714285714285714, 0.6071428571428571, 0.5714285714285714, 0.5769230769230769, 0.5769230769230769, 0.5714285714285714, 0.5, 0.5714285714285714, 0.5384615384615384, 0.6538461538461539]
 mean: 0.5849816849816849, std: 0.050562057142245403
F1 (Intime): [0.641025641025641, 0.4285714285714286, 0.7142857142857143, 0.36363636363636365, 0.5204216073781291, 0.36363636363636365, 0.561877667140825, 0.36363636363636365, 0.5606758832565284, 0.36585365853658536, 0.36363636363636365, 0.47593582887700536, 0.36363636363636365, 0.5272727272727272, 0.5384615384615385]
 mean: 0.4768375675325293, std: 0.11092376945019802
--------------------------------------------------
Subject Number: 4
Accuracy Cross: [0.5652173913043478, 0.5652173913043478, 0.5217391304347826, 0.5652173913043478, 0.5652173913043478, 0.5797101449275363, 0.5652173913043478, 0.5652173913043478, 0.4057971014492754, 0.5797101449275363, 0.6153846153846154, 0.6538461538461539, 0.5256410256410257, 0.5897435897435898, 0.6410256410256411]
 mean: 0.5669267930137496, std: 0.05535820250227074
F1 Score: [0.4719387755102041, 0.3611111111111111, 0.3906877174203907, 0.4145927601809955, 0.4145927601809955, 0.4449375866851595, 0.5295454545454545, 0.3611111111111111, 0.35129557440953907, 0.39674404582454026, 0.38095238095238093, 0.5533404029692471, 0.5255630445503863, 0.4786967418546366, 0.49444444444444446]
 mean: 0.43797026078337314, std: 0.06482058177402718
Accuracy Intime: [0.6071428571428571, 0.6071428571428571, 0.6071428571428571, 0.5714285714285714, 0.5769230769230769, 0.6071428571428571, 0.6071428571428571, 0.5714285714285714, 0.42857142857142855, 0.5, 0.6428571428571429, 0.7857142857142857, 0.6428571428571429, 0.6071428571428571, 0.5384615384615384]
 mean: 0.5934065934065934, std: 0.07445680062425308
F1 (Intime): [0.5942028985507246, 0.4490161001788909, 0.4490161001788909, 0.36363636363636365, 0.5438596491228069, 0.4490161001788909, 0.5354449472096531, 0.36363636363636365, 0.3, 0.4807987711213518, 0.5625, 0.7666666666666666, 0.6428571428571429, 0.561877667140825, 0.35]
 mean: 0.4941685846985714, std: 0.12073533925026697
--------------------------------------------------
Subject Number: 5
Accuracy Cross: [0.6176470588235294, 0.5588235294117647, 0.5294117647058824, 0.5294117647058824, 0.5294117647058824, 0.5714285714285714, 0.5428571428571428, 0.5714285714285714, 0.45714285714285713, 0.5714285714285714, 0.5942028985507246, 0.6376811594202898, 0.42028985507246375, 0.6086956521739131, 0.5652173913043478]
 mean: 0.5536719035440264, std: 0.05532795257786126
F1 Score: [0.4901960784313726, 0.4333333333333333, 0.39555555555555555, 0.37254901960784315, 0.39555555555555555, 0.36363636363636365, 0.5022222222222222, 0.36363636363636365, 0.45536445536445536, 0.36363636363636365, 0.4037037037037037, 0.5777233782129743, 0.3989547038327526, 0.5548387096774194, 0.3611111111111111]
 mean: 0.4288011278344926, std: 0.06936197825398038
Accuracy Intime: [0.6785714285714286, 0.6071428571428571, 0.5714285714285714, 0.5714285714285714, 0.7307692307692307, 0.6071428571428571, 0.6428571428571429, 0.5714285714285714, 0.5, 0.6153846153846154, 0.6071428571428571, 0.7857142857142857, 0.7142857142857143, 0.5769230769230769, 0.6153846153846154]
 mean: 0.6263736263736261, std: 0.07110379814535343
F1 (Intime): [0.5902439024390245, 0.4490161001788909, 0.36363636363636365, 0.36363636363636365, 0.641025641025641, 0.4490161001788909, 0.5625, 0.36363636363636365, 0.390990990990991, 0.38095238095238093, 0.4490161001788909, 0.78125, 0.7142857142857143, 0.5606758832565284, 0.38095238095238093]
 mean: 0.4960556190232283, std: 0.13271960348229297
--------------------------------------------------
Subject Number: 6
Accuracy Cross: [0.5223880597014925, 0.5671641791044776, 0.5373134328358209, 0.5223880597014925, 0.5074626865671642, 0.5362318840579711, 0.463768115942029, 0.5652173913043478, 0.5072463768115942, 0.5652173913043478, 0.5217391304347826, 0.4492753623188406, 0.42028985507246375, 0.5652173913043478, 0.5652173913043478]
 mean: 0.5210757805177013, std: 0.04426372531669682
F1 Score: [0.4585858585858586, 0.39148136548700285, 0.5219792865362486, 0.3694117647058824, 0.4349603884487605, 0.4189473684210526, 0.447043534762833, 0.3611111111111111, 0.5046452702702703, 0.3897405660377358, 0.36837725381414704, 0.4040909090909091, 0.3828264758497316, 0.5371198568872988, 0.4145927601809955]
 mean: 0.4269942513459892, std: 0.05481978940251406
Accuracy Intime: [0.5357142857142857, 0.6428571428571429, 0.6428571428571429, 0.5714285714285714, 0.5384615384615384, 0.5714285714285714, 0.5714285714285714, 0.5384615384615384, 0.5384615384615384, 0.5384615384615384, 0.6785714285714286, 0.6428571428571429, 0.5769230769230769, 0.7307692307692307, 0.5769230769230769]
 mean: 0.593040293040293, std: 0.058225053470952824
F1 (Intime): [0.4509803921568627, 0.5238095238095237, 0.5906432748538011, 0.36363636363636365, 0.4583333333333333, 0.4285714285714286, 0.5333333333333333, 0.35, 0.5125, 0.4135338345864662, 0.5902439024390245, 0.625668449197861, 0.48468468468468473, 0.7303703703703703, 0.36585365853658536]
 mean: 0.49481083663397585, std: 0.10414601542577126
--------------------------------------------------
Subject Number: 7
Accuracy Cross: [0.5441176470588235, 0.5588235294117647, 0.5147058823529411, 0.5735294117647058, 0.5294117647058824, 0.6470588235294118, 0.4411764705882353, 0.5735294117647058, 0.36764705882352944, 0.6176470588235294, 0.5652173913043478, 0.5072463768115942, 0.42028985507246375, 0.5797101449275363, 0.5507246376811594]
 mean: 0.532722364308042, std: 0.07177306794516712
F1 Score: [0.458793324775353, 0.3584905660377358, 0.4962962962962963, 0.39416282642089095, 0.39555555555555555, 0.5466666666666666, 0.4288240495137047, 0.3644859813084112, 0.34365881032547696, 0.508888888888889, 0.4145927601809955, 0.4569444444444445, 0.41919191919191917, 0.5218637992831542, 0.38268398268398274]
 mean: 0.4327399914382318, std: 0.06112106312150475
Accuracy Intime: [0.6071428571428571, 0.75, 0.6071428571428571, 0.6153846153846154, 0.6923076923076923, 0.5714285714285714, 0.5714285714285714, 0.5714285714285714, 0.5, 0.6923076923076923, 0.6785714285714286, 0.6428571428571429, 0.6071428571428571, 0.6538461538461539, 0.6153846153846154]
 mean: 0.6250915750915751, std: 0.06004589298902902
F1 (Intime): [0.4490161001788909, 0.7043740573152337, 0.49918699186991866, 0.5112781954887218, 0.6388888888888888, 0.36363636363636365, 0.5087719298245614, 0.36363636363636365, 0.390990990990991, 0.6090225563909775, 0.6571428571428571, 0.5906432748538011, 0.49918699186991866, 0.6533333333333333, 0.38095238095238093]
 mean: 0.5213374184248801, std: 0.11212698571039287
--------------------------------------------------
Subject Number: 8
Accuracy Cross: [0.5142857142857142, 0.6, 0.5, 0.5571428571428572, 0.5571428571428572, 0.6086956521739131, 0.6086956521739131, 0.5797101449275363, 0.4057971014492754, 0.5942028985507246, 0.6029411764705882, 0.6176470588235294, 0.45588235294117646, 0.6176470588235294, 0.5441176470588235]
 mean: 0.5575938781309626, std: 0.061580148955116376
F1 Score: [0.46105072463768115, 0.40606060606060607, 0.46023353161489317, 0.38544321721891817, 0.4305956441878772, 0.43834790473319263, 0.5548387096774194, 0.3669724770642202, 0.35129557440953907, 0.43042452830188677, 0.45984112974404234, 0.5252416756176155, 0.4557646549859399, 0.5521783181357649, 0.4728682170542635]
 mean: 0.450077127562924, std: 0.05865295875493569
Accuracy Intime: [0.6785714285714286, 0.5714285714285714, 0.6785714285714286, 0.5384615384615384, 0.6923076923076923, 0.5714285714285714, 0.6428571428571429, 0.5714285714285714, 0.46153846153846156, 0.5769230769230769, 0.5714285714285714, 0.6071428571428571, 0.7142857142857143, 0.5357142857142857, 0.6538461538461539]
 mean: 0.6043956043956044, std: 0.06797808474527206
F1 (Intime): [0.6415362731152205, 0.36363636363636365, 0.5902439024390245, 0.35, 0.6090225563909775, 0.36363636363636365, 0.5906432748538011, 0.36363636363636365, 0.3157894736842105, 0.36585365853658536, 0.36363636363636365, 0.49918699186991866, 0.7083333333333333, 0.5351213282247764, 0.48115299334811534]
 mean: 0.47609528268942786, std: 0.12476862514440132
--------------------------------------------------
Subject Number: 9
Accuracy Cross: [0.43283582089552236, 0.582089552238806, 0.5373134328358209, 0.5671641791044776, 0.6417910447761194, 0.6029411764705882, 0.5588235294117647, 0.5588235294117647, 0.35294117647058826, 0.6029411764705882, 0.5857142857142857, 0.6, 0.42857142857142855, 0.5285714285714286, 0.5571428571428572]
 mean: 0.5425109745390694, std: 0.07590392764324466
F1 Score: [0.38323643410852715, 0.44823529411764707, 0.5161891451199627, 0.39148136548700285, 0.5723404255319149, 0.4806223479490806, 0.532967032967033, 0.3584905660377358, 0.32429990966576333, 0.4987714987714988, 0.36936936936936937, 0.5359848484848485, 0.41666666666666663, 0.4819466248037676, 0.40952380952380957]
 mean: 0.44800835590697524, std: 0.07266944301809546
Accuracy Intime: [0.5357142857142857, 0.5714285714285714, 0.6785714285714286, 0.5384615384615384, 0.5769230769230769, 0.6071428571428571, 0.5714285714285714, 0.5384615384615384, 0.46153846153846156, 0.6538461538461539, 0.6428571428571429, 0.6071428571428571, 0.7307692307692307, 0.4230769230769231, 0.6923076923076923]
 mean: 0.5886446886446887, std: 0.0812584339404198
F1 (Intime): [0.5351213282247764, 0.36363636363636365, 0.6415362731152205, 0.35, 0.48468468468468473, 0.49918699186991866, 0.475, 0.35, 0.3157894736842105, 0.5783783783783785, 0.5238095238095237, 0.5809523809523809, 0.7303703703703703, 0.4152923538230885, 0.5666666666666667]
 mean: 0.49402831928103885, std: 0.11462215546473865
--------------------------------------------------
Subject Number: 10
Accuracy Cross: [0.5223880597014925, 0.5223880597014925, 0.6119402985074627, 0.5522388059701493, 0.5223880597014925, 0.6029411764705882, 0.47058823529411764, 0.5735294117647058, 0.4852941176470588, 0.5441176470588235, 0.6027397260273972, 0.6027397260273972, 0.4931506849315068, 0.547945205479452, 0.6575342465753424]
 mean: 0.5541282307238987, std: 0.0517171523304355
F1 Score: [0.5091575091575091, 0.3694117647058824, 0.6048094373865699, 0.4302721088435374, 0.4451345755693582, 0.4806223479490806, 0.4631578947368421, 0.3644859813084112, 0.4714634687985787, 0.44277028813111285, 0.43228747653526417, 0.5220139986452924, 0.4834576400841461, 0.5424501424501424, 0.5302445302445302]
 mean: 0.47278261096975055, std: 0.06171386646756378
Accuracy Intime: [0.7857142857142857, 0.5714285714285714, 0.7142857142857143, 0.5384615384615384, 0.5769230769230769, 0.5714285714285714, 0.39285714285714285, 0.5384615384615384, 0.5769230769230769, 0.46153846153846156, 0.5714285714285714, 0.75, 0.5384615384615384, 0.5769230769230769, 0.6153846153846154]
 mean: 0.5853479853479853, std: 0.0981681564698006
F1 (Intime): [0.7666666666666666, 0.36363636363636365, 0.6888888888888889, 0.35, 0.5606758832565284, 0.36363636363636365, 0.3229018492176387, 0.35, 0.5438596491228069, 0.3157894736842105, 0.475, 0.7470967741935484, 0.35, 0.5712143928035982, 0.38095238095238093]
 mean: 0.476687912403933, std: 0.15387366040282854
--------------------------------------------------
Subject Number: 11
Accuracy Cross: [0.4117647058823529, 0.6323529411764706, 0.4117647058823529, 0.6029411764705882, 0.5882352941176471, 0.5652173913043478, 0.4782608695652174, 0.5507246376811594, 0.5362318840579711, 0.5072463768115942, 0.5866666666666667, 0.49333333333333335, 0.44, 0.5066666666666667, 0.5733333333333334]
 mean: 0.5256493321966468, std: 0.06675536860749526
F1 Score: [0.40350877192982454, 0.5635430038510911, 0.3857271906052394, 0.4987714987714988, 0.5492424242424242, 0.4362745098039216, 0.4354545454545455, 0.35514018691588783, 0.5282051282051282, 0.38263157894736843, 0.3978243978243978, 0.45023148148148145, 0.4318181818181818, 0.43928066276015354, 0.41520467836257313]
 mean: 0.4448572160649145, std: 0.0607985034676961
Accuracy Intime: [0.42857142857142855, 0.5714285714285714, 0.5714285714285714, 0.6071428571428571, 0.5, 0.6071428571428571, 0.7142857142857143, 0.5714285714285714, 0.6153846153846154, 0.5384615384615384, 0.7142857142857143, 0.6071428571428571, 0.5714285714285714, 0.6923076923076923, 0.5769230769230769]
 mean: 0.5924908424908424, std: 0.07355709021253921
F1 (Intime): [0.3, 0.36363636363636365, 0.36363636363636365, 0.49918699186991866, 0.390990990990991, 0.4490161001788909, 0.6888888888888889, 0.36363636363636365, 0.6130952380952381, 0.4583333333333333, 0.6888888888888889, 0.6025806451612903, 0.36363636363636365, 0.6848484848484848, 0.48468468468468473]
 mean: 0.4876706467657375, std: 0.13099463927146662
--------------------------------------------------
Subject Number: 12
Accuracy Cross: [0.5074626865671642, 0.6268656716417911, 0.5671641791044776, 0.5671641791044776, 0.5970149253731343, 0.5652173913043478, 0.5942028985507246, 0.5652173913043478, 0.34782608695652173, 0.5507246376811594, 0.5588235294117647, 0.5882352941176471, 0.47058823529411764, 0.6176470588235294, 0.5588235294117647]
 mean: 0.5521985129764645, std: 0.06645134780148058
F1 Score: [0.40323886639676115, 0.49744974497449745, 0.45862357202563386, 0.3619047619047619, 0.4959598774031764, 0.4145927601809955, 0.5328820116054158, 0.3611111111111111, 0.33893974877581434, 0.38268398268398274, 0.3584905660377358, 0.5400966183574879, 0.4535714285714286, 0.6091954022988506, 0.3584905660377358]
 mean: 0.43781540122435925, std: 0.0796952562385473
Accuracy Intime: [0.5357142857142857, 0.6785714285714286, 0.5714285714285714, 0.5384615384615384, 0.6538461538461539, 0.6071428571428571, 0.7142857142857143, 0.5769230769230769, 0.5, 0.6153846153846154, 0.5714285714285714, 0.6071428571428571, 0.5384615384615384, 0.5769230769230769, 0.5769230769230769]
 mean: 0.5908424908424907, std: 0.055468810163593084
F1 (Intime): [0.4822190611664296, 0.5902439024390245, 0.36363636363636365, 0.35, 0.6267942583732058, 0.4490161001788909, 0.6888888888888889, 0.4358974358974359, 0.390990990990991, 0.4583333333333333, 0.36363636363636365, 0.561877667140825, 0.4135338345864662, 0.519327731092437, 0.36585365853658536]
 mean: 0.47068330599314934, std: 0.1023118083568127
--------------------------------------------------
Subject Number: 13
Accuracy Cross: [0.5671641791044776, 0.582089552238806, 0.5373134328358209, 0.5373134328358209, 0.47761194029850745, 0.5428571428571428, 0.5428571428571428, 0.5714285714285714, 0.5142857142857142, 0.5571428571428572, 0.5797101449275363, 0.5942028985507246, 0.42028985507246375, 0.5797101449275363, 0.42028985507246375]
 mean: 0.5349511242957057, std: 0.05338272368956038
F1 Score: [0.524822695035461, 0.3987179487179487, 0.5306214689265537, 0.4005772005772006, 0.46029919447640966, 0.37846836847946724, 0.5176571920757967, 0.36363636363636365, 0.5041666666666667, 0.44909875602944904, 0.48174048174048173, 0.5740740740740741, 0.3727272727272727, 0.5765079365079364, 0.41919191919191917]
 mean: 0.4634871692575334, std: 0.0702198111324039
Accuracy Intime: [0.5357142857142857, 0.5714285714285714, 0.6071428571428571, 0.5714285714285714, 0.7307692307692307, 0.5714285714285714, 0.6428571428571429, 0.5384615384615384, 0.5384615384615384, 0.6153846153846154, 0.6071428571428571, 0.42857142857142855, 0.5384615384615384, 0.6153846153846154, 0.6538461538461539]
 mean: 0.5844322344322345, std: 0.06638632033802333
F1 (Intime): [0.5204216073781291, 0.36363636363636365, 0.4490161001788909, 0.36363636363636365, 0.7097288676236044, 0.36363636363636365, 0.5906432748538011, 0.35, 0.4583333333333333, 0.4583333333333333, 0.6025806451612903, 0.3, 0.35, 0.6130952380952381, 0.5384615384615385]
 mean: 0.4687682019552166, std: 0.11821939516978378
--------------------------------------------------
Subject Number: 14
Accuracy Cross: [0.6617647058823529, 0.5441176470588235, 0.4852941176470588, 0.5735294117647058, 0.5588235294117647, 0.5, 0.6176470588235294, 0.5735294117647058, 0.5147058823529411, 0.5441176470588235, 0.4782608695652174, 0.463768115942029, 0.391304347826087, 0.5072463768115942, 0.5362318840579711]
 mean: 0.5300227337311737, std: 0.06327302834586039
F1 Score: [0.6089022255563891, 0.37981759340982646, 0.4761171032357473, 0.44214992927864216, 0.5446428571428572, 0.3577777777777778, 0.5729468599033817, 0.3644859813084112, 0.4962962962962963, 0.4245154245154245, 0.3839285714285714, 0.40308627542670095, 0.38076923076923075, 0.5021222410865874, 0.43673469387755104]
 mean: 0.45161953740089295, std: 0.07651378730702411
Accuracy Intime: [0.7142857142857143, 0.6071428571428571, 0.5714285714285714, 0.5384615384615384, 0.46153846153846156, 0.5714285714285714, 0.5714285714285714, 0.5714285714285714, 0.6153846153846154, 0.6153846153846154, 0.6428571428571429, 0.7142857142857143, 0.5714285714285714, 0.46153846153846156, 0.6153846153846154]
 mean: 0.5895604395604396, std: 0.06990341292980189
F1 (Intime): [0.65, 0.4490161001788909, 0.36363636363636365, 0.35, 0.45833333333333337, 0.36363636363636365, 0.5087719298245614, 0.36363636363636365, 0.5751633986928104, 0.38095238095238093, 0.5238095238095237, 0.7083333333333333, 0.36363636363636365, 0.3157894736842105, 0.38095238095238093]
 mean: 0.4503778206204586, std: 0.11510996707808732
--------------------------------------------------
Subject Number: 15
Accuracy Cross: [0.5507246376811594, 0.5362318840579711, 0.4927536231884058, 0.5942028985507246, 0.5652173913043478, 0.5735294117647058, 0.6323529411764706, 0.5735294117647058, 0.4852941176470588, 0.5588235294117647, 0.5441176470588235, 0.5, 0.45588235294117646, 0.5147058823529411, 0.45588235294117646]
 mean: 0.5355498721227622, std: 0.04910609270340181
F1 Score: [0.49988309562777644, 0.39869281045751637, 0.4709748083242059, 0.45361990950226244, 0.4995164410058027, 0.39416282642089095, 0.5748937234308578, 0.3644859813084112, 0.45098039215686275, 0.4522019334049409, 0.3523809523809524, 0.48894783377541995, 0.4412613813013546, 0.46354291178579965, 0.4500546448087432]
 mean: 0.4503733097127865, std: 0.05499361361665601
Accuracy Intime: [0.6071428571428571, 0.6071428571428571, 0.6071428571428571, 0.5384615384615384, 0.6153846153846154, 0.5714285714285714, 0.6071428571428571, 0.5714285714285714, 0.5769230769230769, 0.6923076923076923, 0.5714285714285714, 0.4642857142857143, 0.5714285714285714, 0.5384615384615384, 0.6923076923076923]
 mean: 0.5888278388278387, std: 0.055015217717649126
F1 (Intime): [0.5809523809523809, 0.4490161001788909, 0.4490161001788909, 0.35, 0.4583333333333333, 0.36363636363636365, 0.49918699186991866, 0.36363636363636365, 0.5438596491228069, 0.5666666666666667, 0.5625, 0.44664031620553357, 0.36363636363636365, 0.5125, 0.5666666666666667]
 mean: 0.47174981973894525, std: 0.08063296406848702
--------------------------------------------------
Subject Number: 16
Accuracy Cross: [0.5671641791044776, 0.5223880597014925, 0.5373134328358209, 0.5671641791044776, 0.5671641791044776, 0.5522388059701493, 0.582089552238806, 0.5671641791044776, 0.5223880597014925, 0.5074626865671642, 0.5671641791044776, 0.4925373134328358, 0.4925373134328358, 0.6567164179104478, 0.5074626865671642]
 mean: 0.5472636815920399, std: 0.04138633700116502
F1 Score: [0.524822695035461, 0.3694117647058824, 0.45528455284552843, 0.3619047619047619, 0.524822695035461, 0.38419117647058826, 0.574410163339383, 0.3619047619047619, 0.49718574108818014, 0.40323886639676115, 0.417041704170417, 0.46575984990619135, 0.4576190476190476, 0.6554884864744019, 0.4911392405063291]
 mean: 0.46294836716021043, std: 0.08175504685613355
Accuracy Intime: [0.6071428571428571, 0.6071428571428571, 0.6153846153846154, 0.5384615384615384, 0.46153846153846156, 0.6071428571428571, 0.5714285714285714, 0.5384615384615384, 0.5384615384615384, 0.6153846153846154, 0.5714285714285714, 0.5357142857142857, 0.6538461538461539, 0.5769230769230769, 0.7307692307692307]
 mean: 0.5846153846153845, std: 0.05994805141532244
F1 (Intime): [0.6025806451612903, 0.4490161001788909, 0.5751633986928104, 0.35, 0.40522875816993464, 0.4490161001788909, 0.4285714285714286, 0.35, 0.4583333333333333, 0.4583333333333333, 0.4285714285714286, 0.5303225806451612, 0.6405529953917051, 0.5606758832565284, 0.641025641025641]
 mean: 0.4884927751006918, std: 0.09355464989425649
--------------------------------------------------
Subject Number: 17
Accuracy Cross: [0.5294117647058824, 0.5588235294117647, 0.6029411764705882, 0.5735294117647058, 0.5882352941176471, 0.5797101449275363, 0.6376811594202898, 0.5652173913043478, 0.5507246376811594, 0.6086956521739131, 0.5735294117647058, 0.6911764705882353, 0.5735294117647058, 0.6617647058823529, 0.5735294117647058]
 mean: 0.5912333049161694, std: 0.04175187403626759
F1 Score: [0.48484848484848486, 0.3584905660377358, 0.4987714987714988, 0.39416282642089095, 0.45098039215686275, 0.39674404582454026, 0.6044485209814263, 0.3611111111111111, 0.5507246376811594, 0.4623376623376624, 0.39416282642089095, 0.6225218080888184, 0.557351290684624, 0.6489337822671155, 0.39416282642089095]
 mean: 0.4786501520035808, std: 0.09478434694376979
Accuracy Intime: [0.4642857142857143, 0.6428571428571429, 0.7142857142857143, 0.6153846153846154, 0.6538461538461539, 0.5357142857142857, 0.6428571428571429, 0.6428571428571429, 0.5, 0.6538461538461539, 0.6071428571428571, 0.5357142857142857, 0.5714285714285714, 0.5, 0.5384615384615384]
 mean: 0.5879120879120879, std: 0.070120453462603
F1 (Intime): [0.3170731707317073, 0.5238095238095237, 0.672514619883041, 0.5751633986928104, 0.48115299334811534, 0.408130081300813, 0.5625, 0.5238095238095237, 0.390990990990991, 0.48115299334811534, 0.49918699186991866, 0.4509803921568627, 0.36363636363636365, 0.4807987711213518, 0.35]
 mean: 0.4720599876466091, std: 0.09205223325573596
--------------------------------------------------
Subject Number: 18
Accuracy Cross: [0.4927536231884058, 0.5942028985507246, 0.5942028985507246, 0.5362318840579711, 0.5507246376811594, 0.5735294117647058, 0.5882352941176471, 0.5735294117647058, 0.4852941176470588, 0.5735294117647058, 0.5714285714285714, 0.6714285714285714, 0.4714285714285714, 0.5, 0.6]
 mean: 0.5584346202249015, std: 0.05163663013897317
F1 Score: [0.4353518821603928, 0.491578947368421, 0.5434782608695652, 0.3490566037735849, 0.4888888888888889, 0.39416282642089095, 0.5400966183574879, 0.3644859813084112, 0.4714634687985787, 0.39416282642089095, 0.3923611111111111, 0.623391812865497, 0.46608946608946605, 0.45054945054945056, 0.47649572649572647]
 mean: 0.4587742580985576, std: 0.07197366618843871
Accuracy Intime: [0.6428571428571429, 0.6785714285714286, 0.6785714285714286, 0.5384615384615384, 0.6538461538461539, 0.5357142857142857, 0.75, 0.5714285714285714, 0.5714285714285714, 0.6153846153846154, 0.6071428571428571, 0.6428571428571429, 0.5714285714285714, 0.5, 0.6153846153846154]
 mean: 0.6115384615384615, std: 0.06341176710883713
F1 (Intime): [0.5906432748538011, 0.5902439024390245, 0.6415362731152205, 0.35, 0.5783783783783785, 0.3488372093023256, 0.7333333333333334, 0.36363636363636365, 0.5508021390374331, 0.4583333333333333, 0.49918699186991866, 0.5906432748538011, 0.36363636363636365, 0.49925925925925924, 0.38095238095238093]
 mean: 0.5026281652000625, std: 0.11722447884354154
--------------------------------------------------
Subject Number: 19
Accuracy Cross: [0.5223880597014925, 0.5522388059701493, 0.5373134328358209, 0.5522388059701493, 0.5671641791044776, 0.5588235294117647, 0.5882352941176471, 0.5735294117647058, 0.45588235294117646, 0.6029411764705882, 0.5735294117647058, 0.5588235294117647, 0.4117647058823529, 0.5735294117647058, 0.5441176470588235]
 mean: 0.5448346502780217, std: 0.04824301966680633
F1 Score: [0.4122807017543859, 0.3557692307692308, 0.48139825218476906, 0.3557692307692308, 0.4392496392496392, 0.3584905660377358, 0.5296442687747036, 0.3644859813084112, 0.4461809377063614, 0.45984112974404234, 0.44214992927864216, 0.46875, 0.34299516908212563, 0.562069731290251, 0.37981759340982646]
 mean: 0.42659282409062366, std: 0.06509187597483503
Accuracy Intime: [0.5357142857142857, 0.6071428571428571, 0.6785714285714286, 0.5769230769230769, 0.5769230769230769, 0.6071428571428571, 0.6785714285714286, 0.5769230769230769, 0.5384615384615384, 0.6538461538461539, 0.5714285714285714, 0.6428571428571429, 0.5384615384615384, 0.6153846153846154, 0.6153846153846154]
 mean: 0.6009157509157509, std: 0.046019194241591864
F1 (Intime): [0.3488372093023256, 0.4490161001788909, 0.6199095022624435, 0.4358974358974359, 0.5712143928035982, 0.4490161001788909, 0.6415362731152205, 0.4358974358974359, 0.5125, 0.6533333333333333, 0.36363636363636365, 0.5625, 0.5125, 0.5751633986928104, 0.38095238095238093]
 mean: 0.5007939950834086, std: 0.09725800601820267
--------------------------------------------------
Subject Number: 20
Accuracy Cross: [0.6268656716417911, 0.5970149253731343, 0.582089552238806, 0.582089552238806, 0.5373134328358209, 0.5970149253731343, 0.5223880597014925, 0.5671641791044776, 0.34328358208955223, 0.5970149253731343, 0.5797101449275363, 0.6521739130434783, 0.5362318840579711, 0.5652173913043478, 0.5652173913043478]
 mean: 0.5633859687071887, std: 0.06724869882030202
F1 Score: [0.5479082321187584, 0.4334481678672095, 0.5010638297872341, 0.3987179487179487, 0.45528455284552843, 0.45724572457245727, 0.47035573122529645, 0.3619047619047619, 0.2980952380952381, 0.45724572457245727, 0.39674404582454026, 0.5892857142857143, 0.5353535353535354, 0.3897405660377358, 0.4145927601809955]
 mean: 0.4471324355592941, std: 0.0733775263270512
Accuracy Intime: [0.5714285714285714, 0.5714285714285714, 0.5384615384615384, 0.5384615384615384, 0.5769230769230769, 0.5714285714285714, 0.6785714285714286, 0.5384615384615384, 0.46153846153846156, 0.6153846153846154, 0.5714285714285714, 0.6428571428571429, 0.6538461538461539, 0.6923076923076923, 0.6153846153846154]
 mean: 0.5891941391941392, std: 0.0591509879711257
F1 (Intime): [0.5692307692307692, 0.36363636363636365, 0.35, 0.35, 0.5762962962962963, 0.36363636363636365, 0.5902439024390245, 0.35, 0.3157894736842105, 0.4583333333333333, 0.5692307692307692, 0.6111111111111112, 0.6067226890756303, 0.6388888888888888, 0.38095238095238093]
 mean: 0.4729381561010095, std: 0.11835633114714236
--------------------------------------------------
Subject Number: 21
Accuracy Cross: [0.6, 0.5571428571428572, 0.5285714285714286, 0.5714285714285714, 0.5285714285714286, 0.5735294117647058, 0.4852941176470588, 0.5735294117647058, 0.39705882352941174, 0.5735294117647058, 0.5797101449275363, 0.5797101449275363, 0.5652173913043478, 0.463768115942029, 0.5362318840579711]
 mean: 0.5408862095562863, std: 0.05262690147074503
F1 Score: [0.5359848484848485, 0.46538556294653854, 0.49107732980832786, 0.3923611111111111, 0.5166352793471437, 0.4198293615769344, 0.4048512128032008, 0.3644859813084112, 0.33349270858235713, 0.47872059212265394, 0.39674404582454026, 0.5101591187270502, 0.5538793103448276, 0.3899641577060932, 0.3755656108597285]
 mean: 0.4419424154369178, std: 0.06691150664537199
Accuracy Intime: [0.5357142857142857, 0.5714285714285714, 0.6071428571428571, 0.5769230769230769, 0.7307692307692307, 0.5714285714285714, 0.5, 0.5714285714285714, 0.4642857142857143, 0.6538461538461539, 0.5714285714285714, 0.6428571428571429, 0.5714285714285714, 0.5769230769230769, 0.6538461538461539]
 mean: 0.5866300366300367, std: 0.06314193872906394
F1 (Intime): [0.5204216073781291, 0.36363636363636365, 0.4490161001788909, 0.4358974358974359, 0.6941176470588235, 0.36363636363636365, 0.4269005847953216, 0.36363636363636365, 0.36651583710407243, 0.5384615384615385, 0.5625, 0.6111111111111112, 0.36363636363636365, 0.5606758832565284, 0.48115299334811534]
 mean: 0.4734210795423614, std: 0.10116663398606918
--------------------------------------------------
Subject Number: 22
Accuracy Cross: [0.6029411764705882, 0.5588235294117647, 0.5294117647058824, 0.5588235294117647, 0.5735294117647058, 0.5714285714285714, 0.4714285714285714, 0.5714285714285714, 0.38571428571428573, 0.5857142857142857, 0.5945945945945946, 0.6081081081081081, 0.40540540540540543, 0.5405405405405406, 0.581081081081081]
 mean: 0.5425982284805815, std: 0.0662317534859205
F1 Score: [0.514670896114195, 0.3584905660377358, 0.4743961352657005, 0.3870192307692308, 0.47872059212265394, 0.36363636363636365, 0.4382997180654955, 0.36363636363636365, 0.34721318585990024, 0.4846407717694846, 0.3728813559322034, 0.5956284153005464, 0.3943452380952381, 0.47583333333333333, 0.4199747155499368]
 mean: 0.4312924587658921, std: 0.06896083772141962
Accuracy Intime: [0.6071428571428571, 0.7142857142857143, 0.5714285714285714, 0.6071428571428571, 0.7142857142857143, 0.5714285714285714, 0.6428571428571429, 0.5714285714285714, 0.6153846153846154, 0.6923076923076923, 0.6428571428571429, 0.6428571428571429, 0.6428571428571429, 0.5384615384615384, 0.5769230769230769]
 mean: 0.6234432234432234, std: 0.052187840447786876
F1 (Intime): [0.5809523809523809, 0.672514619883041, 0.36363636363636365, 0.4490161001788909, 0.7005347593582887, 0.36363636363636365, 0.5906432748538011, 0.36363636363636365, 0.606060606060606, 0.5666666666666667, 0.5238095238095237, 0.6428571428571429, 0.5238095238095237, 0.5357142857142857, 0.36585365853658536]
 mean: 0.5232894422393218, std: 0.11298952255286189
--------------------------------------------------
Subject Number: 23
Accuracy Cross: [0.5441176470588235, 0.5294117647058824, 0.4852941176470588, 0.5882352941176471, 0.5735294117647058, 0.5223880597014925, 0.44776119402985076, 0.5671641791044776, 0.5522388059701493, 0.582089552238806, 0.5652173913043478, 0.5652173913043478, 0.42028985507246375, 0.6086956521739131, 0.5797101449275363]
 mean: 0.5420906974081002, std: 0.051564088914245645
F1 Score: [0.4245154245154245, 0.37254901960784315, 0.4048512128032008, 0.4711111111111111, 0.5068767191797949, 0.3694117647058824, 0.3937393005624847, 0.3619047619047619, 0.5347222222222222, 0.3987179487179487, 0.4145927601809955, 0.5576923076923077, 0.4172297297297297, 0.5174825174825175, 0.4449375866851595]
 mean: 0.43935562580675896, std: 0.061319137766206976
Accuracy Intime: [0.6071428571428571, 0.6428571428571429, 0.6153846153846154, 0.5384615384615384, 0.6538461538461539, 0.5357142857142857, 0.6428571428571429, 0.5714285714285714, 0.7692307692307693, 0.5769230769230769, 0.5357142857142857, 0.6071428571428571, 0.5769230769230769, 0.6538461538461539, 0.6153846153846154]
 mean: 0.6095238095238095, std: 0.05845791206724332
F1 (Intime): [0.6025806451612903, 0.5238095238095237, 0.5112781954887218, 0.35, 0.5384615384615385, 0.3488372093023256, 0.5906432748538011, 0.36363636363636365, 0.7678571428571428, 0.5606758832565284, 0.408130081300813, 0.5809523809523809, 0.5438596491228069, 0.6267942583732058, 0.38095238095238093]
 mean: 0.5132312351685883, std: 0.11685512114280679
--------------------------------------------------
Subject Number: 24
Accuracy Cross: [0.5373134328358209, 0.5074626865671642, 0.5373134328358209, 0.5223880597014925, 0.6417910447761194, 0.5294117647058824, 0.5735294117647058, 0.5735294117647058, 0.5294117647058824, 0.6176470588235294, 0.5507246376811594, 0.5217391304347826, 0.5072463768115942, 0.5217391304347826, 0.5072463768115942]
 mean: 0.5452329147103357, std: 0.03895572245475587
F1 Score: [0.5267714741398952, 0.3619047619047619, 0.4920518464172169, 0.4451345755693582, 0.6104651162790697, 0.37254901960784315, 0.5450980392156863, 0.3644859813084112, 0.493953488372093, 0.5252416756176155, 0.4066574202496533, 0.4945615982241954, 0.4943965517241379, 0.5114782235571765, 0.38263157894736843]
 mean: 0.46849209007563214, std: 0.07310629515401505
Accuracy Intime: [0.5714285714285714, 0.6428571428571429, 0.5714285714285714, 0.5384615384615384, 0.5, 0.5714285714285714, 0.5714285714285714, 0.5384615384615384, 0.5384615384615384, 0.6923076923076923, 0.5357142857142857, 0.6071428571428571, 0.5384615384615384, 0.5, 0.6153846153846154]
 mean: 0.5688644688644688, std: 0.05076069361433566
F1 (Intime): [0.5692307692307692, 0.5238095238095237, 0.36363636363636365, 0.35, 0.4609250398724083, 0.4285714285714286, 0.475, 0.35, 0.4583333333333333, 0.5666666666666667, 0.3488372093023256, 0.5942028985507246, 0.35, 0.390990990990991, 0.38095238095238093]
 mean: 0.4407437736611277, std: 0.08563467080940781
--------------------------------------------------
Subject Number: 25
Accuracy Cross: [0.4927536231884058, 0.6231884057971014, 0.5652173913043478, 0.5797101449275363, 0.6376811594202898, 0.5882352941176471, 0.5441176470588235, 0.5735294117647058, 0.6764705882352942, 0.6176470588235294, 0.5694444444444444, 0.5972222222222222, 0.3194444444444444, 0.6666666666666666, 0.6527777777777778]
 mean: 0.5802737520128826, std: 0.08416167607072278
F1 Score: [0.39275836057329644, 0.49264705882352944, 0.4552631578947368, 0.39674404582454026, 0.5777233782129743, 0.4012578616352201, 0.4728682170542635, 0.3644859813084112, 0.59828141783029, 0.46875, 0.36283185840707965, 0.5420048256196535, 0.3129503407984421, 0.5555555555555556, 0.5085995085995085]
 mean: 0.46018143787583343, std: 0.08354224895256872
Accuracy Intime: [0.5357142857142857, 0.6071428571428571, 0.6428571428571429, 0.5384615384615384, 0.7692307692307693, 0.5714285714285714, 0.6071428571428571, 0.5714285714285714, 0.6428571428571429, 0.7307692307692307, 0.6428571428571429, 0.6071428571428571, 0.7142857142857143, 0.5769230769230769, 0.6153846153846154]
 mean: 0.6249084249084248, std: 0.06607027038704243
F1 (Intime): [0.3488372093023256, 0.4490161001788909, 0.5625, 0.35, 0.7291666666666667, 0.4285714285714286, 0.5354449472096531, 0.36363636363636365, 0.625668449197861, 0.641025641025641, 0.5625, 0.5942028985507246, 0.7005347593582887, 0.48468468468468473, 0.38095238095238093]
 mean: 0.5171161019556607, std: 0.12329219535002309
--------------------------------------------------
Subject Number: 26
Accuracy Cross: [0.5362318840579711, 0.5652173913043478, 0.5652173913043478, 0.6086956521739131, 0.6086956521739131, 0.6142857142857143, 0.5285714285714286, 0.5714285714285714, 0.4857142857142857, 0.5428571428571428, 0.5735294117647058, 0.5882352941176471, 0.5, 0.5735294117647058, 0.5441176470588235]
 mean: 0.5604217919051678, std: 0.0367444799384976
F1 Score: [0.4661508704061895, 0.3897405660377358, 0.4995164410058027, 0.4623376623376624, 0.5548387096774194, 0.46474086661002545, 0.5058823529411764, 0.36363636363636365, 0.4642857142857143, 0.35185185185185186, 0.39416282642089095, 0.4711111111111111, 0.4839285714285714, 0.47872059212265394, 0.37981759340982646]
 mean: 0.44871480621886645, std: 0.05689963877614565
Accuracy Intime: [0.6428571428571429, 0.5714285714285714, 0.6785714285714286, 0.5384615384615384, 0.6923076923076923, 0.5714285714285714, 0.6071428571428571, 0.5714285714285714, 0.6538461538461539, 0.6538461538461539, 0.6428571428571429, 0.6785714285714286, 0.5714285714285714, 0.5357142857142857, 0.6153846153846154]
 mean: 0.6150183150183152, std: 0.050615765812333
F1 (Intime): [0.5238095238095237, 0.36363636363636365, 0.6199095022624435, 0.35, 0.675, 0.4285714285714286, 0.49918699186991866, 0.36363636363636365, 0.6267942583732058, 0.48115299334811534, 0.5625, 0.6415362731152205, 0.36363636363636365, 0.5204216073781291, 0.38095238095238093]
 mean: 0.49338293670596384, std: 0.11053245764483224
--------------------------------------------------
Subject Number: 27
Accuracy Cross: [0.5294117647058824, 0.5588235294117647, 0.6029411764705882, 0.5735294117647058, 0.5882352941176471, 0.5797101449275363, 0.6376811594202898, 0.5652173913043478, 0.5507246376811594, 0.6086956521739131, 0.5735294117647058, 0.6911764705882353, 0.5735294117647058, 0.6617647058823529, 0.5735294117647058]
 mean: 0.5912333049161694, std: 0.04175187403626759
F1 Score: [0.48484848484848486, 0.3584905660377358, 0.4987714987714988, 0.39416282642089095, 0.45098039215686275, 0.39674404582454026, 0.6044485209814263, 0.3611111111111111, 0.5507246376811594, 0.4623376623376624, 0.39416282642089095, 0.6225218080888184, 0.557351290684624, 0.6489337822671155, 0.39416282642089095]
 mean: 0.4786501520035808, std: 0.09478434694376979
Accuracy Intime: [0.4642857142857143, 0.6428571428571429, 0.7142857142857143, 0.6153846153846154, 0.6538461538461539, 0.5357142857142857, 0.6428571428571429, 0.6428571428571429, 0.5, 0.6538461538461539, 0.6071428571428571, 0.5357142857142857, 0.5714285714285714, 0.5, 0.5384615384615384]
 mean: 0.5879120879120879, std: 0.070120453462603
F1 (Intime): [0.3170731707317073, 0.5238095238095237, 0.672514619883041, 0.5751633986928104, 0.48115299334811534, 0.408130081300813, 0.5625, 0.5238095238095237, 0.390990990990991, 0.48115299334811534, 0.49918699186991866, 0.4509803921568627, 0.36363636363636365, 0.4807987711213518, 0.35]
 mean: 0.4720599876466091, std: 0.09205223325573596
--------------------------------------------------
Subject Number: 28
Accuracy Cross: [0.5671641791044776, 0.47761194029850745, 0.582089552238806, 0.5223880597014925, 0.44776119402985076, 0.4852941176470588, 0.47058823529411764, 0.5735294117647058, 0.6764705882352942, 0.4411764705882353, 0.5833333333333334, 0.5277777777777778, 0.3333333333333333, 0.4166666666666667, 0.5833333333333334]
 mean: 0.512567879556466, std: 0.08289932541914807
F1 Score: [0.514856429463171, 0.32323232323232326, 0.5455426356589147, 0.3694117647058824, 0.40480192076830734, 0.3502593502593503, 0.42045454545454547, 0.3644859813084112, 0.6739319965126417, 0.4084249084249084, 0.3684210526315789, 0.4791489361702128, 0.25, 0.4, 0.39732142857142855]
 mean: 0.4180195515441118, std: 0.09845083786257006
Accuracy Intime: [0.4642857142857143, 0.5714285714285714, 0.7142857142857143, 0.5384615384615384, 0.6538461538461539, 0.5357142857142857, 0.5714285714285714, 0.5384615384615384, 0.46153846153846156, 0.5769230769230769, 0.6785714285714286, 0.5357142857142857, 0.5384615384615384, 0.6538461538461539, 0.6153846153846154]
 mean: 0.5765567765567765, std: 0.07137125529838377
F1 (Intime): [0.36651583710407243, 0.4285714285714286, 0.65, 0.35, 0.6267942583732058, 0.408130081300813, 0.5087719298245614, 0.35, 0.3680555555555556, 0.36585365853658536, 0.6679841897233202, 0.5204216073781291, 0.35, 0.6533333333333333, 0.38095238095238093]
 mean: 0.46635895071022565, std: 0.12172696945113093
--------------------------------------------------
Subject Number: 29
Accuracy Cross: [0.6119402985074627, 0.582089552238806, 0.47761194029850745, 0.5970149253731343, 0.6268656716417911, 0.6323529411764706, 0.5441176470588235, 0.5735294117647058, 0.3088235294117647, 0.6029411764705882, 0.5857142857142857, 0.6428571428571429, 0.5142857142857142, 0.6285714285714286, 0.5285714285714286]
 mean: 0.5638191395961368, std: 0.08226210116513763
F1 Score: [0.5224780701754386, 0.3987179487179487, 0.3849986886965644, 0.45724572457245727, 0.5479082321187584, 0.5190947666195191, 0.49605546258666033, 0.3644859813084112, 0.3050663187649489, 0.45984112974404234, 0.3992305415803492, 0.5906432748538011, 0.5138888888888888, 0.5691287878787878, 0.37142857142857144]
 mean: 0.46001415919567645, std: 0.08260662502125148
Accuracy Intime: [0.5714285714285714, 0.6785714285714286, 0.6071428571428571, 0.5384615384615384, 0.6153846153846154, 0.6785714285714286, 0.7142857142857143, 0.5384615384615384, 0.46153846153846156, 0.6538461538461539, 0.6785714285714286, 0.7142857142857143, 0.5384615384615384, 0.5384615384615384, 0.6153846153846154]
 mean: 0.6095238095238095, std: 0.07386562915468119
F1 (Intime): [0.475, 0.5902439024390245, 0.49918699186991866, 0.35, 0.5112781954887218, 0.5902439024390245, 0.7083333333333333, 0.35, 0.3157894736842105, 0.5384615384615385, 0.6199095022624435, 0.7005347593582887, 0.35, 0.4901960784313726, 0.38095238095238093]
 mean: 0.4980086705813504, std: 0.12440734659031379
--------------------------------------------------
**************************************************
accuracy_cross_list: [0.5519826578650108, 0.54587732528909, 0.5317597418714323, 0.5669267930137496, 0.5536719035440264, 0.5210757805177013, 0.532722364308042, 0.5575938781309626, 0.5425109745390694, 0.5541282307238987, 0.5256493321966468, 0.5521985129764645, 0.5349511242957057, 0.5300227337311737, 0.5355498721227622, 0.5472636815920399, 0.5912333049161694, 0.5584346202249015, 0.5448346502780217, 0.5633859687071887, 0.5408862095562863, 0.5425982284805815, 0.5420906974081002, 0.5452329147103357, 0.5802737520128826, 0.5604217919051678, 0.5912333049161694, 0.512567879556466, 0.5638191395961368]
f1_score_list: [0.42496501765557393, 0.44965142243379835, 0.45176168383481397, 0.43797026078337314, 0.4288011278344926, 0.4269942513459892, 0.4327399914382318, 0.450077127562924, 0.44800835590697524, 0.47278261096975055, 0.4448572160649145, 0.43781540122435925, 0.4634871692575334, 0.45161953740089295, 0.4503733097127865, 0.46294836716021043, 0.4786501520035808, 0.4587742580985576, 0.42659282409062366, 0.4471324355592941, 0.4419424154369178, 0.4312924587658921, 0.43935562580675896, 0.46849209007563214, 0.46018143787583343, 0.44871480621886645, 0.4786501520035808, 0.4180195515441118, 0.46001415919567645]
accuracy_intime_list: [0.5842689255189255, 0.5805860805860805, 0.5849816849816849, 0.5934065934065934, 0.6263736263736261, 0.593040293040293, 0.6250915750915751, 0.6043956043956044, 0.5886446886446887, 0.5853479853479853, 0.5924908424908424, 0.5908424908424907, 0.5844322344322345, 0.5895604395604396, 0.5888278388278387, 0.5846153846153845, 0.5879120879120879, 0.6115384615384615, 0.6009157509157509, 0.5891941391941392, 0.5866300366300367, 0.6234432234432234, 0.6095238095238095, 0.5688644688644688, 0.6249084249084248, 0.6150183150183152, 0.5879120879120879, 0.5765567765567765, 0.6095238095238095]
f1_score_intime_list: [0.42238791235255524, 0.46731435070597355, 0.4768375675325293, 0.4941685846985714, 0.4960556190232283, 0.49481083663397585, 0.5213374184248801, 0.47609528268942786, 0.49402831928103885, 0.476687912403933, 0.4876706467657375, 0.47068330599314934, 0.4687682019552166, 0.4503778206204586, 0.47174981973894525, 0.4884927751006918, 0.4720599876466091, 0.5026281652000625, 0.5007939950834086, 0.4729381561010095, 0.4734210795423614, 0.5232894422393218, 0.5132312351685883, 0.4407437736611277, 0.5171161019556607, 0.49338293670596384, 0.4720599876466091, 0.46635895071022565, 0.4980086705813504]
**************************************************
ACC: 54.90±1.84
F1: 44.80±1.59
Intime: 59.62±1.54
F1 (Intime): 48.29±2.27
