1e-06
Subject Number: 1
Accuracy Cross: [0.2620689655172414, 0.296551724137931, 0.27586206896551724, 0.25517241379310346, 0.22758620689655173, 0.29714285714285715, 0.2857142857142857, 0.24, 0.32, 0.24, 0.3390804597701149, 0.27011494252873564, 0.27586206896551724, 0.3103448275862069, 0.25287356321839083]
 mean: 0.2765582922824302, std: 0.030753925293110277
F1 Score: [0.17047764227642276, 0.18891110498253355, 0.1915431560592851, 0.15955851943755167, 0.1750961447380885, 0.17784715284715286, 0.23207225017972682, 0.2375182701616444, 0.24882977301898246, 0.17777409981978004, 0.25041651520659153, 0.20749481908310408, 0.1885214419112724, 0.1929232804232804, 0.16265423173317908]
 mean: 0.19744256012523972, std: 0.029668767081746195
Accuracy Intime: [0.34285714285714286, 0.34285714285714286, 0.2857142857142857, 0.2857142857142857, 0.2647058823529412, 0.3620689655172414, 0.3793103448275862, 0.27586206896551724, 0.27586206896551724, 0.2413793103448276, 0.2413793103448276, 0.29310344827586204, 0.39655172413793105, 0.3103448275862069, 0.1724137931034483]
 mean: 0.2980083067709842, std: 0.05727337688088305
F1 (Intime): [0.23589152393500218, 0.22291021671826625, 0.14588235294117646, 0.1330049261083744, 0.10465116279069768, 0.20129870129870128, 0.30149572649572653, 0.25081400081400085, 0.243167701863354, 0.21401515151515152, 0.14190981432360744, 0.2232142857142857, 0.25290215588723053, 0.15653153153153154, 0.10308441558441558]
 mean: 0.19538491116810144, std: 0.05827590130506284
--------------------------------------------------
Subject Number: 2
Accuracy Cross: [0.2777777777777778, 0.2777777777777778, 0.2847222222222222, 0.2361111111111111, 0.3055555555555556, 0.2827586206896552, 0.2827586206896552, 0.3310344827586207, 0.2896551724137931, 0.27586206896551724, 0.24855491329479767, 0.2254335260115607, 0.2832369942196532, 0.2832369942196532, 0.3179190751445087]
 mean: 0.28015966085679067, std: 0.026790923660059546
F1 Score: [0.18256686340967357, 0.21919219227941916, 0.18857547010316908, 0.18801393728222998, 0.3016884100883274, 0.1404388344933349, 0.1625018216715348, 0.22894519899069948, 0.19753917021621717, 0.15949630151461783, 0.18292297979797978, 0.18507108183079057, 0.17913265827539823, 0.1381207827260459, 0.29918038023936433]
 mean: 0.19689240552792017, std: 0.04704318571231219
Accuracy Intime: [0.3103448275862069, 0.3103448275862069, 0.3103448275862069, 0.29310344827586204, 0.43103448275862066, 0.3620689655172414, 0.41379310344827586, 0.41379310344827586, 0.29310344827586204, 0.2857142857142857, 0.3448275862068966, 0.29310344827586204, 0.3103448275862069, 0.25862068965517243, 0.3392857142857143]
 mean: 0.3313218390804598, std: 0.05049384568690405
F1 (Intime): [0.11842105263157894, 0.11842105263157894, 0.12, 0.11333333333333333, 0.28362282878411915, 0.1700404858299595, 0.2442956349206349, 0.28592162554426703, 0.24503968253968253, 0.2, 0.2544642857142857, 0.215, 0.24991789819376026, 0.1607142857142857, 0.22505720823798628]
 mean: 0.20028329160503147, std: 0.060187537254976865
--------------------------------------------------
Subject Number: 3
Accuracy Cross: [0.24305555555555555, 0.24305555555555555, 0.2361111111111111, 0.2986111111111111, 0.2638888888888889, 0.2585034013605442, 0.24489795918367346, 0.2653061224489796, 0.2789115646258503, 0.21768707482993196, 0.288135593220339, 0.2711864406779661, 0.24293785310734464, 0.2598870056497175, 0.23163841807909605]
 mean: 0.256254243693711, std: 0.021384016956445363
F1 Score: [0.15831171204282518, 0.16768144323779005, 0.12995885982956215, 0.25579455651517735, 0.20027868618531153, 0.13178733031674209, 0.21646341463414634, 0.18277126099706742, 0.24212707537398404, 0.12933096848704834, 0.1754272043745728, 0.22333572796934864, 0.17784440276955246, 0.1642770405065487, 0.22109167991520934]
 mean: 0.18509875754365904, std: 0.03900465837205738
Accuracy Intime: [0.35, 0.35, 0.3103448275862069, 0.3448275862068966, 0.43103448275862066, 0.3448275862068966, 0.3793103448275862, 0.41379310344827586, 0.3103448275862069, 0.25, 0.27586206896551724, 0.3448275862068966, 0.3448275862068966, 0.3620689655172414, 0.3392857142857143]
 mean: 0.34342364532019704, std: 0.04461351563934724
F1 (Intime): [0.17820512820512818, 0.18213783403656822, 0.16486486486486487, 0.2129032258064516, 0.3735175521821632, 0.12987012987012986, 0.2651601830663616, 0.39215686274509803, 0.2870317399779642, 0.21824152858635618, 0.18936678614097968, 0.27662918476871967, 0.28044871794871795, 0.24045002616431188, 0.34185046597388813]
 mean: 0.24885561535584688, std: 0.07514907668716725
--------------------------------------------------
Subject Number: 4
Accuracy Cross: [0.27586206896551724, 0.2620689655172414, 0.2689655172413793, 0.2689655172413793, 0.20689655172413793, 0.2482758620689655, 0.21379310344827587, 0.3103448275862069, 0.2482758620689655, 0.2482758620689655, 0.28735632183908044, 0.28735632183908044, 0.2471264367816092, 0.22413793103448276, 0.28735632183908044]
 mean: 0.25900383141762456, std: 0.028285101647956702
F1 Score: [0.18378358591404934, 0.16148678907299596, 0.1634793052475979, 0.19077681997109971, 0.16100655138088293, 0.14401515949047267, 0.20379901015089014, 0.23338119345415353, 0.23546691554589755, 0.17907247532746953, 0.19756090296109582, 0.23136159686311664, 0.20457913115394338, 0.13606814381270904, 0.24255013736667785]
 mean: 0.1912258478475368, std: 0.03306351127805265
Accuracy Intime: [0.3620689655172414, 0.3103448275862069, 0.29310344827586204, 0.3103448275862069, 0.3620689655172414, 0.3275862068965517, 0.3620689655172414, 0.3620689655172414, 0.20689655172413793, 0.25862068965517243, 0.2413793103448276, 0.25862068965517243, 0.25862068965517243, 0.27586206896551724, 0.25862068965517243]
 mean: 0.29655172413793107, std: 0.04884719393304776
F1 (Intime): [0.15367965367965367, 0.12, 0.11486486486486487, 0.11842105263157894, 0.261525974025974, 0.125, 0.34232590885816694, 0.2802197802197802, 0.17632978723404252, 0.19984051036682615, 0.15942028985507245, 0.22270590748851618, 0.22111523940792233, 0.21166333666333667, 0.17341430499325236]
 mean: 0.1920351073525991, std: 0.06408883524965585
--------------------------------------------------
Subject Number: 5
Accuracy Cross: [0.30344827586206896, 0.2827586206896552, 0.2827586206896552, 0.2413793103448276, 0.31724137931034485, 0.24324324324324326, 0.27702702702702703, 0.2635135135135135, 0.22972972972972974, 0.22972972972972974, 0.24489795918367346, 0.22448979591836735, 0.21768707482993196, 0.2653061224489796, 0.2789115646258503]
 mean: 0.2601414644764399, std: 0.029014400608067915
F1 Score: [0.2632830809274708, 0.20213095077255042, 0.21276373776373775, 0.1624800222361198, 0.19723762659793276, 0.11669435215946844, 0.2612332208033113, 0.23082118262348045, 0.21995743031024573, 0.17472612307918534, 0.1535197988686361, 0.1762203985221973, 0.12076648841354723, 0.15381138674016775, 0.24442812471177322]
 mean: 0.19267159496865496, std: 0.04514378846165778
Accuracy Intime: [0.3333333333333333, 0.3, 0.22413793103448276, 0.3103448275862069, 0.27586206896551724, 0.29310344827586204, 0.2413793103448276, 0.22413793103448276, 0.22413793103448276, 0.22413793103448276, 0.25862068965517243, 0.3620689655172414, 0.3620689655172414, 0.27586206896551724, 0.3103448275862069]
 mean: 0.2813026819923372, std: 0.04702346785975805
F1 (Intime): [0.23373517030233448, 0.16366366366366367, 0.11363636363636365, 0.16764705882352943, 0.10810810810810811, 0.16132723112128144, 0.2329116547866548, 0.1347211311861744, 0.19108108108108107, 0.1857257326007326, 0.2002304147465438, 0.2795130972285555, 0.3020152505446623, 0.18181818181818182, 0.23805256869773]
 mean: 0.19294578055637313, std: 0.05434024741234368
--------------------------------------------------
Subject Number: 6
Accuracy Cross: [0.2847222222222222, 0.2916666666666667, 0.2708333333333333, 0.25, 0.25, 0.272108843537415, 0.2925170068027211, 0.2789115646258503, 0.2653061224489796, 0.2585034013605442, 0.2789115646258503, 0.32653061224489793, 0.2653061224489796, 0.25170068027210885, 0.2789115646258503]
 mean: 0.274395313681028, std: 0.01941412497106576
F1 Score: [0.22032726759768653, 0.21446883838281078, 0.15495434840854913, 0.19825509635292243, 0.20362413626512582, 0.13654127992183684, 0.24331994572173782, 0.2007453044154157, 0.26549222382555715, 0.21931056657415554, 0.1905980603448276, 0.25007906388361795, 0.18333333333333335, 0.18176679586563307, 0.25969990705849333]
 mean: 0.2081677445301135, std: 0.03559408314735603
Accuracy Intime: [0.26666666666666666, 0.26666666666666666, 0.3103448275862069, 0.3448275862068966, 0.39655172413793105, 0.3103448275862069, 0.22413793103448276, 0.4482758620689655, 0.29310344827586204, 0.25, 0.3103448275862069, 0.3103448275862069, 0.29310344827586204, 0.27586206896551724, 0.25]
 mean: 0.3033716475095785, std: 0.056113017630851296
F1 (Intime): [0.1398128898128898, 0.10666666666666667, 0.17027863777089783, 0.22773631840796021, 0.3122905463330995, 0.20528589058000823, 0.17672950105760854, 0.42051282051282046, 0.2709235209235209, 0.1818681318681319, 0.20460491889063318, 0.2592436974789916, 0.2485507246376812, 0.17767295597484278, 0.14285714285714285]
 mean: 0.2163356242515264, std: 0.07606966441270581
--------------------------------------------------
Subject Number: 7
Accuracy Cross: [0.272108843537415, 0.2653061224489796, 0.2857142857142857, 0.2585034013605442, 0.22448979591836735, 0.2945205479452055, 0.2808219178082192, 0.3219178082191781, 0.2602739726027397, 0.2602739726027397, 0.23809523809523808, 0.2653061224489796, 0.272108843537415, 0.3333333333333333, 0.272108843537415]
 mean: 0.2736588699406704, std: 0.027004853979560806
F1 Score: [0.16292729898892633, 0.18006971035837016, 0.20341306372951942, 0.1889269406392694, 0.16788559195459524, 0.16502301117685733, 0.25654330572808837, 0.30685640524350205, 0.2318346732632447, 0.22098443428182757, 0.17520179713676515, 0.21515875631729292, 0.1645117872583408, 0.24351822957299635, 0.2227200996677741]
 mean: 0.20703834035449134, std: 0.04000077964596974
Accuracy Intime: [0.2833333333333333, 0.29310344827586204, 0.2413793103448276, 0.25862068965517243, 0.3620689655172414, 0.2833333333333333, 0.3333333333333333, 0.27586206896551724, 0.3448275862068966, 0.3620689655172414, 0.25, 0.29310344827586204, 0.25862068965517243, 0.27586206896551724, 0.39655172413793105]
 mean: 0.3008045977011495, std: 0.04569106482319023
F1 (Intime): [0.1358858858858859, 0.1423611111111111, 0.1044776119402985, 0.10273972602739725, 0.32217064544650753, 0.1541501976284585, 0.3222041116777959, 0.2565567960304802, 0.29254079254079257, 0.29128527841342483, 0.16140602582496413, 0.2358339584896224, 0.17336065573770493, 0.17894736842105263, 0.3105347593582888]
 mean: 0.21229699496891902, std: 0.07829442857940949
--------------------------------------------------
Subject Number: 8
Accuracy Cross: [0.28, 0.32, 0.26, 0.26666666666666666, 0.24, 0.30405405405405406, 0.2972972972972973, 0.28378378378378377, 0.24324324324324326, 0.20945945945945946, 0.3197278911564626, 0.32653061224489793, 0.2653061224489796, 0.22448979591836735, 0.32653061224489793]
 mean: 0.2778059692345407, std: 0.03663377599241412
F1 Score: [0.1707933740191805, 0.20833333333333334, 0.17072031344183242, 0.16091734352603917, 0.1779100529100529, 0.19179813475115487, 0.28654746940836473, 0.23423062511020984, 0.22399749373433586, 0.18936440555603687, 0.21032695374800636, 0.2617105202256648, 0.18516414141414142, 0.1415932901227019, 0.2875820883765034]
 mean: 0.20673263597850391, std: 0.043012118253483375
Accuracy Intime: [0.26666666666666666, 0.36666666666666664, 0.3620689655172414, 0.3620689655172414, 0.3103448275862069, 0.31666666666666665, 0.2833333333333333, 0.3275862068965517, 0.3103448275862069, 0.22413793103448276, 0.31666666666666665, 0.38333333333333336, 0.31666666666666665, 0.2413793103448276, 0.39655172413793105]
 mean: 0.3189655172413792, std: 0.048586394070958036
F1 (Intime): [0.19076923076923077, 0.24269005847953215, 0.2743049458589406, 0.2686002522068096, 0.2532356532356532, 0.18412384716732544, 0.24107142857142855, 0.31313131313131315, 0.20941558441558442, 0.19252364066193853, 0.2051470588235294, 0.32130248978075066, 0.2388363754889179, 0.12410714285714286, 0.3521872863978127]
 mean: 0.24076308718972736, std: 0.057790637802787884
--------------------------------------------------
Subject Number: 9
Accuracy Cross: [0.22377622377622378, 0.27972027972027974, 0.24475524475524477, 0.24475524475524477, 0.3006993006993007, 0.2808219178082192, 0.17123287671232876, 0.23972602739726026, 0.2328767123287671, 0.2876712328767123, 0.272108843537415, 0.23809523809523808, 0.25170068027210885, 0.2789115646258503, 0.272108843537415]
 mean: 0.25459734872650724, std: 0.031421448104901176
F1 Score: [0.12972655415509507, 0.20808224034030487, 0.1667099792099792, 0.1617760617760618, 0.2373023995549644, 0.16166405433646813, 0.16701368395741797, 0.22091073166774822, 0.23185041045493232, 0.2761175035643154, 0.2210968027152677, 0.1798476018495718, 0.1483695652173913, 0.14860308285163776, 0.23769171356063112]
 mean: 0.19311749234745246, std: 0.041341212642555004
Accuracy Intime: [0.26666666666666666, 0.2413793103448276, 0.3620689655172414, 0.3448275862068966, 0.3620689655172414, 0.29310344827586204, 0.39655172413793105, 0.3275862068965517, 0.32142857142857145, 0.26785714285714285, 0.3103448275862069, 0.3103448275862069, 0.27586206896551724, 0.23214285714285715, 0.32142857142857145]
 mean: 0.30891078270388606, std: 0.045132900664984724
F1 (Intime): [0.10526315789473684, 0.09859154929577464, 0.24978354978354977, 0.2781400966183575, 0.26531827711072997, 0.17290969899665554, 0.376939276939277, 0.34449283778552076, 0.2658668730650155, 0.1778846153846154, 0.20526315789473684, 0.25006410256410255, 0.20504151705285148, 0.09558823529411764, 0.24209026840605788]
 mean: 0.22221581427240664, std: 0.08069961083122855
--------------------------------------------------
Subject Number: 10
Accuracy Cross: [0.23448275862068965, 0.23448275862068965, 0.296551724137931, 0.2620689655172414, 0.3103448275862069, 0.2534246575342466, 0.273972602739726, 0.21232876712328766, 0.2534246575342466, 0.3013698630136986, 0.24025974025974026, 0.22727272727272727, 0.2662337662337662, 0.2727272727272727, 0.2727272727272727]
 mean: 0.2607781574432495, std: 0.02739511150202139
F1 Score: [0.15845959595959597, 0.1756548646810932, 0.2086897628760836, 0.17425775978407557, 0.23366013071895425, 0.1129110251450677, 0.2554689898322936, 0.19580424107909047, 0.17880952380952383, 0.20548272040058832, 0.17100542344597414, 0.1885638438607941, 0.15008498667206532, 0.18456276671514674, 0.24187121826461233]
 mean: 0.1890191235496639, std: 0.03558394903288715
Accuracy Intime: [0.2833333333333333, 0.3448275862068966, 0.3275862068965517, 0.3103448275862069, 0.3103448275862069, 0.3103448275862069, 0.22413793103448276, 0.2413793103448276, 0.29310344827586204, 0.29310344827586204, 0.3275862068965517, 0.25862068965517243, 0.3448275862068966, 0.25862068965517243, 0.29310344827586204]
 mean: 0.29475095785440614, std: 0.03510477724494382
F1 (Intime): [0.14052287581699346, 0.21212121212121213, 0.20062388591800356, 0.24287135278514588, 0.11842105263157894, 0.12, 0.15066026410564226, 0.16356275303643725, 0.24037356321839082, 0.20960061443932412, 0.212241653418124, 0.20216987504221545, 0.28516949152542376, 0.1715686274509804, 0.17444029850746268]
 mean: 0.18962316800112897, std: 0.04569249985396576
--------------------------------------------------
Subject Number: 11
Accuracy Cross: [0.19310344827586207, 0.27586206896551724, 0.25517241379310346, 0.25517241379310346, 0.21379310344827587, 0.2671232876712329, 0.2945205479452055, 0.2191780821917808, 0.2465753424657534, 0.2945205479452055, 0.2802547770700637, 0.28662420382165604, 0.24203821656050956, 0.27388535031847133, 0.27388535031847133]
 mean: 0.2581139436389475, std: 0.029397446700615372
F1 Score: [0.14155465709618212, 0.1974948121450415, 0.15666783543712015, 0.22199620971548917, 0.14928818776452482, 0.13465116279069766, 0.2774775270030202, 0.2077089380745041, 0.22414174762193886, 0.19781993465215017, 0.19388599531172945, 0.23916982097063302, 0.13135792778649924, 0.17034482758620692, 0.212419877602526]
 mean: 0.1903986307705509, std: 0.04099581446596366
Accuracy Intime: [0.3, 0.3620689655172414, 0.29310344827586204, 0.3103448275862069, 0.3275862068965517, 0.29310344827586204, 0.41379310344827586, 0.22413793103448276, 0.3275862068965517, 0.3103448275862069, 0.3103448275862069, 0.3448275862068966, 0.3448275862068966, 0.3448275862068966, 0.25862068965517243]
 mean: 0.31770114942528743, std: 0.04284504922196503
F1 (Intime): [0.11538461538461539, 0.23555908850026497, 0.1423611111111111, 0.25245775729646697, 0.12337662337662338, 0.1468253968253968, 0.3350892857142857, 0.11896400351185249, 0.22282608695652173, 0.25265957446808507, 0.20454545454545453, 0.2743271221532091, 0.25301648705904023, 0.2348901098901099, 0.19087301587301586]
 mean: 0.20687704884440355, std: 0.06337933615931478
--------------------------------------------------
Subject Number: 12
Accuracy Cross: [0.21678321678321677, 0.27972027972027974, 0.2517482517482518, 0.2937062937062937, 0.23776223776223776, 0.2827586206896552, 0.2206896551724138, 0.2482758620689655, 0.2206896551724138, 0.30344827586206896, 0.2602739726027397, 0.2808219178082192, 0.3424657534246575, 0.2671232876712329, 0.3287671232876712]
 mean: 0.2690022935653545, std: 0.03686673270136517
F1 Score: [0.13113429364052423, 0.18616268788682583, 0.16572243545927756, 0.18634399308556612, 0.1729411011289408, 0.1811931348221671, 0.19398369058359743, 0.22332023693185218, 0.19922697368421052, 0.261479406010656, 0.16741021990191424, 0.22221586575133484, 0.27582304003076674, 0.16462700022537752, 0.2969294878720505]
 mean: 0.20190090446767073, std: 0.04445129637845885
Accuracy Intime: [0.25862068965517243, 0.3620689655172414, 0.27586206896551724, 0.29310344827586204, 0.3103448275862069, 0.3103448275862069, 0.27586206896551724, 0.3620689655172414, 0.26785714285714285, 0.26785714285714285, 0.29310344827586204, 0.29310344827586204, 0.25862068965517243, 0.39285714285714285, 0.32142857142857145]
 mean: 0.3028735632183908, std: 0.03972883414011287
F1 (Intime): [0.1056338028169014, 0.23842105263157892, 0.15294117647058825, 0.17748917748917747, 0.1753846153846154, 0.21068376068376068, 0.18121693121693122, 0.3400884744141559, 0.1736111111111111, 0.2206959706959707, 0.19263381028086912, 0.23603479853479853, 0.1875, 0.3160225442834138, 0.2483346394984326]
 mean: 0.21044612436748703, std: 0.05807720738011645
--------------------------------------------------
Subject Number: 13
Accuracy Cross: [0.2689655172413793, 0.2689655172413793, 0.25517241379310346, 0.2482758620689655, 0.296551724137931, 0.2483221476510067, 0.30201342281879195, 0.31543624161073824, 0.26174496644295303, 0.2214765100671141, 0.2635135135135135, 0.22972972972972974, 0.2635135135135135, 0.25675675675675674, 0.2972972972972973]
 mean: 0.2665156755922783, std: 0.025593107065052058
F1 Score: [0.17235355337496283, 0.1759090909090909, 0.10946745562130178, 0.1650122939622985, 0.2753342394851829, 0.13096817381149573, 0.28113839661973095, 0.2906074818200778, 0.2407924727660301, 0.17824905331408178, 0.19563305801772762, 0.1486024889765607, 0.1989979152532823, 0.16845238095238096, 0.2799760173181737]
 mean: 0.20076627148015858, std: 0.05667468038807625
Accuracy Intime: [0.26666666666666666, 0.2833333333333333, 0.2833333333333333, 0.27586206896551724, 0.3620689655172414, 0.3275862068965517, 0.27586206896551724, 0.29310344827586204, 0.22413793103448276, 0.3793103448275862, 0.3103448275862069, 0.3103448275862069, 0.2413793103448276, 0.3103448275862069, 0.22413793103448276]
 mean: 0.29118773946360155, std: 0.04311681359411285
F1 (Intime): [0.10526315789473684, 0.13590483056957461, 0.1373668188736682, 0.10810810810810811, 0.2503795066413662, 0.23150966680378443, 0.24840845429080727, 0.2611101785014829, 0.2130012771392082, 0.3479242979242979, 0.21112929623567922, 0.2543951612903226, 0.1869845160286337, 0.20598072004721624, 0.1364942528735632]
 mean: 0.20226401621483, std: 0.0654999605429404
--------------------------------------------------
Subject Number: 14
Accuracy Cross: [0.2602739726027397, 0.2808219178082192, 0.273972602739726, 0.273972602739726, 0.21232876712328766, 0.1917808219178082, 0.2054794520547945, 0.2945205479452055, 0.2602739726027397, 0.2465753424657534, 0.2972972972972973, 0.25, 0.24324324324324326, 0.30405405405405406, 0.30405405405405406]
 mean: 0.2599099099099099, std: 0.03439789435914055
F1 Score: [0.18795563549160674, 0.20552517767065576, 0.17083333333333334, 0.19244734931009438, 0.15351311851206742, 0.09894514767932489, 0.20470800749723034, 0.2576228489170974, 0.2423843598262203, 0.17579908675799089, 0.23501578856589406, 0.20142450142450144, 0.15935323742740787, 0.267020697167756, 0.27883617691441986]
 mean: 0.20209229776637336, std: 0.046692373233165996
Accuracy Intime: [0.3, 0.25862068965517243, 0.29310344827586204, 0.3620689655172414, 0.29310344827586204, 0.26666666666666666, 0.3620689655172414, 0.22413793103448276, 0.20689655172413793, 0.27586206896551724, 0.26666666666666666, 0.27586206896551724, 0.3275862068965517, 0.25862068965517243, 0.25862068965517243]
 mean: 0.281992337164751, std: 0.04214629048536097
F1 (Intime): [0.17588843904633378, 0.10416666666666667, 0.16751918158567775, 0.2406798245614035, 0.11333333333333333, 0.10666666666666667, 0.3201854536441003, 0.15587044534412955, 0.16210180623973727, 0.22171945701357465, 0.17261904761904762, 0.22545546558704455, 0.28824424799484805, 0.1527424795527009, 0.15403508771929825]
 mean: 0.18408184017163753, std: 0.06149656447236123
--------------------------------------------------
Subject Number: 15
Accuracy Cross: [0.2671232876712329, 0.2876712328767123, 0.2671232876712329, 0.2808219178082192, 0.2945205479452055, 0.22916666666666666, 0.2152777777777778, 0.2222222222222222, 0.2847222222222222, 0.2361111111111111, 0.2413793103448276, 0.19310344827586207, 0.2413793103448276, 0.2413793103448276, 0.296551724137931]
 mean: 0.25323689182805853, std: 0.030786872088965377
F1 Score: [0.20502331908278276, 0.1978757847356576, 0.1741384523363503, 0.16684434968017056, 0.2778625629508643, 0.11317016317016317, 0.21252640274379403, 0.17942070710931063, 0.2517579509375878, 0.1970700056805732, 0.16321148468935415, 0.15164208361451204, 0.1977971413841785, 0.12179679394531835, 0.28314787278491904]
 mean: 0.1928856716563691, std: 0.04805177152382783
Accuracy Intime: [0.29310344827586204, 0.29310344827586204, 0.2413793103448276, 0.27586206896551724, 0.39285714285714285, 0.3103448275862069, 0.29310344827586204, 0.20689655172413793, 0.3448275862068966, 0.3448275862068966, 0.29310344827586204, 0.1896551724137931, 0.3103448275862069, 0.3103448275862069, 0.35714285714285715]
 mean: 0.2971264367816092, std: 0.05238159580808397
F1 (Intime): [0.1893939393939394, 0.1867816091954023, 0.09859154929577464, 0.10810810810810811, 0.366329526390502, 0.17149958574979288, 0.23633540372670805, 0.08571428571428572, 0.3371031746031746, 0.29274488951908306, 0.18055555555555555, 0.11960227272727272, 0.2851357934478139, 0.19761904761904764, 0.34564861303991745]
 mean: 0.2134108902724252, std: 0.09014231937071868
--------------------------------------------------
Subject Number: 16
Accuracy Cross: [0.2867132867132867, 0.32167832167832167, 0.23076923076923078, 0.2727272727272727, 0.3356643356643357, 0.2727272727272727, 0.2727272727272727, 0.2867132867132867, 0.26573426573426573, 0.21678321678321677, 0.2708333333333333, 0.2569444444444444, 0.25, 0.2777777777777778, 0.2638888888888889]
 mean: 0.27211214711214715, std: 0.02893069376305093
F1 Score: [0.1659868541781359, 0.21002506265664161, 0.11254930966469427, 0.16501472383825325, 0.2616752529513484, 0.1804864713491312, 0.2379574047447879, 0.25356937775056854, 0.25494490129092723, 0.2077370383401657, 0.18734526756808229, 0.18689839572192513, 0.13611071479526324, 0.1975461409395973, 0.2553376880722448]
 mean: 0.20087897359078447, std: 0.04410077657013899
Accuracy Intime: [0.27586206896551724, 0.3275862068965517, 0.3103448275862069, 0.2857142857142857, 0.3392857142857143, 0.27586206896551724, 0.3275862068965517, 0.3275862068965517, 0.2857142857142857, 0.32142857142857145, 0.1896551724137931, 0.3793103448275862, 0.3275862068965517, 0.2857142857142857, 0.3392857142857143]
 mean: 0.306568144499179, std: 0.041867614640572114
F1 (Intime): [0.1111111111111111, 0.21966083730789615, 0.1971571906354515, 0.16544117647058823, 0.2062841530054645, 0.11267605633802817, 0.3007246376811594, 0.31097411360569255, 0.19047619047619047, 0.27708333333333335, 0.12202380952380952, 0.2990079365079365, 0.29905413786992735, 0.20096153846153847, 0.27510683760683763]
 mean: 0.219182870662331, std: 0.06902424314153606
--------------------------------------------------
Subject Number: 17
Accuracy Cross: [0.2986111111111111, 0.2777777777777778, 0.2638888888888889, 0.2777777777777778, 0.2916666666666667, 0.2585034013605442, 0.23129251700680273, 0.272108843537415, 0.2789115646258503, 0.25170068027210885, 0.3219178082191781, 0.2876712328767123, 0.273972602739726, 0.19863013698630136, 0.3082191780821918]
 mean: 0.27284334586193687, std: 0.02938497271633086
F1 Score: [0.22026515151515152, 0.18784827377347063, 0.13343373493975905, 0.174346201743462, 0.20554911619820343, 0.1647757537019282, 0.21906653339935106, 0.2342343702808819, 0.2365949348558044, 0.22462201710285265, 0.2643502217005738, 0.2501933597434446, 0.21787134665186828, 0.12381380481470383, 0.26718871762474117]
 mean: 0.20827690253641312, std: 0.04216695913164106
Accuracy Intime: [0.2833333333333333, 0.27586206896551724, 0.27586206896551724, 0.3793103448275862, 0.29310344827586204, 0.25862068965517243, 0.27586206896551724, 0.29310344827586204, 0.3103448275862069, 0.2857142857142857, 0.27586206896551724, 0.3448275862068966, 0.3275862068965517, 0.3103448275862069, 0.30357142857142855]
 mean: 0.29955391351943084, std: 0.030445835684655503
F1 (Intime): [0.13751987281399047, 0.1095890410958904, 0.158638817845979, 0.3019413576917083, 0.13900080580177276, 0.10416666666666667, 0.2123917748917749, 0.24926289926289927, 0.22156862745098038, 0.21637989203778676, 0.19172113289760348, 0.2536394176931691, 0.26275195392842454, 0.2, 0.21458125623130608]
 mean: 0.19821023442066352, std: 0.05624210732576726
--------------------------------------------------
Subject Number: 18
Accuracy Cross: [0.2585034013605442, 0.2585034013605442, 0.25170068027210885, 0.24489795918367346, 0.24489795918367346, 0.2653061224489796, 0.23809523809523808, 0.25170068027210885, 0.3469387755102041, 0.2585034013605442, 0.24666666666666667, 0.24666666666666667, 0.2733333333333333, 0.28, 0.28]
 mean: 0.26304761904761903, std: 0.02563975810363544
F1 Score: [0.16206438715837213, 0.169336569579288, 0.16406023222060956, 0.15753711936918044, 0.179794266191325, 0.13865546218487396, 0.20343513876500682, 0.22251009446928338, 0.33840242706762114, 0.1869435493495644, 0.17824297124614813, 0.20624022104597356, 0.20010047094146552, 0.20161320897785867, 0.2450427695830808]
 mean: 0.1969319258766434, std: 0.04611024989726075
Accuracy Intime: [0.26666666666666666, 0.26666666666666666, 0.29310344827586204, 0.2413793103448276, 0.29310344827586204, 0.25, 0.3, 0.22413793103448276, 0.3103448275862069, 0.2413793103448276, 0.21666666666666667, 0.25, 0.27586206896551724, 0.29310344827586204, 0.3448275862068966]
 mean: 0.27114942528735636, std: 0.033814208750706926
F1 (Intime): [0.1111111111111111, 0.10526315789473684, 0.1644573322286661, 0.09722222222222222, 0.11333333333333333, 0.12353801169590643, 0.29137968613775067, 0.19853797763280523, 0.20941558441558442, 0.20587027914614123, 0.12851731601731603, 0.16517857142857142, 0.23836485152274625, 0.18893421723610404, 0.27865612648221344]
 mean: 0.17465198523368058, std: 0.06055382134975451
--------------------------------------------------
Subject Number: 19
Accuracy Cross: [0.21678321678321677, 0.23776223776223776, 0.24475524475524477, 0.27972027972027974, 0.24475524475524477, 0.2602739726027397, 0.273972602739726, 0.2671232876712329, 0.22602739726027396, 0.2534246575342466, 0.18493150684931506, 0.2808219178082192, 0.3356164383561644, 0.3767123287671233, 0.273972602739726]
 mean: 0.2637768624069994, std: 0.04475789196919711
F1 Score: [0.09627329192546584, 0.16519971044115142, 0.1325320070000921, 0.1800976800976801, 0.18121977756286267, 0.13655462184873948, 0.2515232974910394, 0.21399219815179518, 0.21903073179726817, 0.20281993893748781, 0.1311635164576341, 0.23296868296868298, 0.28788147805053776, 0.3106868410696162, 0.24996649141142963]
 mean: 0.1994606843474322, std: 0.05933481369343041
Accuracy Intime: [0.2833333333333333, 0.3275862068965517, 0.29310344827586204, 0.3448275862068966, 0.3620689655172414, 0.2413793103448276, 0.3275862068965517, 0.3275862068965517, 0.32142857142857145, 0.32142857142857145, 0.25862068965517243, 0.22413793103448276, 0.20689655172413793, 0.30357142857142855, 0.2857142857142857]
 mean: 0.29528461959496444, std: 0.04385128327032415
F1 (Intime): [0.15563380281690142, 0.2073466909532483, 0.19814118629908103, 0.25389610389610384, 0.25984848484848483, 0.09859154929577464, 0.19348659003831417, 0.29781687846203975, 0.24046750663129973, 0.3017331932773109, 0.18317853457172342, 0.16939688218757987, 0.08571428571428572, 0.2326315789473684, 0.1914194915254237]
 mean: 0.20462018396432935, std: 0.06082374100450412
--------------------------------------------------
Subject Number: 20
Accuracy Cross: [0.3125, 0.2777777777777778, 0.25, 0.2152777777777778, 0.2916666666666667, 0.2867132867132867, 0.23776223776223776, 0.23776223776223776, 0.2727272727272727, 0.2727272727272727, 0.2702702702702703, 0.2702702702702703, 0.24324324324324326, 0.30405405405405406, 0.34459459459459457]
 mean: 0.27248979748979746, std: 0.0320942179443402
F1 Score: [0.20207141782059002, 0.21236499340308676, 0.13018741633199465, 0.15748469271945226, 0.19548546691403834, 0.18062920314183217, 0.21395501949244447, 0.20394736842105263, 0.24492390059472063, 0.2200339134549661, 0.203949228594259, 0.1861657549484206, 0.17377229827109536, 0.2303826374653864, 0.3220046082949309]
 mean: 0.20515719465788468, std: 0.041767717963872304
Accuracy Intime: [0.29310344827586204, 0.3448275862068966, 0.3103448275862069, 0.2857142857142857, 0.32142857142857145, 0.25862068965517243, 0.27586206896551724, 0.1896551724137931, 0.29310344827586204, 0.25, 0.3448275862068966, 0.3793103448275862, 0.2413793103448276, 0.26785714285714285, 0.32142857142857145]
 mean: 0.29183087027914617, std: 0.04624077665507832
F1 (Intime): [0.14292237442922373, 0.22749326145552562, 0.1827731092436975, 0.23544973544973544, 0.12162162162162163, 0.10273972602739725, 0.2016949152542373, 0.07971014492753623, 0.259262667157404, 0.22223630831643004, 0.22112299465240642, 0.31305326331582894, 0.17446808510638298, 0.24529401965683822, 0.29645203959720084]
 mean: 0.2017529510807644, std: 0.06574521832390083
--------------------------------------------------
Subject Number: 21
Accuracy Cross: [0.3, 0.24666666666666667, 0.2733333333333333, 0.2733333333333333, 0.26666666666666666, 0.272108843537415, 0.2585034013605442, 0.2857142857142857, 0.23809523809523808, 0.2653061224489796, 0.2635135135135135, 0.25675675675675674, 0.28378378378378377, 0.22297297297297297, 0.2702702702702703]
 mean: 0.26513501256358396, std: 0.01855680529779332
F1 Score: [0.23569030219237608, 0.17267603571951398, 0.17229633710957756, 0.18906407810571202, 0.2154312948449915, 0.17735514690774606, 0.22841331216394603, 0.19538892480068953, 0.23137649434886995, 0.2305194805194805, 0.1785790335790336, 0.18229253689780006, 0.2028328830406431, 0.14330818974699833, 0.23912747408805665]
 mean: 0.19962343493769563, std: 0.028197080819619243
Accuracy Intime: [0.31666666666666665, 0.31666666666666665, 0.25862068965517243, 0.2413793103448276, 0.27586206896551724, 0.3333333333333333, 0.25, 0.38333333333333336, 0.3620689655172414, 0.3448275862068966, 0.2833333333333333, 0.3333333333333333, 0.29310344827586204, 0.29310344827586204, 0.3275862068965517]
 mean: 0.30754789272030647, std: 0.040079009181825026
F1 (Intime): [0.21329733981693363, 0.20321637426900585, 0.14463397299218195, 0.12226890756302522, 0.10810810810810811, 0.17555555555555555, 0.20554445554445555, 0.296545601291364, 0.36244192799070846, 0.29150197628458496, 0.18472652218782248, 0.27565190892864916, 0.25600094689497355, 0.21691230655858512, 0.2775382082657625]
 mean: 0.22226294081678108, std: 0.06851001812187466
--------------------------------------------------
Subject Number: 22
Accuracy Cross: [0.25, 0.2916666666666667, 0.2361111111111111, 0.2361111111111111, 0.24305555555555555, 0.26174496644295303, 0.2550335570469799, 0.2751677852348993, 0.2483221476510067, 0.2550335570469799, 0.3184713375796178, 0.22929936305732485, 0.1910828025477707, 0.2356687898089172, 0.27388535031847133]
 mean: 0.2533769400786243, std: 0.028504857360594563
F1 Score: [0.1632846102922043, 0.1984969053934571, 0.14394950791613179, 0.17877059602181122, 0.17849598068534117, 0.1579978813559322, 0.2409853135402879, 0.2017104517104517, 0.23767058325496926, 0.2204433497536946, 0.24706655684678802, 0.16875384701471657, 0.14662541833042042, 0.1663764510779436, 0.24091563883994477]
 mean: 0.19276953946893963, std: 0.03535516760038682
Accuracy Intime: [0.3, 0.35, 0.3, 0.3, 0.29310344827586204, 0.29310344827586204, 0.2413793103448276, 0.3103448275862069, 0.22413793103448276, 0.23214285714285715, 0.27586206896551724, 0.29310344827586204, 0.3103448275862069, 0.29310344827586204, 0.30357142857142855]
 mean: 0.28801313628899833, std: 0.031770460610130176
F1 (Intime): [0.11688311688311688, 0.2524932614555256, 0.16356107660455488, 0.16366366366366367, 0.11333333333333333, 0.19444444444444442, 0.21602652666482453, 0.27120469399881164, 0.21058197122026912, 0.20792748917748918, 0.16969696969696968, 0.24753176930596285, 0.23669662485451962, 0.22598670615787297, 0.2589664205763277]
 mean: 0.20326653786917906, std: 0.04752004374917602
--------------------------------------------------
Subject Number: 23
Accuracy Cross: [0.2569444444444444, 0.22916666666666666, 0.2708333333333333, 0.2361111111111111, 0.2847222222222222, 0.2727272727272727, 0.20279720279720279, 0.24475524475524477, 0.23076923076923078, 0.2517482517482518, 0.30612244897959184, 0.2857142857142857, 0.2585034013605442, 0.1836734693877551, 0.272108843537415]
 mean: 0.25244649530363816, std: 0.03136411004738583
F1 Score: [0.1462689852520361, 0.15995803506705328, 0.1554500660978248, 0.15662641709966935, 0.23311608734402853, 0.1687049062049062, 0.20546827334723075, 0.2219515065913371, 0.22555725048405595, 0.1823116176194712, 0.23147826438267616, 0.20147750799924713, 0.182387301746135, 0.09834469328140215, 0.24739902245139112]
 mean: 0.187766662331231, std: 0.03962250848097623
Accuracy Intime: [0.27586206896551724, 0.3448275862068966, 0.29310344827586204, 0.2857142857142857, 0.35714285714285715, 0.29310344827586204, 0.3448275862068966, 0.3103448275862069, 0.29310344827586204, 0.23214285714285715, 0.27586206896551724, 0.29310344827586204, 0.29310344827586204, 0.25, 0.39285714285714285]
 mean: 0.3023399014778326, std: 0.040532648135604143
F1 (Intime): [0.1095890410958904, 0.21712158808933002, 0.1738217025940811, 0.18196436332029553, 0.30375, 0.14206349206349206, 0.28382021705003074, 0.28538309516570387, 0.20080091533180777, 0.1499000499750125, 0.21520945140131187, 0.2701866846603689, 0.25249536178107607, 0.10294117647058823, 0.3603583916083916]
 mean: 0.2166270353738254, std: 0.0727218183118356
--------------------------------------------------
Subject Number: 24
Accuracy Cross: [0.2413793103448276, 0.2482758620689655, 0.23448275862068965, 0.2482758620689655, 0.2206896551724138, 0.2808219178082192, 0.2328767123287671, 0.2191780821917808, 0.2945205479452055, 0.22602739726027396, 0.27702702702702703, 0.25, 0.2702702702702703, 0.25, 0.27702702702702703]
 mean: 0.2513901620089622, std: 0.02276387745919958
F1 Score: [0.17413572343149808, 0.17081552258821558, 0.1608240593534711, 0.1528709917971663, 0.19173534798534797, 0.1655385692612907, 0.2056240831422137, 0.21210907100532084, 0.29326436053873606, 0.18040584412128488, 0.205934945169887, 0.2032525196656834, 0.18081871345029238, 0.12254901960784313, 0.2592815006296812]
 mean: 0.1919440181165288, std: 0.04061700052898662
Accuracy Intime: [0.26666666666666666, 0.3103448275862069, 0.25862068965517243, 0.29310344827586204, 0.3275862068965517, 0.29310344827586204, 0.27586206896551724, 0.3448275862068966, 0.25862068965517243, 0.25862068965517243, 0.3275862068965517, 0.22413793103448276, 0.3448275862068966, 0.27586206896551724, 0.27586206896551724]
 mean: 0.2890421455938697, std: 0.034344208672473196
F1 (Intime): [0.10526315789473684, 0.19468024900962083, 0.1056338028169014, 0.14444444444444443, 0.18916275430359936, 0.14292237442922373, 0.2027625617096098, 0.3128205128205128, 0.18155111633372503, 0.22932240173619484, 0.25992063492063494, 0.1757518796992481, 0.2964656964656965, 0.1570048309178744, 0.17817460317460315]
 mean: 0.1917254013784417, std: 0.059491352745212896
--------------------------------------------------
Subject Number: 25
Accuracy Cross: [0.2857142857142857, 0.30612244897959184, 0.272108843537415, 0.3401360544217687, 0.29931972789115646, 0.25675675675675674, 0.24324324324324326, 0.16216216216216217, 0.2635135135135135, 0.22297297297297297, 0.3026315789473684, 0.2631578947368421, 0.23684210526315788, 0.23026315789473684, 0.29605263157894735]
 mean: 0.26539982517426125, std: 0.04184117979553149
F1 Score: [0.23160866910866912, 0.23401381227468182, 0.17400622605363983, 0.2589933359027181, 0.24207303916280073, 0.12388193202146691, 0.2329042543066527, 0.1382107958695029, 0.24318796386064637, 0.14755369092246784, 0.21920731707317073, 0.21922739728903962, 0.1724255583126551, 0.12308111050626021, 0.2475265131728544]
 mean: 0.20052677438914843, std: 0.046948578838055866
Accuracy Intime: [0.3333333333333333, 0.26666666666666666, 0.2833333333333333, 0.2413793103448276, 0.29310344827586204, 0.26666666666666666, 0.23333333333333334, 0.20689655172413793, 0.29310344827586204, 0.25862068965517243, 0.35, 0.2833333333333333, 0.2413793103448276, 0.3620689655172414, 0.20689655172413793]
 mean: 0.2746743295019157, std: 0.04552046636407267
F1 (Intime): [0.2633033033033033, 0.10526315789473684, 0.20734126984126983, 0.09722222222222222, 0.15656565656565657, 0.1550595238095238, 0.2002262443438914, 0.08571428571428572, 0.19318181818181818, 0.22647849462365588, 0.22317813765182185, 0.17879256965944273, 0.21428357089272318, 0.2535496957403651, 0.11225328947368421]
 mean: 0.1781608826612267, std: 0.05532838743964694
--------------------------------------------------
Subject Number: 26
Accuracy Cross: [0.2827586206896552, 0.27586206896551724, 0.25517241379310346, 0.2827586206896552, 0.2206896551724138, 0.2789115646258503, 0.2925170068027211, 0.2585034013605442, 0.3333333333333333, 0.23809523809523808, 0.2348993288590604, 0.2953020134228188, 0.24161073825503357, 0.2684563758389262, 0.3288590604026846]
 mean: 0.272515296020437, std: 0.03142079419250889
F1 Score: [0.19282804896349176, 0.17916292730684508, 0.1390460729746444, 0.15763449367088606, 0.18085204269414795, 0.15836184773310522, 0.28604563338089467, 0.2210750788894298, 0.2956521739130435, 0.19053516632603745, 0.1624975684641631, 0.2434865147944488, 0.18425079127103114, 0.19929158283031526, 0.3262557151102043]
 mean: 0.20779837722151254, std: 0.05401079108455463
Accuracy Intime: [0.3, 0.25, 0.29310344827586204, 0.25862068965517243, 0.3275862068965517, 0.29310344827586204, 0.39655172413793105, 0.20689655172413793, 0.29310344827586204, 0.3103448275862069, 0.2413793103448276, 0.3103448275862069, 0.2413793103448276, 0.3793103448275862, 0.3275862068965517]
 mean: 0.295287356321839, std: 0.04960592491856216
F1 (Intime): [0.17885375494071146, 0.10135135135135136, 0.14208782104391052, 0.1619915848527349, 0.17234988880652335, 0.16252587991718426, 0.3974828375286041, 0.08571428571428572, 0.28410386474902605, 0.2489513293442724, 0.17916666666666664, 0.23944895684026118, 0.22567049808429118, 0.26282051282051283, 0.26810689310689306]
 mean: 0.20737507505114858, std: 0.07706911118479128
--------------------------------------------------
Subject Number: 27
Accuracy Cross: [0.2986111111111111, 0.2777777777777778, 0.2638888888888889, 0.2777777777777778, 0.2916666666666667, 0.2585034013605442, 0.23129251700680273, 0.272108843537415, 0.2789115646258503, 0.25170068027210885, 0.3219178082191781, 0.2876712328767123, 0.273972602739726, 0.19863013698630136, 0.3082191780821918]
 mean: 0.27284334586193687, std: 0.02938497271633086
F1 Score: [0.22026515151515152, 0.18784827377347063, 0.13343373493975905, 0.174346201743462, 0.20554911619820343, 0.1647757537019282, 0.21906653339935106, 0.2342343702808819, 0.2365949348558044, 0.22462201710285265, 0.2643502217005738, 0.2501933597434446, 0.21787134665186828, 0.12381380481470383, 0.26718871762474117]
 mean: 0.20827690253641312, std: 0.04216695913164106
Accuracy Intime: [0.2833333333333333, 0.27586206896551724, 0.27586206896551724, 0.3793103448275862, 0.29310344827586204, 0.25862068965517243, 0.27586206896551724, 0.29310344827586204, 0.3103448275862069, 0.2857142857142857, 0.27586206896551724, 0.3448275862068966, 0.3275862068965517, 0.3103448275862069, 0.30357142857142855]
 mean: 0.29955391351943084, std: 0.030445835684655503
F1 (Intime): [0.13751987281399047, 0.1095890410958904, 0.158638817845979, 0.3019413576917083, 0.13900080580177276, 0.10416666666666667, 0.2123917748917749, 0.24926289926289927, 0.22156862745098038, 0.21637989203778676, 0.19172113289760348, 0.2536394176931691, 0.26275195392842454, 0.2, 0.21458125623130608]
 mean: 0.19821023442066352, std: 0.05624210732576726
--------------------------------------------------
Subject Number: 28
Accuracy Cross: [0.3076923076923077, 0.23776223776223776, 0.3006993006993007, 0.2937062937062937, 0.3146853146853147, 0.2465753424657534, 0.21232876712328766, 0.2945205479452055, 0.2945205479452055, 0.2328767123287671, 0.28289473684210525, 0.3157894736842105, 0.2236842105263158, 0.24342105263157895, 0.23684210526315788]
 mean: 0.26919993008673615, std: 0.035233433081748596
F1 Score: [0.2480088442259495, 0.1797435340143447, 0.2636542741604903, 0.2203690143345316, 0.27869647859143654, 0.15150250307798524, 0.1879064377956783, 0.25958626807127194, 0.28546987948761, 0.17546739691460686, 0.21526861562955787, 0.23958126283707679, 0.16688701552379973, 0.1142665474060823, 0.2243044479886585]
 mean: 0.21404750133727202, std: 0.048447930651339025
Accuracy Intime: [0.36666666666666664, 0.29310344827586204, 0.3275862068965517, 0.29310344827586204, 0.41379310344827586, 0.3275862068965517, 0.20689655172413793, 0.20689655172413793, 0.375, 0.25, 0.27586206896551724, 0.2413793103448276, 0.3103448275862069, 0.32142857142857145, 0.32142857142857145]
 mean: 0.302071702244116, std: 0.05741774986533305
F1 (Intime): [0.29876207729468596, 0.14208782104391052, 0.22558198380566802, 0.18080357142857142, 0.3106060606060606, 0.19488939740655986, 0.18323863636363635, 0.08571428571428572, 0.23755656108597284, 0.22065217391304345, 0.1849056603773585, 0.16909294512877937, 0.263092935433361, 0.21161587119033928, 0.23839285714285716]
 mean: 0.20979952252900602, std: 0.05591778927788516
--------------------------------------------------
Subject Number: 29
Accuracy Cross: [0.32867132867132864, 0.32867132867132864, 0.2867132867132867, 0.2937062937062937, 0.2867132867132867, 0.2413793103448276, 0.35172413793103446, 0.22758620689655173, 0.23448275862068965, 0.2689655172413793, 0.2905405405405405, 0.2702702702702703, 0.2635135135135135, 0.2635135135135135, 0.2905405405405405]
 mean: 0.281799455592559, std: 0.03406308001547933
F1 Score: [0.2512020905923345, 0.23034843112018333, 0.19666826462128476, 0.1761764705882353, 0.24637837837837837, 0.14357585139318885, 0.34030404563453603, 0.1808765172735761, 0.234489325903128, 0.23526399490106453, 0.1562856846257656, 0.22118603538976567, 0.20169500362787746, 0.13681531327359575, 0.19253796975949666]
 mean: 0.20958689180549406, std: 0.04964675099174447
Accuracy Intime: [0.29310344827586204, 0.29310344827586204, 0.29310344827586204, 0.27586206896551724, 0.3275862068965517, 0.3103448275862069, 0.29310344827586204, 0.3275862068965517, 0.35714285714285715, 0.25, 0.3620689655172414, 0.3275862068965517, 0.25862068965517243, 0.26785714285714285, 0.4642857142857143]
 mean: 0.3134236453201971, std: 0.051518965190077655
F1 (Intime): [0.20357142857142857, 0.19526315789473683, 0.15274725274725276, 0.10810810810810811, 0.16166666666666665, 0.16984126984126985, 0.26108071135430916, 0.31277056277056275, 0.2896771771771772, 0.22137887413029728, 0.2838112305854241, 0.26966623876765083, 0.18343773028739865, 0.1705653021442495, 0.37233312297250915]
 mean: 0.22372792226793609, std: 0.06943108904701406
--------------------------------------------------
**************************************************
accuracy_cross_list: [0.2765582922824302, 0.28015966085679067, 0.256254243693711, 0.25900383141762456, 0.2601414644764399, 0.274395313681028, 0.2736588699406704, 0.2778059692345407, 0.25459734872650724, 0.2607781574432495, 0.2581139436389475, 0.2690022935653545, 0.2665156755922783, 0.2599099099099099, 0.25323689182805853, 0.27211214711214715, 0.27284334586193687, 0.26304761904761903, 0.2637768624069994, 0.27248979748979746, 0.26513501256358396, 0.2533769400786243, 0.25244649530363816, 0.2513901620089622, 0.26539982517426125, 0.272515296020437, 0.27284334586193687, 0.26919993008673615, 0.281799455592559]
f1_score_list: [0.19744256012523972, 0.19689240552792017, 0.18509875754365904, 0.1912258478475368, 0.19267159496865496, 0.2081677445301135, 0.20703834035449134, 0.20673263597850391, 0.19311749234745246, 0.1890191235496639, 0.1903986307705509, 0.20190090446767073, 0.20076627148015858, 0.20209229776637336, 0.1928856716563691, 0.20087897359078447, 0.20827690253641312, 0.1969319258766434, 0.1994606843474322, 0.20515719465788468, 0.19962343493769563, 0.19276953946893963, 0.187766662331231, 0.1919440181165288, 0.20052677438914843, 0.20779837722151254, 0.20827690253641312, 0.21404750133727202, 0.20958689180549406]
accuracy_intime_list: [0.2980083067709842, 0.3313218390804598, 0.34342364532019704, 0.29655172413793107, 0.2813026819923372, 0.3033716475095785, 0.3008045977011495, 0.3189655172413792, 0.30891078270388606, 0.29475095785440614, 0.31770114942528743, 0.3028735632183908, 0.29118773946360155, 0.281992337164751, 0.2971264367816092, 0.306568144499179, 0.29955391351943084, 0.27114942528735636, 0.29528461959496444, 0.29183087027914617, 0.30754789272030647, 0.28801313628899833, 0.3023399014778326, 0.2890421455938697, 0.2746743295019157, 0.295287356321839, 0.29955391351943084, 0.302071702244116, 0.3134236453201971]
f1_score_intime_list: [0.19538491116810144, 0.20028329160503147, 0.24885561535584688, 0.1920351073525991, 0.19294578055637313, 0.2163356242515264, 0.21229699496891902, 0.24076308718972736, 0.22221581427240664, 0.18962316800112897, 0.20687704884440355, 0.21044612436748703, 0.20226401621483, 0.18408184017163753, 0.2134108902724252, 0.219182870662331, 0.19821023442066352, 0.17465198523368058, 0.20462018396432935, 0.2017529510807644, 0.22226294081678108, 0.20326653786917906, 0.2166270353738254, 0.1917254013784417, 0.1781608826612267, 0.20737507505114858, 0.19821023442066352, 0.20979952252900602, 0.22372792226793609]
**************************************************
ACC: 26.58±0.88
F1: 19.93±0.75
Intime: 30.02±1.51
F1 (Intime): 20.61±1.64
