1e-03
Subject Number: 1
Accuracy Cross: [0.5, 0.44871794871794873, 0.5384615384615384, 0.46153846153846156, 0.6025641025641025, 0.4166666666666667, 0.4166666666666667, 0.4791666666666667, 0.4895833333333333, 0.3645833333333333, 0.5625, 0.53125, 0.5, 0.6041666666666666, 0.5729166666666666]
 mean: 0.49925213675213675, std: 0.06827341051635126
F1 Score: [0.390990990990991, 0.30973451327433627, 0.470188679245283, 0.3680555555555556, 0.5647164716471647, 0.4166666666666667, 0.4156521739130435, 0.4782608695652174, 0.4800486349065989, 0.34868201534868204, 0.5078125, 0.4266755142667551, 0.428287841191067, 0.547394540942928, 0.5724991854024112]
 mean: 0.4483777435277801, std: 0.07594148402238864
Accuracy Intime: [0.95, 0.9736842105263158, 0.9736842105263158, 1.0, 0.9473684210526315, 0.875, 0.71875, 0.71875, 0.7, 0.7, 0.75, 0.6875, 0.6875, 0.7, 0.7]
 mean: 0.8054824561403507, std: 0.12402677845688052
F1 (Intime): [0.949874686716792, 0.9735191637630662, 0.9736659736659736, 1.0, 0.9467787114845938, 0.8545454545454545, 0.7117117117117118, 0.6631578947368422, 0.699666295884316, 0.4117647058823529, 0.7490196078431373, 0.5428571428571429, 0.6825396825396826, 0.699666295884316, 0.6827262044653349]
 mean: 0.7694329021320476, std: 0.16869847405770863
--------------------------------------------------
Subject Number: 2
Accuracy Cross: [0.6052631578947368, 0.631578947368421, 0.5789473684210527, 0.5921052631578947, 0.6578947368421053, 0.8205128205128205, 0.8205128205128205, 0.8717948717948718, 0.9230769230769231, 0.9102564102564102, 0.9270833333333334, 0.9375, 0.875, 0.9895833333333334, 0.9479166666666666]
 mean: 0.805935110211426, std: 0.14372222360890866
F1 Score: [0.5324036095159967, 0.5737179487179487, 0.4882154882154882, 0.5106957424714433, 0.6125490196078431, 0.8145380434782609, 0.8145380434782609, 0.8696524064171123, 0.9226190476190477, 0.9095277547638774, 0.926693574779099, 0.9372549019607843, 0.873015873015873, 0.9895822029300054, 0.9477749972799477]
 mean: 0.781518576950066, std: 0.17588606756807956
Accuracy Intime: [0.9375, 1.0, 1.0, 1.0, 1.0, 0.96875, 1.0, 1.0, 1.0, 1.0, 0.875, 1.0, 1.0, 1.0, 1.0]
 mean: 0.9854166666666667, std: 0.033978138396458524
F1 (Intime): [0.9352226720647774, 1.0, 1.0, 1.0, 1.0, 0.9671794871794872, 1.0, 1.0, 1.0, 1.0, 0.873015873015873, 1.0, 1.0, 1.0, 1.0]
 mean: 0.9850278688173425, std: 0.03467543424374969
--------------------------------------------------
Subject Number: 3
Accuracy Cross: [0.5974025974025974, 0.5714285714285714, 0.5584415584415584, 0.6363636363636364, 0.5714285714285714, 0.5769230769230769, 0.5128205128205128, 0.5, 0.48717948717948717, 0.5256410256410257, 0.5252525252525253, 0.47474747474747475, 0.46464646464646464, 0.5252525252525253, 0.45454545454545453]
 mean: 0.5321382321382321, std: 0.050557707312742936
F1 Score: [0.5971308016877637, 0.5711392405063291, 0.5523255813953488, 0.6363022941970311, 0.5667519181585678, 0.5768535262206148, 0.5099206349206349, 0.49594034797017394, 0.4817275747508305, 0.44955178333015444, 0.49560975609756097, 0.462406015037594, 0.4644278860875778, 0.5244762391415432, 0.4288461538461539]
 mean: 0.5208939835565253, std: 0.05829756317783559
Accuracy Intime: [0.59375, 0.46875, 0.8125, 0.8666666666666667, 0.6666666666666666, 0.59375, 0.65625, 0.7333333333333333, 0.7666666666666667, 0.6666666666666666, 0.65625, 0.65625, 0.6333333333333333, 0.6, 0.7666666666666667]
 mean: 0.6758333333333333, std: 0.09665648892780998
F1 (Intime): [0.4793491864831039, 0.36374269005847953, 0.7818181818181817, 0.8564593301435407, 0.4, 0.37254901960784315, 0.6476476476476476, 0.6590909090909092, 0.7435897435897436, 0.4, 0.6267232237539766, 0.6532019704433498, 0.6228571428571429, 0.55, 0.7643097643097643]
 mean: 0.594755920653579, std: 0.15502034142236742
--------------------------------------------------
Subject Number: 4
Accuracy Cross: [0.8181818181818182, 0.8051948051948052, 0.7142857142857143, 0.8571428571428571, 0.7142857142857143, 0.6493506493506493, 0.5974025974025974, 0.6623376623376623, 0.6753246753246753, 0.6883116883116883, 0.4895833333333333, 0.5729166666666666, 0.5520833333333334, 0.4791666666666667, 0.5729166666666666]
 mean: 0.6565656565656565, std: 0.11084961075883452
F1 Score: [0.8174119241192412, 0.8046676813800101, 0.7138513513513514, 0.8570464135021097, 0.7119047619047619, 0.6239826370048833, 0.5682763610056067, 0.6292592592592592, 0.6565566458519179, 0.6681034482758621, 0.4850574712643678, 0.5728703201302224, 0.5408742075408741, 0.4444444444444445, 0.5724991854024112]
 mean: 0.6444537408291549, std: 0.116545935659941
Accuracy Intime: [0.875, 0.90625, 0.9333333333333333, 0.9333333333333333, 0.9, 0.90625, 0.84375, 0.9, 0.9666666666666667, 0.9, 0.8125, 0.90625, 0.9, 0.9666666666666667, 0.7666666666666667]
 mean: 0.8944444444444445, std: 0.05163230637622528
F1 (Intime): [0.8666666666666667, 0.9015384615384616, 0.9206349206349206, 0.9330357142857143, 0.8844672657252888, 0.9015384615384616, 0.8303287380699894, 0.8901098901098901, 0.9657142857142857, 0.8666666666666667, 0.8095238095238095, 0.906158357771261, 0.899888765294772, 0.9663299663299663, 0.7643097643097643]
 mean: 0.887127448945328, std: 0.05279235502318957
--------------------------------------------------
Subject Number: 5
Accuracy Cross: [0.6153846153846154, 0.47435897435897434, 0.5512820512820513, 0.6666666666666666, 0.6794871794871795, 0.6125, 0.575, 0.5125, 0.5875, 0.6125, 0.569620253164557, 0.4936708860759494, 0.4936708860759494, 0.6329113924050633, 0.5443037974683544]
 mean: 0.5747571134912908, std: 0.061139357362157046
F1 Score: [0.5984900480439259, 0.4593406593406594, 0.5340501792114696, 0.6657877389584708, 0.6635030198446936, 0.6119543107494915, 0.575, 0.5087387812942843, 0.57955088389871, 0.6050326485109094, 0.5678893178893178, 0.487012987012987, 0.487012987012987, 0.6329113924050633, 0.5163265306122449]
 mean: 0.5661734323190142, std: 0.06299283751358102
Accuracy Intime: [0.6875, 0.625, 0.625, 0.84375, 0.6666666666666666, 0.59375, 0.65625, 0.65625, 0.7333333333333333, 0.8333333333333334, 0.65625, 0.65625, 0.71875, 0.6666666666666666, 0.5666666666666667]
 mean: 0.6790277777777777, std: 0.07468090555370221
F1 (Intime): [0.6862745098039216, 0.5844155844155844, 0.6235294117647059, 0.8423645320197044, 0.6527777777777778, 0.5733333333333333, 0.6559139784946236, 0.6559139784946236, 0.7285067873303167, 0.8331479421579533, 0.6559139784946236, 0.6532019704433498, 0.716256157635468, 0.6031746031746031, 0.5542857142857143]
 mean: 0.6679340173084202, std: 0.0816285910451068
--------------------------------------------------
Subject Number: 6
Accuracy Cross: [0.5394736842105263, 0.5526315789473685, 0.6447368421052632, 0.5657894736842105, 0.5, 0.3717948717948718, 0.3076923076923077, 0.5384615384615384, 0.3717948717948718, 0.3974358974358974, 0.1794871794871795, 0.2564102564102564, 0.16666666666666666, 0.24358974358974358, 0.20512820512820512]
 mean: 0.3894062078272605, std: 0.15359375876052428
F1 Score: [0.5087719298245614, 0.4406926406926407, 0.637135278514589, 0.4917933130699088, 0.45427059712774, 0.27102803738317754, 0.2846467391304348, 0.5381578947368422, 0.33216844312423555, 0.28440366972477066, 0.1657754010695187, 0.251984126984127, 0.16652967285878678, 0.24346539536412953, 0.19667774086378736]
 mean: 0.3511667253646167, std: 0.14362775949657441
Accuracy Intime: [0.5625, 0.6875, 0.5625, 0.9333333333333333, 0.8333333333333334, 0.84375, 0.6333333333333333, 0.5, 0.7, 0.8333333333333334, 0.75, 0.9333333333333333, 0.8666666666666667, 0.8666666666666667, 0.8666666666666667]
 mean: 0.7581944444444446, std: 0.1372482262810123
F1 (Intime): [0.5465587044534412, 0.6666666666666667, 0.45893719806763283, 0.9321266968325792, 0.8316498316498316, 0.8398398398398399, 0.5970695970695971, 0.3333333333333333, 0.6914285714285715, 0.8316498316498316, 0.7490196078431373, 0.9330357142857143, 0.8666666666666667, 0.8660714285714286, 0.8660714285714286]
 mean: 0.7340083411286467, std: 0.17479088699073342
--------------------------------------------------
Subject Number: 7
Accuracy Cross: [0.5949367088607594, 0.5949367088607594, 0.5949367088607594, 0.6835443037974683, 0.620253164556962, 0.6153846153846154, 0.6153846153846154, 0.5897435897435898, 0.5256410256410257, 0.6153846153846154, 0.625, 0.6125, 0.55, 0.575, 0.6125]
 mean: 0.6016764037650114, std: 0.034478599517160466
F1 Score: [0.5943517329910142, 0.5933075933075933, 0.5836627140974967, 0.6833413500080167, 0.6172480620155039, 0.6143704680290046, 0.6151315789473684, 0.5797979797979798, 0.5236837762006932, 0.6151315789473684, 0.6228786926461345, 0.6095103133364824, 0.5488721804511278, 0.5725958516656191, 0.6075328374742839]
 mean: 0.5987611139943791, std: 0.03511528131666936
Accuracy Intime: [0.65625, 0.71875, 0.90625, 0.5333333333333333, 0.7333333333333333, 0.625, 0.71875, 0.8125, 0.59375, 0.7333333333333333, 0.6875, 0.625, 0.5625, 0.5666666666666667, 0.7]
 mean: 0.6781944444444444, std: 0.09662974230931919
F1 (Intime): [0.6476476476476476, 0.7117117117117118, 0.9054187192118226, 0.49760765550239233, 0.7129186602870814, 0.6, 0.7046153846153846, 0.8056680161943319, 0.5835835835835836, 0.7321428571428572, 0.6761133603238867, 0.611336032388664, 0.5625, 0.466484268125855, 0.6914285714285715]
 mean: 0.6606117645442529, std: 0.10974121180515929
--------------------------------------------------
Subject Number: 8
Accuracy Cross: [0.5125, 0.525, 0.525, 0.5125, 0.6, 0.45, 0.4875, 0.6125, 0.725, 0.5375, 0.46153846153846156, 0.38461538461538464, 0.7051282051282052, 0.5256410256410257, 0.5256410256410257]
 mean: 0.5393376068376069, std: 0.08713206247361856
F1 Score: [0.33884297520661155, 0.3666666666666667, 0.38660209846650523, 0.33884297520661155, 0.5604395604395604, 0.4444444444444444, 0.48549019607843136, 0.6019900497512438, 0.7066666666666667, 0.5285873546743112, 0.46011865524060647, 0.3829927488464074, 0.6967032967032967, 0.519240379810095, 0.512087912087912]
 mean: 0.48864773201929146, std: 0.11431443577308219
Accuracy Intime: [1.0, 0.96875, 0.96875, 1.0, 0.9666666666666667, 0.5, 0.53125, 0.6875, 0.9, 0.6333333333333333, 0.71875, 0.625, 0.9375, 0.78125, 0.875]
 mean: 0.80625, std: 0.17105845600370176
F1 (Intime): [1.0, 0.9687194525904204, 0.9687194525904204, 1.0, 0.9663299663299663, 0.3333333333333333, 0.5076923076923077, 0.6825396825396826, 0.899888765294772, 0.6329254727474972, 0.7117117117117118, 0.625, 0.9372549019607843, 0.7757757757757757, 0.8745098039215686]
 mean: 0.792293375099216, std: 0.1969796422579809
--------------------------------------------------
Subject Number: 9
Accuracy Cross: [0.631578947368421, 0.631578947368421, 0.5921052631578947, 0.6842105263157895, 0.5263157894736842, 0.5641025641025641, 0.6410256410256411, 0.6282051282051282, 0.5897435897435898, 0.5769230769230769, 0.6329113924050633, 0.7341772151898734, 0.6835443037974683, 0.6708860759493671, 0.5063291139240507]
 mean: 0.6195758383300022, std: 0.059497766641350695
F1 Score: [0.6250880902043693, 0.6313236313236313, 0.5863037752414398, 0.6786469344608879, 0.5096774193548387, 0.5629531970995385, 0.6290760869565217, 0.6139272913466463, 0.5886618325642716, 0.5683380848566157, 0.5883198562443845, 0.719621429778604, 0.6700083542188805, 0.6643790849673203, 0.5034649476228847]
 mean: 0.6093193344160556, std: 0.058419390205740836
Accuracy Intime: [0.6875, 0.65625, 0.8125, 0.8333333333333334, 0.7333333333333333, 0.75, 0.9333333333333333, 0.8666666666666667, 0.8, 0.8, 0.53125, 0.7666666666666667, 0.8333333333333334, 0.6666666666666666, 0.5333333333333333]
 mean: 0.7469444444444445, std: 0.1110161052157927
F1 (Intime): [0.6862745098039216, 0.6267232237539766, 0.8056680161943319, 0.8331479421579533, 0.7333333333333333, 0.746031746031746, 0.9321266968325792, 0.8660714285714286, 0.7991071428571428, 0.7963800904977376, 0.4684385382059801, 0.7643097643097643, 0.8331479421579533, 0.6527777777777778, 0.475]
 mean: 0.7345692101657085, std: 0.12875563342321117
--------------------------------------------------
Subject Number: 10
Accuracy Cross: [0.4805194805194805, 0.5714285714285714, 0.5844155844155844, 0.5194805194805194, 0.4935064935064935, 0.5512820512820513, 0.5128205128205128, 0.5512820512820513, 0.5, 0.6282051282051282, 0.5, 0.4880952380952381, 0.5119047619047619, 0.42857142857142855, 0.5476190476190477]
 mean: 0.5246087246087245, std: 0.04722924090682766
F1 Score: [0.45390070921985815, 0.5607605877268799, 0.5574712643678161, 0.503052503052503, 0.4935064935064935, 0.4671091157524888, 0.46187363834422657, 0.49019607843137253, 0.419797825672325, 0.6139272913466463, 0.5, 0.4874414644529587, 0.4793650793650794, 0.4256410256410257, 0.5452991452991452]
 mean: 0.4972894814785879, std: 0.051165984192988984
Accuracy Intime: [0.59375, 0.6875, 0.6875, 0.6, 0.43333333333333335, 0.8125, 0.8125, 0.7666666666666667, 0.8666666666666667, 0.5333333333333333, 0.65625, 0.59375, 0.5, 0.7666666666666667, 0.6]
 mean: 0.6606944444444446, std: 0.12179185593806964
F1 (Intime): [0.5901477832512315, 0.6862745098039216, 0.6761133603238867, 0.5833333333333333, 0.41714285714285715, 0.8125, 0.8095238095238095, 0.76, 0.8642533936651584, 0.34782608695652173, 0.6476476476476476, 0.5933528836754643, 0.3333333333333333, 0.7435897435897436, 0.5927601809954751]
 mean: 0.630519928216159, std: 0.15816661285077308
--------------------------------------------------
Subject Number: 11
Accuracy Cross: [0.5921052631578947, 0.5526315789473685, 0.5657894736842105, 0.5, 0.47368421052631576, 0.6410256410256411, 0.5769230769230769, 0.46153846153846156, 0.5769230769230769, 0.3974358974358974, 0.5411764705882353, 0.5176470588235295, 0.5294117647058824, 0.5529411764705883, 0.5882352941176471]
 mean: 0.537831229657855, std: 0.0588714151390703
F1 Score: [0.5649122807017544, 0.5193452380952381, 0.5220125786163522, 0.4702861335289802, 0.4602272727272727, 0.6350267379679144, 0.5366336633663367, 0.3352272727272727, 0.5366336633663367, 0.3925434962717481, 0.37322745320476464, 0.4257703081232493, 0.34615384615384615, 0.41738816738816736, 0.4711111111111111]
 mean: 0.46709994822335626, std: 0.08319593285209441
Accuracy Intime: [0.84375, 0.9375, 0.9375, 0.8333333333333334, 0.8, 0.875, 0.9333333333333333, 1.0, 0.8333333333333334, 0.7666666666666667, 0.96875, 1.0, 1.0, 0.9, 0.9666666666666667]
 mean: 0.9063888888888889, std: 0.07435862590791723
F1 (Intime): [0.8398398398398399, 0.9372549019607843, 0.9372549019607843, 0.8331479421579533, 0.7991071428571428, 0.8745098039215686, 0.9333333333333333, 1.0, 0.8285714285714285, 0.7664071190211346, 0.9687194525904204, 1.0, 1.0, 0.899888765294772, 0.9657142857142857]
 mean: 0.90558326114823, std: 0.07497856460409205
--------------------------------------------------
Subject Number: 12
Accuracy Cross: [0.42105263157894735, 0.3684210526315789, 0.35526315789473684, 0.3684210526315789, 0.5394736842105263, 0.4675324675324675, 0.45454545454545453, 0.4935064935064935, 0.44155844155844154, 0.45454545454545453, 0.47435897435897434, 0.5512820512820513, 0.46153846153846156, 0.5256410256410257, 0.46153846153846156]
 mean: 0.45591192433297695, std: 0.05759431756435661
F1 Score: [0.42105263157894735, 0.3522727272727273, 0.34146772767462424, 0.3684210526315789, 0.5329236172080772, 0.4671729957805907, 0.4522357723577236, 0.48797953964194374, 0.438146954013236, 0.4522357723577236, 0.4721901303845519, 0.5476387738193869, 0.45254010695187163, 0.5217895608947805, 0.46118421052631575]
 mean: 0.451283438206272, std: 0.059370827809372105
Accuracy Intime: [0.65625, 0.625, 0.6, 0.6, 0.5666666666666667, 0.59375, 0.6333333333333333, 0.6333333333333333, 0.5333333333333333, 0.5333333333333333, 0.5, 0.7, 0.43333333333333335, 0.6, 0.6]
 mean: 0.5872222222222222, std: 0.06396824781401364
F1 (Intime): [0.6532019704433498, 0.5636363636363637, 0.5927601809954751, 0.6, 0.5622895622895623, 0.5835835835835836, 0.576379974326059, 0.6296296296296295, 0.34782608695652173, 0.53125, 0.3333333333333333, 0.6914285714285715, 0.3023255813953488, 0.5982142857142857, 0.569377990430622]
 mean: 0.5423491409441803, std: 0.11396424798631126
--------------------------------------------------
Subject Number: 13
Accuracy Cross: [0.25, 0.35526315789473684, 0.25, 0.42105263157894735, 0.34210526315789475, 0.4810126582278481, 0.6329113924050633, 0.620253164556962, 0.5063291139240507, 0.5569620253164557, 0.0, 0.012658227848101266, 0.0379746835443038, 0.05063291139240506, 0.02531645569620253]
 mean: 0.30283144570286485, std: 0.22479275800519632
F1 Score: [0.21960007205908846, 0.3291298865069357, 0.21960007205908846, 0.2962962962962963, 0.2819349962207105, 0.4687551254715434, 0.6319678714859438, 0.6172480620155039, 0.44636118598382746, 0.5464982778415615, 0.0, 0.0125, 0.037820512820512825, 0.04819277108433735, 0.02531645569620253]
 mean: 0.27874810570277014, std: 0.21742505497099782
Accuracy Intime: [0.84375, 0.6875, 0.90625, 0.84375, 0.8666666666666667, 0.90625, 0.6, 0.9, 0.8666666666666667, 0.5666666666666667, 0.875, 0.8333333333333334, 0.8333333333333334, 0.8666666666666667, 0.8]
 mean: 0.8130555555555558, std: 0.10396498995239922
F1 (Intime): [0.8435972629521017, 0.6862745098039216, 0.9054187192118226, 0.8398398398398399, 0.8660714285714286, 0.906158357771261, 0.55, 0.899888765294772, 0.8660714285714286, 0.3617021276595745, 0.8745098039215686, 0.8316498316498316, 0.8331479421579533, 0.8660714285714286, 0.7963800904977376]
 mean: 0.7951187690983115, std: 0.14692200476048647
--------------------------------------------------
Subject Number: 14
Accuracy Cross: [0.5, 0.5769230769230769, 0.5, 0.5, 0.5, 0.5897435897435898, 0.5512820512820513, 0.6282051282051282, 0.6538461538461539, 0.6025641025641025, 0.5625, 0.5, 0.6375, 0.475, 0.5625]
 mean: 0.5560042735042735, std: 0.05628622079578611
F1 Score: [0.3548250265111347, 0.5090596986458135, 0.3333333333333333, 0.3333333333333333, 0.3333333333333333, 0.5797979797979798, 0.5340501792114696, 0.6281440078908433, 0.6524178907410463, 0.5972013993003498, 0.5568919132774173, 0.47333772218564846, 0.634703196347032, 0.4696969696969697, 0.5568919132774173]
 mean: 0.5031345264588748, std: 0.11171947948547668
Accuracy Intime: [0.625, 0.6875, 0.90625, 0.7, 0.6666666666666666, 0.625, 0.625, 0.65625, 0.8, 0.5333333333333333, 0.75, 0.65625, 0.65625, 0.6666666666666666, 0.7666666666666667]
 mean: 0.6880555555555555, std: 0.085680374317634
F1 (Intime): [0.6, 0.6862745098039216, 0.906158357771261, 0.6914285714285715, 0.6527777777777778, 0.611336032388664, 0.625, 0.6101882613510521, 0.7916666666666667, 0.4034090909090909, 0.7408906882591093, 0.6389743589743591, 0.6389743589743591, 0.625, 0.7664071190211346]
 mean: 0.6658990528883979, std: 0.1078970344244468
--------------------------------------------------
Subject Number: 15
Accuracy Cross: [0.5569620253164557, 0.5063291139240507, 0.5569620253164557, 0.5569620253164557, 0.5063291139240507, 0.5324675324675324, 0.5324675324675324, 0.5584415584415584, 0.5324675324675324, 0.5974025974025974, 0.8333333333333334, 0.782051282051282, 0.9743589743589743, 0.717948717948718, 0.6923076923076923]
 mean: 0.629119403802948, std: 0.13563831687016656
F1 Score: [0.5119152691968226, 0.4231417337577233, 0.5266221537407978, 0.5119152691968226, 0.47252182845403184, 0.4948979591836735, 0.47737556561085975, 0.47302737520128824, 0.42727272727272725, 0.5540818232766673, 0.8310844577711145, 0.7758241758241758, 0.9743421052631579, 0.717948717948718, 0.6914963744232037]
 mean: 0.5908978357414524, std: 0.1608450665301975
Accuracy Intime: [0.84375, 0.9375, 0.9, 0.8666666666666667, 0.8666666666666667, 0.875, 0.84375, 0.9375, 1.0, 0.8, 0.75, 0.8125, 0.5333333333333333, 0.6333333333333333, 0.4666666666666667]
 mean: 0.8044444444444444, std: 0.1457199294520354
F1 (Intime): [0.8435972629521017, 0.9372549019607843, 0.899888765294772, 0.8642533936651584, 0.8666666666666667, 0.873015873015873, 0.8423645320197044, 0.9372549019607843, 1.0, 0.7991071428571428, 0.7333333333333334, 0.8117647058823529, 0.475, 0.6329254727474972, 0.3181818181818182]
 mean: 0.7889739180358659, std: 0.17770818926897353
--------------------------------------------------
Subject Number: 16
Accuracy Cross: [0.5263157894736842, 0.4868421052631579, 0.5657894736842105, 0.47368421052631576, 0.4342105263157895, 0.47368421052631576, 0.5657894736842105, 0.42105263157894735, 0.47368421052631576, 0.5526315789473685, 0.32894736842105265, 0.4473684210526316, 0.4473684210526316, 0.6447368421052632, 0.5526315789473685]
 mean: 0.49298245614035086, std: 0.07425634187743267
F1 Score: [0.4635294117647059, 0.3274336283185841, 0.5368421052631579, 0.34199134199134196, 0.42210433244916007, 0.4602272727272727, 0.5298969072164949, 0.38664710198092445, 0.4644115574348132, 0.5523215523215523, 0.32320586694604503, 0.44390243902439025, 0.44390243902439025, 0.6260251503553855, 0.5030769230769231]
 mean: 0.45503453532634286, std: 0.08404093193692332
Accuracy Intime: [0.6875, 0.8333333333333334, 0.6, 0.7333333333333333, 0.7, 0.78125, 0.8333333333333334, 0.8666666666666667, 0.7666666666666667, 0.8333333333333334, 0.9375, 0.9333333333333333, 1.0, 0.9333333333333333, 1.0]
 mean: 0.8293055555555556, std: 0.11486824846829015
F1 (Intime): [0.6666666666666667, 0.8316498316498316, 0.569377990430622, 0.7285067873303167, 0.6914285714285715, 0.7757757757757757, 0.8316498316498316, 0.8611111111111112, 0.76, 0.8285714285714285, 0.9372549019607843, 0.9330357142857143, 1.0, 0.9333333333333333, 1.0]
 mean: 0.8232241296129323, std: 0.12188224891669973
--------------------------------------------------
Subject Number: 17
Accuracy Cross: [0.4868421052631579, 0.8421052631578947, 0.8157894736842105, 0.7631578947368421, 0.7105263157894737, 0.7564102564102564, 0.8974358974358975, 0.7051282051282052, 0.7564102564102564, 0.7564102564102564, 0.8333333333333334, 0.9487179487179487, 0.9230769230769231, 0.46153846153846156, 0.6794871794871795]
 mean: 0.7557579847053532, std: 0.1345963842850294
F1 Score: [0.47586206896551725, 0.8411149825783972, 0.8093189964157705, 0.7490829053558328, 0.700358422939068, 0.7531234382808596, 0.8973684210526316, 0.6820839978734715, 0.7494505494505495, 0.7514673821901727, 0.831980115990058, 0.948582729070534, 0.9226190476190477, 0.4558139534883721, 0.678164713649117]
 mean: 0.7497594483279599, std: 0.13746216627360347
Accuracy Intime: [0.59375, 0.875, 1.0, 0.8666666666666667, 0.9, 1.0, 0.9333333333333333, 1.0, 0.9, 0.9666666666666667, 0.75, 0.9, 1.0, 0.6666666666666666, 0.9333333333333333]
 mean: 0.8856944444444445, std: 0.12001848494459119
F1 (Intime): [0.539313399778516, 0.8745098039215686, 1.0, 0.8642533936651584, 0.899888765294772, 1.0, 0.9321266968325792, 1.0, 0.898989898989899, 0.9663299663299663, 0.7490196078431373, 0.8971428571428571, 1.0, 0.6651785714285714, 0.9321266968325792]
 mean: 0.8812586438706403, std: 0.12939940981399609
--------------------------------------------------
Subject Number: 18
Accuracy Cross: [0.5384615384615384, 0.5897435897435898, 0.5897435897435898, 0.5, 0.4230769230769231, 0.5822784810126582, 0.5063291139240507, 0.5189873417721519, 0.5822784810126582, 0.5063291139240507, 0.4268292682926829, 0.4268292682926829, 0.5, 0.524390243902439, 0.6097560975609756]
 mean: 0.5216688700479994, std: 0.05988349959864898
F1 Score: [0.5272727272727272, 0.5185185185185185, 0.5886618325642716, 0.4932533733133433, 0.4222222222222222, 0.5812048192771084, 0.4852130325814536, 0.5126623376623377, 0.5798549556809025, 0.5012141816415736, 0.4267440130893946, 0.42606105733432614, 0.49813404985818777, 0.5243195002231147, 0.6095238095238096]
 mean: 0.5129906953842195, std: 0.05732159369527148
Accuracy Intime: [0.78125, 0.78125, 0.53125, 0.5625, 0.5, 0.875, 0.6875, 0.53125, 0.5333333333333333, 0.5333333333333333, 0.65625, 0.65625, 0.625, 0.4666666666666667, 0.8]
 mean: 0.6347222222222223, std: 0.12257760832113015
F1 (Intime): [0.7793103448275862, 0.7793103448275862, 0.3992490613266583, 0.5607843137254902, 0.3333333333333333, 0.8704453441295547, 0.6862745098039216, 0.4684385382059801, 0.34782608695652173, 0.34782608695652173, 0.6476476476476476, 0.6532019704433498, 0.611336032388664, 0.4570135746606335, 0.8]
 mean: 0.5827998126155632, std: 0.17579661602579555
--------------------------------------------------
Subject Number: 19
Accuracy Cross: [0.5526315789473685, 0.6578947368421053, 0.6842105263157895, 0.6578947368421053, 0.6052631578947368, 0.32051282051282054, 0.2948717948717949, 0.38461538461538464, 0.32051282051282054, 0.2692307692307692, 0.4358974358974359, 0.4230769230769231, 0.4230769230769231, 0.5128205128205128, 0.48717948717948717]
 mean: 0.4686459739091318, std: 0.13472154430709138
F1 Score: [0.5498257839721254, 0.6576576576576576, 0.6731182795698925, 0.6578947368421053, 0.6008403361344539, 0.3067248029515345, 0.28535732133933034, 0.3780730897009967, 0.3204011178694723, 0.2691106361992438, 0.43441001977587346, 0.3943054357204486, 0.4229820812099293, 0.49660326086956524, 0.4701086956521739]
 mean: 0.4611608836976535, std: 0.13563422261275948
Accuracy Intime: [0.5, 0.6875, 0.59375, 0.5666666666666667, 0.7666666666666667, 0.625, 0.7333333333333333, 0.7666666666666667, 0.8666666666666667, 0.7666666666666667, 0.59375, 0.5, 0.8, 0.7, 0.7]
 mean: 0.6777777777777776, std: 0.10675578597671499
F1 (Intime): [0.4666666666666667, 0.6825396825396826, 0.5733333333333333, 0.5417156286721504, 0.76, 0.5636363636363637, 0.7285067873303167, 0.7643097643097643, 0.8611111111111112, 0.7643097643097643, 0.5733333333333333, 0.4949494949494949, 0.7963800904977376, 0.6703296703296704, 0.6703296703296704]
 mean: 0.6607634240899373, std: 0.11521890852365693
--------------------------------------------------
Subject Number: 20
Accuracy Cross: [0.6052631578947368, 0.631578947368421, 0.5657894736842105, 0.6578947368421053, 0.4868421052631579, 0.47368421052631576, 0.47368421052631576, 0.47368421052631576, 0.5, 0.39473684210526316, 0.5063291139240507, 0.45569620253164556, 0.4177215189873418, 0.4050632911392405, 0.4936708860759494]
 mean: 0.5027759271596712, std: 0.07689536695655778
F1 Score: [0.602787456445993, 0.6313236313236313, 0.5651118432460551, 0.6576576576576576, 0.48461137193531556, 0.37653814602132896, 0.37653814602132896, 0.43452380952380953, 0.44461538461538463, 0.37926136363636365, 0.39410029498525073, 0.4184215031672659, 0.327037037037037, 0.3724860571235423, 0.4916344916344917]
 mean: 0.4637765462916304, std: 0.10132298659925947
Accuracy Intime: [0.6875, 0.6, 0.5333333333333333, 0.4666666666666667, 0.6333333333333333, 0.75, 0.8, 0.7666666666666667, 0.7333333333333333, 0.8, 0.75, 0.8333333333333334, 0.8, 0.7666666666666667, 0.7666666666666667]
 mean: 0.7125000000000002, std: 0.10382722471776176
F1 (Intime): [0.6862745098039216, 0.5982142857142857, 0.34782608695652173, 0.3181818181818182, 0.6228571428571429, 0.7333333333333334, 0.7991071428571428, 0.7643097643097643, 0.7222222222222222, 0.784688995215311, 0.7333333333333334, 0.8331479421579533, 0.7991071428571428, 0.7532314923619272, 0.76]
 mean: 0.6837223474774546, std: 0.15059157555720615
--------------------------------------------------
Subject Number: 21
Accuracy Cross: [0.524390243902439, 0.4024390243902439, 0.5365853658536586, 0.6219512195121951, 0.5487804878048781, 0.38461538461538464, 0.48717948717948717, 0.5256410256410257, 0.5, 0.5384615384615384, 0.5189873417721519, 0.5063291139240507, 0.46835443037974683, 0.5569620253164557, 0.4810126582278481]
 mean: 0.5067792897987402, std: 0.05694190540583035
F1 Score: [0.5243195002231147, 0.39805243445692884, 0.5354800238521169, 0.617341562547042, 0.5405118885355141, 0.3696969696969697, 0.47860962566844917, 0.47133174574097825, 0.46846059758867725, 0.5335548172757475, 0.5055994729907773, 0.5034649476228847, 0.46826923076923077, 0.5569620253164557, 0.4641852770885029]
 mean: 0.49572267462489267, std: 0.05962992744281081
Accuracy Intime: [0.625, 0.53125, 0.59375, 0.8666666666666667, 0.6, 0.59375, 0.75, 0.71875, 0.625, 0.6333333333333333, 0.5625, 0.53125, 0.75, 0.5666666666666667, 0.6333333333333333]
 mean: 0.6387499999999999, std: 0.09063114602403322
F1 (Intime): [0.611336032388664, 0.5076923076923077, 0.5733333333333333, 0.8660714285714286, 0.6, 0.5933528836754643, 0.746031746031746, 0.7046153846153846, 0.6, 0.6329254727474972, 0.5555555555555556, 0.43859649122807015, 0.7490196078431373, 0.5417156286721504, 0.6329254727474972]
 mean: 0.6235447563401489, std: 0.10326384284881966
--------------------------------------------------
Subject Number: 22
Accuracy Cross: [0.5714285714285714, 0.5714285714285714, 0.6883116883116883, 0.6103896103896104, 0.5454545454545454, 0.569620253164557, 0.5443037974683544, 0.5569620253164557, 0.5949367088607594, 0.569620253164557, 0.5697674418604651, 0.5813953488372093, 0.47674418604651164, 0.5697674418604651, 0.5930232558139535]
 mean: 0.5742102466270851, std: 0.04225220727866609
F1 Score: [0.5702688990360223, 0.5688104530799254, 0.6857142857142857, 0.6022727272727273, 0.5299145299145299, 0.569551282051282, 0.5424710424710424, 0.5566778900112233, 0.5948717948717949, 0.563961038961039, 0.5692432651956139, 0.5520833333333333, 0.44356578001437813, 0.5626116838487973, 0.586254295532646]
 mean: 0.5665514867539093, std: 0.04766399972036925
Accuracy Intime: [0.625, 0.65625, 0.71875, 0.6875, 0.7666666666666667, 1.0, 0.78125, 0.6, 0.7333333333333333, 0.7333333333333333, 0.625, 0.59375, 0.7333333333333333, 0.5333333333333333, 0.7333333333333333]
 mean: 0.7013888888888888, std: 0.1058931006507605
F1 (Intime): [0.6190476190476191, 0.6389743589743591, 0.716256157635468, 0.6862745098039216, 0.7643097643097643, 1.0, 0.7810361681329423, 0.569377990430622, 0.7333333333333333, 0.7222222222222222, 0.6235294117647059, 0.5588547189819725, 0.7321428571428572, 0.34782608695652173, 0.7321428571428572]
 mean: 0.6816885370586111, std: 0.13587558285071108
--------------------------------------------------
Subject Number: 23
Accuracy Cross: [0.47368421052631576, 0.4605263157894737, 0.4605263157894737, 0.4868421052631579, 0.4605263157894737, 0.5526315789473685, 0.6052631578947368, 0.5131578947368421, 0.6052631578947368, 0.5921052631578947, 0.48717948717948717, 0.4358974358974359, 0.5128205128205128, 0.5897435897435898, 0.48717948717948717]
 mean: 0.5148897885739991, std: 0.0568377715007492
F1 Score: [0.47038327526132406, 0.44898320070733866, 0.4159325210871602, 0.4444236176194939, 0.4159325210871602, 0.5193452380952381, 0.5983086680761099, 0.51239812727588, 0.6008403361344539, 0.5914687012311427, 0.4858272907053395, 0.43552631578947365, 0.5125, 0.5897435897435898, 0.4817275747508305]
 mean: 0.501556065170969, std: 0.06444458508077984
Accuracy Intime: [0.90625, 0.8666666666666667, 0.7333333333333333, 0.8666666666666667, 0.9333333333333333, 1.0, 0.6, 0.5333333333333333, 0.5666666666666667, 0.8333333333333334, 0.78125, 0.6666666666666666, 0.6, 0.6666666666666666, 0.6333333333333333]
 mean: 0.7458333333333332, std: 0.14346691127096042
F1 (Intime): [0.9054187192118226, 0.8660714285714286, 0.7285067873303167, 0.8611111111111112, 0.9330357142857143, 1.0, 0.5982142857142857, 0.34782608695652173, 0.466484268125855, 0.8316498316498316, 0.7793103448275862, 0.660633484162896, 0.5833333333333333, 0.6666666666666666, 0.6228571428571429]
 mean: 0.7234079469869674, std: 0.1765207879923458
--------------------------------------------------
Subject Number: 24
Accuracy Cross: [0.42857142857142855, 0.44155844155844154, 0.4935064935064935, 0.38961038961038963, 0.45454545454545453, 0.44871794871794873, 0.5256410256410257, 0.5384615384615384, 0.44871794871794873, 0.47435897435897434, 0.4625, 0.4875, 0.5, 0.4, 0.475]
 mean: 0.4645793095793096, std: 0.04019422531684955
F1 Score: [0.41180555555555554, 0.4319780408303311, 0.48481729284611425, 0.3891983122362869, 0.4330294530154277, 0.44644330747648125, 0.519240379810095, 0.5335548172757475, 0.4486273220450435, 0.47427256288015784, 0.4617430762009075, 0.4735997432193869, 0.4842037395228885, 0.39849624060150374, 0.47203016970458833]
 mean: 0.45753600088136764, std: 0.039590288343965524
Accuracy Intime: [0.5, 0.65625, 0.53125, 0.6333333333333333, 0.7, 0.46875, 0.5, 0.5666666666666667, 0.5333333333333333, 0.5666666666666667, 0.59375, 0.5, 0.6, 0.7333333333333333, 0.6333333333333333]
 mean: 0.581111111111111, std: 0.075925869467007
F1 (Intime): [0.4980392156862745, 0.6559139784946236, 0.3992490613266583, 0.6228571428571429, 0.6827262044653349, 0.3191489361702128, 0.4817813765182186, 0.5417156286721504, 0.34782608695652173, 0.5661846496106786, 0.5134502923976608, 0.3333333333333333, 0.5833333333333333, 0.7222222222222222, 0.6329254727474972]
 mean: 0.5267137956527909, std: 0.12556901475236187
--------------------------------------------------
Subject Number: 25
Accuracy Cross: [0.5, 0.3717948717948718, 0.4230769230769231, 0.34615384615384615, 0.5512820512820513, 0.6708860759493671, 0.5189873417721519, 0.6075949367088608, 0.7341772151898734, 0.5822784810126582, 0.4878048780487805, 0.6463414634146342, 0.5, 0.573170731707317, 0.5365853658536586]
 mean: 0.5366756121309996, std: 0.10311179743874746
F1 Score: [0.49594034797017394, 0.32270069112174377, 0.4222222222222222, 0.3274725274725275, 0.5162147793726741, 0.66828165374677, 0.5170527670527671, 0.5983270460882402, 0.7228070175438597, 0.5798549556809025, 0.4865831842576029, 0.6420292036730393, 0.4826896445607016, 0.5621662852784134, 0.5363095238095239]
 mean: 0.5253767899900774, std: 0.10893494011313834
Accuracy Intime: [0.9375, 0.75, 0.625, 0.96875, 0.9666666666666667, 0.84375, 0.59375, 0.65625, 0.7666666666666667, 0.8333333333333334, 0.5, 0.75, 0.59375, 0.5666666666666667, 0.5333333333333333]
 mean: 0.7256944444444444, std: 0.1534926456998856
F1 (Intime): [0.9375, 0.75, 0.6190476190476191, 0.9687194525904204, 0.9666295884315907, 0.8435972629521017, 0.5933528836754643, 0.6389743589743591, 0.7532314923619272, 0.8316498316498316, 0.3333333333333333, 0.7490196078431373, 0.5588547189819725, 0.4993581514762516, 0.5248868778280543]
 mean: 0.7045436786097375, std: 0.1811124214826669
--------------------------------------------------
Subject Number: 26
Accuracy Cross: [0.6623376623376623, 0.6883116883116883, 0.4805194805194805, 0.6623376623376623, 0.5194805194805194, 0.5949367088607594, 0.6075949367088608, 0.5949367088607594, 0.620253164556962, 0.7468354430379747, 0.5512820512820513, 0.5256410256410257, 0.5641025641025641, 0.5769230769230769, 0.5897435897435898]
 mean: 0.599015752180309, std: 0.0674409506850427
F1 Score: [0.6622807017543859, 0.688259109311741, 0.34523809523809523, 0.6524305555555556, 0.4767676767676768, 0.4960127591706539, 0.5305731263178072, 0.4960127591706539, 0.5611111111111111, 0.7397891963109355, 0.522977459374454, 0.5236837762006932, 0.5535353535353535, 0.5648351648351648, 0.5873015873015873]
 mean: 0.5600538954637245, std: 0.09429936330221819
Accuracy Intime: [0.9375, 0.9375, 0.96875, 1.0, 1.0, 0.875, 0.875, 0.9333333333333333, 0.9, 0.8333333333333334, 0.5625, 0.71875, 0.8666666666666667, 0.8, 0.9333333333333333]
 mean: 0.8761111111111113, std: 0.11098482406545278
F1 (Intime): [0.9375, 0.9375, 0.9687194525904204, 1.0, 1.0, 0.875, 0.8745098039215686, 0.9333333333333333, 0.8971428571428571, 0.8168498168498168, 0.45893719806763283, 0.7046153846153846, 0.8666666666666667, 0.7991071428571428, 0.9330357142857143]
 mean: 0.8668611580220359, std: 0.13303219640611189
--------------------------------------------------
Subject Number: 27
Accuracy Cross: [0.4868421052631579, 0.8421052631578947, 0.8157894736842105, 0.7631578947368421, 0.7105263157894737, 0.7564102564102564, 0.8974358974358975, 0.7051282051282052, 0.7564102564102564, 0.7564102564102564, 0.8333333333333334, 0.9487179487179487, 0.9230769230769231, 0.46153846153846156, 0.6794871794871795]
 mean: 0.7557579847053532, std: 0.1345963842850294
F1 Score: [0.47586206896551725, 0.8411149825783972, 0.8093189964157705, 0.7490829053558328, 0.700358422939068, 0.7531234382808596, 0.8973684210526316, 0.6820839978734715, 0.7494505494505495, 0.7514673821901727, 0.831980115990058, 0.948582729070534, 0.9226190476190477, 0.4558139534883721, 0.678164713649117]
 mean: 0.7497594483279599, std: 0.13746216627360347
Accuracy Intime: [0.59375, 0.875, 1.0, 0.8666666666666667, 0.9, 1.0, 0.9333333333333333, 1.0, 0.9, 0.9666666666666667, 0.75, 0.9, 1.0, 0.6666666666666666, 0.9333333333333333]
 mean: 0.8856944444444445, std: 0.12001848494459119
F1 (Intime): [0.539313399778516, 0.8745098039215686, 1.0, 0.8642533936651584, 0.899888765294772, 1.0, 0.9321266968325792, 1.0, 0.898989898989899, 0.9663299663299663, 0.7490196078431373, 0.8971428571428571, 1.0, 0.6651785714285714, 0.9321266968325792]
 mean: 0.8812586438706403, std: 0.12939940981399609
--------------------------------------------------
Subject Number: 28
Accuracy Cross: [0.631578947368421, 0.6710526315789473, 0.6447368421052632, 0.5526315789473685, 0.5394736842105263, 0.6153846153846154, 0.6923076923076923, 0.6666666666666666, 0.6410256410256411, 0.6282051282051282, 0.47560975609756095, 0.4878048780487805, 0.47560975609756095, 0.47560975609756095, 0.47560975609756095]
 mean: 0.5782204886826195, std: 0.08041518795406481
F1 Score: [0.6250880902043693, 0.670995670995671, 0.6446753246753247, 0.5523215523215523, 0.5329236172080772, 0.59375, 0.6871657754010696, 0.6657877389584708, 0.6400791034937376, 0.6281440078908433, 0.32231404958677684, 0.3477272727272727, 0.32231404958677684, 0.32231404958677684, 0.32231404958677684]
 mean: 0.525194290148233, std: 0.14535992172968606
Accuracy Intime: [0.65625, 0.53125, 0.71875, 0.6333333333333333, 0.5666666666666667, 0.5625, 0.5666666666666667, 0.6333333333333333, 0.7666666666666667, 0.8333333333333334, 0.71875, 0.6, 0.9666666666666667, 0.7333333333333333, 0.8666666666666667]
 mean: 0.6902777777777778, std: 0.12254219479906846
F1 (Intime): [0.6267232237539766, 0.43859649122807015, 0.7046153846153846, 0.5970695970695971, 0.5542857142857143, 0.5607843137254902, 0.466484268125855, 0.6228571428571429, 0.7643097643097643, 0.8237367802585194, 0.716256157635468, 0.5927601809954751, 0.9663299663299663, 0.7, 0.8642533936651584]
 mean: 0.6666041585903721, std: 0.14090287452103062
--------------------------------------------------
Subject Number: 29
Accuracy Cross: [0.7763157894736842, 0.7236842105263158, 0.7368421052631579, 0.75, 0.6710526315789473, 0.8333333333333334, 0.6153846153846154, 0.8076923076923077, 0.7692307692307693, 0.717948717948718, 0.7341772151898734, 0.7215189873417721, 0.7088607594936709, 0.7468354430379747, 0.759493670886076]
 mean: 0.7381580370920812, std: 0.05055211377984136
F1 Score: [0.771529619805482, 0.7177718832891247, 0.735191637630662, 0.7446507515473033, 0.6663740122914839, 0.831980115990058, 0.6112956810631229, 0.8061309030654515, 0.75625, 0.7149501661129568, 0.7228070175438597, 0.713768115942029, 0.7081124497991969, 0.7373670212765957, 0.7555772675460023]
 mean: 0.7329171095268886, std: 0.05082082151701746
Accuracy Intime: [0.96875, 0.90625, 0.9375, 0.9333333333333333, 0.8333333333333334, 0.75, 0.8333333333333334, 0.9, 0.8666666666666667, 0.9, 0.90625, 0.8666666666666667, 0.9, 0.8666666666666667, 0.9333333333333333]
 mean: 0.8868055555555557, std: 0.05198973070487509
F1 (Intime): [0.9687194525904204, 0.906158357771261, 0.9375, 0.9321266968325792, 0.8331479421579533, 0.746031746031746, 0.8285714285714285, 0.8971428571428571, 0.8611111111111112, 0.8971428571428571, 0.906158357771261, 0.8611111111111112, 0.8971428571428571, 0.8611111111111112, 0.9321266968325792]
 mean: 0.8843535055547421, std: 0.05318866413976977
--------------------------------------------------
**************************************************
accuracy_cross_list: [0.49925213675213675, 0.805935110211426, 0.5321382321382321, 0.6565656565656565, 0.5747571134912908, 0.3894062078272605, 0.6016764037650114, 0.5393376068376069, 0.6195758383300022, 0.5246087246087245, 0.537831229657855, 0.45591192433297695, 0.30283144570286485, 0.5560042735042735, 0.629119403802948, 0.49298245614035086, 0.7557579847053532, 0.5216688700479994, 0.4686459739091318, 0.5027759271596712, 0.5067792897987402, 0.5742102466270851, 0.5148897885739991, 0.4645793095793096, 0.5366756121309996, 0.599015752180309, 0.7557579847053532, 0.5782204886826195, 0.7381580370920812]
f1_score_list: [0.4483777435277801, 0.781518576950066, 0.5208939835565253, 0.6444537408291549, 0.5661734323190142, 0.3511667253646167, 0.5987611139943791, 0.48864773201929146, 0.6093193344160556, 0.4972894814785879, 0.46709994822335626, 0.451283438206272, 0.27874810570277014, 0.5031345264588748, 0.5908978357414524, 0.45503453532634286, 0.7497594483279599, 0.5129906953842195, 0.4611608836976535, 0.4637765462916304, 0.49572267462489267, 0.5665514867539093, 0.501556065170969, 0.45753600088136764, 0.5253767899900774, 0.5600538954637245, 0.7497594483279599, 0.525194290148233, 0.7329171095268886]
accuracy_intime_list: [0.8054824561403507, 0.9854166666666667, 0.6758333333333333, 0.8944444444444445, 0.6790277777777777, 0.7581944444444446, 0.6781944444444444, 0.80625, 0.7469444444444445, 0.6606944444444446, 0.9063888888888889, 0.5872222222222222, 0.8130555555555558, 0.6880555555555555, 0.8044444444444444, 0.8293055555555556, 0.8856944444444445, 0.6347222222222223, 0.6777777777777776, 0.7125000000000002, 0.6387499999999999, 0.7013888888888888, 0.7458333333333332, 0.581111111111111, 0.7256944444444444, 0.8761111111111113, 0.8856944444444445, 0.6902777777777778, 0.8868055555555557]
f1_score_intime_list: [0.7694329021320476, 0.9850278688173425, 0.594755920653579, 0.887127448945328, 0.6679340173084202, 0.7340083411286467, 0.6606117645442529, 0.792293375099216, 0.7345692101657085, 0.630519928216159, 0.90558326114823, 0.5423491409441803, 0.7951187690983115, 0.6658990528883979, 0.7889739180358659, 0.8232241296129323, 0.8812586438706403, 0.5827998126155632, 0.6607634240899373, 0.6837223474774546, 0.6235447563401489, 0.6816885370586111, 0.7234079469869674, 0.5267137956527909, 0.7045436786097375, 0.8668611580220359, 0.8812586438706403, 0.6666041585903721, 0.8843535055547421]
**************************************************
ACC: 55.98±10.75
F1: 53.64±11.28
Intime: 75.73±10.36
F1 (Intime): 73.60±11.66
