1e-03
Subject Number: 1
Accuracy Cross: [0.4482758620689655, 0.42758620689655175, 0.46206896551724136, 0.3724137931034483, 0.503448275862069, 0.2571428571428571, 0.33714285714285713, 0.30857142857142855, 0.32, 0.30857142857142855, 0.2988505747126437, 0.28735632183908044, 0.367816091954023, 0.3620689655172414, 0.3563218390804598]
 mean: 0.3611756978653531, std: 0.06859371532791678
F1 Score: [0.44831739669115506, 0.42192050650601587, 0.46624048617583097, 0.3618797475849701, 0.48814096515375915, 0.24367544220485396, 0.3346360429693763, 0.29914049388635816, 0.31641481740191474, 0.3051464349623596, 0.2860601146005378, 0.27742731716073865, 0.3608441945651248, 0.35395549572378837, 0.3389133223382811]
 mean: 0.3535141851950044, std: 0.07036488311892472
Accuracy Intime: [0.5857142857142857, 0.7285714285714285, 0.5, 0.6142857142857143, 0.5735294117647058, 0.6379310344827587, 0.5, 0.6206896551724138, 0.3793103448275862, 0.3620689655172414, 0.43103448275862066, 0.6379310344827587, 0.6896551724137931, 0.5172413793103449, 0.6206896551724138]
 mean: 0.5599101709649379, std: 0.10520351338011248
F1 (Intime): [0.5817871134450279, 0.7245540935672514, 0.49953095684803006, 0.5821428571428572, 0.5615163295845482, 0.5591877591877592, 0.45102339181286544, 0.5423076923076924, 0.3610248447204969, 0.34375428493075555, 0.4437580437580438, 0.6141768141768142, 0.6625457875457875, 0.5389553429027113, 0.6162195164804273]
 mean: 0.5388323218940713, std: 0.10135421376238313
--------------------------------------------------
Subject Number: 2
Accuracy Cross: [0.4097222222222222, 0.2777777777777778, 0.4375, 0.4097222222222222, 0.3680555555555556, 0.5793103448275863, 0.593103448275862, 0.6206896551724138, 0.5241379310344828, 0.8, 0.653179190751445, 0.6647398843930635, 0.7341040462427746, 0.6994219653179191, 0.5317919075144508]
 mean: 0.5535504100871851, std: 0.14382360029595093
F1 Score: [0.414712061936067, 0.26200712525447334, 0.43585008464846564, 0.4527197802197802, 0.3931445712613404, 0.5847661927263104, 0.602762899849366, 0.6220257989245331, 0.5293641809446407, 0.7883833646028768, 0.6486935807995733, 0.6660479225443753, 0.7238993437162093, 0.6992681084973174, 0.5455854241338112]
 mean: 0.5579486960039427, std: 0.13894220383551445
Accuracy Intime: [1.0, 0.9482758620689655, 1.0, 0.8103448275862069, 0.7758620689655172, 0.6724137931034483, 0.6551724137931034, 0.603448275862069, 0.4827586206896552, 0.6964285714285714, 0.7758620689655172, 0.7758620689655172, 0.8103448275862069, 0.6551724137931034, 0.625]
 mean: 0.7524630541871921, std: 0.14350523255071737
F1 (Intime): [1.0, 0.9433100881630294, 1.0, 0.7355263157894736, 0.6520655270655271, 0.6704039204039205, 0.5442582417582418, 0.5662310662310662, 0.501104797979798, 0.6784833050367854, 0.7782493368700265, 0.781439393939394, 0.7884469696969697, 0.5867718303202174, 0.6070792763263602]
 mean: 0.7222246713053871, std: 0.15501214819514775
--------------------------------------------------
Subject Number: 3
Accuracy Cross: [0.3680555555555556, 0.2708333333333333, 0.3611111111111111, 0.3958333333333333, 0.3333333333333333, 0.3129251700680272, 0.2585034013605442, 0.2789115646258503, 0.3673469387755102, 0.272108843537415, 0.23163841807909605, 0.3050847457627119, 0.3502824858757062, 0.3050847457627119, 0.327683615819209]
 mean: 0.31591577308889657, std: 0.04573786550283832
F1 Score: [0.3573925781564061, 0.23883563958034823, 0.37106595511767926, 0.4009289712353341, 0.3222059302704464, 0.3007185741859744, 0.2575209287855648, 0.26734183226183517, 0.367971661203979, 0.2712575259989053, 0.2327713848028129, 0.2952589396143651, 0.35216504688021505, 0.30350230414746543, 0.32487431875742745]
 mean: 0.31092077273325053, std: 0.04979179520413891
Accuracy Intime: [0.4666666666666667, 0.36666666666666664, 0.5, 0.25862068965517243, 0.3448275862068966, 0.27586206896551724, 0.3275862068965517, 0.3793103448275862, 0.3275862068965517, 0.26785714285714285, 0.39655172413793105, 0.39655172413793105, 0.5172413793103449, 0.41379310344827586, 0.4107142857142857]
 mean: 0.376655719759168, std: 0.0767138553586429
F1 (Intime): [0.44646190313959017, 0.33044698142414863, 0.46040909994398366, 0.20544871794871794, 0.3374272786037492, 0.2253831417624521, 0.12837837837837837, 0.3461761074239852, 0.24521973036038372, 0.19090909090909092, 0.3743720565149136, 0.38015258735072976, 0.5220912599944858, 0.3955239414814381, 0.3910263149382157]
 mean: 0.33196177267828425, std: 0.10766397867837772
--------------------------------------------------
Subject Number: 4
Accuracy Cross: [0.4413793103448276, 0.3724137931034483, 0.3103448275862069, 0.3724137931034483, 0.4206896551724138, 0.3586206896551724, 0.35172413793103446, 0.3448275862068966, 0.3793103448275862, 0.35172413793103446, 0.3448275862068966, 0.2988505747126437, 0.3390804597701149, 0.3563218390804598, 0.367816091954023]
 mean: 0.36068965517241375, std: 0.03492487959199498
F1 Score: [0.4402738538015879, 0.35691212835140873, 0.286261225481066, 0.39079666978217703, 0.4208486178584042, 0.38247986881670554, 0.351762274457177, 0.36073069862212276, 0.3937622399020808, 0.3815421944917124, 0.3340329039639772, 0.3095876986905564, 0.33851809954751133, 0.36350154357921816, 0.38524372007518076]
 mean: 0.36641691582805913, std: 0.038668275063443336
Accuracy Intime: [0.6551724137931034, 0.6206896551724138, 0.5517241379310345, 0.41379310344827586, 0.5344827586206896, 0.6379310344827587, 0.6896551724137931, 0.5172413793103449, 0.5862068965517241, 0.5344827586206896, 0.5344827586206896, 0.4482758620689655, 0.4482758620689655, 0.43103448275862066, 0.39655172413793105]
 mean: 0.5333333333333333, std: 0.08913791250731631
F1 (Intime): [0.5783790283790284, 0.5739311905133406, 0.46933711449840476, 0.36972768222768226, 0.488095238095238, 0.6292162698412698, 0.584410155062329, 0.49353832442067735, 0.5459429824561404, 0.5442857142857143, 0.5429819023569024, 0.46057692307692305, 0.4461537999768884, 0.4323732718894009, 0.36507936507936506]
 mean: 0.5016019308106203, std: 0.07599870844409089
--------------------------------------------------
Subject Number: 5
Accuracy Cross: [0.22758620689655173, 0.2620689655172414, 0.3448275862068966, 0.2827586206896552, 0.2482758620689655, 0.38513513513513514, 0.3716216216216216, 0.3783783783783784, 0.38513513513513514, 0.4594594594594595, 0.3741496598639456, 0.46938775510204084, 0.3741496598639456, 0.3877551020408163, 0.4421768707482993]
 mean: 0.3595244012485392, std: 0.07179474191718414
F1 Score: [0.1899251516324687, 0.21357478120068046, 0.3082423647372101, 0.2578547191860626, 0.21049417178433066, 0.38380764711763526, 0.37708719631458876, 0.3819671120395758, 0.3965977258483302, 0.47157265803214743, 0.3676256705601507, 0.4726679200478005, 0.3573606271777004, 0.38766009102696414, 0.45575852718709864]
 mean: 0.34881309092618296, std: 0.09010225081183869
Accuracy Intime: [0.5166666666666667, 0.5666666666666667, 0.603448275862069, 0.43103448275862066, 0.5172413793103449, 0.46551724137931033, 0.5517241379310345, 0.5344827586206896, 0.4482758620689655, 0.43103448275862066, 0.5517241379310345, 0.5689655172413793, 0.4827586206896552, 0.43103448275862066, 0.3793103448275862]
 mean: 0.49865900383141765, std: 0.06323847353137312
F1 (Intime): [0.4793712991988854, 0.503917378917379, 0.5982905982905983, 0.4211232517482517, 0.4253968253968254, 0.46585805934242186, 0.5571428571428572, 0.5352973602973603, 0.374266862170088, 0.3573232323232323, 0.5187730809919715, 0.5808088235294118, 0.49629181010667683, 0.3467016491754123, 0.3134512546277252]
 mean: 0.4649342895506065, std: 0.08582325754399092
--------------------------------------------------
Subject Number: 6
Accuracy Cross: [0.3402777777777778, 0.3125, 0.3888888888888889, 0.3402777777777778, 0.4375, 0.2857142857142857, 0.23809523809523808, 0.29931972789115646, 0.23809523809523808, 0.3333333333333333, 0.22448979591836735, 0.29931972789115646, 0.21768707482993196, 0.3333333333333333, 0.21768707482993196]
 mean: 0.30043461829176116, std: 0.06300780620744625
F1 Score: [0.3352294471697457, 0.26007776376628833, 0.3778125291421275, 0.3439548942106487, 0.42716852607775635, 0.2826675136457745, 0.23685056013527794, 0.29702467099727375, 0.23011398502700048, 0.3433588470353176, 0.2153532481890691, 0.29215249087371853, 0.21663974084798895, 0.33316890476180294, 0.21582078678970373]
 mean: 0.2938262605779663, std: 0.06316375467088313
Accuracy Intime: [0.55, 0.5666666666666667, 0.5344827586206896, 0.41379310344827586, 0.5862068965517241, 0.41379310344827586, 0.5689655172413793, 0.4827586206896552, 0.27586206896551724, 0.4107142857142857, 0.5, 0.5172413793103449, 0.5344827586206896, 0.5172413793103449, 0.5178571428571429]
 mean: 0.49267104542966617, std: 0.07957739027569258
F1 (Intime): [0.5444786535303776, 0.5528918080642219, 0.466656583156872, 0.35166164616629014, 0.4992063492063492, 0.41785714285714287, 0.564784572483406, 0.4938171344421345, 0.18375350140056024, 0.33368945868945865, 0.4577167019027484, 0.49754855889724314, 0.5190058479532164, 0.48607220666044193, 0.46105138752197583]
 mean: 0.45534610352882926, std: 0.09678252807205814
--------------------------------------------------
Subject Number: 7
Accuracy Cross: [0.35374149659863946, 0.29931972789115646, 0.35374149659863946, 0.4557823129251701, 0.40816326530612246, 0.3356164383561644, 0.3767123287671233, 0.3904109589041096, 0.4452054794520548, 0.3904109589041096, 0.3673469387755102, 0.3469387755102041, 0.2857142857142857, 0.3469387755102041, 0.3877551020408163]
 mean: 0.3695865560836207, std: 0.04512443697357365
F1 Score: [0.3656813689481286, 0.29980272009257514, 0.35953581937188495, 0.45551431779994755, 0.4205053975315891, 0.33887731625419726, 0.3730784569368817, 0.39165249494905446, 0.4646585592592852, 0.4049357200638074, 0.32099013799952053, 0.3222247333877215, 0.22314342403628118, 0.30439456484348126, 0.3596871219436397]
 mean: 0.3603121435611997, std: 0.060992286101416465
Accuracy Intime: [0.5166666666666667, 0.5172413793103449, 0.43103448275862066, 0.29310344827586204, 0.29310344827586204, 0.4166666666666667, 0.5, 0.5, 0.27586206896551724, 0.3103448275862069, 0.5833333333333334, 0.5517241379310345, 0.3620689655172414, 0.4827586206896552, 0.3793103448275862]
 mean: 0.42754789272030647, std: 0.09962042433935309
F1 (Intime): [0.5112744654770517, 0.5193031430934657, 0.4364583333333334, 0.2695723684210526, 0.2112794612794613, 0.40809721011333916, 0.4823076923076923, 0.45171990171990173, 0.2340926269497698, 0.23683615819209036, 0.5683347005742412, 0.5305555555555556, 0.34130575307045896, 0.49105990783410136, 0.2714510332434861]
 mean: 0.39757655407766673, std: 0.12049592438770167
--------------------------------------------------
Subject Number: 8
Accuracy Cross: [0.36, 0.3333333333333333, 0.32666666666666666, 0.35333333333333333, 0.3333333333333333, 0.2972972972972973, 0.27702702702702703, 0.4189189189189189, 0.35135135135135137, 0.31756756756756754, 0.30612244897959184, 0.29931972789115646, 0.24489795918367346, 0.2789115646258503, 0.2789115646258503]
 mean: 0.31846613960899667, std: 0.04151207169449886
F1 Score: [0.34270969028926546, 0.2747810586685267, 0.27082152082152083, 0.28978028711484594, 0.29563478101368196, 0.26844678310195547, 0.2724983271935823, 0.4198667839052146, 0.33422759994290924, 0.3160192338324307, 0.2871604137989906, 0.28141507744650374, 0.23996094027025405, 0.26891568589619913, 0.27682366593015306]
 mean: 0.29593745661506893, std: 0.04191569950599428
Accuracy Intime: [0.36666666666666664, 0.55, 0.7413793103448276, 0.5689655172413793, 0.46551724137931033, 0.3333333333333333, 0.4, 0.41379310344827586, 0.3275862068965517, 0.27586206896551724, 0.4, 0.36666666666666664, 0.2833333333333333, 0.4482758620689655, 0.3620689655172414]
 mean: 0.42022988505747116, std: 0.11850015409093553
F1 (Intime): [0.3630201086596435, 0.5545846868232551, 0.7041475392334793, 0.5299145299145299, 0.4476041200179131, 0.3153485374673302, 0.38828060380479734, 0.4107142857142857, 0.3020604395604396, 0.15975364504776268, 0.3924895506792059, 0.3484423702640021, 0.24808137089991592, 0.4420359210681791, 0.35728423324331254]
 mean: 0.3975841294932035, std: 0.12673859038411353
--------------------------------------------------
Subject Number: 9
Accuracy Cross: [0.42657342657342656, 0.32867132867132864, 0.3076923076923077, 0.34265734265734266, 0.34265734265734266, 0.3835616438356164, 0.3493150684931507, 0.3767123287671233, 0.3972602739726027, 0.3561643835616438, 0.3469387755102041, 0.3469387755102041, 0.3197278911564626, 0.32653061224489793, 0.36054421768707484]
 mean: 0.3541297145993819, std: 0.0301876618832096
F1 Score: [0.43168655668655664, 0.346891394193193, 0.3166157674037278, 0.3669621205247595, 0.3560614089743461, 0.39614200595829197, 0.3540423896479891, 0.40402930402930404, 0.4275018185986143, 0.3693488072211476, 0.3539447713998014, 0.35096405689648225, 0.33049265341400175, 0.3494671963596936, 0.376740551292981]
 mean: 0.368726053506726, std: 0.032061617428205895
Accuracy Intime: [0.5833333333333334, 0.5517241379310345, 0.5172413793103449, 0.41379310344827586, 0.4482758620689655, 0.5344827586206896, 0.603448275862069, 0.4482758620689655, 0.39285714285714285, 0.4107142857142857, 0.5, 0.5, 0.5, 0.42857142857142855, 0.32142857142857145]
 mean: 0.4769430760810071, std: 0.07441196355184636
F1 (Intime): [0.5826569264069265, 0.539010989010989, 0.4891248391248392, 0.3718138946399816, 0.40011178343175136, 0.5376351351351352, 0.6316771316771317, 0.4393245341614907, 0.3130323165206886, 0.32632850241545897, 0.5102108036890646, 0.48239451702720065, 0.5064922122979257, 0.4154761904761905, 0.19839908519153804]
 mean: 0.44957925741375415, std: 0.11041349340635259
--------------------------------------------------
Subject Number: 10
Accuracy Cross: [0.30344827586206896, 0.43448275862068964, 0.3724137931034483, 0.38620689655172413, 0.30344827586206896, 0.3493150684931507, 0.3561643835616438, 0.3561643835616438, 0.3493150684931507, 0.4383561643835616, 0.34415584415584416, 0.38961038961038963, 0.35064935064935066, 0.33116883116883117, 0.37662337662337664]
 mean: 0.36276819071339617, std: 0.03776250767621345
F1 Score: [0.2996729207372065, 0.44952297124710916, 0.3788073619202575, 0.4001556402421579, 0.3122636563504143, 0.3411481295892749, 0.36037873197582815, 0.34432702576758917, 0.32373261116625673, 0.44441185442930353, 0.3345245646312909, 0.3797299179253617, 0.3221972875278166, 0.31660923452293604, 0.36988980454556253]
 mean: 0.3584914475052244, std: 0.044237447382797376
Accuracy Intime: [0.38333333333333336, 0.4827586206896552, 0.46551724137931033, 0.3793103448275862, 0.3103448275862069, 0.4482758620689655, 0.39655172413793105, 0.46551724137931033, 0.39655172413793105, 0.3448275862068966, 0.5172413793103449, 0.6379310344827587, 0.5344827586206896, 0.4827586206896552, 0.43103448275862066]
 mean: 0.44509578544061307, std: 0.07971877361858323
F1 (Intime): [0.40046689303904925, 0.48123973727422, 0.47846256684491983, 0.40877596768199853, 0.293167701863354, 0.4319501955371521, 0.35526315789473684, 0.47617982639020506, 0.40903665814151746, 0.2817487460100319, 0.49999407975750687, 0.6593390804597701, 0.5581232492997199, 0.4615727249119972, 0.3459957414088839]
 mean: 0.43608775510100417, std: 0.09541786592391287
--------------------------------------------------
Subject Number: 11
Accuracy Cross: [0.19310344827586207, 0.2, 0.2413793103448276, 0.20689655172413793, 0.21379310344827587, 0.1643835616438356, 0.136986301369863, 0.2534246575342466, 0.0958904109589041, 0.19863013698630136, 0.2229299363057325, 0.2356687898089172, 0.24203821656050956, 0.2929936305732484, 0.22929936305732485]
 mean: 0.2084944945727991, std: 0.04684793377986035
F1 Score: [0.19531249999999997, 0.20145647653000595, 0.2507579160116775, 0.21529535864978902, 0.22035142639828165, 0.15492082557113443, 0.13696684124621777, 0.24650379575662656, 0.10932390947383451, 0.1781406828465652, 0.20431405353333537, 0.2155784992440519, 0.2319713450636575, 0.30138447683097036, 0.2316575458791338]
 mean: 0.20626237686901874, std: 0.04625487743219903
Accuracy Intime: [0.5166666666666667, 0.43103448275862066, 0.5, 0.39655172413793105, 0.43103448275862066, 0.6896551724137931, 0.6551724137931034, 0.5344827586206896, 0.6379310344827587, 0.5344827586206896, 0.5, 0.5862068965517241, 0.4827586206896552, 0.43103448275862066, 0.5]
 mean: 0.5218007662835249, std: 0.08457678888065698
F1 (Intime): [0.43239915572232646, 0.2876344086021505, 0.47109036030937557, 0.3322349864095595, 0.3871314105867882, 0.6415236809973652, 0.6225996225996226, 0.41250971250971247, 0.6191724941724942, 0.5212400502723084, 0.49899653347929207, 0.557960557960558, 0.458853238265003, 0.4373297491039426, 0.4675606641123882]
 mean: 0.47654910834019243, std: 0.1001801020258452
--------------------------------------------------
Subject Number: 12
Accuracy Cross: [0.3776223776223776, 0.34965034965034963, 0.36363636363636365, 0.4195804195804196, 0.38461538461538464, 0.43448275862068964, 0.35172413793103446, 0.4206896551724138, 0.38620689655172413, 0.3448275862068966, 0.3356164383561644, 0.4520547945205479, 0.4383561643835616, 0.4315068493150685, 0.4178082191780822]
 mean: 0.3938918930227385, std: 0.03762666117974075
F1 Score: [0.38236879607246244, 0.35965501792114696, 0.37787482355313573, 0.4377436542343714, 0.38449285329268973, 0.4466690962870929, 0.367347886722001, 0.43808506836365313, 0.41740333775319516, 0.3794887840569943, 0.3279454125246837, 0.4523360875233227, 0.44280764850446563, 0.44110056610056614, 0.4386480258605263]
 mean: 0.4062644705846871, std: 0.038182959540588604
Accuracy Intime: [0.5, 0.43103448275862066, 0.5517241379310345, 0.5172413793103449, 0.46551724137931033, 0.5344827586206896, 0.5344827586206896, 0.43103448275862066, 0.4107142857142857, 0.4107142857142857, 0.5, 0.5689655172413793, 0.3793103448275862, 0.32142857142857145, 0.26785714285714285]
 mean: 0.4549671592775041, std: 0.08433154479975812
F1 (Intime): [0.5144230769230769, 0.3185483870967742, 0.5430555555555556, 0.5351252944956093, 0.5002784194027388, 0.5432027649769585, 0.5471207324377514, 0.44473206973206975, 0.3472689075630252, 0.41793190706234185, 0.48787761151891584, 0.564935064935065, 0.3804137039431157, 0.28214285714285714, 0.21365335431831595]
 mean: 0.4427139804736114, std: 0.10718175076050085
--------------------------------------------------
Subject Number: 13
Accuracy Cross: [0.27586206896551724, 0.32413793103448274, 0.33793103448275863, 0.33793103448275863, 0.3310344827586207, 0.348993288590604, 0.3959731543624161, 0.3221476510067114, 0.33557046979865773, 0.37583892617449666, 0.18243243243243243, 0.20270270270270271, 0.1891891891891892, 0.20945945945945946, 0.21621621621621623]
 mean: 0.2923613361104683, std: 0.07025404396067315
F1 Score: [0.25152023299942633, 0.30036630036630035, 0.31431558381463265, 0.294776676026676, 0.2923076923076923, 0.34494973051409616, 0.38804598868526374, 0.306066568927766, 0.3290219167377096, 0.361104826546003, 0.1811435822061933, 0.169811320754717, 0.19482071643216223, 0.20289449112978525, 0.17865034846166922]
 mean: 0.27398639839400624, std: 0.06984291396603375
Accuracy Intime: [0.43333333333333335, 0.36666666666666664, 0.5, 0.4482758620689655, 0.46551724137931033, 0.4827586206896552, 0.41379310344827586, 0.5862068965517241, 0.46551724137931033, 0.3793103448275862, 0.6206896551724138, 0.4827586206896552, 0.4482758620689655, 0.5862068965517241, 0.4827586206896552]
 mean: 0.47747126436781606, std: 0.07054862422950262
F1 (Intime): [0.29375, 0.347696106316796, 0.4870962370962371, 0.46055555555555555, 0.46225071225071224, 0.43000000000000005, 0.38232959850606907, 0.5778985197227688, 0.3907759846961299, 0.29642857142857143, 0.5560127499275572, 0.4579548991313697, 0.44495233120020894, 0.5712543728135931, 0.4736694677871148]
 mean: 0.4421750070955123, std: 0.08587534895459727
--------------------------------------------------
Subject Number: 14
Accuracy Cross: [0.19863013698630136, 0.19863013698630136, 0.19863013698630136, 0.19863013698630136, 0.19863013698630136, 0.363013698630137, 0.410958904109589, 0.410958904109589, 0.3904109589041096, 0.3835616438356164, 0.3783783783783784, 0.35135135135135137, 0.34459459459459457, 0.3581081081081081, 0.31756756756756754]
 mean: 0.3134703196347032, std: 0.08440484062229363
F1 Score: [0.08285714285714285, 0.08285714285714285, 0.08285714285714285, 0.08285714285714285, 0.08285714285714285, 0.37589977851605755, 0.41965764290836916, 0.4096088575671153, 0.39755579808186214, 0.4009663097898392, 0.4049072072999211, 0.3748523895752736, 0.3878401288162524, 0.39296982726666174, 0.33305068226120854]
 mean: 0.2874396224245517, std: 0.1458887342558327
Accuracy Intime: [0.5666666666666667, 0.5517241379310345, 0.5689655172413793, 0.5344827586206896, 0.5, 0.4, 0.3793103448275862, 0.3793103448275862, 0.3793103448275862, 0.3793103448275862, 0.4666666666666667, 0.4482758620689655, 0.4827586206896552, 0.46551724137931033, 0.4827586206896552]
 mean: 0.4656704980842912, std: 0.06793206094052624
F1 (Intime): [0.5658263305322129, 0.5332125603864735, 0.535448827901658, 0.5562504671417956, 0.5200385718288532, 0.40582010582010575, 0.37454212454212454, 0.34681372549019607, 0.37515380646185603, 0.37638352638352635, 0.44297438672438677, 0.44649516511585474, 0.46103750051118464, 0.4724945533769063, 0.4757867132867133]
 mean: 0.4592185577002566, std: 0.06987147040205721
--------------------------------------------------
Subject Number: 15
Accuracy Cross: [0.3767123287671233, 0.3904109589041096, 0.4315068493150685, 0.4041095890410959, 0.4657534246575342, 0.20833333333333334, 0.2361111111111111, 0.2777777777777778, 0.3333333333333333, 0.24305555555555555, 0.43448275862068964, 0.4, 0.3931034482758621, 0.3310344827586207, 0.3586206896551724]
 mean: 0.3522897094070924, std: 0.0762182557782591
F1 Score: [0.36807990389831824, 0.39469223945825493, 0.4252857977212864, 0.4071777119089911, 0.4757561132561132, 0.22192028985507248, 0.24030995502442615, 0.28002037178507766, 0.3548844936568917, 0.24532420563161972, 0.39712621890861605, 0.40300665046664264, 0.3777570901969837, 0.3345883135636146, 0.3350014342290325]
 mean: 0.35072871930406274, std: 0.07194721264671398
Accuracy Intime: [0.6551724137931034, 0.6206896551724138, 0.603448275862069, 0.5862068965517241, 0.5357142857142857, 0.5, 0.5517241379310345, 0.5517241379310345, 0.5689655172413793, 0.5344827586206896, 0.41379310344827586, 0.5689655172413793, 0.4827586206896552, 0.39655172413793105, 0.30357142857142855]
 mean: 0.5249178981937602, std: 0.09011347416905359
F1 (Intime): [0.6732456140350878, 0.5892063492063492, 0.5981047937569677, 0.6054356933389191, 0.5638508664824454, 0.48850752422180993, 0.4988859180035651, 0.5413215208564046, 0.544300766283525, 0.5189099849425937, 0.39221626456873404, 0.5779349078341014, 0.44937008619873076, 0.3838888888888889, 0.20634920634920634]
 mean: 0.5087685589978219, std: 0.1112848454293273
--------------------------------------------------
Subject Number: 16
Accuracy Cross: [0.3356643356643357, 0.2727272727272727, 0.2867132867132867, 0.3076923076923077, 0.32167832167832167, 0.32167832167832167, 0.3076923076923077, 0.27972027972027974, 0.32867132867132864, 0.2867132867132867, 0.2986111111111111, 0.3402777777777778, 0.3055555555555556, 0.2708333333333333, 0.375]
 mean: 0.3092819217819217, std: 0.027687362397546225
F1 Score: [0.28330768380307547, 0.25875434285272597, 0.2552905911074179, 0.28998085892885234, 0.2823099931023336, 0.30286718112805067, 0.3076465136005795, 0.27524861350162555, 0.30274891774891777, 0.28676000772682697, 0.2982364956008098, 0.31163292696856726, 0.3046344609028847, 0.2785273368606702, 0.37071443669414506]
 mean: 0.29391069070183223, std: 0.026229230606777836
Accuracy Intime: [0.5, 0.3620689655172414, 0.43103448275862066, 0.4107142857142857, 0.42857142857142855, 0.43103448275862066, 0.29310344827586204, 0.29310344827586204, 0.35714285714285715, 0.3392857142857143, 0.3620689655172414, 0.4482758620689655, 0.5172413793103449, 0.5535714285714286, 0.42857142857142855]
 mean: 0.4103858784893268, std: 0.07437304402939729
F1 (Intime): [0.4744643357763627, 0.3116459627329192, 0.4340817955369039, 0.3499194847020934, 0.41020800904521837, 0.36146905725853096, 0.27933875191205826, 0.2340962819686224, 0.2879885814668423, 0.26102941176470584, 0.2527163305139883, 0.39403794037940376, 0.3933333333333333, 0.5544151453684922, 0.3855489417989418]
 mean: 0.35895289090389443, std: 0.08683500152415913
--------------------------------------------------
Subject Number: 17
Accuracy Cross: [0.3194444444444444, 0.3958333333333333, 0.4236111111111111, 0.4375, 0.4097222222222222, 0.4557823129251701, 0.4897959183673469, 0.4897959183673469, 0.5102040816326531, 0.5510204081632653, 0.3767123287671233, 0.4246575342465753, 0.3904109589041096, 0.5273972602739726, 0.3493150684931507]
 mean: 0.43674686008345504, std: 0.06457115253952851
F1 Score: [0.32375319757487864, 0.3936773752563226, 0.4166344359907986, 0.4555693133157922, 0.406827731092437, 0.4712504453562275, 0.5052153215074563, 0.48797206538457866, 0.5166546416546416, 0.5540740487392859, 0.3904739411116359, 0.4149284641504682, 0.3959920103609984, 0.5262766163375919, 0.37118261309437783]
 mean: 0.44203214806183283, std: 0.0638243871085531
Accuracy Intime: [0.45, 0.7068965517241379, 0.7068965517241379, 0.41379310344827586, 0.6379310344827587, 0.7413793103448276, 0.6724137931034483, 0.5689655172413793, 0.603448275862069, 0.5535714285714286, 0.5517241379310345, 0.5172413793103449, 0.4827586206896552, 0.5172413793103449, 0.4642857142857143]
 mean: 0.5725697865353038, std: 0.09890541700775224
F1 (Intime): [0.4338588588588589, 0.6971428571428572, 0.6867106625258799, 0.3762061810974855, 0.5116869918699187, 0.7427402437544425, 0.6712301587301588, 0.5375972941315091, 0.582581278370752, 0.4373983739837398, 0.5544602456367163, 0.5093798295180141, 0.48783068783068784, 0.5066328374274401, 0.4632773356911287]
 mean: 0.5465822557713059, std: 0.10519919087855936
--------------------------------------------------
Subject Number: 18
Accuracy Cross: [0.3877551020408163, 0.42857142857142855, 0.38095238095238093, 0.4421768707482993, 0.3401360544217687, 0.3333333333333333, 0.3197278911564626, 0.36054421768707484, 0.36054421768707484, 0.38095238095238093, 0.29333333333333333, 0.31333333333333335, 0.3333333333333333, 0.3466666666666667, 0.37333333333333335]
 mean: 0.3596462585034013, std: 0.039596770542961374
F1 Score: [0.36061463046757164, 0.40455151797239003, 0.3915028275796031, 0.45489437857530923, 0.34267776645825426, 0.35375184516975555, 0.30164856770208404, 0.3688859605087015, 0.3831642358909322, 0.4066375779061774, 0.3353090707741871, 0.32870535419555025, 0.3514401911869523, 0.36102827117607217, 0.3889684534619409]
 mean: 0.3689187099350322, std: 0.03635613328756622
Accuracy Intime: [0.48333333333333334, 0.5333333333333333, 0.43103448275862066, 0.4482758620689655, 0.27586206896551724, 0.5666666666666667, 0.48333333333333334, 0.5, 0.3275862068965517, 0.3448275862068966, 0.4666666666666667, 0.48333333333333334, 0.5517241379310345, 0.3620689655172414, 0.43103448275862066]
 mean: 0.4459386973180077, std: 0.08229688846594738
F1 (Intime): [0.4317609474832476, 0.5173796791443851, 0.4501100468842405, 0.4507007007007007, 0.2675138481590094, 0.512278664731495, 0.4587761470985155, 0.49159560004943764, 0.32357056765734776, 0.3715437788018433, 0.4446465696465697, 0.5019385856079405, 0.5499073992415557, 0.3661118293471235, 0.3397907647907648]
 mean: 0.4318416752896118, std: 0.07871687805648883
--------------------------------------------------
Subject Number: 19
Accuracy Cross: [0.4965034965034965, 0.4755244755244755, 0.46153846153846156, 0.48951048951048953, 0.5594405594405595, 0.3561643835616438, 0.3767123287671233, 0.4589041095890411, 0.3698630136986301, 0.4383561643835616, 0.2945205479452055, 0.2602739726027397, 0.3287671232876712, 0.410958904109589, 0.3424657534246575]
 mean: 0.40796691892582293, std: 0.08113851857399187
F1 Score: [0.5009436001976773, 0.4876719941788435, 0.4726298475646906, 0.5028053464541542, 0.577048392732355, 0.3889645354200912, 0.38168691738056376, 0.47628281138567335, 0.4001236115960838, 0.4583709811076492, 0.28839452124326853, 0.22372503840245775, 0.2960645573270712, 0.3966916751393557, 0.3333614664522479]
 mean: 0.4123176864388121, std: 0.09354376525415925
Accuracy Intime: [0.5166666666666667, 0.603448275862069, 0.603448275862069, 0.6379310344827587, 0.6379310344827587, 0.6551724137931034, 0.5517241379310345, 0.7758620689655172, 0.6607142857142857, 0.6428571428571429, 0.43103448275862066, 0.5, 0.6551724137931034, 0.5535714285714286, 0.5535714285714286]
 mean: 0.5986070060207992, std: 0.0806416733724876
F1 (Intime): [0.44134615384615383, 0.6087179487179487, 0.6193121693121693, 0.6463060714673619, 0.6646709612226853, 0.6163087457205104, 0.5518915866741954, 0.7801892551892552, 0.6548203432845789, 0.6306818181818181, 0.34866721066231465, 0.5176292335115864, 0.6621814121814122, 0.5468362282878412, 0.5525396148797683]
 mean: 0.5894732502093067, std: 0.09939085378888676
--------------------------------------------------
Subject Number: 20
Accuracy Cross: [0.3125, 0.3055555555555556, 0.3055555555555556, 0.3472222222222222, 0.3055555555555556, 0.3706293706293706, 0.3146853146853147, 0.34265734265734266, 0.3776223776223776, 0.3356643356643357, 0.31756756756756754, 0.31756756756756754, 0.24324324324324326, 0.35135135135135137, 0.36486486486486486]
 mean: 0.327482814982815, std: 0.03281582752544963
F1 Score: [0.3076619033140772, 0.29191146470828233, 0.2954354308433366, 0.34646475469362, 0.30130702785165026, 0.37261697434111224, 0.328513900830285, 0.35949737214050576, 0.3880748915283609, 0.35321486082355646, 0.2988754540478678, 0.31537444037444035, 0.2435775721835366, 0.3611192178607908, 0.39130474132015053]
 mean: 0.33033000045743827, std: 0.04017915543902161
Accuracy Intime: [0.4827586206896552, 0.603448275862069, 0.43103448275862066, 0.4107142857142857, 0.39285714285714285, 0.5689655172413793, 0.6379310344827587, 0.7241379310344828, 0.46551724137931033, 0.5178571428571429, 0.5344827586206896, 0.6206896551724138, 0.6206896551724138, 0.4107142857142857, 0.48214285714285715]
 mean: 0.5269293924466338, std: 0.09607897006111997
F1 (Intime): [0.4742109933218139, 0.614102564102564, 0.3592760180995475, 0.40997315378120336, 0.3836111111111111, 0.5603811763708788, 0.6534246979074566, 0.7251989620805213, 0.4689638318670577, 0.49374999999999997, 0.5389318885448917, 0.6372377622377623, 0.638106477838972, 0.3317653890824622, 0.4585839598997494]
 mean: 0.5165011990830661, std: 0.1152961232053498
--------------------------------------------------
Subject Number: 21
Accuracy Cross: [0.2733333333333333, 0.2866666666666667, 0.29333333333333333, 0.30666666666666664, 0.24, 0.29931972789115646, 0.272108843537415, 0.2653061224489796, 0.2108843537414966, 0.23809523809523808, 0.28378378378378377, 0.32432432432432434, 0.36486486486486486, 0.33783783783783783, 0.31756756756756754]
 mean: 0.2876061776061776, std: 0.03901446592099221
F1 Score: [0.2570554295431863, 0.2839233143909573, 0.29081245473650535, 0.3016062884483937, 0.231953235802685, 0.3092981231513538, 0.2711805279916735, 0.26142963514519735, 0.20860477426933122, 0.2279252610134963, 0.2669856459330143, 0.3129129129129129, 0.35626438353695017, 0.3193138536666905, 0.2944756632256632]
 mean: 0.2795827669178674, std: 0.037723165739334485
Accuracy Intime: [0.4, 0.4666666666666667, 0.39655172413793105, 0.3620689655172414, 0.43103448275862066, 0.31666666666666665, 0.45, 0.4, 0.3448275862068966, 0.4482758620689655, 0.3333333333333333, 0.2833333333333333, 0.41379310344827586, 0.27586206896551724, 0.41379310344827586]
 mean: 0.38241379310344825, std: 0.05824339555235356
F1 (Intime): [0.37675070028011204, 0.45327614480840284, 0.3895905172413793, 0.33817848817848817, 0.4283929090380703, 0.27235930735930736, 0.4625, 0.32393483709273185, 0.29090354090354087, 0.4487179487179487, 0.2577380952380952, 0.22641853676336435, 0.41173691526514106, 0.1813186813186813, 0.4177655677655677]
 mean: 0.3519721459980555, std: 0.08657128664327426
--------------------------------------------------
Subject Number: 22
Accuracy Cross: [0.4791666666666667, 0.4236111111111111, 0.4375, 0.4236111111111111, 0.3541666666666667, 0.42953020134228187, 0.4161073825503356, 0.44966442953020136, 0.46308724832214765, 0.436241610738255, 0.47770700636942676, 0.4585987261146497, 0.4968152866242038, 0.445859872611465, 0.4267515923566879]
 mean: 0.44122792747434736, std: 0.03260756648694959
F1 Score: [0.4830058377467501, 0.4403158569825236, 0.4492086038961039, 0.4483484297445047, 0.38648430933034467, 0.4416191955124904, 0.42568542568542567, 0.45505205345190286, 0.48381231671554253, 0.44856853980417194, 0.47426534515736396, 0.454037743078839, 0.5089052826340962, 0.4439940366986814, 0.4408714685809066]
 mean: 0.4522782963346431, std: 0.027288008638587238
Accuracy Intime: [0.5333333333333333, 0.4666666666666667, 0.65, 0.5666666666666667, 0.41379310344827586, 0.5172413793103449, 0.5344827586206896, 0.5172413793103449, 0.4482758620689655, 0.42857142857142855, 0.5, 0.46551724137931033, 0.46551724137931033, 0.3793103448275862, 0.4107142857142857]
 mean: 0.4864887794198139, std: 0.06749670145311094
F1 (Intime): [0.527985312899106, 0.48263560763560764, 0.6553118530020703, 0.5518082368082369, 0.41033573517126143, 0.5272157787370769, 0.5362399771774032, 0.5302564102564102, 0.45145399650405216, 0.3437337557253406, 0.5115728021978022, 0.36295081967213116, 0.45269343229869546, 0.3791559653628619, 0.339375]
 mean: 0.47084831222987045, std: 0.08736370740304254
--------------------------------------------------
Subject Number: 23
Accuracy Cross: [0.2847222222222222, 0.3472222222222222, 0.3819444444444444, 0.3472222222222222, 0.3680555555555556, 0.35664335664335667, 0.3706293706293706, 0.3916083916083916, 0.4125874125874126, 0.4195804195804196, 0.25170068027210885, 0.2789115646258503, 0.36054421768707484, 0.3129251700680272, 0.35374149659863946]
 mean: 0.3492025831311546, std: 0.04675407967882262
F1 Score: [0.2909876290327856, 0.3564632170764246, 0.39816438157334355, 0.36574378462725293, 0.377748348143085, 0.35352815395580894, 0.3703268094134967, 0.3967241736591582, 0.43034748978067183, 0.43617914302845806, 0.23907511722637773, 0.2720284746699841, 0.3538244047619048, 0.3003026851766348, 0.369459706959707]
 mean: 0.3540602346056729, std: 0.054377049551168205
Accuracy Intime: [0.6896551724137931, 0.5689655172413793, 0.46551724137931033, 0.4107142857142857, 0.4107142857142857, 0.5689655172413793, 0.5517241379310345, 0.3793103448275862, 0.3620689655172414, 0.5, 0.5517241379310345, 0.5862068965517241, 0.4827586206896552, 0.4107142857142857, 0.42857142857142855]
 mean: 0.49117405582922824, std: 0.0898853559409815
F1 (Intime): [0.69017094017094, 0.5860864805692392, 0.4704908792785407, 0.3769764957264957, 0.3488749046529367, 0.5788439046333783, 0.5621345029239766, 0.3553343837535014, 0.27497125853790494, 0.4095744680851064, 0.5661858974358974, 0.5798701298701299, 0.4897161908640072, 0.42146770595046457, 0.3979833715034264]
 mean: 0.47391210093039626, std: 0.1123897229532695
--------------------------------------------------
Subject Number: 24
Accuracy Cross: [0.2689655172413793, 0.2482758620689655, 0.2689655172413793, 0.27586206896551724, 0.31724137931034485, 0.3150684931506849, 0.2671232876712329, 0.23972602739726026, 0.3767123287671233, 0.21232876712328766, 0.25675675675675674, 0.25675675675675674, 0.2972972972972973, 0.3716216216216216, 0.2905405405405405]
 mean: 0.2842161481273432, std: 0.04413836926751765
F1 Score: [0.27458798511430094, 0.2506719483568075, 0.26495387461464237, 0.27201322389420884, 0.3220815922533977, 0.3171350989441475, 0.2480596004423206, 0.24404270292267483, 0.3824206349206349, 0.2098546486990423, 0.260676732450926, 0.25713115713115714, 0.3029076186970924, 0.37746186806466664, 0.29511559617564515]
 mean: 0.285274285512111, std: 0.04675047620477932
Accuracy Intime: [0.2833333333333333, 0.4827586206896552, 0.3620689655172414, 0.3620689655172414, 0.3620689655172414, 0.43103448275862066, 0.39655172413793105, 0.3275862068965517, 0.3275862068965517, 0.27586206896551724, 0.3103448275862069, 0.3448275862068966, 0.3793103448275862, 0.3448275862068966, 0.41379310344827586]
 mean: 0.36026819923371645, std: 0.05336307907884966
F1 (Intime): [0.2634418721375243, 0.486187898751566, 0.3465542521994135, 0.3672222222222222, 0.312854609929078, 0.42460499908775773, 0.3989673052173053, 0.3373033877797943, 0.3357097763347764, 0.24931077694235587, 0.2841396591396591, 0.3047035191247715, 0.3836385836385836, 0.3458384208384208, 0.4121657754010695]
 mean: 0.3501762039162865, std: 0.0619663860441759
--------------------------------------------------
Subject Number: 25
Accuracy Cross: [0.21768707482993196, 0.41496598639455784, 0.35374149659863946, 0.3741496598639456, 0.2925170068027211, 0.4189189189189189, 0.38513513513513514, 0.33783783783783783, 0.41216216216216217, 0.3581081081081081, 0.4342105263157895, 0.47368421052631576, 0.4473684210526316, 0.4934210526315789, 0.4473684210526316]
 mean: 0.3907517345487271, std: 0.06961816518991203
F1 Score: [0.2307000350126045, 0.42328540389034497, 0.36941498186478106, 0.38772090069102444, 0.3013613017134144, 0.42849898580121704, 0.38167236931891774, 0.32301008137253817, 0.4179919115969999, 0.3352815800184221, 0.4537427483749432, 0.49237191816751186, 0.4641825297758361, 0.506781362739092, 0.4765780141843972]
 mean: 0.39950627496813634, std: 0.07501611906120965
Accuracy Intime: [0.5, 0.5833333333333334, 0.5333333333333333, 0.5344827586206896, 0.5689655172413793, 0.48333333333333334, 0.43333333333333335, 0.4827586206896552, 0.46551724137931033, 0.46551724137931033, 0.4666666666666667, 0.6166666666666667, 0.5344827586206896, 0.4482758620689655, 0.5344827586206896]
 mean: 0.5100766283524905, std: 0.0514140841921442
F1 (Intime): [0.46417874396135267, 0.5767836257309942, 0.4679078014184397, 0.5471153846153847, 0.5756896551724138, 0.3973063973063973, 0.42621046338718754, 0.40824622531939603, 0.4591182091182091, 0.3909090909090909, 0.41946169772256725, 0.5935483870967743, 0.521062441752097, 0.4443788770297391, 0.5079284750337382]
 mean: 0.4799896983715854, std: 0.06681870352550263
--------------------------------------------------
Subject Number: 26
Accuracy Cross: [0.4068965517241379, 0.36551724137931035, 0.3931034482758621, 0.4206896551724138, 0.3448275862068966, 0.47619047619047616, 0.4489795918367347, 0.46938775510204084, 0.3401360544217687, 0.4489795918367347, 0.3422818791946309, 0.33557046979865773, 0.37583892617449666, 0.38926174496644295, 0.3221476510067114]
 mean: 0.3919872415524877, std: 0.049690456372304924
F1 Score: [0.39949255651209303, 0.3533666551471784, 0.3919374712127695, 0.3837558663707218, 0.31289494351219505, 0.44658136246996716, 0.4389768791443466, 0.46124859664058493, 0.32699366725756174, 0.42404694835680756, 0.35514687536932227, 0.34409666076332746, 0.4045343081052646, 0.4040623385803224, 0.3459710820990568]
 mean: 0.3862070807694346, std: 0.04372580334000416
Accuracy Intime: [0.6333333333333333, 0.75, 0.6206896551724138, 0.41379310344827586, 0.5689655172413793, 0.6206896551724138, 0.5344827586206896, 0.4827586206896552, 0.5, 0.4827586206896552, 0.603448275862069, 0.6379310344827587, 0.6206896551724138, 0.4482758620689655, 0.5172413793103449]
 mean: 0.5623371647509577, std: 0.08654769588267715
F1 (Intime): [0.6512925969447709, 0.746985446985447, 0.6149732620320856, 0.4252430930699182, 0.501207729468599, 0.6397392060272384, 0.5237972153294734, 0.4928485005617492, 0.5212703962703963, 0.3357022234731213, 0.6154785641181153, 0.6367675699572252, 0.6201298701298701, 0.43087186565447433, 0.4083708708708709]
 mean: 0.544311894059557, std: 0.10969173213068414
--------------------------------------------------
Subject Number: 27
Accuracy Cross: [0.3194444444444444, 0.3958333333333333, 0.4236111111111111, 0.4375, 0.4097222222222222, 0.4557823129251701, 0.4897959183673469, 0.4897959183673469, 0.5102040816326531, 0.5510204081632653, 0.3767123287671233, 0.4246575342465753, 0.3904109589041096, 0.5273972602739726, 0.3493150684931507]
 mean: 0.43674686008345504, std: 0.06457115253952851
F1 Score: [0.32375319757487864, 0.3936773752563226, 0.4166344359907986, 0.4555693133157922, 0.406827731092437, 0.4712504453562275, 0.5052153215074563, 0.48797206538457866, 0.5166546416546416, 0.5540740487392859, 0.3904739411116359, 0.4149284641504682, 0.3959920103609984, 0.5262766163375919, 0.37118261309437783]
 mean: 0.44203214806183283, std: 0.0638243871085531
Accuracy Intime: [0.45, 0.7068965517241379, 0.7068965517241379, 0.41379310344827586, 0.6379310344827587, 0.7413793103448276, 0.6724137931034483, 0.5689655172413793, 0.603448275862069, 0.5535714285714286, 0.5517241379310345, 0.5172413793103449, 0.4827586206896552, 0.5172413793103449, 0.4642857142857143]
 mean: 0.5725697865353038, std: 0.09890541700775224
F1 (Intime): [0.4338588588588589, 0.6971428571428572, 0.6867106625258799, 0.3762061810974855, 0.5116869918699187, 0.7427402437544425, 0.6712301587301588, 0.5375972941315091, 0.582581278370752, 0.4373983739837398, 0.5544602456367163, 0.5093798295180141, 0.48783068783068784, 0.5066328374274401, 0.4632773356911287]
 mean: 0.5465822557713059, std: 0.10519919087855936
--------------------------------------------------
Subject Number: 28
Accuracy Cross: [0.34265734265734266, 0.35664335664335667, 0.23076923076923078, 0.2727272727272727, 0.32167832167832167, 0.2602739726027397, 0.21232876712328766, 0.3013698630136986, 0.23972602739726026, 0.3013698630136986, 0.19078947368421054, 0.19078947368421054, 0.19078947368421054, 0.18421052631578946, 0.18421052631578946]
 mean: 0.25202223275402796, std: 0.05888016413810629
F1 Score: [0.3356096222567071, 0.3497222024046242, 0.2427197400200034, 0.2751579664890428, 0.30537923114239607, 0.23719844025752057, 0.2006578947368421, 0.29011164274322165, 0.18710825293135727, 0.2727309254551299, 0.08011049723756906, 0.08011049723756906, 0.08011049723756906, 0.07777777777777778, 0.0782122905027933]
 mean: 0.20618116522867497, std: 0.09888152168678983
Accuracy Intime: [0.4166666666666667, 0.3620689655172414, 0.43103448275862066, 0.3793103448275862, 0.39655172413793105, 0.4482758620689655, 0.3620689655172414, 0.4827586206896552, 0.5178571428571429, 0.5178571428571429, 0.6206896551724138, 0.6724137931034483, 0.8275862068965517, 0.6071428571428571, 0.7321428571428571]
 mean: 0.5182950191570881, std: 0.13918407160978405
F1 (Intime): [0.4147619047619048, 0.30557275541795664, 0.3899018232819074, 0.36610688932670354, 0.31818302387267905, 0.43712962962962965, 0.32178318135764944, 0.4645577395577396, 0.5225095785440613, 0.5040322580645161, 0.6077745783628137, 0.6736397058823529, 0.823076923076923, 0.6423223834988541, 0.7387096774193549]
 mean: 0.5020041368036698, std: 0.15684162130394608
--------------------------------------------------
Subject Number: 29
Accuracy Cross: [0.35664335664335667, 0.4125874125874126, 0.3706293706293706, 0.3916083916083916, 0.4195804195804196, 0.4689655172413793, 0.4206896551724138, 0.43448275862068964, 0.46206896551724136, 0.4413793103448276, 0.4391891891891892, 0.42567567567567566, 0.43243243243243246, 0.4527027027027027, 0.4189189189189189]
 mean: 0.42317027179096145, std: 0.030135615257034256
F1 Score: [0.3524380844783144, 0.4028959079639567, 0.3755446669828452, 0.3935776343407059, 0.4122782446311858, 0.4515953793997175, 0.42659492758787243, 0.44625996418614655, 0.46443850267379677, 0.4603794829024187, 0.43329014735264737, 0.4115691801724484, 0.4028548644338118, 0.42255273321449793, 0.40591748161841623]
 mean: 0.41747914679591874, std: 0.03008766254199428
Accuracy Intime: [0.6724137931034483, 0.6206896551724138, 0.5344827586206896, 0.5344827586206896, 0.5689655172413793, 0.5689655172413793, 0.5689655172413793, 0.4827586206896552, 0.30357142857142855, 0.4107142857142857, 0.6206896551724138, 0.5517241379310345, 0.5517241379310345, 0.44642857142857145, 0.44642857142857145]
 mean: 0.5255336617405583, std: 0.09080006936926799
F1 (Intime): [0.670940170940171, 0.6262554112554113, 0.5278735632183907, 0.5309843284099577, 0.5499401913875598, 0.5492380432805966, 0.5802085369827306, 0.4862365591397849, 0.2696271894060472, 0.3732314657611771, 0.6172779922779923, 0.4926108374384236, 0.5323671497584541, 0.4111776408176003, 0.4212121212121212]
 mean: 0.5092787467524278, std: 0.10173264022452544
--------------------------------------------------
**************************************************
accuracy_cross_list: [0.3611756978653531, 0.5535504100871851, 0.31591577308889657, 0.36068965517241375, 0.3595244012485392, 0.30043461829176116, 0.3695865560836207, 0.31846613960899667, 0.3541297145993819, 0.36276819071339617, 0.2084944945727991, 0.3938918930227385, 0.2923613361104683, 0.3134703196347032, 0.3522897094070924, 0.3092819217819217, 0.43674686008345504, 0.3596462585034013, 0.40796691892582293, 0.327482814982815, 0.2876061776061776, 0.44122792747434736, 0.3492025831311546, 0.2842161481273432, 0.3907517345487271, 0.3919872415524877, 0.43674686008345504, 0.25202223275402796, 0.42317027179096145]
f1_score_list: [0.3535141851950044, 0.5579486960039427, 0.31092077273325053, 0.36641691582805913, 0.34881309092618296, 0.2938262605779663, 0.3603121435611997, 0.29593745661506893, 0.368726053506726, 0.3584914475052244, 0.20626237686901874, 0.4062644705846871, 0.27398639839400624, 0.2874396224245517, 0.35072871930406274, 0.29391069070183223, 0.44203214806183283, 0.3689187099350322, 0.4123176864388121, 0.33033000045743827, 0.2795827669178674, 0.4522782963346431, 0.3540602346056729, 0.285274285512111, 0.39950627496813634, 0.3862070807694346, 0.44203214806183283, 0.20618116522867497, 0.41747914679591874]
accuracy_intime_list: [0.5599101709649379, 0.7524630541871921, 0.376655719759168, 0.5333333333333333, 0.49865900383141765, 0.49267104542966617, 0.42754789272030647, 0.42022988505747116, 0.4769430760810071, 0.44509578544061307, 0.5218007662835249, 0.4549671592775041, 0.47747126436781606, 0.4656704980842912, 0.5249178981937602, 0.4103858784893268, 0.5725697865353038, 0.4459386973180077, 0.5986070060207992, 0.5269293924466338, 0.38241379310344825, 0.4864887794198139, 0.49117405582922824, 0.36026819923371645, 0.5100766283524905, 0.5623371647509577, 0.5725697865353038, 0.5182950191570881, 0.5255336617405583]
f1_score_intime_list: [0.5388323218940713, 0.7222246713053871, 0.33196177267828425, 0.5016019308106203, 0.4649342895506065, 0.45534610352882926, 0.39757655407766673, 0.3975841294932035, 0.44957925741375415, 0.43608775510100417, 0.47654910834019243, 0.4427139804736114, 0.4421750070955123, 0.4592185577002566, 0.5087685589978219, 0.35895289090389443, 0.5465822557713059, 0.4318416752896118, 0.5894732502093067, 0.5165011990830661, 0.3519721459980555, 0.47084831222987045, 0.47391210093039626, 0.3501762039162865, 0.4799896983715854, 0.544311894059557, 0.5465822557713059, 0.5020041368036698, 0.5092787467524278]
**************************************************
ACC: 35.57±6.65
F1: 35.21±7.39
Intime: 49.63±7.74
F1 (Intime): 47.23±7.93
