1e-03
Subject Number: 1
Accuracy Cross: [0.7352941176470589, 0.7941176470588235, 0.6470588235294118, 0.7941176470588235, 0.6617647058823529, 0.7435897435897436, 0.7692307692307693, 0.6794871794871795, 0.7307692307692307, 0.7692307692307693, 0.6623376623376623, 0.7142857142857143, 0.6493506493506493, 0.6493506493506493, 0.6753246753246753]
 mean: 0.7116873322755677, std: 0.05253141402640995
F1 Score: [0.68125, 0.7746212121212122, 0.5866261398176291, 0.7648221343873518, 0.5575671852899575, 0.7408637873754154, 0.7450980392156863, 0.648964896489649, 0.6802654694514934, 0.7678571428571428, 0.6490182328190743, 0.699645390070922, 0.6290811775200713, 0.6455242966751918, 0.6672428694900605]
 mean: 0.6825631982387237, std: 0.064121546092145
Accuracy Intime: [0.90625, 0.9375, 0.7666666666666667, 0.6333333333333333, 0.6666666666666666, 0.9642857142857143, 0.8928571428571429, 0.7142857142857143, 0.6153846153846154, 0.8846153846153846, 0.8571428571428571, 0.8571428571428571, 0.6428571428571429, 0.7307692307692307, 0.7692307692307693]
 mean: 0.789265873015873, std: 0.11439684696269505
F1 (Intime): [0.8981972428419936, 0.9307359307359306, 0.730423620025674, 0.576379974326059, 0.4, 0.9631093544137023, 0.8857142857142857, 0.672514619883041, 0.5112781954887218, 0.8755980861244019, 0.8571428571428571, 0.8571428571428571, 0.6111111111111112, 0.7271364317841079, 0.7636363636363637]
 mean: 0.7506747286914073, std: 0.16190679344002795
--------------------------------------------------
Subject Number: 2
Accuracy Cross: [0.7205882352941176, 0.6764705882352942, 0.6029411764705882, 0.7058823529411765, 0.5441176470588235, 0.8823529411764706, 0.8529411764705882, 0.8970588235294118, 0.8235294117647058, 0.6911764705882353, 0.8846153846153846, 0.7435897435897436, 0.9358974358974359, 0.8846153846153846, 0.5641025641025641]
 mean: 0.7606586224233284, std: 0.12504250348064275
F1 Score: [0.7200433369447454, 0.6761904761904762, 0.5764705882352941, 0.6993810786914235, 0.5208001818595136, 0.877145438121048, 0.8390151515151515, 0.8931537598204264, 0.8068181818181819, 0.6101556101556102, 0.8736273627362736, 0.7291666666666666, 0.9297929792979298, 0.8736273627362736, 0.44611528822055135]
 mean: 0.7381002308673045, std: 0.14433036111040412
Accuracy Intime: [0.9642857142857143, 1.0, 0.9642857142857143, 0.8846153846153846, 1.0, 1.0, 1.0, 1.0, 0.7692307692307693, 0.8076923076923077, 0.9285714285714286, 0.9642857142857143, 0.9285714285714286, 0.7307692307692307, 0.6153846153846154]
 mean: 0.9038461538461539, std: 0.11527118094119199
F1 (Intime): [0.9638709677419355, 1.0, 0.9631093544137023, 0.880184331797235, 1.0, 1.0, 1.0, 1.0, 0.75625, 0.8074074074074074, 0.9285714285714286, 0.9638709677419355, 0.9251336898395721, 0.7097288676236044, 0.38095238095238093]
 mean: 0.8852719597392801, std: 0.16239452763070114
--------------------------------------------------
Subject Number: 3
Accuracy Cross: [0.6029411764705882, 0.6176470588235294, 0.7941176470588235, 0.5735294117647058, 0.4264705882352941, 0.5571428571428572, 0.5857142857142857, 0.4857142857142857, 0.5571428571428572, 0.5, 0.5063291139240507, 0.5063291139240507, 0.45569620253164556, 0.5569620253164557, 0.5822784810126582]
 mean: 0.5538676736517392, std: 0.08341429000228356
F1 Score: [0.5958617653532907, 0.5952380952380952, 0.793939393939394, 0.5712111328549685, 0.29896907216494845, 0.5293862502710909, 0.5856297203510921, 0.47500000000000003, 0.5133437990580848, 0.4949494949494949, 0.5050602409638554, 0.4852130325814536, 0.4184215031672659, 0.48230668414154654, 0.5315363881401618]
 mean: 0.5250711048783162, std: 0.10261503110220768
Accuracy Intime: [0.6071428571428571, 0.8571428571428571, 0.8928571428571429, 0.5714285714285714, 0.5714285714285714, 0.7857142857142857, 0.75, 0.6071428571428571, 0.9615384615384616, 0.5769230769230769, 0.6785714285714286, 0.7142857142857143, 0.6428571428571429, 0.6538461538461539, 0.5769230769230769]
 mean: 0.6965201465201465, std: 0.12291356025498767
F1 (Intime): [0.6025806451612903, 0.8571428571428571, 0.8893280632411067, 0.36363636363636365, 0.36363636363636365, 0.7846153846153847, 0.7333333333333334, 0.561877667140825, 0.9610194902548725, 0.5606758832565284, 0.6571428571428571, 0.6888888888888889, 0.6354166666666667, 0.6405529953917051, 0.36585365853658536]
 mean: 0.6443800745363751, std: 0.18002163448557346
--------------------------------------------------
Subject Number: 4
Accuracy Cross: [0.8115942028985508, 0.7536231884057971, 0.8405797101449275, 0.7246376811594203, 0.782608695652174, 0.7536231884057971, 0.7536231884057971, 0.7246376811594203, 0.8115942028985508, 0.8260869565217391, 0.782051282051282, 0.782051282051282, 0.8205128205128205, 0.8589743589743589, 0.8205128205128205]
 mean: 0.789780750650316, std: 0.04008929916057196
F1 Score: [0.8075520274619181, 0.7430449069003286, 0.8259573492318275, 0.7187298862904956, 0.7667342799188641, 0.739622641509434, 0.7527924130663857, 0.7160493827160493, 0.7978363759296823, 0.8118181818181818, 0.7612961296129612, 0.7570983696647737, 0.8017429193899782, 0.8363532328819379, 0.7939622641509434]
 mean: 0.7753726907029176, std: 0.036836758219151805
Accuracy Intime: [0.9642857142857143, 1.0, 0.8928571428571429, 0.6428571428571429, 0.6538461538461539, 1.0, 0.8928571428571429, 0.75, 0.8214285714285714, 0.6923076923076923, 1.0, 0.8571428571428571, 0.8928571428571429, 0.8571428571428571, 0.7307692307692307]
 mean: 0.8432234432234432, std: 0.12021322859960633
F1 (Intime): [0.9638709677419355, 1.0, 0.8916129032258064, 0.5625, 0.6533333333333333, 1.0, 0.89272030651341, 0.7333333333333334, 0.8008534850640114, 0.6848484848484848, 1.0, 0.8541666666666667, 0.8857142857142857, 0.8502673796791445, 0.7097288676236044]
 mean: 0.8321966675829344, std: 0.1328842481465234
--------------------------------------------------
Subject Number: 5
Accuracy Cross: [0.75, 0.7647058823529411, 0.7794117647058824, 0.5735294117647058, 0.6617647058823529, 0.7, 0.7285714285714285, 0.7285714285714285, 0.7714285714285715, 0.8, 0.6231884057971014, 0.5797101449275363, 0.6521739130434783, 0.6521739130434783, 0.8260869565217391]
 mean: 0.7060877684407096, std: 0.07636354585261237
F1 Score: [0.7288294628196106, 0.7371980676328502, 0.7561558689935453, 0.5712111328549685, 0.6489337822671155, 0.6984615384615385, 0.7188755020080322, 0.7271794871794872, 0.7278911564625851, 0.7822222222222222, 0.6224747474747474, 0.5797101449275363, 0.6515151515151515, 0.6515151515151515, 0.8196864111498258]
 mean: 0.6947906551656247, std: 0.06942506082837786
Accuracy Intime: [1.0, 0.9642857142857143, 0.8571428571428571, 0.8214285714285714, 0.7692307692307693, 1.0, 0.8928571428571429, 0.8214285714285714, 0.5384615384615384, 0.6923076923076923, 0.9642857142857143, 0.9285714285714286, 0.8214285714285714, 0.6538461538461539, 0.6923076923076923]
 mean: 0.8278388278388277, std: 0.1331805367702729
F1 (Intime): [1.0, 0.9638709677419355, 0.8502673796791445, 0.8193548387096774, 0.706766917293233, 1.0, 0.8916129032258064, 0.8095238095238095, 0.5125, 0.5666666666666667, 0.9638709677419355, 0.9282051282051282, 0.8095238095238095, 0.6267942583732058, 0.675]
 mean: 0.8082638431122902, std: 0.15319130888164179
--------------------------------------------------
Subject Number: 6
Accuracy Cross: [0.6417910447761194, 0.5970149253731343, 0.5522388059701493, 0.4925373134328358, 0.6716417910447762, 0.6376811594202898, 0.6086956521739131, 0.6811594202898551, 0.6376811594202898, 0.6521739130434783, 0.5652173913043478, 0.4782608695652174, 0.4492753623188406, 0.5942028985507246, 0.4927536231884058]
 mean: 0.5834883553248251, std: 0.07263409177782677
F1 Score: [0.6417112299465241, 0.5966555183946489, 0.549731182795699, 0.46575984990619135, 0.6277777777777778, 0.6327443048754524, 0.6073761854583772, 0.6805555555555556, 0.596679915828852, 0.6296958855098389, 0.5651260504201681, 0.4590592334494774, 0.3804347826086957, 0.5934343434343434, 0.47693307342430147]
 mean: 0.5669116592923935, std: 0.08150011510157798
Accuracy Intime: [0.75, 0.75, 0.7857142857142857, 0.5714285714285714, 0.7307692307692307, 0.7142857142857143, 0.7142857142857143, 0.6153846153846154, 0.46153846153846156, 0.6538461538461539, 0.6785714285714286, 0.8214285714285714, 0.6153846153846154, 0.8076923076923077, 0.7692307692307693]
 mean: 0.695970695970696, std: 0.09483218656409975
F1 (Intime): [0.7333333333333334, 0.7333333333333334, 0.78125, 0.36363636363636365, 0.7097288676236044, 0.7128205128205127, 0.6888888888888889, 0.6130952380952381, 0.3157894736842105, 0.6067226890756303, 0.6679841897233202, 0.8212005108556832, 0.6130952380952381, 0.8050974512743628, 0.7450980392156863]
 mean: 0.6607382753103604, std: 0.1412896911322405
--------------------------------------------------
Subject Number: 7
Accuracy Cross: [0.6911764705882353, 0.6176470588235294, 0.7352941176470589, 0.75, 0.6470588235294118, 0.6323529411764706, 0.5294117647058824, 0.5441176470588235, 0.5588235294117647, 0.6470588235294118, 0.5507246376811594, 0.5362318840579711, 0.5652173913043478, 0.6086956521739131, 0.5942028985507246]
 mean: 0.6138675760159135, std: 0.06813453453604414
F1 Score: [0.6894977168949772, 0.5888372093023255, 0.7267857142857144, 0.7288294628196106, 0.5617615467239527, 0.6135485337576723, 0.493953488372093, 0.5208001818595136, 0.5446428571428572, 0.6263736263736264, 0.5492096944151739, 0.5282051282051282, 0.5643939393939394, 0.6057142857142856, 0.5899830220713073]
 mean: 0.5955024271554784, std: 0.06955181051521282
Accuracy Intime: [0.8214285714285714, 0.6785714285714286, 0.5357142857142857, 0.5769230769230769, 0.6153846153846154, 0.7142857142857143, 0.8571428571428571, 0.6785714285714286, 0.5769230769230769, 0.6153846153846154, 0.8928571428571429, 0.8928571428571429, 0.6785714285714286, 0.7692307692307693, 0.7307692307692307]
 mean: 0.708974358974359, std: 0.11300292090161873
F1 (Intime): [0.8155467720685112, 0.6748387096774193, 0.5351213282247764, 0.519327731092437, 0.38095238095238093, 0.6888888888888889, 0.8502673796791445, 0.6781609195402298, 0.5438596491228069, 0.6130952380952381, 0.89272030651341, 0.8916129032258064, 0.6748387096774193, 0.75625, 0.6720720720720721]
 mean: 0.6791701992553694, std: 0.14204258617468957
--------------------------------------------------
Subject Number: 8
Accuracy Cross: [0.6285714285714286, 0.7428571428571429, 0.7714285714285715, 0.6857142857142857, 0.7571428571428571, 0.5942028985507246, 0.4927536231884058, 0.6521739130434783, 0.6811594202898551, 0.7971014492753623, 0.4852941176470588, 0.5735294117647058, 0.4852941176470588, 0.5, 0.5441176470588235]
 mean: 0.6260893922786507, std: 0.10716808151120308
F1 Score: [0.6022727272727273, 0.7286821705426356, 0.7552447552447552, 0.6258503401360545, 0.7277510867078472, 0.5792682926829269, 0.4557133198106829, 0.6515151515151515, 0.6810924369747899, 0.7896341463414633, 0.48518278174345664, 0.5726977248104008, 0.48518278174345664, 0.4929824561403509, 0.5359894342945191]
 mean: 0.6112706403974146, std: 0.10483295684442615
Accuracy Intime: [0.8571428571428571, 0.9285714285714286, 0.8571428571428571, 0.6923076923076923, 0.6538461538461539, 0.6785714285714286, 0.5357142857142857, 0.8214285714285714, 0.6923076923076923, 0.6923076923076923, 0.9642857142857143, 0.8214285714285714, 0.6071428571428571, 0.6428571428571429, 0.7307692307692307]
 mean: 0.745054945054945, std: 0.1191948934057832
F1 (Intime): [0.8571428571428571, 0.9270833333333333, 0.8502673796791445, 0.6904761904761905, 0.48115299334811534, 0.6781609195402298, 0.5351213282247764, 0.8212005108556832, 0.6904761904761905, 0.6904761904761905, 0.9638709677419355, 0.8155467720685112, 0.5809523809523809, 0.6428571428571429, 0.7097288676236044]
 mean: 0.7289676016530857, std: 0.13596151848224416
--------------------------------------------------
Subject Number: 9
Accuracy Cross: [0.7164179104477612, 0.6567164179104478, 0.5970149253731343, 0.8059701492537313, 0.7014925373134329, 0.5882352941176471, 0.6176470588235294, 0.8088235294117647, 0.8676470588235294, 0.7647058823529411, 0.7714285714285715, 0.7714285714285715, 0.6428571428571429, 0.7, 0.6428571428571429]
 mean: 0.7102161461599564, std: 0.08268748224439694
F1 Score: [0.7164179104477612, 0.6554884864744019, 0.5911864406779661, 0.8057971014492754, 0.6898148148148149, 0.5878787878787879, 0.6146469049694856, 0.8015712682379349, 0.856439127375088, 0.7542908762420958, 0.7697368421052632, 0.7666666666666666, 0.625668449197861, 0.6811971372804164, 0.6300993447474107]
 mean: 0.703126677237682, std: 0.08282816590211801
Accuracy Intime: [0.9285714285714286, 0.8571428571428571, 0.8571428571428571, 0.8461538461538461, 0.6153846153846154, 0.5714285714285714, 0.75, 0.7692307692307693, 0.8461538461538461, 0.8076923076923077, 0.9285714285714286, 0.8928571428571429, 0.7307692307692307, 0.7307692307692307, 0.6538461538461539]
 mean: 0.7857142857142855, std: 0.10651879870765821
F1 (Intime): [0.9270833333333333, 0.8571428571428571, 0.8444444444444444, 0.8424242424242425, 0.38095238095238093, 0.36363636363636365, 0.7470967741935484, 0.7692307692307693, 0.8424242424242425, 0.7657657657657657, 0.9282051282051282, 0.89272030651341, 0.7303703703703703, 0.7303703703703703, 0.6533333333333333]
 mean: 0.7516800454893705, std: 0.166761516889187
--------------------------------------------------
Subject Number: 10
Accuracy Cross: [0.47761194029850745, 0.6865671641791045, 0.7164179104477612, 0.7611940298507462, 0.7910447761194029, 0.6470588235294118, 0.6617647058823529, 0.7058823529411765, 0.6176470588235294, 0.6911764705882353, 0.726027397260274, 0.5616438356164384, 0.6164383561643836, 0.726027397260274, 0.726027397260274]
 mean: 0.6741686410814582, std: 0.07799480079758804
F1 Score: [0.3849986886965644, 0.6820338983050847, 0.6886769381266813, 0.7598566308243728, 0.7800187617260788, 0.6470588235294118, 0.6616915422885572, 0.7058823529411765, 0.6091954022988506, 0.6894977168949772, 0.7217987804878049, 0.5472868217054263, 0.6105182926829269, 0.7255639097744361, 0.725975975975976]
 mean: 0.6626703024172217, std: 0.0947109517849024
Accuracy Intime: [0.5714285714285714, 0.8214285714285714, 0.8928571428571429, 0.8846153846153846, 0.5769230769230769, 0.8214285714285714, 0.8571428571428571, 0.7307692307692307, 0.8461538461538461, 0.7692307692307693, 0.8928571428571429, 0.6785714285714286, 0.7692307692307693, 0.8846153846153846, 0.7307692307692307]
 mean: 0.7818681318681319, std: 0.10365944414603513
F1 (Intime): [0.36363636363636365, 0.8212005108556832, 0.8916129032258064, 0.880184331797235, 0.5438596491228069, 0.8212005108556832, 0.8571428571428571, 0.7204301075268817, 0.8452380952380952, 0.7692307692307693, 0.8916129032258064, 0.6415362731152205, 0.7450980392156863, 0.8830584707646176, 0.7271364317841079]
 mean: 0.7601452144491748, std: 0.14358087938831945
--------------------------------------------------
Subject Number: 11
Accuracy Cross: [0.4264705882352941, 0.45588235294117646, 0.36764705882352944, 0.4411764705882353, 0.35294117647058826, 0.5507246376811594, 0.463768115942029, 0.34782608695652173, 0.3333333333333333, 0.34782608695652173, 0.5333333333333333, 0.49333333333333335, 0.4533333333333333, 0.5466666666666666, 0.52]
 mean: 0.4422841716396704, std: 0.07477897278252803
F1 Score: [0.388235294117647, 0.4557646549859399, 0.3254901960784314, 0.4392361111111111, 0.3041860465116279, 0.5314348302300109, 0.45646157121566955, 0.34285714285714286, 0.315948275862069, 0.34562697576396206, 0.5320021394187913, 0.4888809182209469, 0.44704189893903973, 0.532624633431085, 0.3656015037593985]
 mean: 0.4180928128335249, std: 0.07944334432024586
Accuracy Intime: [0.6071428571428571, 0.7857142857142857, 0.5714285714285714, 0.5, 0.6153846153846154, 0.75, 0.75, 0.6428571428571429, 0.7307692307692307, 0.5, 0.7142857142857143, 0.6428571428571429, 0.5714285714285714, 0.6538461538461539, 0.6923076923076923]
 mean: 0.6485347985347986, std: 0.08615147887405765
F1 (Intime): [0.5942028985507246, 0.7846153846153847, 0.36363636363636365, 0.4269005847953216, 0.5751633986928104, 0.7211948790896159, 0.7333333333333334, 0.6428571428571429, 0.7271364317841079, 0.4609250398724083, 0.7083333333333333, 0.6111111111111112, 0.36363636363636365, 0.6267942583732058, 0.6848484848484848]
 mean: 0.6016459339019808, std: 0.13316070622099382
--------------------------------------------------
Subject Number: 12
Accuracy Cross: [0.7164179104477612, 0.7164179104477612, 0.746268656716418, 0.7761194029850746, 0.7611940298507462, 0.782608695652174, 0.7971014492753623, 0.7681159420289855, 0.7681159420289855, 0.6956521739130435, 0.7058823529411765, 0.8235294117647058, 0.7941176470588235, 0.8676470588235294, 0.9264705882352942]
 mean: 0.7763772781446561, std: 0.059896853155983094
F1 Score: [0.7123163841807909, 0.7070195627157653, 0.715605493133583, 0.758703481392557, 0.7485928705440901, 0.780952380952381, 0.7839892665474061, 0.7490909090909091, 0.7531305903398926, 0.6537634408602151, 0.7048611111111112, 0.8196286472148542, 0.793939393939394, 0.8640906062624916, 0.9236812570145903]
 mean: 0.7646243596866688, std: 0.06567780612127608
Accuracy Intime: [0.9285714285714286, 0.9642857142857143, 0.9285714285714286, 0.8461538461538461, 0.7307692307692307, 0.9642857142857143, 0.9642857142857143, 0.9230769230769231, 0.8076923076923077, 0.7692307692307693, 0.8214285714285714, 0.8928571428571429, 0.7307692307692307, 0.7307692307692307, 0.5769230769230769]
 mean: 0.8386446886446886, std: 0.11049497756134859
F1 (Intime): [0.9270833333333333, 0.9631093544137023, 0.9270833333333333, 0.8424242424242425, 0.6941176470588235, 0.9638709677419355, 0.9638709677419355, 0.9212121212121211, 0.7926634768740032, 0.7450980392156863, 0.8212005108556832, 0.89272030651341, 0.7204301075268817, 0.7204301075268817, 0.4358974358974359]
 mean: 0.8220807967779608, std: 0.13912829090026102
--------------------------------------------------
Subject Number: 13
Accuracy Cross: [0.417910447761194, 0.417910447761194, 0.40298507462686567, 0.417910447761194, 0.43283582089552236, 0.6, 0.6714285714285714, 0.5428571428571428, 0.7285714285714285, 0.7285714285714285, 0.6231884057971014, 0.7391304347826086, 0.6666666666666666, 0.8260869565217391, 0.8115942028985508]
 mean: 0.6018431651267472, std: 0.1478361738237151
F1 Score: [0.29473684210526313, 0.29473684210526313, 0.2872340425531915, 0.29473684210526313, 0.3020833333333333, 0.5916666666666667, 0.6713615023474178, 0.49275362318840576, 0.7258297258297258, 0.7280719689225107, 0.6224747474747474, 0.7295296167247387, 0.6595151255095473, 0.8196864111498258, 0.8090270385352353]
 mean: 0.5548962885700757, std: 0.19954903330672571
Accuracy Intime: [0.8571428571428571, 1.0, 0.8571428571428571, 0.8928571428571429, 0.8846153846153846, 0.6428571428571429, 0.7857142857142857, 0.8461538461538461, 0.9615384615384616, 0.6538461538461539, 0.8214285714285714, 0.5714285714285714, 0.8076923076923077, 0.7307692307692307, 0.8076923076923077]
 mean: 0.8080586080586081, std: 0.11355990763085072
F1 (Intime): [0.8564102564102565, 1.0, 0.8444444444444444, 0.8857142857142857, 0.8755980861244019, 0.6354166666666667, 0.78125, 0.8375, 0.9610194902548725, 0.6405529953917051, 0.8212005108556832, 0.36363636363636365, 0.8050974512743628, 0.7271364317841079, 0.8003072196620584]
 mean: 0.789018946814614, std: 0.14895293541579668
--------------------------------------------------
Subject Number: 14
Accuracy Cross: [0.4411764705882353, 0.4264705882352941, 0.4264705882352941, 0.4264705882352941, 0.4264705882352941, 0.7941176470588235, 0.7058823529411765, 0.7352941176470589, 0.75, 0.7205882352941176, 0.8260869565217391, 0.7681159420289855, 0.8260869565217391, 0.7971014492753623, 0.855072463768116]
 mean: 0.6616936629724354, std: 0.16876540145170865
F1 Score: [0.32708333333333334, 0.29896907216494845, 0.29896907216494845, 0.29896907216494845, 0.29896907216494845, 0.793939393939394, 0.7035745422842197, 0.7350649350649351, 0.7473224043715847, 0.7190693629049794, 0.8118181818181818, 0.759581881533101, 0.8148479427549196, 0.7664410058027079, 0.8402777777777777]
 mean: 0.6143264700163286, std: 0.2218522571972609
Accuracy Intime: [1.0, 1.0, 1.0, 1.0, 0.9230769230769231, 0.9285714285714286, 0.9285714285714286, 0.7857142857142857, 0.8461538461538461, 0.9230769230769231, 0.9285714285714286, 0.9285714285714286, 0.8928571428571429, 0.9230769230769231, 0.8846153846153846]
 mean: 0.9261904761904762, std: 0.05820776762872836
F1 (Intime): [1.0, 1.0, 1.0, 1.0, 0.9150326797385621, 0.9270833333333333, 0.9251336898395721, 0.7857142857142857, 0.8375, 0.91875, 0.9270833333333333, 0.9282051282051282, 0.8893280632411067, 0.9212121212121211, 0.880184331797235]
 mean: 0.9236817977609787, std: 0.059432514002451454
--------------------------------------------------
Subject Number: 15
Accuracy Cross: [0.6521739130434783, 0.8115942028985508, 0.6811594202898551, 0.6666666666666666, 0.6376811594202898, 0.8529411764705882, 0.5735294117647058, 0.8823529411764706, 0.8235294117647058, 0.6764705882352942, 0.8970588235294118, 0.6029411764705882, 0.8529411764705882, 0.8676470588235294, 0.8382352941176471]
 mean: 0.7544614947428248, std: 0.11042620147930912
F1 Score: [0.6521008403361345, 0.790273556231003, 0.6810924369747899, 0.6663863779693084, 0.6349206349206349, 0.8528138528138528, 0.5374149659863945, 0.880701754385965, 0.8233766233766234, 0.6753472222222222, 0.8968580715059589, 0.5764705882352941, 0.8528138528138528, 0.856439127375088, 0.8299613548533757]
 mean: 0.7471314173333666, std: 0.1154245114494562
Accuracy Intime: [1.0, 0.9642857142857143, 0.9642857142857143, 0.9615384615384616, 0.8461538461538461, 0.9642857142857143, 0.8928571428571429, 0.9642857142857143, 0.9615384615384616, 0.7692307692307693, 1.0, 1.0, 0.9642857142857143, 0.7307692307692307, 0.8846153846153846]
 mean: 0.9245421245421246, std: 0.08088232262601443
F1 (Intime): [1.0, 0.9631093544137023, 0.9631093544137023, 0.9614814814814814, 0.8375, 0.9631093544137023, 0.8857142857142857, 0.9631093544137023, 0.9610194902548725, 0.7678571428571428, 1.0, 1.0, 0.9638709677419355, 0.7097288676236044, 0.8689075630252101]
 mean: 0.9205678144235562, std: 0.08559999947873864
--------------------------------------------------
Subject Number: 16
Accuracy Cross: [0.7014925373134329, 0.5373134328358209, 0.47761194029850745, 0.5522388059701493, 0.43283582089552236, 0.47761194029850745, 0.6268656716417911, 0.7313432835820896, 0.5522388059701493, 0.5223880597014925, 0.3880597014925373, 0.5074626865671642, 0.47761194029850745, 0.5074626865671642, 0.40298507462686567]
 mean: 0.5263681592039801, std: 0.094940182621903
F1 Score: [0.6998207885304659, 0.48139825218476906, 0.4369747899159664, 0.5214285714285715, 0.43169642857142854, 0.4733887267011003, 0.5978391356542617, 0.7128571428571429, 0.5347222222222222, 0.5222816399286987, 0.35105126387904556, 0.5074626865671642, 0.47005649717514125, 0.5070234113712375, 0.35077519379844957]
 mean: 0.5065851167190444, std: 0.10048780380259491
Accuracy Intime: [0.7142857142857143, 0.5714285714285714, 0.8846153846153846, 0.6923076923076923, 0.6153846153846154, 0.5357142857142857, 0.5, 0.8076923076923077, 0.5384615384615384, 0.6153846153846154, 0.8214285714285714, 0.75, 0.8461538461538461, 0.8846153846153846, 0.8076923076923077]
 mean: 0.7056776556776557, std: 0.1300464320713647
F1 (Intime): [0.7005347593582887, 0.36363636363636365, 0.8830584707646176, 0.6601307189542484, 0.38095238095238093, 0.3488372093023256, 0.47593582887700536, 0.8050974512743628, 0.35, 0.38095238095238093, 0.8212005108556832, 0.7333333333333334, 0.8424242424242425, 0.8830584707646176, 0.7815126050420168]
 mean: 0.6273776484327912, std: 0.20912819086963083
--------------------------------------------------
Subject Number: 17
Accuracy Cross: [0.9117647058823529, 0.9264705882352942, 0.8970588235294118, 0.8823529411764706, 0.9264705882352942, 0.9130434782608695, 0.9130434782608695, 0.9565217391304348, 0.9130434782608695, 0.7536231884057971, 0.9411764705882353, 0.8970588235294118, 0.9411764705882353, 0.9411764705882353, 0.9411764705882353]
 mean: 0.9103438476840011, std: 0.04631548783415302
F1 Score: [0.9089285714285715, 0.9236812570145903, 0.8931537598204264, 0.877145438121048, 0.9244947812569397, 0.9098432055749129, 0.9087301587301587, 0.9555889294142887, 0.9098432055749129, 0.7310249942673699, 0.9403508771929825, 0.8964992389649924, 0.9403508771929825, 0.9407149084568439, 0.9407149084568439]
 mean: 0.9067376740978575, std: 0.051397469456984264
Accuracy Intime: [0.9642857142857143, 1.0, 0.9642857142857143, 1.0, 0.9615384615384616, 1.0, 1.0, 1.0, 0.8846153846153846, 0.8846153846153846, 0.9285714285714286, 0.8928571428571429, 1.0, 1.0, 0.9615384615384616]
 mean: 0.9628205128205128, std: 0.04319238966442103
F1 (Intime): [0.9638709677419355, 1.0, 0.9631093544137023, 1.0, 0.9585326953748006, 1.0, 1.0, 1.0, 0.8844444444444444, 0.8689075630252101, 0.9282051282051282, 0.89272030651341, 1.0, 1.0, 0.9614814814814814]
 mean: 0.9614181294133409, std: 0.04527160917417894
--------------------------------------------------
Subject Number: 18
Accuracy Cross: [0.6086956521739131, 0.5942028985507246, 0.6811594202898551, 0.6231884057971014, 0.855072463768116, 0.6470588235294118, 0.5735294117647058, 0.5882352941176471, 0.6176470588235294, 0.5441176470588235, 0.7857142857142857, 0.6428571428571429, 0.6857142857142857, 0.7428571428571429, 0.6571428571428571]
 mean: 0.6564795193439694, std: 0.08094505241576139
F1 Score: [0.6083666176161446, 0.5792682926829269, 0.6778438030560272, 0.5760869565217391, 0.8535653650254669, 0.6314363143631436, 0.5659255998239049, 0.575, 0.612280701754386, 0.5359894342945191, 0.7754010695187166, 0.641025641025641, 0.6846846846846847, 0.742014742014742, 0.6428571428571428]
 mean: 0.6467830910159458, std: 0.08455544776680124
Accuracy Intime: [0.75, 0.9285714285714286, 0.8214285714285714, 0.46153846153846156, 0.8461538461538461, 0.9285714285714286, 0.9642857142857143, 0.8928571428571429, 0.8928571428571429, 0.6153846153846154, 0.8571428571428571, 0.8214285714285714, 0.8214285714285714, 0.7692307692307693, 0.6153846153846154]
 mean: 0.7990842490842491, std: 0.13421997195702184
F1 (Intime): [0.7496807151979565, 0.9270833333333333, 0.8095238095238095, 0.3157894736842105, 0.8194444444444444, 0.9285714285714286, 0.9638709677419355, 0.8893280632411067, 0.8893280632411067, 0.606060606060606, 0.8541666666666667, 0.8155467720685112, 0.8212005108556832, 0.7678571428571428, 0.38095238095238093]
 mean: 0.7692269585626881, std: 0.18558397712123034
--------------------------------------------------
Subject Number: 19
Accuracy Cross: [0.7761194029850746, 0.7313432835820896, 0.7611940298507462, 0.7611940298507462, 0.7611940298507462, 0.75, 0.6911764705882353, 0.7647058823529411, 0.7941176470588235, 0.5735294117647058, 0.35294117647058826, 0.38235294117647056, 0.4117647058823529, 0.5588235294117647, 0.5147058823529411]
 mean: 0.6390108282118817, std: 0.1533029517782237
F1 Score: [0.7542186353631695, 0.7264065335753176, 0.7403100775193798, 0.7292929292929293, 0.7225672877846792, 0.7499459225611076, 0.6905742145178765, 0.7645021645021646, 0.793939393939394, 0.5659255998239049, 0.3041860465116279, 0.34615384615384615, 0.3857271906052394, 0.5572916666666667, 0.513759479956663]
 mean: 0.6229867325849311, std: 0.16060354598757096
Accuracy Intime: [0.9285714285714286, 0.8571428571428571, 0.8571428571428571, 0.8461538461538461, 0.8076923076923077, 0.9285714285714286, 0.8571428571428571, 0.8461538461538461, 0.6923076923076923, 0.8076923076923077, 0.9642857142857143, 1.0, 1.0, 0.9230769230769231, 0.9230769230769231]
 mean: 0.8826007326007326, std: 0.07906786651645395
F1 (Intime): [0.9282051282051282, 0.8571428571428571, 0.8541666666666667, 0.8375, 0.7657657657657657, 0.9282051282051282, 0.8502673796791445, 0.8424242424242425, 0.6923076923076923, 0.8050974512743628, 0.9638709677419355, 1.0, 1.0, 0.9230769230769231, 0.91875]
 mean: 0.8777853468326564, std: 0.08284350800366384
--------------------------------------------------
Subject Number: 20
Accuracy Cross: [0.6119402985074627, 0.6567164179104478, 0.6716417910447762, 0.7313432835820896, 0.7761194029850746, 0.6716417910447762, 0.7164179104477612, 0.7611940298507462, 0.8208955223880597, 0.8656716417910447, 0.6666666666666666, 0.6231884057971014, 0.6811594202898551, 0.5217391304347826, 0.6956521739130435]
 mean: 0.6981325257769126, std: 0.08294561537194918
F1 Score: [0.5914634146341464, 0.641043559282553, 0.6543151969981238, 0.7208333333333333, 0.7542186353631695, 0.6587962962962963, 0.7070195627157653, 0.7585585585585586, 0.8085714285714285, 0.8612197928653624, 0.652354874041621, 0.6192699490662139, 0.6005263157894737, 0.5180952380952382, 0.6247086247086246]
 mean: 0.6780663186879939, std: 0.08713850798301288
Accuracy Intime: [1.0, 1.0, 0.9230769230769231, 0.8846153846153846, 0.6153846153846154, 0.9285714285714286, 0.7857142857142857, 0.8461538461538461, 0.8461538461538461, 0.6923076923076923, 0.8928571428571429, 0.9642857142857143, 0.8461538461538461, 0.5384615384615384, 0.6153846153846154]
 mean: 0.8252747252747252, std: 0.14133380535344012
F1 (Intime): [1.0, 1.0, 0.9230769230769231, 0.880184331797235, 0.4583333333333333, 0.9270833333333333, 0.7666666666666666, 0.8461538461538461, 0.8424242424242425, 0.6090225563909775, 0.8893280632411067, 0.9631093544137023, 0.8424242424242425, 0.5125, 0.38095238095238093]
 mean: 0.7894172849471993, std: 0.19475428272685322
--------------------------------------------------
Subject Number: 21
Accuracy Cross: [0.5857142857142857, 0.5571428571428572, 0.6285714285714286, 0.6428571428571429, 0.5714285714285714, 0.4852941176470588, 0.5882352941176471, 0.7058823529411765, 0.5147058823529411, 0.5882352941176471, 0.5507246376811594, 0.4782608695652174, 0.5072463768115942, 0.5507246376811594, 0.5217391304347826]
 mean: 0.5651175252709779, std: 0.059768079842134815
F1 Score: [0.5849519525659375, 0.5563279492946227, 0.6236559139784946, 0.5408029388611912, 0.5714285714285714, 0.48429035752979416, 0.5700090334236676, 0.6837209302325582, 0.5120678408349641, 0.5878787878787879, 0.5314348302300109, 0.4646551724137931, 0.5046452702702703, 0.5507246376811594, 0.5180952380952382]
 mean: 0.552312628314604, std: 0.05374468904321956
Accuracy Intime: [0.6071428571428571, 0.7142857142857143, 0.6071428571428571, 0.6538461538461539, 0.6153846153846154, 0.7142857142857143, 0.9285714285714286, 0.7857142857142857, 0.6785714285714286, 0.6923076923076923, 0.5714285714285714, 0.5714285714285714, 0.7142857142857143, 0.6538461538461539, 0.7307692307692307]
 mean: 0.6826007326007325, std: 0.08901475745350412
F1 (Intime): [0.5942028985507246, 0.7083333333333333, 0.4490161001788909, 0.5783783783783785, 0.38095238095238093, 0.7005347593582887, 0.9270833333333333, 0.7543859649122806, 0.5902439024390245, 0.5666666666666667, 0.36363636363636365, 0.36363636363636365, 0.6888888888888889, 0.6267942583732058, 0.7204301075268817]
 mean: 0.6008789133443337, std: 0.15491799990930294
--------------------------------------------------
Subject Number: 22
Accuracy Cross: [0.7794117647058824, 0.9117647058823529, 0.8823529411764706, 0.5882352941176471, 0.7647058823529411, 0.8428571428571429, 0.6142857142857143, 0.7285714285714285, 0.5428571428571428, 0.7571428571428571, 0.8108108108108109, 0.7702702702702703, 0.7567567567567568, 0.7972972972972973, 0.581081081081081]
 mean: 0.741893406011053, std: 0.10811500499247441
F1 Score: [0.7681291202546032, 0.9110723626852659, 0.8734883720930232, 0.4012578616352201, 0.7542908762420958, 0.8412698412698412, 0.5957219251336898, 0.7271794871794872, 0.49275362318840576, 0.7530608009960573, 0.8072916666666667, 0.7574705995758627, 0.756578947368421, 0.7860034702139965, 0.5631308322224339]
 mean: 0.7192466524483382, std: 0.13842225933233945
Accuracy Intime: [0.9285714285714286, 0.9285714285714286, 0.6428571428571429, 0.42857142857142855, 0.6785714285714286, 1.0, 0.9642857142857143, 0.9642857142857143, 1.0, 0.6923076923076923, 1.0, 1.0, 0.6785714285714286, 0.7692307692307693, 0.5769230769230769]
 mean: 0.816849816849817, std: 0.18206823278814904
F1 (Intime): [0.9282051282051282, 0.9282051282051282, 0.6354166666666667, 0.3, 0.49090909090909096, 1.0, 0.9638709677419355, 0.9631093544137023, 1.0, 0.6388888888888888, 1.0, 1.0, 0.6199095022624435, 0.7636363636363637, 0.36585365853658536]
 mean: 0.7732003166310621, std: 0.23893900490574546
--------------------------------------------------
Subject Number: 23
Accuracy Cross: [0.6323529411764706, 0.6911764705882353, 0.6911764705882353, 0.7058823529411765, 0.6176470588235294, 0.6567164179104478, 0.6865671641791045, 0.7611940298507462, 0.8059701492537313, 0.746268656716418, 0.7971014492753623, 0.7101449275362319, 0.8115942028985508, 0.8405797101449275, 0.855072463768116]
 mean: 0.7339629643767522, std: 0.07266832399846755
F1 Score: [0.6184062850729517, 0.6753807683564446, 0.6512820512820513, 0.6640316205533596, 0.6053571428571429, 0.6517514124293786, 0.6794258373205742, 0.7403100775193798, 0.7869894839814136, 0.7346843699044956, 0.7896341463414633, 0.7071307300509337, 0.790273556231003, 0.8289384719405004, 0.8457066189624329]
 mean: 0.7179535048535682, std: 0.07406728493420277
Accuracy Intime: [1.0, 0.9285714285714286, 0.7692307692307693, 0.7307692307692307, 0.8846153846153846, 0.9285714285714286, 0.6428571428571429, 0.7142857142857143, 0.6538461538461539, 0.7692307692307693, 1.0, 0.75, 0.6538461538461539, 0.5, 0.7692307692307693]
 mean: 0.7796703296703298, std: 0.13878458158360354
F1 (Intime): [1.0, 0.9282051282051282, 0.7636363636363637, 0.7097288676236044, 0.8755980861244019, 0.9282051282051282, 0.641025641025641, 0.7083333333333333, 0.6067226890756303, 0.7450980392156863, 1.0, 0.7470967741935484, 0.6267942583732058, 0.49925925925925924, 0.75625]
 mean: 0.769063571218062, std: 0.14443163021650846
--------------------------------------------------
Subject Number: 24
Accuracy Cross: [0.6417910447761194, 0.7014925373134329, 0.8059701492537313, 0.5373134328358209, 0.6865671641791045, 0.6176470588235294, 0.5882352941176471, 0.6617647058823529, 0.5, 0.47058823529411764, 0.6666666666666666, 0.6956521739130435, 0.6521739130434783, 0.6956521739130435, 0.7391304347826086]
 mean: 0.6440429989863131, std: 0.08665342815428768
F1 Score: [0.6318681318681318, 0.6932234432234432, 0.8057971014492754, 0.48139825218476906, 0.6862876254180602, 0.6091954022988506, 0.5824561403508772, 0.6616915422885572, 0.4415458937198068, 0.3799392097264438, 0.6641269841269841, 0.6953962581458902, 0.6515151515151515, 0.6452876376988984, 0.7390756302521009]
 mean: 0.6245869602844826, std: 0.1093907238291178
Accuracy Intime: [0.8571428571428571, 0.8928571428571429, 0.7857142857142857, 0.9615384615384616, 0.8076923076923077, 0.8928571428571429, 0.8928571428571429, 0.7692307692307693, 0.9615384615384616, 0.8461538461538461, 0.8928571428571429, 0.8571428571428571, 0.7692307692307693, 0.8461538461538461, 0.8846153846153846]
 mean: 0.8611721611721613, std: 0.05811260358782778
F1 (Intime): [0.8564102564102565, 0.8857142857142857, 0.7754010695187166, 0.9610194902548725, 0.7815126050420168, 0.8893280632411067, 0.8857142857142857, 0.7450980392156863, 0.9614814814814814, 0.8375, 0.8916129032258064, 0.8571428571428571, 0.7678571428571428, 0.8375, 0.8689075630252101]
 mean: 0.8534800028562483, std: 0.06280692323883504
--------------------------------------------------
Subject Number: 25
Accuracy Cross: [0.7246376811594203, 0.8840579710144928, 0.855072463768116, 0.8840579710144928, 0.8260869565217391, 0.8970588235294118, 0.8970588235294118, 0.8676470588235294, 0.8676470588235294, 0.8382352941176471, 0.875, 0.8055555555555556, 0.875, 0.8194444444444444, 0.8472222222222222]
 mean: 0.8509188216349342, std: 0.04318755985142536
F1 Score: [0.6703545385969324, 0.8783068783068784, 0.8431818181818183, 0.8765652951699463, 0.8083333333333333, 0.8917935894521483, 0.8942926937597158, 0.8652872551177635, 0.8626262626262626, 0.8211809705952666, 0.8676200204290092, 0.7979149959903769, 0.8693284936479129, 0.8165784832451499, 0.8298603651987111]
 mean: 0.8395483329100817, std: 0.05402174666045185
Accuracy Intime: [1.0, 0.9285714285714286, 0.9285714285714286, 0.8461538461538461, 0.8846153846153846, 1.0, 0.8928571428571429, 0.9642857142857143, 0.8571428571428571, 0.9230769230769231, 1.0, 1.0, 1.0, 1.0, 0.9230769230769231]
 mean: 0.9432234432234433, std: 0.054055683632768387
F1 (Intime): [1.0, 0.9282051282051282, 0.9270833333333333, 0.8375, 0.8689075630252101, 1.0, 0.89272030651341, 0.9631093544137023, 0.8564102564102565, 0.9212121212121211, 1.0, 1.0, 1.0, 1.0, 0.9150326797385621]
 mean: 0.940678716190115, std: 0.056681826846492964
--------------------------------------------------
Subject Number: 26
Accuracy Cross: [0.7246376811594203, 0.7971014492753623, 0.7391304347826086, 0.8405797101449275, 0.6666666666666666, 0.8, 0.7285714285714285, 0.7, 0.7857142857142857, 0.8, 0.6911764705882353, 0.7941176470588235, 0.6470588235294118, 0.7941176470588235, 0.8088235294117647]
 mean: 0.7545130515974506, std: 0.05684381143802011
F1 Score: [0.7089900110987791, 0.7967171717171717, 0.7364176570458405, 0.8400421496311907, 0.6621247604854162, 0.7822222222222222, 0.7155080213903744, 0.656140350877193, 0.7645211930926217, 0.7822222222222222, 0.6878688524590164, 0.7746212121212122, 0.6421052631578947, 0.7895667550839964, 0.7886684197944059]
 mean: 0.7418490841599705, std: 0.057929353270276644
Accuracy Intime: [0.9642857142857143, 1.0, 0.8571428571428571, 0.7692307692307693, 0.7692307692307693, 0.9285714285714286, 0.9285714285714286, 0.8571428571428571, 0.8461538461538461, 0.7692307692307693, 0.9642857142857143, 1.0, 0.8928571428571429, 0.7857142857142857, 0.7692307692307693]
 mean: 0.8734432234432234, std: 0.08461934881220266
F1 (Intime): [0.9631093544137023, 1.0, 0.8502673796791445, 0.7450980392156863, 0.706766917293233, 0.9282051282051282, 0.9251336898395721, 0.8444444444444444, 0.8424242424242425, 0.7291666666666667, 0.9638709677419355, 1.0, 0.8893280632411067, 0.7754010695187166, 0.7450980392156863]
 mean: 0.8605542667932845, std: 0.09837880073882284
--------------------------------------------------
Subject Number: 27
Accuracy Cross: [0.9117647058823529, 0.9264705882352942, 0.8970588235294118, 0.8823529411764706, 0.9264705882352942, 0.9130434782608695, 0.9130434782608695, 0.9565217391304348, 0.9130434782608695, 0.7536231884057971, 0.9411764705882353, 0.8970588235294118, 0.9411764705882353, 0.9411764705882353, 0.9411764705882353]
 mean: 0.9103438476840011, std: 0.04631548783415302
F1 Score: [0.9089285714285715, 0.9236812570145903, 0.8931537598204264, 0.877145438121048, 0.9244947812569397, 0.9098432055749129, 0.9087301587301587, 0.9555889294142887, 0.9098432055749129, 0.7310249942673699, 0.9403508771929825, 0.8964992389649924, 0.9403508771929825, 0.9407149084568439, 0.9407149084568439]
 mean: 0.9067376740978575, std: 0.051397469456984264
Accuracy Intime: [0.9642857142857143, 1.0, 0.9642857142857143, 1.0, 0.9615384615384616, 1.0, 1.0, 1.0, 0.8846153846153846, 0.8846153846153846, 0.9285714285714286, 0.8928571428571429, 1.0, 1.0, 0.9615384615384616]
 mean: 0.9628205128205128, std: 0.04319238966442103
F1 (Intime): [0.9638709677419355, 1.0, 0.9631093544137023, 1.0, 0.9585326953748006, 1.0, 1.0, 1.0, 0.8844444444444444, 0.8689075630252101, 0.9282051282051282, 0.89272030651341, 1.0, 1.0, 0.9614814814814814]
 mean: 0.9614181294133409, std: 0.04527160917417894
--------------------------------------------------
Subject Number: 28
Accuracy Cross: [0.6865671641791045, 0.7014925373134329, 0.5970149253731343, 0.7611940298507462, 0.6567164179104478, 0.6764705882352942, 0.7058823529411765, 0.8382352941176471, 0.7352941176470589, 0.5588235294117647, 0.4027777777777778, 0.4027777777777778, 0.4027777777777778, 0.3888888888888889, 0.4027777777777778]
 mean: 0.5945127304653205, std: 0.15066991184067885
F1 Score: [0.667611622962438, 0.680952380952381, 0.5786163522012578, 0.7545787545787546, 0.6231352408901931, 0.6719298245614035, 0.6928635953026197, 0.8299613548533757, 0.7267857142857144, 0.5553618134263296, 0.2871287128712871, 0.2871287128712871, 0.305050505050505, 0.28, 0.305050505050505]
 mean: 0.5497436726572036, std: 0.19236085614136664
Accuracy Intime: [0.7857142857142857, 0.7142857142857143, 0.7142857142857143, 0.7692307692307693, 0.8076923076923077, 0.7142857142857143, 0.5714285714285714, 0.6923076923076923, 0.5769230769230769, 0.8461538461538461, 1.0, 1.0, 0.9230769230769231, 0.8461538461538461, 0.9230769230769231]
 mean: 0.7923076923076924, std: 0.12923500528802745
F1 (Intime): [0.7754010695187166, 0.7128205128205127, 0.7083333333333333, 0.7450980392156863, 0.7926634768740032, 0.7142857142857143, 0.36363636363636365, 0.6601307189542484, 0.5762962962962963, 0.8424242424242425, 1.0, 1.0, 0.9212121212121211, 0.8375, 0.9150326797385621]
 mean: 0.7709889712206535, std: 0.1603224850063858
--------------------------------------------------
Subject Number: 29
Accuracy Cross: [0.6567164179104478, 0.6417910447761194, 0.7164179104477612, 0.746268656716418, 0.7313432835820896, 0.8235294117647058, 0.8088235294117647, 0.8235294117647058, 0.8235294117647058, 0.8088235294117647, 0.7571428571428571, 0.7714285714285715, 0.8285714285714286, 0.8142857142857143, 0.8571428571428571]
 mean: 0.7739562690747942, std: 0.06257170380871707
F1 Score: [0.653941163260723, 0.6417112299465241, 0.7123163841807909, 0.7404875825928458, 0.7208333333333333, 0.8102325581395349, 0.8054149240589918, 0.8068181818181819, 0.8131868131868132, 0.8015712682379349, 0.7331240188383046, 0.7463768115942029, 0.8164335664335665, 0.7918096545412949, 0.8444444444444444]
 mean: 0.7625801289738325, std: 0.05938546039548708
Accuracy Intime: [1.0, 0.9642857142857143, 0.8571428571428571, 0.7307692307692307, 0.8461538461538461, 0.9642857142857143, 0.9285714285714286, 0.8461538461538461, 0.5769230769230769, 0.7692307692307693, 0.9642857142857143, 0.8928571428571429, 0.8076923076923077, 0.6538461538461539, 0.7307692307692307]
 mean: 0.8355311355311354, std: 0.12011859766664189
F1 (Intime): [1.0, 0.9638709677419355, 0.8502673796791445, 0.7303703703703703, 0.8461538461538461, 0.9638709677419355, 0.9282051282051282, 0.8375, 0.5762962962962963, 0.7678571428571428, 0.9631093544137023, 0.8857142857142857, 0.8003072196620584, 0.6405529953917051, 0.7204301075268817]
 mean: 0.8316337374502957, std: 0.1218819060117303
--------------------------------------------------
**************************************************
accuracy_cross_list: [0.7116873322755677, 0.7606586224233284, 0.5538676736517392, 0.789780750650316, 0.7060877684407096, 0.5834883553248251, 0.6138675760159135, 0.6260893922786507, 0.7102161461599564, 0.6741686410814582, 0.4422841716396704, 0.7763772781446561, 0.6018431651267472, 0.6616936629724354, 0.7544614947428248, 0.5263681592039801, 0.9103438476840011, 0.6564795193439694, 0.6390108282118817, 0.6981325257769126, 0.5651175252709779, 0.741893406011053, 0.7339629643767522, 0.6440429989863131, 0.8509188216349342, 0.7545130515974506, 0.9103438476840011, 0.5945127304653205, 0.7739562690747942]
f1_score_list: [0.6825631982387237, 0.7381002308673045, 0.5250711048783162, 0.7753726907029176, 0.6947906551656247, 0.5669116592923935, 0.5955024271554784, 0.6112706403974146, 0.703126677237682, 0.6626703024172217, 0.4180928128335249, 0.7646243596866688, 0.5548962885700757, 0.6143264700163286, 0.7471314173333666, 0.5065851167190444, 0.9067376740978575, 0.6467830910159458, 0.6229867325849311, 0.6780663186879939, 0.552312628314604, 0.7192466524483382, 0.7179535048535682, 0.6245869602844826, 0.8395483329100817, 0.7418490841599705, 0.9067376740978575, 0.5497436726572036, 0.7625801289738325]
accuracy_intime_list: [0.789265873015873, 0.9038461538461539, 0.6965201465201465, 0.8432234432234432, 0.8278388278388277, 0.695970695970696, 0.708974358974359, 0.745054945054945, 0.7857142857142855, 0.7818681318681319, 0.6485347985347986, 0.8386446886446886, 0.8080586080586081, 0.9261904761904762, 0.9245421245421246, 0.7056776556776557, 0.9628205128205128, 0.7990842490842491, 0.8826007326007326, 0.8252747252747252, 0.6826007326007325, 0.816849816849817, 0.7796703296703298, 0.8611721611721613, 0.9432234432234433, 0.8734432234432234, 0.9628205128205128, 0.7923076923076924, 0.8355311355311354]
f1_score_intime_list: [0.7506747286914073, 0.8852719597392801, 0.6443800745363751, 0.8321966675829344, 0.8082638431122902, 0.6607382753103604, 0.6791701992553694, 0.7289676016530857, 0.7516800454893705, 0.7601452144491748, 0.6016459339019808, 0.8220807967779608, 0.789018946814614, 0.9236817977609787, 0.9205678144235562, 0.6273776484327912, 0.9614181294133409, 0.7692269585626881, 0.8777853468326564, 0.7894172849471993, 0.6008789133443337, 0.7732003166310621, 0.769063571218062, 0.8534800028562483, 0.940678716190115, 0.8605542667932845, 0.9614181294133409, 0.7709889712206535, 0.8316337374502957]
**************************************************
ACC: 68.85±10.73
F1: 67.00±11.33
Intime: 81.54±8.53
F1 (Intime): 79.12±10.24
