1e-03
Subject Number: 1
Accuracy Cross: [0.41379310344827586, 0.47586206896551725, 0.42758620689655175, 0.3793103448275862, 0.42758620689655175, 0.33714285714285713, 0.26285714285714284, 0.4114285714285714, 0.5657142857142857, 0.26857142857142857, 0.27586206896551724, 0.25287356321839083, 0.3103448275862069, 0.3218390804597701, 0.23563218390804597]
 mean: 0.35776026272578, std: 0.09200626571301967
F1 Score: [0.4317450987709608, 0.4762624647498328, 0.4248521356319522, 0.3268385234463115, 0.44139029952566483, 0.3222668579626973, 0.2378359571676772, 0.4076364154983718, 0.4993756471843662, 0.25955960210579687, 0.27423775877384127, 0.24881116933487374, 0.31432054303202767, 0.31885564976270464, 0.218689576148621]
 mean: 0.34684517993971326, std: 0.08929187523782074
Accuracy Intime: [0.5571428571428572, 0.6, 0.4857142857142857, 0.5571428571428572, 0.5588235294117647, 0.5689655172413793, 0.5172413793103449, 0.4827586206896552, 0.5689655172413793, 0.3103448275862069, 0.39655172413793105, 0.5344827586206896, 0.39655172413793105, 0.4482758620689655, 0.6206896551724138]
 mean: 0.5069100743745775, std: 0.08382056070888409
F1 (Intime): [0.5611111111111111, 0.6035714285714285, 0.45494505494505494, 0.5052308802308803, 0.5390984144854114, 0.5129242737938391, 0.47963875205254514, 0.49772727272727274, 0.5468486686889114, 0.31772186147186143, 0.3627245770102913, 0.4835249042145594, 0.37931488801054014, 0.4563177998472116, 0.5626508992362651]
 mean: 0.4842233857598122, std: 0.07738868058674714
--------------------------------------------------
Subject Number: 2
Accuracy Cross: [0.4930555555555556, 0.4930555555555556, 0.2361111111111111, 0.2986111111111111, 0.2777777777777778, 0.6068965517241379, 0.503448275862069, 0.3310344827586207, 0.41379310344827586, 0.5655172413793104, 0.5780346820809249, 0.5375722543352601, 0.6647398843930635, 0.5664739884393064, 0.6416184971098265]
 mean: 0.4805160048427938, std: 0.13286754268938236
F1 Score: [0.47630796374862827, 0.45215665976535546, 0.19580745341614905, 0.2767156585641606, 0.23873663101604278, 0.5917398234714469, 0.480268094473247, 0.3413584277896628, 0.4031306506110537, 0.5508088121163717, 0.5329985537522095, 0.5078612085672628, 0.6406104003257469, 0.5367791655069357, 0.6262990678172224]
 mean: 0.4567719047294331, std: 0.1340725853986259
Accuracy Intime: [0.8275862068965517, 0.8448275862068966, 0.7413793103448276, 0.5344827586206896, 0.7758620689655172, 0.7931034482758621, 0.6551724137931034, 0.4482758620689655, 0.4827586206896552, 0.5357142857142857, 0.7413793103448276, 0.6551724137931034, 0.8620689655172413, 0.7241379310344828, 0.75]
 mean: 0.6914614121510674, std: 0.12969710451675842
F1 (Intime): [0.8220985691573928, 0.8409885006634232, 0.7487129987129987, 0.5047619047619047, 0.7406120826709062, 0.7861592670894996, 0.6019927536231884, 0.425287038190264, 0.47364906832298137, 0.5047196796338673, 0.7392857142857143, 0.6354679802955665, 0.8589233347297863, 0.6829656862745097, 0.7355247092089198]
 mean: 0.6734099525080615, std: 0.13679725063794493
--------------------------------------------------
Subject Number: 3
Accuracy Cross: [0.3333333333333333, 0.4305555555555556, 0.3402777777777778, 0.2777777777777778, 0.2847222222222222, 0.3741496598639456, 0.2857142857142857, 0.3741496598639456, 0.24489795918367346, 0.32653061224489793, 0.24293785310734464, 0.3446327683615819, 0.2033898305084746, 0.24858757062146894, 0.2711864406779661]
 mean: 0.30552288712095005, std: 0.05946626920826977
F1 Score: [0.3322427140255009, 0.4350724465792959, 0.34157191261621644, 0.2692128220734429, 0.28078562985978517, 0.3552742069251503, 0.2279606292727123, 0.3573626000076978, 0.23573227499286387, 0.306944474514134, 0.22679241637921346, 0.3456373441372553, 0.201118189683262, 0.22744012317204504, 0.26444742996467135]
 mean: 0.29383968094688306, std: 0.06388676208999768
Accuracy Intime: [0.3333333333333333, 0.38333333333333336, 0.41379310344827586, 0.29310344827586204, 0.43103448275862066, 0.3448275862068966, 0.3275862068965517, 0.4827586206896552, 0.27586206896551724, 0.3392857142857143, 0.5172413793103449, 0.5344827586206896, 0.4482758620689655, 0.3793103448275862, 0.39285714285714285]
 mean: 0.3931390257252326, std: 0.07548526397797918
F1 (Intime): [0.3161471945403079, 0.33474408474408474, 0.371648293029872, 0.2860113032747304, 0.38992341623920573, 0.1282051282051282, 0.3009223509223509, 0.4717116217116217, 0.26556776556776557, 0.302129784466741, 0.4735102843315184, 0.528628663003663, 0.441901776384535, 0.34554916278002906, 0.37953560371517026]
 mean: 0.3557424288611149, std: 0.09639431222378682
--------------------------------------------------
Subject Number: 4
Accuracy Cross: [0.43448275862068964, 0.4413793103448276, 0.36551724137931035, 0.4206896551724138, 0.3931034482758621, 0.2896551724137931, 0.4, 0.36551724137931035, 0.38620689655172413, 0.35172413793103446, 0.27586206896551724, 0.3563218390804598, 0.3563218390804598, 0.3620689655172414, 0.40804597701149425]
 mean: 0.3737931034482758, std: 0.045371879814156475
F1 Score: [0.44155659155659155, 0.44020067516879224, 0.3491609977324263, 0.4277475595585276, 0.40146501782531197, 0.28134469027591247, 0.38443854995579135, 0.3630411935297789, 0.38061812130879635, 0.3641483725273055, 0.27970525237474386, 0.33805932565974006, 0.32941719577070677, 0.37848492652628385, 0.4202160648846192]
 mean: 0.37197363564368857, std: 0.04927930599913368
Accuracy Intime: [0.5517241379310345, 0.6206896551724138, 0.4827586206896552, 0.4827586206896552, 0.5689655172413793, 0.41379310344827586, 0.4827586206896552, 0.43103448275862066, 0.4827586206896552, 0.4827586206896552, 0.5344827586206896, 0.4482758620689655, 0.5344827586206896, 0.3620689655172414, 0.3793103448275862]
 mean: 0.4839080459770114, std: 0.06852348763581095
F1 (Intime): [0.5396022918773171, 0.6115796831314073, 0.4635582010582011, 0.4127676063159934, 0.5507352941176471, 0.2453066332916145, 0.46894736842105267, 0.4337348634544257, 0.4283122119815668, 0.4970619658119658, 0.5476127320954907, 0.45034562211981566, 0.5064243552146779, 0.34278984849401845, 0.3788334299236936]
 mean: 0.45850747382059254, std: 0.08916182820648773
--------------------------------------------------
Subject Number: 5
Accuracy Cross: [0.38620689655172413, 0.42758620689655175, 0.4482758620689655, 0.41379310344827586, 0.4206896551724138, 0.2905405405405405, 0.42567567567567566, 0.34459459459459457, 0.39864864864864863, 0.3783783783783784, 0.43537414965986393, 0.3673469387755102, 0.4013605442176871, 0.36054421768707484, 0.3197278911564626]
 mean: 0.3879162202314912, std: 0.04336613139194208
F1 Score: [0.3854661100271678, 0.39774124007336353, 0.44922969187675066, 0.41127925746569816, 0.41591459388069557, 0.23047289177917576, 0.42101282496670717, 0.30923023088921703, 0.4257860499249079, 0.3577922137790259, 0.43665468754456516, 0.34116110305636005, 0.3856376348989208, 0.3328787878787879, 0.3259032149819437]
 mean: 0.37507736886821913, std: 0.05690772018154849
Accuracy Intime: [0.6166666666666667, 0.6833333333333333, 0.6379310344827587, 0.6379310344827587, 0.5344827586206896, 0.5172413793103449, 0.5862068965517241, 0.5862068965517241, 0.3793103448275862, 0.46551724137931033, 0.5, 0.5344827586206896, 0.5689655172413793, 0.46551724137931033, 0.3620689655172414]
 mean: 0.5383908045977013, std: 0.08997345018276287
F1 (Intime): [0.5631769374416433, 0.6859821428571429, 0.6481481481481481, 0.6463664596273292, 0.4387089991589571, 0.4739261285909713, 0.5653152732948998, 0.5878787878787879, 0.2976315789473684, 0.3808179723502304, 0.528448275862069, 0.5575509049773756, 0.5877976190476191, 0.4392857142857143, 0.2948361823361823]
 mean: 0.5130580749869627, std: 0.11792222869027276
--------------------------------------------------
Subject Number: 6
Accuracy Cross: [0.2569444444444444, 0.3055555555555556, 0.3402777777777778, 0.22916666666666666, 0.2569444444444444, 0.29931972789115646, 0.2857142857142857, 0.1836734693877551, 0.2857142857142857, 0.22448979591836735, 0.22448979591836735, 0.21768707482993196, 0.19047619047619047, 0.29931972789115646, 0.30612244897959184]
 mean: 0.26039304610733177, std: 0.04546084302257934
F1 Score: [0.21468633548522542, 0.2873220071333279, 0.3391307088547913, 0.22707748496574892, 0.25710136834040165, 0.2593051533445187, 0.27324519558402616, 0.20159892520927877, 0.2719353441859836, 0.23161984901568233, 0.21390059951344378, 0.24250061774153692, 0.19537306201550386, 0.2962527884415854, 0.3038383077550764]
 mean: 0.2543258498390754, std: 0.04004116114721208
Accuracy Intime: [0.48333333333333334, 0.5166666666666667, 0.7068965517241379, 0.5172413793103449, 0.5517241379310345, 0.3793103448275862, 0.5344827586206896, 0.3793103448275862, 0.39655172413793105, 0.42857142857142855, 0.4482758620689655, 0.43103448275862066, 0.39655172413793105, 0.43103448275862066, 0.4642857142857143]
 mean: 0.47101806239737276, std: 0.0832765113746491
F1 (Intime): [0.47238562091503267, 0.5066424382281159, 0.6924107142857142, 0.4982199331345441, 0.517347856821541, 0.32211538461538464, 0.5358326858326858, 0.3439745627980922, 0.38883160981632964, 0.3485057471264368, 0.44547300525561395, 0.3983134920634921, 0.40176470588235297, 0.43169482846902196, 0.4462253606990449]
 mean: 0.4499825297295601, std: 0.09081375097088328
--------------------------------------------------
Subject Number: 7
Accuracy Cross: [0.3673469387755102, 0.29931972789115646, 0.30612244897959184, 0.4013605442176871, 0.3469387755102041, 0.3767123287671233, 0.3219178082191781, 0.3493150684931507, 0.3972602739726027, 0.3219178082191781, 0.35374149659863946, 0.3333333333333333, 0.3673469387755102, 0.3741496598639456, 0.3673469387755102]
 mean: 0.35227533935948807, std: 0.029850572468845607
F1 Score: [0.35370544416597044, 0.2984063833570413, 0.30754785853341987, 0.3978762255714194, 0.3653385540262617, 0.3769015799477311, 0.3243355919442876, 0.3437413173438018, 0.4066094762664968, 0.30028522683320347, 0.3203347856588138, 0.3183880726015557, 0.35506678200738734, 0.3680173174538347, 0.33512195689615043]
 mean: 0.3447784381738251, std: 0.03280747882591586
Accuracy Intime: [0.6166666666666667, 0.41379310344827586, 0.41379310344827586, 0.3275862068965517, 0.27586206896551724, 0.45, 0.43333333333333335, 0.5862068965517241, 0.3103448275862069, 0.46551724137931033, 0.45, 0.5, 0.41379310344827586, 0.46551724137931033, 0.3275862068965517]
 mean: 0.43, std: 0.09213038642721563
F1 (Intime): [0.6184345635958539, 0.3986142533936652, 0.4037177054444606, 0.30686653116531165, 0.2704909435274092, 0.4587888283540458, 0.38149861145144165, 0.5841628959276017, 0.307674287856072, 0.45467436974789915, 0.4408385093167702, 0.49490388838214927, 0.41430177768258725, 0.47495941558441557, 0.3244048847609219]
 mean: 0.42228876441270696, std: 0.09562577601452502
--------------------------------------------------
Subject Number: 8
Accuracy Cross: [0.3, 0.3333333333333333, 0.34, 0.31333333333333335, 0.3466666666666667, 0.3581081081081081, 0.3581081081081081, 0.4797297297297297, 0.34459459459459457, 0.4189189189189189, 0.3673469387755102, 0.29931972789115646, 0.2789115646258503, 0.32653061224489793, 0.3469387755102041]
 mean: 0.3474560274560275, std: 0.047860723603722115
F1 Score: [0.22756410256410256, 0.26440706476030273, 0.2777087974363145, 0.25923152945827277, 0.2771847200418629, 0.3465804182880011, 0.35477795560728775, 0.47407428589180917, 0.34467933883242174, 0.41387130210392364, 0.3574825850131549, 0.2838086353944563, 0.2759031198686371, 0.30078690521459156, 0.34232357579404304]
 mean: 0.32002562241794547, std: 0.06300901587629751
Accuracy Intime: [0.5333333333333333, 0.5333333333333333, 0.6379310344827587, 0.5344827586206896, 0.5689655172413793, 0.4666666666666667, 0.35, 0.4482758620689655, 0.3103448275862069, 0.3793103448275862, 0.5, 0.3, 0.43333333333333335, 0.43103448275862066, 0.3448275862068966]
 mean: 0.4514559386973181, std: 0.09727807126985567
F1 (Intime): [0.47165313153685245, 0.543076923076923, 0.6150337738944963, 0.47248565279770444, 0.5149679329646736, 0.4367965367965368, 0.3380337905913353, 0.4467103365879784, 0.30393120393120393, 0.36820371998786405, 0.49831429861917664, 0.31271414344814275, 0.42139125386996906, 0.39822115384615386, 0.3312908496732026]
 mean: 0.43152164677481425, std: 0.08774750577545096
--------------------------------------------------
Subject Number: 9
Accuracy Cross: [0.3916083916083916, 0.2937062937062937, 0.32167832167832167, 0.3776223776223776, 0.3986013986013986, 0.273972602739726, 0.3082191780821918, 0.3561643835616438, 0.3835616438356164, 0.3835616438356164, 0.38095238095238093, 0.40816326530612246, 0.2925170068027211, 0.3877551020408163, 0.36054421768707484]
 mean: 0.35457521387071284, std: 0.042826757866086855
F1 Score: [0.39884766906398766, 0.3010641113463694, 0.3370749218937755, 0.4076526964436186, 0.4064963013244573, 0.29954583223235987, 0.32234352930005106, 0.35196333554490294, 0.39044111527257597, 0.3978130107878392, 0.404112210604929, 0.40379665379665375, 0.31066849317911754, 0.40318795787545786, 0.37472559519301907]
 mean: 0.36731556225727435, std: 0.04083423987747784
Accuracy Intime: [0.6166666666666667, 0.5344827586206896, 0.46551724137931033, 0.39655172413793105, 0.4827586206896552, 0.4827586206896552, 0.5172413793103449, 0.4827586206896552, 0.4107142857142857, 0.3392857142857143, 0.5689655172413793, 0.5517241379310345, 0.46551724137931033, 0.39285714285714285, 0.26785714285714285]
 mean: 0.4650437876299946, std: 0.08844674295487637
F1 (Intime): [0.6306050271567514, 0.5196248196248197, 0.46853002070393374, 0.36958119280100704, 0.4092415330796141, 0.4773160173160173, 0.5197815326847585, 0.4802764486975013, 0.4049158249158249, 0.27900187577606933, 0.5612042853607081, 0.5705316091954022, 0.45554928163623815, 0.37343548906048907, 0.22361901749947288]
 mean: 0.4495475983672405, std: 0.10575924922776997
--------------------------------------------------
Subject Number: 10
Accuracy Cross: [0.3310344827586207, 0.2620689655172414, 0.31724137931034485, 0.36551724137931035, 0.2620689655172414, 0.4178082191780822, 0.410958904109589, 0.3287671232876712, 0.3493150684931507, 0.410958904109589, 0.2662337662337662, 0.4090909090909091, 0.2597402597402597, 0.3116883116883117, 0.38311688311688313]
 mean: 0.3390406255687314, std: 0.05717622146517553
F1 Score: [0.3092753469354359, 0.26472196784696783, 0.3057169438748386, 0.33771017068705456, 0.2724742854354021, 0.4180788076766027, 0.4162356321839081, 0.32049402529151805, 0.3381249085709107, 0.41265138883503305, 0.2697308323333741, 0.4107854066711376, 0.23602010990140415, 0.3113783925912907, 0.3890718174747213]
 mean: 0.33416466908730663, std: 0.05966467162312172
Accuracy Intime: [0.38333333333333336, 0.3620689655172414, 0.39655172413793105, 0.3793103448275862, 0.3620689655172414, 0.4482758620689655, 0.5344827586206896, 0.5172413793103449, 0.4827586206896552, 0.41379310344827586, 0.3448275862068966, 0.5517241379310345, 0.4482758620689655, 0.43103448275862066, 0.3620689655172414]
 mean: 0.4278544061302682, std: 0.06529668686586557
F1 (Intime): [0.3472899159663866, 0.3186724565756824, 0.3809774436090225, 0.37486402486402487, 0.36889534883720937, 0.4381469979296066, 0.5166763061499903, 0.5260467980295567, 0.46075062263809996, 0.32754969045291626, 0.27624081571449993, 0.5397701149425287, 0.46115709214720374, 0.3665178571428571, 0.3729260935143288]
 mean: 0.4050987719009277, std: 0.0780196684564612
--------------------------------------------------
Subject Number: 11
Accuracy Cross: [0.21379310344827587, 0.2827586206896552, 0.2896551724137931, 0.296551724137931, 0.25517241379310346, 0.1780821917808219, 0.1917808219178082, 0.1917808219178082, 0.22602739726027396, 0.17123287671232876, 0.3248407643312102, 0.2484076433121019, 0.24203821656050956, 0.27388535031847133, 0.2356687898089172]
 mean: 0.24144506056020068, std: 0.04488922098579659
F1 Score: [0.21757438503461482, 0.2881638154188446, 0.2994718210241056, 0.2979366930885333, 0.24103938890701992, 0.17070827475192046, 0.18843492101708065, 0.17900745256917933, 0.21525994662980297, 0.17724816238506083, 0.31482811745925676, 0.24229225830349427, 0.2228892398002094, 0.2446105574012551, 0.23156084355034745]
 mean: 0.23540172515604837, std: 0.045548617741253496
Accuracy Intime: [0.3333333333333333, 0.41379310344827586, 0.5689655172413793, 0.4482758620689655, 0.3275862068965517, 0.5689655172413793, 0.6551724137931034, 0.5517241379310345, 0.4827586206896552, 0.5344827586206896, 0.4827586206896552, 0.43103448275862066, 0.4482758620689655, 0.5172413793103449, 0.603448275862069]
 mean: 0.4911877394636015, std: 0.09052692076609764
F1 (Intime): [0.335016835016835, 0.3781133049425732, 0.5145025408183304, 0.4118616951808802, 0.3153814884302689, 0.5414366335418968, 0.6416647868260771, 0.5267156862745098, 0.4665328277860247, 0.5245193874226133, 0.44725862243094483, 0.4121367521367521, 0.41388888888888886, 0.5133228840125392, 0.5868882507031175]
 mean: 0.46861603896081677, std: 0.0891548748399545
--------------------------------------------------
Subject Number: 12
Accuracy Cross: [0.44755244755244755, 0.40559440559440557, 0.40559440559440557, 0.3986013986013986, 0.40559440559440557, 0.41379310344827586, 0.3586206896551724, 0.3586206896551724, 0.3724137931034483, 0.36551724137931035, 0.3767123287671233, 0.4520547945205479, 0.4246575342465753, 0.3356164383561644, 0.4246575342465753]
 mean: 0.3963734140210286, std: 0.0330028823561723
F1 Score: [0.46808207216612985, 0.4014734808570425, 0.39235749120377267, 0.42858784473953015, 0.39267908017908015, 0.38629391831639026, 0.37783582168314594, 0.36620889748549323, 0.4026666560414808, 0.3926172248873249, 0.3922477966971849, 0.45687082759180575, 0.449469488588514, 0.34454113924050633, 0.4478662148132694]
 mean: 0.4066531969660448, std: 0.03453855157730238
Accuracy Intime: [0.5344827586206896, 0.5344827586206896, 0.5344827586206896, 0.6551724137931034, 0.43103448275862066, 0.6551724137931034, 0.5689655172413793, 0.41379310344827586, 0.4642857142857143, 0.30357142857142855, 0.5172413793103449, 0.5172413793103449, 0.39655172413793105, 0.2857142857142857, 0.32142857142857145]
 mean: 0.47557471264367823, std: 0.11215501907945223
F1 (Intime): [0.5451612903225806, 0.5548433048433049, 0.5526854219948849, 0.6609241228806446, 0.4577044577044577, 0.6249243799153055, 0.5615421455938697, 0.3890132855650097, 0.46320346320346323, 0.3303788316946212, 0.4977096912580783, 0.5170807453416149, 0.4217951136457079, 0.1111111111111111, 0.28911909591422774]
 mean: 0.4651464307325922, std: 0.136928750094817
--------------------------------------------------
Subject Number: 13
Accuracy Cross: [0.35172413793103446, 0.32413793103448274, 0.296551724137931, 0.3103448275862069, 0.3724137931034483, 0.30201342281879195, 0.3087248322147651, 0.4161073825503356, 0.37583892617449666, 0.3825503355704698, 0.2635135135135135, 0.25, 0.2702702702702703, 0.23648648648648649, 0.2702702702702703]
 mean: 0.31539652357750025, std: 0.052169621309123906
F1 Score: [0.31617221644527493, 0.2807017543859649, 0.248094159361765, 0.2634709972862958, 0.3583264561525431, 0.3009882671528714, 0.2921010496352962, 0.423697270471464, 0.38173535914672013, 0.3534946075613884, 0.2500122862464635, 0.22123873290246532, 0.24465329991645784, 0.23480412945868925, 0.2432135765469099]
 mean: 0.29418027751137127, std: 0.05871046316696451
Accuracy Intime: [0.4166666666666667, 0.38333333333333336, 0.5333333333333333, 0.5172413793103449, 0.5344827586206896, 0.5517241379310345, 0.3275862068965517, 0.5172413793103449, 0.39655172413793105, 0.3620689655172414, 0.5689655172413793, 0.5172413793103449, 0.46551724137931033, 0.6551724137931034, 0.43103448275862066]
 mean: 0.47854406130268207, std: 0.08708256830546582
F1 (Intime): [0.3914529914529915, 0.3887251093133446, 0.5299634273772205, 0.5147385984427141, 0.5234757834757835, 0.5322327672327672, 0.21613907628437987, 0.5195447910965152, 0.39676301555104804, 0.2988782051282051, 0.4995934959349594, 0.5208088235294118, 0.46908530846239416, 0.6541889483065954, 0.4170771756978654]
 mean: 0.4581778344857464, std: 0.10479804059947187
--------------------------------------------------
Subject Number: 14
Accuracy Cross: [0.19863013698630136, 0.19863013698630136, 0.19863013698630136, 0.19863013698630136, 0.2054794520547945, 0.3835616438356164, 0.3698630136986301, 0.3767123287671233, 0.4863013698630137, 0.3904109589041096, 0.3783783783783784, 0.38513513513513514, 0.3716216216216216, 0.4189189189189189, 0.4527027027027027]
 mean: 0.33424040478835, std: 0.0996870455604869
F1 Score: [0.08285714285714285, 0.08285714285714285, 0.08285714285714285, 0.08333333333333333, 0.0963150289017341, 0.3908879543491497, 0.38170372874564895, 0.3570945945945946, 0.49121617821909447, 0.4107877260830501, 0.4076598144364998, 0.41314036171145285, 0.40082233083976593, 0.44969109596375506, 0.47381471663204944]
 mean: 0.3070025528254371, std: 0.1598662974026565
Accuracy Intime: [0.5333333333333333, 0.5689655172413793, 0.5689655172413793, 0.46551724137931033, 0.603448275862069, 0.5166666666666667, 0.41379310344827586, 0.41379310344827586, 0.5172413793103449, 0.4482758620689655, 0.48333333333333334, 0.46551724137931033, 0.5517241379310345, 0.5517241379310345, 0.5]
 mean: 0.5068199233716475, std: 0.05582581903582503
F1 (Intime): [0.5098659003831417, 0.5796703296703296, 0.5470238095238096, 0.4461279461279461, 0.6380965855498962, 0.5301090743826693, 0.3923611111111111, 0.41235632183908044, 0.5115058398220245, 0.4181297168236159, 0.5068851303735025, 0.4464981794816877, 0.555874840357599, 0.5387362637362637, 0.5]
 mean: 0.5022160699455118, std: 0.06587701225455973
--------------------------------------------------
Subject Number: 15
Accuracy Cross: [0.4520547945205479, 0.4246575342465753, 0.3835616438356164, 0.3698630136986301, 0.4452054794520548, 0.3402777777777778, 0.3472222222222222, 0.4097222222222222, 0.2847222222222222, 0.3263888888888889, 0.496551724137931, 0.3310344827586207, 0.5172413793103449, 0.296551724137931, 0.4068965517241379]
 mean: 0.38879677741038154, std: 0.06752009763428897
F1 Score: [0.4581271642063058, 0.4392291918607708, 0.36677005744618596, 0.37889033526702576, 0.44294141389436037, 0.3609604377897061, 0.3122730794445438, 0.4006742418634491, 0.28341825630982254, 0.3137009803921569, 0.496453788263149, 0.2984001375380686, 0.5032147129186603, 0.28071966747924937, 0.3847625333328008]
 mean: 0.3813690665337503, std: 0.07215877507227524
Accuracy Intime: [0.6724137931034483, 0.6379310344827587, 0.5862068965517241, 0.4482758620689655, 0.5535714285714286, 0.5344827586206896, 0.5862068965517241, 0.4827586206896552, 0.5, 0.4482758620689655, 0.5172413793103449, 0.4827586206896552, 0.3620689655172414, 0.27586206896551724, 0.5535714285714286]
 mean: 0.5094417077175697, std: 0.0982214382627171
F1 (Intime): [0.6923926767676768, 0.6466338686166273, 0.5816911764705883, 0.39515044319205883, 0.5716931216931217, 0.5247622747622748, 0.5907349355625218, 0.47808612692388786, 0.4894940476190476, 0.41413662239089183, 0.5265025791341581, 0.5174854557207498, 0.3313958916900094, 0.10810810810810811, 0.578448275862069]
 mean: 0.49644770696758606, std: 0.13835025711828677
--------------------------------------------------
Subject Number: 16
Accuracy Cross: [0.2727272727272727, 0.32867132867132864, 0.23076923076923078, 0.4755244755244755, 0.36363636363636365, 0.43356643356643354, 0.34965034965034963, 0.17482517482517482, 0.32867132867132864, 0.34965034965034963, 0.2638888888888889, 0.2777777777777778, 0.4375, 0.3333333333333333, 0.25]
 mean: 0.3246794871794872, std: 0.07985708371893394
F1 Score: [0.23402777777777778, 0.22003954956215616, 0.2145641882483988, 0.4058362620658159, 0.3246237756228088, 0.41371797709290103, 0.3394888877752262, 0.1777230432402846, 0.3115686274509804, 0.35186202686202683, 0.2619324337634197, 0.24813852094510122, 0.3912240708153362, 0.3386116306179903, 0.24466214612143156]
 mean: 0.29853472786411034, std: 0.07261806594313633
Accuracy Intime: [0.3275862068965517, 0.6206896551724138, 0.3793103448275862, 0.6785714285714286, 0.7857142857142857, 0.46551724137931033, 0.46551724137931033, 0.3448275862068966, 0.39285714285714285, 0.48214285714285715, 0.3103448275862069, 0.7068965517241379, 0.6551724137931034, 0.6607142857142857, 0.44642857142857145]
 mean: 0.5148193760262726, std: 0.15030912484319625
F1 (Intime): [0.30665675162828865, 0.5812280701754386, 0.32123655913978494, 0.6039106726606727, 0.7790964854111406, 0.4353997451823538, 0.41742032730404827, 0.3087454832881662, 0.388235294117647, 0.47703962703962705, 0.2918926986371313, 0.6801948051948052, 0.6243519585253456, 0.6586080586080586, 0.4464633068081344]
 mean: 0.4880319895813761, std: 0.15107042276630064
--------------------------------------------------
Subject Number: 17
Accuracy Cross: [0.4513888888888889, 0.5138888888888888, 0.4583333333333333, 0.4861111111111111, 0.4722222222222222, 0.4421768707482993, 0.42857142857142855, 0.4557823129251701, 0.5034013605442177, 0.5850340136054422, 0.5, 0.5273972602739726, 0.5068493150684932, 0.5273972602739726, 0.541095890410959]
 mean: 0.49331001045775996, std: 0.041203022521734176
F1 Score: [0.37634092098377814, 0.499128587999818, 0.4539069447813081, 0.47962890641950234, 0.4532488628979857, 0.36535354441111256, 0.4219133502489545, 0.44961299822601986, 0.5056818181818181, 0.5824185187306679, 0.4979982754372998, 0.5245218916104992, 0.5017955017955018, 0.5225242662252093, 0.5365141948042964]
 mean: 0.47803923885025146, std: 0.057051872733447355
Accuracy Intime: [0.6166666666666667, 0.6379310344827587, 0.7068965517241379, 0.603448275862069, 0.6724137931034483, 0.6551724137931034, 0.603448275862069, 0.603448275862069, 0.5862068965517241, 0.6428571428571429, 0.6206896551724138, 0.6206896551724138, 0.7241379310344828, 0.6206896551724138, 0.6428571428571429]
 mean: 0.6371702244116038, std: 0.037683404997609506
F1 (Intime): [0.611685291060291, 0.6207010582010583, 0.691541248606466, 0.5765010851217748, 0.6482976827094474, 0.6521514976958525, 0.6090012928248222, 0.571826724000637, 0.5805835921325052, 0.6223214285714286, 0.6193385467579016, 0.6118819776714514, 0.7308895405669599, 0.5686534749034748, 0.6086655056759546]
 mean: 0.6216026631000017, std: 0.043208275569773795
--------------------------------------------------
Subject Number: 18
Accuracy Cross: [0.3741496598639456, 0.3945578231292517, 0.4013605442176871, 0.4217687074829932, 0.4013605442176871, 0.35374149659863946, 0.3401360544217687, 0.3673469387755102, 0.3945578231292517, 0.30612244897959184, 0.28, 0.38666666666666666, 0.3933333333333333, 0.32, 0.44666666666666666]
 mean: 0.37211791383219955, std: 0.04347156206377406
F1 Score: [0.34764069264069264, 0.359880331499165, 0.3885531135531135, 0.43672177995509287, 0.4272136314389835, 0.35349058499845787, 0.3233160591092183, 0.3756905006782036, 0.36938585735481744, 0.3193283179949917, 0.23700761401101372, 0.4086667702693123, 0.41767106343444815, 0.3462125750759237, 0.4794155052775742]
 mean: 0.37267962648606723, std: 0.05633743686029133
Accuracy Intime: [0.5333333333333333, 0.6, 0.5, 0.4482758620689655, 0.29310344827586204, 0.6166666666666667, 0.43333333333333335, 0.5344827586206896, 0.5, 0.3448275862068966, 0.48333333333333334, 0.4, 0.5689655172413793, 0.29310344827586204, 0.5862068965517241]
 mean: 0.47570881226053646, std: 0.10209037836441605
F1 (Intime): [0.5273341721512452, 0.6171428571428571, 0.4943869256438779, 0.4518398268398268, 0.2879143214509068, 0.5908632251644956, 0.41660839160839164, 0.5190972222222222, 0.49740866174055826, 0.34604324821716126, 0.4583992094861661, 0.3671328671328672, 0.555200100922401, 0.2937546843577699, 0.5652380952380952]
 mean: 0.4658909206212563, std: 0.10094826662725931
--------------------------------------------------
Subject Number: 19
Accuracy Cross: [0.3986013986013986, 0.4405594405594406, 0.34265734265734266, 0.46853146853146854, 0.4405594405594406, 0.4178082191780822, 0.4315068493150685, 0.4520547945205479, 0.363013698630137, 0.3767123287671233, 0.2602739726027397, 0.17123287671232876, 0.2328767123287671, 0.273972602739726, 0.2191780821917808]
 mean: 0.35263594852635943, std: 0.09378122625977962
F1 Score: [0.3777011494252874, 0.43145636296321227, 0.35087861775895063, 0.4772880986771213, 0.4624267792642509, 0.40401841434787583, 0.436769690379694, 0.425371496116177, 0.37197657317279154, 0.3771575154727884, 0.24235446698133264, 0.11035275037167183, 0.203257799920991, 0.2513286991062562, 0.18311154248933617]
 mean: 0.3403633304298491, std: 0.10964794473134917
Accuracy Intime: [0.55, 0.6896551724137931, 0.7068965517241379, 0.6206896551724138, 0.6724137931034483, 0.6724137931034483, 0.7068965517241379, 0.7931034482758621, 0.6428571428571429, 0.6607142857142857, 0.4827586206896552, 0.4827586206896552, 0.6896551724137931, 0.6071428571428571, 0.5357142857142857]
 mean: 0.6342446633825944, std: 0.08533917584087392
F1 (Intime): [0.5327871294704951, 0.7011111111111111, 0.7010582943822208, 0.6362584175084175, 0.6977372435776511, 0.6680171048463732, 0.7148268398268398, 0.7844971264367817, 0.6416666666666666, 0.6532852564102564, 0.49446386946386944, 0.5041945373467113, 0.7099445668870634, 0.6008620689655173, 0.5529029793735676]
 mean: 0.6395742141515695, std: 0.08301753296828782
--------------------------------------------------
Subject Number: 20
Accuracy Cross: [0.3402777777777778, 0.2916666666666667, 0.3402777777777778, 0.2986111111111111, 0.3263888888888889, 0.35664335664335667, 0.35664335664335667, 0.38461538461538464, 0.36363636363636365, 0.35664335664335667, 0.39864864864864863, 0.36486486486486486, 0.3716216216216216, 0.33783783783783783, 0.4189189189189189]
 mean: 0.35381972881972884, std: 0.03270140840846965
F1 Score: [0.33161023822766034, 0.289920901763007, 0.3385615796063558, 0.2970775819956148, 0.31452228327228327, 0.38875626224052107, 0.35937328202308966, 0.38494327052845523, 0.39136212310369617, 0.3611491889959356, 0.3344352932204683, 0.38073526317743595, 0.3625573659859881, 0.36663677359392327, 0.44385589914591306]
 mean: 0.3563664871253565, std: 0.03882127529950936
Accuracy Intime: [0.4827586206896552, 0.5172413793103449, 0.4482758620689655, 0.4107142857142857, 0.375, 0.5862068965517241, 0.5689655172413793, 0.6379310344827587, 0.5172413793103449, 0.39285714285714285, 0.603448275862069, 0.5344827586206896, 0.5, 0.5357142857142857, 0.42857142857142855]
 mean: 0.5026272577996717, std: 0.07660338312007042
F1 (Intime): [0.47120816175694225, 0.5055651755651756, 0.3867362786127088, 0.4385416666666666, 0.28287220026350457, 0.5741361723830166, 0.5919588906845279, 0.6373357963875206, 0.5337962962962963, 0.35974945533769065, 0.593452380952381, 0.535968660968661, 0.5082149257552483, 0.5325882925472747, 0.3398034398034398]
 mean: 0.486128519598737, std: 0.10072060287504402
--------------------------------------------------
Subject Number: 21
Accuracy Cross: [0.32666666666666666, 0.38, 0.2733333333333333, 0.2, 0.24, 0.24489795918367346, 0.3197278911564626, 0.2789115646258503, 0.2857142857142857, 0.24489795918367346, 0.28378378378378377, 0.2972972972972973, 0.35135135135135137, 0.3716216216216216, 0.3310810810810811]
 mean: 0.29528565299993864, std: 0.04980109187647684
F1 Score: [0.3159386052166225, 0.3755659283812005, 0.26623859232554886, 0.1998156295378616, 0.21959853829366088, 0.2452178982988842, 0.3257993032610974, 0.27689720969334186, 0.2809214330190357, 0.24756349939266878, 0.2571826812094542, 0.2964326367595929, 0.31828896565738674, 0.38035818243098324, 0.32162692332946663]
 mean: 0.28849640178712044, std: 0.05035877232274085
Accuracy Intime: [0.5166666666666667, 0.5333333333333333, 0.3620689655172414, 0.3103448275862069, 0.3448275862068966, 0.31666666666666665, 0.5166666666666667, 0.38333333333333336, 0.3275862068965517, 0.3103448275862069, 0.3, 0.4166666666666667, 0.3793103448275862, 0.3620689655172414, 0.39655172413793105]
 mean: 0.385095785440613, std: 0.07609174180922901
F1 (Intime): [0.4917333730099687, 0.5292289255888851, 0.3388409121167742, 0.2562516467953363, 0.27443850267379677, 0.20933014354066987, 0.5250256568144499, 0.2498817966903073, 0.23013871374527112, 0.315431879948009, 0.27439276877240826, 0.41895030372852954, 0.36788942052099943, 0.34790313852813853, 0.3915918640183347]
 mean: 0.3480686030994586, std: 0.10175475646124246
--------------------------------------------------
Subject Number: 22
Accuracy Cross: [0.3888888888888889, 0.3680555555555556, 0.3958333333333333, 0.3680555555555556, 0.375, 0.4161073825503356, 0.3959731543624161, 0.42953020134228187, 0.3959731543624161, 0.35570469798657717, 0.445859872611465, 0.4267515923566879, 0.4267515923566879, 0.4140127388535032, 0.4713375796178344]
 mean: 0.4049223533155692, std: 0.030972122159101112
F1 Score: [0.38694629506853595, 0.36708754646356995, 0.42596879636997054, 0.39938527319976064, 0.36347926267281105, 0.40433155080213906, 0.37421737440259767, 0.42081778782739776, 0.38235114569309153, 0.3414105758582503, 0.4441967349429141, 0.43415328490771965, 0.43714984625807796, 0.4102255399106973, 0.45938667188847376]
 mean: 0.4034071790844005, std: 0.03274177064559464
Accuracy Intime: [0.6, 0.5166666666666667, 0.6833333333333333, 0.5, 0.5689655172413793, 0.8275862068965517, 0.6896551724137931, 0.603448275862069, 0.41379310344827586, 0.6428571428571429, 0.4827586206896552, 0.5517241379310345, 0.5, 0.39655172413793105, 0.3392857142857143]
 mean: 0.5544417077175697, std: 0.12261404563787313
F1 (Intime): [0.5768965517241379, 0.5005503978779842, 0.680230614973262, 0.4690677539514748, 0.527196223316913, 0.8318773946360153, 0.6749100197376059, 0.5969514356611131, 0.41408045977011493, 0.6176242236024845, 0.48628408628408626, 0.5534259259259259, 0.5331852358168148, 0.34725490196078435, 0.25684380032206117]
 mean: 0.5377586017040519, std: 0.13580875278946758
--------------------------------------------------
Subject Number: 23
Accuracy Cross: [0.3958333333333333, 0.3125, 0.4444444444444444, 0.3402777777777778, 0.375, 0.3776223776223776, 0.34265734265734266, 0.35664335664335667, 0.42657342657342656, 0.32167832167832167, 0.2789115646258503, 0.2925170068027211, 0.35374149659863946, 0.3333333333333333, 0.29931972789115646]
 mean: 0.3500702339988055, std: 0.04610923517044921
F1 Score: [0.39572243676721286, 0.3229356358912895, 0.4195684562705839, 0.33914230019493175, 0.38853329933273834, 0.3886085900804076, 0.34648768653702866, 0.3837791849346269, 0.4407142857142857, 0.3425377954297705, 0.2776767026956851, 0.2962932900432901, 0.3633226822881995, 0.3564851228583623, 0.32205533270439624]
 mean: 0.358924186782854, std: 0.04329369736328826
Accuracy Intime: [0.603448275862069, 0.5862068965517241, 0.4827586206896552, 0.39285714285714285, 0.39285714285714285, 0.5862068965517241, 0.5172413793103449, 0.3793103448275862, 0.3275862068965517, 0.42857142857142855, 0.5689655172413793, 0.5689655172413793, 0.3793103448275862, 0.39285714285714285, 0.39285714285714285]
 mean: 0.46666666666666673, std: 0.09269450272911621
F1 (Intime): [0.5871572871572871, 0.5841787439613526, 0.4742634177416786, 0.3350877744260097, 0.3214285714285714, 0.5874643874643874, 0.49884792626728114, 0.3714895635673624, 0.2911789297658863, 0.35970774302771097, 0.5633059226809227, 0.5671296296296297, 0.3909163657393398, 0.371178955453149, 0.3535575048732943]
 mean: 0.44379284821225756, std: 0.10737719541014222
--------------------------------------------------
Subject Number: 24
Accuracy Cross: [0.30344827586206896, 0.43448275862068964, 0.31724137931034485, 0.31724137931034485, 0.3724137931034483, 0.3013698630136986, 0.3424657534246575, 0.23972602739726026, 0.2808219178082192, 0.21232876712328766, 0.21621621621621623, 0.38513513513513514, 0.38513513513513514, 0.33783783783783783, 0.3716216216216216]
 mean: 0.3211657240613311, std: 0.06260204925950946
F1 Score: [0.26835357265685134, 0.4314427855716438, 0.3068296643761098, 0.3067172257946203, 0.36834163553341637, 0.2505343364609828, 0.33632061801498253, 0.2770265079913774, 0.31524780204163916, 0.24046893901658006, 0.19447170048673806, 0.389873196020737, 0.3947501650891482, 0.3300927591299154, 0.36141619372253175]
 mean: 0.31812580679381824, std: 0.06274374714347819
Accuracy Intime: [0.4666666666666667, 0.6379310344827587, 0.41379310344827586, 0.3275862068965517, 0.5517241379310345, 0.4482758620689655, 0.5344827586206896, 0.3275862068965517, 0.3103448275862069, 0.3620689655172414, 0.3103448275862069, 0.4827586206896552, 0.4482758620689655, 0.4482758620689655, 0.5344827586206896]
 mean: 0.44030651340996163, std: 0.09588574058980279
F1 (Intime): [0.4662760275282961, 0.6398252147984018, 0.4044079547527823, 0.25311167945439045, 0.5154040404040404, 0.4456461352657005, 0.5440746226077245, 0.3254310344827586, 0.298405400474366, 0.32395967395967395, 0.27936928971411734, 0.48398601398601393, 0.4513805850111382, 0.4441767909509845, 0.5402440884820747]
 mean: 0.42771323679149753, std: 0.10821970305308588
--------------------------------------------------
Subject Number: 25
Accuracy Cross: [0.30612244897959184, 0.38095238095238093, 0.32653061224489793, 0.4013605442176871, 0.40816326530612246, 0.5067567567567568, 0.43243243243243246, 0.41216216216216217, 0.4189189189189189, 0.39864864864864863, 0.42105263157894735, 0.5394736842105263, 0.5131578947368421, 0.5394736842105263, 0.40131578947368424]
 mean: 0.427101456988675, std: 0.06769378172540455
F1 Score: [0.31019704932748415, 0.3907286482514446, 0.3356759402321226, 0.4051536939274901, 0.41400333317308463, 0.5257929451004568, 0.42637983092759946, 0.4195261261504412, 0.4177177177177177, 0.41584894656265947, 0.44344346773149945, 0.5565691008425995, 0.5386688763681308, 0.5651780318446986, 0.4260615927282594]
 mean: 0.4393963533923792, std: 0.07316150063938555
Accuracy Intime: [0.5333333333333333, 0.5666666666666667, 0.55, 0.4827586206896552, 0.5689655172413793, 0.6166666666666667, 0.6, 0.5517241379310345, 0.4482758620689655, 0.5172413793103449, 0.5333333333333333, 0.6, 0.5862068965517241, 0.603448275862069, 0.5172413793103449]
 mean: 0.5517241379310345, std: 0.04602822817823852
F1 (Intime): [0.5384310134310134, 0.5416257759882459, 0.5576803118908381, 0.48134920634920636, 0.5699404761904763, 0.5910720921590487, 0.6043605514422763, 0.529925074925075, 0.439722911497105, 0.5012312844759653, 0.4878787878787879, 0.5964839931573802, 0.5795543404768204, 0.6106056215589685, 0.4491666666666667]
 mean: 0.538601873872525, std: 0.05400174815612875
--------------------------------------------------
Subject Number: 26
Accuracy Cross: [0.45517241379310347, 0.42758620689655175, 0.4068965517241379, 0.4413793103448276, 0.3724137931034483, 0.4013605442176871, 0.41496598639455784, 0.43537414965986393, 0.41496598639455784, 0.4965986394557823, 0.31543624161073824, 0.348993288590604, 0.3624161073825503, 0.40939597315436244, 0.3288590604026846]
 mean: 0.4021209502083638, std: 0.047332403826837545
F1 Score: [0.4429153031011376, 0.4182397406465875, 0.3935410000627392, 0.4005662414736635, 0.36311997823290615, 0.36514934882160344, 0.3815895567698846, 0.4116256789998546, 0.37800122939925573, 0.4959838885850513, 0.3451877826927181, 0.36353238265002974, 0.37966022440769065, 0.42895989954501723, 0.36563206621902716]
 mean: 0.39558028810714446, std: 0.03780379504588106
Accuracy Intime: [0.65, 0.6833333333333333, 0.6724137931034483, 0.5517241379310345, 0.5344827586206896, 0.603448275862069, 0.6206896551724138, 0.4827586206896552, 0.5689655172413793, 0.3793103448275862, 0.46551724137931033, 0.6206896551724138, 0.6206896551724138, 0.5, 0.5689655172413793]
 mean: 0.5681992337164751, std: 0.0816085658242044
F1 (Intime): [0.6493081777969576, 0.6776175213675214, 0.6649268834051443, 0.5394579877338498, 0.5026443294735977, 0.5818965517241379, 0.6129329734592892, 0.47438146648672963, 0.556679993336665, 0.3248689604406483, 0.47500624687656173, 0.6331627680311891, 0.6243863428646037, 0.46244535760664796, 0.5074750830564784]
 mean: 0.5524793762440015, std: 0.0933060764157279
--------------------------------------------------
Subject Number: 27
Accuracy Cross: [0.4513888888888889, 0.5138888888888888, 0.4583333333333333, 0.4861111111111111, 0.4722222222222222, 0.4421768707482993, 0.42857142857142855, 0.4557823129251701, 0.5034013605442177, 0.5850340136054422, 0.5, 0.5273972602739726, 0.5068493150684932, 0.5273972602739726, 0.541095890410959]
 mean: 0.49331001045775996, std: 0.041203022521734176
F1 Score: [0.37634092098377814, 0.499128587999818, 0.4539069447813081, 0.47962890641950234, 0.4532488628979857, 0.36535354441111256, 0.4219133502489545, 0.44961299822601986, 0.5056818181818181, 0.5824185187306679, 0.4979982754372998, 0.5245218916104992, 0.5017955017955018, 0.5225242662252093, 0.5365141948042964]
 mean: 0.47803923885025146, std: 0.057051872733447355
Accuracy Intime: [0.6166666666666667, 0.6379310344827587, 0.7068965517241379, 0.603448275862069, 0.6724137931034483, 0.6551724137931034, 0.603448275862069, 0.603448275862069, 0.5862068965517241, 0.6428571428571429, 0.6206896551724138, 0.6206896551724138, 0.7241379310344828, 0.6206896551724138, 0.6428571428571429]
 mean: 0.6371702244116038, std: 0.037683404997609506
F1 (Intime): [0.611685291060291, 0.6207010582010583, 0.691541248606466, 0.5765010851217748, 0.6482976827094474, 0.6521514976958525, 0.6090012928248222, 0.571826724000637, 0.5805835921325052, 0.6223214285714286, 0.6193385467579016, 0.6118819776714514, 0.7308895405669599, 0.5686534749034748, 0.6086655056759546]
 mean: 0.6216026631000017, std: 0.043208275569773795
--------------------------------------------------
Subject Number: 28
Accuracy Cross: [0.3076923076923077, 0.2867132867132867, 0.27972027972027974, 0.3356643356643357, 0.3356643356643357, 0.3013698630136986, 0.3972602739726027, 0.3287671232876712, 0.3767123287671233, 0.2534246575342466, 0.18421052631578946, 0.16447368421052633, 0.18421052631578946, 0.18421052631578946, 0.18421052631578946]
 mean: 0.2736203054335714, std: 0.07442748625083241
F1 Score: [0.2964728819567529, 0.29382910354777364, 0.2831009559133609, 0.349445542380325, 0.3413654618473896, 0.29683447749809305, 0.38190225705607167, 0.2947067211810376, 0.3681868314470508, 0.2602819667426409, 0.0782122905027933, 0.07142857142857142, 0.0782122905027933, 0.0782122905027933, 0.07865168539325842]
 mean: 0.23672288852671372, std: 0.11725029994224473
Accuracy Intime: [0.38333333333333336, 0.3620689655172414, 0.39655172413793105, 0.39655172413793105, 0.43103448275862066, 0.41379310344827586, 0.3275862068965517, 0.3275862068965517, 0.2857142857142857, 0.4107142857142857, 0.5689655172413793, 0.5344827586206896, 0.6724137931034483, 0.5714285714285714, 0.5178571428571429]
 mean: 0.4400054734537493, std: 0.10541124928845724
F1 (Intime): [0.38480053570110406, 0.36085434173669473, 0.381242684890617, 0.36835286975201975, 0.41654185867895543, 0.4143817204301075, 0.3182900432900433, 0.3192317779257197, 0.26997705784204673, 0.3888814106878449, 0.5500802269094952, 0.540406976744186, 0.659005376344086, 0.5731283422459893, 0.5376600317727316]
 mean: 0.4321890169967761, std: 0.10848365647084939
--------------------------------------------------
Subject Number: 29
Accuracy Cross: [0.43356643356643354, 0.38461538461538464, 0.3006993006993007, 0.46153846153846156, 0.36363636363636365, 0.42758620689655175, 0.3724137931034483, 0.47586206896551725, 0.43448275862068964, 0.4413793103448276, 0.28378378378378377, 0.4189189189189189, 0.3918918918918919, 0.4189189189189189, 0.46621621621621623]
 mean: 0.4050339874477807, std: 0.0546528128519088
F1 Score: [0.4291398624710251, 0.3837823423317992, 0.31336470437594033, 0.4592013888888889, 0.360432509312394, 0.43493680152589725, 0.35988920015411524, 0.47964560964363345, 0.45230371107387235, 0.4551324659185057, 0.26559186056076955, 0.42976499712691174, 0.362937750746657, 0.39129882013887185, 0.47331654207785323]
 mean: 0.403382571089809, std: 0.06013366671917284
Accuracy Intime: [0.6379310344827587, 0.6206896551724138, 0.5172413793103449, 0.5172413793103449, 0.4827586206896552, 0.5689655172413793, 0.5344827586206896, 0.5, 0.4107142857142857, 0.39285714285714285, 0.43103448275862066, 0.5344827586206896, 0.5344827586206896, 0.375, 0.32142857142857145]
 mean: 0.49195402298850577, std: 0.08700790968142043
F1 (Intime): [0.6498456654025928, 0.5934809997967894, 0.5110177404295051, 0.5224564188493989, 0.43643790849673203, 0.578957936251064, 0.5486111111111112, 0.4994272968410899, 0.3975542941060182, 0.3659085100945566, 0.3596729846729847, 0.5135878489326765, 0.5177600177600178, 0.33107347425188505, 0.3094047619047619]
 mean: 0.4756797979267456, std: 0.09970421832406635
--------------------------------------------------
**************************************************
accuracy_cross_list: [0.35776026272578, 0.4805160048427938, 0.30552288712095005, 0.3737931034482758, 0.3879162202314912, 0.26039304610733177, 0.35227533935948807, 0.3474560274560275, 0.35457521387071284, 0.3390406255687314, 0.24144506056020068, 0.3963734140210286, 0.31539652357750025, 0.33424040478835, 0.38879677741038154, 0.3246794871794872, 0.49331001045775996, 0.37211791383219955, 0.35263594852635943, 0.35381972881972884, 0.29528565299993864, 0.4049223533155692, 0.3500702339988055, 0.3211657240613311, 0.427101456988675, 0.4021209502083638, 0.49331001045775996, 0.2736203054335714, 0.4050339874477807]
f1_score_list: [0.34684517993971326, 0.4567719047294331, 0.29383968094688306, 0.37197363564368857, 0.37507736886821913, 0.2543258498390754, 0.3447784381738251, 0.32002562241794547, 0.36731556225727435, 0.33416466908730663, 0.23540172515604837, 0.4066531969660448, 0.29418027751137127, 0.3070025528254371, 0.3813690665337503, 0.29853472786411034, 0.47803923885025146, 0.37267962648606723, 0.3403633304298491, 0.3563664871253565, 0.28849640178712044, 0.4034071790844005, 0.358924186782854, 0.31812580679381824, 0.4393963533923792, 0.39558028810714446, 0.47803923885025146, 0.23672288852671372, 0.403382571089809]
accuracy_intime_list: [0.5069100743745775, 0.6914614121510674, 0.3931390257252326, 0.4839080459770114, 0.5383908045977013, 0.47101806239737276, 0.43, 0.4514559386973181, 0.4650437876299946, 0.4278544061302682, 0.4911877394636015, 0.47557471264367823, 0.47854406130268207, 0.5068199233716475, 0.5094417077175697, 0.5148193760262726, 0.6371702244116038, 0.47570881226053646, 0.6342446633825944, 0.5026272577996717, 0.385095785440613, 0.5544417077175697, 0.46666666666666673, 0.44030651340996163, 0.5517241379310345, 0.5681992337164751, 0.6371702244116038, 0.4400054734537493, 0.49195402298850577]
f1_score_intime_list: [0.4842233857598122, 0.6734099525080615, 0.3557424288611149, 0.45850747382059254, 0.5130580749869627, 0.4499825297295601, 0.42228876441270696, 0.43152164677481425, 0.4495475983672405, 0.4050987719009277, 0.46861603896081677, 0.4651464307325922, 0.4581778344857464, 0.5022160699455118, 0.49644770696758606, 0.4880319895813761, 0.6216026631000017, 0.4658909206212563, 0.6395742141515695, 0.486128519598737, 0.3480686030994586, 0.5377586017040519, 0.44379284821225756, 0.42771323679149753, 0.538601873872525, 0.5524793762440015, 0.6216026631000017, 0.4321890169967761, 0.4756797979267456]
**************************************************
ACC: 36.22±6.11
F1: 35.37±6.37
Intime: 50.42±7.27
F1 (Intime): 48.67±7.64
