1e-06
Subject Number: 1
Accuracy Cross: [0.5, 0.3974358974358974, 0.44871794871794873, 0.5, 0.5, 0.4791666666666667, 0.5104166666666666, 0.5, 0.46875, 0.5104166666666666, 0.5, 0.5833333333333334, 0.46875, 0.5729166666666666, 0.5]
 mean: 0.4959935897435897, std: 0.043030164195382394
F1 Score: [0.3333333333333333, 0.315406162464986, 0.3285285285285285, 0.37394525622556085, 0.3333333333333333, 0.323943661971831, 0.3560724989296418, 0.3333333333333333, 0.3191489361702128, 0.3875390253834668, 0.36703296703296706, 0.5602382043060009, 0.3502322495023225, 0.541846118030497, 0.3333333333333333]
 mean: 0.3704844627919565, std: 0.07367497624524523
Accuracy Intime: [0.5, 0.5526315789473685, 0.5789473684210527, 0.6052631578947368, 0.5263157894736842, 0.625, 0.6875, 0.625, 0.6333333333333333, 0.7, 0.65625, 0.625, 0.65625, 0.4, 0.3]
 mean: 0.5780994152046783, std: 0.10580485061873254
F1 (Intime): [0.3333333333333333, 0.5369175627240144, 0.5476190476190476, 0.5064935064935066, 0.3448275862068966, 0.38461538461538464, 0.5833333333333333, 0.5, 0.6122209165687427, 0.4117647058823529, 0.5594493116395495, 0.38461538461538464, 0.46907993966817496, 0.2857142857142857, 0.23076923076923078]
 mean: 0.4460502352788825, std: 0.11216498404706858
--------------------------------------------------
Subject Number: 2
Accuracy Cross: [0.4342105263157895, 0.5, 0.5263157894736842, 0.5131578947368421, 0.5, 0.5, 0.47435897435897434, 0.5, 0.5, 0.5, 0.5208333333333334, 0.6145833333333334, 0.4895833333333333, 0.40625, 0.5]
 mean: 0.4986195456590193, std: 0.04342328154364912
F1 Score: [0.32128764278296984, 0.4077112387202625, 0.4077922077922078, 0.44283732910639984, 0.35535714285714287, 0.3333333333333333, 0.3900438680144955, 0.3333333333333333, 0.3333333333333333, 0.3333333333333333, 0.482903981264637, 0.5473429336051994, 0.32867132867132864, 0.3371290127195639, 0.3333333333333333]
 mean: 0.37918289014672496, std: 0.06510937197112553
Accuracy Intime: [0.40625, 0.65625, 0.59375, 0.7666666666666667, 0.7, 0.65625, 0.6666666666666666, 0.7666666666666667, 0.6, 0.7, 0.65625, 0.7, 0.7, 0.5, 0.43333333333333335]
 mean: 0.6334722222222222, std: 0.10584335764716031
F1 (Intime): [0.3552492046659597, 0.5883040935672514, 0.37254901960784315, 0.7643097643097643, 0.4117647058823529, 0.46907993966817496, 0.4, 0.6888888888888889, 0.48863636363636365, 0.4117647058823529, 0.6532019704433498, 0.6827262044653349, 0.6827262044653349, 0.38440492476060195, 0.3023255813953488]
 mean: 0.5103954381092615, std: 0.14566032040319368
--------------------------------------------------
Subject Number: 3
Accuracy Cross: [0.5324675324675324, 0.44155844155844154, 0.4935064935064935, 0.4805194805194805, 0.5064935064935064, 0.5, 0.5, 0.48717948717948717, 0.5128205128205128, 0.48717948717948717, 0.47474747474747475, 0.5151515151515151, 0.48484848484848486, 0.48484848484848486, 0.5050505050505051]
 mean: 0.4937580937580937, std: 0.020320690475486052
F1 Score: [0.44202898550724634, 0.4400473532893624, 0.3518238722210231, 0.4600280504908836, 0.33620689655172414, 0.3548250265111347, 0.3548250265111347, 0.3275862068965517, 0.38095238095238093, 0.3275862068965517, 0.4447799827437446, 0.38888888888888884, 0.35804195804195804, 0.42474649652500857, 0.33557046979865773]
 mean: 0.38186252012175, std: 0.04619825910156659
Accuracy Intime: [0.53125, 0.4375, 0.6875, 0.4666666666666667, 0.6666666666666666, 0.71875, 0.5625, 0.6666666666666666, 0.6333333333333333, 0.7333333333333333, 0.625, 0.71875, 0.6666666666666666, 0.5, 0.4666666666666667]
 mean: 0.6054166666666667, std: 0.09877959003461902
F1 (Intime): [0.5076923076923077, 0.43529411764705883, 0.5428571428571429, 0.4444444444444444, 0.4, 0.6081632653061224, 0.36, 0.4, 0.45990180032733224, 0.5833333333333334, 0.6190476190476191, 0.718475073313783, 0.660633484162896, 0.3333333333333333, 0.3181818181818182]
 mean: 0.49275718264314605, std: 0.12021545705993698
--------------------------------------------------
Subject Number: 4
Accuracy Cross: [0.6623376623376623, 0.6363636363636364, 0.4675324675324675, 0.4935064935064935, 0.5064935064935064, 0.4935064935064935, 0.5194805194805194, 0.4935064935064935, 0.5194805194805194, 0.4935064935064935, 0.5208333333333334, 0.4791666666666667, 0.5416666666666666, 0.5, 0.5]
 mean: 0.5218253968253969, std: 0.053186123177225514
F1 Score: [0.6404454022988506, 0.6256944444444444, 0.3563710499490316, 0.33043478260869563, 0.33620689655172414, 0.33043478260869563, 0.385063673645586, 0.33043478260869563, 0.4767676767676768, 0.33043478260869563, 0.4609375, 0.4307400379506642, 0.484375, 0.45351043643263755, 0.3333333333333333]
 mean: 0.42034563878724873, std: 0.10101972495346993
Accuracy Intime: [0.46875, 0.5, 0.6666666666666666, 0.43333333333333335, 0.7, 0.625, 0.625, 0.6666666666666666, 0.6666666666666666, 0.7333333333333333, 0.59375, 0.46875, 0.6333333333333333, 0.7666666666666667, 0.4666666666666667]
 mean: 0.6009722222222222, std: 0.1036929971325016
F1 (Intime): [0.4231177094379639, 0.4920634920634921, 0.4, 0.3023255813953488, 0.4117647058823529, 0.536231884057971, 0.536231884057971, 0.5738636363636364, 0.6651785714285714, 0.52, 0.5733333333333333, 0.3191489361702128, 0.6296296296296295, 0.7664071190211346, 0.3181818181818182]
 mean: 0.49783188673489576, std: 0.13100855780234202
--------------------------------------------------
Subject Number: 5
Accuracy Cross: [0.44871794871794873, 0.6410256410256411, 0.48717948717948717, 0.41025641025641024, 0.47435897435897434, 0.4625, 0.4875, 0.4875, 0.4875, 0.5, 0.4810126582278481, 0.5316455696202531, 0.5063291139240507, 0.5063291139240507, 0.4936708860759494]
 mean: 0.4937017202207076, std: 0.04771857025382487
F1 Score: [0.3285285285285285, 0.6208333333333333, 0.47860962566844917, 0.30787037037037035, 0.3217391304347826, 0.3352657004830918, 0.47762382544991244, 0.3277310924369748, 0.3277310924369748, 0.3333333333333333, 0.37914510254935785, 0.43971631205673756, 0.35772357723577236, 0.33613445378151263, 0.3305084745762712]
 mean: 0.38016626351169347, std: 0.0842933338117577
Accuracy Intime: [0.5, 0.59375, 0.5, 0.625, 0.5333333333333333, 0.5625, 0.5, 0.59375, 0.4666666666666667, 0.5333333333333333, 0.46875, 0.53125, 0.5, 0.4666666666666667, 0.4666666666666667]
 mean: 0.5227777777777778, std: 0.049555119579547065
F1 (Intime): [0.3333333333333333, 0.5733333333333333, 0.3333333333333333, 0.5636363636363637, 0.34782608695652173, 0.5465587044534412, 0.4458874458874459, 0.539313399778516, 0.3181818181818182, 0.34782608695652173, 0.36374269005847953, 0.3992490613266583, 0.3333333333333333, 0.3181818181818182, 0.3181818181818182]
 mean: 0.4054612417955158, std: 0.09645124164308423
--------------------------------------------------
Subject Number: 6
Accuracy Cross: [0.4868421052631579, 0.5263157894736842, 0.5526315789473685, 0.5921052631578947, 0.5, 0.5, 0.4230769230769231, 0.3333333333333333, 0.44871794871794873, 0.46153846153846156, 0.5128205128205128, 0.41025641025641024, 0.24358974358974358, 0.5128205128205128, 0.5]
 mean: 0.4669365721997301, std: 0.08471686119495067
F1 Score: [0.3274336283185841, 0.5179704016913319, 0.4933333333333333, 0.5106957424714433, 0.3333333333333333, 0.3333333333333333, 0.4206964845684106, 0.3333333333333333, 0.30973451327433627, 0.3157894736842105, 0.38095238095238093, 0.3485838779956427, 0.221978021978022, 0.44075471698113206, 0.3333333333333333]
 mean: 0.37475039390547743, std: 0.0818083155771661
Accuracy Intime: [0.5, 0.59375, 0.5, 0.5333333333333333, 0.5333333333333333, 0.625, 0.4666666666666667, 0.4666666666666667, 0.5666666666666667, 0.5666666666666667, 0.53125, 0.7333333333333333, 0.6333333333333333, 0.4666666666666667, 0.43333333333333335]
 mean: 0.5433333333333333, std: 0.07673985033624725
F1 (Intime): [0.3333333333333333, 0.5901477832512315, 0.3333333333333333, 0.4444444444444444, 0.34782608695652173, 0.5844155844155844, 0.3650793650793651, 0.3181818181818182, 0.4993581514762516, 0.3617021276595745, 0.3992490613266583, 0.7129186602870814, 0.6228571428571429, 0.3181818181818182, 0.3023255813953488]
 mean: 0.43555695281196716, std: 0.1285452056431539
--------------------------------------------------
Subject Number: 7
Accuracy Cross: [0.4936708860759494, 0.46835443037974683, 0.4430379746835443, 0.4810126582278481, 0.5063291139240507, 0.5, 0.5769230769230769, 0.5, 0.48717948717948717, 0.5512820512820513, 0.5125, 0.5875, 0.6, 0.525, 0.5]
 mean: 0.515519311911717, std: 0.043376558478233865
F1 Score: [0.3305084745762712, 0.44254032258064513, 0.3416666666666667, 0.3247863247863248, 0.35772357723577236, 0.4062073004099161, 0.5606758832565284, 0.4062073004099161, 0.4510907811400422, 0.47930574098798395, 0.4894452626411389, 0.5679921453117329, 0.5833333333333333, 0.45868945868945865, 0.3333333333333333]
 mean: 0.4355670603572709, std: 0.08603331841139832
Accuracy Intime: [0.5, 0.53125, 0.53125, 0.4666666666666667, 0.5, 0.625, 0.5625, 0.5625, 0.5625, 0.5, 0.46875, 0.4375, 0.5, 0.5333333333333333, 0.4666666666666667]
 mean: 0.5165277777777778, std: 0.04719852346508257
F1 (Intime): [0.3333333333333333, 0.43859649122807015, 0.3992490613266583, 0.3181818181818182, 0.3333333333333333, 0.6, 0.5625, 0.5607843137254902, 0.45893719806763283, 0.38440492476060195, 0.3191489361702128, 0.30434782608695654, 0.3333333333333333, 0.475, 0.3181818181818182]
 mean: 0.40928882584861725, std: 0.09804885175917229
--------------------------------------------------
Subject Number: 8
Accuracy Cross: [0.5125, 0.4875, 0.5125, 0.5125, 0.5125, 0.4875, 0.55, 0.5, 0.5375, 0.5, 0.5641025641025641, 0.4230769230769231, 0.48717948717948717, 0.5512820512820513, 0.5]
 mean: 0.5092094017094017, std: 0.03305759279685063
F1 Score: [0.3605246976839517, 0.48354589828373484, 0.4597402597402597, 0.33884297520661155, 0.33884297520661155, 0.3277310924369748, 0.52, 0.3897787948131198, 0.5156275568646702, 0.3333333333333333, 0.5264285714285715, 0.3305359526988365, 0.43355119825708055, 0.47930574098798395, 0.3333333333333333]
 mean: 0.4114081586850048, std: 0.07652698747131036
Accuracy Intime: [0.46875, 0.46875, 0.5, 0.4666666666666667, 0.5333333333333333, 0.625, 0.59375, 0.625, 0.5666666666666667, 0.5666666666666667, 0.53125, 0.53125, 0.5, 0.5, 0.46875]
 mean: 0.5297222222222222, std: 0.053405261103942246
F1 (Intime): [0.3191489361702128, 0.4231177094379639, 0.3333333333333333, 0.3181818181818182, 0.34782608695652173, 0.6235294117647059, 0.5835835835835836, 0.5844155844155844, 0.4993581514762516, 0.4222222222222222, 0.3992490613266583, 0.3992490613266583, 0.3333333333333333, 0.3333333333333333, 0.3191489361702128]
 mean: 0.41593537086882626, std: 0.10347085817719097
--------------------------------------------------
Subject Number: 9
Accuracy Cross: [0.5, 0.5263157894736842, 0.5131578947368421, 0.5263157894736842, 0.5, 0.5128205128205128, 0.5384615384615384, 0.47435897435897434, 0.5897435897435898, 0.44871794871794873, 0.46835443037974683, 0.6962025316455697, 0.6075949367088608, 0.5316455696202531, 0.4810126582278481]
 mean: 0.5276468109579369, std: 0.06083494878371326
F1 Score: [0.3333333333333333, 0.4242424242424242, 0.4807017543859649, 0.438884331419196, 0.3333333333333333, 0.45192307692307687, 0.5230978260869565, 0.35975975975975977, 0.5853820598006645, 0.30973451327433627, 0.3715909090909091, 0.693798449612403, 0.5599281221922732, 0.43971631205673756, 0.3247863247863248]
 mean: 0.44201416868651294, std: 0.10737544994920335
Accuracy Intime: [0.46875, 0.5, 0.5, 0.6, 0.5333333333333333, 0.4375, 0.5333333333333333, 0.5, 0.7333333333333333, 0.5333333333333333, 0.5, 0.5, 0.5333333333333333, 0.5, 0.43333333333333335]
 mean: 0.5204166666666666, std: 0.06926448905784581
F1 (Intime): [0.3191489361702128, 0.3333333333333333, 0.3333333333333333, 0.55, 0.34782608695652173, 0.43529411764705883, 0.5333333333333333, 0.42233632862644416, 0.7321428571428572, 0.34782608695652173, 0.3333333333333333, 0.3333333333333333, 0.34782608695652173, 0.38440492476060195, 0.3023255813953488]
 mean: 0.4037198448852503, std: 0.1138414702659527
--------------------------------------------------
Subject Number: 10
Accuracy Cross: [0.5064935064935064, 0.4935064935064935, 0.5064935064935064, 0.5194805194805194, 0.5194805194805194, 0.48717948717948717, 0.5, 0.48717948717948717, 0.34615384615384615, 0.5384615384615384, 0.47619047619047616, 0.5119047619047619, 0.6071428571428571, 0.47619047619047616, 0.4880952380952381]
 mean: 0.4975968475968475, std: 0.051102730863091764
F1 Score: [0.35833333333333334, 0.4568638090070537, 0.4110305958132045, 0.40310077519379844, 0.40310077519379844, 0.3483709273182958, 0.4857142857142857, 0.3275862068965517, 0.34604635870458655, 0.4450592885375494, 0.39961013645224175, 0.4723456411827792, 0.6057459820793628, 0.38726790450928383, 0.328]
 mean: 0.4118784013290751, std: 0.07122883905940447
Accuracy Intime: [0.4375, 0.53125, 0.59375, 0.4666666666666667, 0.5333333333333333, 0.53125, 0.59375, 0.6, 0.4666666666666667, 0.5333333333333333, 0.5, 0.59375, 0.5333333333333333, 0.4666666666666667, 0.4666666666666667]
 mean: 0.5231944444444444, std: 0.05287381612952449
F1 (Intime): [0.30434782608695654, 0.5270935960591133, 0.539313399778516, 0.3181818181818182, 0.34782608695652173, 0.3469387755102041, 0.5733333333333333, 0.48863636363636365, 0.3181818181818182, 0.34782608695652173, 0.3333333333333333, 0.5733333333333333, 0.34782608695652173, 0.3181818181818182, 0.3181818181818182]
 mean: 0.40016903297786605, std: 0.10160654777341459
--------------------------------------------------
Subject Number: 11
Accuracy Cross: [0.4605263157894737, 0.5526315789473685, 0.5394736842105263, 0.5789473684210527, 0.5, 0.5, 0.4230769230769231, 0.5256410256410257, 0.5512820512820513, 0.3717948717948718, 0.49411764705882355, 0.47058823529411764, 0.5294117647058824, 0.5411764705882353, 0.47058823529411764]
 mean: 0.500617078140298, std: 0.05296520049273566
F1 Score: [0.35285565939771546, 0.47005742411812956, 0.46099290780141844, 0.4882154882154882, 0.3333333333333333, 0.3548250265111347, 0.38668530491001224, 0.3879109225874867, 0.4671091157524888, 0.29987177138670085, 0.39775910364145656, 0.4457325025358644, 0.47660098522167493, 0.4265697976128698, 0.32]
 mean: 0.40456795620171826, std: 0.06040300156529678
Accuracy Intime: [0.5, 0.53125, 0.53125, 0.5333333333333333, 0.5, 0.5, 0.5666666666666667, 0.5333333333333333, 0.6, 0.5333333333333333, 0.5, 0.5333333333333333, 0.5333333333333333, 0.4666666666666667, 0.43333333333333335]
 mean: 0.5197222222222222, std: 0.03801244516805411
F1 (Intime): [0.3333333333333333, 0.43859649122807015, 0.3992490613266583, 0.4444444444444444, 0.3333333333333333, 0.4980392156862745, 0.5542857142857143, 0.34782608695652173, 0.48863636363636365, 0.34782608695652173, 0.3333333333333333, 0.34782608695652173, 0.34782608695652173, 0.3181818181818182, 0.3023255813953488]
 mean: 0.3890042025340519, std: 0.07455665931768941
--------------------------------------------------
Subject Number: 12
Accuracy Cross: [0.5, 0.42105263157894735, 0.5921052631578947, 0.5, 0.5, 0.4805194805194805, 0.4805194805194805, 0.4805194805194805, 0.5194805194805194, 0.5324675324675324, 0.5128205128205128, 0.5128205128205128, 0.5128205128205128, 0.44871794871794873, 0.5]
 mean: 0.4995895916948549, std: 0.03688594005799687
F1 Score: [0.3333333333333333, 0.3681027966742252, 0.5583880037488285, 0.3333333333333333, 0.3333333333333333, 0.34523809523809523, 0.46969696969696967, 0.38003220611916266, 0.5075194468452895, 0.455188679245283, 0.38095238095238093, 0.5115359261700725, 0.5046791443850267, 0.4486273220450435, 0.3333333333333333]
 mean: 0.41755295363024736, std: 0.07670169883642587
Accuracy Intime: [0.5, 0.4375, 0.5333333333333333, 0.4666666666666667, 0.5666666666666667, 0.53125, 0.43333333333333335, 0.6333333333333333, 0.5, 0.6, 0.625, 0.5666666666666667, 0.5333333333333333, 0.6, 0.4666666666666667]
 mean: 0.5329166666666666, std: 0.063145738250964
F1 (Intime): [0.3333333333333333, 0.34545454545454546, 0.34782608695652173, 0.3181818181818182, 0.3617021276595745, 0.530791788856305, 0.40070505287896596, 0.6296296296296295, 0.42233632862644416, 0.48863636363636365, 0.5844155844155844, 0.5542857142857143, 0.34782608695652173, 0.55, 0.3181818181818182]
 mean: 0.43555375193687595, std: 0.10559774775546543
--------------------------------------------------
Subject Number: 13
Accuracy Cross: [0.5, 0.5921052631578947, 0.4342105263157895, 0.5, 0.5, 0.45569620253164556, 0.6075949367088608, 0.6075949367088608, 0.5443037974683544, 0.5063291139240507, 0.4430379746835443, 0.4936708860759494, 0.34177215189873417, 0.4936708860759494, 0.4936708860759494]
 mean: 0.5009105041083722, std: 0.06748784967642976
F1 Score: [0.3333333333333333, 0.5426130848378955, 0.3874414245548266, 0.3748917748917749, 0.3333333333333333, 0.36397678337390005, 0.5908103592314118, 0.5983270460882402, 0.5436456996148908, 0.45613415710503086, 0.3914565826330532, 0.3700159489633174, 0.32345191040843213, 0.4267053701015965, 0.3305084745762712]
 mean: 0.42444301886982055, std: 0.09460532382201614
Accuracy Intime: [0.5, 0.5, 0.53125, 0.5, 0.5333333333333333, 0.59375, 0.4666666666666667, 0.7, 0.4666666666666667, 0.5666666666666667, 0.625, 0.6, 0.6, 0.4666666666666667, 0.43333333333333335]
 mean: 0.5388888888888889, std: 0.07119867655518518
F1 (Intime): [0.3333333333333333, 0.4181818181818182, 0.3992490613266583, 0.3333333333333333, 0.34782608695652173, 0.5588547189819725, 0.4444444444444444, 0.696969696969697, 0.3181818181818182, 0.3617021276595745, 0.5636363636363637, 0.569377990430622, 0.569377990430622, 0.3181818181818182, 0.3023255813953488]
 mean: 0.4356650788962631, std: 0.12022573979581794
--------------------------------------------------
Subject Number: 14
Accuracy Cross: [0.5, 0.6025641025641025, 0.5256410256410257, 0.48717948717948717, 0.5, 0.5128205128205128, 0.3974358974358974, 0.48717948717948717, 0.6153846153846154, 0.5128205128205128, 0.475, 0.475, 0.4625, 0.4875, 0.4875]
 mean: 0.5019017094017093, std: 0.05071608991837755
F1 Score: [0.3333333333333333, 0.5647164716471647, 0.3879109225874867, 0.3275862068965517, 0.3333333333333333, 0.398538961038961, 0.3973368403748151, 0.4510907811400422, 0.59375, 0.38095238095238093, 0.3592677345537757, 0.3592677345537757, 0.3934050432022571, 0.40996582119086167, 0.3277310924369748]
 mean: 0.4012124438161143, std: 0.0777146352807041
Accuracy Intime: [0.5, 0.4375, 0.65625, 0.5666666666666667, 0.5, 0.625, 0.46875, 0.5, 0.6, 0.5333333333333333, 0.53125, 0.59375, 0.625, 0.4666666666666667, 0.4666666666666667]
 mean: 0.5380555555555555, std: 0.06651661353784638
F1 (Intime): [0.3333333333333333, 0.37662337662337664, 0.6389743589743591, 0.5238095238095237, 0.3333333333333333, 0.5636363636363637, 0.39756367663344405, 0.3333333333333333, 0.5982142857142857, 0.4034090909090909, 0.3992490613266583, 0.5588547189819725, 0.611336032388664, 0.3181818181818182, 0.3181818181818182]
 mean: 0.44720227502409166, std: 0.11612251429776903
--------------------------------------------------
Subject Number: 15
Accuracy Cross: [0.4936708860759494, 0.46835443037974683, 0.3670886075949367, 0.4810126582278481, 0.5063291139240507, 0.5064935064935064, 0.4675324675324675, 0.4935064935064935, 0.6103896103896104, 0.5064935064935064, 0.48717948717948717, 0.48717948717948717, 0.6538461538461539, 0.6410256410256411, 0.5]
 mean: 0.5113401366565925, std: 0.07044176769249101
F1 Score: [0.3305084745762712, 0.4641472868217055, 0.3494729907773386, 0.3247863247863248, 0.33613445378151263, 0.35833333333333334, 0.4583976668382227, 0.33043478260869563, 0.6049931600547196, 0.33620689655172414, 0.4858272907053395, 0.43355119825708055, 0.6510356255178127, 0.6410256410256411, 0.3333333333333333]
 mean: 0.4292125639312704, std: 0.1150531447100502
Accuracy Intime: [0.5, 0.46875, 0.5666666666666667, 0.4666666666666667, 0.5666666666666667, 0.5625, 0.6875, 0.625, 0.4666666666666667, 0.5333333333333333, 0.4375, 0.5, 0.5333333333333333, 0.6666666666666666, 0.4666666666666667]
 mean: 0.5365277777777777, std: 0.07383691781283103
F1 (Intime): [0.3333333333333333, 0.4420512820512821, 0.4222222222222222, 0.3181818181818182, 0.3617021276595745, 0.5151515151515151, 0.6761133603238867, 0.5636363636363637, 0.3181818181818182, 0.34782608695652173, 0.30434782608695654, 0.3816425120772947, 0.34782608695652173, 0.6527777777777778, 0.3181818181818182]
 mean: 0.4202117299185803, std: 0.1203413857771784
--------------------------------------------------
Subject Number: 16
Accuracy Cross: [0.5, 0.4868421052631579, 0.5526315789473685, 0.5131578947368421, 0.5, 0.4473684210526316, 0.6447368421052632, 0.4473684210526316, 0.5263157894736842, 0.6447368421052632, 0.4605263157894737, 0.4605263157894737, 0.5263157894736842, 0.4473684210526316, 0.5]
 mean: 0.5105263157894737, std: 0.06119010535647469
F1 Score: [0.3333333333333333, 0.412720427977016, 0.5411931818181819, 0.36192421148173365, 0.3333333333333333, 0.3282828282828283, 0.641697223677318, 0.3605769230769231, 0.525, 0.6089193825042882, 0.4581811858807164, 0.3826035268476322, 0.5043478260869565, 0.4411764705882353, 0.3333333333333333]
 mean: 0.4377748792147887, std: 0.10136907701707275
Accuracy Intime: [0.5, 0.4666666666666667, 0.5, 0.5333333333333333, 0.5333333333333333, 0.5, 0.5333333333333333, 0.6333333333333333, 0.5333333333333333, 0.5333333333333333, 0.6875, 0.6666666666666666, 0.5333333333333333, 0.7, 0.4666666666666667]
 mean: 0.5547222222222222, std: 0.07513670668426999
F1 (Intime): [0.3333333333333333, 0.4258373205741627, 0.45054945054945056, 0.34782608695652173, 0.34782608695652173, 0.4666666666666667, 0.53125, 0.5970695970695971, 0.34782608695652173, 0.34782608695652173, 0.6875, 0.625, 0.34782608695652173, 0.6703296703296704, 0.3181818181818182]
 mean: 0.45632321943248716, std: 0.12838855021708845
--------------------------------------------------
Subject Number: 17
Accuracy Cross: [0.5131578947368421, 0.4342105263157895, 0.40789473684210525, 0.5, 0.5, 0.5384615384615384, 0.6153846153846154, 0.48717948717948717, 0.46153846153846156, 0.5256410256410257, 0.5, 0.358974358974359, 0.4358974358974359, 0.5897435897435898, 0.5]
 mean: 0.4912055780476833, std: 0.06375470483350208
F1 Score: [0.36192421148173365, 0.42210433244916007, 0.33605125218404197, 0.3333333333333333, 0.3333333333333333, 0.4450592885375494, 0.6025815217391304, 0.41132075471698115, 0.40522875816993464, 0.47133174574097825, 0.3548250265111347, 0.27884615384615385, 0.43441001977587346, 0.5468409586056645, 0.3333333333333333]
 mean: 0.404701601583889, std: 0.08438334987398631
Accuracy Intime: [0.59375, 0.5, 0.53125, 0.4666666666666667, 0.5333333333333333, 0.59375, 0.6333333333333333, 0.6, 0.6, 0.7333333333333333, 0.59375, 0.6, 0.5666666666666667, 0.4666666666666667, 0.43333333333333335]
 mean: 0.5630555555555555, std: 0.07400367024598538
F1 (Intime): [0.5134502923976608, 0.4458874458874459, 0.3992490613266583, 0.3181818181818182, 0.34782608695652173, 0.5134502923976608, 0.6296296296296295, 0.5833333333333333, 0.569377990430622, 0.7129186602870814, 0.5733333333333333, 0.48863636363636365, 0.4222222222222222, 0.3181818181818182, 0.3023255813953488]
 mean: 0.4758669286398345, std: 0.12069373953700732
--------------------------------------------------
Subject Number: 18
Accuracy Cross: [0.5, 0.5128205128205128, 0.5, 0.5, 0.5, 0.4936708860759494, 0.5189873417721519, 0.5443037974683544, 0.620253164556962, 0.5316455696202531, 0.5853658536585366, 0.5365853658536586, 0.6707317073170732, 0.524390243902439, 0.5]
 mean: 0.535916962869726, std: 0.04967201024858219
F1 Score: [0.3333333333333333, 0.4914207275223061, 0.4427550833485986, 0.3333333333333333, 0.3333333333333333, 0.4267053701015965, 0.4553701015965167, 0.44798136645962733, 0.6096837944664031, 0.4088978766430738, 0.5843768634466309, 0.522671568627451, 0.652050919377652, 0.44508068714211346, 0.3333333333333333]
 mean: 0.4546885128043535, std: 0.099275307784834
Accuracy Intime: [0.4375, 0.84375, 0.59375, 0.5, 0.5, 0.5, 0.53125, 0.53125, 0.5666666666666667, 0.5333333333333333, 0.53125, 0.625, 0.5, 0.5, 0.5]
 mean: 0.54625, std: 0.09051102347432809
F1 (Intime): [0.30434782608695654, 0.8423645320197044, 0.5588547189819725, 0.3333333333333333, 0.3333333333333333, 0.4181818181818182, 0.4684385382059801, 0.4684385382059801, 0.5417156286721504, 0.34782608695652173, 0.3992490613266583, 0.6235294117647059, 0.3333333333333333, 0.38440492476060195, 0.3333333333333333]
 mean: 0.4460456278997589, std: 0.1411283504961155
--------------------------------------------------
Subject Number: 19
Accuracy Cross: [0.5, 0.5, 0.4868421052631579, 0.5131578947368421, 0.5, 0.5256410256410257, 0.5384615384615384, 0.5641025641025641, 0.5512820512820513, 0.5128205128205128, 0.5512820512820513, 0.5128205128205128, 0.7564102564102564, 0.5384615384615384, 0.5]
 mean: 0.5367521367521367, std: 0.06279346893317503
F1 Score: [0.3333333333333333, 0.4986111111111111, 0.384423676012461, 0.36192421148173365, 0.3333333333333333, 0.3879109225874867, 0.5381578947368422, 0.5535353535353535, 0.5340501792114696, 0.398538961038961, 0.5085508550855086, 0.36120689655172417, 0.7563702120664146, 0.4135338345864662, 0.3333333333333333]
 mean: 0.44645427386703546, std: 0.11361613854840943
Accuracy Intime: [0.5, 0.65625, 0.59375, 0.5, 0.5333333333333333, 0.59375, 0.5666666666666667, 0.5, 0.5333333333333333, 0.5666666666666667, 0.5625, 0.5666666666666667, 0.5333333333333333, 0.4666666666666667, 0.43333333333333335]
 mean: 0.5404166666666667, std: 0.05392467311324539
F1 (Intime): [0.3333333333333333, 0.6389743589743591, 0.5134502923976608, 0.38440492476060195, 0.34782608695652173, 0.5835835835835836, 0.5417156286721504, 0.38440492476060195, 0.4444444444444444, 0.3617021276595745, 0.45893719806763283, 0.4222222222222222, 0.34782608695652173, 0.3181818181818182, 0.3023255813953488]
 mean: 0.4255555074910917, std: 0.09932732416252082
--------------------------------------------------
Subject Number: 20
Accuracy Cross: [0.5, 0.4342105263157895, 0.34210526315789475, 0.5526315789473685, 0.5263157894736842, 0.47368421052631576, 0.47368421052631576, 0.5, 0.4868421052631579, 0.4868421052631579, 0.46835443037974683, 0.4810126582278481, 0.569620253164557, 0.4936708860759494, 0.5063291139240507]
 mean: 0.4863535420830557, std: 0.0502981627385207
F1 Score: [0.39225589225589225, 0.429369652523136, 0.3305144467935166, 0.45622895622895626, 0.3892857142857143, 0.34199134199134196, 0.43452380952380953, 0.44461538461538463, 0.3274336283185841, 0.3274336283185841, 0.45784313725490194, 0.34499494438827094, 0.512699564586357, 0.35139573070607555, 0.33613445378151263]
 mean: 0.39178135237146916, std: 0.05808444151342402
Accuracy Intime: [0.5, 0.6666666666666666, 0.5666666666666667, 0.4666666666666667, 0.5333333333333333, 0.65625, 0.6333333333333333, 0.6666666666666666, 0.5333333333333333, 0.5666666666666667, 0.6875, 0.6, 0.5333333333333333, 0.5333333333333333, 0.4666666666666667]
 mean: 0.5740277777777777, std: 0.07130101595730041
F1 (Intime): [0.3333333333333333, 0.6666666666666666, 0.4222222222222222, 0.3181818181818182, 0.34782608695652173, 0.6532019704433498, 0.6329254727474972, 0.6411483253588517, 0.4444444444444444, 0.4222222222222222, 0.6875, 0.569377990430622, 0.34782608695652173, 0.34782608695652173, 0.3181818181818182]
 mean: 0.4768589696734941, std: 0.14126263099750483
--------------------------------------------------
Subject Number: 21
Accuracy Cross: [0.524390243902439, 0.43902439024390244, 0.4878048780487805, 0.5, 0.5, 0.5, 0.5, 0.48717948717948717, 0.46153846153846156, 0.48717948717948717, 0.4936708860759494, 0.5189873417721519, 0.5822784810126582, 0.46835443037974683, 0.4936708860759494]
 mean: 0.4962719315606009, std: 0.030846932461917477
F1 Score: [0.44508068714211346, 0.38646714378659724, 0.4554079696394687, 0.38861611202036733, 0.3333333333333333, 0.390990990990991, 0.4807987711213518, 0.3275862068965517, 0.40522875816993464, 0.3275862068965517, 0.4267053701015965, 0.4894557823129252, 0.5594051039378063, 0.3559782608695652, 0.3305084745762712]
 mean: 0.4068766114530283, std: 0.06691642310718424
Accuracy Intime: [0.5, 0.3125, 0.5625, 0.5, 0.5333333333333333, 0.53125, 0.625, 0.65625, 0.5, 0.5333333333333333, 0.5625, 0.53125, 0.59375, 0.5, 0.4666666666666667]
 mean: 0.5272222222222223, std: 0.07570451003411997
F1 (Intime): [0.3333333333333333, 0.2874493927125506, 0.45893719806763283, 0.38440492476060195, 0.34782608695652173, 0.530791788856305, 0.611336032388664, 0.6101882613510521, 0.3333333333333333, 0.34782608695652173, 0.5607843137254902, 0.5076923076923077, 0.5134502923976608, 0.38440492476060195, 0.3181818181818182]
 mean: 0.435329339698293, std: 0.10807443827478641
--------------------------------------------------
Subject Number: 22
Accuracy Cross: [0.5064935064935064, 0.4935064935064935, 0.5584415584415584, 0.5064935064935064, 0.5064935064935064, 0.4177215189873418, 0.620253164556962, 0.4936708860759494, 0.4430379746835443, 0.4936708860759494, 0.45348837209302323, 0.38372093023255816, 0.4418604651162791, 0.5697674418604651, 0.47674418604651164]
 mean: 0.49102429314381024, std: 0.058539830436663554
F1 Score: [0.35833333333333334, 0.4931645569620253, 0.5358156028368795, 0.33620689655172414, 0.33620689655172414, 0.36379551820728295, 0.6060505319148937, 0.3305084745762712, 0.40884353741496593, 0.3305084745762712, 0.4254442075337598, 0.32683503175306455, 0.44065040650406506, 0.4583829787234042, 0.3228346456692913]
 mean: 0.40490540620726373, std: 0.08452209857432308
Accuracy Intime: [0.4375, 0.53125, 0.53125, 0.5, 0.5333333333333333, 0.65625, 0.5, 0.5666666666666667, 0.6333333333333333, 0.5666666666666667, 0.53125, 0.625, 0.5333333333333333, 0.4666666666666667, 0.43333333333333335]
 mean: 0.5363888888888888, std: 0.06400894516962762
F1 (Intime): [0.30434782608695654, 0.5195195195195195, 0.3992490613266583, 0.3333333333333333, 0.34782608695652173, 0.5594493116395495, 0.4666666666666667, 0.5417156286721504, 0.5970695970695971, 0.3617021276595745, 0.3992490613266583, 0.611336032388664, 0.34782608695652173, 0.3181818181818182, 0.3023255813953488]
 mean: 0.42731984927863587, std: 0.10748050166778565
--------------------------------------------------
Subject Number: 23
Accuracy Cross: [0.4868421052631579, 0.5131578947368421, 0.5921052631578947, 0.5131578947368421, 0.5, 0.5, 0.4868421052631579, 0.40789473684210525, 0.4605263157894737, 0.5131578947368421, 0.6410256410256411, 0.4358974358974359, 0.48717948717948717, 0.5384615384615384, 0.5]
 mean: 0.5050832208726946, std: 0.054555183280704085
F1 Score: [0.47954345917471464, 0.49342460817870654, 0.575571969014592, 0.36192421148173365, 0.3333333333333333, 0.3748917748917749, 0.47586206896551725, 0.39947322212467073, 0.4061368400991042, 0.38211382113821135, 0.6350267379679144, 0.42222222222222217, 0.41132075471698115, 0.5059817030260381, 0.3333333333333333]
 mean: 0.43934400397792317, std: 0.0843940109229145
Accuracy Intime: [0.6875, 0.6, 0.5333333333333333, 0.4666666666666667, 0.5666666666666667, 0.53125, 0.4666666666666667, 0.5, 0.4666666666666667, 0.5666666666666667, 0.5625, 0.6, 0.5666666666666667, 0.5333333333333333, 0.4666666666666667]
 mean: 0.5409722222222222, std: 0.060474908070809325
F1 (Intime): [0.6825396825396826, 0.569377990430622, 0.34782608695652173, 0.3181818181818182, 0.3617021276595745, 0.4909862142099682, 0.4258373205741627, 0.38440492476060195, 0.3181818181818182, 0.3617021276595745, 0.5607843137254902, 0.48863636363636365, 0.466484268125855, 0.34782608695652173, 0.3181818181818182]
 mean: 0.4295101974520262, std: 0.10684336064876837
--------------------------------------------------
Subject Number: 24
Accuracy Cross: [0.44155844155844154, 0.45454545454545453, 0.5714285714285714, 0.4935064935064935, 0.4805194805194805, 0.47435897435897434, 0.5128205128205128, 0.5128205128205128, 0.47435897435897434, 0.46153846153846156, 0.5125, 0.4625, 0.5375, 0.475, 0.5]
 mean: 0.4909970584970585, std: 0.03317240784422399
F1 Score: [0.3063063063063063, 0.43854166666666666, 0.5253129086493555, 0.33043478260869563, 0.32456140350877194, 0.3217391304347826, 0.507641196013289, 0.38095238095238093, 0.4721901303845519, 0.3352272727272727, 0.3971014492753623, 0.44291497975708505, 0.4675301313185825, 0.4017094017094017, 0.3333333333333333]
 mean: 0.3990330982430559, std: 0.07062694345412285
Accuracy Intime: [0.5, 0.46875, 0.5625, 0.4666666666666667, 0.5, 0.5, 0.5625, 0.6, 0.6333333333333333, 0.5, 0.75, 0.59375, 0.5333333333333333, 0.4, 0.4666666666666667]
 mean: 0.5358333333333333, std: 0.08243333445657545
F1 (Intime): [0.3333333333333333, 0.4231177094379639, 0.45893719806763283, 0.3181818181818182, 0.3333333333333333, 0.4980392156862745, 0.5555555555555556, 0.5927601809954751, 0.6329254727474972, 0.3333333333333333, 0.75, 0.5835835835835836, 0.34782608695652173, 0.2857142857142857, 0.3181818181818182]
 mean: 0.45098819500722837, std: 0.1387897931409894
--------------------------------------------------
Subject Number: 25
Accuracy Cross: [0.5128205128205128, 0.44871794871794873, 0.358974358974359, 0.5128205128205128, 0.5128205128205128, 0.4810126582278481, 0.569620253164557, 0.5316455696202531, 0.4936708860759494, 0.4810126582278481, 0.5365853658536586, 0.5121951219512195, 0.4878048780487805, 0.5487804878048781, 0.47560975609756095]
 mean: 0.49760609874842665, std: 0.04771099390870757
F1 Score: [0.36120689655172417, 0.427547363031234, 0.29193899782135074, 0.36120689655172417, 0.36120689655172417, 0.34499494438827094, 0.5678893178893178, 0.4088978766430738, 0.4267053701015965, 0.3630285152409046, 0.44037356321839083, 0.48134092346616064, 0.38146551724137934, 0.5285159285159285, 0.32231404958677684]
 mean: 0.40457553711997046, std: 0.0735525599287364
Accuracy Intime: [0.46875, 0.6875, 0.5625, 0.5, 0.5333333333333333, 0.625, 0.65625, 0.6875, 0.5, 0.5666666666666667, 0.5, 0.5, 0.5, 0.6333333333333333, 0.5]
 mean: 0.5613888888888888, std: 0.07395438826202184
F1 (Intime): [0.3191489361702128, 0.6862745098039216, 0.45893719806763283, 0.3333333333333333, 0.34782608695652173, 0.6235294117647059, 0.6559139784946236, 0.6761133603238867, 0.38440492476060195, 0.4222222222222222, 0.3333333333333333, 0.3816425120772947, 0.3333333333333333, 0.6122209165687427, 0.3333333333333333]
 mean: 0.4601044927029133, std: 0.14049505934904413
--------------------------------------------------
Subject Number: 26
Accuracy Cross: [0.5064935064935064, 0.4155844155844156, 0.4675324675324675, 0.5064935064935064, 0.5064935064935064, 0.45569620253164556, 0.3670886075949367, 0.46835443037974683, 0.4936708860759494, 0.4936708860759494, 0.6666666666666666, 0.5128205128205128, 0.5897435897435898, 0.3974358974358974, 0.5]
 mean: 0.48984967212815317, std: 0.07023126730234433
F1 Score: [0.33620689655172414, 0.4151898734177215, 0.3185840707964602, 0.33620689655172414, 0.33620689655172414, 0.37749679310976725, 0.3620801033591732, 0.3980406386066763, 0.3305084745762712, 0.3305084745762712, 0.6520247083047358, 0.398538961038961, 0.5542857142857143, 0.39494966166033996, 0.3333333333333333]
 mean: 0.3916107664480399, std: 0.08996710278275558
Accuracy Intime: [0.5, 0.59375, 0.5, 0.4666666666666667, 0.5666666666666667, 0.46875, 0.59375, 0.6, 0.5333333333333333, 0.5666666666666667, 0.5, 0.625, 0.5666666666666667, 0.8333333333333334, 0.4666666666666667]
 mean: 0.55875, std: 0.08951127592945216
F1 (Intime): [0.3333333333333333, 0.5588547189819725, 0.3333333333333333, 0.3181818181818182, 0.3617021276595745, 0.39756367663344405, 0.539313399778516, 0.5927601809954751, 0.4444444444444444, 0.3617021276595745, 0.3333333333333333, 0.6, 0.466484268125855, 0.8331479421579533, 0.3181818181818182]
 mean: 0.45282243485336304, std: 0.1422720743915123
--------------------------------------------------
Subject Number: 27
Accuracy Cross: [0.5131578947368421, 0.4342105263157895, 0.40789473684210525, 0.5, 0.5, 0.5384615384615384, 0.6153846153846154, 0.48717948717948717, 0.46153846153846156, 0.5256410256410257, 0.5, 0.358974358974359, 0.4358974358974359, 0.5897435897435898, 0.5]
 mean: 0.4912055780476833, std: 0.06375470483350208
F1 Score: [0.36192421148173365, 0.42210433244916007, 0.33605125218404197, 0.3333333333333333, 0.3333333333333333, 0.4450592885375494, 0.6025815217391304, 0.41132075471698115, 0.40522875816993464, 0.47133174574097825, 0.3548250265111347, 0.27884615384615385, 0.43441001977587346, 0.5468409586056645, 0.3333333333333333]
 mean: 0.404701601583889, std: 0.08438334987398631
Accuracy Intime: [0.59375, 0.5, 0.53125, 0.4666666666666667, 0.5333333333333333, 0.59375, 0.6333333333333333, 0.6, 0.6, 0.7333333333333333, 0.59375, 0.6, 0.5666666666666667, 0.4666666666666667, 0.43333333333333335]
 mean: 0.5630555555555555, std: 0.07400367024598538
F1 (Intime): [0.5134502923976608, 0.4458874458874459, 0.3992490613266583, 0.3181818181818182, 0.34782608695652173, 0.5134502923976608, 0.6296296296296295, 0.5833333333333333, 0.569377990430622, 0.7129186602870814, 0.5733333333333333, 0.48863636363636365, 0.4222222222222222, 0.3181818181818182, 0.3023255813953488]
 mean: 0.4758669286398345, std: 0.12069373953700732
--------------------------------------------------
Subject Number: 28
Accuracy Cross: [0.35526315789473684, 0.4605263157894737, 0.5263157894736842, 0.5, 0.5131578947368421, 0.4358974358974359, 0.4230769230769231, 0.46153846153846156, 0.47435897435897434, 0.4230769230769231, 0.4878048780487805, 0.4146341463414634, 0.47560975609756095, 0.5121951219512195, 0.47560975609756095]
 mean: 0.4626043689586694, std: 0.044159428751890856
F1 Score: [0.34974681334031776, 0.35285565939771546, 0.4910714285714286, 0.3748917748917749, 0.36192421148173365, 0.3769063180827886, 0.3305359526988365, 0.43788606726149626, 0.4028011204481793, 0.41137011571356696, 0.3477272727272727, 0.41428571428571426, 0.34154995331465915, 0.3387096774193548, 0.32231404958677684]
 mean: 0.37697174194810773, std: 0.044902297921946034
Accuracy Intime: [0.53125, 0.53125, 0.625, 0.5, 0.5333333333333333, 0.5625, 0.5, 0.6, 0.4666666666666667, 0.6, 0.71875, 0.5666666666666667, 0.5333333333333333, 0.4666666666666667, 0.43333333333333335]
 mean: 0.5445833333333333, std: 0.06969178175685024
F1 (Intime): [0.3992490613266583, 0.4684385382059801, 0.5636363636363637, 0.38440492476060195, 0.34782608695652173, 0.5555555555555556, 0.4994438264738599, 0.6, 0.4, 0.4409937888198757, 0.7046153846153846, 0.5661846496106786, 0.34782608695652173, 0.3181818181818182, 0.3023255813953488]
 mean: 0.45991211109967794, std: 0.11422674972787343
--------------------------------------------------
Subject Number: 29
Accuracy Cross: [0.5131578947368421, 0.5131578947368421, 0.4473684210526316, 0.5, 0.5, 0.5512820512820513, 0.717948717948718, 0.48717948717948717, 0.5897435897435898, 0.6025641025641025, 0.5063291139240507, 0.5822784810126582, 0.6075949367088608, 0.5063291139240507, 0.4936708860759494]
 mean: 0.5412403127259889, std: 0.0657979987028888
F1 Score: [0.36192421148173365, 0.51239812727588, 0.4145267791636097, 0.3333333333333333, 0.3333333333333333, 0.47930574098798395, 0.717948717948718, 0.3275862068965517, 0.5717227179135209, 0.5570617329181169, 0.4231417337577233, 0.5687344913151364, 0.5414716345253698, 0.4852130325814536, 0.3305084745762712]
 mean: 0.4638806845339156, std: 0.11250627919339279
Accuracy Intime: [0.5, 0.53125, 0.5, 0.4666666666666667, 0.5333333333333333, 0.6875, 0.5666666666666667, 0.6, 0.6, 0.6666666666666666, 0.71875, 0.4, 0.6333333333333333, 0.6, 0.43333333333333335]
 mean: 0.5625, std: 0.09020616818032887
F1 (Intime): [0.3333333333333333, 0.5076923076923077, 0.3333333333333333, 0.3181818181818182, 0.34782608695652173, 0.6666666666666667, 0.5542857142857143, 0.5833333333333333, 0.569377990430622, 0.6031746031746031, 0.7117117117117118, 0.2857142857142857, 0.6228571428571429, 0.5982142857142857, 0.3023255813953488]
 mean: 0.48920187965206846, std: 0.14554799160761903
--------------------------------------------------
**************************************************
accuracy_cross_list: [0.4959935897435897, 0.4986195456590193, 0.4937580937580937, 0.5218253968253969, 0.4937017202207076, 0.4669365721997301, 0.515519311911717, 0.5092094017094017, 0.5276468109579369, 0.4975968475968475, 0.500617078140298, 0.4995895916948549, 0.5009105041083722, 0.5019017094017093, 0.5113401366565925, 0.5105263157894737, 0.4912055780476833, 0.535916962869726, 0.5367521367521367, 0.4863535420830557, 0.4962719315606009, 0.49102429314381024, 0.5050832208726946, 0.4909970584970585, 0.49760609874842665, 0.48984967212815317, 0.4912055780476833, 0.4626043689586694, 0.5412403127259889]
f1_score_list: [0.3704844627919565, 0.37918289014672496, 0.38186252012175, 0.42034563878724873, 0.38016626351169347, 0.37475039390547743, 0.4355670603572709, 0.4114081586850048, 0.44201416868651294, 0.4118784013290751, 0.40456795620171826, 0.41755295363024736, 0.42444301886982055, 0.4012124438161143, 0.4292125639312704, 0.4377748792147887, 0.404701601583889, 0.4546885128043535, 0.44645427386703546, 0.39178135237146916, 0.4068766114530283, 0.40490540620726373, 0.43934400397792317, 0.3990330982430559, 0.40457553711997046, 0.3916107664480399, 0.404701601583889, 0.37697174194810773, 0.4638806845339156]
accuracy_intime_list: [0.5780994152046783, 0.6334722222222222, 0.6054166666666667, 0.6009722222222222, 0.5227777777777778, 0.5433333333333333, 0.5165277777777778, 0.5297222222222222, 0.5204166666666666, 0.5231944444444444, 0.5197222222222222, 0.5329166666666666, 0.5388888888888889, 0.5380555555555555, 0.5365277777777777, 0.5547222222222222, 0.5630555555555555, 0.54625, 0.5404166666666667, 0.5740277777777777, 0.5272222222222223, 0.5363888888888888, 0.5409722222222222, 0.5358333333333333, 0.5613888888888888, 0.55875, 0.5630555555555555, 0.5445833333333333, 0.5625]
f1_score_intime_list: [0.4460502352788825, 0.5103954381092615, 0.49275718264314605, 0.49783188673489576, 0.4054612417955158, 0.43555695281196716, 0.40928882584861725, 0.41593537086882626, 0.4037198448852503, 0.40016903297786605, 0.3890042025340519, 0.43555375193687595, 0.4356650788962631, 0.44720227502409166, 0.4202117299185803, 0.45632321943248716, 0.4758669286398345, 0.4460456278997589, 0.4255555074910917, 0.4768589696734941, 0.435329339698293, 0.42731984927863587, 0.4295101974520262, 0.45098819500722837, 0.4601044927029133, 0.45282243485336304, 0.4758669286398345, 0.45991211109967794, 0.48920187965206846]
**************************************************
ACC: 50.21±1.79
F1: 41.08±2.48
Intime: 55.00±2.72
F1 (Intime): 44.51±3.07
