1e-06
Subject Number: 1
Accuracy Cross: [0.25517241379310346, 0.2689655172413793, 0.27586206896551724, 0.2827586206896552, 0.30344827586206896, 0.29714285714285715, 0.26285714285714284, 0.2742857142857143, 0.28, 0.22857142857142856, 0.27011494252873564, 0.27586206896551724, 0.28160919540229884, 0.27586206896551724, 0.28735632183908044]
 mean: 0.2746579091406678, std: 0.017007105061560477
F1 Score: [0.14235468345057387, 0.12674199623352164, 0.11905737704918032, 0.13302845528455284, 0.19038428546920572, 0.1469627147046502, 0.10407239819004525, 0.14372988001170617, 0.11831218974076117, 0.11399937362981521, 0.11557239057239058, 0.10810810810810811, 0.189136952421622, 0.10810810810810811, 0.17698220064724918]
 mean: 0.13577007424143267, std: 0.028108482454819263
Accuracy Intime: [0.34285714285714286, 0.2857142857142857, 0.2714285714285714, 0.38571428571428573, 0.38235294117647056, 0.3620689655172414, 0.3103448275862069, 0.3103448275862069, 0.3103448275862069, 0.3448275862068966, 0.3793103448275862, 0.3448275862068966, 0.3103448275862069, 0.29310344827586204, 0.3275862068965517]
 mean: 0.3307447116777746, std: 0.03483854611004603
F1 (Intime): [0.25501031535514296, 0.21706440013076167, 0.17424242424242425, 0.25, 0.2685937817516765, 0.15367965367965367, 0.11842105263157894, 0.15274725274725276, 0.11842105263157894, 0.16666666666666666, 0.22456896551724137, 0.1948529411764706, 0.2214426285616497, 0.11333333333333333, 0.12337662337662338]
 mean: 0.18349473945347033, std: 0.05187899790047202
--------------------------------------------------
Subject Number: 2
Accuracy Cross: [0.2986111111111111, 0.2638888888888889, 0.2777777777777778, 0.20833333333333334, 0.2916666666666667, 0.2620689655172414, 0.2620689655172414, 0.3103448275862069, 0.18620689655172415, 0.27586206896551724, 0.2774566473988439, 0.2947976878612717, 0.2774566473988439, 0.2774566473988439, 0.23699421965317918]
 mean: 0.26673275677511277, std: 0.03236129543230375
F1 Score: [0.16094226641057507, 0.17134596111886347, 0.13672774254169603, 0.0957107843137255, 0.18572292800967938, 0.13182471264367818, 0.10382513661202186, 0.17601284584980237, 0.12514005602240896, 0.12936507936507935, 0.1397459165154265, 0.16379080612924718, 0.1479829636772742, 0.1492989768851838, 0.1483021483021483]
 mean: 0.14438255495978736, std: 0.024477699219138196
Accuracy Intime: [0.41379310344827586, 0.3793103448275862, 0.3448275862068966, 0.25862068965517243, 0.27586206896551724, 0.4482758620689655, 0.3103448275862069, 0.3275862068965517, 0.29310344827586204, 0.35714285714285715, 0.3620689655172414, 0.3448275862068966, 0.27586206896551724, 0.25862068965517243, 0.2857142857142857]
 mean: 0.329064039408867, std: 0.05501531704207375
F1 (Intime): [0.23523573200992556, 0.19351518270715387, 0.12987012987012986, 0.18573224387177878, 0.19311875693673697, 0.2671957671957672, 0.11842105263157894, 0.14543114543114544, 0.11333333333333333, 0.18013698630136987, 0.237360970677452, 0.22004608294930875, 0.17713638936049803, 0.1399108138238573, 0.1111111111111111]
 mean: 0.17650371321407646, std: 0.04764995946304699
--------------------------------------------------
Subject Number: 3
Accuracy Cross: [0.25, 0.2569444444444444, 0.2361111111111111, 0.2638888888888889, 0.2916666666666667, 0.272108843537415, 0.24489795918367346, 0.2585034013605442, 0.3129251700680272, 0.2585034013605442, 0.2824858757062147, 0.288135593220339, 0.24858757062146894, 0.2655367231638418, 0.2542372881355932]
 mean: 0.2656355291645848, std: 0.019821052293644226
F1 Score: [0.10285714285714286, 0.13056783407004421, 0.15334054413844747, 0.10555555555555556, 0.1858729607775078, 0.12878787878787878, 0.10984848484848485, 0.18253488320007166, 0.2069814366424536, 0.11529622063329929, 0.14031007751937985, 0.18374028856825747, 0.14491634491634492, 0.20348891170142452, 0.14065143824027074]
 mean: 0.14898333349710421, std: 0.03428930726270303
Accuracy Intime: [0.4166666666666667, 0.35, 0.3275862068965517, 0.2413793103448276, 0.3275862068965517, 0.3793103448275862, 0.3448275862068966, 0.3275862068965517, 0.3103448275862069, 0.375, 0.3448275862068966, 0.2413793103448276, 0.22413793103448276, 0.25862068965517243, 0.35714285714285715]
 mean: 0.32175971538040504, std: 0.054734740968423096
F1 (Intime): [0.2417279411764706, 0.15367965367965367, 0.1965909090909091, 0.15079365079365079, 0.21855179704016914, 0.1768018018018018, 0.12987012987012986, 0.266023166023166, 0.19630681818181817, 0.20337301587301587, 0.21334134615384615, 0.09722222222222222, 0.1361063950198076, 0.13478260869565217, 0.2901696005144281]
 mean: 0.18702273707578276, std: 0.052399530766511396
--------------------------------------------------
Subject Number: 4
Accuracy Cross: [0.22758620689655173, 0.2620689655172414, 0.2896551724137931, 0.2620689655172414, 0.23448275862068965, 0.2620689655172414, 0.2620689655172414, 0.31724137931034485, 0.25517241379310346, 0.2827586206896552, 0.2413793103448276, 0.3160919540229885, 0.28735632183908044, 0.23563218390804597, 0.27586206896551724]
 mean: 0.2674329501915709, std: 0.02667613343215195
F1 Score: [0.14659034345445496, 0.10382513661202186, 0.19006568144499178, 0.1043956043956044, 0.13562091503267973, 0.10382513661202186, 0.10382513661202186, 0.2015492957746479, 0.10220994475138122, 0.15219611848825332, 0.10703226857887875, 0.1777672273467173, 0.23818108974358976, 0.20265890757694036, 0.18498249035659522]
 mean: 0.15031501978538664, std: 0.04444786899438104
Accuracy Intime: [0.3275862068965517, 0.3103448275862069, 0.3103448275862069, 0.22413793103448276, 0.3448275862068966, 0.3620689655172414, 0.3103448275862069, 0.4482758620689655, 0.3103448275862069, 0.3275862068965517, 0.3620689655172414, 0.3103448275862069, 0.39655172413793105, 0.25862068965517243, 0.3448275862068966]
 mean: 0.3298850574712644, std: 0.05109450751929395
F1 (Intime): [0.12337662337662338, 0.12, 0.1875814155449414, 0.12669683257918551, 0.18790849673202614, 0.15367965367965367, 0.11842105263157894, 0.33187886343566564, 0.11842105263157894, 0.12337662337662338, 0.23220507715281236, 0.1876923076923077, 0.32934378283215493, 0.12794117647058822, 0.28665413533834583]
 mean: 0.1836784728982724, std: 0.07451528349029675
--------------------------------------------------
Subject Number: 5
Accuracy Cross: [0.33793103448275863, 0.2620689655172414, 0.296551724137931, 0.2206896551724138, 0.27586206896551724, 0.2635135135135135, 0.2635135135135135, 0.24324324324324326, 0.2702702702702703, 0.27702702702702703, 0.2653061224489796, 0.272108843537415, 0.2789115646258503, 0.30612244897959184, 0.23809523809523808]
 mean: 0.27141434890203364, std: 0.027198719419428814
F1 Score: [0.2835042150831625, 0.17602134707397865, 0.23606181503815116, 0.16603614964270702, 0.20142018656325333, 0.10483870967741936, 0.10427807486631016, 0.12420282708744247, 0.11703331238214959, 0.1368361581920904, 0.10540540540540541, 0.12264492753623188, 0.1809024309024309, 0.19063164287883388, 0.13776255707762558]
 mean: 0.1591719839604795, std: 0.05105205169312575
Accuracy Intime: [0.3333333333333333, 0.3, 0.3103448275862069, 0.27586206896551724, 0.3275862068965517, 0.3275862068965517, 0.27586206896551724, 0.20689655172413793, 0.27586206896551724, 0.25862068965517243, 0.27586206896551724, 0.3103448275862069, 0.25862068965517243, 0.3103448275862069, 0.3103448275862069]
 mean: 0.2904980842911878, std: 0.03279245860526231
F1 (Intime): [0.2153658536585366, 0.16366366366366367, 0.19270833333333331, 0.17194570135746606, 0.2134238310708899, 0.21666666666666667, 0.10810810810810811, 0.08571428571428572, 0.10810810810810811, 0.10273972602739725, 0.1592548076923077, 0.22527472527472528, 0.17710643015521066, 0.19444444444444442, 0.19143413367942894]
 mean: 0.1683972545969715, std: 0.044877601203593596
--------------------------------------------------
Subject Number: 6
Accuracy Cross: [0.3055555555555556, 0.2777777777777778, 0.3125, 0.2361111111111111, 0.2638888888888889, 0.23809523809523808, 0.25170068027210885, 0.24489795918367346, 0.3129251700680272, 0.24489795918367346, 0.2789115646258503, 0.23809523809523808, 0.272108843537415, 0.2108843537414966, 0.30612244897959184]
 mean: 0.2662981859410431, std: 0.031056973960561195
F1 Score: [0.19426033934252387, 0.2058654480088807, 0.19411926102066945, 0.1646523600011972, 0.14904921700223714, 0.09831460674157304, 0.10054347826086957, 0.1647727272727273, 0.24204158004158005, 0.12253968253968255, 0.1705653021442495, 0.09668508287292818, 0.19653882842215756, 0.15757101086048456, 0.2337797619047619]
 mean: 0.16608657909576816, std: 0.04504019392571442
Accuracy Intime: [0.3, 0.3, 0.3275862068965517, 0.27586206896551724, 0.39655172413793105, 0.3103448275862069, 0.27586206896551724, 0.3620689655172414, 0.3275862068965517, 0.2857142857142857, 0.3448275862068966, 0.3275862068965517, 0.29310344827586204, 0.3793103448275862, 0.26785714285714285]
 mean: 0.31828407224958954, std: 0.03768282046173657
F1 (Intime): [0.16222062004325882, 0.16750700280112046, 0.2074898785425101, 0.2017241379310345, 0.2618059159314997, 0.1653076352853966, 0.10810810810810811, 0.28456672991777354, 0.1926470588235294, 0.1111111111111111, 0.22773279352226722, 0.20860566448801743, 0.16132723112128144, 0.2376395534290271, 0.1056338028169014]
 mean: 0.1868951495915225, std: 0.05240931063546984
--------------------------------------------------
Subject Number: 7
Accuracy Cross: [0.2789115646258503, 0.272108843537415, 0.2789115646258503, 0.2925170068027211, 0.2789115646258503, 0.2534246575342466, 0.2602739726027397, 0.2534246575342466, 0.2602739726027397, 0.3082191780821918, 0.29931972789115646, 0.17006802721088435, 0.29931972789115646, 0.2925170068027211, 0.25170068027210885]
 mean: 0.2699934768427919, std: 0.032142042714435735
F1 Score: [0.13508077649664518, 0.16941176470588237, 0.15484949832775918, 0.19716472505374105, 0.18180036069944328, 0.11233321312657772, 0.10326086956521739, 0.18712722029232481, 0.10326086956521739, 0.2098776223776224, 0.16274205115945495, 0.10566603535353536, 0.20005367686527106, 0.19738236018723826, 0.18769407894736842]
 mean: 0.16051367484821993, std: 0.037639902082168594
Accuracy Intime: [0.3, 0.29310344827586204, 0.3448275862068966, 0.2413793103448276, 0.3275862068965517, 0.25, 0.26666666666666666, 0.27586206896551724, 0.27586206896551724, 0.25862068965517243, 0.35, 0.25862068965517243, 0.2413793103448276, 0.2413793103448276, 0.3275862068965517]
 mean: 0.2835249042145594, std: 0.03698439470203682
F1 (Intime): [0.1948450854700855, 0.1738217025940811, 0.20595533498759305, 0.15517241379310345, 0.21096837944664032, 0.16041666666666665, 0.10526315789473684, 0.26068376068376065, 0.10810810810810811, 0.10416666666666667, 0.23005698005698005, 0.1282871357498223, 0.15141612200435728, 0.09722222222222222, 0.19411057692307693]
 mean: 0.1653662875511934, std: 0.04881381815966452
--------------------------------------------------
Subject Number: 8
Accuracy Cross: [0.26666666666666666, 0.26, 0.2866666666666667, 0.3466666666666667, 0.3, 0.2702702702702703, 0.2635135135135135, 0.2972972972972973, 0.25675675675675674, 0.25, 0.2925170068027211, 0.1836734693877551, 0.19727891156462585, 0.2789115646258503, 0.2585034013605442]
 mean: 0.26724814610528896, std: 0.038188112987837655
F1 Score: [0.18176679586563307, 0.10833333333333334, 0.18796046720575021, 0.2612830336968268, 0.19088766692851533, 0.11731016731016732, 0.10427807486631016, 0.2182177742527968, 0.1456246794350551, 0.12456276719782355, 0.16239495798319328, 0.11988981156180134, 0.1530830280830281, 0.21866413964605616, 0.20892399267399267]
 mean: 0.1668787126693522, std: 0.04597400230666459
Accuracy Intime: [0.3, 0.26666666666666666, 0.27586206896551724, 0.3620689655172414, 0.27586206896551724, 0.2833333333333333, 0.26666666666666666, 0.3448275862068966, 0.27586206896551724, 0.27586206896551724, 0.36666666666666664, 0.26666666666666666, 0.35, 0.27586206896551724, 0.3620689655172414]
 mean: 0.30321839080459767, std: 0.03918163599103858
F1 (Intime): [0.14275414563806776, 0.1375, 0.18541548897682306, 0.27051156728576087, 0.175, 0.11038961038961038, 0.10526315789473684, 0.24400635930047695, 0.10810810810810811, 0.10810810810810811, 0.23681776133209992, 0.10526315789473684, 0.2864145658263305, 0.10810810810810811, 0.2543010752688172]
 mean: 0.171864080942119, std: 0.06640240396924403
--------------------------------------------------
Subject Number: 9
Accuracy Cross: [0.2867132867132867, 0.2517482517482518, 0.23776223776223776, 0.21678321678321677, 0.23776223776223776, 0.2671232876712329, 0.2671232876712329, 0.21232876712328766, 0.2602739726027397, 0.2876712328767123, 0.22448979591836735, 0.2925170068027211, 0.29931972789115646, 0.35374149659863946, 0.2108843537414966]
 mean: 0.26041614397778784, std: 0.038157399628787746
F1 Score: [0.2030771586037967, 0.15837409237595804, 0.09941520467836257, 0.17476693465617515, 0.12903225806451613, 0.117982930640702, 0.12603359173126616, 0.17680942306320868, 0.1564935064935065, 0.19688707112019993, 0.12174394046062556, 0.1836951894423159, 0.1926470588235294, 0.2523809523809524, 0.10782497974302581]
 mean: 0.1598109528185427, std: 0.04133382858340402
Accuracy Intime: [0.36666666666666664, 0.3275862068965517, 0.25862068965517243, 0.25862068965517243, 0.39655172413793105, 0.29310344827586204, 0.2413793103448276, 0.27586206896551724, 0.25, 0.30357142857142855, 0.3793103448275862, 0.29310344827586204, 0.27586206896551724, 0.30357142857142855, 0.26785714285714285]
 mean: 0.29944444444444446, std: 0.046542552222894655
F1 (Intime): [0.22494172494172493, 0.24367245657568237, 0.14317460317460318, 0.23176470588235293, 0.27626262626262627, 0.18824110671936758, 0.09722222222222222, 0.23783306426018685, 0.1, 0.18321078431372548, 0.24195942602671944, 0.18526785714285715, 0.1858974358974359, 0.23544973544973546, 0.1056338028169014]
 mean: 0.19203543677907606, std: 0.05560869590902019
--------------------------------------------------
Subject Number: 10
Accuracy Cross: [0.27586206896551724, 0.2827586206896552, 0.1793103448275862, 0.2620689655172414, 0.25517241379310346, 0.2671232876712329, 0.2671232876712329, 0.18493150684931506, 0.23972602739726026, 0.2602739726027397, 0.2987012987012987, 0.24025974025974026, 0.24675324675324675, 0.3246753246753247, 0.2792207792207792]
 mean: 0.25759739237301826, std: 0.036500712159928235
F1 Score: [0.1407904197194496, 0.1650516795865633, 0.11286569148936171, 0.19023000490440276, 0.14425511197663096, 0.11687713759536963, 0.10540540540540541, 0.16008162649953694, 0.12142556770395291, 0.11585195530726257, 0.17805429864253394, 0.15542574541284404, 0.1615310544053924, 0.2044334975369458, 0.19559843588498274]
 mean: 0.15119184213804232, std: 0.031072147051039216
Accuracy Intime: [0.35, 0.3275862068965517, 0.25862068965517243, 0.27586206896551724, 0.29310344827586204, 0.25862068965517243, 0.27586206896551724, 0.2413793103448276, 0.2413793103448276, 0.27586206896551724, 0.27586206896551724, 0.27586206896551724, 0.3448275862068966, 0.3103448275862069, 0.39655172413793105]
 mean: 0.293448275862069, std: 0.04267232671534132
F1 (Intime): [0.19043478260869565, 0.254969474969475, 0.1500847936687394, 0.20166256157635468, 0.19560185185185186, 0.1624113475177305, 0.10810810810810811, 0.1546840456890199, 0.09722222222222222, 0.14154411764705882, 0.14861751152073732, 0.15555555555555556, 0.2784090909090909, 0.23518215140193527, 0.29817785700138644]
 mean: 0.18484436481653077, std: 0.057568757043455064
--------------------------------------------------
Subject Number: 11
Accuracy Cross: [0.30344827586206896, 0.2482758620689655, 0.4068965517241379, 0.2206896551724138, 0.2413793103448276, 0.2876712328767123, 0.2602739726027397, 0.2534246575342466, 0.2602739726027397, 0.2671232876712329, 0.267515923566879, 0.27388535031847133, 0.3057324840764331, 0.3248407643312102, 0.2484076433121019]
 mean: 0.2779892629376787, std: 0.04334429435099467
F1 Score: [0.18952745849297575, 0.14145580626929263, 0.26809917355371904, 0.10107142857142856, 0.11578388580865871, 0.1511860174781523, 0.10326086956521739, 0.17794117647058824, 0.12385643912737508, 0.11747237569060773, 0.13312422871246402, 0.1414592533119229, 0.20041580041580043, 0.20603354978354976, 0.1709313543599258]
 mean: 0.15610792117411193, std: 0.044552253009079154
Accuracy Intime: [0.3, 0.4482758620689655, 0.3620689655172414, 0.3103448275862069, 0.25862068965517243, 0.3793103448275862, 0.3103448275862069, 0.25862068965517243, 0.2413793103448276, 0.27586206896551724, 0.27586206896551724, 0.3448275862068966, 0.3103448275862069, 0.3620689655172414, 0.29310344827586204]
 mean: 0.31540229885057475, std: 0.05343331888113872
F1 (Intime): [0.17085119412124922, 0.3173076923076923, 0.24166666666666667, 0.2590482692580508, 0.1056338028169014, 0.22336182336182336, 0.11842105263157894, 0.191025641025641, 0.09722222222222222, 0.1838235294117647, 0.10810810810810811, 0.22204557498675145, 0.1954022988505747, 0.25279106858054223, 0.11333333333333333]
 mean: 0.18666948517886006, std: 0.0650275116095841
--------------------------------------------------
Subject Number: 12
Accuracy Cross: [0.22377622377622378, 0.27972027972027974, 0.26573426573426573, 0.25874125874125875, 0.2517482517482518, 0.2620689655172414, 0.27586206896551724, 0.2413793103448276, 0.30344827586206896, 0.2896551724137931, 0.2808219178082192, 0.2671232876712329, 0.2876712328767123, 0.2876712328767123, 0.2945205479452055]
 mean: 0.271329486133454, std: 0.020745126293717258
F1 Score: [0.09523809523809523, 0.17765092544542466, 0.17046808510638298, 0.19484766817803276, 0.12838753387533874, 0.11525671721202448, 0.13418458781362008, 0.21843656879440876, 0.21407238442822385, 0.16363095238095238, 0.13925952638538286, 0.13410714285714287, 0.18280556318175428, 0.23538732394366196, 0.2232010582010582]
 mean: 0.16846227553610024, std: 0.041692010466278406
Accuracy Intime: [0.27586206896551724, 0.3275862068965517, 0.29310344827586204, 0.29310344827586204, 0.3275862068965517, 0.3275862068965517, 0.27586206896551724, 0.3103448275862069, 0.30357142857142855, 0.32142857142857145, 0.3620689655172414, 0.3620689655172414, 0.2413793103448276, 0.26785714285714285, 0.2857142857142857]
 mean: 0.305008210180624, std: 0.032787055904125305
F1 (Intime): [0.15294771968854282, 0.2329059829059829, 0.18892421833598305, 0.20097757331799887, 0.21016949152542375, 0.21428571428571427, 0.10810810810810811, 0.24355225671015143, 0.19202551834130782, 0.21002642290937656, 0.23380566801619435, 0.23, 0.18214285714285713, 0.15419407894736842, 0.11267605633802817]
 mean: 0.19111611110486917, std: 0.04093441258069823
--------------------------------------------------
Subject Number: 13
Accuracy Cross: [0.2482758620689655, 0.23448275862068965, 0.23448275862068965, 0.296551724137931, 0.2827586206896552, 0.2684563758389262, 0.2684563758389262, 0.3087248322147651, 0.2684563758389262, 0.26174496644295303, 0.22972972972972974, 0.16216216216216217, 0.20945945945945946, 0.22972972972972974, 0.23648648648648649]
 mean: 0.2493305478586664, std: 0.035298609506153836
F1 Score: [0.16280307994757537, 0.11565563725490197, 0.1475688682376369, 0.19708948571871487, 0.16979255470304064, 0.11731016731016732, 0.10582010582010581, 0.20297420600105281, 0.12651222651222652, 0.16185897435897434, 0.14687499999999998, 0.10530402092186988, 0.135492700729927, 0.1678323768531803, 0.17299503657262277]
 mean: 0.14905896272946645, std: 0.030032243664353614
Accuracy Intime: [0.2833333333333333, 0.31666666666666665, 0.3333333333333333, 0.25862068965517243, 0.3793103448275862, 0.27586206896551724, 0.27586206896551724, 0.3275862068965517, 0.29310344827586204, 0.3275862068965517, 0.3793103448275862, 0.29310344827586204, 0.3103448275862069, 0.25862068965517243, 0.3275862068965517]
 mean: 0.3093486590038314, std: 0.03652476575595522
F1 (Intime): [0.13607843137254902, 0.22595264520902703, 0.19675456389452334, 0.19782051282051283, 0.24240915878546543, 0.1095890410958904, 0.1095890410958904, 0.3265631172247919, 0.15826538176426982, 0.18737060041407866, 0.2599789915966387, 0.18039664378337147, 0.18882817243472982, 0.20717325227963526, 0.22685185185185183]
 mean: 0.19690809370821508, std: 0.055122150526570525
--------------------------------------------------
Subject Number: 14
Accuracy Cross: [0.2808219178082192, 0.2602739726027397, 0.2602739726027397, 0.2602739726027397, 0.2808219178082192, 0.2602739726027397, 0.2534246575342466, 0.2876712328767123, 0.2602739726027397, 0.2328767123287671, 0.25675675675675674, 0.23648648648648649, 0.22972972972972974, 0.20270270270270271, 0.23648648648648649]
 mean: 0.25327656423546835, std: 0.02167882960211629
F1 Score: [0.13095238095238093, 0.1283155984526858, 0.11446306641837369, 0.16953879453879453, 0.14592298355952774, 0.10382513661202186, 0.11199316072300927, 0.2279775879309595, 0.11176470588235295, 0.15007112375533427, 0.11451977401129942, 0.13509384548232212, 0.1753092880494861, 0.16929214899887582, 0.17381033145958516]
 mean: 0.1441899951218006, std: 0.03283062248130706
Accuracy Intime: [0.36666666666666664, 0.3275862068965517, 0.3103448275862069, 0.22413793103448276, 0.3275862068965517, 0.2833333333333333, 0.27586206896551724, 0.25862068965517243, 0.27586206896551724, 0.29310344827586204, 0.35, 0.22413793103448276, 0.3103448275862069, 0.29310344827586204, 0.3103448275862069]
 mean: 0.29540229885057473, std: 0.039353900272835494
F1 (Intime): [0.2861870066788099, 0.22799840656983517, 0.20420258620689655, 0.14791666666666667, 0.22415416585492565, 0.13607843137254902, 0.10810810810810811, 0.20371647509578542, 0.10810810810810811, 0.15563380281690142, 0.2278846153846154, 0.11363636363636365, 0.20479302832244006, 0.18928571428571428, 0.18214285714285713]
 mean: 0.18132308908337175, std: 0.050294280097125686
--------------------------------------------------
Subject Number: 15
Accuracy Cross: [0.23972602739726026, 0.2465753424657534, 0.2328767123287671, 0.23972602739726026, 0.273972602739726, 0.2638888888888889, 0.2638888888888889, 0.2916666666666667, 0.2638888888888889, 0.2638888888888889, 0.2482758620689655, 0.32413793103448274, 0.2, 0.3793103448275862, 0.2206896551724138]
 mean: 0.2635008485102958, std: 0.041987315086847075
F1 Score: [0.13736263736263737, 0.13222810346549485, 0.13928919182083738, 0.16056763285024153, 0.1755221386800334, 0.10497237569060773, 0.1043956043956044, 0.18469828644375705, 0.11525671721202448, 0.1467032967032967, 0.1123391812865497, 0.20599871685201027, 0.14981714498233434, 0.26224989791751735, 0.14523809523809522]
 mean: 0.15177593472673612, std: 0.04083473612090068
Accuracy Intime: [0.3620689655172414, 0.29310344827586204, 0.2413793103448276, 0.29310344827586204, 0.26785714285714285, 0.27586206896551724, 0.2413793103448276, 0.27586206896551724, 0.27586206896551724, 0.27586206896551724, 0.3103448275862069, 0.3275862068965517, 0.39655172413793105, 0.2413793103448276, 0.375]
 mean: 0.29688013136289, std: 0.04710966300066435
F1 (Intime): [0.25319706498951783, 0.2234753550543024, 0.16041666666666665, 0.2589605734767025, 0.1056338028169014, 0.13250517598343686, 0.09722222222222222, 0.2435612841627879, 0.10810810810810811, 0.10810810810810811, 0.18618266978922715, 0.18371212121212122, 0.2583426028921023, 0.09859154929577464, 0.3006477732793522]
 mean: 0.18124433853715544, std: 0.06842559713197022
--------------------------------------------------
Subject Number: 16
Accuracy Cross: [0.23076923076923078, 0.2517482517482518, 0.25874125874125875, 0.23776223776223776, 0.2517482517482518, 0.2727272727272727, 0.2727272727272727, 0.21678321678321677, 0.2517482517482518, 0.2867132867132867, 0.25, 0.2638888888888889, 0.25, 0.24305555555555555, 0.2708333333333333]
 mean: 0.25394975394975394, std: 0.01737927502043485
F1 Score: [0.16205440900562854, 0.1016949152542373, 0.11476190476190476, 0.15604198668714797, 0.10112359550561797, 0.12832929782082325, 0.11864525139664804, 0.13147058823529412, 0.13843721770551037, 0.20017345050878815, 0.14658466126176498, 0.14050387596899225, 0.16246808510638297, 0.15504493464052288, 0.14711084905660377]
 mean: 0.14029633486105783, std: 0.025128535553716996
Accuracy Intime: [0.29310344827586204, 0.27586206896551724, 0.29310344827586204, 0.25, 0.2857142857142857, 0.3620689655172414, 0.2413793103448276, 0.3103448275862069, 0.25, 0.2857142857142857, 0.3793103448275862, 0.3620689655172414, 0.29310344827586204, 0.32142857142857145, 0.32142857142857145]
 mean: 0.30164203612479473, std: 0.04045578478228837
F1 (Intime): [0.1388888888888889, 0.16918049270990448, 0.14292237442922373, 0.19065656565656564, 0.1701694915254237, 0.2306547619047619, 0.09722222222222222, 0.2037735849056604, 0.1, 0.1525974025974026, 0.2515527950310559, 0.23333333333333334, 0.1553846153846154, 0.21614906832298136, 0.24823389882947455]
 mean: 0.1800479663827676, std: 0.048345311762910965
--------------------------------------------------
Subject Number: 17
Accuracy Cross: [0.2638888888888889, 0.2638888888888889, 0.24305555555555555, 0.2708333333333333, 0.2569444444444444, 0.2653061224489796, 0.2653061224489796, 0.25170068027210885, 0.2653061224489796, 0.2789115646258503, 0.3150684931506849, 0.273972602739726, 0.2671232876712329, 0.3013698630136986, 0.21232876712328766]
 mean: 0.26633364913697594, std: 0.022532714830085072
F1 Score: [0.14217855986181582, 0.13218092469545958, 0.13392357875116495, 0.21776248588785546, 0.16872496662216288, 0.10540540540540541, 0.10540540540540541, 0.17300561595507236, 0.1272009825380612, 0.1801270991488383, 0.1765625, 0.12322404371584698, 0.17399267399267399, 0.21833936106088003, 0.10659645232815965]
 mean: 0.15230867035792012, std: 0.0365019903057747
Accuracy Intime: [0.25, 0.3275862068965517, 0.29310344827586204, 0.39655172413793105, 0.3793103448275862, 0.29310344827586204, 0.27586206896551724, 0.20689655172413793, 0.27586206896551724, 0.26785714285714285, 0.3793103448275862, 0.29310344827586204, 0.27586206896551724, 0.3620689655172414, 0.375]
 mean: 0.3100985221674877, std: 0.054591435125697974
F1 (Intime): [0.1, 0.2138826928387823, 0.16264367816091954, 0.329980144353374, 0.24342105263157893, 0.18974358974358974, 0.10810810810810811, 0.08571428571428572, 0.10810810810810811, 0.1056338028169014, 0.245, 0.16132723112128144, 0.11940298507462686, 0.239648033126294, 0.3049337033610854]
 mean: 0.1811698276772624, std: 0.0759863876126807
--------------------------------------------------
Subject Number: 18
Accuracy Cross: [0.2857142857142857, 0.2857142857142857, 0.272108843537415, 0.24489795918367346, 0.272108843537415, 0.25170068027210885, 0.2653061224489796, 0.24489795918367346, 0.2789115646258503, 0.2653061224489796, 0.26666666666666666, 0.2866666666666667, 0.25333333333333335, 0.32666666666666666, 0.26666666666666666]
 mean: 0.2711111111111111, std: 0.01998618411023418
F1 Score: [0.15942028985507245, 0.16777311251859608, 0.11817338282078473, 0.18393624393624394, 0.16628641628641627, 0.11227272727272727, 0.10483870967741936, 0.20188329556112736, 0.13095238095238093, 0.1308080808080808, 0.14941545480467636, 0.15331506271740275, 0.1576188060206325, 0.21338953444216602, 0.20749773559391227]
 mean: 0.15717208221784257, std: 0.03300747479563651
Accuracy Intime: [0.26666666666666666, 0.35, 0.3620689655172414, 0.3103448275862069, 0.29310344827586204, 0.2833333333333333, 0.26666666666666666, 0.22413793103448276, 0.2413793103448276, 0.2413793103448276, 0.26666666666666666, 0.35, 0.3103448275862069, 0.29310344827586204, 0.29310344827586204]
 mean: 0.2901532567049808, std: 0.03999486175362557
F1 (Intime): [0.10810810810810811, 0.2539166599370104, 0.2230769230769231, 0.24002468120115178, 0.1406015037593985, 0.13742690058479531, 0.10526315789473684, 0.17664109121909632, 0.09722222222222222, 0.09722222222222222, 0.1369047619047619, 0.2282608695652174, 0.1987281399046105, 0.13900080580177276, 0.1557486631016043]
 mean: 0.16254311403357544, std: 0.052275923118408646
--------------------------------------------------
Subject Number: 19
Accuracy Cross: [0.23076923076923078, 0.25874125874125875, 0.2727272727272727, 0.26573426573426573, 0.2867132867132867, 0.2602739726027397, 0.2671232876712329, 0.22602739726027396, 0.2602739726027397, 0.273972602739726, 0.2808219178082192, 0.19863013698630136, 0.3561643835616438, 0.273972602739726, 0.2671232876712329]
 mean: 0.2652712584219434, std: 0.033107233209752895
F1 Score: [0.11661217106002382, 0.10335195530726257, 0.17348551360842845, 0.11642453591606133, 0.17399267399267399, 0.10555555555555556, 0.10540540540540541, 0.16086956521739132, 0.10555555555555556, 0.13665366891173342, 0.13095238095238093, 0.13070707070707072, 0.26196712891628143, 0.19022804090189535, 0.22603260869565217]
 mean: 0.1491862553802248, std: 0.04650582108070669
Accuracy Intime: [0.26666666666666666, 0.3103448275862069, 0.3448275862068966, 0.27586206896551724, 0.3620689655172414, 0.25862068965517243, 0.27586206896551724, 0.1724137931034483, 0.25, 0.26785714285714285, 0.3793103448275862, 0.2413793103448276, 0.25862068965517243, 0.25, 0.39285714285714285]
 mean: 0.2871127531472359, std: 0.05764206862393696
F1 (Intime): [0.10526315789473684, 0.18529411764705883, 0.21818181818181817, 0.18808962264150944, 0.23128342245989303, 0.10273972602739725, 0.10810810810810811, 0.07352941176470588, 0.1, 0.1056338028169014, 0.25677830940988833, 0.1, 0.12878787878787878, 0.1, 0.2723611111111111]
 mean: 0.15173669912340051, std: 0.0643100664767127
--------------------------------------------------
Subject Number: 20
Accuracy Cross: [0.2222222222222222, 0.2708333333333333, 0.2152777777777778, 0.3541666666666667, 0.24305555555555555, 0.25874125874125875, 0.26573426573426573, 0.2097902097902098, 0.27972027972027974, 0.2937062937062937, 0.28378378378378377, 0.2635135135135135, 0.20945945945945946, 0.2702702702702703, 0.28378378378378377]
 mean: 0.2616039116039116, std: 0.0370085442658206
F1 Score: [0.15828735454373571, 0.13698660437790872, 0.1202435312024353, 0.31615413533834585, 0.13893196355882922, 0.1135996771589992, 0.10497237569060773, 0.11772641359707975, 0.1461279461279461, 0.18696343402225757, 0.1746268656716418, 0.1920860747813528, 0.1373228092783505, 0.19092942851332112, 0.20071364240447243]
 mean: 0.16237815041781894, std: 0.051065814561083354
Accuracy Intime: [0.27586206896551724, 0.3103448275862069, 0.27586206896551724, 0.25, 0.35714285714285715, 0.29310344827586204, 0.29310344827586204, 0.3793103448275862, 0.2413793103448276, 0.25, 0.29310344827586204, 0.3275862068965517, 0.29310344827586204, 0.25, 0.32142857142857145]
 mean: 0.2940886699507389, std: 0.038859054633106224
F1 (Intime): [0.1111111111111111, 0.1682316118935837, 0.18118466898954705, 0.22097191426459722, 0.2552910052910053, 0.13900080580177276, 0.13900080580177276, 0.2509090909090909, 0.09859154929577464, 0.1, 0.17667748917748918, 0.20120320855614973, 0.17532467532467533, 0.10144927536231885, 0.1714975845410628]
 mean: 0.16602965308799675, std: 0.049965145068950945
--------------------------------------------------
Subject Number: 21
Accuracy Cross: [0.26, 0.26, 0.2733333333333333, 0.26666666666666666, 0.30666666666666664, 0.272108843537415, 0.272108843537415, 0.23809523809523808, 0.25170068027210885, 0.2789115646258503, 0.25, 0.25, 0.2635135135135135, 0.2972972972972973, 0.2702702702702703]
 mean: 0.2673781945210517, std: 0.017304985911069763
F1 Score: [0.1751322751322751, 0.1568576521517698, 0.15539926115373687, 0.1822937105930984, 0.20709665697674418, 0.10752688172043011, 0.10695187165775401, 0.1774830120097518, 0.10164835164835165, 0.14436631508454711, 0.16207425168530493, 0.14166666666666666, 0.18271840905541384, 0.18840314614962503, 0.21441908458835957]
 mean: 0.16026916975158859, std: 0.03378488291568937
Accuracy Intime: [0.2833333333333333, 0.2833333333333333, 0.3448275862068966, 0.3103448275862069, 0.3103448275862069, 0.3, 0.26666666666666666, 0.26666666666666666, 0.27586206896551724, 0.29310344827586204, 0.38333333333333336, 0.3, 0.3448275862068966, 0.3103448275862069, 0.3103448275862069]
 mean: 0.3055555555555556, std: 0.030915528138240715
F1 (Intime): [0.1541501976284585, 0.18890139787972604, 0.2091577162238553, 0.24152046783625733, 0.198416625432954, 0.19113508442776736, 0.10526315789473684, 0.24382202750324192, 0.1095890410958904, 0.13900080580177276, 0.24722222222222223, 0.1872025383395029, 0.22567287784679088, 0.20271122320302648, 0.16666666666666666]
 mean: 0.18736213666685797, std: 0.043726659027991575
--------------------------------------------------
Subject Number: 22
Accuracy Cross: [0.19444444444444445, 0.2708333333333333, 0.2569444444444444, 0.2708333333333333, 0.24305555555555555, 0.26174496644295303, 0.2684563758389262, 0.3087248322147651, 0.2684563758389262, 0.2684563758389262, 0.2611464968152866, 0.25477707006369427, 0.31210191082802546, 0.21656050955414013, 0.2229299363057325]
 mean: 0.25863106405683245, std: 0.029884957749319714
F1 Score: [0.11092763477416222, 0.16875, 0.1785835241750798, 0.17435064935064937, 0.14945781342840167, 0.10483870967741936, 0.11647319681752967, 0.19730392156862744, 0.13819225463145446, 0.10582010582010581, 0.12358276643990929, 0.11260856543875411, 0.1953807740324594, 0.1110042735042735, 0.1645204101290751]
 mean: 0.1434529733191934, std: 0.032685341892340035
Accuracy Intime: [0.26666666666666666, 0.26666666666666666, 0.3, 0.25, 0.3103448275862069, 0.3103448275862069, 0.3103448275862069, 0.3103448275862069, 0.25862068965517243, 0.23214285714285715, 0.43103448275862066, 0.29310344827586204, 0.27586206896551724, 0.29310344827586204, 0.26785714285714285]
 mean: 0.29176245210727975, std: 0.044219323670818544
F1 (Intime): [0.12766714082503555, 0.13215149073327961, 0.18546365914786966, 0.21668775036896482, 0.1682316118935837, 0.11842105263157894, 0.11842105263157894, 0.23553571428571426, 0.12777777777777777, 0.1409970238095238, 0.2896103896103896, 0.19354005167958657, 0.13501144164759726, 0.17327898550724638, 0.15833333333333333]
 mean: 0.16807523172553734, std: 0.04765322176390984
--------------------------------------------------
Subject Number: 23
Accuracy Cross: [0.25, 0.2847222222222222, 0.2361111111111111, 0.20833333333333334, 0.2569444444444444, 0.25874125874125875, 0.26573426573426573, 0.21678321678321677, 0.24475524475524477, 0.3356643356643357, 0.30612244897959184, 0.272108843537415, 0.272108843537415, 0.21768707482993196, 0.2857142857142857]
 mean: 0.26076872862587147, std: 0.03335023382333063
F1 Score: [0.11869565217391304, 0.16350806451612904, 0.14646972745564293, 0.1294240111034004, 0.15544871794871795, 0.12279693486590039, 0.10497237569060773, 0.19147559907650663, 0.1645081714461918, 0.24147035368666078, 0.19135802469135801, 0.14254298280687724, 0.18209924588349247, 0.17735042735042733, 0.20312151616499444]
 mean: 0.16234945365738798, std: 0.035375834976726785
Accuracy Intime: [0.27586206896551724, 0.2413793103448276, 0.3620689655172414, 0.26785714285714285, 0.23214285714285715, 0.29310344827586204, 0.27586206896551724, 0.3103448275862069, 0.3103448275862069, 0.26785714285714285, 0.29310344827586204, 0.3103448275862069, 0.3448275862068966, 0.3392857142857143, 0.30357142857142855]
 mean: 0.2951970443349754, std: 0.0353656329833284
F1 (Intime): [0.17357762777242045, 0.1, 0.2330316742081448, 0.22003577817531306, 0.15456608054452636, 0.13900080580177276, 0.10810810810810811, 0.24354885057471265, 0.2044776119402985, 0.1056338028169014, 0.18055555555555555, 0.19412442396313365, 0.2200956937799043, 0.22938443670150988, 0.1453537936913896]
 mean: 0.17676628290891275, std: 0.04747664219497458
--------------------------------------------------
Subject Number: 24
Accuracy Cross: [0.3448275862068966, 0.296551724137931, 0.2689655172413793, 0.2413793103448276, 0.2482758620689655, 0.2671232876712329, 0.2534246575342466, 0.273972602739726, 0.273972602739726, 0.2602739726027397, 0.25675675675675674, 0.25675675675675674, 0.24324324324324326, 0.22972972972972974, 0.30405405405405406]
 mean: 0.2679538442552142, std: 0.028036586927554175
F1 Score: [0.24579232149654684, 0.17007575757575757, 0.15839160839160837, 0.16188919621154974, 0.15503980007404666, 0.11687713759536963, 0.10220994475138122, 0.21615557591167348, 0.14984659215428447, 0.11383785172812541, 0.11327625862509583, 0.1624301566065948, 0.18852578068264342, 0.12876057404298738, 0.24579152731326645]
 mean: 0.16192667221072873, std: 0.04424364338804891
Accuracy Intime: [0.26666666666666666, 0.3103448275862069, 0.3275862068965517, 0.2413793103448276, 0.27586206896551724, 0.29310344827586204, 0.27586206896551724, 0.3448275862068966, 0.29310344827586204, 0.3103448275862069, 0.3620689655172414, 0.2413793103448276, 0.27586206896551724, 0.2413793103448276, 0.29310344827586204]
 mean: 0.29019157088122605, std: 0.03531278594158759
F1 (Intime): [0.10526315789473684, 0.18295081967213114, 0.20833333333333334, 0.23043831168831166, 0.17723492723492723, 0.1557486631016043, 0.10810810810810811, 0.2785714285714286, 0.14292237442922373, 0.16374269005847952, 0.2302140368342459, 0.1, 0.1716589861751152, 0.09859154929577464, 0.13899184581171237]
 mean: 0.1661846821472755, std: 0.05196009974602159
--------------------------------------------------
Subject Number: 25
Accuracy Cross: [0.23129251700680273, 0.22448979591836735, 0.2653061224489796, 0.2789115646258503, 0.2108843537414966, 0.28378378378378377, 0.2635135135135135, 0.30405405405405406, 0.2635135135135135, 0.2702702702702703, 0.2565789473684211, 0.2631578947368421, 0.27631578947368424, 0.32894736842105265, 0.27631578947368424]
 mean: 0.2664890185566877, std: 0.028514387252753164
F1 Score: [0.14570655848546316, 0.12299465240641712, 0.16891891891891891, 0.18812366357804705, 0.11934134305942931, 0.13136392206159647, 0.10427807486631016, 0.23797474562114002, 0.10483870967741936, 0.1468954248366013, 0.10263157894736842, 0.11597826086956521, 0.14208465411150475, 0.2358298961118519, 0.2150691699604743]
 mean: 0.15213530490080715, std: 0.04525617668776031
Accuracy Intime: [0.35, 0.3333333333333333, 0.3, 0.3620689655172414, 0.29310344827586204, 0.36666666666666664, 0.26666666666666666, 0.3103448275862069, 0.25862068965517243, 0.25862068965517243, 0.25, 0.3, 0.27586206896551724, 0.3275862068965517, 0.3275862068965517]
 mean: 0.3053639846743295, std: 0.0372123169953658
F1 (Intime): [0.22904761904761906, 0.26430187459599225, 0.17956989247311828, 0.22929769392033544, 0.1388888888888889, 0.24045407636738905, 0.10526315789473684, 0.24835164835164836, 0.12490733876945885, 0.10273972602739725, 0.12353801169590643, 0.1881720430107527, 0.1697792869269949, 0.20833333333333331, 0.25661375661375657]
 mean: 0.1872838898611552, std: 0.055248201882534896
--------------------------------------------------
Subject Number: 26
Accuracy Cross: [0.27586206896551724, 0.2413793103448276, 0.27586206896551724, 0.2689655172413793, 0.25517241379310346, 0.2653061224489796, 0.2653061224489796, 0.30612244897959184, 0.2789115646258503, 0.2789115646258503, 0.2483221476510067, 0.2684563758389262, 0.40939597315436244, 0.1342281879194631, 0.348993288590604]
 mean: 0.2747463450395973, std: 0.055890419232195565
F1 Score: [0.190654574931604, 0.09831460674157304, 0.18107302533532044, 0.10714285714285714, 0.1359501347708895, 0.10483870967741936, 0.10483870967741936, 0.24604559527160147, 0.11081081081081082, 0.13958125623130607, 0.1278481628285874, 0.15532415475775532, 0.3225588002114165, 0.10384615384615385, 0.2697452360373709]
 mean: 0.15990485255147233, std: 0.06711439072239325
Accuracy Intime: [0.3, 0.36666666666666664, 0.27586206896551724, 0.3103448275862069, 0.3103448275862069, 0.29310344827586204, 0.27586206896551724, 0.3103448275862069, 0.2413793103448276, 0.2413793103448276, 0.3103448275862069, 0.27586206896551724, 0.3275862068965517, 0.3275862068965517, 0.43103448275862066]
 mean: 0.3065134099616858, std: 0.04589584150386401
F1 (Intime): [0.20367682631833572, 0.23636363636363636, 0.16596638655462184, 0.28447420634920634, 0.20514319111630624, 0.16118935837245696, 0.10810810810810811, 0.2790675990675991, 0.09722222222222222, 0.09722222222222222, 0.20185185185185184, 0.10810810810810811, 0.21040723981900453, 0.2152777777777778, 0.32512626262626265]
 mean: 0.19328033312518136, std: 0.06867975008220915
--------------------------------------------------
Subject Number: 27
Accuracy Cross: [0.2638888888888889, 0.2638888888888889, 0.24305555555555555, 0.2708333333333333, 0.2569444444444444, 0.2653061224489796, 0.2653061224489796, 0.25170068027210885, 0.2653061224489796, 0.2789115646258503, 0.3150684931506849, 0.273972602739726, 0.2671232876712329, 0.3013698630136986, 0.21232876712328766]
 mean: 0.26633364913697594, std: 0.022532714830085072
F1 Score: [0.14217855986181582, 0.13218092469545958, 0.13392357875116495, 0.21776248588785546, 0.16872496662216288, 0.10540540540540541, 0.10540540540540541, 0.17300561595507236, 0.1272009825380612, 0.1801270991488383, 0.1765625, 0.12322404371584698, 0.17399267399267399, 0.21833936106088003, 0.10659645232815965]
 mean: 0.15230867035792012, std: 0.0365019903057747
Accuracy Intime: [0.25, 0.3275862068965517, 0.29310344827586204, 0.39655172413793105, 0.3793103448275862, 0.29310344827586204, 0.27586206896551724, 0.20689655172413793, 0.27586206896551724, 0.26785714285714285, 0.3793103448275862, 0.29310344827586204, 0.27586206896551724, 0.3620689655172414, 0.375]
 mean: 0.3100985221674877, std: 0.054591435125697974
F1 (Intime): [0.1, 0.2138826928387823, 0.16264367816091954, 0.329980144353374, 0.24342105263157893, 0.18974358974358974, 0.10810810810810811, 0.08571428571428572, 0.10810810810810811, 0.1056338028169014, 0.245, 0.16132723112128144, 0.11940298507462686, 0.239648033126294, 0.3049337033610854]
 mean: 0.1811698276772624, std: 0.0759863876126807
--------------------------------------------------
Subject Number: 28
Accuracy Cross: [0.23776223776223776, 0.3006993006993007, 0.3006993006993007, 0.3146853146853147, 0.2937062937062937, 0.2671232876712329, 0.2671232876712329, 0.3356164383561644, 0.21232876712328766, 0.2671232876712329, 0.24342105263157895, 0.2565789473684211, 0.24342105263157895, 0.27631578947368424, 0.25]
 mean: 0.27110695721005745, std: 0.03178444281842895
F1 Score: [0.1424129353233831, 0.24170720919946925, 0.20941132358455192, 0.26299966371120553, 0.21064516129032257, 0.11718346253229975, 0.14739792680346941, 0.30743183654717804, 0.10431733508656585, 0.11725636250775916, 0.16011214953271027, 0.16649373749351515, 0.1429363319607222, 0.15877683034401646, 0.11388888888888889]
 mean: 0.17353141032040387, std: 0.05829299663111792
Accuracy Intime: [0.2833333333333333, 0.3620689655172414, 0.27586206896551724, 0.3620689655172414, 0.3620689655172414, 0.3448275862068966, 0.29310344827586204, 0.29310344827586204, 0.23214285714285715, 0.2857142857142857, 0.3275862068965517, 0.25862068965517243, 0.29310344827586204, 0.10714285714285714, 0.3392857142857143]
 mean: 0.2946688560481664, std: 0.06333147440838816
F1 (Intime): [0.1754079254079254, 0.3351943076081007, 0.17857142857142855, 0.297123719464145, 0.2824355285592498, 0.21723610402855686, 0.14052287581699346, 0.2181050051599587, 0.1159090909090909, 0.19651315789473683, 0.21195652173913043, 0.1433002481389578, 0.20499419279907083, 0.08260869565217391, 0.20414402173913043]
 mean: 0.20026818823257664, std: 0.06531743224974486
--------------------------------------------------
Subject Number: 29
Accuracy Cross: [0.2867132867132867, 0.25874125874125875, 0.2727272727272727, 0.3776223776223776, 0.2517482517482518, 0.2620689655172414, 0.2689655172413793, 0.22758620689655173, 0.2896551724137931, 0.3310344827586207, 0.28378378378378377, 0.2702702702702703, 0.31756756756756754, 0.2972972972972973, 0.2972972972972973]
 mean: 0.28620526723975, std: 0.03493568634893278
F1 Score: [0.2257781124497992, 0.16171474959410517, 0.1779399499582986, 0.2526489491054369, 0.14345539540319438, 0.1043956043956044, 0.11716749764182724, 0.19943374726062024, 0.1526568793036248, 0.2667442475724684, 0.1532224958949097, 0.17542825711142543, 0.21381824399950256, 0.1901665344964314, 0.22671492943571445]
 mean: 0.1840857062415309, std: 0.04566420499351092
Accuracy Intime: [0.27586206896551724, 0.3103448275862069, 0.27586206896551724, 0.39655172413793105, 0.3448275862068966, 0.3448275862068966, 0.27586206896551724, 0.20689655172413793, 0.25, 0.2857142857142857, 0.25862068965517243, 0.3448275862068966, 0.3448275862068966, 0.32142857142857145, 0.32142857142857145]
 mean: 0.3038587848932677, std: 0.04690047266889938
F1 (Intime): [0.1095890410958904, 0.1754635911352329, 0.17777777777777776, 0.2642857142857143, 0.22755681818181817, 0.2190126050420168, 0.10810810810810811, 0.08571428571428572, 0.1, 0.14875565610859728, 0.14331896551724138, 0.2222222222222222, 0.2217741935483871, 0.21180555555555555, 0.20714285714285713]
 mean: 0.17483515942904698, std: 0.05386828218751321
--------------------------------------------------
**************************************************
accuracy_cross_list: [0.2746579091406678, 0.26673275677511277, 0.2656355291645848, 0.2674329501915709, 0.27141434890203364, 0.2662981859410431, 0.2699934768427919, 0.26724814610528896, 0.26041614397778784, 0.25759739237301826, 0.2779892629376787, 0.271329486133454, 0.2493305478586664, 0.25327656423546835, 0.2635008485102958, 0.25394975394975394, 0.26633364913697594, 0.2711111111111111, 0.2652712584219434, 0.2616039116039116, 0.2673781945210517, 0.25863106405683245, 0.26076872862587147, 0.2679538442552142, 0.2664890185566877, 0.2747463450395973, 0.26633364913697594, 0.27110695721005745, 0.28620526723975]
f1_score_list: [0.13577007424143267, 0.14438255495978736, 0.14898333349710421, 0.15031501978538664, 0.1591719839604795, 0.16608657909576816, 0.16051367484821993, 0.1668787126693522, 0.1598109528185427, 0.15119184213804232, 0.15610792117411193, 0.16846227553610024, 0.14905896272946645, 0.1441899951218006, 0.15177593472673612, 0.14029633486105783, 0.15230867035792012, 0.15717208221784257, 0.1491862553802248, 0.16237815041781894, 0.16026916975158859, 0.1434529733191934, 0.16234945365738798, 0.16192667221072873, 0.15213530490080715, 0.15990485255147233, 0.15230867035792012, 0.17353141032040387, 0.1840857062415309]
accuracy_intime_list: [0.3307447116777746, 0.329064039408867, 0.32175971538040504, 0.3298850574712644, 0.2904980842911878, 0.31828407224958954, 0.2835249042145594, 0.30321839080459767, 0.29944444444444446, 0.293448275862069, 0.31540229885057475, 0.305008210180624, 0.3093486590038314, 0.29540229885057473, 0.29688013136289, 0.30164203612479473, 0.3100985221674877, 0.2901532567049808, 0.2871127531472359, 0.2940886699507389, 0.3055555555555556, 0.29176245210727975, 0.2951970443349754, 0.29019157088122605, 0.3053639846743295, 0.3065134099616858, 0.3100985221674877, 0.2946688560481664, 0.3038587848932677]
f1_score_intime_list: [0.18349473945347033, 0.17650371321407646, 0.18702273707578276, 0.1836784728982724, 0.1683972545969715, 0.1868951495915225, 0.1653662875511934, 0.171864080942119, 0.19203543677907606, 0.18484436481653077, 0.18666948517886006, 0.19111611110486917, 0.19690809370821508, 0.18132308908337175, 0.18124433853715544, 0.1800479663827676, 0.1811698276772624, 0.16254311403357544, 0.15173669912340051, 0.16602965308799675, 0.18736213666685797, 0.16807523172553734, 0.17676628290891275, 0.1661846821472755, 0.1872838898611552, 0.19328033312518136, 0.1811698276772624, 0.20026818823257664, 0.17483515942904698]
**************************************************
ACC: 26.62±0.75
F1: 15.60±1.02
Intime: 30.37±1.28
F1 (Intime): 17.98±1.10
