1e-05
Subject Number: 1
Accuracy Cross: [0.5882352941176471, 0.5735294117647058, 0.5147058823529411, 0.5735294117647058, 0.5735294117647058, 0.6153846153846154, 0.5769230769230769, 0.6153846153846154, 0.5897435897435898, 0.6025641025641025, 0.6493506493506493, 0.5844155844155844, 0.38961038961038963, 0.5974025974025974, 0.45454545454545453]
 mean: 0.5665902724726254, std: 0.0642889458198931
F1 Score: [0.5041666666666667, 0.3644859813084112, 0.4962962962962963, 0.3644859813084112, 0.4198293615769344, 0.38095238095238093, 0.5502358902673423, 0.38095238095238093, 0.4935064935064935, 0.376, 0.5512626807684006, 0.5437037037037037, 0.3891983122362869, 0.40220385674931125, 0.4330294530154277]
 mean: 0.44335396262056315, std: 0.06938079298342797
Accuracy Intime: [0.65625, 0.625, 0.6666666666666666, 0.6, 0.6666666666666666, 0.5714285714285714, 0.5714285714285714, 0.5714285714285714, 0.5769230769230769, 0.6538461538461539, 0.6428571428571429, 0.5, 0.5357142857142857, 0.5, 0.6538461538461539]
 mean: 0.5994703907203907, std: 0.05622779407181559
F1 (Intime): [0.5210884353741496, 0.38461538461538464, 0.5738636363636364, 0.375, 0.4, 0.36363636363636365, 0.5087719298245614, 0.36363636363636365, 0.48468468468468473, 0.48115299334811534, 0.5238095238095237, 0.3875, 0.3488372093023256, 0.3333333333333333, 0.6533333333333333]
 mean: 0.446884212750785, std: 0.09228177323434993
--------------------------------------------------
Subject Number: 2
Accuracy Cross: [0.4264705882352941, 0.5294117647058824, 0.29411764705882354, 0.5441176470588235, 0.4411764705882353, 0.5735294117647058, 0.5588235294117647, 0.5735294117647058, 0.5735294117647058, 0.5882352941176471, 0.6025641025641025, 0.6794871794871795, 0.3974358974358974, 0.5769230769230769, 0.6025641025641025]
 mean: 0.5307943690296631, std: 0.09556768532560289
F1 Score: [0.4233529028049576, 0.37254901960784315, 0.27142857142857146, 0.3523809523809524, 0.4411764705882353, 0.3644859813084112, 0.46875, 0.3644859813084112, 0.3644859813084112, 0.4012578616352201, 0.376, 0.5571201453554395, 0.315406162464986, 0.4153985918691801, 0.5873015873015872]
 mean: 0.4050386806241471, std: 0.08068932910780222
Accuracy Intime: [0.5, 0.5714285714285714, 0.5714285714285714, 0.5384615384615384, 0.6153846153846154, 0.6071428571428571, 0.5, 0.5714285714285714, 0.5384615384615384, 0.5769230769230769, 0.6071428571428571, 0.7142857142857143, 0.5714285714285714, 0.5769230769230769, 0.6153846153846154]
 mean: 0.5783882783882783, std: 0.05068530345753495
F1 (Intime): [0.48958333333333337, 0.36363636363636365, 0.5333333333333333, 0.35, 0.5751633986928104, 0.4490161001788909, 0.3333333333333333, 0.36363636363636365, 0.35, 0.48468468468468473, 0.49918699186991866, 0.672514619883041, 0.36363636363636365, 0.4358974358974359, 0.38095238095238093]
 mean: 0.442971646871217, std: 0.09575172990598431
--------------------------------------------------
Subject Number: 3
Accuracy Cross: [0.5441176470588235, 0.5441176470588235, 0.4264705882352941, 0.5735294117647058, 0.6764705882352942, 0.5, 0.45714285714285713, 0.5714285714285714, 0.5, 0.5285714285714286, 0.569620253164557, 0.5316455696202531, 0.3670886075949367, 0.569620253164557, 0.45569620253164556]
 mean: 0.5210346417047832, std: 0.07178192748888501
F1 Score: [0.5359894342945191, 0.3523809523809524, 0.388235294117647, 0.39416282642089095, 0.6753472222222222, 0.3333333333333333, 0.40888888888888886, 0.36363636363636365, 0.46023353161489317, 0.4461759769839367, 0.38843351548269583, 0.47475292003593894, 0.35457516339869277, 0.46451355661881977, 0.44284074134820406]
 mean: 0.43223331471853316, std: 0.08428248987034179
Accuracy Intime: [0.5714285714285714, 0.5714285714285714, 0.6071428571428571, 0.5714285714285714, 0.5714285714285714, 0.5714285714285714, 0.6785714285714286, 0.5714285714285714, 0.6153846153846154, 0.5384615384615384, 0.5714285714285714, 0.5714285714285714, 0.5714285714285714, 0.6153846153846154, 0.6153846153846154]
 mean: 0.5875457875457873, std: 0.0323953277225045
F1 (Intime): [0.5692307692307692, 0.36363636363636365, 0.49918699186991866, 0.36363636363636365, 0.475, 0.36363636363636365, 0.6571428571428571, 0.36363636363636365, 0.5486111111111112, 0.4583333333333333, 0.36363636363636365, 0.5714285714285714, 0.36363636363636365, 0.5486111111111112, 0.4583333333333333]
 mean: 0.4645130840252791, std: 0.0952516705295038
--------------------------------------------------
Subject Number: 4
Accuracy Cross: [0.5652173913043478, 0.5652173913043478, 0.5652173913043478, 0.5797101449275363, 0.5652173913043478, 0.5652173913043478, 0.6086956521739131, 0.5652173913043478, 0.5652173913043478, 0.5652173913043478, 0.6153846153846154, 0.6282051282051282, 0.6538461538461539, 0.6282051282051282, 0.6153846153846154]
 mean: 0.5900780379041247, std: 0.030169621728635798
F1 Score: [0.3611111111111111, 0.3611111111111111, 0.3611111111111111, 0.39674404582454026, 0.3611111111111111, 0.3611111111111111, 0.4623376623376624, 0.3611111111111111, 0.3611111111111111, 0.3611111111111111, 0.38095238095238093, 0.416258064516129, 0.48115299334811534, 0.416258064516129, 0.38095238095238093]
 mean: 0.3882362987557485, std: 0.038087322516118766
Accuracy Intime: [0.6071428571428571, 0.5714285714285714, 0.6071428571428571, 0.5714285714285714, 0.5384615384615384, 0.5714285714285714, 0.6785714285714286, 0.5714285714285714, 0.6071428571428571, 0.5384615384615384, 0.6071428571428571, 0.75, 0.7857142857142857, 0.6071428571428571, 0.6153846153846154]
 mean: 0.6152014652014652, std: 0.06881281672910039
F1 (Intime): [0.4490161001788909, 0.36363636363636365, 0.49918699186991866, 0.36363636363636365, 0.35, 0.36363636363636365, 0.5902439024390245, 0.36363636363636365, 0.4490161001788909, 0.35, 0.49918699186991866, 0.7211948790896159, 0.7543859649122806, 0.49918699186991866, 0.606060606060606]
 mean: 0.48146826553430133, std: 0.1297334946080963
--------------------------------------------------
Subject Number: 5
Accuracy Cross: [0.5735294117647058, 0.5735294117647058, 0.5735294117647058, 0.5735294117647058, 0.5735294117647058, 0.5714285714285714, 0.6285714285714286, 0.5714285714285714, 0.5857142857142857, 0.5857142857142857, 0.5797101449275363, 0.6666666666666666, 0.6666666666666666, 0.5942028985507246, 0.6521739130434783]
 mean: 0.597994966102383, std: 0.034982463555357286
F1 Score: [0.3644859813084112, 0.3644859813084112, 0.3644859813084112, 0.3644859813084112, 0.3644859813084112, 0.36363636363636365, 0.4950055493895672, 0.36363636363636365, 0.3992305415803492, 0.36936936936936937, 0.3669724770642202, 0.5597780859916782, 0.6207885304659498, 0.4037037037037037, 0.5316742081447964]
 mean: 0.4197483399682944, std: 0.08397818267863565
Accuracy Intime: [0.6785714285714286, 0.5714285714285714, 0.5714285714285714, 0.5714285714285714, 0.6538461538461539, 0.5714285714285714, 0.6428571428571429, 0.5714285714285714, 0.5384615384615384, 0.6153846153846154, 0.6071428571428571, 0.8571428571428571, 0.7857142857142857, 0.5384615384615384, 0.6153846153846154]
 mean: 0.6260073260073259, std: 0.08700809637122915
F1 (Intime): [0.5902439024390245, 0.36363636363636365, 0.4285714285714286, 0.36363636363636365, 0.48115299334811534, 0.36363636363636365, 0.5625, 0.36363636363636365, 0.4583333333333333, 0.38095238095238093, 0.4490161001788909, 0.8444444444444444, 0.7666666666666666, 0.35, 0.38095238095238093]
 mean: 0.47649193902880804, std: 0.14799356303727335
--------------------------------------------------
Subject Number: 6
Accuracy Cross: [0.5373134328358209, 0.5223880597014925, 0.5373134328358209, 0.5671641791044776, 0.5373134328358209, 0.5652173913043478, 0.4492753623188406, 0.5652173913043478, 0.5362318840579711, 0.5652173913043478, 0.5797101449275363, 0.4057971014492754, 0.4492753623188406, 0.4927536231884058, 0.4492753623188406]
 mean: 0.5172975701204126, std: 0.05277188878509585
F1 Score: [0.4212872666480914, 0.3694117647058824, 0.4920518464172169, 0.3619047619047619, 0.3768376837683768, 0.3611111111111111, 0.43974358974358974, 0.3611111111111111, 0.45238095238095233, 0.3611111111111111, 0.4225108225108225, 0.36240703177822853, 0.3660541586073501, 0.4353518821603928, 0.44636824324324326]
 mean: 0.4019762224801494, std: 0.04252364106742908
Accuracy Intime: [0.5714285714285714, 0.6428571428571429, 0.6428571428571429, 0.5714285714285714, 0.5, 0.5714285714285714, 0.5714285714285714, 0.5384615384615384, 0.6153846153846154, 0.5769230769230769, 0.6428571428571429, 0.6428571428571429, 0.5384615384615384, 0.6923076923076923, 0.6538461538461539]
 mean: 0.5981684981684982, std: 0.05184929605632382
F1 (Intime): [0.475, 0.5238095238095237, 0.5625, 0.36363636363636365, 0.3333333333333333, 0.36363636363636365, 0.5087719298245614, 0.35, 0.606060606060606, 0.5762962962962963, 0.5238095238095237, 0.6111111111111112, 0.35, 0.675, 0.6405529953917051]
 mean: 0.4975678697939593, std: 0.11413936384252371
--------------------------------------------------
Subject Number: 7
Accuracy Cross: [0.6029411764705882, 0.5735294117647058, 0.5147058823529411, 0.5735294117647058, 0.5735294117647058, 0.5882352941176471, 0.45588235294117646, 0.5882352941176471, 0.5294117647058824, 0.5735294117647058, 0.5797101449275363, 0.5217391304347826, 0.42028985507246375, 0.5652173913043478, 0.5362318840579711]
 mean: 0.5464478545041204, std: 0.04980415862097737
F1 Score: [0.5516483516483517, 0.3644859813084112, 0.5095081967213115, 0.3644859813084112, 0.39416282642089095, 0.45098039215686275, 0.45482123510292527, 0.4012578616352201, 0.4156820622986036, 0.5659255998239049, 0.39674404582454026, 0.3906877174203907, 0.3727272727272727, 0.4145927601809955, 0.3755656108597285]
 mean: 0.428218393029188, std: 0.06357984872863012
Accuracy Intime: [0.5714285714285714, 0.7142857142857143, 0.5714285714285714, 0.5384615384615384, 0.6923076923076923, 0.5714285714285714, 0.6785714285714286, 0.5714285714285714, 0.5384615384615384, 0.7692307692307693, 0.6428571428571429, 0.6785714285714286, 0.5714285714285714, 0.5384615384615384, 0.6538461538461539]
 mean: 0.62014652014652, std: 0.07148818776330726
F1 (Intime): [0.4285714285714286, 0.65, 0.36363636363636365, 0.35, 0.5666666666666667, 0.36363636363636365, 0.6571428571428571, 0.36363636363636365, 0.4135338345864662, 0.75625, 0.5238095238095237, 0.6415362731152205, 0.36363636363636365, 0.35, 0.6491754122938531]
 mean: 0.4960820967154313, std: 0.13949514986421171
--------------------------------------------------
Subject Number: 8
Accuracy Cross: [0.5857142857142857, 0.5857142857142857, 0.5857142857142857, 0.5857142857142857, 0.5857142857142857, 0.5797101449275363, 0.5942028985507246, 0.5797101449275363, 0.5652173913043478, 0.5797101449275363, 0.5882352941176471, 0.6029411764705882, 0.5441176470588235, 0.5588235294117647, 0.5882352941176471]
 mean: 0.5806316729590386, std: 0.014084752785967563
F1 Score: [0.3992305415803492, 0.36936936936936937, 0.3992305415803492, 0.36936936936936937, 0.36936936936936937, 0.3669724770642202, 0.43042452830188677, 0.3669724770642202, 0.3611111111111111, 0.3669724770642202, 0.4012578616352201, 0.45984112974404234, 0.4245154245154245, 0.3870192307692308, 0.4012578616352201]
 mean: 0.39152758467824017, std: 0.028051434277403944
Accuracy Intime: [0.6428571428571429, 0.5714285714285714, 0.6428571428571429, 0.5384615384615384, 0.6153846153846154, 0.5714285714285714, 0.5714285714285714, 0.5714285714285714, 0.6153846153846154, 0.6153846153846154, 0.5714285714285714, 0.6428571428571429, 0.75, 0.5357142857142857, 0.6538461538461539]
 mean: 0.6073260073260073, std: 0.05342651261308983
F1 (Intime): [0.5238095238095237, 0.36363636363636365, 0.5238095238095237, 0.35, 0.38095238095238093, 0.36363636363636365, 0.5333333333333333, 0.36363636363636365, 0.6153846153846154, 0.38095238095238093, 0.36363636363636365, 0.5906432748538011, 0.7470967741935484, 0.4822190611664296, 0.6405529953917051]
 mean: 0.4815532878928465, std: 0.12248086966181275
--------------------------------------------------
Subject Number: 9
Accuracy Cross: [0.5223880597014925, 0.5522388059701493, 0.5970149253731343, 0.5671641791044776, 0.6119402985074627, 0.5882352941176471, 0.45588235294117646, 0.5735294117647058, 0.6029411764705882, 0.6029411764705882, 0.5857142857142857, 0.5714285714285714, 0.5857142857142857, 0.5857142857142857, 0.5714285714285714]
 mean: 0.5716183786947614, std: 0.037703109140797254
F1 Score: [0.4451345755693582, 0.3557692307692308, 0.5117408906882591, 0.3619047619047619, 0.5062358276643991, 0.42788461538461536, 0.45482123510292527, 0.3644859813084112, 0.4359447004608295, 0.45984112974404234, 0.36936936936936937, 0.41731409544950054, 0.5355753832075041, 0.4476190476190476, 0.41731409544950054]
 mean: 0.43406366264611707, std: 0.05410792674089772
Accuracy Intime: [0.5714285714285714, 0.5714285714285714, 0.6785714285714286, 0.5384615384615384, 0.6153846153846154, 0.5714285714285714, 0.5, 0.5384615384615384, 0.5, 0.6923076923076923, 0.6071428571428571, 0.6428571428571429, 0.7307692307692307, 0.5384615384615384, 0.6923076923076923]
 mean: 0.5992673992673992, std: 0.07129366427883371
F1 (Intime): [0.4285714285714286, 0.36363636363636365, 0.6748387096774193, 0.35, 0.38095238095238093, 0.36363636363636365, 0.4269005847953216, 0.35, 0.3333333333333333, 0.6090225563909775, 0.4490161001788909, 0.6428571428571429, 0.7271364317841079, 0.4135338345864662, 0.6090225563909775]
 mean: 0.4748305191194116, std: 0.1320349720195009
--------------------------------------------------
Subject Number: 10
Accuracy Cross: [0.4626865671641791, 0.5522388059701493, 0.5223880597014925, 0.5522388059701493, 0.44776119402985076, 0.5735294117647058, 0.5, 0.5882352941176471, 0.47058823529411764, 0.47058823529411764, 0.5616438356164384, 0.589041095890411, 0.4246575342465753, 0.5753424657534246, 0.4657534246575342]
 mean: 0.5171128643647196, std: 0.05468922557089467
F1 Score: [0.4616071428571429, 0.3557692307692308, 0.48062015503875966, 0.3557692307692308, 0.4143633356957241, 0.39416282642089095, 0.49956709956709955, 0.4012578616352201, 0.4588859416445623, 0.4588859416445623, 0.3865546218487395, 0.46637426900584794, 0.39166666666666666, 0.5020902090209021, 0.43879361324659966]
 mean: 0.4310912097220786, std: 0.04717458265533615
Accuracy Intime: [0.7142857142857143, 0.5714285714285714, 0.6785714285714286, 0.5384615384615384, 0.6153846153846154, 0.5714285714285714, 0.4642857142857143, 0.5384615384615384, 0.5769230769230769, 0.46153846153846156, 0.5714285714285714, 0.7142857142857143, 0.5384615384615384, 0.5, 0.6153846153846154]
 mean: 0.578021978021978, std: 0.07635715425707786
F1 (Intime): [0.7083333333333333, 0.36363636363636365, 0.6415362731152205, 0.35, 0.5112781954887218, 0.36363636363636365, 0.45806451612903226, 0.35, 0.48468468468468473, 0.40522875816993464, 0.36363636363636365, 0.6888888888888889, 0.35, 0.3333333333333333, 0.38095238095238093]
 mean: 0.4502139636669747, std: 0.1260348450581094
--------------------------------------------------
Subject Number: 11
Accuracy Cross: [0.36764705882352944, 0.5735294117647058, 0.3235294117647059, 0.5588235294117647, 0.5588235294117647, 0.5652173913043478, 0.5507246376811594, 0.5507246376811594, 0.5072463768115942, 0.4782608695652174, 0.6, 0.6266666666666667, 0.49333333333333335, 0.5866666666666667, 0.5466666666666666]
 mean: 0.5258573458368855, std: 0.08027423313229626
F1 Score: [0.3675102747133896, 0.4198293615769344, 0.30178571428571427, 0.4333333333333333, 0.49604743083003955, 0.3611111111111111, 0.44599844599844596, 0.35514018691588783, 0.40153061224489794, 0.3839285714285714, 0.42951318458417853, 0.5227272727272727, 0.4722222222222222, 0.422360248447205, 0.4008458646616541]
 mean: 0.41425892233872386, std: 0.05533672384199896
Accuracy Intime: [0.42857142857142855, 0.5714285714285714, 0.39285714285714285, 0.6071428571428571, 0.46153846153846156, 0.6071428571428571, 0.6785714285714286, 0.5714285714285714, 0.6153846153846154, 0.5384615384615384, 0.6071428571428571, 0.7142857142857143, 0.5714285714285714, 0.6923076923076923, 0.5384615384615384]
 mean: 0.573076923076923, std: 0.08898045874460954
F1 (Intime): [0.3, 0.36363636363636365, 0.3229018492176387, 0.4490161001788909, 0.46153846153846156, 0.4490161001788909, 0.6571428571428571, 0.36363636363636365, 0.5112781954887218, 0.4901960784313726, 0.4490161001788909, 0.7083333333333333, 0.36363636363636365, 0.6848484848484848, 0.35]
 mean: 0.4616131100964422, std: 0.12630963952271562
--------------------------------------------------
Subject Number: 12
Accuracy Cross: [0.5671641791044776, 0.5671641791044776, 0.5671641791044776, 0.5671641791044776, 0.5671641791044776, 0.5507246376811594, 0.6086956521739131, 0.5652173913043478, 0.5652173913043478, 0.5507246376811594, 0.5735294117647058, 0.5882352941176471, 0.6617647058823529, 0.5735294117647058, 0.5735294117647058]
 mean: 0.5764659227307622, std: 0.026444815324094612
F1 Score: [0.3619047619047619, 0.3619047619047619, 0.3619047619047619, 0.3619047619047619, 0.3619047619047619, 0.38268398268398274, 0.4623376623376624, 0.3611111111111111, 0.3897405660377358, 0.38268398268398274, 0.3644859813084112, 0.4012578616352201, 0.573027573027573, 0.39416282642089095, 0.3644859813084112]
 mean: 0.3923667558719195, std: 0.054761422672396205
Accuracy Intime: [0.5714285714285714, 0.5714285714285714, 0.5714285714285714, 0.5384615384615384, 0.6153846153846154, 0.5714285714285714, 0.75, 0.5384615384615384, 0.5384615384615384, 0.6153846153846154, 0.5714285714285714, 0.6428571428571429, 0.5384615384615384, 0.5384615384615384, 0.6923076923076923]
 mean: 0.591025641025641, std: 0.06062962677589737
F1 (Intime): [0.4285714285714286, 0.36363636363636365, 0.36363636363636365, 0.35, 0.38095238095238093, 0.36363636363636365, 0.7333333333333334, 0.35, 0.35, 0.4583333333333333, 0.36363636363636365, 0.5238095238095237, 0.4901960784313726, 0.4135338345864662, 0.6848484848484848]
 mean: 0.44120825682745185, std: 0.11769917351658384
--------------------------------------------------
Subject Number: 13
Accuracy Cross: [0.47761194029850745, 0.5522388059701493, 0.43283582089552236, 0.6268656716417911, 0.417910447761194, 0.5571428571428572, 0.5285714285714286, 0.6142857142857143, 0.5857142857142857, 0.5285714285714286, 0.5797101449275363, 0.6666666666666666, 0.4492753623188406, 0.6956521739130435, 0.43478260869565216]
 mean: 0.5431890238249745, std: 0.0845139196224288
F1 Score: [0.41448189762796506, 0.4088235294117647, 0.3020833333333333, 0.6042995511457595, 0.31471282454760036, 0.4797410692879406, 0.47151681537405626, 0.5676046671242279, 0.559748427672956, 0.4990240728692258, 0.5782929399367756, 0.6663863779693084, 0.34970238095238093, 0.6933333333333334, 0.3708206686930091]
 mean: 0.4853714592853091, std: 0.12017457283339547
Accuracy Intime: [0.6071428571428571, 0.5714285714285714, 0.5714285714285714, 0.6428571428571429, 0.6923076923076923, 0.5714285714285714, 0.5714285714285714, 0.5384615384615384, 0.5769230769230769, 0.5384615384615384, 0.7142857142857143, 0.39285714285714285, 0.5384615384615384, 0.6538461538461539, 0.5769230769230769]
 mean: 0.5838827838827838, std: 0.07351740519324201
F1 (Intime): [0.561877667140825, 0.36363636363636365, 0.475, 0.5906432748538011, 0.6848484848484848, 0.36363636363636365, 0.5333333333333333, 0.35, 0.519327731092437, 0.5384615384615384, 0.7128205128205127, 0.3229018492176387, 0.35, 0.6533333333333333, 0.36585365853658536]
 mean: 0.4923782740607478, std: 0.1289145384446596
--------------------------------------------------
Subject Number: 14
Accuracy Cross: [0.4264705882352941, 0.5, 0.4264705882352941, 0.38235294117647056, 0.4264705882352941, 0.5, 0.6323529411764706, 0.6176470588235294, 0.6029411764705882, 0.7058823529411765, 0.5797101449275363, 0.6231884057971014, 0.43478260869565216, 0.6086956521739131, 0.5217391304347826]
 mean: 0.5325802784882069, std: 0.0954116447262883
F1 Score: [0.29896907216494845, 0.4288537549407115, 0.29896907216494845, 0.3736842105263158, 0.29896907216494845, 0.3333333333333333, 0.6135485337576723, 0.508888888888889, 0.5826324164582859, 0.7048611111111112, 0.5739833936555248, 0.6211993243243243, 0.3412484700122399, 0.6057142857142856, 0.5012048192771085]
 mean: 0.4724039838996432, std: 0.13587316308081124
Accuracy Intime: [0.5357142857142857, 0.5714285714285714, 0.6071428571428571, 0.5384615384615384, 0.46153846153846156, 0.5714285714285714, 0.5357142857142857, 0.5714285714285714, 0.7692307692307693, 0.6538461538461539, 0.6428571428571429, 0.7142857142857143, 0.5714285714285714, 0.6153846153846154, 0.6153846153846154]
 mean: 0.5983516483516483, std: 0.07367009800028268
F1 (Intime): [0.5204216073781291, 0.36363636363636365, 0.49918699186991866, 0.35, 0.40522875816993464, 0.36363636363636365, 0.4822190611664296, 0.36363636363636365, 0.7636363636363637, 0.6405529953917051, 0.5238095238095237, 0.7128205128205127, 0.36363636363636365, 0.606060606060606, 0.38095238095238093]
 mean: 0.4892956170533973, std: 0.13302049711084463
--------------------------------------------------
Subject Number: 15
Accuracy Cross: [0.5217391304347826, 0.5362318840579711, 0.5217391304347826, 0.5797101449275363, 0.5507246376811594, 0.5735294117647058, 0.4852941176470588, 0.5735294117647058, 0.6323529411764706, 0.5735294117647058, 0.5294117647058824, 0.5147058823529411, 0.39705882352941174, 0.4852941176470588, 0.45588235294117646]
 mean: 0.5287155441886899, std: 0.05574346332682407
F1 Score: [0.5201264488935722, 0.3490566037735849, 0.5152224824355972, 0.3669724770642202, 0.4763769889840881, 0.3644859813084112, 0.4188034188034188, 0.39416282642089095, 0.6184062850729517, 0.5726977248104008, 0.39555555555555555, 0.5060532687651331, 0.3460004691531785, 0.45098039215686275, 0.4098053014309172]
 mean: 0.44698041497525226, std: 0.08171965222498423
Accuracy Intime: [0.6428571428571429, 0.6071428571428571, 0.5714285714285714, 0.5384615384615384, 0.5769230769230769, 0.5714285714285714, 0.6428571428571429, 0.5714285714285714, 0.6538461538461539, 0.6923076923076923, 0.5714285714285714, 0.4642857142857143, 0.5714285714285714, 0.5, 0.6153846153846154]
 mean: 0.586080586080586, std: 0.057326299897438295
F1 (Intime): [0.6111111111111112, 0.4490161001788909, 0.475, 0.35, 0.4358974358974359, 0.36363636363636365, 0.6354166666666667, 0.36363636363636365, 0.6267942583732058, 0.5666666666666667, 0.4285714285714286, 0.3170731707317073, 0.36363636363636365, 0.3333333333333333, 0.38095238095238093]
 mean: 0.4467161095594612, std: 0.10793516143522437
--------------------------------------------------
Subject Number: 16
Accuracy Cross: [0.5373134328358209, 0.5671641791044776, 0.5671641791044776, 0.5671641791044776, 0.5522388059701493, 0.5671641791044776, 0.582089552238806, 0.5671641791044776, 0.4925373134328358, 0.5223880597014925, 0.5373134328358209, 0.43283582089552236, 0.40298507462686567, 0.6119402985074627, 0.40298507462686567]
 mean: 0.527363184079602, std: 0.0632447704759033
F1 Score: [0.4005772005772006, 0.3619047619047619, 0.3619047619047619, 0.3619047619047619, 0.5347222222222222, 0.3619047619047619, 0.58125, 0.3619047619047619, 0.43725296442687744, 0.4451345755693582, 0.4920518464172169, 0.43169642857142854, 0.30641821946169767, 0.6076576576576577, 0.30641821946169767]
 mean: 0.4235135429259444, std: 0.09073949140237779
Accuracy Intime: [0.6428571428571429, 0.5714285714285714, 0.6153846153846154, 0.5384615384615384, 0.6923076923076923, 0.5714285714285714, 0.6071428571428571, 0.5384615384615384, 0.5769230769230769, 0.5769230769230769, 0.5714285714285714, 0.5, 0.6153846153846154, 0.5, 0.6153846153846154]
 mean: 0.5822344322344322, std: 0.04998154740074244
F1 (Intime): [0.5238095238095237, 0.36363636363636365, 0.5751633986928104, 0.35, 0.5666666666666667, 0.36363636363636365, 0.561877667140825, 0.35, 0.5606758832565284, 0.4358974358974359, 0.36363636363636365, 0.48958333333333337, 0.5751633986928104, 0.390990990990991, 0.38095238095238093]
 mean: 0.45677931802282645, std: 0.0919632094545435
--------------------------------------------------
Subject Number: 17
Accuracy Cross: [0.5735294117647058, 0.5588235294117647, 0.5882352941176471, 0.5882352941176471, 0.5735294117647058, 0.5652173913043478, 0.6231884057971014, 0.5942028985507246, 0.6521739130434783, 0.5652173913043478, 0.5588235294117647, 0.6029411764705882, 0.6764705882352942, 0.5882352941176471, 0.5588235294117647]
 mean: 0.5911764705882353, std: 0.033965454006458284
F1 Score: [0.39416282642089095, 0.3584905660377358, 0.42788461538461536, 0.42788461538461536, 0.39416282642089095, 0.3611111111111111, 0.49264705882352944, 0.45361990950226244, 0.5642105263157895, 0.3611111111111111, 0.3870192307692308, 0.4806223479490806, 0.6104166666666667, 0.4711111111111111, 0.411764705882353]
 mean: 0.4397479485927329, std: 0.07175652653304623
Accuracy Intime: [0.5357142857142857, 0.5714285714285714, 0.7142857142857143, 0.6153846153846154, 0.6153846153846154, 0.5357142857142857, 0.6071428571428571, 0.7142857142857143, 0.6923076923076923, 0.6153846153846154, 0.5714285714285714, 0.6071428571428571, 0.6785714285714286, 0.6153846153846154, 0.6923076923076923]
 mean: 0.6254578754578753, std: 0.058058896938304454
F1 (Intime): [0.3488372093023256, 0.36363636363636365, 0.65, 0.5486111111111112, 0.38095238095238093, 0.3488372093023256, 0.4490161001788909, 0.65, 0.675, 0.4583333333333333, 0.36363636363636365, 0.4490161001788909, 0.5902439024390245, 0.5112781954887218, 0.675]
 mean: 0.49749321797064877, std: 0.12132259048334035
--------------------------------------------------
Subject Number: 18
Accuracy Cross: [0.5507246376811594, 0.6086956521739131, 0.5942028985507246, 0.5652173913043478, 0.5652173913043478, 0.5735294117647058, 0.5441176470588235, 0.5735294117647058, 0.5882352941176471, 0.5735294117647058, 0.6, 0.6571428571428571, 0.5428571428571428, 0.6142857142857143, 0.6]
 mean: 0.5834189907847196, std: 0.02936098260940465
F1 Score: [0.4888888888888889, 0.4832177531206657, 0.45361990950226244, 0.3611111111111111, 0.3611111111111111, 0.3644859813084112, 0.5055125498475252, 0.3644859813084112, 0.4012578616352201, 0.3644859813084112, 0.40606060606060607, 0.6022727272727273, 0.5394736842105263, 0.5040671739700866, 0.5644444444444444]
 mean: 0.45096638434002734, std: 0.0795641019410414
Accuracy Intime: [0.6785714285714286, 0.6071428571428571, 0.6785714285714286, 0.5384615384615384, 0.6923076923076923, 0.5357142857142857, 0.6785714285714286, 0.5714285714285714, 0.6071428571428571, 0.6153846153846154, 0.6071428571428571, 0.6428571428571429, 0.5, 0.5384615384615384, 0.6153846153846154]
 mean: 0.6071428571428571, std: 0.058459059684705016
F1 (Intime): [0.6199095022624435, 0.4490161001788909, 0.6415362731152205, 0.35, 0.6090225563909775, 0.3488372093023256, 0.6679841897233202, 0.36363636363636365, 0.4490161001788909, 0.38095238095238093, 0.49918699186991866, 0.5906432748538011, 0.3333333333333333, 0.35, 0.38095238095238093]
 mean: 0.4689351104500164, std: 0.12000646111264213
--------------------------------------------------
Subject Number: 19
Accuracy Cross: [0.5671641791044776, 0.5671641791044776, 0.5671641791044776, 0.5671641791044776, 0.5671641791044776, 0.5735294117647058, 0.6323529411764706, 0.5882352941176471, 0.45588235294117646, 0.45588235294117646, 0.5735294117647058, 0.6176470588235294, 0.45588235294117646, 0.6617647058823529, 0.4117647058823529]
 mean: 0.5508194322505121, std: 0.07003096901039459
F1 Score: [0.3619047619047619, 0.3619047619047619, 0.3619047619047619, 0.3619047619047619, 0.3619047619047619, 0.3644859813084112, 0.6284153005464481, 0.4012578616352201, 0.4412613813013546, 0.4280518299613548, 0.39416282642089095, 0.4901960784313726, 0.3985178101840784, 0.6180708180708181, 0.40714908456843946]
 mean: 0.42540618546347986, std: 0.08535318744120336
Accuracy Intime: [0.5357142857142857, 0.5714285714285714, 0.6428571428571429, 0.5384615384615384, 0.6153846153846154, 0.5714285714285714, 0.7142857142857143, 0.5769230769230769, 0.6538461538461539, 0.6923076923076923, 0.5714285714285714, 0.6785714285714286, 0.6153846153846154, 0.6923076923076923, 0.6923076923076923]
 mean: 0.6241758241758241, std: 0.05895786177466459
F1 (Intime): [0.4509803921568627, 0.36363636363636365, 0.5238095238095237, 0.35, 0.5751633986928104, 0.36363636363636365, 0.672514619883041, 0.4358974358974359, 0.6491754122938531, 0.6388888888888888, 0.36363636363636365, 0.5902439024390245, 0.6130952380952381, 0.6601307189542484, 0.5666666666666667]
 mean: 0.5211650192457788, std: 0.1173654553220413
--------------------------------------------------
Subject Number: 20
Accuracy Cross: [0.5671641791044776, 0.5671641791044776, 0.5671641791044776, 0.5671641791044776, 0.5671641791044776, 0.5671641791044776, 0.5671641791044776, 0.5671641791044776, 0.5671641791044776, 0.5671641791044776, 0.5797101449275363, 0.6376811594202898, 0.6231884057971014, 0.5652173913043478, 0.5652173913043478]
 mean: 0.57617708558656, std: 0.021691553601124024
F1 Score: [0.3619047619047619, 0.3619047619047619, 0.3619047619047619, 0.3619047619047619, 0.3619047619047619, 0.3619047619047619, 0.39148136548700285, 0.3619047619047619, 0.3619047619047619, 0.3619047619047619, 0.39674404582454026, 0.521497919556172, 0.49264705882352944, 0.3611111111111111, 0.3611111111111111]
 mean: 0.38544903127042157, std: 0.049219471634689704
Accuracy Intime: [0.6071428571428571, 0.5714285714285714, 0.5769230769230769, 0.5384615384615384, 0.5769230769230769, 0.5714285714285714, 0.6071428571428571, 0.5384615384615384, 0.6923076923076923, 0.5769230769230769, 0.6071428571428571, 0.6428571428571429, 0.6923076923076923, 0.5384615384615384, 0.6153846153846154]
 mean: 0.5968864468864469, std: 0.04740866459151439
F1 (Intime): [0.49918699186991866, 0.36363636363636365, 0.4358974358974359, 0.35, 0.36585365853658536, 0.36363636363636365, 0.4490161001788909, 0.35, 0.6904761904761905, 0.36585365853658536, 0.4490161001788909, 0.5238095238095237, 0.6388888888888888, 0.4901960784313726, 0.38095238095238093]
 mean: 0.44776131566862615, std: 0.10229451815792544
--------------------------------------------------
Subject Number: 21
Accuracy Cross: [0.6, 0.5571428571428572, 0.6, 0.5857142857142857, 0.5285714285714286, 0.5588235294117647, 0.4411764705882353, 0.6029411764705882, 0.39705882352941174, 0.4411764705882353, 0.5217391304347826, 0.5217391304347826, 0.42028985507246375, 0.4057971014492754, 0.43478260869565216]
 mean: 0.5077968578735842, std: 0.07416984203574861
F1 Score: [0.51, 0.38544321721891817, 0.6, 0.36936936936936937, 0.5238095238095237, 0.3870192307692308, 0.4392361111111111, 0.514670896114195, 0.3191697191697192, 0.3454913880445795, 0.5114782235571765, 0.50682261208577, 0.29591836734693877, 0.35129557440953907, 0.35698924731182796]
 mean: 0.42778089868786, std: 0.08953876847378611
Accuracy Intime: [0.6071428571428571, 0.5714285714285714, 0.6071428571428571, 0.5384615384615384, 0.6538461538461539, 0.5714285714285714, 0.5357142857142857, 0.6071428571428571, 0.5714285714285714, 0.46153846153846156, 0.6071428571428571, 0.7142857142857143, 0.5714285714285714, 0.5384615384615384, 0.6153846153846154]
 mean: 0.5847985347985347, std: 0.056023003576974706
F1 (Intime): [0.4490161001788909, 0.36363636363636365, 0.4490161001788909, 0.35, 0.6267942583732058, 0.36363636363636365, 0.3488372093023256, 0.4490161001788909, 0.5692307692307692, 0.45833333333333337, 0.5809523809523809, 0.672514619883041, 0.36363636363636365, 0.5125, 0.38095238095238093]
 mean: 0.46253815623154654, std: 0.10364410368671585
--------------------------------------------------
Subject Number: 22
Accuracy Cross: [0.5735294117647058, 0.5588235294117647, 0.5588235294117647, 0.5588235294117647, 0.5588235294117647, 0.5714285714285714, 0.5571428571428572, 0.5714285714285714, 0.5285714285714286, 0.45714285714285713, 0.581081081081081, 0.6621621621621622, 0.40540540540540543, 0.5945945945945946, 0.4594594594594595]
 mean: 0.5464827011885836, std: 0.06075675534666091
F1 Score: [0.39416282642089095, 0.3584905660377358, 0.46875, 0.3584905660377358, 0.3584905660377358, 0.36363636363636365, 0.5133437990580848, 0.36363636363636365, 0.5284751990202081, 0.4272179155900086, 0.3955204216073781, 0.5495495495495495, 0.3585500394011032, 0.4019396551724138, 0.42546583850931674]
 mean: 0.41771464464765923, std: 0.06466129511560584
Accuracy Intime: [0.6071428571428571, 0.5714285714285714, 0.6785714285714286, 0.5714285714285714, 0.6428571428571429, 0.5714285714285714, 0.8214285714285714, 0.5714285714285714, 0.6538461538461539, 0.6538461538461539, 0.6071428571428571, 0.5714285714285714, 0.5714285714285714, 0.5384615384615384, 0.5769230769230769]
 mean: 0.6139194139194138, std: 0.06794748377185492
F1 (Intime): [0.49918699186991866, 0.36363636363636365, 0.6748387096774193, 0.36363636363636365, 0.391304347826087, 0.36363636363636365, 0.8095238095238095, 0.36363636363636365, 0.6533333333333333, 0.5783783783783785, 0.4490161001788909, 0.5692307692307692, 0.36363636363636365, 0.35, 0.36585365853658536]
 mean: 0.4772565277824673, std: 0.14164438386726588
--------------------------------------------------
Subject Number: 23
Accuracy Cross: [0.5588235294117647, 0.5441176470588235, 0.5294117647058824, 0.5441176470588235, 0.5441176470588235, 0.5671641791044776, 0.5671641791044776, 0.5671641791044776, 0.5671641791044776, 0.5671641791044776, 0.5942028985507246, 0.5797101449275363, 0.5797101449275363, 0.5942028985507246, 0.5652173913043478]
 mean: 0.5646301739384917, std: 0.01783759814490431
F1 Score: [0.3584905660377358, 0.3523809523809524, 0.34615384615384615, 0.3523809523809524, 0.3523809523809524, 0.3619047619047619, 0.39148136548700285, 0.3619047619047619, 0.3619047619047619, 0.3619047619047619, 0.45361990950226244, 0.4225108225108225, 0.48174048174048173, 0.43042452830188677, 0.4995164410058027]
 mean: 0.3925799910334497, std: 0.049912845650282034
Accuracy Intime: [0.7142857142857143, 0.6071428571428571, 0.5384615384615384, 0.5384615384615384, 0.6923076923076923, 0.5714285714285714, 0.6428571428571429, 0.5714285714285714, 0.6153846153846154, 0.5769230769230769, 0.5357142857142857, 0.7142857142857143, 0.5769230769230769, 0.5384615384615384, 0.6153846153846154]
 mean: 0.6032967032967032, std: 0.0605709527512319
F1 (Intime): [0.65, 0.4490161001788909, 0.35, 0.35, 0.6388888888888888, 0.36363636363636365, 0.5625, 0.36363636363636365, 0.606060606060606, 0.4358974358974359, 0.3488372093023256, 0.672514619883041, 0.519327731092437, 0.35, 0.38095238095238093]
 mean: 0.4694178466352489, std: 0.12151053825724027
--------------------------------------------------
Subject Number: 24
Accuracy Cross: [0.5522388059701493, 0.6567164179104478, 0.5074626865671642, 0.5671641791044776, 0.6716417910447762, 0.6176470588235294, 0.4852941176470588, 0.6470588235294118, 0.45588235294117646, 0.47058823529411764, 0.42028985507246375, 0.463768115942029, 0.43478260869565216, 0.5507246376811594, 0.4492753623188406]
 mean: 0.5300356699028304, std: 0.08300400863913486
F1 Score: [0.5130813953488372, 0.6488949646844384, 0.4349603884487605, 0.514856429463171, 0.6709821428571429, 0.6146469049694856, 0.4048512128032008, 0.6392572944297081, 0.3540436456996149, 0.3799392097264438, 0.29591836734693877, 0.3899641577060932, 0.3233593160673875, 0.5095161660169686, 0.34970238095238093]
 mean: 0.4695982651013715, std: 0.1230472322548699
Accuracy Intime: [0.6428571428571429, 0.7142857142857143, 0.6071428571428571, 0.5384615384615384, 0.4230769230769231, 0.6071428571428571, 0.5, 0.7692307692307693, 0.6153846153846154, 0.6538461538461539, 0.75, 0.6071428571428571, 0.5769230769230769, 0.5, 0.5769230769230769]
 mean: 0.6054945054945055, std: 0.09129701369032332
F1 (Intime): [0.6354166666666667, 0.65, 0.4490161001788909, 0.35, 0.37799043062200954, 0.4490161001788909, 0.4555555555555556, 0.7450980392156863, 0.5751633986928104, 0.6533333333333333, 0.7470967741935484, 0.6025806451612903, 0.4358974358974359, 0.390990990990991, 0.36585365853658536]
 mean: 0.5255339419482463, std: 0.13426812607648247
--------------------------------------------------
Subject Number: 25
Accuracy Cross: [0.5652173913043478, 0.5797101449275363, 0.5942028985507246, 0.5652173913043478, 0.5942028985507246, 0.5882352941176471, 0.6176470588235294, 0.5735294117647058, 0.6323529411764706, 0.6029411764705882, 0.5972222222222222, 0.625, 0.6527777777777778, 0.6527777777777778, 0.6666666666666666]
 mean: 0.607180070095671, std: 0.031600928390418906
F1 Score: [0.3611111111111111, 0.39674404582454026, 0.43042452830188677, 0.3611111111111111, 0.43042452830188677, 0.4012578616352201, 0.46875, 0.3644859813084112, 0.49985289791115034, 0.4359447004608295, 0.42997542997543, 0.46928746928746934, 0.5604395604395604, 0.5085995085995085, 0.5555555555555556]
 mean: 0.44493095265491145, std: 0.06286931858174406
Accuracy Intime: [0.5714285714285714, 0.6071428571428571, 0.6428571428571429, 0.5384615384615384, 0.6538461538461539, 0.5357142857142857, 0.6428571428571429, 0.5714285714285714, 0.5714285714285714, 0.6153846153846154, 0.75, 0.6785714285714286, 0.7142857142857143, 0.5769230769230769, 0.6538461538461539]
 mean: 0.6216117216117215, std: 0.06076723253365591
F1 (Intime): [0.4285714285714286, 0.4490161001788909, 0.5238095238095237, 0.35, 0.6067226890756303, 0.3488372093023256, 0.5906432748538011, 0.36363636363636365, 0.36363636363636365, 0.38095238095238093, 0.7211948790896159, 0.6679841897233202, 0.65, 0.48468468468468473, 0.48115299334811534]
 mean: 0.494056138724163, std: 0.12228178502419433
--------------------------------------------------
Subject Number: 26
Accuracy Cross: [0.5797101449275363, 0.5652173913043478, 0.5652173913043478, 0.5652173913043478, 0.5362318840579711, 0.5857142857142857, 0.5857142857142857, 0.5714285714285714, 0.6142857142857143, 0.5571428571428572, 0.5735294117647058, 0.6176470588235294, 0.5441176470588235, 0.5735294117647058, 0.5735294117647058]
 mean: 0.5738821905573823, std: 0.021098308279494347
F1 Score: [0.39674404582454026, 0.3611111111111111, 0.48660714285714285, 0.3611111111111111, 0.4661508704061895, 0.36936936936936937, 0.3992305415803492, 0.36363636363636365, 0.44066291802308377, 0.3577981651376147, 0.3644859813084112, 0.46875, 0.5208001818595136, 0.39416282642089095, 0.39416282642089095]
 mean: 0.40965223033777215, std: 0.05154854718668879
Accuracy Intime: [0.6785714285714286, 0.5714285714285714, 0.7142857142857143, 0.5384615384615384, 0.8076923076923077, 0.5357142857142857, 0.6071428571428571, 0.5714285714285714, 0.5769230769230769, 0.6538461538461539, 0.5357142857142857, 0.6785714285714286, 0.5714285714285714, 0.5357142857142857, 0.6538461538461539]
 mean: 0.6153846153846154, std: 0.0774640839188562
F1 (Intime): [0.5902439024390245, 0.36363636363636365, 0.6888888888888889, 0.35, 0.7657657657657657, 0.3488372093023256, 0.4490161001788909, 0.36363636363636365, 0.5762962962962963, 0.6067226890756303, 0.3488372093023256, 0.5902439024390245, 0.36363636363636365, 0.3488372093023256, 0.48115299334811534]
 mean: 0.48238341714984695, std: 0.13782702572864933
--------------------------------------------------
Subject Number: 27
Accuracy Cross: [0.5735294117647058, 0.5588235294117647, 0.5882352941176471, 0.5882352941176471, 0.5735294117647058, 0.5652173913043478, 0.6231884057971014, 0.5942028985507246, 0.6521739130434783, 0.5652173913043478, 0.5588235294117647, 0.6029411764705882, 0.6764705882352942, 0.5882352941176471, 0.5588235294117647]
 mean: 0.5911764705882353, std: 0.033965454006458284
F1 Score: [0.39416282642089095, 0.3584905660377358, 0.42788461538461536, 0.42788461538461536, 0.39416282642089095, 0.3611111111111111, 0.49264705882352944, 0.45361990950226244, 0.5642105263157895, 0.3611111111111111, 0.3870192307692308, 0.4806223479490806, 0.6104166666666667, 0.4711111111111111, 0.411764705882353]
 mean: 0.4397479485927329, std: 0.07175652653304623
Accuracy Intime: [0.5357142857142857, 0.5714285714285714, 0.7142857142857143, 0.6153846153846154, 0.6153846153846154, 0.5357142857142857, 0.6071428571428571, 0.7142857142857143, 0.6923076923076923, 0.6153846153846154, 0.5714285714285714, 0.6071428571428571, 0.6785714285714286, 0.6153846153846154, 0.6923076923076923]
 mean: 0.6254578754578753, std: 0.058058896938304454
F1 (Intime): [0.3488372093023256, 0.36363636363636365, 0.65, 0.5486111111111112, 0.38095238095238093, 0.3488372093023256, 0.4490161001788909, 0.65, 0.675, 0.4583333333333333, 0.36363636363636365, 0.4490161001788909, 0.5902439024390245, 0.5112781954887218, 0.675]
 mean: 0.49749321797064877, std: 0.12132259048334035
--------------------------------------------------
Subject Number: 28
Accuracy Cross: [0.8208955223880597, 0.5373134328358209, 0.6417910447761194, 0.5522388059701493, 0.7014925373134329, 0.6029411764705882, 0.7352941176470589, 0.5882352941176471, 0.8529411764705882, 0.6029411764705882, 0.375, 0.375, 0.4027777777777778, 0.4027777777777778, 0.4027777777777778]
 mean: 0.5729611745195591, std: 0.15415697317000157
F1 Score: [0.8205357142857144, 0.4005772005772006, 0.6352087114337568, 0.4302721088435374, 0.6998207885304659, 0.5764705882352941, 0.7332170880557978, 0.4012578616352201, 0.8528138528138528, 0.5878787878787879, 0.2727272727272727, 0.2893178328580829, 0.2871287128712871, 0.2871287128712871, 0.2871287128712871]
 mean: 0.504098929765923, std: 0.2015966981471673
Accuracy Intime: [0.6785714285714286, 0.5714285714285714, 0.5714285714285714, 0.5384615384615384, 0.6923076923076923, 0.6428571428571429, 0.6071428571428571, 0.5384615384615384, 0.5384615384615384, 0.6538461538461539, 0.9285714285714286, 0.6785714285714286, 0.5, 0.6538461538461539, 0.5769230769230769]
 mean: 0.6247252747252747, std: 0.10028940130446473
F1 (Intime): [0.6748387096774193, 0.36363636363636365, 0.4285714285714286, 0.35, 0.6848484848484848, 0.5906432748538011, 0.5942028985507246, 0.35, 0.5272727272727272, 0.6067226890756303, 0.9282051282051282, 0.6679841897233202, 0.390990990990991, 0.6491754122938531, 0.36585365853658536]
 mean: 0.5448630637490972, std: 0.1625172715681046
--------------------------------------------------
Subject Number: 29
Accuracy Cross: [0.6119402985074627, 0.582089552238806, 0.5522388059701493, 0.5671641791044776, 0.582089552238806, 0.5735294117647058, 0.6176470588235294, 0.5735294117647058, 0.6029411764705882, 0.5735294117647058, 0.5714285714285714, 0.5857142857142857, 0.5714285714285714, 0.5714285714285714, 0.5714285714285714]
 mean: 0.5805418286717671, std: 0.01704051722168661
F1 Score: [0.46629901960784315, 0.3987179487179487, 0.3557692307692308, 0.3619047619047619, 0.3987179487179487, 0.3644859813084112, 0.46875, 0.3644859813084112, 0.4359447004608295, 0.3644859813084112, 0.36363636363636365, 0.3992305415803492, 0.36363636363636365, 0.36363636363636365, 0.36363636363636365]
 mean: 0.3888891700153066, std: 0.037458302245468277
Accuracy Intime: [0.5714285714285714, 0.5714285714285714, 0.5714285714285714, 0.5384615384615384, 0.6153846153846154, 0.5714285714285714, 0.7857142857142857, 0.5384615384615384, 0.5384615384615384, 0.5769230769230769, 0.6785714285714286, 0.6785714285714286, 0.6538461538461539, 0.5384615384615384, 0.7307692307692307]
 mean: 0.6106227106227106, std: 0.07497847285055999
F1 (Intime): [0.475, 0.36363636363636365, 0.4285714285714286, 0.35, 0.4583333333333333, 0.36363636363636365, 0.7543859649122806, 0.35, 0.35, 0.48468468468468473, 0.5902439024390245, 0.6748387096774193, 0.5783783783783785, 0.35, 0.641025641025641]
 mean: 0.4808489846863279, std: 0.13136273691308964
--------------------------------------------------
**************************************************
accuracy_cross_list: [0.5665902724726254, 0.5307943690296631, 0.5210346417047832, 0.5900780379041247, 0.597994966102383, 0.5172975701204126, 0.5464478545041204, 0.5806316729590386, 0.5716183786947614, 0.5171128643647196, 0.5258573458368855, 0.5764659227307622, 0.5431890238249745, 0.5325802784882069, 0.5287155441886899, 0.527363184079602, 0.5911764705882353, 0.5834189907847196, 0.5508194322505121, 0.57617708558656, 0.5077968578735842, 0.5464827011885836, 0.5646301739384917, 0.5300356699028304, 0.607180070095671, 0.5738821905573823, 0.5911764705882353, 0.5729611745195591, 0.5805418286717671]
f1_score_list: [0.44335396262056315, 0.4050386806241471, 0.43223331471853316, 0.3882362987557485, 0.4197483399682944, 0.4019762224801494, 0.428218393029188, 0.39152758467824017, 0.43406366264611707, 0.4310912097220786, 0.41425892233872386, 0.3923667558719195, 0.4853714592853091, 0.4724039838996432, 0.44698041497525226, 0.4235135429259444, 0.4397479485927329, 0.45096638434002734, 0.42540618546347986, 0.38544903127042157, 0.42778089868786, 0.41771464464765923, 0.3925799910334497, 0.4695982651013715, 0.44493095265491145, 0.40965223033777215, 0.4397479485927329, 0.504098929765923, 0.3888891700153066]
accuracy_intime_list: [0.5994703907203907, 0.5783882783882783, 0.5875457875457873, 0.6152014652014652, 0.6260073260073259, 0.5981684981684982, 0.62014652014652, 0.6073260073260073, 0.5992673992673992, 0.578021978021978, 0.573076923076923, 0.591025641025641, 0.5838827838827838, 0.5983516483516483, 0.586080586080586, 0.5822344322344322, 0.6254578754578753, 0.6071428571428571, 0.6241758241758241, 0.5968864468864469, 0.5847985347985347, 0.6139194139194138, 0.6032967032967032, 0.6054945054945055, 0.6216117216117215, 0.6153846153846154, 0.6254578754578753, 0.6247252747252747, 0.6106227106227106]
f1_score_intime_list: [0.446884212750785, 0.442971646871217, 0.4645130840252791, 0.48146826553430133, 0.47649193902880804, 0.4975678697939593, 0.4960820967154313, 0.4815532878928465, 0.4748305191194116, 0.4502139636669747, 0.4616131100964422, 0.44120825682745185, 0.4923782740607478, 0.4892956170533973, 0.4467161095594612, 0.45677931802282645, 0.49749321797064877, 0.4689351104500164, 0.5211650192457788, 0.44776131566862615, 0.46253815623154654, 0.4772565277824673, 0.4694178466352489, 0.5255339419482463, 0.494056138724163, 0.48238341714984695, 0.49749321797064877, 0.5448630637490972, 0.4808489846863279]
**************************************************
ACC: 55.69±2.82
F1: 42.78±2.95
Intime: 60.29±1.62
F1 (Intime): 47.83±2.51
