1e-05
Subject Number: 1
Accuracy Cross: [0.31724137931034485, 0.2620689655172414, 0.27586206896551724, 0.25517241379310346, 0.2896551724137931, 0.2742857142857143, 0.3028571428571429, 0.26285714285714284, 0.25142857142857145, 0.2857142857142857, 0.27011494252873564, 0.29310344827586204, 0.28735632183908044, 0.28160919540229884, 0.26436781609195403]
 mean: 0.2782463054187192, std: 0.017621026419062515
F1 Score: [0.2292233560090703, 0.12651296303067977, 0.1979670939973157, 0.1684073672806067, 0.2171106557377049, 0.1085972850678733, 0.19132962400660555, 0.24589314236857723, 0.12392769607843138, 0.152257966712943, 0.18996610238298217, 0.23289150711831122, 0.14134897360703813, 0.12716285540387792, 0.10550458715596331]
 mean: 0.17054007839719873, std: 0.046180992796452866
Accuracy Intime: [0.34285714285714286, 0.37142857142857144, 0.35714285714285715, 0.3142857142857143, 0.27941176470588236, 0.3448275862068966, 0.3793103448275862, 0.3448275862068966, 0.3103448275862069, 0.20689655172413793, 0.2413793103448276, 0.3620689655172414, 0.3448275862068966, 0.29310344827586204, 0.1896551724137931]
 mean: 0.31215782864870084, std: 0.057283661232811
F1 (Intime): [0.24350354726942752, 0.2523860021208908, 0.29827441077441075, 0.22327558025498528, 0.1983947425123896, 0.1282051282051282, 0.22180365296803653, 0.1875, 0.17337461300309598, 0.10588235294117648, 0.1586452762923351, 0.28273809523809523, 0.1282051282051282, 0.11333333333333333, 0.10193452380952381]
 mean: 0.18783042579519713, std: 0.06261470362079817
--------------------------------------------------
Subject Number: 2
Accuracy Cross: [0.3472222222222222, 0.2708333333333333, 0.2916666666666667, 0.2777777777777778, 0.2916666666666667, 0.2689655172413793, 0.2689655172413793, 0.2827586206896552, 0.27586206896551724, 0.2689655172413793, 0.27167630057803466, 0.26011560693641617, 0.28901734104046245, 0.27167630057803466, 0.3063583815028902]
 mean: 0.28290185591212097, std: 0.020742467794708803
F1 Score: [0.2614580850070524, 0.16199954791442286, 0.22620639164756812, 0.15010071713630133, 0.17746470888543311, 0.10597826086956522, 0.10773480662983426, 0.13302845528455284, 0.11905737704918032, 0.10655737704918032, 0.13253968253968254, 0.1516633422748011, 0.15726607624181752, 0.11862012395187752, 0.2093720141325119]
 mean: 0.15460313110758542, std: 0.04512054586741736
Accuracy Intime: [0.3793103448275862, 0.4482758620689655, 0.39655172413793105, 0.3103448275862069, 0.25862068965517243, 0.3448275862068966, 0.39655172413793105, 0.39655172413793105, 0.29310344827586204, 0.16071428571428573, 0.3793103448275862, 0.3448275862068966, 0.3275862068965517, 0.25862068965517243, 0.32142857142857145]
 mean: 0.33444170771756976, std: 0.06974143718124493
F1 (Intime): [0.228831958315241, 0.3527140585964116, 0.27839912280701756, 0.17391304347826086, 0.24222117847762653, 0.1282051282051282, 0.20220369267421084, 0.27975747656598715, 0.11333333333333333, 0.06923076923076923, 0.3029017857142857, 0.27576295986622074, 0.21594202898550724, 0.12776506483600306, 0.19834764506895652]
 mean: 0.21263528307699728, std: 0.0767261690659207
--------------------------------------------------
Subject Number: 3
Accuracy Cross: [0.25, 0.2847222222222222, 0.24305555555555555, 0.2847222222222222, 0.2638888888888889, 0.25170068027210885, 0.29931972789115646, 0.2585034013605442, 0.3197278911564626, 0.21768707482993196, 0.2768361581920904, 0.23163841807909605, 0.2711864406779661, 0.2937853107344633, 0.2598870056497175]
 mean: 0.2671107331821618, std: 0.026071149358298656
F1 Score: [0.16411144578313253, 0.17079180509413067, 0.13038884192730346, 0.19489329268292682, 0.14479166666666665, 0.10164835164835165, 0.24935325602140945, 0.11583734617442483, 0.22523219814241485, 0.12765123719510404, 0.1911088454719824, 0.18904367469879518, 0.14523707999317756, 0.20606884057971014, 0.21430671819041935]
 mean: 0.17136430668466332, std: 0.04184379618120952
Accuracy Intime: [0.38333333333333336, 0.35, 0.3275862068965517, 0.3275862068965517, 0.3793103448275862, 0.3448275862068966, 0.3620689655172414, 0.3275862068965517, 0.3275862068965517, 0.19642857142857142, 0.27586206896551724, 0.3275862068965517, 0.3103448275862069, 0.3275862068965517, 0.3392857142857143]
 mean: 0.32713191023535854, std: 0.04326707147678188
F1 (Intime): [0.2514498757249378, 0.18213783403656822, 0.1994949494949495, 0.14777777777777779, 0.2361349342481418, 0.1282051282051282, 0.15430622009569378, 0.2375232173140596, 0.26280425963488846, 0.10147849462365591, 0.21527019295781974, 0.21717171717171718, 0.21463815789473684, 0.2073466909532483, 0.34119526307026304]
 mean: 0.2064623142135724, std: 0.057391376059549755
--------------------------------------------------
Subject Number: 4
Accuracy Cross: [0.2689655172413793, 0.2620689655172414, 0.2689655172413793, 0.27586206896551724, 0.25517241379310346, 0.30344827586206896, 0.22758620689655173, 0.2827586206896552, 0.25517241379310346, 0.25517241379310346, 0.29310344827586204, 0.27011494252873564, 0.3275862068965517, 0.29310344827586204, 0.28735632183908044]
 mean: 0.275095785440613, std: 0.02328796021300277
F1 Score: [0.18205128205128207, 0.16949854952341484, 0.13976856476856475, 0.18995059392410385, 0.13483187134502922, 0.2464302078219604, 0.14952737940026076, 0.17952772506852205, 0.15541480789325615, 0.12910651141695464, 0.1618142394004463, 0.1878921568627451, 0.24377701906806265, 0.19703641332854815, 0.1570822613170155]
 mean: 0.17491397221267777, std: 0.03395737417619831
Accuracy Intime: [0.29310344827586204, 0.3103448275862069, 0.3275862068965517, 0.27586206896551724, 0.3275862068965517, 0.3793103448275862, 0.3448275862068966, 0.3448275862068966, 0.3103448275862069, 0.3275862068965517, 0.2413793103448276, 0.25862068965517243, 0.3103448275862069, 0.27586206896551724, 0.27586206896551724]
 mean: 0.3068965517241379, std: 0.035724759236597826
F1 (Intime): [0.19128787878787878, 0.12162162162162163, 0.20197163947163949, 0.14293915040183697, 0.2113970588235294, 0.2833880678708265, 0.3458694083694084, 0.2089160839160839, 0.23819570558700995, 0.23971482000935015, 0.12173913043478261, 0.1745945945945946, 0.2701923076923077, 0.13504556752278377, 0.24834731756928552]
 mean: 0.209014690178196, std: 0.0621775157148244
--------------------------------------------------
Subject Number: 5
Accuracy Cross: [0.3103448275862069, 0.2827586206896552, 0.2620689655172414, 0.296551724137931, 0.3448275862068966, 0.2702702702702703, 0.28378378378378377, 0.33783783783783783, 0.2635135135135135, 0.30405405405405406, 0.2585034013605442, 0.23809523809523808, 0.3877551020408163, 0.272108843537415, 0.3469387755102041]
 mean: 0.29729416960944055, std: 0.03993088885447253
F1 Score: [0.2317662174956044, 0.1905226360097026, 0.19394889757792982, 0.211516701542277, 0.2618252908640092, 0.11734189723320158, 0.1815490851513019, 0.2390572858216943, 0.16755952380952382, 0.18409090909090908, 0.19806574777728977, 0.1374796532839399, 0.335997335997336, 0.18695052593357678, 0.31085468835084806]
 mean: 0.20990175972927627, std: 0.05685682122919742
Accuracy Intime: [0.26666666666666666, 0.31666666666666665, 0.29310344827586204, 0.3448275862068966, 0.3793103448275862, 0.27586206896551724, 0.3103448275862069, 0.3103448275862069, 0.22413793103448276, 0.3103448275862069, 0.3448275862068966, 0.29310344827586204, 0.46551724137931033, 0.3103448275862069, 0.3620689655172414]
 mean: 0.32049808429118776, std: 0.053854660176426684
F1 (Intime): [0.14623655913978495, 0.20295113691340105, 0.19178440607012037, 0.2222222222222222, 0.26866883116883117, 0.10810810810810811, 0.21483516483516482, 0.24616130384655696, 0.1612214498510427, 0.2507142857142857, 0.2795269770879527, 0.23421717171717174, 0.4408441342638751, 0.20394395433316037, 0.2875]
 mean: 0.2305957136847785, std: 0.07401726023188113
--------------------------------------------------
Subject Number: 6
Accuracy Cross: [0.3055555555555556, 0.2847222222222222, 0.2916666666666667, 0.2569444444444444, 0.25, 0.32653061224489793, 0.2857142857142857, 0.2653061224489796, 0.29931972789115646, 0.2585034013605442, 0.22448979591836735, 0.2653061224489796, 0.25170068027210885, 0.22448979591836735, 0.22448979591836735]
 mean: 0.26764928193499615, std: 0.029960950612739026
F1 Score: [0.23596681096681096, 0.17395679751050694, 0.1832875361093497, 0.19395887909819798, 0.14740988178488176, 0.24639725809022797, 0.17380027421948313, 0.1392645815722739, 0.23214285714285712, 0.12797619047619047, 0.11179653679653678, 0.1780503978779841, 0.14639929355648418, 0.14925857073034493, 0.14433160824138266]
 mean: 0.17226649827823418, std: 0.03921991336140029
Accuracy Intime: [0.25, 0.2833333333333333, 0.3620689655172414, 0.29310344827586204, 0.3448275862068966, 0.3275862068965517, 0.29310344827586204, 0.41379310344827586, 0.29310344827586204, 0.32142857142857145, 0.29310344827586204, 0.3448275862068966, 0.29310344827586204, 0.3275862068965517, 0.2857142857142857]
 mean: 0.315112205801861, std: 0.038812045565154545
F1 (Intime): [0.1636904761904762, 0.1830628803245436, 0.2808992562542258, 0.18644957983193278, 0.22525062656641603, 0.21919191919191916, 0.20238095238095238, 0.30277777777777776, 0.2787293529043888, 0.21705588864198566, 0.19147005444646098, 0.2626207729468599, 0.14805057955742887, 0.21627906976744188, 0.2326388888888889]
 mean: 0.2207032050447799, std: 0.0431983472171318
--------------------------------------------------
Subject Number: 7
Accuracy Cross: [0.29931972789115646, 0.2857142857142857, 0.23809523809523808, 0.272108843537415, 0.25170068027210885, 0.2808219178082192, 0.3082191780821918, 0.2671232876712329, 0.2602739726027397, 0.273972602739726, 0.23129251700680273, 0.2789115646258503, 0.272108843537415, 0.3333333333333333, 0.2653061224489796]
 mean: 0.27455347435777966, std: 0.02511911306818514
F1 Score: [0.19657226580441292, 0.22193979266347688, 0.10746047430830039, 0.15012919896640825, 0.16067974578612876, 0.13154433043935806, 0.23799008646392367, 0.18497640954655667, 0.20304697163502028, 0.24053693585302802, 0.09826589595375723, 0.2174152025744039, 0.1592772692601068, 0.25669684965100925, 0.18411300678774536]
 mean: 0.18337629571290912, std: 0.046712369426390114
Accuracy Intime: [0.26666666666666666, 0.2413793103448276, 0.27586206896551724, 0.3103448275862069, 0.3103448275862069, 0.26666666666666666, 0.3333333333333333, 0.27586206896551724, 0.3793103448275862, 0.3448275862068966, 0.26666666666666666, 0.27586206896551724, 0.29310344827586204, 0.3275862068965517, 0.3620689655172414]
 mean: 0.301992337164751, std: 0.03893926865233923
F1 (Intime): [0.17058516196447232, 0.13523809523809524, 0.17142857142857143, 0.19736842105263158, 0.2521611721611722, 0.10526315789473684, 0.3007994864612512, 0.22307852965747701, 0.3243107769423559, 0.24368686868686867, 0.15513392857142858, 0.15151515151515152, 0.14805057955742887, 0.21842105263157896, 0.21957671957671956]
 mean: 0.20110784488932926, std: 0.059665720558071886
--------------------------------------------------
Subject Number: 8
Accuracy Cross: [0.32, 0.31333333333333335, 0.2866666666666667, 0.26666666666666666, 0.25333333333333335, 0.32432432432432434, 0.3581081081081081, 0.2905405405405405, 0.20945945945945946, 0.22972972972972974, 0.2653061224489796, 0.32653061224489793, 0.35374149659863946, 0.2585034013605442, 0.29931972789115646]
 mean: 0.2903709015137587, std: 0.04192451593906539
F1 Score: [0.20009212344541688, 0.18553519768563165, 0.17857142857142858, 0.10638297872340426, 0.16354383529956049, 0.23352713178294573, 0.23686932993792775, 0.20025146171765323, 0.16845304939921546, 0.16644855341663853, 0.11864525139664804, 0.2104483282674772, 0.26697392645668505, 0.19623915139826423, 0.19685517970401692]
 mean: 0.18858912848019424, std: 0.04053820731562159
Accuracy Intime: [0.2833333333333333, 0.31666666666666665, 0.3793103448275862, 0.3448275862068966, 0.3103448275862069, 0.3, 0.36666666666666664, 0.3275862068965517, 0.29310344827586204, 0.29310344827586204, 0.3, 0.35, 0.2833333333333333, 0.27586206896551724, 0.41379310344827586]
 mean: 0.32252873563218387, std: 0.03912280779709217
F1 (Intime): [0.15377237851662404, 0.19440164355418593, 0.29836257309941516, 0.23234501347708894, 0.16594202898550725, 0.1943573667711599, 0.2628335949764521, 0.26806398234969664, 0.19751082251082253, 0.23224914965986393, 0.19261173608999696, 0.26701800614844096, 0.1642512077294686, 0.10810810810810811, 0.3117030965391621]
 mean: 0.2162353805677329, std: 0.055677852302279056
--------------------------------------------------
Subject Number: 9
Accuracy Cross: [0.23776223776223776, 0.22377622377622378, 0.24475524475524477, 0.24475524475524477, 0.23776223776223776, 0.2808219178082192, 0.2671232876712329, 0.21232876712328766, 0.2671232876712329, 0.3150684931506849, 0.32653061224489793, 0.23129251700680273, 0.1836734693877551, 0.22448979591836735, 0.2585034013605442]
 mean: 0.25038444921028086, std: 0.03610968170493006
F1 Score: [0.15512349799732977, 0.14791563582384956, 0.1589847737213152, 0.1, 0.11209655908242197, 0.13213956853459616, 0.19224356624498645, 0.1554284948090258, 0.16004322400203408, 0.22351514459773722, 0.27203174732244495, 0.1250920245398773, 0.1273416268476653, 0.15945442635223658, 0.18502120026092628]
 mean: 0.16042876600909645, std: 0.04273667963778569
Accuracy Intime: [0.31666666666666665, 0.29310344827586204, 0.3793103448275862, 0.27586206896551724, 0.39655172413793105, 0.27586206896551724, 0.3448275862068966, 0.27586206896551724, 0.39285714285714285, 0.30357142857142855, 0.3275862068965517, 0.25862068965517243, 0.3448275862068966, 0.26785714285714285, 0.32142857142857145]
 mean: 0.31831964969896004, std: 0.04417488292975323
F1 (Intime): [0.25144830659536543, 0.24334733893557425, 0.2731176231176231, 0.158638817845979, 0.2959770114942529, 0.10810810810810811, 0.27324561403508774, 0.2804383116883117, 0.3178240740740741, 0.16749585406301826, 0.2168737060041408, 0.1331845238095238, 0.22544642857142858, 0.1616949152542373, 0.2524328652377433]
 mean: 0.22395156658896453, std: 0.061655336051966186
--------------------------------------------------
Subject Number: 10
Accuracy Cross: [0.2482758620689655, 0.27586206896551724, 0.2689655172413793, 0.2482758620689655, 0.3103448275862069, 0.2671232876712329, 0.3013698630136986, 0.2671232876712329, 0.2602739726027397, 0.2876712328767123, 0.24675324675324675, 0.22727272727272727, 0.2727272727272727, 0.2727272727272727, 0.2597402597402597]
 mean: 0.26763377073249534, std: 0.02068282194081554
F1 Score: [0.20598624633013402, 0.22941409971419496, 0.2134324606894336, 0.12057633973710818, 0.2388111888111888, 0.10597826086956522, 0.19512388415500104, 0.2024885956337569, 0.12231416957026713, 0.19594551224516663, 0.1716804363519692, 0.1587518728421601, 0.12192234848484848, 0.1485062410476775, 0.23660147139196294]
 mean: 0.17783554185829564, std: 0.043999483293257445
Accuracy Intime: [0.31666666666666665, 0.3448275862068966, 0.3448275862068966, 0.3275862068965517, 0.3448275862068966, 0.3103448275862069, 0.25862068965517243, 0.3448275862068966, 0.3103448275862069, 0.3793103448275862, 0.25862068965517243, 0.29310344827586204, 0.3103448275862069, 0.25862068965517243, 0.29310344827586204]
 mean: 0.3130651340996169, std: 0.03498514407468146
F1 (Intime): [0.19928922908693275, 0.27497348886532347, 0.2554347826086956, 0.2351781283232896, 0.29127947524173936, 0.11842105263157894, 0.13333333333333333, 0.2972920696324952, 0.21090704647676162, 0.3303487460815048, 0.17080103359173127, 0.21291344820756586, 0.2175925925925926, 0.10714285714285714, 0.26422764227642276]
 mean: 0.22127566173952165, std: 0.06492340677864276
--------------------------------------------------
Subject Number: 11
Accuracy Cross: [0.30344827586206896, 0.31724137931034485, 0.30344827586206896, 0.2827586206896552, 0.30344827586206896, 0.2671232876712329, 0.2808219178082192, 0.2671232876712329, 0.2671232876712329, 0.2876712328767123, 0.25477707006369427, 0.2611464968152866, 0.25477707006369427, 0.2611464968152866, 0.27388535031847133]
 mean: 0.279062688357418, std: 0.01933642498067092
F1 Score: [0.21274350649350648, 0.22645227495053247, 0.24180650902618864, 0.19171005390460277, 0.2029938684846525, 0.10773480662983426, 0.1361444298389747, 0.13120658605608437, 0.12019933554817275, 0.18144186133572926, 0.1115625, 0.12337083658237719, 0.10204081632653061, 0.11343366778149386, 0.17684331797235023]
 mean: 0.15864562472873533, std: 0.04646826358631186
Accuracy Intime: [0.3, 0.3620689655172414, 0.39655172413793105, 0.3793103448275862, 0.29310344827586204, 0.27586206896551724, 0.3620689655172414, 0.29310344827586204, 0.29310344827586204, 0.2413793103448276, 0.29310344827586204, 0.3793103448275862, 0.29310344827586204, 0.3275862068965517, 0.29310344827586204]
 mean: 0.31885057471264366, std: 0.04422883359564593
F1 (Intime): [0.23629679144385027, 0.2579580745341615, 0.32927847346452, 0.31095165703861355, 0.21353874883286647, 0.10810810810810811, 0.28409825468648997, 0.16654411764705881, 0.21594982078853045, 0.1, 0.19375, 0.27300418257865067, 0.1460093896713615, 0.20403981264637003, 0.26044314108830235]
 mean: 0.21999803816859226, std: 0.06669729918934142
--------------------------------------------------
Subject Number: 12
Accuracy Cross: [0.24475524475524477, 0.2517482517482518, 0.2727272727272727, 0.22377622377622378, 0.24475524475524477, 0.2620689655172414, 0.296551724137931, 0.23448275862068965, 0.2, 0.296551724137931, 0.2808219178082192, 0.2671232876712329, 0.3013698630136986, 0.22602739726027396, 0.3150684931506849]
 mean: 0.261188557938676, std: 0.03193300788567439
F1 Score: [0.1740746274603554, 0.17274139033525165, 0.2384672047243683, 0.14752024291497975, 0.20170138854128083, 0.1461290322580645, 0.256241767396034, 0.15500663129973474, 0.13551401869158877, 0.26917771060993567, 0.1597222222222222, 0.18669093851132687, 0.1847560975609756, 0.1568498694036714, 0.24787376048817694]
 mean: 0.1888311268278645, std: 0.04242640866857947
Accuracy Intime: [0.3275862068965517, 0.3275862068965517, 0.43103448275862066, 0.3620689655172414, 0.3103448275862069, 0.3103448275862069, 0.3103448275862069, 0.3793103448275862, 0.26785714285714285, 0.25, 0.27586206896551724, 0.27586206896551724, 0.27586206896551724, 0.2857142857142857, 0.25]
 mean: 0.3093185550082102, std: 0.048879715611784585
F1 (Intime): [0.2365546218487395, 0.21320754716981133, 0.3516865079365079, 0.23741567202906072, 0.14523809523809522, 0.1670220326936745, 0.20244565217391303, 0.27634920634920634, 0.2328020679084509, 0.13115449915110355, 0.20924645493964608, 0.1810344827586207, 0.10810810810810811, 0.1947779111644658, 0.22550264550264548]
 mean: 0.20750303366480333, std: 0.057953551856233666
--------------------------------------------------
Subject Number: 13
Accuracy Cross: [0.2, 0.296551724137931, 0.21379310344827587, 0.23448275862068965, 0.27586206896551724, 0.2483221476510067, 0.2550335570469799, 0.28187919463087246, 0.2684563758389262, 0.2953020134228188, 0.25675675675675674, 0.20270270270270271, 0.21621621621621623, 0.25, 0.23648648648648649]
 mean: 0.24878967372834532, std: 0.03045176817682334
F1 Score: [0.17222303891804136, 0.22440382693131514, 0.12158678073362242, 0.1846187618528044, 0.22679429945054946, 0.11055577768892443, 0.20879790769472795, 0.236210468058191, 0.20762983590865458, 0.24155876560592426, 0.19289401643498144, 0.15332970190222903, 0.16867977528089886, 0.19345087279869888, 0.16686164681414256]
 mean: 0.1873063650715804, std: 0.03792813902175518
Accuracy Intime: [0.26666666666666666, 0.3, 0.21666666666666667, 0.27586206896551724, 0.3448275862068966, 0.29310344827586204, 0.27586206896551724, 0.3275862068965517, 0.27586206896551724, 0.2413793103448276, 0.3103448275862069, 0.29310344827586204, 0.20689655172413793, 0.29310344827586204, 0.29310344827586204]
 mean: 0.2809578544061303, std: 0.036089554223037404
F1 (Intime): [0.17400793650793653, 0.22534221235664076, 0.15062111801242234, 0.17523809523809525, 0.28340321453529005, 0.14052287581699346, 0.25428987455197133, 0.2863016917293233, 0.23788029249796877, 0.2058333333333333, 0.1991499696417729, 0.17459239130434784, 0.08695652173913043, 0.2683705183705184, 0.24268804511771264]
 mean: 0.20701320605023046, std: 0.055324075840056275
--------------------------------------------------
Subject Number: 14
Accuracy Cross: [0.19863013698630136, 0.23972602739726026, 0.19863013698630136, 0.19863013698630136, 0.1917808219178082, 0.2602739726027397, 0.2191780821917808, 0.2808219178082192, 0.2876712328767123, 0.3219178082191781, 0.38513513513513514, 0.22297297297297297, 0.28378378378378377, 0.30405405405405406, 0.2972972972972973]
 mean: 0.25936690114772304, std: 0.0541507438424398
F1 Score: [0.08285714285714285, 0.19149785216309478, 0.08285714285714285, 0.08285714285714285, 0.08092485549132948, 0.11471559167089894, 0.1610621804387267, 0.2809107570999409, 0.2432705273059576, 0.22925352650962408, 0.3693682776187909, 0.19673131511343125, 0.19618674269422665, 0.28091331154572263, 0.22540491606478658]
 mean: 0.18792075215253057, std: 0.0845369168141143
Accuracy Intime: [0.35, 0.29310344827586204, 0.3620689655172414, 0.3620689655172414, 0.3103448275862069, 0.26666666666666666, 0.3448275862068966, 0.22413793103448276, 0.27586206896551724, 0.1896551724137931, 0.35, 0.27586206896551724, 0.3793103448275862, 0.27586206896551724, 0.3103448275862069]
 mean: 0.30467432950191575, std: 0.05274382995649042
F1 (Intime): [0.32621212121212123, 0.2925595238095238, 0.3108100711548988, 0.2937953555878084, 0.2443390452876377, 0.10526315789473684, 0.26993464052287586, 0.20412457912457913, 0.24570912375790424, 0.1705357142857143, 0.2781310916179337, 0.2202524544179523, 0.25997782705099776, 0.21506568144499177, 0.26825396825396824]
 mean: 0.2469976236949096, std: 0.05552504454316176
--------------------------------------------------
Subject Number: 15
Accuracy Cross: [0.2534246575342466, 0.2876712328767123, 0.2602739726027397, 0.3013698630136986, 0.3013698630136986, 0.2638888888888889, 0.22916666666666666, 0.2638888888888889, 0.22916666666666666, 0.1875, 0.2689655172413793, 0.1724137931034483, 0.2689655172413793, 0.2827586206896552, 0.22758620689655173]
 mean: 0.2532273570216414, std: 0.036635599531203114
F1 Score: [0.17429411268624845, 0.17719994087504926, 0.1889659423640006, 0.24091280743066457, 0.29077741985605887, 0.1449553001277139, 0.20457858991995317, 0.19547803617571058, 0.20313898200233066, 0.12397024617173871, 0.14424557832273924, 0.11796648483954986, 0.20919540229885059, 0.1794034883438857, 0.1526603918555513]
 mean: 0.18318284821800299, std: 0.04353091260722515
Accuracy Intime: [0.39655172413793105, 0.3103448275862069, 0.22413793103448276, 0.27586206896551724, 0.32142857142857145, 0.29310344827586204, 0.27586206896551724, 0.29310344827586204, 0.3448275862068966, 0.3103448275862069, 0.3103448275862069, 0.22413793103448276, 0.27586206896551724, 0.3275862068965517, 0.3392857142857143]
 mean: 0.3015188834154351, std: 0.04299991475349126
F1 (Intime): [0.32053952991452994, 0.20460491889063318, 0.1796019411108925, 0.2156622393247269, 0.2262581168831169, 0.14292237442922373, 0.1929449152542373, 0.2502199318969506, 0.31729055258467026, 0.28294117647058825, 0.1753846153846154, 0.18140299598100107, 0.24904862579281184, 0.22074468085106383, 0.27967239527389903]
 mean: 0.22928260066953074, std: 0.051407747557308786
--------------------------------------------------
Subject Number: 16
Accuracy Cross: [0.2867132867132867, 0.25874125874125875, 0.25874125874125875, 0.2867132867132867, 0.2937062937062937, 0.2517482517482518, 0.3146853146853147, 0.2867132867132867, 0.2867132867132867, 0.25874125874125875, 0.2638888888888889, 0.2708333333333333, 0.25, 0.2847222222222222, 0.2986111111111111]
 mean: 0.27675148925148924, std: 0.018581614788513966
F1 Score: [0.16132723112128144, 0.1424823302634397, 0.10335195530726257, 0.1991221799552367, 0.17929544323272545, 0.15531986531986533, 0.2743552036199095, 0.1928769657724329, 0.23650339022679445, 0.23558843667441515, 0.21220017569322436, 0.10773480662983426, 0.20647773279352227, 0.24219515626199534, 0.24209251860576309]
 mean: 0.1927282260985135, std: 0.04913358930012389
Accuracy Intime: [0.22413793103448276, 0.3620689655172414, 0.3103448275862069, 0.2857142857142857, 0.39285714285714285, 0.27586206896551724, 0.3275862068965517, 0.3620689655172414, 0.26785714285714285, 0.2857142857142857, 0.25862068965517243, 0.3275862068965517, 0.27586206896551724, 0.42857142857142855, 0.39285714285714285]
 mean: 0.3185139573070608, std: 0.05659331162437262
F1 (Intime): [0.1, 0.2380174291938998, 0.19704151683556717, 0.24236596736596738, 0.31107397504456324, 0.1095890410958904, 0.23538660747317797, 0.24556362169792295, 0.1953601953601954, 0.2094017094017094, 0.10416666666666667, 0.2343351548269581, 0.18037135278514588, 0.2837528604118993, 0.38897672375933245]
 mean: 0.2183601881279264, std: 0.07555007533659248
--------------------------------------------------
Subject Number: 17
Accuracy Cross: [0.2569444444444444, 0.2708333333333333, 0.3055555555555556, 0.2916666666666667, 0.2916666666666667, 0.272108843537415, 0.2585034013605442, 0.24489795918367346, 0.30612244897959184, 0.2789115646258503, 0.3219178082191781, 0.3287671232876712, 0.3219178082191781, 0.3356164383561644, 0.3424657534246575]
 mean: 0.2951930543907061, std: 0.029895542714528253
F1 Score: [0.17577626210719735, 0.1387684649967887, 0.20812109031886783, 0.1877120378460497, 0.18345764302948964, 0.13068181818181818, 0.1745720510426393, 0.17573808345703446, 0.2119322418877038, 0.20402145124796098, 0.24134615384615382, 0.22499140666842532, 0.2122584541062802, 0.2680673616680032, 0.2595423839663471]
 mean: 0.1997991269580507, std: 0.03802426290095982
Accuracy Intime: [0.3333333333333333, 0.22413793103448276, 0.46551724137931033, 0.3448275862068966, 0.41379310344827586, 0.3793103448275862, 0.29310344827586204, 0.3448275862068966, 0.3448275862068966, 0.30357142857142855, 0.27586206896551724, 0.3275862068965517, 0.3793103448275862, 0.3275862068965517, 0.4107142857142857]
 mean: 0.34455391351943077, std: 0.058003810812048
F1 (Intime): [0.21607142857142858, 0.10317460317460317, 0.3673423423423423, 0.27128178120412805, 0.31842105263157894, 0.2720588235294118, 0.19242424242424241, 0.26949620427881293, 0.21818181818181817, 0.22056594975811622, 0.15849673202614378, 0.212241653418124, 0.30259603841536614, 0.2251293847038528, 0.3274536229586174]
 mean: 0.24499571184123914, std: 0.06657311688485625
--------------------------------------------------
Subject Number: 18
Accuracy Cross: [0.24489795918367346, 0.2653061224489796, 0.2653061224489796, 0.2585034013605442, 0.23809523809523808, 0.272108843537415, 0.25170068027210885, 0.2925170068027211, 0.2789115646258503, 0.2585034013605442, 0.24, 0.17333333333333334, 0.2733333333333333, 0.28, 0.29333333333333333]
 mean: 0.2590566893424036, std: 0.028267576242754326
F1 Score: [0.17374544435099523, 0.1811479302631982, 0.18437793681775466, 0.14283608490566038, 0.13489594610850475, 0.10695187165775401, 0.12306083126892375, 0.19532067664597785, 0.1624503518216093, 0.1244949494949495, 0.17099242846525456, 0.14046072974644402, 0.16120056908203187, 0.20928671328671328, 0.24980504312387522]
 mean: 0.1640685004693098, std: 0.03614593754080133
Accuracy Intime: [0.4, 0.25, 0.22413793103448276, 0.29310344827586204, 0.3103448275862069, 0.25, 0.31666666666666665, 0.3275862068965517, 0.27586206896551724, 0.3103448275862069, 0.26666666666666666, 0.25, 0.29310344827586204, 0.27586206896551724, 0.4482758620689655]
 mean: 0.299463601532567, std: 0.05707351506394134
F1 (Intime): [0.35042864788595335, 0.14732142857142858, 0.19186965108624093, 0.19178440607012037, 0.21595238095238095, 0.1, 0.1939655172413793, 0.268796992481203, 0.18643132928847217, 0.20207119482799904, 0.1095890410958904, 0.14673913043478262, 0.17501616031027795, 0.18161094224924013, 0.36300813008130084]
 mean: 0.20163899683844466, std: 0.07268851081047105
--------------------------------------------------
Subject Number: 19
Accuracy Cross: [0.25874125874125875, 0.26573426573426573, 0.25874125874125875, 0.34265734265734266, 0.25874125874125875, 0.2671232876712329, 0.2808219178082192, 0.273972602739726, 0.2534246575342466, 0.2465753424657534, 0.2191780821917808, 0.3219178082191781, 0.3150684931506849, 0.3698630136986301, 0.3150684931506849]
 mean: 0.2831752722163682, std: 0.03945601773280821
F1 Score: [0.10511363636363637, 0.14065811489124372, 0.10393258426966293, 0.23385170038743006, 0.11608643457382953, 0.11747237569060773, 0.18281469760900143, 0.1321480181668043, 0.18182036676520777, 0.15690559440559443, 0.16121469441436417, 0.195717280622941, 0.25325981784144214, 0.3091960242645174, 0.26173362051693044]
 mean: 0.17679499738554758, std: 0.06102234273976702
Accuracy Intime: [0.3, 0.39655172413793105, 0.29310344827586204, 0.3620689655172414, 0.41379310344827586, 0.27586206896551724, 0.3793103448275862, 0.3103448275862069, 0.42857142857142855, 0.375, 0.3103448275862069, 0.29310344827586204, 0.29310344827586204, 0.30357142857142855, 0.375]
 mean: 0.34064860426929394, std: 0.049235409291833475
F1 (Intime): [0.16594202898550725, 0.3332228116710875, 0.21751994389410012, 0.29357307439104674, 0.2781232334652346, 0.10810810810810811, 0.2682957393483709, 0.21237314597970336, 0.31052009456264773, 0.24827369742623978, 0.21102534781780063, 0.148989898989899, 0.14206349206349206, 0.21789005924950627, 0.28457653457653453]
 mean: 0.2293664807019519, std: 0.06454897581772676
--------------------------------------------------
Subject Number: 20
Accuracy Cross: [0.2847222222222222, 0.2916666666666667, 0.3055555555555556, 0.2152777777777778, 0.2916666666666667, 0.3146853146853147, 0.26573426573426573, 0.24475524475524477, 0.2517482517482518, 0.26573426573426573, 0.2635135135135135, 0.2702702702702703, 0.22972972972972974, 0.3108108108108108, 0.28378378378378377]
 mean: 0.27264362264362263, std: 0.028086143967499606
F1 Score: [0.2028311166486828, 0.23202493593534398, 0.21427478580171358, 0.15512122521484467, 0.18932701939714053, 0.24688097971680062, 0.17079736814857346, 0.1212245736593384, 0.1792778649921507, 0.10857142857142857, 0.1524081980643829, 0.11877076411960133, 0.15317551751883549, 0.2262417877196572, 0.18706293706293708]
 mean: 0.1771993668380954, std: 0.04125032765314806
Accuracy Intime: [0.3103448275862069, 0.3620689655172414, 0.3620689655172414, 0.32142857142857145, 0.2857142857142857, 0.27586206896551724, 0.25862068965517243, 0.3448275862068966, 0.3793103448275862, 0.30357142857142855, 0.3448275862068966, 0.3620689655172414, 0.43103448275862066, 0.3392857142857143, 0.3392857142857143]
 mean: 0.33468801313628904, std: 0.042546166806441105
F1 (Intime): [0.1894736842105263, 0.2857560568086884, 0.3111111111111111, 0.203125, 0.2114221724524076, 0.10810810810810811, 0.1786231884057971, 0.206984126984127, 0.30800116099071206, 0.2452225899434184, 0.2171875, 0.24107142857142858, 0.38053143093465674, 0.22783251231527094, 0.20791788856304982]
 mean: 0.23482453062662015, std: 0.06315589560080359
--------------------------------------------------
Subject Number: 21
Accuracy Cross: [0.3, 0.2733333333333333, 0.25333333333333335, 0.25333333333333335, 0.2733333333333333, 0.2653061224489796, 0.30612244897959184, 0.2925170068027211, 0.2585034013605442, 0.2585034013605442, 0.28378378378378377, 0.27702702702702703, 0.28378378378378377, 0.25675675675675674, 0.24324324324324326]
 mean: 0.27192535392535394, std: 0.017964906434005928
F1 Score: [0.23470871472158655, 0.17500818866688503, 0.1549206349206349, 0.22243828088418724, 0.27176683697691767, 0.12631044665928387, 0.23612866046273373, 0.18661266504207552, 0.22648797381049524, 0.21059924327640864, 0.17711084905660376, 0.1395561802538547, 0.24803520161816522, 0.16673314253237526, 0.11302048909451422]
 mean: 0.1926291671984481, std: 0.04588821815927328
Accuracy Intime: [0.2833333333333333, 0.3, 0.25862068965517243, 0.29310344827586204, 0.4482758620689655, 0.31666666666666665, 0.3, 0.3333333333333333, 0.3275862068965517, 0.3620689655172414, 0.2833333333333333, 0.4, 0.25862068965517243, 0.3275862068965517, 0.3448275862068966]
 mean: 0.3224904214559387, std: 0.049798938087781144
F1 (Intime): [0.20642268824113558, 0.16366366366366367, 0.20191729323308272, 0.2509931245225363, 0.378027950310559, 0.14967105263157893, 0.23413009404388713, 0.22417582417582418, 0.2861111111111111, 0.3382173382173382, 0.21279907084785132, 0.31401808785529717, 0.14650537634408603, 0.21750805585392052, 0.3185242696112261]
 mean: 0.2428456667108732, std: 0.0679729757061342
--------------------------------------------------
Subject Number: 22
Accuracy Cross: [0.2638888888888889, 0.2847222222222222, 0.22916666666666666, 0.2638888888888889, 0.2986111111111111, 0.28859060402684567, 0.2751677852348993, 0.2751677852348993, 0.348993288590604, 0.2953020134228188, 0.22929936305732485, 0.27388535031847133, 0.2356687898089172, 0.29936305732484075, 0.27388535031847133]
 mean: 0.275706744341058, std: 0.02977201927227848
F1 Score: [0.1794785523895485, 0.1974969474969475, 0.1352087114337568, 0.20856019358741681, 0.2342881448325685, 0.18111207897793263, 0.20101937536148062, 0.18398526077097505, 0.3258595942761602, 0.19361804685240527, 0.1955151130839146, 0.15391138435446258, 0.13071690214547357, 0.2090909090909091, 0.1790791634258059]
 mean: 0.19392935853865048, std: 0.04418283933134776
Accuracy Intime: [0.2833333333333333, 0.35, 0.35, 0.48333333333333334, 0.3275862068965517, 0.27586206896551724, 0.27586206896551724, 0.3275862068965517, 0.25862068965517243, 0.30357142857142855, 0.25862068965517243, 0.29310344827586204, 0.29310344827586204, 0.27586206896551724, 0.32142857142857145]
 mean: 0.31185823754789266, std: 0.05418554356075359
F1 (Intime): [0.18220551378446115, 0.2537784679089027, 0.23724053724053723, 0.38209706959706957, 0.22632850241545893, 0.10810810810810811, 0.15849673202614378, 0.206993006993007, 0.25011428944618597, 0.23374076903488666, 0.16309523809523807, 0.16635206321334506, 0.1460093896713615, 0.15408085430968727, 0.282103952692188]
 mean: 0.21004963296910542, std: 0.06585712500426123
--------------------------------------------------
Subject Number: 23
Accuracy Cross: [0.2569444444444444, 0.2638888888888889, 0.2569444444444444, 0.25, 0.2986111111111111, 0.27972027972027974, 0.2867132867132867, 0.2867132867132867, 0.2867132867132867, 0.2937062937062937, 0.23809523809523808, 0.2653061224489796, 0.25170068027210885, 0.23129251700680273, 0.21768707482993196]
 mean: 0.2642691303405589, std: 0.023392862546863267
F1 Score: [0.1382640309020677, 0.1262684649967887, 0.16041666666666665, 0.10285714285714286, 0.24416715599921707, 0.13115415657788537, 0.23131009912307526, 0.20986698431606113, 0.18796484110885733, 0.2043758741836364, 0.1332464720020942, 0.18250702785586506, 0.12268763213530655, 0.10601402041569302, 0.1547545037577365]
 mean: 0.16239033819320628, std: 0.04365460198143415
Accuracy Intime: [0.3103448275862069, 0.3448275862068966, 0.3448275862068966, 0.2857142857142857, 0.35714285714285715, 0.27586206896551724, 0.29310344827586204, 0.3448275862068966, 0.3103448275862069, 0.30357142857142855, 0.27586206896551724, 0.29310344827586204, 0.25862068965517243, 0.30357142857142855, 0.44642857142857145]
 mean: 0.31654351395730707, std: 0.04475572712341257
F1 (Intime): [0.20357142857142857, 0.22424242424242424, 0.22842105263157894, 0.16651785714285713, 0.29710504549214223, 0.10810810810810811, 0.2043402777777778, 0.2847437888198758, 0.20433673469387756, 0.2452991452991453, 0.18369453044375644, 0.24287883169462116, 0.179700977573318, 0.2380094043887147, 0.3431623931623931]
 mean: 0.22360880000280128, std: 0.05523887793445753
--------------------------------------------------
Subject Number: 24
Accuracy Cross: [0.22758620689655173, 0.2413793103448276, 0.22758620689655173, 0.2896551724137931, 0.2413793103448276, 0.3082191780821918, 0.2054794520547945, 0.2328767123287671, 0.3013698630136986, 0.19863013698630136, 0.2702702702702703, 0.22297297297297297, 0.2635135135135135, 0.25, 0.22972972972972974]
 mean: 0.2473765357232528, std: 0.03193744982467832
F1 Score: [0.18142207398423288, 0.1687833451040839, 0.13469159028139133, 0.2476760463030486, 0.19166839512025807, 0.21580982711555963, 0.09748923959827833, 0.15893416927899687, 0.2506186868686869, 0.0995475113122172, 0.2207984246330111, 0.12877237851662404, 0.18075774542739828, 0.14169254658385094, 0.13612686653547865]
 mean: 0.17031925644420778, std: 0.04702236520326337
Accuracy Intime: [0.3, 0.3103448275862069, 0.3448275862068966, 0.3620689655172414, 0.29310344827586204, 0.3103448275862069, 0.3103448275862069, 0.29310344827586204, 0.3275862068965517, 0.2413793103448276, 0.3275862068965517, 0.3103448275862069, 0.3103448275862069, 0.29310344827586204, 0.3275862068965517]
 mean: 0.3108045977011494, std: 0.02646774798091817
F1 (Intime): [0.23572709040108883, 0.202991452991453, 0.2700220831799779, 0.2567434210526316, 0.21465983110844794, 0.1829059829059829, 0.23435150375939848, 0.2748485677115702, 0.2908938887199757, 0.18796014859844645, 0.2515937279095174, 0.24238362011471254, 0.20361990950226244, 0.17030965391621128, 0.3078323637147167]
 mean: 0.2351228830390929, std: 0.03964917663688864
--------------------------------------------------
Subject Number: 25
Accuracy Cross: [0.3197278911564626, 0.32653061224489793, 0.30612244897959184, 0.2789115646258503, 0.272108843537415, 0.25, 0.2905405405405405, 0.2702702702702703, 0.2635135135135135, 0.2635135135135135, 0.2894736842105263, 0.27631578947368424, 0.25, 0.28289473684210525, 0.28289473684210525]
 mean: 0.2815212097166985, std: 0.021792952408972093
F1 Score: [0.25845489771496954, 0.23813657407407407, 0.22755461592670895, 0.2258837330552659, 0.20187489454824464, 0.13787878787878788, 0.2038088563184471, 0.12160326086956522, 0.14854802680565898, 0.11678354926898847, 0.15317192192192192, 0.15860734605087015, 0.15835042150831624, 0.12354152367879204, 0.13205842620736238]
 mean: 0.1737504557218649, std: 0.045944374262000626
Accuracy Intime: [0.31666666666666665, 0.26666666666666666, 0.26666666666666666, 0.27586206896551724, 0.3103448275862069, 0.26666666666666666, 0.3, 0.3103448275862069, 0.29310344827586204, 0.3793103448275862, 0.3, 0.3, 0.29310344827586204, 0.39655172413793105, 0.29310344827586204]
 mean: 0.30455938697318, std: 0.036378578958387114
F1 (Intime): [0.20833333333333331, 0.12916666666666668, 0.21469709627604364, 0.15458937198067632, 0.18810160427807487, 0.10526315789473684, 0.23460089816022017, 0.2012987012987013, 0.19388297872340426, 0.2672053116662624, 0.16469038208168643, 0.19507575757575757, 0.14839034205231388, 0.28020963704630786, 0.14752791068580542]
 mean: 0.1888688766479994, std: 0.047256328358476964
--------------------------------------------------
Subject Number: 26
Accuracy Cross: [0.2482758620689655, 0.23448275862068965, 0.2482758620689655, 0.2620689655172414, 0.2482758620689655, 0.2653061224489796, 0.2789115646258503, 0.2925170068027211, 0.30612244897959184, 0.272108843537415, 0.2080536912751678, 0.24161073825503357, 0.2684563758389262, 0.2214765100671141, 0.2348993288590604]
 mean: 0.2553894627356458, std: 0.025414143282920038
F1 Score: [0.20600946712958762, 0.17000156936597613, 0.1673159114465057, 0.10674157303370786, 0.1005586592178771, 0.11575924075924077, 0.18924539512774807, 0.14458814665996986, 0.19845191040843213, 0.14916405433646812, 0.15343100389525244, 0.14959221501390177, 0.13835790932251008, 0.17640485312899107, 0.18744798168955473]
 mean: 0.1568713260357149, std: 0.031391850325822715
Accuracy Intime: [0.2833333333333333, 0.35, 0.3448275862068966, 0.3448275862068966, 0.25862068965517243, 0.25862068965517243, 0.39655172413793105, 0.2413793103448276, 0.25862068965517243, 0.3103448275862069, 0.3103448275862069, 0.29310344827586204, 0.2413793103448276, 0.41379310344827586, 0.39655172413793105]
 mean: 0.31348659003831425, std: 0.05652900622508139
F1 (Intime): [0.19744667760459395, 0.27874713958810066, 0.2782104069698055, 0.25250626566416035, 0.10416666666666667, 0.10273972602739725, 0.36984126984126986, 0.1, 0.22224344283167813, 0.18190298507462688, 0.2534138655462185, 0.1963718904554514, 0.09722222222222222, 0.27976190476190477, 0.3165351725542095]
 mean: 0.21540730905388702, std: 0.08294754630773445
--------------------------------------------------
Subject Number: 27
Accuracy Cross: [0.2569444444444444, 0.2708333333333333, 0.3055555555555556, 0.2916666666666667, 0.2916666666666667, 0.272108843537415, 0.2585034013605442, 0.24489795918367346, 0.30612244897959184, 0.2789115646258503, 0.3219178082191781, 0.3287671232876712, 0.3219178082191781, 0.3356164383561644, 0.3424657534246575]
 mean: 0.2951930543907061, std: 0.029895542714528253
F1 Score: [0.17577626210719735, 0.1387684649967887, 0.20812109031886783, 0.1877120378460497, 0.18345764302948964, 0.13068181818181818, 0.1745720510426393, 0.17573808345703446, 0.2119322418877038, 0.20402145124796098, 0.24134615384615382, 0.22499140666842532, 0.2122584541062802, 0.2680673616680032, 0.2595423839663471]
 mean: 0.1997991269580507, std: 0.03802426290095982
Accuracy Intime: [0.3333333333333333, 0.22413793103448276, 0.46551724137931033, 0.3448275862068966, 0.41379310344827586, 0.3793103448275862, 0.29310344827586204, 0.3448275862068966, 0.3448275862068966, 0.30357142857142855, 0.27586206896551724, 0.3275862068965517, 0.3793103448275862, 0.3275862068965517, 0.4107142857142857]
 mean: 0.34455391351943077, std: 0.058003810812048
F1 (Intime): [0.21607142857142858, 0.10317460317460317, 0.3673423423423423, 0.27128178120412805, 0.31842105263157894, 0.2720588235294118, 0.19242424242424241, 0.26949620427881293, 0.21818181818181817, 0.22056594975811622, 0.15849673202614378, 0.212241653418124, 0.30259603841536614, 0.2251293847038528, 0.3274536229586174]
 mean: 0.24499571184123914, std: 0.06657311688485625
--------------------------------------------------
Subject Number: 28
Accuracy Cross: [0.38461538461538464, 0.3076923076923077, 0.3776223776223776, 0.27972027972027974, 0.3986013986013986, 0.2808219178082192, 0.273972602739726, 0.3082191780821918, 0.3082191780821918, 0.3698630136986301, 0.17763157894736842, 0.17763157894736842, 0.19078947368421054, 0.16447368421052633, 0.19078947368421054]
 mean: 0.27937756187575946, std: 0.0796780576240136
F1 Score: [0.3881172839506173, 0.27197850412136126, 0.3593755973213031, 0.2823918067231129, 0.3990456537118282, 0.1940880503144654, 0.26042906986403785, 0.3057571250327558, 0.28431811411575747, 0.34569759079467816, 0.07584269662921349, 0.09502866238226881, 0.08055555555555556, 0.09056122448979592, 0.09115168539325842]
 mean: 0.23495590802666733, std: 0.11598355278043815
Accuracy Intime: [0.43333333333333335, 0.27586206896551724, 0.4482758620689655, 0.29310344827586204, 0.3448275862068966, 0.3448275862068966, 0.2413793103448276, 0.3448275862068966, 0.375, 0.2857142857142857, 0.46551724137931033, 0.3103448275862069, 0.3448275862068966, 0.32142857142857145, 0.32142857142857145]
 mean: 0.3433798576902026, std: 0.062124277175910625
F1 (Intime): [0.40525328330206384, 0.1706604324956166, 0.4360424924686856, 0.22209802947507865, 0.3357486263736264, 0.24644322248407088, 0.12348484848484848, 0.27464441154035985, 0.24308943089430896, 0.25, 0.43275074621498183, 0.2916069855487637, 0.25639311668723436, 0.2152777777777778, 0.27093397745571657]
 mean: 0.2782951587468755, std: 0.08741464960396259
--------------------------------------------------
Subject Number: 29
Accuracy Cross: [0.2727272727272727, 0.27972027972027974, 0.2727272727272727, 0.25874125874125875, 0.25874125874125875, 0.2482758620689655, 0.31724137931034485, 0.2689655172413793, 0.30344827586206896, 0.296551724137931, 0.2702702702702703, 0.27702702702702703, 0.2905405405405405, 0.2905405405405405, 0.27702702702702703]
 mean: 0.2788363671122292, std: 0.017631135253165345
F1 Score: [0.13585271317829456, 0.13115415657788537, 0.13590686274509806, 0.10393258426966293, 0.11481191222570533, 0.16323529411764706, 0.21749506254114548, 0.13229166666666667, 0.2162037037037037, 0.1711082592503848, 0.10695187165775401, 0.14118301660674543, 0.14355179704016913, 0.15001114081996436, 0.1214847394375583]
 mean: 0.14567831872255904, std: 0.03315880280714432
Accuracy Intime: [0.27586206896551724, 0.3103448275862069, 0.3103448275862069, 0.3103448275862069, 0.3620689655172414, 0.3103448275862069, 0.3275862068965517, 0.27586206896551724, 0.32142857142857145, 0.375, 0.3103448275862069, 0.3103448275862069, 0.29310344827586204, 0.35714285714285715, 0.32142857142857145]
 mean: 0.31810344827586207, std: 0.02752107164849036
F1 (Intime): [0.16786179921773142, 0.20089285714285715, 0.19892183288409704, 0.19182900432900435, 0.20938215102974828, 0.17149958574979288, 0.23722943722943723, 0.17528373266078184, 0.21875, 0.2782392323941141, 0.19971570717839374, 0.20572916666666669, 0.14213025780189958, 0.23823028927963696, 0.20632333767926989]
 mean: 0.2028012260828954, std: 0.03187203562274509
--------------------------------------------------
**************************************************
accuracy_cross_list: [0.2782463054187192, 0.28290185591212097, 0.2671107331821618, 0.275095785440613, 0.29729416960944055, 0.26764928193499615, 0.27455347435777966, 0.2903709015137587, 0.25038444921028086, 0.26763377073249534, 0.279062688357418, 0.261188557938676, 0.24878967372834532, 0.25936690114772304, 0.2532273570216414, 0.27675148925148924, 0.2951930543907061, 0.2590566893424036, 0.2831752722163682, 0.27264362264362263, 0.27192535392535394, 0.275706744341058, 0.2642691303405589, 0.2473765357232528, 0.2815212097166985, 0.2553894627356458, 0.2951930543907061, 0.27937756187575946, 0.2788363671122292]
f1_score_list: [0.17054007839719873, 0.15460313110758542, 0.17136430668466332, 0.17491397221267777, 0.20990175972927627, 0.17226649827823418, 0.18337629571290912, 0.18858912848019424, 0.16042876600909645, 0.17783554185829564, 0.15864562472873533, 0.1888311268278645, 0.1873063650715804, 0.18792075215253057, 0.18318284821800299, 0.1927282260985135, 0.1997991269580507, 0.1640685004693098, 0.17679499738554758, 0.1771993668380954, 0.1926291671984481, 0.19392935853865048, 0.16239033819320628, 0.17031925644420778, 0.1737504557218649, 0.1568713260357149, 0.1997991269580507, 0.23495590802666733, 0.14567831872255904]
accuracy_intime_list: [0.31215782864870084, 0.33444170771756976, 0.32713191023535854, 0.3068965517241379, 0.32049808429118776, 0.315112205801861, 0.301992337164751, 0.32252873563218387, 0.31831964969896004, 0.3130651340996169, 0.31885057471264366, 0.3093185550082102, 0.2809578544061303, 0.30467432950191575, 0.3015188834154351, 0.3185139573070608, 0.34455391351943077, 0.299463601532567, 0.34064860426929394, 0.33468801313628904, 0.3224904214559387, 0.31185823754789266, 0.31654351395730707, 0.3108045977011494, 0.30455938697318, 0.31348659003831425, 0.34455391351943077, 0.3433798576902026, 0.31810344827586207]
f1_score_intime_list: [0.18783042579519713, 0.21263528307699728, 0.2064623142135724, 0.209014690178196, 0.2305957136847785, 0.2207032050447799, 0.20110784488932926, 0.2162353805677329, 0.22395156658896453, 0.22127566173952165, 0.21999803816859226, 0.20750303366480333, 0.20701320605023046, 0.2469976236949096, 0.22928260066953074, 0.2183601881279264, 0.24499571184123914, 0.20163899683844466, 0.2293664807019519, 0.23482453062662015, 0.2428456667108732, 0.21004963296910542, 0.22360880000280128, 0.2351228830390929, 0.1888688766479994, 0.21540730905388702, 0.24499571184123914, 0.2782951587468755, 0.2028012260828954]
**************************************************
ACC: 27.20±1.37
F1: 17.97±1.83
Intime: 31.76±1.46
F1 (Intime): 22.11±1.90
