1e-04
Subject Number: 1
Accuracy Cross: [0.5, 0.5, 0.5, 0.5, 0.47435897435897434, 0.4375, 0.3958333333333333, 0.4375, 0.4375, 0.4583333333333333, 0.5104166666666666, 0.6666666666666666, 0.5104166666666666, 0.5104166666666666, 0.6145833333333334]
 mean: 0.4969017094017094, std: 0.06635845365432416
F1 Score: [0.3548250265111347, 0.3333333333333333, 0.3333333333333333, 0.3333333333333333, 0.3217391304347826, 0.3329902213072568, 0.3623453962437013, 0.3329902213072568, 0.3329902213072568, 0.3142857142857143, 0.3560724989296418, 0.6356736242884251, 0.3560724989296418, 0.3560724989296418, 0.6142065819485174]
 mean: 0.37801757562819804, std: 0.09787802028249247
Accuracy Intime: [0.75, 0.7105263157894737, 1.0, 0.9736842105263158, 1.0, 0.65625, 0.65625, 0.65625, 0.6, 0.3, 0.6875, 0.8125, 0.65625, 0.6333333333333333, 0.8666666666666667]
 mean: 0.7306140350877193, std: 0.17628509777676485
F1 (Intime): [0.7333333333333334, 0.7103257103257103, 1.0, 0.9735191637630662, 1.0, 0.46907993966817496, 0.5594493116395495, 0.46907993966817496, 0.375, 0.23076923076923078, 0.6135265700483092, 0.8095238095238095, 0.46907993966817496, 0.45990180032733224, 0.8564593301435407]
 mean: 0.6486032052585604, std: 0.23431247323503432
--------------------------------------------------
Subject Number: 2
Accuracy Cross: [0.631578947368421, 0.6710526315789473, 0.5131578947368421, 0.5263157894736842, 0.7763157894736842, 0.8846153846153846, 0.8974358974358975, 0.717948717948718, 0.9102564102564102, 0.5384615384615384, 0.90625, 0.7916666666666666, 0.84375, 0.8958333333333334, 0.65625]
 mean: 0.7440592667566351, std: 0.14209396079693112
F1 Score: [0.5737179487179487, 0.63113958454669, 0.36192421148173365, 0.3892857142857143, 0.7645343539274649, 0.8830584707646176, 0.896345514950166, 0.7085597826086957, 0.9095277547638774, 0.4135338345864662, 0.9054187192118226, 0.7822141560798548, 0.8398398398398399, 0.8946906537955244, 0.6422360248447205]
 mean: 0.7064017709603424, std: 0.19025067094725412
Accuracy Intime: [0.875, 1.0, 1.0, 1.0, 0.9666666666666667, 1.0, 1.0, 0.7, 1.0, 0.3, 0.84375, 1.0, 1.0, 1.0, 0.5666666666666667]
 mean: 0.8834722222222223, std: 0.20087261410845791
F1 (Intime): [0.8666666666666667, 1.0, 1.0, 1.0, 0.9589603283173734, 1.0, 1.0, 0.5581014729950899, 1.0, 0.23076923076923078, 0.8398398398398399, 1.0, 1.0, 1.0, 0.3617021276595745]
 mean: 0.8544026444165184, std: 0.2478640646770411
--------------------------------------------------
Subject Number: 3
Accuracy Cross: [0.5194805194805194, 0.5454545454545454, 0.4935064935064935, 0.5584415584415584, 0.5194805194805194, 0.48717948717948717, 0.5769230769230769, 0.48717948717948717, 0.44871794871794873, 0.48717948717948717, 0.47474747474747475, 0.43434343434343436, 0.47474747474747475, 0.41414141414141414, 0.43434343434343436]
 mean: 0.49039109039109047, std: 0.045611740047926015
F1 Score: [0.40310077519379844, 0.43536559815629583, 0.33043478260869563, 0.5577702702702703, 0.385063673645586, 0.383399209486166, 0.5606758832565284, 0.3483709273182958, 0.3285285285285285, 0.3275862068965517, 0.3379629629629629, 0.41715727502102606, 0.3219178082191781, 0.3409090909090909, 0.353544776119403]
 mean: 0.3887858512394918, std: 0.07497879187025545
Accuracy Intime: [0.625, 0.625, 0.625, 0.8333333333333334, 0.3333333333333333, 0.625, 0.625, 0.6666666666666666, 0.8333333333333334, 0.3333333333333333, 0.5, 0.625, 0.6666666666666666, 0.5666666666666667, 0.5333333333333333]
 mean: 0.6011111111111112, std: 0.13645195419073022
F1 (Intime): [0.38461538461538464, 0.38461538461538464, 0.38461538461538464, 0.8237367802585194, 0.25, 0.38461538461538464, 0.38461538461538464, 0.4, 0.8074454428754814, 0.25, 0.3333333333333333, 0.6, 0.6031746031746031, 0.5417156286721504, 0.34782608695652173]
 mean: 0.4586872532231688, std: 0.1729383271352584
--------------------------------------------------
Subject Number: 4
Accuracy Cross: [0.8441558441558441, 0.5454545454545454, 0.5714285714285714, 0.5194805194805194, 0.7922077922077922, 0.5714285714285714, 0.5844155844155844, 0.5974025974025974, 0.6363636363636364, 0.5974025974025974, 0.34375, 0.65625, 0.4479166666666667, 0.4479166666666667, 0.5520833333333334]
 mean: 0.5805104617604618, std: 0.12135650513648141
F1 Score: [0.8434959349593496, 0.4183034750701489, 0.4676304211187932, 0.36477146042363434, 0.7913279132791329, 0.4819571865443425, 0.5040257648953301, 0.5253529528733346, 0.5853846153846154, 0.5133537206931702, 0.33149110202277, 0.6562126966901791, 0.3924776119402985, 0.4142972257396109, 0.5295726495726496]
 mean: 0.5213103154138241, std: 0.14214779629200677
Accuracy Intime: [0.96875, 0.625, 0.6666666666666666, 0.6, 1.0, 0.90625, 0.96875, 0.8333333333333334, 1.0, 1.0, 0.875, 1.0, 0.9, 0.9666666666666667, 0.9666666666666667]
 mean: 0.8851388888888889, std: 0.13667654661668083
F1 (Intime): [0.9671794871794872, 0.38461538461538464, 0.4, 0.48863636363636365, 1.0, 0.9039039039039038, 0.9671794871794872, 0.8285714285714285, 1.0, 1.0, 0.875, 1.0, 0.899888765294772, 0.9666295884315907, 0.9663299663299663]
 mean: 0.8431956250094923, std: 0.21603208326002588
--------------------------------------------------
Subject Number: 5
Accuracy Cross: [0.6025641025641025, 0.6153846153846154, 0.5, 0.5641025641025641, 0.5256410256410257, 0.575, 0.4875, 0.5, 0.5875, 0.575, 0.5063291139240507, 0.5569620253164557, 0.4936708860759494, 0.6075949367088608, 0.5443037974683544]
 mean: 0.5494368711457319, std: 0.043101683387285795
F1 Score: [0.5647164716471647, 0.59375, 0.4319327731092437, 0.5495923913043479, 0.5217895608947805, 0.5615731785944552, 0.34804213873981316, 0.35431799838579503, 0.5569726464171841, 0.5248078266946191, 0.35772357723577236, 0.5380116959064327, 0.3305084745762712, 0.5807224790275638, 0.5272606382978724]
 mean: 0.4894481233887545, std: 0.09256190802194322
Accuracy Intime: [0.875, 0.71875, 0.59375, 0.625, 0.5, 0.6875, 0.5625, 0.6875, 0.7, 0.6666666666666666, 0.5625, 0.625, 0.625, 0.7333333333333333, 0.6333333333333333]
 mean: 0.6530555555555555, std: 0.08597502687940016
F1 (Intime): [0.8745098039215686, 0.716256157635468, 0.5901477832512315, 0.6235294117647059, 0.38440492476060195, 0.6666666666666667, 0.45893719806763283, 0.6825396825396826, 0.6914285714285715, 0.6651785714285714, 0.5151515151515151, 0.6190476190476191, 0.6, 0.7129186602870814, 0.6296296296296295]
 mean: 0.6286897463720363, std: 0.11213400995648432
--------------------------------------------------
Subject Number: 6
Accuracy Cross: [0.4473684210526316, 0.5131578947368421, 0.5131578947368421, 0.618421052631579, 0.5263157894736842, 0.34615384615384615, 0.47435897435897434, 0.5256410256410257, 0.46153846153846156, 0.2948717948717949, 0.07692307692307693, 0.23076923076923078, 0.10256410256410256, 0.24358974358974358, 0.2564102564102564]
 mean: 0.3754161043634727, std: 0.1608461798124216
F1 Score: [0.3968253968253968, 0.36192421148173365, 0.36192421148173365, 0.5983233096409696, 0.3892857142857143, 0.2712951089943213, 0.3217391304347826, 0.4222222222222222, 0.3352272727272727, 0.26779313876088073, 0.07448912326961107, 0.20516304347826086, 0.09722222222222221, 0.22824081838001006, 0.2439839572192513]
 mean: 0.3050439254282923, std: 0.12685944309138422
Accuracy Intime: [0.625, 1.0, 1.0, 0.5666666666666667, 0.5333333333333333, 0.71875, 1.0, 0.5333333333333333, 0.8, 0.7, 0.78125, 0.9666666666666667, 0.8, 0.8666666666666667, 0.9333333333333333]
 mean: 0.7883333333333334, std: 0.16577155465680274
F1 (Intime): [0.6, 1.0, 1.0, 0.466484268125855, 0.4034090909090909, 0.694591728525981, 1.0, 0.34782608695652173, 0.7963800904977376, 0.696969696969697, 0.7757757757757757, 0.9663299663299663, 0.8, 0.8660714285714286, 0.9321266968325792]
 mean: 0.7563976552996422, std: 0.21233236407073874
--------------------------------------------------
Subject Number: 7
Accuracy Cross: [0.6962025316455697, 0.6455696202531646, 0.4810126582278481, 0.5569620253164557, 0.5949367088607594, 0.717948717948718, 0.5384615384615384, 0.5, 0.6153846153846154, 0.6794871794871795, 0.6, 0.6375, 0.5125, 0.55, 0.6]
 mean: 0.5950643730390566, std: 0.06967461674298235
F1 Score: [0.6961538461538461, 0.6427648578811369, 0.3630285152409046, 0.45624385447394294, 0.5797872340425532, 0.711111111111111, 0.5059817030260381, 0.3333333333333333, 0.5486111111111112, 0.6427917200952555, 0.595959595959596, 0.6328532995727172, 0.5087387812942843, 0.5357833655705996, 0.6]
 mean: 0.556876155257762, std: 0.10668505210089915
Accuracy Intime: [0.90625, 0.71875, 0.75, 0.5, 0.6333333333333333, 0.5625, 0.78125, 1.0, 0.96875, 1.0, 0.65625, 0.5625, 0.5, 0.5666666666666667, 0.6666666666666666]
 mean: 0.7181944444444444, std: 0.17171935994595053
F1 (Intime): [0.9054187192118226, 0.716256157635468, 0.7333333333333334, 0.4857142857142857, 0.6122209165687427, 0.5625, 0.7793103448275862, 1.0, 0.9687194525904204, 1.0, 0.6267232237539766, 0.5151515151515151, 0.3333333333333333, 0.4993581514762516, 0.6031746031746031]
 mean: 0.6894142691180892, std: 0.19942193458661722
--------------------------------------------------
Subject Number: 8
Accuracy Cross: [0.5125, 0.5375, 0.5125, 0.5, 0.5, 0.9375, 0.675, 0.875, 0.975, 0.8875, 0.8974358974358975, 0.9102564102564102, 0.5769230769230769, 0.9230769230769231, 0.8846153846153846]
 mean: 0.7403205128205129, std: 0.1884945389445593
F1 Score: [0.33884297520661155, 0.39331830293092845, 0.33884297520661155, 0.3333333333333333, 0.3333333333333333, 0.9374902328488826, 0.636617749825297, 0.873015873015873, 0.9749843652282677, 0.8860579205570501, 0.896345514950166, 0.9098861198217527, 0.48468468468468473, 0.9230769230769231, 0.8845964162419858]
 mean: 0.6762951146841135, std: 0.2618871850142129
Accuracy Intime: [1.0, 0.96875, 1.0, 0.6333333333333333, 0.7666666666666667, 0.8125, 0.65625, 0.90625, 0.9, 1.0, 1.0, 1.0, 0.59375, 0.96875, 0.96875]
 mean: 0.8783333333333334, std: 0.14304436310045499
F1 (Intime): [1.0, 0.9687194525904204, 1.0, 0.5970695970695971, 0.7435897435897436, 0.8056680161943319, 0.6267232237539766, 0.906158357771261, 0.898989898989899, 1.0, 1.0, 1.0, 0.5134502923976608, 0.9687194525904204, 0.9687194525904204]
 mean: 0.8665204991691821, std: 0.16260858401096046
--------------------------------------------------
Subject Number: 9
Accuracy Cross: [0.631578947368421, 0.618421052631579, 0.6052631578947368, 0.6973684210526315, 0.5789473684210527, 0.5512820512820513, 0.5769230769230769, 0.5769230769230769, 0.7051282051282052, 0.5128205128205128, 0.7088607594936709, 0.7341772151898734, 0.6075949367088608, 0.7341772151898734, 0.5822784810126582]
 mean: 0.6281162985360188, std: 0.06819109188341599
F1 Score: [0.6144927536231883, 0.6178255592162303, 0.5691609977324263, 0.6814288317842172, 0.5323076923076924, 0.5340501792114696, 0.5768535262206148, 0.5366336633663367, 0.7027340513670257, 0.398538961038961, 0.6889231296010957, 0.719621429778604, 0.5599281221922732, 0.719621429778604, 0.5315363881401618]
 mean: 0.5989104476905934, std: 0.08776260195689108
Accuracy Intime: [0.65625, 0.59375, 1.0, 0.8666666666666667, 0.8, 0.84375, 0.7, 0.5333333333333333, 0.9666666666666667, 1.0, 0.5625, 0.5333333333333333, 1.0, 0.6333333333333333, 0.5666666666666667]
 mean: 0.7504166666666666, std: 0.17725922637011968
F1 (Intime): [0.6559139784946236, 0.5588547189819725, 1.0, 0.8660714285714286, 0.8, 0.8423645320197044, 0.6827262044653349, 0.34782608695652173, 0.9666295884315907, 1.0, 0.45893719806763283, 0.34782608695652173, 1.0, 0.6228571428571429, 0.3617021276595745]
 mean: 0.7007806062308032, std: 0.23771891014799404
--------------------------------------------------
Subject Number: 10
Accuracy Cross: [0.5064935064935064, 0.5454545454545454, 0.5454545454545454, 0.6233766233766234, 0.4935064935064935, 0.5128205128205128, 0.5256410256410257, 0.5128205128205128, 0.5128205128205128, 0.48717948717948717, 0.5357142857142857, 0.5119047619047619, 0.5833333333333334, 0.5119047619047619, 0.5952380952380952]
 mean: 0.5335775335775336, std: 0.03778466441441955
F1 Score: [0.39545454545454545, 0.4505606523955148, 0.4641081725989262, 0.5828507379039791, 0.42832667047401485, 0.398538961038961, 0.4222222222222222, 0.398538961038961, 0.398538961038961, 0.39814814814814814, 0.3905116279069767, 0.33858267716535434, 0.4957983193277311, 0.5101692504622386, 0.5943181818181817]
 mean: 0.44444453926631444, std: 0.07058510218779566
Accuracy Intime: [0.5625, 0.875, 0.5625, 0.9666666666666667, 0.5, 0.5625, 0.59375, 1.0, 0.5666666666666667, 0.7333333333333333, 1.0, 0.875, 0.5333333333333333, 0.9333333333333333, 0.5666666666666667]
 mean: 0.7220833333333333, std: 0.18831581776957085
F1 (Intime): [0.36, 0.8745098039215686, 0.5333333333333333, 0.9663299663299663, 0.38440492476060195, 0.36, 0.5588547189819725, 1.0, 0.4222222222222222, 0.7285067873303167, 1.0, 0.873015873015873, 0.34782608695652173, 0.9330357142857143, 0.4993581514762516]
 mean: 0.6560931721742894, std: 0.25264798738398186
--------------------------------------------------
Subject Number: 11
Accuracy Cross: [0.5394736842105263, 0.5526315789473685, 0.5131578947368421, 0.5263157894736842, 0.4868421052631579, 0.6794871794871795, 0.6538461538461539, 0.5128205128205128, 0.5512820512820513, 0.4358974358974359, 0.5647058823529412, 0.5411764705882353, 0.5411764705882353, 0.5647058823529412, 0.5764705882352941]
 mean: 0.5493326453388373, std: 0.057307058336234784
F1 Score: [0.47295423023578365, 0.48237179487179493, 0.38211382113821135, 0.4077922077922078, 0.412720427977016, 0.6729833976186483, 0.6468220694281401, 0.398538961038961, 0.45345345345345345, 0.4041666666666667, 0.42409815052188243, 0.37322745320476464, 0.37322745320476464, 0.42409815052188243, 0.501303780964798]
 mean: 0.4553248012425984, std: 0.08866139484546862
Accuracy Intime: [0.5, 0.96875, 1.0, 0.9666666666666667, 0.9666666666666667, 0.5, 0.7333333333333333, 1.0, 0.9333333333333333, 0.9333333333333333, 1.0, 0.9333333333333333, 1.0, 1.0, 1.0]
 mean: 0.8956944444444445, std: 0.16821583266156812
F1 (Intime): [0.3333333333333333, 0.9687194525904204, 1.0, 0.9663299663299663, 0.9666295884315907, 0.3333333333333333, 0.7, 1.0, 0.9321266968325792, 0.9333333333333333, 1.0, 0.9333333333333333, 1.0, 1.0, 1.0]
 mean: 0.8711426025011927, std: 0.22309143983129115
--------------------------------------------------
Subject Number: 12
Accuracy Cross: [0.40789473684210525, 0.4605263157894737, 0.5394736842105263, 0.34210526315789475, 0.3815789473684211, 0.4675324675324675, 0.37662337662337664, 0.4935064935064935, 0.5064935064935064, 0.4805194805194805, 0.5128205128205128, 0.5384615384615384, 0.47435897435897434, 0.5, 0.5128205128205128]
 mean: 0.46631438736701897, std: 0.05929499480342028
F1 Score: [0.40282870612886323, 0.45968441130570487, 0.5014058106841612, 0.34210526315789475, 0.2922528234594809, 0.4675324675324675, 0.3756756756756757, 0.4028633923245178, 0.5044037940379404, 0.4600280504908836, 0.5046791443850267, 0.5272727272727272, 0.3217391304347826, 0.4523852385238524, 0.47071428571428575]
 mean: 0.4323713947418844, std: 0.07013586724444315
Accuracy Intime: [0.65625, 0.65625, 0.5333333333333333, 0.5666666666666667, 0.5666666666666667, 0.53125, 0.5333333333333333, 0.5333333333333333, 0.6666666666666666, 0.5666666666666667, 0.6875, 0.7, 0.5333333333333333, 0.5333333333333333, 0.6333333333333333]
 mean: 0.5931944444444445, std: 0.06278392300306122
F1 (Intime): [0.6532019704433498, 0.6532019704433498, 0.34782608695652173, 0.5417156286721504, 0.3617021276595745, 0.4684385382059801, 0.34782608695652173, 0.34782608695652173, 0.6527777777777778, 0.3617021276595745, 0.6536796536796536, 0.6703296703296704, 0.34782608695652173, 0.34782608695652173, 0.6228571428571429]
 mean: 0.4919158028340555, std: 0.13995221920601256
--------------------------------------------------
Subject Number: 13
Accuracy Cross: [0.3026315789473684, 0.39473684210526316, 0.4605263157894737, 0.4868421052631579, 0.11842105263157894, 0.5316455696202531, 0.620253164556962, 0.5443037974683544, 0.5189873417721519, 0.5316455696202531, 0.012658227848101266, 0.0379746835443038, 0.02531645569620253, 0.012658227848101266, 0.012658227848101266]
 mean: 0.30741727737064184, std: 0.2325412891668462
F1 Score: [0.2449859418931584, 0.2830188679245283, 0.33518241945807553, 0.3274336283185841, 0.1145887671709268, 0.4251720747295969, 0.6018145161290323, 0.44798136645962733, 0.36398305084745763, 0.5313451980118646, 0.0125, 0.037820512820512825, 0.024691358024691357, 0.0125, 0.0125]
 mean: 0.2517011801192038, std: 0.19722502305895562
Accuracy Intime: [0.75, 0.6875, 0.96875, 0.6875, 0.8, 0.96875, 0.6333333333333333, 1.0, 1.0, 1.0, 0.96875, 0.9, 0.9666666666666667, 0.8333333333333334, 0.6333333333333333]
 mean: 0.8531944444444445, std: 0.13789897223405936
F1 (Intime): [0.75, 0.6761133603238867, 0.9687194525904204, 0.6536796536796536, 0.7991071428571428, 0.9687194525904204, 0.6122209165687427, 1.0, 1.0, 1.0, 0.9687194525904204, 0.898989898989899, 0.9666295884315907, 0.8316498316498316, 0.6228571428571429]
 mean: 0.8478270595419435, std: 0.14504077468298798
--------------------------------------------------
Subject Number: 14
Accuracy Cross: [0.5, 0.5, 0.5, 0.5, 0.5128205128205128, 0.6538461538461539, 0.5769230769230769, 0.6282051282051282, 0.6282051282051282, 0.5769230769230769, 0.6125, 0.575, 0.5875, 0.5625, 0.6625]
 mean: 0.5717948717948718, std: 0.05625707640490996
F1 Score: [0.3333333333333333, 0.3333333333333333, 0.3333333333333333, 0.3333333333333333, 0.36120689655172417, 0.6320111829460073, 0.5683380848566157, 0.6251864125932063, 0.6139272913466463, 0.5734879867439934, 0.6050326485109094, 0.5747342088805503, 0.5503321410321922, 0.550633927138501, 0.6620247222656861]
 mean: 0.5100165890799577, std: 0.12462863254477435
Accuracy Intime: [0.5, 0.65625, 0.78125, 0.7666666666666667, 0.6, 0.59375, 0.6875, 0.65625, 0.7666666666666667, 0.6, 0.78125, 0.75, 0.75, 0.8, 0.7333333333333333]
 mean: 0.6948611111111112, std: 0.08682566433753514
F1 (Intime): [0.3333333333333333, 0.6267232237539766, 0.7702564102564102, 0.76, 0.5833333333333333, 0.5134502923976608, 0.6875, 0.6101882613510521, 0.7532314923619272, 0.569377990430622, 0.7757757757757757, 0.7408906882591093, 0.7333333333333334, 0.7916666666666667, 0.7]
 mean: 0.6632707200835467, std: 0.12153797844439782
--------------------------------------------------
Subject Number: 15
Accuracy Cross: [0.4936708860759494, 0.4936708860759494, 0.5949367088607594, 0.4936708860759494, 0.569620253164557, 0.5584415584415584, 0.6363636363636364, 0.6623376623376623, 0.7922077922077922, 0.6623376623376623, 0.5256410256410257, 0.7435897435897436, 0.9358974358974359, 0.9743589743589743, 0.5128205128205128]
 mean: 0.6433043749499446, std: 0.15082476795385721
F1 Score: [0.35139573070607555, 0.3305084745762712, 0.575268817204301, 0.3700159489633174, 0.5535239361702128, 0.47302737520128824, 0.6127873563218391, 0.6292592592592592, 0.7904761904761906, 0.6292592592592592, 0.4222222222222222, 0.7373737373737375, 0.9356329427298233, 0.9743421052631579, 0.49660326086956524]
 mean: 0.5921131077731013, std: 0.192767362700933
Accuracy Intime: [0.90625, 0.75, 1.0, 0.7666666666666667, 0.9, 0.8125, 0.96875, 0.9375, 1.0, 0.9666666666666667, 0.53125, 0.75, 0.9, 0.8666666666666667, 0.5333333333333333]
 mean: 0.8393055555555555, std: 0.1454476381111043
F1 (Intime): [0.906158357771261, 0.7333333333333334, 1.0, 0.7435897435897436, 0.899888765294772, 0.8117647058823529, 0.9687194525904204, 0.9372549019607843, 1.0, 0.9666295884315907, 0.3469387755102041, 0.7408906882591093, 0.8971428571428571, 0.8660714285714286, 0.34782608695652173]
 mean: 0.8110805790196252, std: 0.20153792448296115
--------------------------------------------------
Subject Number: 16
Accuracy Cross: [0.5, 0.5, 0.4868421052631579, 0.5, 0.5, 0.34210526315789475, 0.3815789473684211, 0.4342105263157895, 0.3684210526315789, 0.18421052631578946, 0.5, 0.47368421052631576, 0.39473684210526316, 0.4868421052631579, 0.5657894736842105]
 mean: 0.4412280701754386, std: 0.09127023317171624
F1 Score: [0.3333333333333333, 0.3333333333333333, 0.3274336283185841, 0.3333333333333333, 0.3333333333333333, 0.3402777777777778, 0.3065424189477771, 0.30275229357798167, 0.31065759637188206, 0.18194444444444446, 0.3333333333333333, 0.32142857142857145, 0.39305555555555555, 0.4526315789473684, 0.5368421052631579]
 mean: 0.3426821758199845, std: 0.07448226439644598
Accuracy Intime: [0.5, 0.5333333333333333, 1.0, 0.6333333333333333, 0.7, 0.71875, 0.6, 0.5333333333333333, 0.7666666666666667, 1.0, 0.71875, 0.6666666666666666, 1.0, 1.0, 1.0]
 mean: 0.7580555555555556, std: 0.18541879940512912
F1 (Intime): [0.3333333333333333, 0.34782608695652173, 1.0, 0.5485636114911081, 0.6534017971758665, 0.694591728525981, 0.48863636363636365, 0.34782608695652173, 0.76, 1.0, 0.7046153846153846, 0.6411483253588517, 1.0, 1.0, 1.0]
 mean: 0.701329514536662, std: 0.24621994100114017
--------------------------------------------------
Subject Number: 17
Accuracy Cross: [0.6973684210526315, 0.5, 0.7763157894736842, 0.5, 0.881578947368421, 0.782051282051282, 0.7948717948717948, 0.6538461538461539, 0.782051282051282, 0.7435897435897436, 0.9487179487179487, 0.9358974358974359, 0.8205128205128205, 0.9358974358974359, 0.9358974358974359]
 mean: 0.7792397660818715, std: 0.14010479799888534
F1 Score: [0.6668572517629121, 0.3333333333333333, 0.7645343539274649, 0.3333333333333333, 0.8798946444249341, 0.7736815156169995, 0.7914438502673797, 0.6267942583732058, 0.7736815156169995, 0.7323266986959506, 0.948582729070534, 0.9356329427298233, 0.8145380434782609, 0.9356329427298233, 0.9356329427298233]
 mean: 0.7497266904060519, std: 0.1891256960308519
Accuracy Intime: [0.9375, 0.90625, 1.0, 0.5666666666666667, 1.0, 1.0, 0.9333333333333333, 0.9666666666666667, 0.9, 0.9666666666666667, 0.96875, 0.9333333333333333, 0.9333333333333333, 0.9666666666666667, 0.9666666666666667]
 mean: 0.9297222222222223, std: 0.10169986555704483
F1 (Intime): [0.9372549019607843, 0.9054187192118226, 1.0, 0.4993581514762516, 1.0, 1.0, 0.9321266968325792, 0.9666295884315907, 0.8971428571428571, 0.9663299663299663, 0.9687194525904204, 0.9321266968325792, 0.9333333333333333, 0.9663299663299663, 0.9663299663299663]
 mean: 0.9247400197868078, std: 0.11784015572936402
--------------------------------------------------
Subject Number: 18
Accuracy Cross: [0.8076923076923077, 0.46153846153846156, 0.5128205128205128, 0.46153846153846156, 0.46153846153846156, 0.5569620253164557, 0.6835443037974683, 0.5316455696202531, 0.5949367088607594, 0.45569620253164556, 0.8536585365853658, 0.5121951219512195, 0.8658536585365854, 0.524390243902439, 0.6097560975609756]
 mean: 0.5929177782527582, std: 0.13913896789106672
F1 Score: [0.8061309030654515, 0.46153846153846156, 0.398538961038961, 0.46118421052631575, 0.3352272727272727, 0.47000191681042747, 0.6662159878316715, 0.4088978766430738, 0.5948717948717949, 0.43241436925647453, 0.8514492753623188, 0.5110316040548598, 0.863395426321369, 0.5237527922561429, 0.606006006006006]
 mean: 0.5593771238873734, std: 0.1631264421485014
Accuracy Intime: [0.96875, 0.6875, 0.59375, 0.53125, 0.5, 1.0, 0.9375, 0.5, 0.5333333333333333, 0.5333333333333333, 0.96875, 0.625, 0.96875, 0.5, 0.7666666666666667]
 mean: 0.7076388888888889, std: 0.1979490714212704
F1 (Intime): [0.9684729064039409, 0.6536796536796536, 0.5134502923976608, 0.4909862142099682, 0.3333333333333333, 1.0, 0.9372549019607843, 0.3333333333333333, 0.34782608695652173, 0.34782608695652173, 0.9687194525904204, 0.625, 0.9687194525904204, 0.38440492476060195, 0.7643097643097643]
 mean: 0.6424877602321949, std: 0.2607820238332291
--------------------------------------------------
Subject Number: 19
Accuracy Cross: [0.5394736842105263, 0.6447368421052632, 0.5131578947368421, 0.6052631578947368, 0.5131578947368421, 0.32051282051282054, 0.4230769230769231, 0.47435897435897434, 0.2948717948717949, 0.28205128205128205, 0.5256410256410257, 0.38461538461538464, 0.3974358974358974, 0.48717948717948717, 0.4358974358974359]
 mean: 0.45609536662168243, std: 0.1039720251958976
F1 Score: [0.5296198054818745, 0.6303368762385155, 0.38211382113821135, 0.602787456445993, 0.36192421148173365, 0.31499585749792874, 0.4222222222222222, 0.4028011204481793, 0.2919623700280574, 0.28205128205128205, 0.5249382716049382, 0.3780730897009967, 0.3802197802197802, 0.4858272907053395, 0.41111873713109126]
 mean: 0.4267328128264095, std: 0.10305730782524919
Accuracy Intime: [0.5, 0.65625, 0.78125, 0.5333333333333333, 0.5333333333333333, 0.625, 0.8, 0.8333333333333334, 0.8333333333333334, 0.7666666666666667, 0.5, 0.5, 0.7, 0.6333333333333333, 0.6666666666666666]
 mean: 0.6574999999999999, std: 0.12059795081484902
F1 (Intime): [0.3333333333333333, 0.6559139784946236, 0.7702564102564102, 0.34782608695652173, 0.4444444444444444, 0.611336032388664, 0.7963800904977376, 0.8331479421579533, 0.8285714285714285, 0.7643097643097643, 0.3333333333333333, 0.4857142857142857, 0.6827262044653349, 0.5485636114911081, 0.6527777777777778]
 mean: 0.605908981612848, std: 0.17497267656665988
--------------------------------------------------
Subject Number: 20
Accuracy Cross: [0.4868421052631579, 0.6973684210526315, 0.4868421052631579, 0.7105263157894737, 0.5394736842105263, 0.5263157894736842, 0.4605263157894737, 0.4868421052631579, 0.5, 0.5657894736842105, 0.4936708860759494, 0.5316455696202531, 0.4936708860759494, 0.5063291139240507, 0.5189873417721519]
 mean: 0.5336553408838552, std: 0.07137881930807162
F1 Score: [0.3993920972644377, 0.690893015030946, 0.36761254533816945, 0.703125, 0.5296198054818745, 0.4519230769230769, 0.3153153153153153, 0.3487145682267634, 0.3333333333333333, 0.5527019796682717, 0.3305084745762712, 0.4088978766430738, 0.3305084745762712, 0.35772357723577236, 0.38382594417077176]
 mean: 0.43360633891895667, std: 0.12368227602383601
Accuracy Intime: [0.5, 0.5333333333333333, 0.5333333333333333, 0.5333333333333333, 0.6666666666666666, 0.75, 0.7333333333333333, 0.8, 0.7333333333333333, 0.9, 0.8125, 0.9, 0.7333333333333333, 0.9333333333333333, 0.9]
 mean: 0.7308333333333332, std: 0.14448023060971713
F1 (Intime): [0.3333333333333333, 0.34782608695652173, 0.34782608695652173, 0.34782608695652173, 0.6411483253588517, 0.7333333333333334, 0.7222222222222222, 0.7916666666666667, 0.7222222222222222, 0.8971428571428571, 0.8056680161943319, 0.898989898989899, 0.7222222222222222, 0.9330357142857143, 0.899888765294772]
 mean: 0.6762901225423993, std: 0.21547459764664578
--------------------------------------------------
Subject Number: 21
Accuracy Cross: [0.5, 0.47560975609756095, 0.4634146341463415, 0.43902439024390244, 0.4878048780487805, 0.47435897435897434, 0.44871794871794873, 0.5, 0.5384615384615384, 0.44871794871794873, 0.5189873417721519, 0.4936708860759494, 0.6329113924050633, 0.5063291139240507, 0.5189873417721519]
 mean: 0.49646640964949085, std: 0.04580819916549752
F1 Score: [0.44876209214625346, 0.35879250772867793, 0.3804945054945055, 0.3225574712643678, 0.4202020202020202, 0.3900438680144955, 0.43753144390407517, 0.3333333333333333, 0.470188679245283, 0.4479012345679012, 0.46545584045584043, 0.3700159489633174, 0.6291079812206573, 0.4903225806451613, 0.43143939393939396]
 mean: 0.42640992674168554, std: 0.07320892729433615
Accuracy Intime: [0.6875, 0.5, 0.5, 0.8333333333333334, 0.5, 0.625, 0.6875, 0.53125, 0.5625, 0.6, 0.5625, 0.53125, 0.59375, 0.5333333333333333, 0.5333333333333333]
 mean: 0.5854166666666667, std: 0.08883896167285563
F1 (Intime): [0.6862745098039216, 0.3333333333333333, 0.3333333333333333, 0.8237367802585194, 0.38440492476060195, 0.536231884057971, 0.6875, 0.3992490613266583, 0.5333333333333333, 0.5833333333333333, 0.36, 0.5076923076923077, 0.5588547189819725, 0.34782608695652173, 0.34782608695652173]
 mean: 0.4948619796085552, std: 0.14880359311395938
--------------------------------------------------
Subject Number: 22
Accuracy Cross: [0.5844155844155844, 0.6883116883116883, 0.5844155844155844, 0.5974025974025974, 0.4675324675324675, 0.620253164556962, 0.4936708860759494, 0.5063291139240507, 0.5063291139240507, 0.4936708860759494, 0.45348837209302323, 0.36046511627906974, 0.023255813953488372, 0.6046511627906976, 0.5348837209302325]
 mean: 0.5012716848454263, std: 0.1496526090788669
F1 Score: [0.5680224403927069, 0.6681034482758621, 0.5826558265582655, 0.5792349726775956, 0.3563710499490316, 0.6201923076923077, 0.3305084745762712, 0.37694641051567235, 0.4852130325814536, 0.3700159489633174, 0.312, 0.26495726495726496, 0.023255813953488372, 0.5820468839336763, 0.47973381730187536]
 mean: 0.4399505128219193, std: 0.16592828316254327
Accuracy Intime: [0.6875, 0.90625, 0.75, 0.71875, 0.5333333333333333, 0.59375, 1.0, 1.0, 0.6, 0.6333333333333333, 1.0, 1.0, 1.0, 0.5333333333333333, 0.6666666666666666]
 mean: 0.774861111111111, std: 0.1814541740604239
F1 (Intime): [0.6862745098039216, 0.906158357771261, 0.7333333333333334, 0.7117117117117118, 0.34782608695652173, 0.4793491864831039, 1.0, 1.0, 0.5833333333333333, 0.6296296296296295, 1.0, 1.0, 1.0, 0.34782608695652173, 0.6651785714285714]
 mean: 0.7393747204938605, std: 0.2290848092214117
--------------------------------------------------
Subject Number: 23
Accuracy Cross: [0.5921052631578947, 0.5131578947368421, 0.5526315789473685, 0.5, 0.47368421052631576, 0.5789473684210527, 0.6842105263157895, 0.7631578947368421, 0.6842105263157895, 0.6052631578947368, 0.5641025641025641, 0.32051282051282054, 0.6282051282051282, 0.44871794871794873, 0.46153846153846156]
 mean: 0.558029689608637, std: 0.10736543619609863
F1 Score: [0.575571969014592, 0.36192421148173365, 0.4406926406926407, 0.3333333333333333, 0.34199134199134196, 0.5231372549019608, 0.6695652173913043, 0.7625, 0.683991683991684, 0.5691609977324263, 0.47588932806324113, 0.26741095162147793, 0.5775910364145658, 0.44644330747648125, 0.4236453201970443]
 mean: 0.4968565729535885, std: 0.13835161719875275
Accuracy Intime: [0.9375, 0.8333333333333334, 0.9666666666666667, 0.7, 0.9, 0.96875, 1.0, 1.0, 0.7, 1.0, 0.9375, 1.0, 1.0, 0.8333333333333334, 0.6333333333333333]
 mean: 0.8940277777777778, std: 0.12150404530175678
F1 (Intime): [0.9375, 0.8316498316498316, 0.9663299663299663, 0.6827262044653349, 0.898989898989899, 0.9687194525904204, 1.0, 1.0, 0.6827262044653349, 1.0, 0.9372549019607843, 1.0, 1.0, 0.8331479421579533, 0.6329254727474972]
 mean: 0.8914646583571348, std: 0.12535549329217094
--------------------------------------------------
Subject Number: 24
Accuracy Cross: [0.4675324675324675, 0.45454545454545453, 0.5584415584415584, 0.5064935064935064, 0.5714285714285714, 0.5512820512820513, 0.5128205128205128, 0.5384615384615384, 0.6923076923076923, 0.41025641025641024, 0.5125, 0.5, 0.5, 0.4125, 0.425]
 mean: 0.5075713175713176, std: 0.07003197865298842
F1 Score: [0.39901008947268224, 0.34903381642512077, 0.4590909090909091, 0.48120567375886525, 0.5567765567765568, 0.5384615384615385, 0.47853624208304013, 0.4135338345864662, 0.6820652173913043, 0.39595959595959596, 0.5062509890805508, 0.45909398242055444, 0.3333333333333333, 0.38471608574701355, 0.4191919191919192]
 mean: 0.4570839855852966, std: 0.08691465370068537
Accuracy Intime: [0.5, 0.5, 0.5, 0.6333333333333333, 0.6333333333333333, 0.53125, 0.65625, 0.6666666666666666, 0.9666666666666667, 0.6666666666666666, 0.59375, 0.625, 1.0, 0.7, 0.6]
 mean: 0.6515277777777777, std: 0.14474887790349528
F1 (Intime): [0.3333333333333333, 0.3333333333333333, 0.3333333333333333, 0.576379974326059, 0.6296296296296295, 0.530791788856305, 0.6532019704433498, 0.6527777777777778, 0.9666295884315907, 0.6651785714285714, 0.5901477832512315, 0.5844155844155844, 1.0, 0.6534017971758665, 0.5927601809954751]
 mean: 0.606354309782096, std: 0.18734617218290023
--------------------------------------------------
Subject Number: 25
Accuracy Cross: [0.4230769230769231, 0.44871794871794873, 0.3974358974358974, 0.47435897435897434, 0.47435897435897434, 0.7088607594936709, 0.5443037974683544, 0.5569620253164557, 0.7341772151898734, 0.5443037974683544, 0.4634146341463415, 0.6219512195121951, 0.5365853658536586, 0.5609756097560976, 0.6219512195121951]
 mean: 0.5407622907777276, std: 0.09564837546140986
F1 Score: [0.2972972972972973, 0.30973451327433627, 0.28440366972477066, 0.35975975975975977, 0.3217391304347826, 0.6792586054721976, 0.5272606382978724, 0.4408493427704752, 0.7118290776446066, 0.5442307692307693, 0.42179487179487174, 0.5954162024510584, 0.4649725274725275, 0.5607142857142857, 0.5759799833194329]
 mean: 0.4730160449772696, std: 0.1350069833365958
Accuracy Intime: [0.5625, 0.53125, 0.5, 0.59375, 0.4666666666666667, 1.0, 0.625, 0.9375, 0.8333333333333334, 0.6666666666666666, 0.65625, 1.0, 0.875, 0.5333333333333333, 0.9]
 mean: 0.7120833333333334, std: 0.1847815276562107
F1 (Intime): [0.4166666666666667, 0.3992490613266583, 0.3333333333333333, 0.5733333333333333, 0.3181818181818182, 1.0, 0.5844155844155844, 0.9372549019607843, 0.8285714285714285, 0.6527777777777778, 0.6532019704433498, 1.0, 0.8745098039215686, 0.4444444444444444, 0.898989898989899]
 mean: 0.6609953348911098, std: 0.23806749806165173
--------------------------------------------------
Subject Number: 26
Accuracy Cross: [0.4805194805194805, 0.6623376623376623, 0.4935064935064935, 0.5844155844155844, 0.45454545454545453, 0.6329113924050633, 0.5189873417721519, 0.5189873417721519, 0.5189873417721519, 0.5443037974683544, 0.5641025641025641, 0.782051282051282, 0.5512820512820513, 0.6538461538461539, 0.6153846153846154]
 mean: 0.5717445704787477, std: 0.08276150975570727
F1 Score: [0.39465408805031443, 0.6352040816326531, 0.3518238722210231, 0.5843454790823213, 0.3125, 0.560858731071497, 0.3416666666666667, 0.3416666666666667, 0.3416666666666667, 0.3974576271186441, 0.5334271639690359, 0.7817283950617284, 0.4381559991767853, 0.6405529953917051, 0.606060606060606]
 mean: 0.48411793592242086, std: 0.14013443018542204
Accuracy Intime: [0.96875, 1.0, 0.9375, 1.0, 0.9666666666666667, 0.90625, 0.84375, 0.9, 0.8, 0.9666666666666667, 0.59375, 0.84375, 0.9333333333333333, 0.9333333333333333, 0.9333333333333333]
 mean: 0.9018055555555556, std: 0.0994861411652428
F1 (Intime): [0.9687194525904204, 1.0, 0.9372549019607843, 1.0, 0.9663299663299663, 0.9054187192118226, 0.8423645320197044, 0.899888765294772, 0.7991071428571428, 0.9663299663299663, 0.5835835835835836, 0.8435972629521017, 0.9333333333333333, 0.9333333333333333, 0.9333333333333333]
 mean: 0.9008396195420176, std: 0.10167385330126952
--------------------------------------------------
Subject Number: 27
Accuracy Cross: [0.6973684210526315, 0.5, 0.7763157894736842, 0.5, 0.881578947368421, 0.782051282051282, 0.7948717948717948, 0.6538461538461539, 0.782051282051282, 0.7435897435897436, 0.9487179487179487, 0.9358974358974359, 0.8205128205128205, 0.9358974358974359, 0.9358974358974359]
 mean: 0.7792397660818715, std: 0.14010479799888534
F1 Score: [0.6668572517629121, 0.3333333333333333, 0.7645343539274649, 0.3333333333333333, 0.8798946444249341, 0.7736815156169995, 0.7914438502673797, 0.6267942583732058, 0.7736815156169995, 0.7323266986959506, 0.948582729070534, 0.9356329427298233, 0.8145380434782609, 0.9356329427298233, 0.9356329427298233]
 mean: 0.7497266904060519, std: 0.1891256960308519
Accuracy Intime: [0.9375, 0.90625, 1.0, 0.5666666666666667, 1.0, 1.0, 0.9333333333333333, 0.9666666666666667, 0.9, 0.9666666666666667, 0.96875, 0.9333333333333333, 0.9333333333333333, 0.9666666666666667, 0.9666666666666667]
 mean: 0.9297222222222223, std: 0.10169986555704483
F1 (Intime): [0.9372549019607843, 0.9054187192118226, 1.0, 0.4993581514762516, 1.0, 1.0, 0.9321266968325792, 0.9666295884315907, 0.8971428571428571, 0.9663299663299663, 0.9687194525904204, 0.9321266968325792, 0.9333333333333333, 0.9663299663299663, 0.9663299663299663]
 mean: 0.9247400197868078, std: 0.11784015572936402
--------------------------------------------------
Subject Number: 28
Accuracy Cross: [0.5394736842105263, 0.6842105263157895, 0.5789473684210527, 0.618421052631579, 0.5657894736842105, 0.6410256410256411, 0.5256410256410257, 0.717948717948718, 0.6794871794871795, 0.6025641025641025, 0.47560975609756095, 0.47560975609756095, 0.47560975609756095, 0.47560975609756095, 0.47560975609756095]
 mean: 0.5687705034945088, std: 0.08282199588001843
F1 Score: [0.4155130740496594, 0.683991683991684, 0.5763066202090592, 0.6183549783549783, 0.5620743844944998, 0.6350267379679144, 0.3879109225874867, 0.717948717948718, 0.6592696138388957, 0.5972013993003498, 0.32231404958677684, 0.32231404958677684, 0.32231404958677684, 0.32231404958677684, 0.32231404958677684]
 mean: 0.497677892045142, std: 0.149570086077922
Accuracy Intime: [1.0, 0.5625, 0.75, 0.6666666666666666, 0.6333333333333333, 0.5, 0.5333333333333333, 0.7333333333333333, 0.6666666666666666, 0.8333333333333334, 0.71875, 0.6, 0.9666666666666667, 0.7666666666666667, 0.8333333333333334]
 mean: 0.7176388888888889, std: 0.14230425693987472
F1 (Intime): [1.0, 0.5333333333333333, 0.7333333333333334, 0.6031746031746031, 0.6122209165687427, 0.3333333333333333, 0.34782608695652173, 0.7129186602870814, 0.6411483253588517, 0.8316498316498316, 0.718475073313783, 0.569377990430622, 0.9663299663299663, 0.7643097643097643, 0.8237367802585194]
 mean: 0.6794111999092193, std: 0.18562064500931091
--------------------------------------------------
Subject Number: 29
Accuracy Cross: [0.7894736842105263, 0.7763157894736842, 0.8421052631578947, 0.75, 0.75, 0.8589743589743589, 0.8589743589743589, 0.9230769230769231, 0.8717948717948718, 0.8846153846153846, 0.759493670886076, 0.6075949367088608, 0.569620253164557, 0.7721518987341772, 0.7088607594936709]
 mean: 0.7815368102176897, std: 0.09576588828143735
F1 Score: [0.7871148459383753, 0.771529619805482, 0.8416666666666667, 0.7424647761726413, 0.7464442493415276, 0.8587654320987654, 0.8578293289146645, 0.9230263157894737, 0.8717105263157895, 0.883678541839271, 0.7538133508282762, 0.5512186182884369, 0.4786490683229814, 0.7636303191489362, 0.6964076858813701]
 mean: 0.7685299563568438, std: 0.11760364822744336
Accuracy Intime: [0.90625, 1.0, 0.96875, 0.9, 0.9, 0.90625, 0.9333333333333333, 0.9666666666666667, 0.7333333333333333, 0.7666666666666667, 1.0, 1.0, 0.6, 0.9, 0.9666666666666667]
 mean: 0.8965277777777777, std: 0.10959908702422304
F1 (Intime): [0.906158357771261, 1.0, 0.9687194525904204, 0.898989898989899, 0.8971428571428571, 0.906158357771261, 0.9321266968325792, 0.9663299663299663, 0.7333333333333333, 0.7664071190211346, 1.0, 1.0, 0.48863636363636365, 0.8971428571428571, 0.9657142857142857]
 mean: 0.8884573030850812, std: 0.13099925860777312
--------------------------------------------------
**************************************************
accuracy_cross_list: [0.4969017094017094, 0.7440592667566351, 0.49039109039109047, 0.5805104617604618, 0.5494368711457319, 0.3754161043634727, 0.5950643730390566, 0.7403205128205129, 0.6281162985360188, 0.5335775335775336, 0.5493326453388373, 0.46631438736701897, 0.30741727737064184, 0.5717948717948718, 0.6433043749499446, 0.4412280701754386, 0.7792397660818715, 0.5929177782527582, 0.45609536662168243, 0.5336553408838552, 0.49646640964949085, 0.5012716848454263, 0.558029689608637, 0.5075713175713176, 0.5407622907777276, 0.5717445704787477, 0.7792397660818715, 0.5687705034945088, 0.7815368102176897]
f1_score_list: [0.37801757562819804, 0.7064017709603424, 0.3887858512394918, 0.5213103154138241, 0.4894481233887545, 0.3050439254282923, 0.556876155257762, 0.6762951146841135, 0.5989104476905934, 0.44444453926631444, 0.4553248012425984, 0.4323713947418844, 0.2517011801192038, 0.5100165890799577, 0.5921131077731013, 0.3426821758199845, 0.7497266904060519, 0.5593771238873734, 0.4267328128264095, 0.43360633891895667, 0.42640992674168554, 0.4399505128219193, 0.4968565729535885, 0.4570839855852966, 0.4730160449772696, 0.48411793592242086, 0.7497266904060519, 0.497677892045142, 0.7685299563568438]
accuracy_intime_list: [0.7306140350877193, 0.8834722222222223, 0.6011111111111112, 0.8851388888888889, 0.6530555555555555, 0.7883333333333334, 0.7181944444444444, 0.8783333333333334, 0.7504166666666666, 0.7220833333333333, 0.8956944444444445, 0.5931944444444445, 0.8531944444444445, 0.6948611111111112, 0.8393055555555555, 0.7580555555555556, 0.9297222222222223, 0.7076388888888889, 0.6574999999999999, 0.7308333333333332, 0.5854166666666667, 0.774861111111111, 0.8940277777777778, 0.6515277777777777, 0.7120833333333334, 0.9018055555555556, 0.9297222222222223, 0.7176388888888889, 0.8965277777777777]
f1_score_intime_list: [0.6486032052585604, 0.8544026444165184, 0.4586872532231688, 0.8431956250094923, 0.6286897463720363, 0.7563976552996422, 0.6894142691180892, 0.8665204991691821, 0.7007806062308032, 0.6560931721742894, 0.8711426025011927, 0.4919158028340555, 0.8478270595419435, 0.6632707200835467, 0.8110805790196252, 0.701329514536662, 0.9247400197868078, 0.6424877602321949, 0.605908981612848, 0.6762901225423993, 0.4948619796085552, 0.7393747204938605, 0.8914646583571348, 0.606354309782096, 0.6609953348911098, 0.9008396195420176, 0.9247400197868078, 0.6794111999092193, 0.8884573030850812]
**************************************************
ACC: 56.48±11.42
F1: 50.39±12.85
Intime: 77.02±10.57
F1 (Intime): 72.85±13.24
