1e-04
Subject Number: 1
Accuracy Cross: [0.4, 0.4068965517241379, 0.4689655172413793, 0.3793103448275862, 0.38620689655172413, 0.3485714285714286, 0.2742857142857143, 0.3485714285714286, 0.29714285714285715, 0.26285714285714284, 0.4425287356321839, 0.3505747126436782, 0.47126436781609193, 0.23563218390804597, 0.4482758620689655]
 mean: 0.368072249589491, std: 0.07270512628288892
F1 Score: [0.3208329351807613, 0.3608068458783924, 0.45448980408213213, 0.32034213960402025, 0.3073647576641589, 0.29005032432006483, 0.24373714520773346, 0.3184325451681462, 0.22728545963840083, 0.2281017990013473, 0.41660184945121426, 0.3267426573492477, 0.46606833211622556, 0.19416253235547884, 0.4067324604260309]
 mean: 0.32545010582955697, std: 0.08053788597361379
Accuracy Intime: [0.7571428571428571, 0.9857142857142858, 0.9285714285714286, 0.9857142857142858, 0.8088235294117647, 0.7586206896551724, 0.46551724137931033, 0.6551724137931034, 0.6379310344827587, 0.3448275862068966, 0.7931034482758621, 0.8620689655172413, 0.9137931034482759, 0.8275862068965517, 0.9310344827586207]
 mean: 0.7770414372645611, std: 0.17931585762048527
F1 (Intime): [0.727874677002584, 0.9867595818815331, 0.9292857142857143, 0.9868329868329868, 0.797953216374269, 0.617730953257269, 0.3797846889952153, 0.5197492163009405, 0.607376283846872, 0.3163650075414781, 0.7689767941315929, 0.8374199322475184, 0.8760683760683761, 0.8520204183622475, 0.9226099669463514]
 mean: 0.7417871876049966, std: 0.20430603092116764
--------------------------------------------------
Subject Number: 2
Accuracy Cross: [0.3819444444444444, 0.3611111111111111, 0.4027777777777778, 0.5, 0.5208333333333334, 0.5655172413793104, 0.6482758620689655, 0.3586206896551724, 0.42758620689655175, 0.7034482758620689, 0.6011560693641619, 0.7109826589595376, 0.41040462427745666, 0.8265895953757225, 0.49710982658959535]
 mean: 0.5277571811396807, std: 0.13997630712184694
F1 Score: [0.3675277201366618, 0.3804984011039036, 0.36528614070300036, 0.4832945107966678, 0.5618004433538414, 0.5445016873083577, 0.6126738729679906, 0.3299419629220611, 0.4051519198788659, 0.6914424623762752, 0.5798480854555621, 0.6774122807017544, 0.35524475524475524, 0.8283826701747334, 0.4710338355029009]
 mean: 0.5102693832418221, std: 0.1435768945849884
Accuracy Intime: [1.0, 0.9310344827586207, 0.9655172413793104, 0.9137931034482759, 0.7758620689655172, 0.9310344827586207, 0.7586206896551724, 0.6206896551724138, 0.8620689655172413, 0.8035714285714286, 0.8793103448275862, 0.9827586206896551, 0.6896551724137931, 0.9310344827586207, 0.6607142857142857]
 mean: 0.8470443349753694, std: 0.11782391568170941
F1 (Intime): [1.0, 0.9272727272727272, 0.9659996534996536, 0.9092603049124788, 0.6316477768090671, 0.9277167277167278, 0.7423148148148148, 0.5170883361921098, 0.8379548379548379, 0.7803970223325062, 0.8806397306397307, 0.9807407407407407, 0.6110649219201851, 0.9297526068775168, 0.6353530950305144]
 mean: 0.8184802197809072, std: 0.15038296139467525
--------------------------------------------------
Subject Number: 3
Accuracy Cross: [0.24305555555555555, 0.2708333333333333, 0.2847222222222222, 0.3125, 0.2638888888888889, 0.35374149659863946, 0.24489795918367346, 0.22448979591836735, 0.35374149659863946, 0.32653061224489793, 0.23163841807909605, 0.2542372881355932, 0.2994350282485876, 0.327683615819209, 0.2768361581920904]
 mean: 0.2845487912679196, std: 0.04122695915288844
F1 Score: [0.16422811059907835, 0.2595465937571201, 0.20657958393807452, 0.3075660001423184, 0.22061507936507935, 0.31182804537234915, 0.21807342977156607, 0.23305708383039359, 0.28218303435694736, 0.2965438486715441, 0.21631985602671813, 0.25214025301470255, 0.27617474637020833, 0.3331542771538493, 0.2660745573472445]
 mean: 0.25627229998114626, std: 0.04490635225485015
Accuracy Intime: [0.7666666666666667, 0.43333333333333335, 0.8793103448275862, 0.29310344827586204, 0.3448275862068966, 0.3448275862068966, 0.3793103448275862, 0.6206896551724138, 0.29310344827586204, 0.3392857142857143, 0.46551724137931033, 0.43103448275862066, 0.5517241379310345, 0.3275862068965517, 0.375]
 mean: 0.4563546798029557, std: 0.17001191701938437
F1 (Intime): [0.794401438736414, 0.3337342417500927, 0.8832706766917293, 0.29357318337828087, 0.19471624266144813, 0.1282051282051282, 0.18928571428571428, 0.5817738791423002, 0.11333333333333333, 0.12666666666666668, 0.4325304259634889, 0.4283325616093019, 0.527360228804004, 0.2617984693877551, 0.36415912518853694]
 mean: 0.3768760877202796, std: 0.22885380596329355
--------------------------------------------------
Subject Number: 4
Accuracy Cross: [0.36551724137931035, 0.3103448275862069, 0.4206896551724138, 0.4206896551724138, 0.4482758620689655, 0.43448275862068964, 0.38620689655172413, 0.3793103448275862, 0.23448275862068965, 0.35172413793103446, 0.3045977011494253, 0.3218390804597701, 0.3103448275862069, 0.29310344827586204, 0.40804597701149425]
 mean: 0.3593103448275862, std: 0.059918471936165195
F1 Score: [0.3440180381875402, 0.26249479322503244, 0.358207654414551, 0.4055374751952896, 0.43876992027077866, 0.4015175420891197, 0.33826681448632673, 0.2990296803652968, 0.24083107497741643, 0.3605875795134107, 0.32405694998521145, 0.3362259578979252, 0.3606299940051408, 0.3278247448514671, 0.4051179793951478]
 mean: 0.34687441325731033, std: 0.05196372255388806
Accuracy Intime: [0.6724137931034483, 0.6379310344827587, 0.46551724137931033, 0.3275862068965517, 0.5517241379310345, 0.7586206896551724, 0.8620689655172413, 0.5172413793103449, 0.7758620689655172, 0.4827586206896552, 0.603448275862069, 0.6724137931034483, 0.6379310344827587, 0.5344827586206896, 0.3103448275862069]
 mean: 0.5873563218390804, std: 0.1503683766575911
F1 (Intime): [0.6556020733652312, 0.6219053934571176, 0.3680897646414888, 0.27921195652173914, 0.5464681212652815, 0.6244755911517925, 0.8283609854198088, 0.5043432444748234, 0.7631292006292006, 0.4603174603174603, 0.6123768472906403, 0.6765884238310709, 0.6501536098310292, 0.5128309905197777, 0.22129262262089588]
 mean: 0.5550097523558238, std: 0.1633676870951113
--------------------------------------------------
Subject Number: 5
Accuracy Cross: [0.2, 0.4413793103448276, 0.4068965517241379, 0.2827586206896552, 0.36551724137931035, 0.4189189189189189, 0.20270270270270271, 0.22972972972972974, 0.47297297297297297, 0.4189189189189189, 0.2108843537414966, 0.2108843537414966, 0.32653061224489793, 0.3401360544217687, 0.2925170068027211]
 mean: 0.3213831565555703, std: 0.09309775386132195
F1 Score: [0.0838150289017341, 0.44969403190319035, 0.31939024390243903, 0.21463585434173665, 0.3692063613426103, 0.34901170457156494, 0.09505226480836236, 0.14136271529888553, 0.43953919295989563, 0.41045754556863434, 0.11810875512995896, 0.10820527280417314, 0.29676271726432796, 0.29297993620211543, 0.23565319638432844]
 mean: 0.2615916547589304, std: 0.12510855272800628
Accuracy Intime: [0.55, 0.9833333333333333, 1.0, 0.8793103448275862, 0.3448275862068966, 0.5862068965517241, 0.5172413793103449, 0.5517241379310345, 0.7758620689655172, 0.43103448275862066, 0.5, 0.603448275862069, 0.46551724137931033, 0.4482758620689655, 0.4482758620689655]
 mean: 0.6056704980842913, std: 0.19917729086033575
F1 (Intime): [0.5112179487179488, 0.9819354838709677, 1.0, 0.8765185963461826, 0.2296511627906977, 0.5890151515151515, 0.4923687423687424, 0.5448529411764705, 0.781547619047619, 0.41927281973048564, 0.48658006130491904, 0.613113038277512, 0.4446741854636591, 0.3545727545727546, 0.364259977827051]
 mean: 0.5793053655340107, std: 0.2242456958255558
--------------------------------------------------
Subject Number: 6
Accuracy Cross: [0.2847222222222222, 0.4861111111111111, 0.4583333333333333, 0.3888888888888889, 0.3819444444444444, 0.23129251700680273, 0.21768707482993196, 0.20408163265306123, 0.17687074829931973, 0.3333333333333333, 0.23129251700680273, 0.21768707482993196, 0.1360544217687075, 0.19047619047619047, 0.12244897959183673]
 mean: 0.2707482993197278, std: 0.10972204526619712
F1 Score: [0.2735872698091832, 0.42373834779813563, 0.44330917302256545, 0.3241730761148237, 0.3418162483673974, 0.1821253298478384, 0.13431525381210915, 0.12621951219512195, 0.10943223443223443, 0.28354072398190044, 0.22249670619235837, 0.23950074253064513, 0.17672357404500263, 0.23487427240517952, 0.1603264112662609]
 mean: 0.24507859172138374, std: 0.10012673025798428
Accuracy Intime: [0.8666666666666667, 0.9666666666666667, 0.7413793103448276, 0.8793103448275862, 0.7931034482758621, 0.8103448275862069, 0.4482758620689655, 0.7068965517241379, 0.8448275862068966, 0.32142857142857145, 0.8103448275862069, 0.8793103448275862, 0.8275862068965517, 0.7241379310344828, 0.7321428571428571]
 mean: 0.7568281335522714, std: 0.1622923702855205
F1 (Intime): [0.860416843175464, 0.9663600363006353, 0.7110071301247772, 0.8715821812596007, 0.7005199101973296, 0.7966692789968652, 0.4135839598997494, 0.696628392919953, 0.8438244514106583, 0.1806020066889632, 0.8116707366707366, 0.8796934865900383, 0.8091299019607843, 0.6702750791786769, 0.6133033633033633]
 mean: 0.7216844505785062, std: 0.19426946972916367
--------------------------------------------------
Subject Number: 7
Accuracy Cross: [0.38095238095238093, 0.5510204081632653, 0.564625850340136, 0.3673469387755102, 0.3945578231292517, 0.4041095890410959, 0.5821917808219178, 0.410958904109589, 0.3904109589041096, 0.410958904109589, 0.30612244897959184, 0.3197278911564626, 0.3673469387755102, 0.3945578231292517, 0.3741496598639456]
 mean: 0.4146025533501072, std: 0.08113056625747626
F1 Score: [0.38940554975037733, 0.5358946768782834, 0.5506444429954921, 0.3859778338945005, 0.3894016697588126, 0.4029085282761753, 0.5657951490713587, 0.2825070571630205, 0.3601249290309629, 0.41214673480200004, 0.2405429461504228, 0.28180643798443317, 0.33595588235294116, 0.3229555022542472, 0.35978210846785613]
 mean: 0.38772329658872556, std: 0.0943085140919528
Accuracy Intime: [0.4, 0.7758620689655172, 0.7413793103448276, 0.29310344827586204, 0.27586206896551724, 0.48333333333333334, 0.7333333333333333, 0.7241379310344828, 0.41379310344827586, 0.3793103448275862, 0.5333333333333333, 0.4827586206896552, 0.5172413793103449, 0.29310344827586204, 0.3103448275862069]
 mean: 0.4904597701149426, std: 0.17194595530892842
F1 (Intime): [0.3532075471698113, 0.7800251831501832, 0.7481915933528837, 0.13900080580177276, 0.10810810810810811, 0.4324901185770751, 0.7161986031870942, 0.6395118230358505, 0.2677845528455285, 0.38499813177232534, 0.4837768440709618, 0.47507122507122507, 0.4786869321753043, 0.14292237442922373, 0.1653076352853966]
 mean: 0.42101876520218295, std: 0.22070569233343942
--------------------------------------------------
Subject Number: 8
Accuracy Cross: [0.35333333333333333, 0.36666666666666664, 0.4266666666666667, 0.36, 0.36666666666666664, 0.4864864864864865, 0.25675675675675674, 0.4797297297297297, 0.6351351351351351, 0.4594594594594595, 0.30612244897959184, 0.2653061224489796, 0.38095238095238093, 0.3401360544217687, 0.3333333333333333]
 mean: 0.38778341606913025, std: 0.09416232392168196
F1 Score: [0.3037774761565084, 0.2978144921182896, 0.3630194805194805, 0.28589213334436264, 0.3066121534528874, 0.466403162055336, 0.2465355999138214, 0.39491634914378315, 0.6175111319711922, 0.44976147401520533, 0.19277295285359802, 0.10483870967741936, 0.31438551468491593, 0.3319438535101497, 0.3325628661431159]
 mean: 0.3339164899706709, std: 0.11594567018256437
Accuracy Intime: [0.2833333333333333, 0.7833333333333333, 0.9137931034482759, 0.5689655172413793, 0.6206896551724138, 0.5666666666666667, 0.36666666666666664, 0.5517241379310345, 0.603448275862069, 0.4827586206896552, 0.7, 0.7333333333333333, 0.7166666666666667, 0.43103448275862066, 0.3275862068965517]
 mean: 0.5766666666666667, std: 0.17153631113494805
F1 (Intime): [0.11038961038961038, 0.7761995898838003, 0.9087196168790097, 0.48901098901098905, 0.5495787995787995, 0.5253968253968254, 0.3418803418803419, 0.47999338624338617, 0.573015873015873, 0.45809749791098425, 0.6266372141372142, 0.6810924369747899, 0.6797385620915033, 0.35973921911421913, 0.28916124770856977]
 mean: 0.5232434140143944, std: 0.1945947694126468
--------------------------------------------------
Subject Number: 9
Accuracy Cross: [0.4755244755244755, 0.3776223776223776, 0.4405594405594406, 0.3916083916083916, 0.40559440559440557, 0.3561643835616438, 0.3904109589041096, 0.3767123287671233, 0.4589041095890411, 0.3698630136986301, 0.29931972789115646, 0.3129251700680272, 0.42857142857142855, 0.32653061224489793, 0.3877551020408163]
 mean: 0.3865377284163977, std: 0.04915913926543886
F1 Score: [0.45697872255249306, 0.3982352817625322, 0.45634971174337946, 0.40563513867085293, 0.3819749866123098, 0.38719194913004784, 0.384012981621948, 0.4056964044359002, 0.4915907508852637, 0.3749293563579278, 0.31472304753820035, 0.2681319537160659, 0.4248183705241308, 0.30973266499582286, 0.3900467884063816]
 mean: 0.3900032072635504, std: 0.05673131393548384
Accuracy Intime: [0.5833333333333334, 0.5344827586206896, 0.5172413793103449, 0.43103448275862066, 0.43103448275862066, 0.6206896551724138, 0.6206896551724138, 0.7068965517241379, 0.6071428571428571, 0.5535714285714286, 0.5862068965517241, 0.5, 0.4827586206896552, 0.4642857142857143, 0.3392857142857143]
 mean: 0.5319102353585112, std: 0.09084435525561865
F1 (Intime): [0.6025641025641025, 0.5323028420854508, 0.47648868380575693, 0.36899594320486817, 0.40221306471306467, 0.6171182266009853, 0.6196506352087114, 0.7057237117720989, 0.5471177944862156, 0.48894194041252864, 0.5629604341736695, 0.5046013675777741, 0.46388888888888885, 0.4553156987939596, 0.2583333333333333]
 mean: 0.5070811111747606, std: 0.10846630763923917
--------------------------------------------------
Subject Number: 10
Accuracy Cross: [0.33793103448275863, 0.4068965517241379, 0.2620689655172414, 0.4068965517241379, 0.5517241379310345, 0.4178082191780822, 0.3972602739726027, 0.273972602739726, 0.3835616438356164, 0.3013698630136986, 0.23376623376623376, 0.2532467532467532, 0.22727272727272727, 0.2857142857142857, 0.2987012987012987]
 mean: 0.33587940952135564, std: 0.08673881233450322
F1 Score: [0.3224146023059067, 0.36463621741860947, 0.1710580117556862, 0.4205898166987935, 0.5626906250114696, 0.35190465465465465, 0.3157393483709273, 0.19494047619047622, 0.34357685103026714, 0.2318660022148394, 0.15166487647690655, 0.1853022983457766, 0.1426197779725387, 0.2169015388175402, 0.25468355415302546]
 mean: 0.2820392434278279, std: 0.11237513837815258
Accuracy Intime: [0.35, 0.6551724137931034, 0.27586206896551724, 0.43103448275862066, 0.5344827586206896, 0.6724137931034483, 0.7586206896551724, 0.6551724137931034, 0.4482758620689655, 0.3793103448275862, 0.603448275862069, 0.5344827586206896, 0.4827586206896552, 0.6206896551724138, 0.3793103448275862]
 mean: 0.518735632183908, std: 0.13583007188807186
F1 (Intime): [0.23273273273273273, 0.6509646962233169, 0.10810810810810811, 0.45722222222222225, 0.560287751464222, 0.6367394424669967, 0.7677014652014652, 0.6468817204301075, 0.39164578111946535, 0.29305555555555557, 0.5682720057720058, 0.5108527392650425, 0.4494428639165481, 0.6093304843304843, 0.36975668010150764]
 mean: 0.48353294992731866, std: 0.17358042533799603
--------------------------------------------------
Subject Number: 11
Accuracy Cross: [0.2896551724137931, 0.2206896551724138, 0.2689655172413793, 0.25517241379310346, 0.25517241379310346, 0.1095890410958904, 0.0958904109589041, 0.04794520547945205, 0.0958904109589041, 0.10273972602739725, 0.10191082802547771, 0.3248407643312102, 0.31210191082802546, 0.2484076433121019, 0.2802547770700637]
 mean: 0.200615059366748, std: 0.09248218423748472
F1 Score: [0.2806238859180035, 0.2122690317812269, 0.2817085167085167, 0.20265462506841816, 0.18177304964539007, 0.12053236125693569, 0.10084802646278056, 0.034266133637921185, 0.11350542790835799, 0.11864143920595532, 0.0793135233095863, 0.232995008611902, 0.1571875, 0.18026275195392844, 0.17055251234192195]
 mean: 0.1644755862540563, std: 0.06889340134430098
Accuracy Intime: [0.8666666666666667, 0.8103448275862069, 0.7758620689655172, 0.8620689655172413, 0.9310344827586207, 0.7068965517241379, 0.8793103448275862, 0.8103448275862069, 0.9310344827586207, 0.8103448275862069, 0.603448275862069, 0.9137931034482759, 0.8620689655172413, 0.8103448275862069, 0.41379310344827586]
 mean: 0.7991570881226053, std: 0.13246012563881285
F1 (Intime): [0.8507947639083684, 0.7310506566604128, 0.684375, 0.8566174566174567, 0.9236428009441384, 0.6254317612212348, 0.8588835764288163, 0.7847857456553109, 0.9238576238576238, 0.7770979020979021, 0.5402432712215322, 0.9023624132634144, 0.8159722222222222, 0.79412403605952, 0.28022875816993464]
 mean: 0.7566311992218592, std: 0.16521198234501017
--------------------------------------------------
Subject Number: 12
Accuracy Cross: [0.34265734265734266, 0.34265734265734266, 0.3776223776223776, 0.3916083916083916, 0.36363636363636365, 0.46206896551724136, 0.3793103448275862, 0.4, 0.36551724137931035, 0.3931034482758621, 0.4589041095890411, 0.5136986301369864, 0.5068493150684932, 0.589041095890411, 0.3835616438356164]
 mean: 0.4180157741801578, std: 0.0697324294032051
F1 Score: [0.30533545401966455, 0.3545156212877168, 0.39191136732120335, 0.36544574907588606, 0.336438185398693, 0.476517453638772, 0.3947649572649573, 0.4095576987030262, 0.310125313283208, 0.4056506011383437, 0.4235329045027214, 0.5066142213462957, 0.5372962854284222, 0.6145261527246219, 0.4139705882352941]
 mean: 0.4164135035579218, std: 0.08300966084749896
Accuracy Intime: [0.5689655172413793, 0.5172413793103449, 0.603448275862069, 0.5, 0.43103448275862066, 0.5689655172413793, 0.5, 0.39655172413793105, 0.6964285714285714, 0.5, 0.6206896551724138, 0.5344827586206896, 0.43103448275862066, 0.48214285714285715, 0.2857142857142857]
 mean: 0.5091133004926108, std: 0.09662850696794216
F1 (Intime): [0.5910230179028133, 0.4984539270253556, 0.5893537768537769, 0.4505087505087505, 0.4435338345864662, 0.578125, 0.5265251989389921, 0.3376344086021505, 0.6899258703981344, 0.5337719298245615, 0.6387983664714133, 0.5262318840579709, 0.43745421245421245, 0.44256478815302347, 0.18333333333333335]
 mean: 0.497815886607397, std: 0.1210128521077858
--------------------------------------------------
Subject Number: 13
Accuracy Cross: [0.23448275862068965, 0.2, 0.2206896551724138, 0.20689655172413793, 0.23448275862068965, 0.436241610738255, 0.4228187919463087, 0.3624161073825503, 0.46308724832214765, 0.35570469798657717, 0.16891891891891891, 0.1891891891891892, 0.1891891891891892, 0.20945945945945946, 0.19594594594594594]
 mean: 0.2726348588810981, std: 0.10010603048470709
F1 Score: [0.1415895061728395, 0.08682634730538923, 0.12579816017316017, 0.09649744753261486, 0.14715517467306133, 0.4137046861184792, 0.3777046783625731, 0.33865080201367503, 0.41930985680985683, 0.2876046176046176, 0.12377136752136753, 0.12539503742972044, 0.11089261285909713, 0.14415733563020386, 0.15336743393009378]
 mean: 0.20616167094244997, std: 0.11874783901490298
Accuracy Intime: [0.8, 0.6666666666666666, 0.43333333333333335, 0.6896551724137931, 0.6379310344827587, 0.8275862068965517, 0.46551724137931033, 0.5172413793103449, 0.9482758620689655, 0.4827586206896552, 0.9310344827586207, 0.6206896551724138, 0.43103448275862066, 0.5172413793103449, 0.39655172413793105]
 mean: 0.624367816091954, std: 0.17726915615391578
F1 (Intime): [0.8113085511982571, 0.673582995951417, 0.3692982456140351, 0.6876436781609195, 0.6222667050691244, 0.8157087714312778, 0.41183166248955727, 0.48759700665188466, 0.9473314042279559, 0.4417355100970365, 0.9300921658986175, 0.5901315789473685, 0.4070210620133221, 0.4780562517404622, 0.37157593246619003]
 mean: 0.6030121014638283, std: 0.19406801207795757
--------------------------------------------------
Subject Number: 14
Accuracy Cross: [0.19863013698630136, 0.19863013698630136, 0.19863013698630136, 0.19863013698630136, 0.19863013698630136, 0.4520547945205479, 0.4383561643835616, 0.4931506849315068, 0.5068493150684932, 0.4863013698630137, 0.35135135135135137, 0.30405405405405406, 0.42567567567567566, 0.36486486486486486, 0.43243243243243246]
 mean: 0.34988275947180053, std: 0.11869108014950794
F1 Score: [0.08285714285714285, 0.08285714285714285, 0.08285714285714285, 0.08285714285714285, 0.08285714285714285, 0.43230003756319546, 0.4593339512038699, 0.5077403616230732, 0.5361973775017254, 0.4955597988150017, 0.337476396538159, 0.28349682439397467, 0.4614236399820736, 0.40007504288164664, 0.43982296747650734]
 mean: 0.31784747415099607, std: 0.17670248479116749
Accuracy Intime: [0.5833333333333334, 0.5344827586206896, 0.603448275862069, 0.46551724137931033, 0.6206896551724138, 0.38333333333333336, 0.39655172413793105, 0.43103448275862066, 0.3620689655172414, 0.29310344827586204, 0.7, 0.7413793103448276, 0.4827586206896552, 0.4827586206896552, 0.5689655172413793]
 mean: 0.5099616858237547, std: 0.12318451574918943
F1 (Intime): [0.5932867132867132, 0.5387623648493214, 0.5951282051282052, 0.4751152073732719, 0.642717993254537, 0.32058761417031834, 0.33480243161094225, 0.42110771058139485, 0.27231570512820513, 0.14037433155080214, 0.6868462823725981, 0.7465909090909091, 0.4717071935157041, 0.4646524064171123, 0.5452709359605912]
 mean: 0.48328440028604186, std: 0.15973782955555507
--------------------------------------------------
Subject Number: 15
Accuracy Cross: [0.2602739726027397, 0.4315068493150685, 0.2945205479452055, 0.3972602739726027, 0.4863013698630137, 0.4236111111111111, 0.25, 0.4791666666666667, 0.5555555555555556, 0.5416666666666666, 0.3931034482758621, 0.4, 0.4413793103448276, 0.42758620689655175, 0.33793103448275863]
 mean: 0.4079908675799087, std: 0.08873359686528992
F1 Score: [0.19907309165929857, 0.4228673169574422, 0.2361638261377322, 0.3852090567890841, 0.5151683548274018, 0.4611521104516105, 0.1845978644200627, 0.44053351999593976, 0.5483017787576523, 0.5703280237892165, 0.32198641765704583, 0.35608908059454636, 0.33593643198906353, 0.3632986527944511, 0.27748254231269975]
 mean: 0.3745458712755498, std: 0.11626472252208257
Accuracy Intime: [0.43103448275862066, 0.7068965517241379, 0.6896551724137931, 0.6724137931034483, 0.6071428571428571, 0.6724137931034483, 0.4827586206896552, 0.6551724137931034, 0.8275862068965517, 0.7586206896551724, 0.6724137931034483, 0.3793103448275862, 0.8793103448275862, 0.3275862068965517, 0.42857142857142855]
 mean: 0.6127257799671593, std: 0.16029725360916874
F1 (Intime): [0.3846153846153846, 0.7271805273833671, 0.6312114916640779, 0.6998834498834499, 0.5580948595654478, 0.6185185185185185, 0.4461685214626392, 0.6524216524216524, 0.8308911483253589, 0.7782105327468231, 0.6928846153846153, 0.2975925925925926, 0.8807268099547512, 0.22408026755852845, 0.4556562137049942]
 mean: 0.5918757723854802, std: 0.18746434103532503
--------------------------------------------------
Subject Number: 16
Accuracy Cross: [0.48951048951048953, 0.48951048951048953, 0.2517482517482518, 0.5454545454545454, 0.3776223776223776, 0.34265734265734266, 0.3006993006993007, 0.21678321678321677, 0.3076923076923077, 0.34265734265734266, 0.4583333333333333, 0.3055555555555556, 0.4236111111111111, 0.3333333333333333, 0.3194444444444444]
 mean: 0.3669742294742294, std: 0.09152043233493205
F1 Score: [0.3386602870813398, 0.3398062809353132, 0.16616444253120966, 0.45819014891179843, 0.30124633431085046, 0.27446236559139786, 0.29978216217653514, 0.1398562834224599, 0.31411666590850507, 0.30569736776633327, 0.42943829473821027, 0.1838333848850397, 0.36265958960133715, 0.3131879340569671, 0.31662742601834504]
 mean: 0.3029152645290428, std: 0.08447676186038326
Accuracy Intime: [0.7241379310344828, 0.8448275862068966, 0.43103448275862066, 0.8392857142857143, 0.75, 0.5344827586206896, 0.3620689655172414, 0.25862068965517243, 0.48214285714285715, 0.48214285714285715, 0.8103448275862069, 0.3448275862068966, 0.8103448275862069, 0.375, 0.5357142857142857]
 mean: 0.5723316912972085, std: 0.19761231085829956
F1 (Intime): [0.6719105884845595, 0.7861669551324724, 0.3493408662900188, 0.8000841750841751, 0.7330638424017032, 0.49622924238921756, 0.28787497905144965, 0.12777777777777777, 0.4181669394435352, 0.3487620103473762, 0.784503205128205, 0.24651274651274652, 0.7548741087344029, 0.26862745098039215, 0.47941176470588237]
 mean: 0.5035537768309276, std: 0.22443540834392384
--------------------------------------------------
Subject Number: 17
Accuracy Cross: [0.3888888888888889, 0.4513888888888889, 0.5208333333333334, 0.3263888888888889, 0.4236111111111111, 0.4897959183673469, 0.4897959183673469, 0.4965986394557823, 0.42857142857142855, 0.46938775510204084, 0.4589041095890411, 0.5958904109589042, 0.5273972602739726, 0.6027397260273972, 0.4794520547945205]
 mean: 0.4766429555079261, std: 0.06918894072048153
F1 Score: [0.36669076528267197, 0.42670934203713085, 0.5039251340651488, 0.30462995972799894, 0.4081544781879889, 0.4939033025130254, 0.49355137233658364, 0.4869659273020934, 0.4027516283308019, 0.4338301703481895, 0.4039482889514168, 0.5855908398400305, 0.5214466425986948, 0.6018723197788257, 0.45964688751365124]
 mean: 0.4595744705876168, std: 0.07674735124782202
Accuracy Intime: [0.6833333333333333, 0.7241379310344828, 0.8275862068965517, 0.6896551724137931, 0.6724137931034483, 0.7758620689655172, 0.6379310344827587, 0.6896551724137931, 0.7586206896551724, 0.3392857142857143, 0.6724137931034483, 0.8275862068965517, 0.7931034482758621, 0.6551724137931034, 0.6964285714285714]
 mean: 0.6962123700054736, std: 0.11218646535296639
F1 (Intime): [0.6799154656319291, 0.6876868044515103, 0.8126112382405288, 0.6772222222222223, 0.552063492063492, 0.7714764492753623, 0.6290322580645161, 0.6745417831624728, 0.7494307400379507, 0.24922360248447206, 0.6645934959349593, 0.8296066252587992, 0.7951561306340718, 0.6114421526186231, 0.6903139339421198]
 mean: 0.6716210929348686, std: 0.13541013703974175
--------------------------------------------------
Subject Number: 18
Accuracy Cross: [0.29931972789115646, 0.22448979591836735, 0.2925170068027211, 0.40816326530612246, 0.3197278911564626, 0.36054421768707484, 0.2857142857142857, 0.3469387755102041, 0.36054421768707484, 0.32653061224489793, 0.34, 0.37333333333333335, 0.4866666666666667, 0.34, 0.3466666666666667]
 mean: 0.34074376417233565, std: 0.05714795067821893
F1 Score: [0.2366602703294114, 0.12317474062314587, 0.23648590209306353, 0.41394400352733685, 0.28111598586833536, 0.3324686673103054, 0.22836206023289818, 0.3229198546201735, 0.36164588849661666, 0.3591269841269841, 0.3167998711139014, 0.3596919500145307, 0.47379639952103714, 0.32388763197586723, 0.3291062801932367]
 mean: 0.31327909933645626, std: 0.08143875038782541
Accuracy Intime: [0.45, 0.5166666666666667, 0.43103448275862066, 0.27586206896551724, 0.2413793103448276, 0.48333333333333334, 0.45, 0.3620689655172414, 0.29310344827586204, 0.3448275862068966, 0.48333333333333334, 0.5833333333333334, 0.6379310344827587, 0.3275862068965517, 0.43103448275862066]
 mean: 0.42076628352490425, std: 0.10951533423249336
F1 (Intime): [0.40360411899313503, 0.49200399800099953, 0.43007703081232496, 0.10810810810810811, 0.09722222222222222, 0.40350404312668464, 0.4268855900434848, 0.32099970422951785, 0.28210530305901976, 0.3503111471861472, 0.4375728802265534, 0.5655972317156528, 0.6138147112696424, 0.24501661129568109, 0.3812636165577342]
 mean: 0.37053908778979394, std: 0.14035776475043765
--------------------------------------------------
Subject Number: 19
Accuracy Cross: [0.46153846153846156, 0.5734265734265734, 0.5664335664335665, 0.5734265734265734, 0.5244755244755245, 0.3493150684931507, 0.3767123287671233, 0.3972602739726027, 0.5753424657534246, 0.4726027397260274, 0.2328767123287671, 0.2465753424657534, 0.2671232876712329, 0.273972602739726, 0.3493150684931507]
 mean: 0.41602643931411054, std: 0.12382634362405269
F1 Score: [0.4514248195771997, 0.5427346449037009, 0.5780701754385965, 0.5671911421911422, 0.5376085235519198, 0.37322269265305097, 0.3969244194653445, 0.39115475255302434, 0.54173018753781, 0.46312362363835224, 0.16173245614035087, 0.20758319694489907, 0.21858216970998925, 0.24096736596736598, 0.31813725490196076]
 mean: 0.3993458283449805, std: 0.1378856937490665
Accuracy Intime: [0.4666666666666667, 0.9655172413793104, 0.8103448275862069, 0.6896551724137931, 0.8103448275862069, 0.6724137931034483, 0.603448275862069, 0.6896551724137931, 0.9285714285714286, 0.8214285714285714, 0.4482758620689655, 0.4827586206896552, 0.603448275862069, 0.5892857142857143, 0.5178571428571429]
 mean: 0.673311439518336, std: 0.15941841203564502
F1 (Intime): [0.38204334365325077, 0.9671368861024034, 0.8177965603237343, 0.6924854620506794, 0.8239469903206291, 0.5907425907425907, 0.5996621621621622, 0.6862980769230769, 0.929094592488702, 0.8050674315619968, 0.39360119047619047, 0.44277777777777777, 0.5583862821766048, 0.5877339901477832, 0.5396294881588999]
 mean: 0.6544268550044321, std: 0.17790196568652966
--------------------------------------------------
Subject Number: 20
Accuracy Cross: [0.3819444444444444, 0.3541666666666667, 0.3958333333333333, 0.3263888888888889, 0.3263888888888889, 0.3706293706293706, 0.36363636363636365, 0.40559440559440557, 0.44755244755244755, 0.3986013986013986, 0.40540540540540543, 0.3918918918918919, 0.4594594594594595, 0.40540540540540543, 0.3783783783783784]
 mean: 0.38741844991845, std: 0.036067857974930666
F1 Score: [0.3592076615215295, 0.3354864433811802, 0.3969477452142667, 0.3075098814229249, 0.3132139812446718, 0.34348703672860803, 0.35025789813023855, 0.3393772893772894, 0.4197388632872504, 0.35887176107187124, 0.36208624708624704, 0.3650004721313727, 0.4285340526128909, 0.4088352636359883, 0.38261321835614787]
 mean: 0.36474452101349847, std: 0.035174390856884855
Accuracy Intime: [0.5, 0.5862068965517241, 0.5689655172413793, 0.44642857142857145, 0.4642857142857143, 0.6206896551724138, 0.6724137931034483, 0.8103448275862069, 0.8103448275862069, 0.6607142857142857, 0.5689655172413793, 0.7241379310344828, 0.6724137931034483, 0.5357142857142857, 0.44642857142857145]
 mean: 0.6058702791461413, std: 0.11541835010935776
F1 (Intime): [0.4783249158249158, 0.5364767616191903, 0.5574880763116057, 0.42990816484025307, 0.4199823165340407, 0.5648148148148148, 0.6868131868131868, 0.8172222222222222, 0.8014434889434889, 0.565650406504065, 0.5237820512820512, 0.7146874146874147, 0.6957008740896209, 0.4998864410629117, 0.32843137254901966]
 mean: 0.5747075005399201, std: 0.13711355558745367
--------------------------------------------------
Subject Number: 21
Accuracy Cross: [0.32666666666666666, 0.20666666666666667, 0.3333333333333333, 0.3, 0.24666666666666667, 0.2857142857142857, 0.3741496598639456, 0.2585034013605442, 0.23809523809523808, 0.2653061224489796, 0.33783783783783783, 0.24324324324324326, 0.33783783783783783, 0.3310810810810811, 0.2972972972972973]
 mean: 0.2921599558742416, std: 0.046169211284661144
F1 Score: [0.2881881679121684, 0.12044303841831405, 0.33951322057665345, 0.296843058733791, 0.1310900082576383, 0.21776812006375276, 0.3302340417841679, 0.2186211388443859, 0.23542635658914726, 0.30449005735065365, 0.26105557087699943, 0.2143284429888791, 0.2864070197044335, 0.24545224279266833, 0.26615022908126357]
 mean: 0.25040071426499444, std: 0.061769282247423125
Accuracy Intime: [0.4666666666666667, 0.6333333333333333, 0.46551724137931033, 0.3275862068965517, 0.39655172413793105, 0.31666666666666665, 0.6333333333333333, 0.2833333333333333, 0.3620689655172414, 0.5172413793103449, 0.45, 0.26666666666666666, 0.46551724137931033, 0.3793103448275862, 0.3275862068965517]
 mean: 0.4194252873563219, std: 0.11051495505731275
F1 (Intime): [0.4371014492753623, 0.6223717948717948, 0.4317094017094017, 0.2808943089430894, 0.2506493506493506, 0.2126984126984127, 0.6176360017691287, 0.25469080338266387, 0.30772193907787126, 0.49558371735791085, 0.3463562753036437, 0.10526315789473684, 0.42883492464294165, 0.28610068792995624, 0.21138072453861925]
 mean: 0.3525995300029923, std: 0.14490541494304215
--------------------------------------------------
Subject Number: 22
Accuracy Cross: [0.3541666666666667, 0.3194444444444444, 0.2708333333333333, 0.3680555555555556, 0.4375, 0.46308724832214765, 0.3288590604026846, 0.38926174496644295, 0.4563758389261745, 0.4161073825503356, 0.3375796178343949, 0.5222929936305732, 0.42038216560509556, 0.5286624203821656, 0.4140127388535032]
 mean: 0.4017747474315679, std: 0.0713045519807748
F1 Score: [0.30431050925042913, 0.2618082821571194, 0.17996933621933622, 0.34926470156656275, 0.3700294241277848, 0.3947630494505494, 0.2761898186504649, 0.32159090909090915, 0.42155643170140356, 0.3852256510054675, 0.28709002861545235, 0.5243027252126309, 0.40927253507591776, 0.5180512899262899, 0.3951958349548711]
 mean: 0.3599080351336792, std: 0.08961438618574943
Accuracy Intime: [0.45, 0.7, 0.9666666666666667, 0.4666666666666667, 0.46551724137931033, 0.8793103448275862, 0.5689655172413793, 1.0, 0.5344827586206896, 0.44642857142857145, 0.8103448275862069, 0.5, 0.3793103448275862, 0.4482758620689655, 0.375]
 mean: 0.5993979200875752, std: 0.20756534424090306
F1 (Intime): [0.41288200339558573, 0.6821236559139785, 0.9659144035020613, 0.40384615384615385, 0.4287598179868417, 0.8820794148380355, 0.5728642901813633, 1.0, 0.4949074074074074, 0.32906504065040654, 0.8145021645021645, 0.5088077688077688, 0.27121212121212124, 0.4488558352402746, 0.3697089947089947]
 mean: 0.5723686048128773, std: 0.23022603910681452
--------------------------------------------------
Subject Number: 23
Accuracy Cross: [0.3680555555555556, 0.3680555555555556, 0.3680555555555556, 0.4027777777777778, 0.3472222222222222, 0.23076923076923078, 0.5174825174825175, 0.3986013986013986, 0.4825174825174825, 0.2097902097902098, 0.2108843537414966, 0.17006802721088435, 0.43537414965986393, 0.2789115646258503, 0.272108843537415]
 mean: 0.3373782963068678, std: 0.1011163566234517
F1 Score: [0.34500022463328617, 0.27750130958617075, 0.289040410776207, 0.373051387792109, 0.3059355859091624, 0.1689299401163808, 0.4955916512592791, 0.4010261613093562, 0.46770656248350145, 0.14102564102564102, 0.15311095502787328, 0.11597327455572394, 0.37349725678056844, 0.24586425479282625, 0.26106036028344576]
 mean: 0.2942876650887687, std: 0.11309722218970227
Accuracy Intime: [0.7241379310344828, 0.6551724137931034, 0.5, 0.5357142857142857, 0.44642857142857145, 0.8793103448275862, 0.7758620689655172, 0.7931034482758621, 0.7586206896551724, 0.6785714285714286, 0.8103448275862069, 0.8620689655172413, 0.4827586206896552, 0.6071428571428571, 0.48214285714285715]
 mean: 0.6660919540229886, std: 0.1434864660686568
F1 (Intime): [0.7208558558558558, 0.6519480519480519, 0.5090579710144927, 0.43048057932850564, 0.33734898641730937, 0.8828042328042327, 0.7860011590843234, 0.7939421698500414, 0.6673441734417345, 0.6689130434782609, 0.798186844077961, 0.8706866259048422, 0.4559872558755379, 0.6210862122626829, 0.4710450368345105]
 mean: 0.6443792132118895, std: 0.16443647056986024
--------------------------------------------------
Subject Number: 24
Accuracy Cross: [0.38620689655172413, 0.4206896551724138, 0.46206896551724136, 0.38620689655172413, 0.25517241379310346, 0.4726027397260274, 0.3356164383561644, 0.4452054794520548, 0.3082191780821918, 0.410958904109589, 0.3716216216216216, 0.30405405405405406, 0.2702702702702703, 0.3716216216216216, 0.22972972972972974]
 mean: 0.3620163243073022, std: 0.07331964865429834
F1 Score: [0.3123240491165019, 0.373367620121178, 0.4224668814894379, 0.3036850477200424, 0.21732607402405302, 0.40426708299903497, 0.28137932202560517, 0.407529390448849, 0.2931613536887623, 0.3992272191673213, 0.39276112960907633, 0.271649765675501, 0.19677628136274755, 0.3804918078779037, 0.1885514374687327]
 mean: 0.3229976308529831, std: 0.0779251622182873
Accuracy Intime: [0.45, 0.8448275862068966, 0.5517241379310345, 0.5, 0.3275862068965517, 0.5172413793103449, 0.41379310344827586, 0.4827586206896552, 0.3275862068965517, 0.4827586206896552, 0.7931034482758621, 0.43103448275862066, 0.29310344827586204, 0.4827586206896552, 0.29310344827586204]
 mean: 0.4794252873563218, std: 0.1553670129292774
F1 (Intime): [0.3629508775024253, 0.8319354838709677, 0.496807440925088, 0.4423631923631924, 0.20553221288515405, 0.4531252238699047, 0.3888017557928502, 0.4351540616246498, 0.2257432864450128, 0.46758116883116885, 0.7739732854864434, 0.3623499901632894, 0.1967741935483871, 0.5009523809523809, 0.14208782104391052]
 mean: 0.41907549168698827, std: 0.18794809297285503
--------------------------------------------------
Subject Number: 25
Accuracy Cross: [0.2857142857142857, 0.272108843537415, 0.35374149659863946, 0.20408163265306123, 0.3741496598639456, 0.581081081081081, 0.5540540540540541, 0.39864864864864863, 0.581081081081081, 0.4189189189189189, 0.40789473684210525, 0.48026315789473684, 0.48026315789473684, 0.5328947368421053, 0.48026315789473684]
 mean: 0.4270105766346369, std: 0.11147163468372533
F1 Score: [0.24656700686977753, 0.2537042682926829, 0.35157641562763314, 0.2182048561999057, 0.3395920100314918, 0.5467901746954041, 0.5037596168648122, 0.3665058057705841, 0.5586936458505197, 0.3671838226186052, 0.35534443521294656, 0.44970218615538815, 0.501028409506294, 0.5388810133528443, 0.4965998186176379]
 mean: 0.4062755657111018, std: 0.11146996698461234
Accuracy Intime: [0.8, 0.8833333333333333, 0.5666666666666667, 0.8448275862068966, 0.5689655172413793, 0.7833333333333333, 0.7, 0.603448275862069, 0.6896551724137931, 0.5344827586206896, 0.6833333333333333, 0.6333333333333333, 0.9827586206896551, 0.6379310344827587, 0.7413793103448276]
 mean: 0.7102298850574712, std: 0.12435790075275406
F1 (Intime): [0.7713997568523431, 0.8872506989748369, 0.5230491730491731, 0.8441905442812884, 0.5658845180584311, 0.7780290297937357, 0.6763811793045664, 0.6076839826839827, 0.679643094412047, 0.4688208616780045, 0.6312171571592944, 0.5528250773993808, 0.9833147942157954, 0.6359195402298851, 0.7205630630630631]
 mean: 0.6884114980770552, std: 0.13867241909461211
--------------------------------------------------
Subject Number: 26
Accuracy Cross: [0.3103448275862069, 0.2896551724137931, 0.3448275862068966, 0.22758620689655173, 0.4068965517241379, 0.3741496598639456, 0.3877551020408163, 0.38095238095238093, 0.40816326530612246, 0.42857142857142855, 0.3959731543624161, 0.42953020134228187, 0.5234899328859061, 0.4161073825503356, 0.40939597315436244]
 mean: 0.3822265883905055, std: 0.06675497032819526
F1 Score: [0.27105988110772805, 0.23797845049660818, 0.32667629551820726, 0.15321900321900322, 0.4068888572378104, 0.28294573643410853, 0.2976608187134503, 0.27976047904191614, 0.3010531135531136, 0.2993485984998026, 0.4167066283034953, 0.433777110328395, 0.48373015873015873, 0.4178261578604044, 0.39497139986878793]
 mean: 0.3335735125941993, std: 0.08576774472000405
Accuracy Intime: [0.7333333333333333, 0.7666666666666667, 0.6206896551724138, 0.5344827586206896, 0.6724137931034483, 0.6206896551724138, 0.5689655172413793, 0.4827586206896552, 0.6206896551724138, 0.6206896551724138, 0.6551724137931034, 0.6551724137931034, 0.5172413793103449, 0.5517241379310345, 0.5689655172413793]
 mean: 0.6126436781609195, std: 0.07543009486734609
F1 (Intime): [0.7395676219205631, 0.7591008316008316, 0.6108324043106652, 0.489010989010989, 0.5952989084086645, 0.557790530846485, 0.5487662337662338, 0.41666666666666674, 0.6140085061137692, 0.5436117936117937, 0.6578846153846154, 0.6683760683760683, 0.45892857142857146, 0.5311627906976744, 0.5499084249084248]
 mean: 0.5827276638034679, std: 0.09285957192509457
--------------------------------------------------
Subject Number: 27
Accuracy Cross: [0.3888888888888889, 0.4513888888888889, 0.5208333333333334, 0.3263888888888889, 0.4236111111111111, 0.4897959183673469, 0.4897959183673469, 0.4965986394557823, 0.42857142857142855, 0.46938775510204084, 0.4589041095890411, 0.5958904109589042, 0.5273972602739726, 0.6027397260273972, 0.4794520547945205]
 mean: 0.4766429555079261, std: 0.06918894072048153
F1 Score: [0.36669076528267197, 0.42670934203713085, 0.5039251340651488, 0.30462995972799894, 0.4081544781879889, 0.4939033025130254, 0.49355137233658364, 0.4869659273020934, 0.4027516283308019, 0.4338301703481895, 0.4039482889514168, 0.5855908398400305, 0.5214466425986948, 0.6018723197788257, 0.45964688751365124]
 mean: 0.4595744705876168, std: 0.07674735124782202
Accuracy Intime: [0.6833333333333333, 0.7241379310344828, 0.8275862068965517, 0.6896551724137931, 0.6724137931034483, 0.7758620689655172, 0.6379310344827587, 0.6896551724137931, 0.7586206896551724, 0.3392857142857143, 0.6724137931034483, 0.8275862068965517, 0.7931034482758621, 0.6551724137931034, 0.6964285714285714]
 mean: 0.6962123700054736, std: 0.11218646535296639
F1 (Intime): [0.6799154656319291, 0.6876868044515103, 0.8126112382405288, 0.6772222222222223, 0.552063492063492, 0.7714764492753623, 0.6290322580645161, 0.6745417831624728, 0.7494307400379507, 0.24922360248447206, 0.6645934959349593, 0.8296066252587992, 0.7951561306340718, 0.6114421526186231, 0.6903139339421198]
 mean: 0.6716210929348686, std: 0.13541013703974175
--------------------------------------------------
Subject Number: 28
Accuracy Cross: [0.3776223776223776, 0.2867132867132867, 0.4125874125874126, 0.3146853146853147, 0.1888111888111888, 0.1917808219178082, 0.21232876712328766, 0.2328767123287671, 0.15753424657534246, 0.2054794520547945, 0.18421052631578946, 0.19078947368421054, 0.18421052631578946, 0.18421052631578946, 0.18421052631578946]
 mean: 0.2338700772911299, std: 0.07507700486898825
F1 Score: [0.36294993950393223, 0.2605923944642165, 0.4327359001294454, 0.2640324971454903, 0.19993003291860967, 0.09098837209302325, 0.10869256948383438, 0.15504659961777686, 0.07952914154464541, 0.0972953216374269, 0.07777777777777778, 0.08011049723756906, 0.07777777777777778, 0.07777777777777778, 0.07777777777777778]
 mean: 0.16286762512580547, std: 0.1123202371105769
Accuracy Intime: [0.5833333333333334, 0.5, 0.4827586206896552, 0.603448275862069, 0.4827586206896552, 0.5862068965517241, 0.5517241379310345, 0.6551724137931034, 0.625, 0.5714285714285714, 0.6206896551724138, 0.7241379310344828, 0.6896551724137931, 0.7142857142857143, 0.7321428571428571]
 mean: 0.6081828133552272, std: 0.0809039764683162
F1 (Intime): [0.5897200772200772, 0.4913474355259345, 0.4881527490223142, 0.6204235153764581, 0.49068322981366463, 0.5222319093286836, 0.543548166392994, 0.6306199247375718, 0.6265849235694958, 0.52703081232493, 0.5757575757575757, 0.7154582259845418, 0.6953601953601953, 0.6977258852258853, 0.7312280701754386]
 mean: 0.5963915130543841, std: 0.0826959762888343
--------------------------------------------------
Subject Number: 29
Accuracy Cross: [0.44755244755244755, 0.4125874125874126, 0.43356643356643354, 0.3706293706293706, 0.40559440559440557, 0.5379310344827586, 0.496551724137931, 0.5172413793103449, 0.5448275862068965, 0.5172413793103449, 0.4797297297297297, 0.3918918918918919, 0.43243243243243246, 0.3918918918918919, 0.3716216216216216]
 mean: 0.45008604939639435, std: 0.058861393638942563
F1 Score: [0.4359649122807017, 0.36831709635952403, 0.3682027889037235, 0.3535406549925606, 0.36613810166441746, 0.4745415959252971, 0.4508154372860256, 0.49398447322191297, 0.5020115398402787, 0.49491228070175436, 0.4317577030812325, 0.32697148688767935, 0.38802115180632685, 0.29934364744491326, 0.30024762005921635]
 mean: 0.40365136603037094, std: 0.06800359659904394
Accuracy Intime: [0.5689655172413793, 0.5862068965517241, 0.46551724137931033, 0.7241379310344828, 0.6206896551724138, 0.6379310344827587, 0.5344827586206896, 0.5517241379310345, 0.5178571428571429, 0.5892857142857143, 0.6896551724137931, 0.6551724137931034, 0.46551724137931033, 0.4107142857142857, 0.4642857142857143]
 mean: 0.5654761904761905, std: 0.08776410434137893
F1 (Intime): [0.5538917604134995, 0.5716783216783217, 0.4270666531536097, 0.7295095350052246, 0.5742881752184078, 0.5979939102422664, 0.473192259196316, 0.5399585921325052, 0.47559460887949256, 0.528862975444242, 0.6734848484848485, 0.5833333333333334, 0.43594972657784226, 0.3861794664739966, 0.411489898989899]
 mean: 0.5308316043482537, std: 0.09401269076647001
--------------------------------------------------
**************************************************
accuracy_cross_list: [0.368072249589491, 0.5277571811396807, 0.2845487912679196, 0.3593103448275862, 0.3213831565555703, 0.2707482993197278, 0.4146025533501072, 0.38778341606913025, 0.3865377284163977, 0.33587940952135564, 0.200615059366748, 0.4180157741801578, 0.2726348588810981, 0.34988275947180053, 0.4079908675799087, 0.3669742294742294, 0.4766429555079261, 0.34074376417233565, 0.41602643931411054, 0.38741844991845, 0.2921599558742416, 0.4017747474315679, 0.3373782963068678, 0.3620163243073022, 0.4270105766346369, 0.3822265883905055, 0.4766429555079261, 0.2338700772911299, 0.45008604939639435]
f1_score_list: [0.32545010582955697, 0.5102693832418221, 0.25627229998114626, 0.34687441325731033, 0.2615916547589304, 0.24507859172138374, 0.38772329658872556, 0.3339164899706709, 0.3900032072635504, 0.2820392434278279, 0.1644755862540563, 0.4164135035579218, 0.20616167094244997, 0.31784747415099607, 0.3745458712755498, 0.3029152645290428, 0.4595744705876168, 0.31327909933645626, 0.3993458283449805, 0.36474452101349847, 0.25040071426499444, 0.3599080351336792, 0.2942876650887687, 0.3229976308529831, 0.4062755657111018, 0.3335735125941993, 0.4595744705876168, 0.16286762512580547, 0.40365136603037094]
accuracy_intime_list: [0.7770414372645611, 0.8470443349753694, 0.4563546798029557, 0.5873563218390804, 0.6056704980842913, 0.7568281335522714, 0.4904597701149426, 0.5766666666666667, 0.5319102353585112, 0.518735632183908, 0.7991570881226053, 0.5091133004926108, 0.624367816091954, 0.5099616858237547, 0.6127257799671593, 0.5723316912972085, 0.6962123700054736, 0.42076628352490425, 0.673311439518336, 0.6058702791461413, 0.4194252873563219, 0.5993979200875752, 0.6660919540229886, 0.4794252873563218, 0.7102298850574712, 0.6126436781609195, 0.6962123700054736, 0.6081828133552272, 0.5654761904761905]
f1_score_intime_list: [0.7417871876049966, 0.8184802197809072, 0.3768760877202796, 0.5550097523558238, 0.5793053655340107, 0.7216844505785062, 0.42101876520218295, 0.5232434140143944, 0.5070811111747606, 0.48353294992731866, 0.7566311992218592, 0.497815886607397, 0.6030121014638283, 0.48328440028604186, 0.5918757723854802, 0.5035537768309276, 0.6716210929348686, 0.37053908778979394, 0.6544268550044321, 0.5747075005399201, 0.3525995300029923, 0.5723686048128773, 0.6443792132118895, 0.41907549168698827, 0.6884114980770552, 0.5827276638034679, 0.6716210929348686, 0.5963915130543841, 0.5308316043482537]
**************************************************
ACC: 36.75±7.26
F1: 33.28±8.30
Intime: 60.44±10.82
F1 (Intime): 56.88±11.76
