1e-04
Subject Number: 1
Accuracy Cross: [0.5735294117647058, 0.5147058823529411, 0.5294117647058824, 0.5882352941176471, 0.6176470588235294, 0.5384615384615384, 0.6666666666666666, 0.6410256410256411, 0.6282051282051282, 0.6794871794871795, 0.42857142857142855, 0.45454545454545453, 0.5324675324675324, 0.6363636363636364, 0.5584415584415584]
 mean: 0.5725176784000313, std: 0.07176918444831287
F1 Score: [0.5726977248104008, 0.4962962962962963, 0.43333333333333335, 0.5700090334236676, 0.5814393939393939, 0.4450592885375494, 0.6479166666666667, 0.6034858387799564, 0.5775910364145658, 0.6427917200952555, 0.34846153846153843, 0.4330294530154277, 0.47737556561085975, 0.5853846153846154, 0.541023842917251]
 mean: 0.5303930231791185, std: 0.08421085469565627
Accuracy Intime: [0.65625, 0.5625, 0.6, 0.43333333333333335, 0.5666666666666667, 0.6785714285714286, 0.7142857142857143, 0.6428571428571429, 0.6153846153846154, 0.7307692307692307, 0.6071428571428571, 0.5, 0.7142857142857143, 0.6153846153846154, 0.6923076923076923]
 mean: 0.6219826007326006, std: 0.08020350299496716
F1 (Intime): [0.6476476476476476, 0.5465587044534412, 0.5833333333333333, 0.4276094276094276, 0.4993581514762516, 0.6415362731152205, 0.7142857142857143, 0.6354166666666667, 0.59375, 0.7271364317841079, 0.6025806451612903, 0.47593582887700536, 0.7005347593582887, 0.6130952380952381, 0.675]
 mean: 0.6055852547909087, std: 0.08498206718895375
--------------------------------------------------
Subject Number: 2
Accuracy Cross: [0.5, 0.47058823529411764, 0.5294117647058824, 0.5147058823529411, 0.6029411764705882, 0.5441176470588235, 0.5882352941176471, 0.4852941176470588, 0.45588235294117646, 0.5882352941176471, 0.5256410256410257, 0.5641025641025641, 0.5641025641025641, 0.6153846153846154, 0.6025641025641025]
 mean: 0.5434137757667169, std: 0.0494372253424263
F1 Score: [0.4706959706959707, 0.4631578947368421, 0.5142857142857142, 0.4962962962962963, 0.5878787878787879, 0.37981759340982646, 0.5572093023255814, 0.45098039215686275, 0.4461809377063614, 0.5041666666666667, 0.5019844693701467, 0.44611528822055135, 0.5334271639690359, 0.59375, 0.538813656303643]
 mean: 0.4989840089348191, std: 0.05627017643742945
Accuracy Intime: [0.5357142857142857, 0.5357142857142857, 0.5714285714285714, 0.5, 0.6538461538461539, 0.6428571428571429, 0.39285714285714285, 0.5357142857142857, 0.7307692307692307, 0.5769230769230769, 0.6785714285714286, 0.6071428571428571, 0.8214285714285714, 0.38461538461538464, 0.6923076923076923]
 mean: 0.5906593406593407, std: 0.1147023260277839
F1 (Intime): [0.5204216073781291, 0.5204216073781291, 0.5714285714285714, 0.4807987711213518, 0.6491754122938531, 0.625668449197861, 0.3728590250329381, 0.5351213282247764, 0.7303703703703703, 0.5606758832565284, 0.6781609195402298, 0.5809523809523809, 0.8095238095238095, 0.38461538461538464, 0.6601307189542484]
 mean: 0.5786882826179041, std: 0.11508791990478673
--------------------------------------------------
Subject Number: 3
Accuracy Cross: [0.5, 0.5147058823529411, 0.6617647058823529, 0.4852941176470588, 0.5882352941176471, 0.45714285714285713, 0.5714285714285714, 0.4857142857142857, 0.5285714285714286, 0.4, 0.5569620253164557, 0.5316455696202531, 0.46835443037974683, 0.5316455696202531, 0.5316455696202531]
 mean: 0.5208740204942737, std: 0.05947524217848502
F1 Score: [0.49956709956709955, 0.5060532687651331, 0.6331222144030026, 0.44170771756978655, 0.575, 0.45714285714285713, 0.5244565217391304, 0.4701429772918419, 0.5284751990202081, 0.38183347350714886, 0.5197151294076776, 0.47475292003593894, 0.44254032258064513, 0.5059996619908738, 0.49957199109741485]
 mean: 0.4973387569412505, std: 0.05723604245627925
Accuracy Intime: [0.6071428571428571, 0.32142857142857145, 0.5357142857142857, 0.5, 0.6428571428571429, 0.5357142857142857, 0.5714285714285714, 0.6428571428571429, 0.5769230769230769, 0.6923076923076923, 0.6428571428571429, 0.6071428571428571, 0.5357142857142857, 0.5769230769230769, 0.46153846153846156]
 mean: 0.5633699633699634, std: 0.08758218012263612
F1 (Intime): [0.6066411238825031, 0.3135483870967742, 0.4822190611664296, 0.4555555555555556, 0.625668449197861, 0.5303225806451612, 0.5333333333333333, 0.625668449197861, 0.5762962962962963, 0.675, 0.6111111111111112, 0.5942028985507246, 0.5204216073781291, 0.5712143928035982, 0.4484848484848485]
 mean: 0.5446458729800124, std: 0.08867664664030622
--------------------------------------------------
Subject Number: 4
Accuracy Cross: [0.6231884057971014, 0.5217391304347826, 0.5217391304347826, 0.5942028985507246, 0.5797101449275363, 0.6231884057971014, 0.5507246376811594, 0.5797101449275363, 0.5217391304347826, 0.6811594202898551, 0.6923076923076923, 0.6923076923076923, 0.7564102564102564, 0.6923076923076923, 0.5641025641025641]
 mean: 0.6129691564474172, std: 0.07216347654503738
F1 Score: [0.49264705882352944, 0.47787204769548264, 0.41025641025641024, 0.5208333333333334, 0.39674404582454026, 0.511437908496732, 0.49988309562777644, 0.5321487023614684, 0.4945615982241954, 0.6329787234042553, 0.596551724137931, 0.6201298701298701, 0.6856839872746554, 0.5666666666666667, 0.5185185185185185]
 mean: 0.5304609127183576, std: 0.07645132461044632
Accuracy Intime: [0.7857142857142857, 0.75, 0.6071428571428571, 0.6071428571428571, 0.5769230769230769, 0.7857142857142857, 0.5, 0.6428571428571429, 0.42857142857142855, 0.7692307692307693, 0.7142857142857143, 0.6785714285714286, 0.75, 0.75, 0.5384615384615384]
 mean: 0.658974358974359, std: 0.10888212922288613
F1 (Intime): [0.7857142857142857, 0.7417654808959157, 0.49918699186991866, 0.5942028985507246, 0.5606758832565284, 0.7666666666666666, 0.3875, 0.625668449197861, 0.4256410256410257, 0.7678571428571428, 0.65, 0.6748387096774193, 0.7043740573152337, 0.7043740573152337, 0.5384615384615384]
 mean: 0.628461812494633, std: 0.12111290954895297
--------------------------------------------------
Subject Number: 5
Accuracy Cross: [0.6470588235294118, 0.6176470588235294, 0.6176470588235294, 0.5147058823529411, 0.6029411764705882, 0.7142857142857143, 0.5857142857142857, 0.5857142857142857, 0.4857142857142857, 0.6714285714285714, 0.6956521739130435, 0.6811594202898551, 0.6666666666666666, 0.7391304347826086, 0.6521739130434783]
 mean: 0.6318426501035198, std: 0.06772713599388841
F1 Score: [0.5866261398176291, 0.5632411067193676, 0.4901960784313726, 0.43885971492873216, 0.5408852213053263, 0.6598639455782314, 0.5133061615919443, 0.4846407717694846, 0.45736434108527135, 0.6140014385039558, 0.6891225059000214, 0.655, 0.6207885304659498, 0.7065217391304348, 0.6296958855098389]
 mean: 0.5766742387158373, std: 0.08305151260698422
Accuracy Intime: [0.9642857142857143, 0.6071428571428571, 0.5714285714285714, 0.6071428571428571, 0.5769230769230769, 0.8928571428571429, 0.5714285714285714, 0.6785714285714286, 0.5384615384615384, 0.6538461538461539, 0.9642857142857143, 0.5357142857142857, 0.7857142857142857, 0.6153846153846154, 0.6538461538461539]
 mean: 0.6811355311355312, std: 0.1436000220586754
F1 (Intime): [0.9631093544137023, 0.6025806451612903, 0.4285714285714286, 0.5354449472096531, 0.36585365853658536, 0.8893280632411067, 0.5692307692307692, 0.5902439024390245, 0.4901960784313726, 0.5384615384615385, 0.9638709677419355, 0.4822190611664296, 0.7543859649122806, 0.5486111111111112, 0.6267942583732058]
 mean: 0.6232601166000955, std: 0.18003405834744723
--------------------------------------------------
Subject Number: 6
Accuracy Cross: [0.5522388059701493, 0.44776119402985076, 0.5074626865671642, 0.5671641791044776, 0.582089552238806, 0.5507246376811594, 0.5652173913043478, 0.5797101449275363, 0.5797101449275363, 0.4782608695652174, 0.4927536231884058, 0.4927536231884058, 0.5217391304347826, 0.463768115942029, 0.4057971014492754]
 mean: 0.519143413367943, std: 0.052938323396765574
F1 Score: [0.49242424242424243, 0.44776119402985076, 0.447940074906367, 0.5474027486606103, 0.5600375234521576, 0.44599844599844596, 0.5371198568872988, 0.5490196078431373, 0.5706929843381249, 0.47550675675675674, 0.4927536231884058, 0.47693307342430147, 0.4945615982241954, 0.45646157121566955, 0.4052974563800715]
 mean: 0.4933273838486424, std: 0.04792557762810555
Accuracy Intime: [0.6785714285714286, 0.32142857142857145, 0.6428571428571429, 0.42857142857142855, 0.5769230769230769, 0.7142857142857143, 0.5714285714285714, 0.5769230769230769, 0.3076923076923077, 0.6153846153846154, 0.6071428571428571, 0.6428571428571429, 0.5, 0.6923076923076923, 0.5]
 mean: 0.5584249084249086, std: 0.12113470593231854
F1 (Intime): [0.6415362731152205, 0.3135483870967742, 0.6111111111111112, 0.42857142857142855, 0.5762962962962963, 0.65, 0.5692307692307692, 0.5762962962962963, 0.2909090909090909, 0.6130952380952381, 0.5942028985507246, 0.6428571428571429, 0.4609250398724083, 0.675, 0.49925925925925924]
 mean: 0.542855948750784, std: 0.11592365189106076
--------------------------------------------------
Subject Number: 7
Accuracy Cross: [0.5588235294117647, 0.6176470588235294, 0.5147058823529411, 0.5588235294117647, 0.5882352941176471, 0.5882352941176471, 0.6176470588235294, 0.6323529411764706, 0.5147058823529411, 0.6176470588235294, 0.5942028985507246, 0.6086956521739131, 0.6086956521739131, 0.6086956521739131, 0.5942028985507246]
 mean: 0.5882210855356635, std: 0.03503510184463517
F1 Score: [0.5584415584415584, 0.5952380952380952, 0.46354291178579965, 0.532967032967033, 0.5177304964539007, 0.579133510167993, 0.5888372093023255, 0.607843137254902, 0.513759479956663, 0.6007226738934056, 0.5609090909090909, 0.5918948521358159, 0.5964912280701754, 0.5728044026599404, 0.5871794871794872]
 mean: 0.564499677761079, std: 0.03941020698002414
Accuracy Intime: [0.6785714285714286, 0.5357142857142857, 0.7142857142857143, 0.5, 0.6153846153846154, 0.7857142857142857, 0.7142857142857143, 0.75, 0.6153846153846154, 0.6538461538461539, 0.7142857142857143, 0.5714285714285714, 0.5714285714285714, 0.5769230769230769, 0.46153846153846156]
 mean: 0.6305860805860806, std: 0.09207118372600229
F1 (Intime): [0.6748387096774193, 0.5351213282247764, 0.6888888888888889, 0.49925925925925924, 0.6130952380952381, 0.7846153846153847, 0.6888888888888889, 0.7333333333333334, 0.6153846153846154, 0.6267942583732058, 0.672514619883041, 0.5625, 0.5508021390374331, 0.4358974358974359, 0.4484848484848485]
 mean: 0.6086945965362512, std: 0.09885530321828238
--------------------------------------------------
Subject Number: 8
Accuracy Cross: [0.6428571428571429, 0.4857142857142857, 0.4857142857142857, 0.5571428571428572, 0.5571428571428572, 0.6086956521739131, 0.5942028985507246, 0.5797101449275363, 0.4782608695652174, 0.4927536231884058, 0.6470588235294118, 0.5, 0.6029411764705882, 0.6470588235294118, 0.5735294117647058]
 mean: 0.5635188568180897, std: 0.05980582716139118
F1 Score: [0.568859324956886, 0.42934782608695654, 0.37, 0.5459301109018623, 0.5035460992907801, 0.5801217038539555, 0.5836206896551724, 0.5490196078431373, 0.4445438282647585, 0.408812729498164, 0.5466666666666666, 0.4839285714285714, 0.5610805641883816, 0.5466666666666666, 0.5517162991588997]
 mean: 0.5115907125640573, std: 0.06581028726618535
Accuracy Intime: [0.5357142857142857, 0.6428571428571429, 0.75, 0.4230769230769231, 0.6923076923076923, 0.7142857142857143, 0.7857142857142857, 0.5357142857142857, 0.6153846153846154, 0.5384615384615384, 0.75, 0.6785714285714286, 0.5357142857142857, 0.6071428571428571, 0.5769230769230769]
 mean: 0.6254578754578756, std: 0.09921940366818523
F1 (Intime): [0.5047619047619047, 0.6111111111111112, 0.7043740573152337, 0.4222222222222222, 0.6601307189542484, 0.672514619883041, 0.7666666666666666, 0.5204216073781291, 0.6153846153846154, 0.5272727272727272, 0.7043740573152337, 0.6679841897233202, 0.5351213282247764, 0.5809523809523809, 0.5438596491228069]
 mean: 0.6024767904192279, std: 0.09068286036321327
--------------------------------------------------
Subject Number: 9
Accuracy Cross: [0.6119402985074627, 0.47761194029850745, 0.5522388059701493, 0.4626865671641791, 0.47761194029850745, 0.6176470588235294, 0.6470588235294118, 0.5588235294117647, 0.5882352941176471, 0.5, 0.6571428571428571, 0.5428571428571428, 0.6285714285714286, 0.5571428571428572, 0.42857142857142855]
 mean: 0.5538759981604583, std: 0.06940523155760299
F1 Score: [0.5852380952380952, 0.4537619380386676, 0.4302721088435374, 0.44780219780219777, 0.4369747899159664, 0.6053571428571429, 0.6263736263736264, 0.5446428571428572, 0.5572093023255814, 0.48894783377541995, 0.5918367346938775, 0.49275362318840576, 0.5955555555555556, 0.5526695526695526, 0.42857142857142855]
 mean: 0.5225311191327943, std: 0.06894414682703334
Accuracy Intime: [0.6071428571428571, 0.6428571428571429, 0.6428571428571429, 0.6538461538461539, 0.5, 0.42857142857142855, 0.5714285714285714, 0.5769230769230769, 0.8461538461538461, 0.5384615384615384, 0.75, 0.5357142857142857, 0.6538461538461539, 0.6153846153846154, 0.5769230769230769]
 mean: 0.6093406593406593, std: 0.09686134271106323
F1 (Intime): [0.49918699186991866, 0.641025641025641, 0.5625, 0.6405529953917051, 0.4319327731092437, 0.41666666666666663, 0.5333333333333333, 0.5438596491228069, 0.8452380952380952, 0.5272727272727272, 0.7211948790896159, 0.5303225806451612, 0.6267942583732058, 0.6153846153846154, 0.5606758832565284]
 mean: 0.5797294059852843, std: 0.10509129989874753
--------------------------------------------------
Subject Number: 10
Accuracy Cross: [0.40298507462686567, 0.5671641791044776, 0.6119402985074627, 0.44776119402985076, 0.5074626865671642, 0.5882352941176471, 0.5147058823529411, 0.4264705882352941, 0.5441176470588235, 0.6029411764705882, 0.5205479452054794, 0.6027397260273972, 0.4520547945205479, 0.5342465753424658, 0.4657534246575342]
 mean: 0.5192750991216359, std: 0.0659488796979626
F1 Score: [0.4017857142857143, 0.5636649449809117, 0.5601010101010101, 0.4472686733556299, 0.4911392405063291, 0.5700090334236676, 0.4736101337086559, 0.4253521126760563, 0.5268237934904602, 0.5958617653532907, 0.4624447717231222, 0.577022977022977, 0.4393241167434716, 0.5334586466165414, 0.44535359438924604]
 mean: 0.5008813685584722, std: 0.06130147075556841
Accuracy Intime: [0.35714285714285715, 0.6071428571428571, 0.42857142857142855, 0.38461538461538464, 0.5384615384615384, 0.5357142857142857, 0.6785714285714286, 0.38461538461538464, 0.5384615384615384, 0.6153846153846154, 0.7142857142857143, 0.6428571428571429, 0.46153846153846156, 0.38461538461538464, 0.7307692307692307]
 mean: 0.5335164835164836, std: 0.12398279918042507
F1 (Intime): [0.3, 0.5942028985507246, 0.42857142857142855, 0.38095238095238093, 0.5272727272727272, 0.4822190611664296, 0.6679841897233202, 0.38461538461538464, 0.5384615384615384, 0.6153846153846154, 0.672514619883041, 0.5906432748538011, 0.45833333333333337, 0.38461538461538464, 0.7204301075268817]
 mean: 0.5164133963273995, std: 0.12195883987955783
--------------------------------------------------
Subject Number: 11
Accuracy Cross: [0.5588235294117647, 0.5441176470588235, 0.5294117647058824, 0.47058823529411764, 0.5294117647058824, 0.4927536231884058, 0.4927536231884058, 0.4927536231884058, 0.37681159420289856, 0.463768115942029, 0.5466666666666666, 0.5066666666666667, 0.6266666666666667, 0.5333333333333333, 0.5466666666666666]
 mean: 0.5140795680591077, std: 0.053683911174146344
F1 Score: [0.5255813953488373, 0.5137254901960784, 0.5257192676547515, 0.4588859416445623, 0.5190097259062776, 0.4462279293739968, 0.408812729498164, 0.46392896781354054, 0.35737491877842753, 0.45226346277622825, 0.5221139430284858, 0.4831439746693984, 0.6212121212121212, 0.4695898161244696, 0.499607535321821]
 mean: 0.484479814623144, std: 0.05857285975017084
Accuracy Intime: [0.6071428571428571, 0.4642857142857143, 0.5714285714285714, 0.5714285714285714, 0.5769230769230769, 0.5714285714285714, 0.6428571428571429, 0.6785714285714286, 0.34615384615384615, 0.6538461538461539, 0.5357142857142857, 0.5714285714285714, 0.5357142857142857, 0.5384615384615384, 0.5769230769230769]
 mean: 0.5628205128205128, std: 0.07722902700846529
F1 (Intime): [0.5942028985507246, 0.44664031620553357, 0.5692307692307692, 0.5625, 0.5712143928035982, 0.5087719298245614, 0.625668449197861, 0.6415362731152205, 0.34518518518518515, 0.6533333333333333, 0.5303225806451612, 0.5508021390374331, 0.5351213282247764, 0.5272727272727272, 0.5606758832565284]
 mean: 0.5481652137255609, std: 0.07449103425664483
--------------------------------------------------
Subject Number: 12
Accuracy Cross: [0.6865671641791045, 0.6567164179104478, 0.6417910447761194, 0.4925373134328358, 0.6417910447761194, 0.5652173913043478, 0.5942028985507246, 0.4782608695652174, 0.6086956521739131, 0.5072463768115942, 0.6911764705882353, 0.6029411764705882, 0.6470588235294118, 0.7647058823529411, 0.6764705882352942]
 mean: 0.6170252743104595, std: 0.07731267691888376
F1 Score: [0.6309992132179386, 0.6061845131612573, 0.5270588235294118, 0.47268518518518515, 0.5723404255319149, 0.4145927601809955, 0.5071428571428571, 0.4590592334494774, 0.6003003647285989, 0.4891114982578397, 0.6225218080888184, 0.5408852213053263, 0.6136363636363636, 0.7312252964426877, 0.6304347826086957]
 mean: 0.5612118897644912, std: 0.08091930274321431
Accuracy Intime: [0.7857142857142857, 0.8571428571428571, 0.5714285714285714, 0.7307692307692307, 0.7307692307692307, 0.8214285714285714, 0.75, 0.4230769230769231, 0.38461538461538464, 0.6153846153846154, 0.7142857142857143, 0.7142857142857143, 0.6538461538461539, 0.5384615384615384, 0.6538461538461539]
 mean: 0.6630036630036629, std: 0.13197365537768896
F1 (Intime): [0.78125, 0.8502673796791445, 0.4285714285714286, 0.7204301075268817, 0.7097288676236044, 0.8008534850640114, 0.7211948790896159, 0.4222222222222222, 0.38095238095238093, 0.6153846153846154, 0.6888888888888889, 0.7083333333333333, 0.6491754122938531, 0.4583333333333333, 0.6267942583732058]
 mean: 0.6374920394891014, std: 0.1433012834505416
--------------------------------------------------
Subject Number: 13
Accuracy Cross: [0.44776119402985076, 0.40298507462686567, 0.43283582089552236, 0.4626865671641791, 0.4925373134328358, 0.5428571428571428, 0.5571428571428572, 0.5142857142857142, 0.5571428571428572, 0.5142857142857142, 0.7101449275362319, 0.6086956521739131, 0.4057971014492754, 0.6811594202898551, 0.6666666666666666]
 mean: 0.5331322682652988, std: 0.09516842491483249
F1 Score: [0.4294591484464902, 0.3996415770609319, 0.39380952380952383, 0.43433395872420266, 0.4832123411978222, 0.5394736842105263, 0.5413231874867892, 0.5142857142857142, 0.5570524596856501, 0.5041666666666667, 0.7051282051282051, 0.5964912280701754, 0.4057971014492754, 0.6810924369747899, 0.6423258958755916]
 mean: 0.521839541938157, std: 0.09791808521225955
Accuracy Intime: [0.5, 0.6071428571428571, 0.6428571428571429, 0.5357142857142857, 0.6153846153846154, 0.5, 0.6428571428571429, 0.5769230769230769, 0.46153846153846156, 0.46153846153846156, 0.5357142857142857, 0.5714285714285714, 0.4230769230769231, 0.5769230769230769, 0.38461538461538464]
 mean: 0.5357142857142857, std: 0.07666098731302691
F1 (Intime): [0.48958333333333337, 0.5942028985507246, 0.625668449197861, 0.5047619047619047, 0.606060606060606, 0.4269005847953216, 0.641025641025641, 0.5762962962962963, 0.45833333333333337, 0.46153846153846156, 0.5351213282247764, 0.5087719298245614, 0.4222222222222222, 0.5712143928035982, 0.35]
 mean: 0.5181134254645761, std: 0.08178220916783627
--------------------------------------------------
Subject Number: 14
Accuracy Cross: [0.4117647058823529, 0.5294117647058824, 0.6323529411764706, 0.4264705882352941, 0.4852941176470588, 0.6029411764705882, 0.6029411764705882, 0.6764705882352942, 0.5882352941176471, 0.6764705882352942, 0.5652173913043478, 0.5362318840579711, 0.6231884057971014, 0.5942028985507246, 0.5797101449275363]
 mean: 0.5687269110542768, std: 0.0766690475770368
F1 Score: [0.2916666666666667, 0.5018315018315018, 0.6322734155310404, 0.29896907216494845, 0.4761171032357473, 0.6007827788649707, 0.5958617653532907, 0.6761904761904762, 0.5868055555555556, 0.6753472222222222, 0.5371198568872988, 0.5337837837837838, 0.623109243697479, 0.5871794871794872, 0.5765079365079364]
 mean: 0.546236391044827, std: 0.11243356017747072
Accuracy Intime: [0.7142857142857143, 0.6071428571428571, 0.6071428571428571, 0.9230769230769231, 0.7307692307692307, 0.8214285714285714, 0.7857142857142857, 0.5357142857142857, 0.5769230769230769, 0.7692307692307693, 0.75, 0.75, 0.6428571428571429, 0.5384615384615384, 0.6538461538461539]
 mean: 0.6937728937728935, std: 0.10742129063733515
F1 (Intime): [0.7083333333333333, 0.5809523809523809, 0.6066411238825031, 0.9230769230769231, 0.7097288676236044, 0.8212005108556832, 0.7857142857142857, 0.5303225806451612, 0.5762962962962963, 0.7692307692307693, 0.7211948790896159, 0.7470967741935484, 0.6354166666666667, 0.5357142857142857, 0.6405529953917051]
 mean: 0.6860981781777841, std: 0.1089957882193942
--------------------------------------------------
Subject Number: 15
Accuracy Cross: [0.43478260869565216, 0.5507246376811594, 0.43478260869565216, 0.4927536231884058, 0.5362318840579711, 0.4411764705882353, 0.4852941176470588, 0.6176470588235294, 0.5147058823529411, 0.5147058823529411, 0.5, 0.4264705882352941, 0.5441176470588235, 0.5294117647058824, 0.5735294117647058]
 mean: 0.5064222790565501, std: 0.0537900696930356
F1 Score: [0.4171539961013645, 0.5367121507472384, 0.3935091277890467, 0.4910432033719705, 0.5314091680814941, 0.42321428571428577, 0.48518278174345664, 0.6053571428571429, 0.48988406456012734, 0.5016655562958028, 0.4982638888888889, 0.4263465282284231, 0.5440190352584902, 0.5085817524841915, 0.5712111328549685]
 mean: 0.49490358766512615, std: 0.05776950292713999
Accuracy Intime: [0.6428571428571429, 0.6785714285714286, 0.6071428571428571, 0.5, 0.38461538461538464, 0.35714285714285715, 0.42857142857142855, 0.6428571428571429, 0.5769230769230769, 0.5384615384615384, 0.6428571428571429, 0.6071428571428571, 0.5, 0.46153846153846156, 0.4230769230769231]
 mean: 0.5327838827838828, std: 0.10118181555101372
F1 (Intime): [0.641025641025641, 0.6748387096774193, 0.5942028985507246, 0.49925925925925924, 0.38095238095238093, 0.35384615384615387, 0.41666666666666663, 0.641025641025641, 0.5712143928035982, 0.5357142857142857, 0.6428571428571429, 0.6066411238825031, 0.5, 0.4484848484848485, 0.4152923538230885]
 mean: 0.5281347665712902, std: 0.10256078235498886
--------------------------------------------------
Subject Number: 16
Accuracy Cross: [0.43283582089552236, 0.40298507462686567, 0.47761194029850745, 0.47761194029850745, 0.5223880597014925, 0.5671641791044776, 0.5074626865671642, 0.5522388059701493, 0.5522388059701493, 0.5074626865671642, 0.5373134328358209, 0.47761194029850745, 0.582089552238806, 0.47761194029850745, 0.5223880597014925]
 mean: 0.5064676616915421, std: 0.047968042957985874
F1 Score: [0.4171245421245421, 0.3714821763602252, 0.4537619380386676, 0.4265101491807288, 0.4895238095238095, 0.514856429463171, 0.47767540751240256, 0.544010889292196, 0.5130813953488372, 0.5003389830508475, 0.5369007803790413, 0.46029919447640966, 0.5705128205128205, 0.4771460423634337, 0.5197132616487455]
 mean: 0.4848625212850586, std: 0.05114983433464842
Accuracy Intime: [0.6428571428571429, 0.75, 0.7307692307692307, 0.6153846153846154, 0.5, 0.39285714285714285, 0.6785714285714286, 0.38461538461538464, 0.46153846153846156, 0.4230769230769231, 0.5357142857142857, 0.5, 0.5, 0.6923076923076923, 0.6538461538461539]
 mean: 0.5641025641025641, std: 0.11939931145059796
F1 (Intime): [0.6354166666666667, 0.7333333333333334, 0.7303703703703703, 0.6153846153846154, 0.49925925925925924, 0.3728590250329381, 0.6199095022624435, 0.38461538461538464, 0.40522875816993464, 0.4222222222222222, 0.5351213282247764, 0.4555555555555556, 0.4807987711213518, 0.6848484848484848, 0.6267942583732058]
 mean: 0.5467811690293696, std: 0.12084440786232262
--------------------------------------------------
Subject Number: 17
Accuracy Cross: [0.6176470588235294, 0.45588235294117646, 0.5588235294117647, 0.5294117647058824, 0.6764705882352942, 0.5652173913043478, 0.5942028985507246, 0.5797101449275363, 0.5797101449275363, 0.6376811594202898, 0.5441176470588235, 0.6911764705882353, 0.5735294117647058, 0.7205882352941176, 0.5147058823529411]
 mean: 0.5892583120204603, std: 0.06797865262435442
F1 Score: [0.508888888888889, 0.4461809377063614, 0.3870192307692308, 0.4743961352657005, 0.6304347826086957, 0.3611111111111111, 0.5328820116054158, 0.5490196078431373, 0.5490196078431373, 0.5777233782129743, 0.4728682170542635, 0.6512820512820513, 0.44214992927864216, 0.6844932844932845, 0.4736101337086559]
 mean: 0.5160719538447701, std: 0.09035325890854642
Accuracy Intime: [0.6428571428571429, 0.75, 0.6428571428571429, 0.5384615384615384, 0.6923076923076923, 0.6785714285714286, 0.6428571428571429, 0.6428571428571429, 0.6538461538461539, 0.6538461538461539, 0.7142857142857143, 0.7857142857142857, 0.8214285714285714, 0.6538461538461539, 0.5]
 mean: 0.6675824175824177, std: 0.07962294915488702
F1 (Intime): [0.6111111111111112, 0.7470967741935484, 0.5238095238095237, 0.5357142857142857, 0.5666666666666667, 0.6199095022624435, 0.6111111111111112, 0.5906432748538011, 0.6267942583732058, 0.5384615384615385, 0.65, 0.7754010695187166, 0.8008534850640114, 0.6267942583732058, 0.4932533733133433]
 mean: 0.6211746821884342, std: 0.08828624025054481
--------------------------------------------------
Subject Number: 18
Accuracy Cross: [0.6231884057971014, 0.5217391304347826, 0.6376811594202898, 0.4927536231884058, 0.6521739130434783, 0.5, 0.4117647058823529, 0.45588235294117646, 0.5294117647058824, 0.5147058823529411, 0.7142857142857143, 0.42857142857142855, 0.4714285714285714, 0.5857142857142857, 0.5285714285714286]
 mean: 0.537858157755856, std: 0.08450957804532572
F1 Score: [0.6224747474747474, 0.5012048192771085, 0.5532245532245532, 0.4557133198106829, 0.6166666666666667, 0.47786811201445345, 0.40350877192982454, 0.4098053014309172, 0.5257192676547515, 0.5016655562958028, 0.7023809523809523, 0.42669942669942673, 0.4293897334214585, 0.5787507781697447, 0.5206474372276406]
 mean: 0.5150479629119153, std: 0.08428314310822536
Accuracy Intime: [0.5714285714285714, 0.42857142857142855, 0.6428571428571429, 0.5, 0.46153846153846156, 0.4642857142857143, 0.6785714285714286, 0.75, 0.6785714285714286, 0.4230769230769231, 0.75, 0.5714285714285714, 0.5714285714285714, 0.34615384615384615, 0.5384615384615384]
 mean: 0.5584249084249084, std: 0.11894247258517214
F1 (Intime): [0.5692307692307692, 0.41666666666666663, 0.5625, 0.49925925925925924, 0.3680555555555556, 0.45806451612903226, 0.6415362731152205, 0.7211948790896159, 0.6748387096774193, 0.4152923538230885, 0.7211948790896159, 0.5692307692307692, 0.5508021390374331, 0.3373313343328336, 0.5357142857142857]
 mean: 0.5360608259967709, std: 0.11720281661494379
--------------------------------------------------
Subject Number: 19
Accuracy Cross: [0.4925373134328358, 0.47761194029850745, 0.5373134328358209, 0.5970149253731343, 0.5522388059701493, 0.5882352941176471, 0.5147058823529411, 0.5294117647058824, 0.5, 0.47058823529411764, 0.5441176470588235, 0.5294117647058824, 0.5882352941176471, 0.5882352941176471, 0.5735294117647058]
 mean: 0.5388791337430494, std: 0.04077331922459278
F1 Score: [0.3543083900226757, 0.4460193716040633, 0.4212872666480914, 0.5255704169944926, 0.3557692307692308, 0.5041666666666667, 0.48235294117647065, 0.5142857142857142, 0.49607672188317353, 0.4535714285714286, 0.5268237934904602, 0.5190097259062776, 0.575, 0.5878787878787879, 0.5712111328549685]
 mean: 0.48888877258350016, std: 0.06935107613293223
Accuracy Intime: [0.5714285714285714, 0.6428571428571429, 0.5357142857142857, 0.5384615384615384, 0.6153846153846154, 0.6785714285714286, 0.75, 0.7692307692307693, 0.6538461538461539, 0.46153846153846156, 0.6785714285714286, 0.7142857142857143, 0.6923076923076923, 0.5769230769230769, 0.6153846153846154]
 mean: 0.6329670329670329, std: 0.08262976350376906
F1 (Intime): [0.5692307692307692, 0.6428571428571429, 0.5204216073781291, 0.5357142857142857, 0.5112781954887218, 0.6679841897233202, 0.7211948790896159, 0.7636363636363637, 0.6491754122938531, 0.4484848484848485, 0.5902439024390245, 0.672514619883041, 0.6601307189542484, 0.5762962962962963, 0.606060606060606]
 mean: 0.6090149225020177, std: 0.08202893882441138
--------------------------------------------------
Subject Number: 20
Accuracy Cross: [0.582089552238806, 0.6417910447761194, 0.6716417910447762, 0.5671641791044776, 0.5373134328358209, 0.5671641791044776, 0.6119402985074627, 0.4925373134328358, 0.6268656716417911, 0.5522388059701493, 0.5217391304347826, 0.6376811594202898, 0.6666666666666666, 0.5507246376811594, 0.5652173913043478]
 mean: 0.5861850169442643, std: 0.052117603059149004
F1 Score: [0.3987179487179487, 0.6171428571428572, 0.6079787234042553, 0.5034500383337592, 0.3768376837683768, 0.39148136548700285, 0.5224780701754386, 0.47268518518518515, 0.5978391356542617, 0.49242424242424243, 0.47787204769548264, 0.5662559718380689, 0.6207885304659498, 0.5179175118323192, 0.5371198568872988]
 mean: 0.5133992779341631, std: 0.07829580333303282
Accuracy Intime: [0.6785714285714286, 0.6785714285714286, 0.6153846153846154, 0.6153846153846154, 0.6538461538461539, 0.6785714285714286, 0.7142857142857143, 0.5769230769230769, 0.38461538461538464, 0.4230769230769231, 0.6428571428571429, 0.5714285714285714, 0.8076923076923077, 0.46153846153846156, 0.5]
 mean: 0.6001831501831503, std: 0.11199390345356429
F1 (Intime): [0.5902439024390245, 0.5902439024390245, 0.5486111111111112, 0.6153846153846154, 0.5783783783783785, 0.6415362731152205, 0.7083333333333333, 0.5762962962962963, 0.38095238095238093, 0.4009216589861751, 0.641025641025641, 0.4285714285714286, 0.8050974512743628, 0.4484848484848485, 0.4609250398724083]
 mean: 0.5610004174442834, std: 0.11483107667400881
--------------------------------------------------
Subject Number: 21
Accuracy Cross: [0.4857142857142857, 0.5428571428571428, 0.5, 0.4714285714285714, 0.5714285714285714, 0.4117647058823529, 0.5294117647058824, 0.4117647058823529, 0.6470588235294118, 0.4264705882352941, 0.5507246376811594, 0.5652173913043478, 0.43478260869565216, 0.5072463768115942, 0.6086956521739131]
 mean: 0.5109710550887021, std: 0.06955546513967534
F1 Score: [0.4701429772918419, 0.5333333333333333, 0.4873404477924252, 0.46871794871794875, 0.5700245700245701, 0.4097222222222222, 0.5277777777777778, 0.40714908456843946, 0.6392572944297081, 0.41624477217697553, 0.5251942286348501, 0.5108695652173914, 0.4343073365566533, 0.4891114982578397, 0.5918948521358159]
 mean: 0.4987391939425195, std: 0.0661327617387378
Accuracy Intime: [0.5357142857142857, 0.4642857142857143, 0.7142857142857143, 0.4230769230769231, 0.38461538461538464, 0.42857142857142855, 0.39285714285714285, 0.5357142857142857, 0.4642857142857143, 0.5, 0.5714285714285714, 0.6071428571428571, 0.6071428571428571, 0.5769230769230769, 0.46153846153846156]
 mean: 0.511172161172161, std: 0.08959844733110892
F1 (Intime): [0.5303225806451612, 0.46360153256704983, 0.7083333333333333, 0.4152923538230885, 0.38095238095238093, 0.41666666666666663, 0.3728590250329381, 0.5351213282247764, 0.45806451612903226, 0.4932533733133433, 0.5333333333333333, 0.6025806451612903, 0.5942028985507246, 0.5606758832565284, 0.45833333333333337]
 mean: 0.5015728789548652, std: 0.08908061447496031
--------------------------------------------------
Subject Number: 22
Accuracy Cross: [0.6911764705882353, 0.6029411764705882, 0.5, 0.6323529411764706, 0.6176470588235294, 0.5285714285714286, 0.44285714285714284, 0.4857142857142857, 0.5, 0.5428571428571428, 0.5405405405405406, 0.6216216216216216, 0.6216216216216216, 0.4594594594594595, 0.581081081081081]
 mean: 0.5578961314255432, std: 0.07013859086703923
F1 Score: [0.6828780812791473, 0.5826324164582859, 0.4839285714285714, 0.6184062850729517, 0.5729468599033817, 0.5166352793471437, 0.4418319362093641, 0.45736434108527135, 0.49159576675658845, 0.5413595413595413, 0.5116459627329193, 0.6114028507126781, 0.5849358974358975, 0.45588235294117646, 0.5677407198040324]
 mean: 0.5414124575017968, std: 0.06718234807381139
Accuracy Intime: [0.7857142857142857, 0.6071428571428571, 0.6071428571428571, 0.5357142857142857, 0.6428571428571429, 0.6785714285714286, 0.6071428571428571, 0.6071428571428571, 0.5384615384615384, 0.5, 0.5714285714285714, 0.7142857142857143, 0.5714285714285714, 0.5769230769230769, 0.5384615384615384]
 mean: 0.6054945054945055, std: 0.07265639557130092
F1 (Intime): [0.7846153846153847, 0.561877667140825, 0.6025806451612903, 0.5303225806451612, 0.5625, 0.6748387096774193, 0.6066411238825031, 0.6066411238825031, 0.5272727272727272, 0.4807987711213518, 0.5333333333333333, 0.6888888888888889, 0.5508021390374331, 0.5712143928035982, 0.4901960784313726]
 mean: 0.5848349043929194, std: 0.07797142840717936
--------------------------------------------------
Subject Number: 23
Accuracy Cross: [0.7352941176470589, 0.7352941176470589, 0.6029411764705882, 0.5147058823529411, 0.5882352941176471, 0.7313432835820896, 0.6417910447761194, 0.5373134328358209, 0.5223880597014925, 0.5522388059701493, 0.4782608695652174, 0.5362318840579711, 0.5797101449275363, 0.6956521739130435, 0.5797101449275363]
 mean: 0.6020740288328181, std: 0.0832898558996789
F1 Score: [0.7102272727272727, 0.7102272727272727, 0.45984112974404234, 0.4736101337086559, 0.5492424242424242, 0.7020750988142292, 0.5723404255319149, 0.5161891451199627, 0.5091575091575091, 0.544010889292196, 0.4590592334494774, 0.5241379310344827, 0.5321487023614684, 0.6537634408602151, 0.5782929399367756]
 mean: 0.5662882365805265, std: 0.08509944333568173
Accuracy Intime: [0.9642857142857143, 0.8928571428571429, 0.5769230769230769, 0.5769230769230769, 0.6538461538461539, 0.9642857142857143, 0.6785714285714286, 0.5, 0.6153846153846154, 0.6153846153846154, 0.5, 0.7857142857142857, 0.7692307692307693, 0.6153846153846154, 0.5384615384615384]
 mean: 0.6831501831501832, std: 0.15170762056034381
F1 (Intime): [0.9631093544137023, 0.8857142857142857, 0.519327731092437, 0.5438596491228069, 0.6267942583732058, 0.9631093544137023, 0.6199095022624435, 0.48958333333333337, 0.6130952380952381, 0.606060606060606, 0.4555555555555556, 0.7754010695187166, 0.7678571428571428, 0.6130952380952381, 0.5357142857142857]
 mean: 0.66521244030818, std: 0.16100176944899222
--------------------------------------------------
Subject Number: 24
Accuracy Cross: [0.582089552238806, 0.6119402985074627, 0.5970149253731343, 0.4626865671641791, 0.582089552238806, 0.47058823529411764, 0.45588235294117646, 0.5, 0.4852941176470588, 0.6470588235294118, 0.5797101449275363, 0.5362318840579711, 0.4782608695652174, 0.5797101449275363, 0.5797101449275363]
 mean: 0.54321784088933, std: 0.06016417600638174
F1 Score: [0.574410163339383, 0.6011904761904762, 0.5483146067415731, 0.45675675675675675, 0.5797491039426523, 0.3952569169960475, 0.45482123510292527, 0.49956709956709955, 0.4797814207650273, 0.6467532467532467, 0.5739833936555248, 0.5361344537815126, 0.46923076923076923, 0.5782929399367756, 0.5765079365079364]
 mean: 0.5313833679511805, std: 0.06644988621462053
Accuracy Intime: [0.6071428571428571, 0.6071428571428571, 0.6071428571428571, 0.38461538461538464, 0.46153846153846156, 0.5714285714285714, 0.5, 0.5384615384615384, 0.5384615384615384, 0.7307692307692307, 0.7142857142857143, 0.5357142857142857, 0.5769230769230769, 0.5, 0.5384615384615384]
 mean: 0.5608058608058608, std: 0.08550897423324663
F1 (Intime): [0.6025806451612903, 0.6025806451612903, 0.6066411238825031, 0.3696969696969697, 0.46153846153846156, 0.5333333333333333, 0.49743589743589745, 0.5384615384615384, 0.5272727272727272, 0.7097288676236044, 0.7128205128205127, 0.5303225806451612, 0.5762962962962963, 0.49925925925925924, 0.5125]
 mean: 0.5520312572392564, std: 0.08555085383009281
--------------------------------------------------
Subject Number: 25
Accuracy Cross: [0.6376811594202898, 0.6086956521739131, 0.5797101449275363, 0.5942028985507246, 0.6521739130434783, 0.5735294117647058, 0.6764705882352942, 0.6029411764705882, 0.6764705882352942, 0.6029411764705882, 0.5694444444444444, 0.6805555555555556, 0.5, 0.6527777777777778, 0.4444444444444444]
 mean: 0.6034692621009757, std: 0.06392793247747584
F1 Score: [0.521497919556172, 0.5439412484700122, 0.4449375866851595, 0.491578947368421, 0.5490196078431372, 0.3644859813084112, 0.6386473429951691, 0.514670896114195, 0.652093023255814, 0.569317382125264, 0.4362212679969689, 0.6186967533962698, 0.48035284683239776, 0.595959595959596, 0.4375]
 mean: 0.5239280266604659, std: 0.0802941053769044
Accuracy Intime: [0.7857142857142857, 0.35714285714285715, 0.6428571428571429, 0.4230769230769231, 0.6153846153846154, 0.6428571428571429, 0.6428571428571429, 0.6785714285714286, 0.6785714285714286, 0.7307692307692307, 0.6785714285714286, 0.6428571428571429, 0.6785714285714286, 0.6538461538461539, 0.46153846153846156]
 mean: 0.6208791208791209, std: 0.11245182610728803
F1 (Intime): [0.7543859649122806, 0.35384615384615387, 0.5625, 0.4222222222222222, 0.5112781954887218, 0.5625, 0.6111111111111112, 0.6199095022624435, 0.6415362731152205, 0.6941176470588235, 0.6199095022624435, 0.5906432748538011, 0.6748387096774193, 0.5783783783783785, 0.40522875816993464]
 mean: 0.573493712890597, std: 0.10701038233769233
--------------------------------------------------
Subject Number: 26
Accuracy Cross: [0.463768115942029, 0.5652173913043478, 0.6521739130434783, 0.6521739130434783, 0.6086956521739131, 0.6142857142857143, 0.5857142857142857, 0.6142857142857143, 0.5714285714285714, 0.6857142857142857, 0.5882352941176471, 0.6323529411764706, 0.7058823529411765, 0.6764705882352942, 0.6029411764705882]
 mean: 0.6146226606584663, std: 0.05721863167519649
F1 Score: [0.3899641577060932, 0.5436507936507937, 0.5892857142857143, 0.6086956521739131, 0.5864594894561599, 0.590110605074821, 0.5527649261951972, 0.5468712538959482, 0.5333333333333333, 0.615, 0.5641025641025641, 0.6257979308826767, 0.6458333333333333, 0.6386473429951691, 0.5610805641883816]
 mean: 0.5727731774182733, std: 0.05968182270667042
Accuracy Intime: [0.7857142857142857, 0.6428571428571429, 0.5, 0.5, 0.7307692307692307, 0.5714285714285714, 0.7142857142857143, 0.75, 0.5384615384615384, 0.6538461538461539, 0.7857142857142857, 0.6785714285714286, 0.75, 0.5357142857142857, 0.6153846153846154]
 mean: 0.6501831501831502, std: 0.09874156173381236
F1 (Intime): [0.78125, 0.6111111111111112, 0.4269005847953216, 0.4609250398724083, 0.6941176470588235, 0.5625, 0.6888888888888889, 0.7211948790896159, 0.5272727272727272, 0.5783783783783785, 0.7666666666666666, 0.6679841897233202, 0.7043740573152337, 0.5351213282247764, 0.4583333333333333]
 mean: 0.6123345887820405, std: 0.11140944419034923
--------------------------------------------------
Subject Number: 27
Accuracy Cross: [0.6176470588235294, 0.45588235294117646, 0.5588235294117647, 0.5294117647058824, 0.6764705882352942, 0.5652173913043478, 0.5942028985507246, 0.5797101449275363, 0.5797101449275363, 0.6376811594202898, 0.5441176470588235, 0.6911764705882353, 0.5735294117647058, 0.7205882352941176, 0.5147058823529411]
 mean: 0.5892583120204603, std: 0.06797865262435442
F1 Score: [0.508888888888889, 0.4461809377063614, 0.3870192307692308, 0.4743961352657005, 0.6304347826086957, 0.3611111111111111, 0.5328820116054158, 0.5490196078431373, 0.5490196078431373, 0.5777233782129743, 0.4728682170542635, 0.6512820512820513, 0.44214992927864216, 0.6844932844932845, 0.4736101337086559]
 mean: 0.5160719538447701, std: 0.09035325890854642
Accuracy Intime: [0.6428571428571429, 0.75, 0.6428571428571429, 0.5384615384615384, 0.6923076923076923, 0.6785714285714286, 0.6428571428571429, 0.6428571428571429, 0.6538461538461539, 0.6538461538461539, 0.7142857142857143, 0.7857142857142857, 0.8214285714285714, 0.6538461538461539, 0.5]
 mean: 0.6675824175824177, std: 0.07962294915488702
F1 (Intime): [0.6111111111111112, 0.7470967741935484, 0.5238095238095237, 0.5357142857142857, 0.5666666666666667, 0.6199095022624435, 0.6111111111111112, 0.5906432748538011, 0.6267942583732058, 0.5384615384615385, 0.65, 0.7754010695187166, 0.8008534850640114, 0.6267942583732058, 0.4932533733133433]
 mean: 0.6211746821884342, std: 0.08828624025054481
--------------------------------------------------
Subject Number: 28
Accuracy Cross: [0.582089552238806, 0.7014925373134329, 0.6268656716417911, 0.6716417910447762, 0.5671641791044776, 0.6029411764705882, 0.8382352941176471, 0.6911764705882353, 0.75, 0.5294117647058824, 0.3611111111111111, 0.3888888888888889, 0.3472222222222222, 0.3888888888888889, 0.375]
 mean: 0.5614753032224498, std: 0.1524418138806271
F1 Score: [0.5365612648221344, 0.6753875968992249, 0.581772784019975, 0.6587962962962963, 0.514856429463171, 0.5986885245901639, 0.8274509803921568, 0.6333761232349165, 0.7236433181926847, 0.5190097259062776, 0.2953191489361702, 0.2972493345164152, 0.25773195876288657, 0.28, 0.3039742212674543]
 mean: 0.5135878471533285, std: 0.1779708427098041
Accuracy Intime: [0.7142857142857143, 0.39285714285714285, 0.6428571428571429, 0.3076923076923077, 0.7307692307692307, 0.5714285714285714, 0.6071428571428571, 0.6153846153846154, 0.5, 0.7307692307692307, 0.9285714285714286, 0.8571428571428571, 0.9230769230769231, 0.7692307692307693, 0.9615384615384616]
 mean: 0.6835164835164835, std: 0.18650103202789553
F1 (Intime): [0.672514619883041, 0.35238095238095235, 0.6111111111111112, 0.3035714285714286, 0.6941176470588235, 0.5333333333333333, 0.5809523809523809, 0.5112781954887218, 0.4609250398724083, 0.7097288676236044, 0.9282051282051282, 0.8571428571428571, 0.9226190476190477, 0.7636363636363637, 0.9585326953748006]
 mean: 0.6573366445502669, std: 0.19856492286952604
--------------------------------------------------
Subject Number: 29
Accuracy Cross: [0.7611940298507462, 0.7164179104477612, 0.6716417910447762, 0.6268656716417911, 0.6567164179104478, 0.7058823529411765, 0.6176470588235294, 0.6470588235294118, 0.5441176470588235, 0.6764705882352942, 0.7142857142857143, 0.5571428571428572, 0.6571428571428571, 0.6571428571428571, 0.6571428571428571]
 mean: 0.6577912956227266, std: 0.05532431050419796
F1 Score: [0.7225672877846792, 0.7034707663638481, 0.5821995464852607, 0.5978391356542617, 0.5552669552669552, 0.6348012889366272, 0.5814393939393939, 0.6204651162790698, 0.5416394868449663, 0.6458333333333333, 0.6598639455782314, 0.44909875602944904, 0.6195652173913043, 0.56656346749226, 0.6114708603145236]
 mean: 0.6061389705129443, std: 0.06478402793547057
Accuracy Intime: [0.8214285714285714, 0.8571428571428571, 0.6428571428571429, 0.6153846153846154, 0.7307692307692307, 0.8571428571428571, 0.5714285714285714, 0.6538461538461539, 0.5384615384615384, 0.6153846153846154, 0.8214285714285714, 0.6071428571428571, 0.6538461538461539, 0.46153846153846156, 0.6923076923076923]
 mean: 0.6760073260073259, std: 0.11581754932818275
F1 (Intime): [0.8095238095238095, 0.8541666666666667, 0.5625, 0.6130952380952381, 0.7097288676236044, 0.8444444444444444, 0.5333333333333333, 0.6491754122938531, 0.5357142857142857, 0.5486111111111112, 0.8008534850640114, 0.5354449472096531, 0.6405529953917051, 0.3680555555555556, 0.6388888888888888]
 mean: 0.6429392693944107, std: 0.13399407567441218
--------------------------------------------------
**************************************************
accuracy_cross_list: [0.5725176784000313, 0.5434137757667169, 0.5208740204942737, 0.6129691564474172, 0.6318426501035198, 0.519143413367943, 0.5882210855356635, 0.5635188568180897, 0.5538759981604583, 0.5192750991216359, 0.5140795680591077, 0.6170252743104595, 0.5331322682652988, 0.5687269110542768, 0.5064222790565501, 0.5064676616915421, 0.5892583120204603, 0.537858157755856, 0.5388791337430494, 0.5861850169442643, 0.5109710550887021, 0.5578961314255432, 0.6020740288328181, 0.54321784088933, 0.6034692621009757, 0.6146226606584663, 0.5892583120204603, 0.5614753032224498, 0.6577912956227266]
f1_score_list: [0.5303930231791185, 0.4989840089348191, 0.4973387569412505, 0.5304609127183576, 0.5766742387158373, 0.4933273838486424, 0.564499677761079, 0.5115907125640573, 0.5225311191327943, 0.5008813685584722, 0.484479814623144, 0.5612118897644912, 0.521839541938157, 0.546236391044827, 0.49490358766512615, 0.4848625212850586, 0.5160719538447701, 0.5150479629119153, 0.48888877258350016, 0.5133992779341631, 0.4987391939425195, 0.5414124575017968, 0.5662882365805265, 0.5313833679511805, 0.5239280266604659, 0.5727731774182733, 0.5160719538447701, 0.5135878471533285, 0.6061389705129443]
accuracy_intime_list: [0.6219826007326006, 0.5906593406593407, 0.5633699633699634, 0.658974358974359, 0.6811355311355312, 0.5584249084249086, 0.6305860805860806, 0.6254578754578756, 0.6093406593406593, 0.5335164835164836, 0.5628205128205128, 0.6630036630036629, 0.5357142857142857, 0.6937728937728935, 0.5327838827838828, 0.5641025641025641, 0.6675824175824177, 0.5584249084249084, 0.6329670329670329, 0.6001831501831503, 0.511172161172161, 0.6054945054945055, 0.6831501831501832, 0.5608058608058608, 0.6208791208791209, 0.6501831501831502, 0.6675824175824177, 0.6835164835164835, 0.6760073260073259]
f1_score_intime_list: [0.6055852547909087, 0.5786882826179041, 0.5446458729800124, 0.628461812494633, 0.6232601166000955, 0.542855948750784, 0.6086945965362512, 0.6024767904192279, 0.5797294059852843, 0.5164133963273995, 0.5481652137255609, 0.6374920394891014, 0.5181134254645761, 0.6860981781777841, 0.5281347665712902, 0.5467811690293696, 0.6211746821884342, 0.5360608259967709, 0.6090149225020177, 0.5610004174442834, 0.5015728789548652, 0.5848349043929194, 0.66521244030818, 0.5520312572392564, 0.573493712890597, 0.6123345887820405, 0.6211746821884342, 0.6573366445502669, 0.6429392693944107]
**************************************************
ACC: 56.43±4.06
F1: 52.50±3.04
Intime: 61.18±5.38
F1 (Intime): 58.74±4.78
