1e-04
Subject Number: 1
Accuracy Cross: [0.27586206896551724, 0.2620689655172414, 0.23448275862068965, 0.30344827586206896, 0.27586206896551724, 0.3028571428571429, 0.3028571428571429, 0.18857142857142858, 0.2742857142857143, 0.2571428571428571, 0.25862068965517243, 0.22413793103448276, 0.3505747126436782, 0.28735632183908044, 0.27011494252873564]
 mean: 0.27121620142309794, std: 0.03695901362009235
F1 Score: [0.27519380399791327, 0.2591721796626794, 0.19547014819826536, 0.2970646056587773, 0.22389089892981953, 0.2947129122850173, 0.2888195722380943, 0.17258446678865852, 0.2464405160057334, 0.2582327861804392, 0.20801865695482716, 0.2106268899800086, 0.3254732076649885, 0.26611983360171765, 0.2648947116115379]
 mean: 0.25244767931723183, std: 0.04128733084367974
Accuracy Intime: [0.2571428571428571, 0.38571428571428573, 0.3, 0.3142857142857143, 0.3235294117647059, 0.25862068965517243, 0.27586206896551724, 0.3448275862068966, 0.3448275862068966, 0.20689655172413793, 0.29310344827586204, 0.25862068965517243, 0.3620689655172414, 0.3275862068965517, 0.29310344827586204]
 mean: 0.3030793006857916, std: 0.04560866035232095
F1 (Intime): [0.24506372732179185, 0.3882882882882883, 0.2863802863802864, 0.28781512605042014, 0.3070449245362121, 0.23124599440388915, 0.2661072623029145, 0.30524580524580525, 0.2946757998719823, 0.21027988215488214, 0.26880341880341885, 0.23232323232323232, 0.2858745742336205, 0.3247555101003377, 0.27012544802867383]
 mean: 0.280268618669717, std: 0.042107895467848
--------------------------------------------------
Subject Number: 2
Accuracy Cross: [0.3055555555555556, 0.3402777777777778, 0.3055555555555556, 0.2986111111111111, 0.2916666666666667, 0.2413793103448276, 0.3103448275862069, 0.296551724137931, 0.3448275862068966, 0.3724137931034483, 0.3236994219653179, 0.23121387283236994, 0.41040462427745666, 0.3179190751445087, 0.32947976878612717]
 mean: 0.31466004473678383, std: 0.04321476119082416
F1 Score: [0.23036413347418133, 0.29027080544819256, 0.21475621580299792, 0.23127480158730157, 0.21520202020202017, 0.23385436505777146, 0.25331350976310835, 0.2408707612420245, 0.31401527534250645, 0.3090993265993266, 0.29861713447181903, 0.22901710490916558, 0.3975289365806607, 0.30159018549280175, 0.29164839888244143]
 mean: 0.27009486499042124, std: 0.04876093294403039
Accuracy Intime: [0.4482758620689655, 0.603448275862069, 0.3793103448275862, 0.3793103448275862, 0.3275862068965517, 0.20689655172413793, 0.3103448275862069, 0.3620689655172414, 0.25862068965517243, 0.2857142857142857, 0.41379310344827586, 0.25862068965517243, 0.3448275862068966, 0.46551724137931033, 0.35714285714285715]
 mean: 0.36009852216748767, std: 0.09490571067966895
F1 (Intime): [0.36432078559738135, 0.5610923423423424, 0.281663929939792, 0.3486111111111111, 0.33021332369158457, 0.21027479091995221, 0.27478862342563926, 0.35034849596478357, 0.21614959114959112, 0.26181392931392933, 0.38115129092572697, 0.2714285714285714, 0.2900699300699301, 0.416971916971917, 0.32741349982729295]
 mean: 0.3257541421786364, std: 0.08470103995650154
--------------------------------------------------
Subject Number: 3
Accuracy Cross: [0.2222222222222222, 0.2361111111111111, 0.3472222222222222, 0.2916666666666667, 0.2847222222222222, 0.2857142857142857, 0.23809523809523808, 0.23809523809523808, 0.17687074829931973, 0.21768707482993196, 0.2542372881355932, 0.24293785310734464, 0.3050847457627119, 0.2655367231638418, 0.1864406779661017]
 mean: 0.25284295450760347, std: 0.043643616617316056
F1 Score: [0.1804951851710882, 0.22852916936211892, 0.3396095402021346, 0.28208661962086623, 0.263856002384227, 0.2832984638312507, 0.2398991809397002, 0.23729841960974038, 0.1614752618273745, 0.2046924182261863, 0.23282873695560796, 0.21888071125063435, 0.29728438014080044, 0.26114263640238705, 0.17529416777812884]
 mean: 0.24044472624681643, std: 0.047356465243666206
Accuracy Intime: [0.35, 0.31666666666666665, 0.3275862068965517, 0.1724137931034483, 0.29310344827586204, 0.3448275862068966, 0.27586206896551724, 0.2413793103448276, 0.3275862068965517, 0.2857142857142857, 0.3103448275862069, 0.3620689655172414, 0.3275862068965517, 0.3103448275862069, 0.35714285714285715]
 mean: 0.30684181718664477, std: 0.047783492614616535
F1 (Intime): [0.33571428571428574, 0.31567028985507245, 0.32000785173996954, 0.15142292490118575, 0.24037356321839082, 0.3337754199823165, 0.2425913547237077, 0.24327294685990336, 0.2838345864661654, 0.28300743374272785, 0.2845957605009967, 0.32627421471815066, 0.32155810983397193, 0.3102558398220244, 0.3177124183006536]
 mean: 0.28733780002530146, std: 0.04841674571091112
--------------------------------------------------
Subject Number: 4
Accuracy Cross: [0.2689655172413793, 0.3310344827586207, 0.3448275862068966, 0.2896551724137931, 0.33793103448275863, 0.25517241379310346, 0.2827586206896552, 0.2827586206896552, 0.3310344827586207, 0.30344827586206896, 0.41954022988505746, 0.25287356321839083, 0.28735632183908044, 0.3620689655172414, 0.367816091954023]
 mean: 0.31448275862068964, std: 0.04548743170313212
F1 Score: [0.20720351077493934, 0.31543762866150993, 0.3158701763352926, 0.258059208878881, 0.33578407879653105, 0.2505822789283947, 0.26816571790006327, 0.24244294364229155, 0.25393139732688885, 0.26991454541200693, 0.41581402831402836, 0.23280872177931, 0.27595904341117894, 0.354609563123495, 0.38955524793649515]
 mean: 0.29240920608142046, std: 0.058069078881589874
Accuracy Intime: [0.3793103448275862, 0.27586206896551724, 0.25862068965517243, 0.25862068965517243, 0.3275862068965517, 0.3620689655172414, 0.2413793103448276, 0.3275862068965517, 0.29310344827586204, 0.3620689655172414, 0.41379310344827586, 0.3448275862068966, 0.3448275862068966, 0.41379310344827586, 0.3620689655172414]
 mean: 0.3310344827586207, std: 0.053122850612833755
F1 (Intime): [0.3735328291779904, 0.22242562929061785, 0.23259437321937323, 0.24995173745173746, 0.30158730158730157, 0.33095946048974556, 0.21348796394168446, 0.315214626391097, 0.2725277725277725, 0.294791908858405, 0.42303866366366366, 0.34354757085020243, 0.3386417942869555, 0.40220940050661413, 0.34733893557422973]
 mean: 0.3107899978544927, std: 0.06186078296473102
--------------------------------------------------
Subject Number: 5
Accuracy Cross: [0.2827586206896552, 0.296551724137931, 0.31724137931034485, 0.23448275862068965, 0.2413793103448276, 0.40540540540540543, 0.34459459459459457, 0.3310810810810811, 0.40540540540540543, 0.34459459459459457, 0.32653061224489793, 0.2585034013605442, 0.30612244897959184, 0.3333333333333333, 0.35374149659863946]
 mean: 0.31878174444676904, std: 0.049443961263073447
F1 Score: [0.2711375444353295, 0.2858899280706455, 0.32205347210437996, 0.2255933971526755, 0.23729642763330705, 0.42047423620611035, 0.3428030303030303, 0.2914707949514156, 0.4210095050803015, 0.31435737685737686, 0.3087183518787292, 0.26343136856092964, 0.3227735673597856, 0.350803329461866, 0.37766351996127134]
 mean: 0.3170317233344769, std: 0.05683203968141095
Accuracy Intime: [0.55, 0.48333333333333334, 0.5, 0.3103448275862069, 0.27586206896551724, 0.5, 0.3793103448275862, 0.3103448275862069, 0.3448275862068966, 0.3620689655172414, 0.5517241379310345, 0.3620689655172414, 0.3620689655172414, 0.3448275862068966, 0.3448275862068966]
 mean: 0.3987739463601533, std: 0.08862083045510297
F1 (Intime): [0.5677536231884058, 0.49658378136200715, 0.5139376389376389, 0.3003565062388592, 0.2513907597778565, 0.5007440476190477, 0.37313100916042086, 0.3116544117647059, 0.2846638655462185, 0.36111758310034175, 0.5412215472699344, 0.34792965573326107, 0.3875522314336444, 0.30385395537525356, 0.31771262992905464]
 mean: 0.39064021642911, std: 0.10114890695576868
--------------------------------------------------
Subject Number: 6
Accuracy Cross: [0.2777777777777778, 0.2847222222222222, 0.25, 0.2569444444444444, 0.3263888888888889, 0.24489795918367346, 0.23129251700680273, 0.2789115646258503, 0.3129251700680272, 0.19727891156462585, 0.2108843537414966, 0.23809523809523808, 0.21768707482993196, 0.2789115646258503, 0.2789115646258503]
 mean: 0.2590419501133787, std: 0.03556494650054787
F1 Score: [0.22535326086956523, 0.24714285714285714, 0.2005075083426029, 0.24540162793016174, 0.2895167485614066, 0.2355523044307291, 0.22590045289631333, 0.26491241086399836, 0.2883871179325725, 0.17711133858565753, 0.19205501002116201, 0.2215144590949955, 0.1761690551164235, 0.27610153256704983, 0.2507746853061359]
 mean: 0.2344266913107754, std: 0.035693238727706154
Accuracy Intime: [0.35, 0.3333333333333333, 0.41379310344827586, 0.25862068965517243, 0.3448275862068966, 0.27586206896551724, 0.3620689655172414, 0.27586206896551724, 0.3103448275862069, 0.30357142857142855, 0.3448275862068966, 0.3620689655172414, 0.2413793103448276, 0.27586206896551724, 0.3392857142857143]
 mean: 0.3194471811713191, std: 0.04558575525518899
F1 (Intime): [0.3362781645743106, 0.337202380952381, 0.3898729946524064, 0.21156862745098037, 0.33808657808426534, 0.2750754992134303, 0.32554945054945056, 0.2768508219008775, 0.2755915409642118, 0.275089605734767, 0.2787346711259755, 0.33106825991076466, 0.23343769291824673, 0.2750094732853353, 0.3010416666666667]
 mean: 0.29736382853227133, std: 0.04430464614581324
--------------------------------------------------
Subject Number: 7
Accuracy Cross: [0.21768707482993196, 0.23809523809523808, 0.2857142857142857, 0.3741496598639456, 0.23809523809523808, 0.2465753424657534, 0.3150684931506849, 0.3356164383561644, 0.3287671232876712, 0.273972602739726, 0.29931972789115646, 0.29931972789115646, 0.3673469387755102, 0.32653061224489793, 0.272108843537415]
 mean: 0.2945578231292517, std: 0.04587729560825516
F1 Score: [0.19556591101452503, 0.20576709005280436, 0.25633078162662193, 0.3703582166312696, 0.24309745912806976, 0.24475277841278772, 0.3158379830808444, 0.3279784240150094, 0.3251420970927611, 0.26777330797027604, 0.2642235455794778, 0.2825653148021569, 0.33470655490259815, 0.34788700408583373, 0.2703405489309745]
 mean: 0.28348846782173404, std: 0.050006618563160125
Accuracy Intime: [0.4, 0.46551724137931033, 0.25862068965517243, 0.20689655172413793, 0.3275862068965517, 0.36666666666666664, 0.35, 0.3448275862068966, 0.3793103448275862, 0.27586206896551724, 0.38333333333333336, 0.3103448275862069, 0.3103448275862069, 0.41379310344827586, 0.29310344827586204]
 mean: 0.33908045977011503, std: 0.06408840560327297
F1 (Intime): [0.3733396584440228, 0.4743499511241447, 0.25261904761904763, 0.1988949275362319, 0.3233266450583938, 0.3555694879832811, 0.3468933027756557, 0.34397849462365593, 0.38383838383838387, 0.26268297641637295, 0.35252682100508187, 0.31001877453490356, 0.262485966319166, 0.3918783422459893, 0.23266550522648083]
 mean: 0.32433788565005417, std: 0.06966000556009865
--------------------------------------------------
Subject Number: 8
Accuracy Cross: [0.29333333333333333, 0.26, 0.29333333333333333, 0.3466666666666667, 0.30666666666666664, 0.2702702702702703, 0.25675675675675674, 0.2635135135135135, 0.34459459459459457, 0.2702702702702703, 0.2653061224489796, 0.32653061224489793, 0.2653061224489796, 0.29931972789115646, 0.3401360544217687]
 mean: 0.29346693632407916, std: 0.03157118929764921
F1 Score: [0.17947233568112864, 0.2184121434121434, 0.24673708168853803, 0.3083531418705172, 0.2698000104614721, 0.2527448397013614, 0.2517881599834451, 0.2539062854936168, 0.3275854223594639, 0.2649411258899575, 0.13948732968844918, 0.2827260458839406, 0.2659419502760524, 0.29780338941041606, 0.31036507780341216]
 mean: 0.25800428930692765, std: 0.04799632845149118
Accuracy Intime: [0.31666666666666665, 0.2833333333333333, 0.3275862068965517, 0.3275862068965517, 0.20689655172413793, 0.35, 0.31666666666666665, 0.3620689655172414, 0.3275862068965517, 0.25862068965517243, 0.35, 0.38333333333333336, 0.21666666666666667, 0.3275862068965517, 0.3103448275862069]
 mean: 0.3109961685823755, std: 0.04850604976511545
F1 (Intime): [0.18557692307692308, 0.26914795730585206, 0.320516983016983, 0.30577175697865355, 0.19748026624948695, 0.3563127069009422, 0.30780518659076533, 0.3644598155467721, 0.23405701754385966, 0.24136955291454443, 0.3022227388979307, 0.37440342705997354, 0.20286357786357787, 0.33050990675990677, 0.2842010941331824]
 mean: 0.2851132607226236, std: 0.05945008573108784
--------------------------------------------------
Subject Number: 9
Accuracy Cross: [0.22377622377622378, 0.3706293706293706, 0.22377622377622378, 0.2867132867132867, 0.2727272727272727, 0.19863013698630136, 0.2671232876712329, 0.273972602739726, 0.23972602739726026, 0.3150684931506849, 0.32653061224489793, 0.2925170068027211, 0.3333333333333333, 0.24489795918367346, 0.29931972789115646]
 mean: 0.27791610433489106, std: 0.045471851491286255
F1 Score: [0.19665232073304703, 0.38156931410469774, 0.2126025764820559, 0.25063923615325484, 0.2696969696969697, 0.18922321809645753, 0.2685426904176904, 0.26931273946360157, 0.21637803979366246, 0.29256062534172966, 0.3505737308174022, 0.2908311725727456, 0.3321074572766647, 0.23526488069034032, 0.2836217129181534]
 mean: 0.26930511230389814, std: 0.05389929299472002
Accuracy Intime: [0.3, 0.5689655172413793, 0.3448275862068966, 0.3103448275862069, 0.3620689655172414, 0.29310344827586204, 0.27586206896551724, 0.27586206896551724, 0.2857142857142857, 0.39285714285714285, 0.5172413793103449, 0.27586206896551724, 0.3793103448275862, 0.26785714285714285, 0.26785714285714285]
 mean: 0.34118226600985224, std: 0.08908577693301509
F1 (Intime): [0.2758730884698377, 0.5789351851851852, 0.3404626623376623, 0.3123450529637142, 0.365625, 0.2781012872628726, 0.28020833333333334, 0.2580692425853716, 0.2855248200075786, 0.3737266553480475, 0.5373824264146845, 0.2738311823677677, 0.3756905256905257, 0.2682752030578117, 0.2743960084033613]
 mean: 0.3385631115618502, std: 0.0948252493235881
--------------------------------------------------
Subject Number: 10
Accuracy Cross: [0.2482758620689655, 0.2689655172413793, 0.3586206896551724, 0.21379310344827587, 0.2896551724137931, 0.3150684931506849, 0.2808219178082192, 0.21232876712328766, 0.2671232876712329, 0.3082191780821918, 0.2857142857142857, 0.2597402597402597, 0.2662337662337662, 0.2987012987012987, 0.2532467532467532]
 mean: 0.2751005568199711, std: 0.03641977237510459
F1 Score: [0.22464096749811036, 0.2348833569475106, 0.3442775478020895, 0.2064628272961606, 0.27720394968023054, 0.30691439224583766, 0.27664397137119656, 0.20076892861871895, 0.2443693807847309, 0.29468802899172686, 0.2503514726462593, 0.2384744259475211, 0.2286886536886537, 0.2762014042078797, 0.24170085832861724]
 mean: 0.25641801107034956, std: 0.03787842252889067
Accuracy Intime: [0.26666666666666666, 0.3275862068965517, 0.3793103448275862, 0.22413793103448276, 0.20689655172413793, 0.25862068965517243, 0.29310344827586204, 0.3448275862068966, 0.3103448275862069, 0.39655172413793105, 0.29310344827586204, 0.29310344827586204, 0.22413793103448276, 0.25862068965517243, 0.22413793103448276]
 mean: 0.2867432950191571, std: 0.05565698232431566
F1 (Intime): [0.26503187481889307, 0.27834620334620336, 0.36431873103293244, 0.22486559139784945, 0.21463046757164406, 0.24019607843137253, 0.27997165731650303, 0.3081333434274611, 0.30756258234519107, 0.3970854377104377, 0.29641649763353617, 0.2659406304567595, 0.16806429070580015, 0.22696550761066892, 0.22442129629629629]
 mean: 0.2707966793401032, std: 0.057225777384850386
--------------------------------------------------
Subject Number: 11
Accuracy Cross: [0.25517241379310346, 0.2689655172413793, 0.31724137931034485, 0.3310344827586207, 0.2827586206896552, 0.3013698630136986, 0.2534246575342466, 0.2945205479452055, 0.2945205479452055, 0.1917808219178082, 0.25477707006369427, 0.2611464968152866, 0.3057324840764331, 0.28662420382165604, 0.28662420382165604]
 mean: 0.27904622071653296, std: 0.03248833608093742
F1 Score: [0.19055839526596946, 0.21398989898989898, 0.26920993832308815, 0.3019091895754177, 0.2570133087196964, 0.25767231033926924, 0.23811188811188813, 0.2776197640800098, 0.2687560343252552, 0.15329373468908353, 0.12147199305254015, 0.1688817049808429, 0.19943751528491074, 0.2464891269459156, 0.24268471087600257]
 mean: 0.2271399675706526, std: 0.04932413343984544
Accuracy Intime: [0.3333333333333333, 0.27586206896551724, 0.27586206896551724, 0.3620689655172414, 0.41379310344827586, 0.5172413793103449, 0.3793103448275862, 0.3620689655172414, 0.41379310344827586, 0.3275862068965517, 0.39655172413793105, 0.3448275862068966, 0.43103448275862066, 0.29310344827586204, 0.1896551724137931]
 mean: 0.3544061302681992, std: 0.07591623129408132
F1 (Intime): [0.32206822206822205, 0.17772873525286692, 0.26619769119769116, 0.35278334669874367, 0.36416494133885435, 0.4620664852862995, 0.3623330074942978, 0.31567411924119243, 0.37961826392677456, 0.2907548026393527, 0.38552453514090346, 0.3090615501519757, 0.3978294573643411, 0.27835784488708026, 0.19172043010752687]
 mean: 0.32372556218640813, std: 0.073494094700657
--------------------------------------------------
Subject Number: 12
Accuracy Cross: [0.25874125874125875, 0.32167832167832167, 0.23776223776223776, 0.32167832167832167, 0.35664335664335667, 0.296551724137931, 0.3448275862068966, 0.2620689655172414, 0.30344827586206896, 0.30344827586206896, 0.2534246575342466, 0.23972602739726026, 0.2534246575342466, 0.3013698630136986, 0.4041095890410959]
 mean: 0.29726020790735014, std: 0.046121363482731825
F1 Score: [0.25908561622847337, 0.30770730706075533, 0.21951715068328637, 0.3065354267031736, 0.3701379168858844, 0.2702428453494772, 0.3527990118179991, 0.26031559556921874, 0.2789215198274432, 0.2957611364113422, 0.2506746515367205, 0.23705409947347944, 0.25269486390643714, 0.29804204306091575, 0.43703096670388913]
 mean: 0.29310134341456634, std: 0.055126317693463475
Accuracy Intime: [0.27586206896551724, 0.43103448275862066, 0.3793103448275862, 0.3448275862068966, 0.29310344827586204, 0.22413793103448276, 0.4482758620689655, 0.22413793103448276, 0.39285714285714285, 0.375, 0.39655172413793105, 0.3793103448275862, 0.27586206896551724, 0.30357142857142855, 0.3392857142857143]
 mean: 0.3388752052545156, std: 0.0677864652182879
F1 (Intime): [0.28368686868686865, 0.4087039752362333, 0.3242832081574475, 0.2919302919302919, 0.26435574229691877, 0.22284469343292873, 0.4576923076923077, 0.21322344322344322, 0.37152615245921533, 0.3581081081081081, 0.32960557960557957, 0.38095238095238093, 0.2813910969793323, 0.2851906158357771, 0.30834281086297216]
 mean: 0.3187891516973203, std: 0.06512552257641757
--------------------------------------------------
Subject Number: 13
Accuracy Cross: [0.296551724137931, 0.2206896551724138, 0.2206896551724138, 0.2413793103448276, 0.25517241379310346, 0.2953020134228188, 0.28859060402684567, 0.2684563758389262, 0.2684563758389262, 0.2483221476510067, 0.24324324324324326, 0.17567567567567569, 0.22297297297297297, 0.25, 0.35135135135135137]
 mean: 0.25645690124283044, std: 0.04013216972501526
F1 Score: [0.29271883824122635, 0.20895003162555345, 0.20489899588867808, 0.24484074382100735, 0.2370346692894025, 0.25373664178012006, 0.29282641401519394, 0.2665076198338444, 0.2719294916608409, 0.24656809054399415, 0.2141484876778994, 0.1643853427895981, 0.20462159362123117, 0.25098436135587837, 0.34147366350207564]
 mean: 0.24637499904310292, std: 0.04258149404208218
Accuracy Intime: [0.3333333333333333, 0.3, 0.4, 0.3793103448275862, 0.3620689655172414, 0.3793103448275862, 0.2413793103448276, 0.25862068965517243, 0.2413793103448276, 0.3448275862068966, 0.1896551724137931, 0.27586206896551724, 0.27586206896551724, 0.3620689655172414, 0.3620689655172414]
 mean: 0.31371647509578543, std: 0.06129856308001644
F1 (Intime): [0.3303962703962704, 0.3068828680897646, 0.39557309410250585, 0.37201585179526353, 0.36168364365295314, 0.3180861244019139, 0.23394303394303395, 0.264085179526356, 0.2475887056471764, 0.3391085203366059, 0.18565062388591802, 0.2571078431372549, 0.2709857192615813, 0.3467709410716261, 0.3598654589755813]
 mean: 0.3059829252149203, std: 0.057934107395888335
--------------------------------------------------
Subject Number: 14
Accuracy Cross: [0.18493150684931506, 0.1917808219178082, 0.2054794520547945, 0.21232876712328766, 0.19863013698630136, 0.2876712328767123, 0.2602739726027397, 0.4041095890410959, 0.19863013698630136, 0.3493150684931507, 0.25675675675675674, 0.28378378378378377, 0.2972972972972973, 0.31756756756756754, 0.32432432432432434]
 mean: 0.26485869431074904, std: 0.06410513981123463
F1 Score: [0.08995868285964692, 0.09147662122563384, 0.11887960047768972, 0.11150011499182626, 0.08682634730538923, 0.28244398060467263, 0.2506362669747373, 0.41495204100522975, 0.1903686594379773, 0.36950329238214896, 0.25548513173412835, 0.27007019484083705, 0.29019693178109024, 0.3275703463203463, 0.3173704610363117]
 mean: 0.2311492448651777, std: 0.1055515024687534
Accuracy Intime: [0.48333333333333334, 0.5172413793103449, 0.5344827586206896, 0.4482758620689655, 0.29310344827586204, 0.21666666666666667, 0.29310344827586204, 0.43103448275862066, 0.25862068965517243, 0.3793103448275862, 0.31666666666666665, 0.27586206896551724, 0.29310344827586204, 0.27586206896551724, 0.29310344827586204]
 mean: 0.35398467432950187, std: 0.09926658134162822
F1 (Intime): [0.44554945054945055, 0.5151769372766191, 0.537660930322831, 0.45582454061217725, 0.2872282672282672, 0.1800523349436393, 0.2751219087425984, 0.39959502862728663, 0.256992761262211, 0.36288461538461536, 0.2782658517952636, 0.21305326331582897, 0.2372448979591837, 0.2752861721611721, 0.3093406593406593]
 mean: 0.33528517463478685, std: 0.10743530992083546
--------------------------------------------------
Subject Number: 15
Accuracy Cross: [0.2465753424657534, 0.3561643835616438, 0.3082191780821918, 0.2945205479452055, 0.2671232876712329, 0.1736111111111111, 0.19444444444444445, 0.2847222222222222, 0.25, 0.2222222222222222, 0.23448275862068965, 0.2482758620689655, 0.23448275862068965, 0.3103448275862069, 0.3586206896551724]
 mean: 0.2655873090851834, std: 0.051721249544964716
F1 Score: [0.21876689681999414, 0.35715975331587396, 0.30584672716903394, 0.2720187353745108, 0.2657223296204241, 0.16639072447806472, 0.19984052018035028, 0.2624102472041801, 0.2255636965115307, 0.2224580358865522, 0.21643884240482408, 0.2373015873015873, 0.22535548941798939, 0.31050254093732355, 0.3523133715851932]
 mean: 0.25587263321382886, std: 0.05343656869901055
Accuracy Intime: [0.3103448275862069, 0.5, 0.20689655172413793, 0.29310344827586204, 0.2857142857142857, 0.3103448275862069, 0.29310344827586204, 0.25862068965517243, 0.1896551724137931, 0.2413793103448276, 0.3275862068965517, 0.25862068965517243, 0.25862068965517243, 0.3620689655172414, 0.32142857142857145]
 mean: 0.2944991789819376, std: 0.07049796742775383
F1 (Intime): [0.29921921921921923, 0.4913105413105413, 0.2073135198135198, 0.28117715617715616, 0.27324016563146997, 0.3071696075728334, 0.2915689149560117, 0.25181159420289856, 0.18505747126436783, 0.24249834217506633, 0.32282051282051283, 0.2571393213666954, 0.23538227401978457, 0.34748663101604277, 0.283068783068783]
 mean: 0.2850842703076602, std: 0.06878084256180365
--------------------------------------------------
Subject Number: 16
Accuracy Cross: [0.23776223776223776, 0.3076923076923077, 0.26573426573426573, 0.21678321678321677, 0.3006993006993007, 0.3706293706293706, 0.20279720279720279, 0.32167832167832167, 0.27972027972027974, 0.2937062937062937, 0.2708333333333333, 0.2638888888888889, 0.3125, 0.20833333333333334, 0.2708333333333333]
 mean: 0.2749061124061124, std: 0.04435386004906687
F1 Score: [0.22488990176227341, 0.28550824244235273, 0.2139629376471482, 0.18952904769334789, 0.2894377354220218, 0.3684766541341302, 0.20117356426483674, 0.3014289553395172, 0.2623597863323891, 0.2807426303854875, 0.23246266278877836, 0.2191230486685032, 0.2665558647701505, 0.20472299538584224, 0.22246826210639026]
 mean: 0.2508561526095446, std: 0.04683139436538013
Accuracy Intime: [0.3275862068965517, 0.3103448275862069, 0.27586206896551724, 0.375, 0.25, 0.20689655172413793, 0.3103448275862069, 0.25862068965517243, 0.23214285714285715, 0.35714285714285715, 0.25862068965517243, 0.27586206896551724, 0.25862068965517243, 0.32142857142857145, 0.375]
 mean: 0.29289819376026277, std: 0.049844993105369655
F1 (Intime): [0.3242191089973348, 0.3115730441230997, 0.2614556073880229, 0.35075224718688214, 0.25012218963831867, 0.17535577449370554, 0.3049074074074074, 0.2582270670505965, 0.23048349774692486, 0.3313894523326572, 0.25055555555555553, 0.2515794695071011, 0.2520402298850575, 0.31555613305613306, 0.3234048560135517]
 mean: 0.27944144269215665, std: 0.0461391008977394
--------------------------------------------------
Subject Number: 17
Accuracy Cross: [0.2916666666666667, 0.2708333333333333, 0.2361111111111111, 0.4027777777777778, 0.3194444444444444, 0.25170068027210885, 0.3673469387755102, 0.2585034013605442, 0.2925170068027211, 0.3401360544217687, 0.3835616438356164, 0.3013698630136986, 0.3150684931506849, 0.4931506849315068, 0.4315068493150685]
 mean: 0.33037966328083745, std: 0.07031806356713641
F1 Score: [0.25539291616948423, 0.23782030864704917, 0.1964780952760773, 0.4150322548407755, 0.33806974544203644, 0.24282177481710582, 0.3684328755085449, 0.24622838707641825, 0.2802064585920976, 0.3017929788238713, 0.3453714736723748, 0.2717526648978262, 0.3065637065637066, 0.491494476451082, 0.42776315789473685]
 mean: 0.3150147516448791, std: 0.07958429137294255
Accuracy Intime: [0.35, 0.3275862068965517, 0.29310344827586204, 0.4482758620689655, 0.3448275862068966, 0.3103448275862069, 0.39655172413793105, 0.27586206896551724, 0.3103448275862069, 0.42857142857142855, 0.3103448275862069, 0.3793103448275862, 0.27586206896551724, 0.5, 0.44642857142857145]
 mean: 0.3598275862068965, std: 0.06766798097214764
F1 (Intime): [0.28355614973262033, 0.3150628306878307, 0.27187986305633366, 0.41195652173913044, 0.28167396645657516, 0.30258834602549844, 0.37934981684981683, 0.24967909996979765, 0.2321631878557875, 0.3839781746031746, 0.24088164251207728, 0.39071637426900585, 0.2651566546303389, 0.46401681286549706, 0.41051868044515105]
 mean: 0.3255452081132423, std: 0.07160708462319297
--------------------------------------------------
Subject Number: 18
Accuracy Cross: [0.3129251700680272, 0.3333333333333333, 0.3401360544217687, 0.36054421768707484, 0.2857142857142857, 0.23809523809523808, 0.2108843537414966, 0.2789115646258503, 0.2585034013605442, 0.2857142857142857, 0.24, 0.2733333333333333, 0.26666666666666666, 0.2866666666666667, 0.32]
 mean: 0.28609523809523807, std: 0.04000265929735149
F1 Score: [0.3137828489744866, 0.29856748726655347, 0.3058093588777436, 0.34839980289513767, 0.2741956081112915, 0.2443646032374347, 0.21070000069683012, 0.261790017211704, 0.23767254702905355, 0.23740252508051957, 0.2649629329643504, 0.26562439910119273, 0.25027920475435017, 0.29092420722009155, 0.32396937017384186]
 mean: 0.2752296609063054, std: 0.03642518473604588
Accuracy Intime: [0.4, 0.25, 0.25862068965517243, 0.25862068965517243, 0.2413793103448276, 0.3, 0.2833333333333333, 0.1896551724137931, 0.2413793103448276, 0.3620689655172414, 0.43333333333333335, 0.3, 0.3103448275862069, 0.3103448275862069, 0.3793103448275862]
 mean: 0.3012260536398467, std: 0.0649938313846371
F1 (Intime): [0.3566006362058994, 0.24489748692553337, 0.2372075632945198, 0.25283786678089526, 0.20955882352941177, 0.28061165385952036, 0.2792008757525999, 0.19362327188940093, 0.21678321678321677, 0.33612318840579714, 0.41531447195062754, 0.2886491935483871, 0.3144155844155844, 0.31214080459770116, 0.3090399610136452]
 mean: 0.2831336399301827, std: 0.05804435411931606
--------------------------------------------------
Subject Number: 19
Accuracy Cross: [0.27972027972027974, 0.24475524475524477, 0.3146853146853147, 0.3146853146853147, 0.32167832167832167, 0.2191780821917808, 0.2876712328767123, 0.363013698630137, 0.3561643835616438, 0.2534246575342466, 0.22602739726027396, 0.22602739726027396, 0.3493150684931507, 0.3561643835616438, 0.3150684931506849]
 mean: 0.29517195133633484, std: 0.04949803953817614
F1 Score: [0.20366224247140505, 0.1722564935064935, 0.2676679133551504, 0.25863812901046945, 0.2999420502089749, 0.22722316853653607, 0.27370049202744606, 0.33603696444008097, 0.35227788444892866, 0.25452684751251436, 0.22992171113604215, 0.2057965504959176, 0.304487009622066, 0.3357052225549409, 0.29231055935798855]
 mean: 0.2676102159123303, std: 0.05154029226218583
Accuracy Intime: [0.4, 0.3448275862068966, 0.4827586206896552, 0.2413793103448276, 0.5, 0.5344827586206896, 0.3448275862068966, 0.41379310344827586, 0.375, 0.4107142857142857, 0.3448275862068966, 0.3448275862068966, 0.3793103448275862, 0.32142857142857145, 0.30357142857142855]
 mean: 0.3827832512315271, std: 0.0751242994340323
F1 (Intime): [0.33845725424672796, 0.26878023936847467, 0.4632819506961383, 0.2385373247442213, 0.4449258870214753, 0.48686418058415315, 0.343108164983165, 0.3275688609728907, 0.3676240088511894, 0.41309504166322913, 0.3519075899590606, 0.31514362830152304, 0.3979748202336962, 0.32335164835164837, 0.2948470209339774]
 mean: 0.35836450806077136, std: 0.06869948271533281
--------------------------------------------------
Subject Number: 20
Accuracy Cross: [0.2569444444444444, 0.18055555555555555, 0.2361111111111111, 0.2916666666666667, 0.24305555555555555, 0.3076923076923077, 0.2517482517482518, 0.26573426573426573, 0.35664335664335667, 0.23776223776223776, 0.3310810810810811, 0.27702702702702703, 0.32432432432432434, 0.28378378378378377, 0.38513513513513514]
 mean: 0.281951006951007, std: 0.05090392338487701
F1 Score: [0.2266414114451425, 0.16315798609303023, 0.21316148080853964, 0.2830473443883682, 0.22076263288949854, 0.28404123008774174, 0.2277907177363699, 0.25720508388897756, 0.35708864025163395, 0.18871753246753248, 0.29016897081413207, 0.251362688900469, 0.31463012214342, 0.275119825708061, 0.39156290731975024]
 mean: 0.26296390499617783, std: 0.05902612435442237
Accuracy Intime: [0.3448275862068966, 0.3103448275862069, 0.3448275862068966, 0.32142857142857145, 0.35714285714285715, 0.27586206896551724, 0.3793103448275862, 0.5517241379310345, 0.3620689655172414, 0.39285714285714285, 0.27586206896551724, 0.29310344827586204, 0.43103448275862066, 0.21428571428571427, 0.35714285714285715]
 mean: 0.3474548440065682, std: 0.07536418124774436
F1 (Intime): [0.34142508678112393, 0.26335044929396667, 0.3405406671664168, 0.32824265151851356, 0.34681372549019607, 0.25608766233766234, 0.3807557687321753, 0.5190645223606684, 0.33825643910977743, 0.389520624303233, 0.23140273704789832, 0.2646612204539034, 0.4089452214452215, 0.19675324675324674, 0.2995495495495496]
 mean: 0.32702463815623684, std: 0.07794746061003519
--------------------------------------------------
Subject Number: 21
Accuracy Cross: [0.22, 0.2866666666666667, 0.22, 0.16666666666666666, 0.2733333333333333, 0.25170068027210885, 0.2108843537414966, 0.22448979591836735, 0.2653061224489796, 0.2585034013605442, 0.25, 0.2972972972972973, 0.3310810810810811, 0.25675675675675674, 0.28378378378378377]
 mean: 0.2530979959551388, std: 0.03913891952673554
F1 Score: [0.21315539673738743, 0.2686542925189905, 0.21403729395697266, 0.16994416185871514, 0.27327272685789383, 0.2419168247366545, 0.18481764047221805, 0.2183531746031746, 0.2645088566827697, 0.23628376380669958, 0.21625581305968716, 0.28082173741275623, 0.31136078257285094, 0.25531674208144794, 0.26696394961146513]
 mean: 0.24104421046464555, std: 0.037085817719730255
Accuracy Intime: [0.35, 0.4166666666666667, 0.3448275862068966, 0.3448275862068966, 0.3275862068965517, 0.21666666666666667, 0.31666666666666665, 0.36666666666666664, 0.3793103448275862, 0.3103448275862069, 0.4166666666666667, 0.31666666666666665, 0.41379310344827586, 0.25862068965517243, 0.3793103448275862]
 mean: 0.34390804597701147, std: 0.05469694549254852
F1 (Intime): [0.3083028083028083, 0.3928330553784274, 0.33478383274578927, 0.3360536522301228, 0.30990190994728195, 0.2073051948051948, 0.2882258672699849, 0.36455026455026457, 0.3544267930137495, 0.290625, 0.41637426900584795, 0.32126436781609197, 0.37654300262995916, 0.24350383631713557, 0.382278159166031]
 mean: 0.32846480087857927, std: 0.054714053887701376
--------------------------------------------------
Subject Number: 22
Accuracy Cross: [0.24305555555555555, 0.2986111111111111, 0.2361111111111111, 0.3402777777777778, 0.18055555555555555, 0.2953020134228188, 0.2751677852348993, 0.2214765100671141, 0.30201342281879195, 0.28859060402684567, 0.3630573248407643, 0.33121019108280253, 0.14012738853503184, 0.24203821656050956, 0.3503184713375796]
 mean: 0.2738608692692179, std: 0.06126815318166349
F1 Score: [0.23874901469838178, 0.2972634763476348, 0.2226965413796084, 0.3083266327168766, 0.16112717570474674, 0.2686773940345369, 0.26641568052124576, 0.19959257379127612, 0.2815586489499533, 0.25777981422331564, 0.35850807581809263, 0.30845801673675405, 0.1656235372579312, 0.23459383753501398, 0.3260358971409696]
 mean: 0.25969375445708914, std: 0.0551011075712391
Accuracy Intime: [0.48333333333333334, 0.3, 0.38333333333333336, 0.4166666666666667, 0.43103448275862066, 0.27586206896551724, 0.3448275862068966, 0.22413793103448276, 0.27586206896551724, 0.2857142857142857, 0.39655172413793105, 0.25862068965517243, 0.27586206896551724, 0.27586206896551724, 0.3392857142857143]
 mean: 0.3311302681992337, std: 0.07288225890924921
F1 (Intime): [0.5025357710651829, 0.2935904071773637, 0.37587044534412956, 0.3748345715097633, 0.4063223938223938, 0.270198732718894, 0.35, 0.2270432782603168, 0.2652304147465438, 0.24065520065520069, 0.4202741702741703, 0.25804398263563416, 0.21768207282913163, 0.25991661846925007, 0.32321428571428573]
 mean: 0.31902748968148403, std: 0.08036652003164463
--------------------------------------------------
Subject Number: 23
Accuracy Cross: [0.3055555555555556, 0.2708333333333333, 0.3263888888888889, 0.3402777777777778, 0.3888888888888889, 0.34265734265734266, 0.2937062937062937, 0.34965034965034963, 0.34965034965034963, 0.32167832167832167, 0.21768707482993196, 0.1836734693877551, 0.1836734693877551, 0.3197278911564626, 0.29931972789115646]
 mean: 0.2995579156293442, std: 0.059209713010536145
F1 Score: [0.32655081040084644, 0.2437004798571588, 0.32383162612035854, 0.32347456069666514, 0.3972532630073306, 0.34514286450195275, 0.29195922156954673, 0.3548310402863024, 0.34423651347833795, 0.3114966461776884, 0.23367042157364737, 0.17961877131618997, 0.15885626849609902, 0.3208384033207339, 0.3294152984073668]
 mean: 0.29899174594734834, std: 0.06415962058633183
Accuracy Intime: [0.5172413793103449, 0.29310344827586204, 0.39655172413793105, 0.2857142857142857, 0.35714285714285715, 0.5, 0.39655172413793105, 0.39655172413793105, 0.2413793103448276, 0.35714285714285715, 0.4827586206896552, 0.43103448275862066, 0.3275862068965517, 0.30357142857142855, 0.25]
 mean: 0.3690886699507389, std: 0.08470537292416107
F1 (Intime): [0.5265915119363396, 0.28572180134680136, 0.39558022622538747, 0.20655270655270655, 0.3077855477855478, 0.5160225442834139, 0.39471073517126143, 0.3835164835164835, 0.1999635103083379, 0.306996806436896, 0.4680710762106111, 0.4004924893176512, 0.327020202020202, 0.29801245210727967, 0.25696248196248195]
 mean: 0.3516000383454267, std: 0.09768579876551824
--------------------------------------------------
Subject Number: 24
Accuracy Cross: [0.3586206896551724, 0.2896551724137931, 0.30344827586206896, 0.2689655172413793, 0.25517241379310346, 0.3904109589041096, 0.2808219178082192, 0.17123287671232876, 0.2945205479452055, 0.2602739726027397, 0.25675675675675674, 0.3108108108108108, 0.27702702702702703, 0.25675675675675674, 0.2702702702702703]
 mean: 0.28298293097064947, std: 0.04773801523840003
F1 Score: [0.3284487385936661, 0.24415117486925997, 0.2436701229804678, 0.26133711060181647, 0.25036866849860706, 0.3846305441723083, 0.2813095238095238, 0.16813635435803226, 0.28455479813648876, 0.25464077692166576, 0.2253742214185252, 0.3089043516998601, 0.21613892559421846, 0.25080085125448026, 0.25475641869651083]
 mean: 0.26381483877369544, std: 0.04882846577746979
Accuracy Intime: [0.2833333333333333, 0.2413793103448276, 0.27586206896551724, 0.27586206896551724, 0.29310344827586204, 0.3448275862068966, 0.3448275862068966, 0.29310344827586204, 0.3103448275862069, 0.3620689655172414, 0.20689655172413793, 0.3103448275862069, 0.3103448275862069, 0.3620689655172414, 0.27586206896551724]
 mean: 0.2993486590038314, std: 0.041844378146911505
F1 (Intime): [0.2708303191061812, 0.21147186147186148, 0.2801342686741668, 0.27679098693437665, 0.28187736819877107, 0.3460938858301941, 0.3410714285714285, 0.2765151515151515, 0.3046248136928603, 0.3348761631089217, 0.18317099567099565, 0.29603436202067035, 0.30661472148541113, 0.36464541205920514, 0.25715430402930406]
 mean: 0.2887937361579666, std: 0.04718064155791782
--------------------------------------------------
Subject Number: 25
Accuracy Cross: [0.23809523809523808, 0.21768707482993196, 0.272108843537415, 0.32653061224489793, 0.3129251700680272, 0.31756756756756754, 0.34459459459459457, 0.20945945945945946, 0.2702702702702703, 0.25675675675675674, 0.2894736842105263, 0.2565789473684211, 0.3026315789473684, 0.3092105263157895, 0.34868421052631576]
 mean: 0.2848383023195053, std: 0.04204373536541609
F1 Score: [0.21365916060683504, 0.19620753842900163, 0.2626130208651598, 0.2653330212107642, 0.29570369310731226, 0.2878997432306256, 0.3325657747862389, 0.19703112609040446, 0.18636574074074075, 0.23091875119800653, 0.21779674411253358, 0.22347022347022344, 0.295970695970696, 0.29791609698295507, 0.3273858839310372]
 mean: 0.25538914764883563, std: 0.04752050964817519
Accuracy Intime: [0.36666666666666664, 0.31666666666666665, 0.3333333333333333, 0.39655172413793105, 0.3620689655172414, 0.3, 0.25, 0.3103448275862069, 0.3448275862068966, 0.3275862068965517, 0.43333333333333335, 0.3, 0.3448275862068966, 0.25862068965517243, 0.3448275862068966]
 mean: 0.33264367816091955, std: 0.04612342587459927
F1 (Intime): [0.37889077532541027, 0.312543594512904, 0.29974937343358393, 0.39300137575999644, 0.3408743671901567, 0.3066358372809986, 0.23667385057471263, 0.3109549441786284, 0.31101763555229534, 0.325, 0.4219422911283376, 0.3008471814923428, 0.3216691515315804, 0.2425429409300377, 0.3362813656931304]
 mean: 0.32257497897227433, std: 0.047564105259605215
--------------------------------------------------
Subject Number: 26
Accuracy Cross: [0.2896551724137931, 0.296551724137931, 0.3724137931034483, 0.38620689655172413, 0.33793103448275863, 0.3333333333333333, 0.29931972789115646, 0.2653061224489796, 0.3401360544217687, 0.2585034013605442, 0.3422818791946309, 0.2214765100671141, 0.3221476510067114, 0.2214765100671141, 0.3087248322147651]
 mean: 0.30636430951305144, std: 0.04758142097440368
F1 Score: [0.23154077477200005, 0.2574584692811294, 0.33466178497185434, 0.3997526415045597, 0.2990128205128205, 0.31274975024975027, 0.2998421717171717, 0.22682455753837116, 0.3507369749906172, 0.2534880420718728, 0.34137681753527055, 0.19708931133428984, 0.30301099866317255, 0.2133160781880857, 0.3327016147676119]
 mean: 0.2902375205399052, std: 0.05619602880377071
Accuracy Intime: [0.45, 0.35, 0.5172413793103449, 0.41379310344827586, 0.1896551724137931, 0.3275862068965517, 0.3103448275862069, 0.3448275862068966, 0.41379310344827586, 0.3275862068965517, 0.46551724137931033, 0.3103448275862069, 0.3275862068965517, 0.3448275862068966, 0.39655172413793105]
 mean: 0.36597701149425294, std: 0.07668432821434094
F1 (Intime): [0.4382116977225673, 0.324063537221432, 0.537739711269123, 0.37412542412542416, 0.1643534833288154, 0.32407407407407407, 0.3005676328502416, 0.3246642246642247, 0.3969654528478058, 0.31805555555555554, 0.46722222222222226, 0.27563259109311744, 0.31179653679653674, 0.3326544289044289, 0.3240563839701771]
 mean: 0.3476121971097164, std: 0.08459714928494717
--------------------------------------------------
Subject Number: 27
Accuracy Cross: [0.2916666666666667, 0.2708333333333333, 0.2361111111111111, 0.4027777777777778, 0.3194444444444444, 0.25170068027210885, 0.3673469387755102, 0.2585034013605442, 0.2925170068027211, 0.3401360544217687, 0.3835616438356164, 0.3013698630136986, 0.3150684931506849, 0.4931506849315068, 0.4315068493150685]
 mean: 0.33037966328083745, std: 0.07031806356713641
F1 Score: [0.25539291616948423, 0.23782030864704917, 0.1964780952760773, 0.4150322548407755, 0.33806974544203644, 0.24282177481710582, 0.3684328755085449, 0.24622838707641825, 0.2802064585920976, 0.3017929788238713, 0.3453714736723748, 0.2717526648978262, 0.3065637065637066, 0.491494476451082, 0.42776315789473685]
 mean: 0.3150147516448791, std: 0.07958429137294255
Accuracy Intime: [0.35, 0.3275862068965517, 0.29310344827586204, 0.4482758620689655, 0.3448275862068966, 0.3103448275862069, 0.39655172413793105, 0.27586206896551724, 0.3103448275862069, 0.42857142857142855, 0.3103448275862069, 0.3793103448275862, 0.27586206896551724, 0.5, 0.44642857142857145]
 mean: 0.3598275862068965, std: 0.06766798097214764
F1 (Intime): [0.28355614973262033, 0.3150628306878307, 0.27187986305633366, 0.41195652173913044, 0.28167396645657516, 0.30258834602549844, 0.37934981684981683, 0.24967909996979765, 0.2321631878557875, 0.3839781746031746, 0.24088164251207728, 0.39071637426900585, 0.2651566546303389, 0.46401681286549706, 0.41051868044515105]
 mean: 0.3255452081132423, std: 0.07160708462319297
--------------------------------------------------
Subject Number: 28
Accuracy Cross: [0.27972027972027974, 0.23076923076923078, 0.36363636363636365, 0.32167832167832167, 0.38461538461538464, 0.2602739726027397, 0.363013698630137, 0.3493150684931507, 0.3219178082191781, 0.2876712328767123, 0.1513157894736842, 0.21710526315789475, 0.17763157894736842, 0.15789473684210525, 0.13815789473684212]
 mean: 0.26698110829329286, std: 0.08143805068285413
F1 Score: [0.24691190118647544, 0.20850877192982456, 0.3647517425304943, 0.3330462245190927, 0.3814965573677973, 0.25381264909064405, 0.35277244801054325, 0.33436230028391695, 0.31188419280524543, 0.2836777024739898, 0.07550542406311637, 0.2064769721019721, 0.11920778109828582, 0.08630952380952381, 0.09959794794939045]
 mean: 0.24388814261468753, std: 0.10329531598828799
Accuracy Intime: [0.4, 0.25862068965517243, 0.4827586206896552, 0.41379310344827586, 0.3275862068965517, 0.3103448275862069, 0.3448275862068966, 0.5, 0.42857142857142855, 0.30357142857142855, 0.5344827586206896, 0.25862068965517243, 0.6379310344827587, 0.42857142857142855, 0.5714285714285714]
 mean: 0.41340722495894916, std: 0.11125365080903168
F1 (Intime): [0.38749572795625425, 0.24824393358876118, 0.47172697991663515, 0.4164471610348672, 0.32198275862068965, 0.2893097643097643, 0.33873572820941245, 0.49189158667419536, 0.4154761904761905, 0.3011232718894009, 0.48091787439613526, 0.2511574074074074, 0.6201218443197756, 0.43059113300492613, 0.5631989247311828]
 mean: 0.4018946857690399, std: 0.1076492288504251
--------------------------------------------------
Subject Number: 29
Accuracy Cross: [0.4195804195804196, 0.3776223776223776, 0.27972027972027974, 0.45454545454545453, 0.3986013986013986, 0.3310344827586207, 0.2413793103448276, 0.36551724137931035, 0.3586206896551724, 0.31724137931034485, 0.28378378378378377, 0.2702702702702703, 0.33783783783783783, 0.36486486486486486, 0.36486486486486486]
 mean: 0.34436564367598854, std: 0.05670800362241951
F1 Score: [0.40299613324574646, 0.3792128570354376, 0.28093487862934535, 0.4451275246940882, 0.3846387867400799, 0.32896798386588516, 0.21037296037296038, 0.374676274570645, 0.3024339205178843, 0.3114973262032086, 0.18692767327162294, 0.25844334821660736, 0.3542503346720214, 0.362434556621108, 0.32080711685974844]
 mean: 0.32691477836775923, std: 0.06878915913136538
Accuracy Intime: [0.4482758620689655, 0.5, 0.3620689655172414, 0.43103448275862066, 0.3620689655172414, 0.39655172413793105, 0.3103448275862069, 0.4827586206896552, 0.4642857142857143, 0.35714285714285715, 0.3448275862068966, 0.39655172413793105, 0.4827586206896552, 0.30357142857142855, 0.3392857142857143]
 mean: 0.398768472906404, std: 0.06319618209693537
F1 (Intime): [0.42656641604010026, 0.49964387464387466, 0.3430856553147575, 0.404381926683717, 0.2796296296296296, 0.38965116279069767, 0.3035707803992741, 0.47763128239801667, 0.4475371120107962, 0.34540042889189, 0.2879159847244953, 0.3899153020892151, 0.49722831384015587, 0.29389672853631665, 0.3400673400673401]
 mean: 0.3817414625373518, std: 0.07349486735713641
--------------------------------------------------
**************************************************
accuracy_cross_list: [0.27121620142309794, 0.31466004473678383, 0.25284295450760347, 0.31448275862068964, 0.31878174444676904, 0.2590419501133787, 0.2945578231292517, 0.29346693632407916, 0.27791610433489106, 0.2751005568199711, 0.27904622071653296, 0.29726020790735014, 0.25645690124283044, 0.26485869431074904, 0.2655873090851834, 0.2749061124061124, 0.33037966328083745, 0.28609523809523807, 0.29517195133633484, 0.281951006951007, 0.2530979959551388, 0.2738608692692179, 0.2995579156293442, 0.28298293097064947, 0.2848383023195053, 0.30636430951305144, 0.33037966328083745, 0.26698110829329286, 0.34436564367598854]
f1_score_list: [0.25244767931723183, 0.27009486499042124, 0.24044472624681643, 0.29240920608142046, 0.3170317233344769, 0.2344266913107754, 0.28348846782173404, 0.25800428930692765, 0.26930511230389814, 0.25641801107034956, 0.2271399675706526, 0.29310134341456634, 0.24637499904310292, 0.2311492448651777, 0.25587263321382886, 0.2508561526095446, 0.3150147516448791, 0.2752296609063054, 0.2676102159123303, 0.26296390499617783, 0.24104421046464555, 0.25969375445708914, 0.29899174594734834, 0.26381483877369544, 0.25538914764883563, 0.2902375205399052, 0.3150147516448791, 0.24388814261468753, 0.32691477836775923]
accuracy_intime_list: [0.3030793006857916, 0.36009852216748767, 0.30684181718664477, 0.3310344827586207, 0.3987739463601533, 0.3194471811713191, 0.33908045977011503, 0.3109961685823755, 0.34118226600985224, 0.2867432950191571, 0.3544061302681992, 0.3388752052545156, 0.31371647509578543, 0.35398467432950187, 0.2944991789819376, 0.29289819376026277, 0.3598275862068965, 0.3012260536398467, 0.3827832512315271, 0.3474548440065682, 0.34390804597701147, 0.3311302681992337, 0.3690886699507389, 0.2993486590038314, 0.33264367816091955, 0.36597701149425294, 0.3598275862068965, 0.41340722495894916, 0.398768472906404]
f1_score_intime_list: [0.280268618669717, 0.3257541421786364, 0.28733780002530146, 0.3107899978544927, 0.39064021642911, 0.29736382853227133, 0.32433788565005417, 0.2851132607226236, 0.3385631115618502, 0.2707966793401032, 0.32372556218640813, 0.3187891516973203, 0.3059829252149203, 0.33528517463478685, 0.2850842703076602, 0.27944144269215665, 0.3255452081132423, 0.2831336399301827, 0.35836450806077136, 0.32702463815623684, 0.32846480087857927, 0.31902748968148403, 0.3516000383454267, 0.2887937361579666, 0.32257497897227433, 0.3476121971097164, 0.3255452081132423, 0.4018946857690399, 0.3817414625373518]
**************************************************
ACC: 28.78±2.40
F1: 26.88±2.70
Intime: 33.97±3.33
F1 (Intime): 32.14±3.31
