1e-04
Subject Number: 1
Accuracy Cross: [0.6911764705882353, 0.6029411764705882, 0.6470588235294118, 0.5735294117647058, 0.6176470588235294, 0.7307692307692307, 0.6538461538461539, 0.6153846153846154, 0.6282051282051282, 0.6282051282051282, 0.6363636363636364, 0.6103896103896104, 0.7012987012987013, 0.6493506493506493, 0.6623376623376623]
 mean: 0.6432335638217991, std: 0.0394564974587896
F1 Score: [0.6333761232349165, 0.5610805641883816, 0.5466666666666666, 0.3644859813084112, 0.46875, 0.7051305130513051, 0.48115299334811534, 0.38095238095238093, 0.416258064516129, 0.416258064516129, 0.5545454545454546, 0.5557692307692308, 0.6289545359312801, 0.45476003147128247, 0.5609649122807017]
 mean: 0.5152737011186924, std: 0.0961417992399119
Accuracy Intime: [0.90625, 0.65625, 0.6333333333333333, 0.6, 0.6666666666666666, 0.75, 0.6785714285714286, 0.6071428571428571, 0.5384615384615384, 0.6153846153846154, 0.75, 0.6785714285714286, 0.7142857142857143, 0.5384615384615384, 0.6538461538461539]
 mean: 0.6658150183150181, std: 0.08895829504643535
F1 (Intime): [0.8981972428419936, 0.46907993966817496, 0.5111111111111111, 0.375, 0.4, 0.7043740573152337, 0.6199095022624435, 0.4490161001788909, 0.35, 0.38095238095238093, 0.7043740573152337, 0.6748387096774193, 0.6888888888888889, 0.35, 0.5384615384615385]
 mean: 0.5409469019115539, std: 0.16073377350047968
--------------------------------------------------
Subject Number: 2
Accuracy Cross: [0.7794117647058824, 0.6470588235294118, 0.4411764705882353, 0.7647058823529411, 0.75, 0.5735294117647058, 0.6029411764705882, 0.5735294117647058, 0.5588235294117647, 0.6176470588235294, 0.5769230769230769, 0.8333333333333334, 0.38461538461538464, 0.6153846153846154, 0.6282051282051282]
 mean: 0.6231523378582201, std: 0.11748256215888009
F1 Score: [0.7734843437708194, 0.6314363143631436, 0.39906976744186046, 0.7312252964426877, 0.7486410089149815, 0.3644859813084112, 0.45984112974404234, 0.3644859813084112, 0.3584905660377358, 0.4901960784313726, 0.4702613706523976, 0.8020691001366387, 0.29358490566037737, 0.38095238095238093, 0.4862593686123098]
 mean: 0.5169655729185046, std: 0.16748859884507766
Accuracy Intime: [1.0, 1.0, 0.6428571428571429, 0.6923076923076923, 1.0, 0.6785714285714286, 0.6785714285714286, 0.6428571428571429, 0.5384615384615384, 0.5769230769230769, 0.7142857142857143, 1.0, 0.5714285714285714, 0.5769230769230769, 0.6153846153846154]
 mean: 0.7285714285714284, std: 0.17040114298635153
F1 (Intime): [1.0, 1.0, 0.641025641025641, 0.6388888888888888, 1.0, 0.5902439024390245, 0.6199095022624435, 0.5625, 0.5125, 0.4358974358974359, 0.7128205128205127, 1.0, 0.36363636363636365, 0.48468468468468473, 0.38095238095238093]
 mean: 0.6628706208404919, std: 0.22364617349098015
--------------------------------------------------
Subject Number: 3
Accuracy Cross: [0.5294117647058824, 0.5, 0.5441176470588235, 0.5588235294117647, 0.4117647058823529, 0.44285714285714284, 0.4857142857142857, 0.5, 0.5, 0.5571428571428572, 0.379746835443038, 0.3924050632911392, 0.43037974683544306, 0.6329113924050633, 0.4430379746835443]
 mean: 0.4872208630287558, std: 0.0683797125754216
F1 Score: [0.4743961352657005, 0.45265151515151514, 0.5208001818595136, 0.49604743083003955, 0.2916666666666667, 0.3877551020408163, 0.42934782608695654, 0.46023353161489317, 0.4269005847953216, 0.5358288770053475, 0.34578333615007606, 0.3803921568627451, 0.40601503759398494, 0.4678281068524971, 0.4386304909560723]
 mean: 0.43428513198214314, std: 0.0629784696889227
Accuracy Intime: [0.5, 0.5714285714285714, 0.5, 0.6785714285714286, 0.5, 0.6785714285714286, 0.9285714285714286, 0.6428571428571429, 0.6923076923076923, 0.8461538461538461, 0.6785714285714286, 0.6785714285714286, 0.5714285714285714, 0.6153846153846154, 0.6923076923076923]
 mean: 0.6516483516483516, std: 0.11661303187463574
F1 (Intime): [0.4269005847953216, 0.4285714285714286, 0.4269005847953216, 0.6199095022624435, 0.4269005847953216, 0.6748387096774193, 0.9282051282051282, 0.5238095238095237, 0.6848484848484848, 0.8424242424242425, 0.6679841897233202, 0.6679841897233202, 0.36363636363636365, 0.5112781954887218, 0.6601307189542484]
 mean: 0.5902881621140406, std: 0.1591543288237451
--------------------------------------------------
Subject Number: 4
Accuracy Cross: [0.6376811594202898, 0.7246376811594203, 0.6376811594202898, 0.5797101449275363, 0.5652173913043478, 0.7246376811594203, 0.7391304347826086, 0.7246376811594203, 0.6521739130434783, 0.5797101449275363, 0.7307692307692307, 0.717948717948718, 0.7435897435897436, 0.7564102564102564, 0.7051282051282052]
 mean: 0.6812709030100333, std: 0.06409794305803568
F1 Score: [0.521497919556172, 0.6703545385969324, 0.521497919556172, 0.39674404582454026, 0.3611111111111111, 0.6703545385969324, 0.6997098646034816, 0.6703545385969324, 0.5490196078431372, 0.39674404582454026, 0.641025641025641, 0.6173059768064229, 0.6637931034482758, 0.6856839872746554, 0.5925505337270043]
 mean: 0.5771831581594634, std: 0.11107043931882744
Accuracy Intime: [0.7857142857142857, 0.8214285714285714, 0.7857142857142857, 0.5714285714285714, 0.5384615384615384, 0.8214285714285714, 0.8214285714285714, 0.75, 0.6071428571428571, 0.5384615384615384, 0.9285714285714286, 0.8214285714285714, 0.8214285714285714, 0.7142857142857143, 0.5769230769230769]
 mean: 0.7269230769230769, std: 0.12247037878733111
F1 (Intime): [0.7543859649122806, 0.8008534850640114, 0.7543859649122806, 0.36363636363636365, 0.35, 0.8008534850640114, 0.8008534850640114, 0.7043740573152337, 0.4490161001788909, 0.35, 0.9251336898395721, 0.8008534850640114, 0.8008534850640114, 0.65, 0.4358974358974359]
 mean: 0.6494064668008076, std: 0.19364315952526434
--------------------------------------------------
Subject Number: 5
Accuracy Cross: [0.7205882352941176, 0.7205882352941176, 0.75, 0.5735294117647058, 0.5735294117647058, 0.7714285714285715, 0.8, 0.7571428571428571, 0.6, 0.7571428571428571, 0.7681159420289855, 0.7971014492753623, 0.7971014492753623, 0.7971014492753623, 0.7681159420289855]
 mean: 0.7300990541143995, std: 0.07786585254818505
F1 Score: [0.6584721120803595, 0.6769192298074518, 0.7109277319329832, 0.3644859813084112, 0.3644859813084112, 0.7278911564625851, 0.7679924242424242, 0.7068243409706825, 0.40606060606060607, 0.7068243409706825, 0.7330754352030948, 0.7664410058027079, 0.7664410058027079, 0.7664410058027079, 0.7330754352030948]
 mean: 0.657090519530594, std: 0.14311376617543928
Accuracy Intime: [0.8214285714285714, 0.9642857142857143, 0.7857142857142857, 0.5714285714285714, 0.6153846153846154, 1.0, 0.9285714285714286, 0.7857142857142857, 0.5384615384615384, 0.6153846153846154, 0.9642857142857143, 0.9285714285714286, 0.7857142857142857, 0.5384615384615384, 0.6153846153846154]
 mean: 0.7639194139194139, std: 0.16327548640589704
F1 (Intime): [0.8008534850640114, 0.9631093544137023, 0.7543859649122806, 0.36363636363636365, 0.38095238095238093, 1.0, 0.9270833333333333, 0.7543859649122806, 0.4583333333333333, 0.38095238095238093, 0.9631093544137023, 0.9251336898395721, 0.7543859649122806, 0.35, 0.38095238095238093]
 mean: 0.6771515967752002, std: 0.2505110361751207
--------------------------------------------------
Subject Number: 6
Accuracy Cross: [0.5671641791044776, 0.5522388059701493, 0.582089552238806, 0.582089552238806, 0.582089552238806, 0.463768115942029, 0.6231884057971014, 0.5797101449275363, 0.5652173913043478, 0.5652173913043478, 0.37681159420289856, 0.463768115942029, 0.37681159420289856, 0.5217391304347826, 0.43478260869565216]
 mean: 0.5224457423029778, std: 0.07643590061684799
F1 Score: [0.514856429463171, 0.5347222222222222, 0.5262626262626262, 0.44823529411764707, 0.4252450980392157, 0.41458381105251085, 0.6044973544973544, 0.4225108225108225, 0.3611111111111111, 0.3611111111111111, 0.37628757620348957, 0.41458381105251085, 0.3500547645125958, 0.486815415821501, 0.4270811156057058]
 mean: 0.44453057090557296, std: 0.07192903453976121
Accuracy Intime: [0.6071428571428571, 0.6785714285714286, 0.6785714285714286, 0.5714285714285714, 0.5769230769230769, 0.5714285714285714, 0.6428571428571429, 0.6153846153846154, 0.5769230769230769, 0.5769230769230769, 0.6785714285714286, 0.5714285714285714, 0.6538461538461539, 0.6538461538461539, 0.6923076923076923]
 mean: 0.623076923076923, std: 0.045477337455422547
F1 (Intime): [0.4490161001788909, 0.5902439024390245, 0.6679841897233202, 0.36363636363636365, 0.5712143928035982, 0.36363636363636365, 0.5625, 0.5112781954887218, 0.4358974358974359, 0.36585365853658536, 0.6781609195402298, 0.36363636363636365, 0.6533333333333333, 0.6067226890756303, 0.675]
 mean: 0.5238742605283907, std: 0.11963107205352849
--------------------------------------------------
Subject Number: 7
Accuracy Cross: [0.6470588235294118, 0.6470588235294118, 0.6323529411764706, 0.5588235294117647, 0.5588235294117647, 0.5147058823529411, 0.5735294117647058, 0.6176470588235294, 0.5735294117647058, 0.6176470588235294, 0.6086956521739131, 0.5942028985507246, 0.6521739130434783, 0.5797101449275363, 0.6086956521739131]
 mean: 0.5989769820971867, std: 0.0378321045504638
F1 Score: [0.6136363636363636, 0.5866261398176291, 0.5935931149892422, 0.3584905660377358, 0.3584905660377358, 0.48235294117647065, 0.5285680133875209, 0.5521783181357649, 0.3644859813084112, 0.5888372093023255, 0.4623376623376624, 0.491578947368421, 0.5996131528046421, 0.39674404582454026, 0.5014717687985015]
 mean: 0.4986003193975312, std: 0.08995545779137974
Accuracy Intime: [0.8214285714285714, 0.7142857142857143, 0.5714285714285714, 0.5384615384615384, 0.6923076923076923, 0.75, 0.7857142857142857, 0.8214285714285714, 0.5384615384615384, 0.5769230769230769, 0.75, 0.7142857142857143, 0.75, 0.5384615384615384, 0.6153846153846154]
 mean: 0.6785714285714285, std: 0.10166567518948413
F1 (Intime): [0.8008534850640114, 0.672514619883041, 0.36363636363636365, 0.35, 0.5666666666666667, 0.7333333333333334, 0.7666666666666666, 0.8155467720685112, 0.35, 0.36585365853658536, 0.7211948790896159, 0.65, 0.7043740573152337, 0.35, 0.38095238095238093]
 mean: 0.5727728588808273, std: 0.1829142042518435
--------------------------------------------------
Subject Number: 8
Accuracy Cross: [0.6, 0.6142857142857143, 0.5857142857142857, 0.5714285714285714, 0.5714285714285714, 0.6086956521739131, 0.6376811594202898, 0.6666666666666666, 0.5942028985507246, 0.5797101449275363, 0.6176470588235294, 0.4852941176470588, 0.5, 0.5882352941176471, 0.5882352941176471]
 mean: 0.5872816952868104, std: 0.044531168961270344
F1 Score: [0.45615982241953384, 0.4857142857142857, 0.3992305415803492, 0.36363636363636365, 0.36363636363636365, 0.43834790473319263, 0.5878136200716846, 0.5597780859916782, 0.4037037037037037, 0.3669724770642202, 0.4901960784313726, 0.4310303609849391, 0.3979166666666667, 0.4012578616352201, 0.4012578616352201]
 mean: 0.4364434665269864, std: 0.06618559789048839
Accuracy Intime: [0.7142857142857143, 0.6428571428571429, 0.7142857142857143, 0.5384615384615384, 0.6153846153846154, 0.6428571428571429, 0.6071428571428571, 0.6428571428571429, 0.5384615384615384, 0.6153846153846154, 0.75, 0.6785714285714286, 0.7142857142857143, 0.5714285714285714, 0.6538461538461539]
 mean: 0.6426739926739926, std: 0.062110329081176995
F1 (Intime): [0.65, 0.5238095238095237, 0.65, 0.35, 0.38095238095238093, 0.5238095238095237, 0.4490161001788909, 0.5238095238095237, 0.35, 0.38095238095238093, 0.7043740573152337, 0.6199095022624435, 0.6888888888888889, 0.36363636363636365, 0.48115299334811534]
 mean: 0.5093540825975513, std: 0.12439414079457581
--------------------------------------------------
Subject Number: 9
Accuracy Cross: [0.6119402985074627, 0.6417910447761194, 0.6567164179104478, 0.5671641791044776, 0.7611940298507462, 0.6176470588235294, 0.6176470588235294, 0.7941176470588235, 0.6764705882352942, 0.7647058823529411, 0.7285714285714285, 0.7714285714285715, 0.7857142857142857, 0.7428571428571429, 0.5857142857142857]
 mean: 0.6882453279819392, std: 0.07644590110058222
F1 Score: [0.6076576576576577, 0.6378378378378378, 0.6488949646844384, 0.3619047619047619, 0.7292929292929293, 0.612280701754386, 0.6176470588235294, 0.7648221343873518, 0.5844444444444444, 0.7244174265450861, 0.6623508504696624, 0.7409805735430157, 0.7482618077199712, 0.685, 0.4250920419144718]
 mean: 0.6367256793986363, std: 0.11074540775016002
Accuracy Intime: [0.8571428571428571, 0.9285714285714286, 0.8571428571428571, 0.5384615384615384, 0.6153846153846154, 0.5714285714285714, 0.7142857142857143, 0.7692307692307693, 0.5384615384615384, 0.6923076923076923, 0.8214285714285714, 1.0, 0.7692307692307693, 0.5769230769230769, 0.6538461538461539]
 mean: 0.7269230769230769, std: 0.1410701133436805
F1 (Intime): [0.8564102564102565, 0.9270833333333333, 0.8502673796791445, 0.35, 0.38095238095238093, 0.36363636363636365, 0.7083333333333333, 0.7450980392156863, 0.35, 0.5666666666666667, 0.8008534850640114, 1.0, 0.7450980392156863, 0.4358974358974359, 0.48115299334811534]
 mean: 0.6374299804501609, std: 0.22204332212648173
--------------------------------------------------
Subject Number: 10
Accuracy Cross: [0.4626865671641791, 0.5522388059701493, 0.5522388059701493, 0.582089552238806, 0.5522388059701493, 0.4852941176470588, 0.6176470588235294, 0.5735294117647058, 0.6176470588235294, 0.45588235294117646, 0.5616438356164384, 0.4931506849315068, 0.5068493150684932, 0.8767123287671232, 0.5616438356164384]
 mean: 0.5634328358208956, std: 0.0968912071586793
F1 Score: [0.3909090909090909, 0.4302721088435374, 0.5513392857142857, 0.3987179487179487, 0.5347222222222222, 0.4048512128032008, 0.6163194444444444, 0.5689617486338798, 0.6173160173160173, 0.3855921855921856, 0.4101010101010101, 0.46033966033966034, 0.504524886877828, 0.8667072428484479, 0.5365079365079365]
 mean: 0.511812133458113, std: 0.12340800005137097
Accuracy Intime: [0.42857142857142855, 0.6428571428571429, 0.7142857142857143, 0.5384615384615384, 0.5769230769230769, 0.5714285714285714, 0.6785714285714286, 0.5769230769230769, 0.6538461538461539, 0.46153846153846156, 0.8214285714285714, 0.5714285714285714, 0.5769230769230769, 0.9615384615384616, 0.6538461538461539]
 mean: 0.6285714285714284, std: 0.1290846336782719
F1 (Intime): [0.3, 0.5238095238095237, 0.7083333333333333, 0.35, 0.36585365853658536, 0.36363636363636365, 0.6781609195402298, 0.5712143928035982, 0.5783783783783785, 0.40522875816993464, 0.8193548387096774, 0.36363636363636365, 0.519327731092437, 0.9610194902548725, 0.6491754122938531]
 mean: 0.5438086109463434, std: 0.1865400740809959
--------------------------------------------------
Subject Number: 11
Accuracy Cross: [0.38235294117647056, 0.5, 0.36764705882352944, 0.45588235294117646, 0.5147058823529411, 0.463768115942029, 0.5797101449275363, 0.4927536231884058, 0.5362318840579711, 0.5072463768115942, 0.6133333333333333, 0.5866666666666667, 0.64, 0.5333333333333333, 0.56]
 mean: 0.5155754475703325, std: 0.07466937587795028
F1 Score: [0.3101449275362319, 0.4288537549407115, 0.34365881032547696, 0.4098053014309172, 0.5095081967213115, 0.40308627542670095, 0.39674404582454026, 0.3745143745143745, 0.3755656108597285, 0.38263157894736843, 0.583732057416268, 0.5079365079365079, 0.58169799628176, 0.41262027299172077, 0.38509316770186336]
 mean: 0.42703952525703215, std: 0.07898257334873414
Accuracy Intime: [0.42857142857142855, 0.5714285714285714, 0.5714285714285714, 0.5714285714285714, 0.5769230769230769, 0.6071428571428571, 0.6785714285714286, 0.7142857142857143, 0.5769230769230769, 0.5384615384615384, 0.6071428571428571, 0.6428571428571429, 0.5714285714285714, 0.6153846153846154, 0.5769230769230769]
 mean: 0.5899267399267398, std: 0.062142724894573585
F1 (Intime): [0.3, 0.36363636363636365, 0.36363636363636365, 0.36363636363636365, 0.4358974358974359, 0.4490161001788909, 0.6415362731152205, 0.672514619883041, 0.48468468468468473, 0.4583333333333333, 0.6066411238825031, 0.6111111111111112, 0.36363636363636365, 0.606060606060606, 0.48468468468468473]
 mean: 0.4803350284917976, std: 0.11611887458403622
--------------------------------------------------
Subject Number: 12
Accuracy Cross: [0.746268656716418, 0.7611940298507462, 0.6865671641791045, 0.6119402985074627, 0.5970149253731343, 0.6521739130434783, 0.7681159420289855, 0.6231884057971014, 0.6666666666666666, 0.5507246376811594, 0.6911764705882353, 0.7352941176470589, 0.7941176470588235, 0.6029411764705882, 0.5882352941176471]
 mean: 0.671707956381774, std: 0.07336419983954796
F1 Score: [0.7214477867449254, 0.7225672877846792, 0.6079687935358038, 0.46629901960784315, 0.4334481678672095, 0.5775510204081633, 0.7444444444444445, 0.5278947368421052, 0.6009554940910233, 0.38268398268398274, 0.6225218080888184, 0.6899696048632218, 0.770048309178744, 0.45984112974404234, 0.4012578616352201]
 mean: 0.5819266298346817, std: 0.1267562474532624
Accuracy Intime: [0.8928571428571429, 0.8928571428571429, 0.6785714285714286, 0.5769230769230769, 0.6153846153846154, 0.8214285714285714, 1.0, 0.7307692307692307, 0.6538461538461539, 0.6538461538461539, 0.7142857142857143, 0.9285714285714286, 0.7307692307692307, 0.5384615384615384, 0.6153846153846154]
 mean: 0.7362637362637362, std: 0.1351618570802686
F1 (Intime): [0.8893280632411067, 0.8857142857142857, 0.6199095022624435, 0.48468468468468473, 0.38095238095238093, 0.8008534850640114, 1.0, 0.6941176470588235, 0.5783783783783785, 0.48115299334811534, 0.65, 0.9251336898395721, 0.7097288676236044, 0.4135338345864662, 0.4583333333333333]
 mean: 0.6647880764058139, std: 0.1937249947082489
--------------------------------------------------
Subject Number: 13
Accuracy Cross: [0.43283582089552236, 0.43283582089552236, 0.43283582089552236, 0.43283582089552236, 0.43283582089552236, 0.4714285714285714, 0.5428571428571428, 0.5571428571428572, 0.4857142857142857, 0.4714285714285714, 0.4927536231884058, 0.6376811594202898, 0.5217391304347826, 0.7971014492753623, 0.6521739130434783]
 mean: 0.5196133205607574, std: 0.10153194818498153
F1 Score: [0.3020833333333333, 0.3020833333333333, 0.3020833333333333, 0.3020833333333333, 0.3020833333333333, 0.37904579237592906, 0.49275362318840576, 0.5133437990580848, 0.40340909090909094, 0.37904579237592906, 0.4353518821603928, 0.6349206349206349, 0.486815415821501, 0.7960304054054055, 0.6461538461538461]
 mean: 0.4451524632690591, std: 0.14631090175631375
Accuracy Intime: [0.5357142857142857, 0.7142857142857143, 0.5714285714285714, 0.7857142857142857, 0.6153846153846154, 0.6428571428571429, 0.6785714285714286, 0.5769230769230769, 0.6153846153846154, 0.38461538461538464, 0.5714285714285714, 0.6071428571428571, 0.5384615384615384, 0.7692307692307693, 0.5769230769230769]
 mean: 0.6122710622710622, std: 0.09642748434870722
F1 (Intime): [0.4509803921568627, 0.7083333333333333, 0.36363636363636365, 0.7846153846153847, 0.606060606060606, 0.6111111111111112, 0.6679841897233202, 0.5762962962962963, 0.5751633986928104, 0.2777777777777778, 0.36363636363636365, 0.5809523809523809, 0.35, 0.7678571428571428, 0.5712143928035982]
 mean: 0.5503746089102234, std: 0.15154240428440915
--------------------------------------------------
Subject Number: 14
Accuracy Cross: [0.4264705882352941, 0.4264705882352941, 0.4264705882352941, 0.4264705882352941, 0.4264705882352941, 0.5, 0.6029411764705882, 0.6617647058823529, 0.6323529411764706, 0.6323529411764706, 0.5797101449275363, 0.5797101449275363, 0.6231884057971014, 0.6086956521739131, 0.6811594202898551]
 mean: 0.5489485649332196, std: 0.09501193885974162
F1 Score: [0.29896907216494845, 0.29896907216494845, 0.29896907216494845, 0.29896907216494845, 0.29896907216494845, 0.4288537549407115, 0.5826324164582859, 0.6526759937819231, 0.6184062850729517, 0.6135485337576723, 0.5490196078431373, 0.5490196078431373, 0.6044973544973544, 0.5964912280701754, 0.6728448275862069]
 mean: 0.4908556647117532, std: 0.1455649913521898
Accuracy Intime: [1.0, 0.8214285714285714, 0.9285714285714286, 1.0, 0.9230769230769231, 0.6428571428571429, 0.6071428571428571, 0.6071428571428571, 0.8846153846153846, 0.6923076923076923, 0.7857142857142857, 0.6785714285714286, 0.6428571428571429, 0.6153846153846154, 0.5769230769230769]
 mean: 0.7604395604395603, std: 0.1483217986521196
F1 (Intime): [1.0, 0.8212005108556832, 0.9270833333333333, 1.0, 0.9212121212121211, 0.625668449197861, 0.5809523809523809, 0.5942028985507246, 0.8844444444444444, 0.6904761904761905, 0.78125, 0.6679841897233202, 0.625668449197861, 0.5751633986928104, 0.5606758832565284]
 mean: 0.7503988166595505, std: 0.15710691353552236
--------------------------------------------------
Subject Number: 15
Accuracy Cross: [0.7246376811594203, 0.5942028985507246, 0.5652173913043478, 0.5942028985507246, 0.5362318840579711, 0.5588235294117647, 0.45588235294117646, 0.5, 0.5735294117647058, 0.6323529411764706, 0.8970588235294118, 0.5735294117647058, 0.45588235294117646, 0.5735294117647058, 0.5147058823529411]
 mean: 0.5833191247513497, std: 0.10602116361514193
F1 Score: [0.7244061383224721, 0.5899830220713073, 0.5295454545454545, 0.43042452830188677, 0.5337837837837838, 0.5170454545454546, 0.3540436456996149, 0.49956709956709955, 0.5374149659863945, 0.6135485337576723, 0.8952234206471494, 0.5374149659863945, 0.3540436456996149, 0.39416282642089095, 0.45201465201465196]
 mean: 0.5308414758233229, std: 0.13646441919413135
Accuracy Intime: [1.0, 0.9285714285714286, 0.8928571428571429, 0.5384615384615384, 0.6153846153846154, 0.8928571428571429, 0.75, 0.5714285714285714, 0.9230769230769231, 0.6923076923076923, 1.0, 0.9285714285714286, 0.5357142857142857, 0.5384615384615384, 0.6153846153846154]
 mean: 0.7615384615384616, std: 0.17595919724046036
F1 (Intime): [1.0, 0.9251336898395721, 0.89272030651341, 0.35, 0.38095238095238093, 0.8893280632411067, 0.7470967741935484, 0.36363636363636365, 0.9230769230769231, 0.6904761904761905, 1.0, 0.9282051282051282, 0.408130081300813, 0.35, 0.38095238095238093]
 mean: 0.6819805521591878, std: 0.2645577338190077
--------------------------------------------------
Subject Number: 16
Accuracy Cross: [0.4925373134328358, 0.5522388059701493, 0.5223880597014925, 0.5671641791044776, 0.43283582089552236, 0.6417910447761194, 0.5671641791044776, 0.5522388059701493, 0.5970149253731343, 0.5671641791044776, 0.3880597014925373, 0.373134328358209, 0.40298507462686567, 0.417910447761194, 0.417910447761194]
 mean: 0.4995024875621891, std: 0.08370046107388295
F1 Score: [0.3543083900226757, 0.38419117647058826, 0.3431372549019608, 0.3619047619047619, 0.38323643410852715, 0.5838509316770186, 0.5609039548022599, 0.4088235294117647, 0.5255704169944926, 0.5671641791044776, 0.27956989247311825, 0.28939393939393937, 0.2872340425531915, 0.37262905162064824, 0.31471282454760036]
 mean: 0.4011087186658016, std: 0.10271062193938137
Accuracy Intime: [0.6785714285714286, 0.6071428571428571, 0.5769230769230769, 0.5384615384615384, 0.6923076923076923, 0.5714285714285714, 0.6428571428571429, 0.5384615384615384, 0.6538461538461539, 0.6153846153846154, 0.5714285714285714, 0.6428571428571429, 0.5769230769230769, 0.5384615384615384, 0.5]
 mean: 0.5963369963369964, std: 0.055022533895400044
F1 (Intime): [0.6199095022624435, 0.4490161001788909, 0.4358974358974359, 0.35, 0.6090225563909775, 0.36363636363636365, 0.5238095238095237, 0.35, 0.6067226890756303, 0.4583333333333333, 0.36363636363636365, 0.641025641025641, 0.4358974358974359, 0.4583333333333333, 0.4932533733133433]
 mean: 0.477232910119381, std: 0.09894760072993045
--------------------------------------------------
Subject Number: 17
Accuracy Cross: [0.6176470588235294, 0.8823529411764706, 0.8382352941176471, 0.7794117647058824, 0.5735294117647058, 0.782608695652174, 0.8840579710144928, 0.855072463768116, 0.855072463768116, 0.5797101449275363, 0.7205882352941176, 0.9264705882352942, 0.9411764705882353, 0.9117647058823529, 0.6323529411764706]
 mean: 0.7853367433930095, std: 0.12510653289782545
F1 Score: [0.4901960784313726, 0.8797524314765695, 0.8245367112362186, 0.7561558689935453, 0.39416282642089095, 0.7626691125888558, 0.8834459459459459, 0.8478835978835979, 0.8457066189624329, 0.4225108225108225, 0.6844932844932845, 0.9251595861765354, 0.9403508771929825, 0.9098143236074271, 0.5506212001057362]
 mean: 0.7411639524017478, std: 0.18181176710726718
Accuracy Intime: [0.6071428571428571, 0.8928571428571429, 0.8571428571428571, 0.7307692307692307, 0.6153846153846154, 0.8571428571428571, 0.9642857142857143, 1.0, 0.8461538461538461, 0.6923076923076923, 0.75, 0.8928571428571429, 0.9642857142857143, 0.6923076923076923, 0.5384615384615384]
 mean: 0.7934065934065931, std: 0.13890054829027976
F1 (Intime): [0.49918699186991866, 0.8916129032258064, 0.8444444444444444, 0.7204301075268817, 0.38095238095238093, 0.8502673796791445, 0.9638709677419355, 1.0, 0.8452380952380952, 0.5666666666666667, 0.7211948790896159, 0.8916129032258064, 0.9631093544137023, 0.6388888888888888, 0.4901960784313726]
 mean: 0.7511781360929773, std: 0.189041421073073
--------------------------------------------------
Subject Number: 18
Accuracy Cross: [0.5797101449275363, 0.6521739130434783, 0.6376811594202898, 0.5652173913043478, 0.6231884057971014, 0.5882352941176471, 0.36764705882352944, 0.5294117647058824, 0.5588235294117647, 0.5735294117647058, 0.7142857142857143, 0.6428571428571429, 0.7428571428571429, 0.6571428571428571, 0.6714285714285714]
 mean: 0.6069459667925141, std: 0.08592871468312416
F1 Score: [0.5666016894087069, 0.5892857142857143, 0.5383997859245384, 0.3611111111111111, 0.49264705882352944, 0.5824561403508772, 0.3675102747133896, 0.4624505928853755, 0.3584905660377358, 0.3644859813084112, 0.7056349873843566, 0.6368541191118489, 0.72, 0.5512820512820513, 0.5912668189895913]
 mean: 0.5258984594411492, std: 0.11766938204354446
Accuracy Intime: [0.8214285714285714, 0.8928571428571429, 0.7142857142857143, 0.5384615384615384, 0.6153846153846154, 0.9285714285714286, 0.75, 0.7142857142857143, 0.5714285714285714, 0.6538461538461539, 0.75, 0.75, 0.8214285714285714, 0.5769230769230769, 0.6153846153846154]
 mean: 0.7142857142857142, std: 0.11489079746764963
F1 (Intime): [0.8193548387096774, 0.8857142857142857, 0.7083333333333333, 0.35, 0.38095238095238093, 0.9285714285714286, 0.7496807151979565, 0.65, 0.36363636363636365, 0.6533333333333333, 0.7211948790896159, 0.7470967741935484, 0.8095238095238095, 0.48468468468468473, 0.38095238095238093]
 mean: 0.6422019471928534, std: 0.19293058936138696
--------------------------------------------------
Subject Number: 19
Accuracy Cross: [0.5671641791044776, 0.5671641791044776, 0.5671641791044776, 0.5671641791044776, 0.5671641791044776, 0.5588235294117647, 0.6617647058823529, 0.6764705882352942, 0.6470588235294118, 0.5147058823529411, 0.38235294117647056, 0.5882352941176471, 0.4411764705882353, 0.6764705882352942, 0.5735294117647058]
 mean: 0.570427275387767, std: 0.0784867389393549
F1 Score: [0.39148136548700285, 0.3619047619047619, 0.3619047619047619, 0.3619047619047619, 0.3619047619047619, 0.5490716180371353, 0.6611050920910075, 0.6753472222222222, 0.6458333333333333, 0.5095081967213115, 0.3358139534883721, 0.5850043591979075, 0.4164408310749774, 0.6761904761904762, 0.5734371620160069]
 mean: 0.49779017716525337, std: 0.12807616156031454
Accuracy Intime: [0.9285714285714286, 0.6071428571428571, 0.7857142857142857, 0.5384615384615384, 0.6153846153846154, 0.8571428571428571, 0.8928571428571429, 0.8461538461538461, 0.6923076923076923, 0.7692307692307693, 0.8928571428571429, 0.8214285714285714, 0.9615384615384616, 0.7307692307692307, 0.6153846153846154]
 mean: 0.7703296703296701, std: 0.12749462988881158
F1 (Intime): [0.9251336898395721, 0.4490161001788909, 0.7754010695187166, 0.35, 0.38095238095238093, 0.8444444444444444, 0.8857142857142857, 0.8424242424242425, 0.6923076923076923, 0.7692307692307693, 0.8916129032258064, 0.8095238095238095, 0.9610194902548725, 0.7204301075268817, 0.38095238095238093]
 mean: 0.7118775577396498, std: 0.20673337107391246
--------------------------------------------------
Subject Number: 20
Accuracy Cross: [0.582089552238806, 0.5671641791044776, 0.582089552238806, 0.5970149253731343, 0.5671641791044776, 0.5671641791044776, 0.5671641791044776, 0.5522388059701493, 0.6119402985074627, 0.5671641791044776, 0.6521739130434783, 0.6811594202898551, 0.6666666666666666, 0.6811594202898551, 0.5797101449275363]
 mean: 0.601470906337876, std: 0.04410942936900035
F1 Score: [0.4252450980392157, 0.3619047619047619, 0.3987179487179487, 0.4334481678672095, 0.3619047619047619, 0.3619047619047619, 0.3619047619047619, 0.3557692307692308, 0.46629901960784315, 0.3619047619047619, 0.5490196078431372, 0.6005263157894737, 0.5753278030505753, 0.6005263157894737, 0.39674404582454026]
 mean: 0.44074315752149723, std: 0.09086426213397523
Accuracy Intime: [0.7142857142857143, 0.5714285714285714, 0.8846153846153846, 0.7307692307692307, 0.5769230769230769, 0.5714285714285714, 0.5714285714285714, 0.7692307692307693, 0.6153846153846154, 0.5769230769230769, 0.6785714285714286, 0.6428571428571429, 0.6923076923076923, 0.6923076923076923, 0.6153846153846154]
 mean: 0.6602564102564102, std: 0.08732442472199677
F1 (Intime): [0.65, 0.36363636363636365, 0.880184331797235, 0.6941176470588235, 0.36585365853658536, 0.36363636363636365, 0.36363636363636365, 0.7450980392156863, 0.5112781954887218, 0.36585365853658536, 0.5902439024390245, 0.5238095238095237, 0.6388888888888888, 0.6388888888888888, 0.38095238095238093]
 mean: 0.5384052137680958, std: 0.16248829098019155
--------------------------------------------------
Subject Number: 21
Accuracy Cross: [0.5428571428571428, 0.6142857142857143, 0.6857142857142857, 0.6857142857142857, 0.45714285714285713, 0.45588235294117646, 0.5147058823529411, 0.4117647058823529, 0.5, 0.5147058823529411, 0.5507246376811594, 0.5362318840579711, 0.4057971014492754, 0.5072463768115942, 0.463768115942029]
 mean: 0.5231027483457151, std: 0.08246121296056505
F1 Score: [0.5290159798149705, 0.6078024486407968, 0.6761984861227923, 0.6354166666666667, 0.39764492753623193, 0.4196078431372549, 0.4962962962962963, 0.32806324110671936, 0.4839285714285714, 0.48235294117647065, 0.5410856039476507, 0.5132275132275133, 0.3074663402692778, 0.4943965517241379, 0.3899641577060932]
 mean: 0.4868311712534296, std: 0.10243769794916012
Accuracy Intime: [0.6428571428571429, 0.5714285714285714, 0.6071428571428571, 0.5384615384615384, 0.38461538461538464, 0.75, 0.6785714285714286, 0.5714285714285714, 0.5714285714285714, 0.46153846153846156, 0.6071428571428571, 0.75, 0.5714285714285714, 0.6923076923076923, 0.6153846153846154]
 mean: 0.6009157509157509, std: 0.09468244501140019
F1 (Intime): [0.5906432748538011, 0.36363636363636365, 0.4490161001788909, 0.35, 0.2777777777777778, 0.7043740573152337, 0.6781609195402298, 0.36363636363636365, 0.5625, 0.43125, 0.6025806451612903, 0.7417654808959157, 0.36363636363636365, 0.6904761904761905, 0.38095238095238093]
 mean: 0.5033603945373868, std: 0.1505287901301036
--------------------------------------------------
Subject Number: 22
Accuracy Cross: [0.5882352941176471, 0.5735294117647058, 0.5882352941176471, 0.5735294117647058, 0.5735294117647058, 0.8, 0.5857142857142857, 0.5428571428571428, 0.6142857142857143, 0.5142857142857142, 0.7567567567567568, 0.6351351351351351, 0.5675675675675675, 0.6081081081081081, 0.6351351351351351]
 mean: 0.6104602922249981, std: 0.07299190617995328
F1 Score: [0.4012578616352201, 0.3644859813084112, 0.4012578616352201, 0.3644859813084112, 0.3644859813084112, 0.7822222222222222, 0.4250920419144718, 0.49275362318840576, 0.5836087243886319, 0.46105072463768115, 0.708916083916084, 0.4948166877370417, 0.5558889722430608, 0.37815126050420167, 0.6350684931506849]
 mean: 0.4942361667398773, std: 0.1285305120455453
Accuracy Intime: [0.6785714285714286, 0.6071428571428571, 0.6071428571428571, 0.5714285714285714, 0.6428571428571429, 1.0, 0.8214285714285714, 0.5714285714285714, 0.5769230769230769, 0.5769230769230769, 0.9642857142857143, 0.75, 0.6071428571428571, 0.5384615384615384, 0.5769230769230769]
 mean: 0.6727106227106228, std: 0.14144791922706995
F1 (Intime): [0.6199095022624435, 0.4490161001788909, 0.4490161001788909, 0.36363636363636365, 0.391304347826087, 1.0, 0.8155467720685112, 0.36363636363636365, 0.5606758832565284, 0.48468468468468473, 0.9631093544137023, 0.7496807151979565, 0.4490161001788909, 0.35, 0.36585365853658536]
 mean: 0.5583390630703933, std: 0.2146192532172866
--------------------------------------------------
Subject Number: 23
Accuracy Cross: [0.5882352941176471, 0.5882352941176471, 0.5588235294117647, 0.5588235294117647, 0.5588235294117647, 0.6567164179104478, 0.6417910447761194, 0.5671641791044776, 0.5671641791044776, 0.7761194029850746, 0.6086956521739131, 0.6231884057971014, 0.5652173913043478, 0.5652173913043478, 0.5652173913043478]
 mean: 0.5992955088156829, std: 0.05641297319748269
F1 Score: [0.42788461538461536, 0.42788461538461536, 0.3584905660377358, 0.3584905660377358, 0.3584905660377358, 0.5552669552669552, 0.5270588235294118, 0.3619047619047619, 0.3619047619047619, 0.7431638129312548, 0.4623376623376624, 0.49264705882352944, 0.3611111111111111, 0.3611111111111111, 0.3611111111111111]
 mean: 0.43459053992760727, std: 0.10541941271233098
Accuracy Intime: [0.6785714285714286, 0.75, 0.6538461538461539, 0.5384615384615384, 0.6153846153846154, 0.6428571428571429, 0.75, 0.5714285714285714, 0.5384615384615384, 0.5769230769230769, 0.6428571428571429, 0.9285714285714286, 0.6923076923076923, 0.5384615384615384, 0.6153846153846154]
 mean: 0.6489010989010989, std: 0.10051191276728902
F1 (Intime): [0.5902439024390245, 0.7043740573152337, 0.5783783783783785, 0.35, 0.4583333333333333, 0.5238095238095237, 0.7211948790896159, 0.36363636363636365, 0.35, 0.4358974358974359, 0.5625, 0.9251336898395721, 0.6388888888888888, 0.35, 0.38095238095238093]
 mean: 0.52888952223865, std: 0.16392651654775853
--------------------------------------------------
Subject Number: 24
Accuracy Cross: [0.6865671641791045, 0.5074626865671642, 0.5522388059701493, 0.7164179104477612, 0.582089552238806, 0.47058823529411764, 0.47058823529411764, 0.47058823529411764, 0.4852941176470588, 0.4852941176470588, 0.463768115942029, 0.4782608695652174, 0.463768115942029, 0.5797101449275363, 0.463768115942029]
 mean: 0.5250936281932198, std: 0.07979731496116431
F1 Score: [0.6794258373205742, 0.4349603884487605, 0.5034584980237153, 0.7141253087805973, 0.5455426356589147, 0.3799392097264438, 0.3799392097264438, 0.3799392097264438, 0.4048512128032008, 0.4048512128032008, 0.375030599755202, 0.3994197292069632, 0.375030599755202, 0.5490196078431373, 0.375030599755202]
 mean: 0.4600375906222667, std: 0.10988671128741462
Accuracy Intime: [0.7857142857142857, 0.6785714285714286, 0.6428571428571429, 0.7692307692307693, 0.6153846153846154, 0.6785714285714286, 0.5714285714285714, 0.6153846153846154, 0.6923076923076923, 0.6153846153846154, 0.6785714285714286, 0.5714285714285714, 0.46153846153846156, 0.7307692307692307, 0.6153846153846154]
 mean: 0.6481684981684982, std: 0.08002300786834479
F1 (Intime): [0.7857142857142857, 0.6199095022624435, 0.625668449197861, 0.7636363636363637, 0.38095238095238093, 0.6781609195402298, 0.36363636363636365, 0.59375, 0.675, 0.606060606060606, 0.5902439024390245, 0.5508021390374331, 0.3157894736842105, 0.7204301075268817, 0.606060606060606]
 mean: 0.5917210066499126, std: 0.13534762990037544
--------------------------------------------------
Subject Number: 25
Accuracy Cross: [0.5797101449275363, 0.5942028985507246, 0.5797101449275363, 0.5797101449275363, 0.6086956521739131, 0.6323529411764706, 0.6764705882352942, 0.6911764705882353, 0.6176470588235294, 0.6323529411764706, 0.625, 0.6944444444444444, 0.7083333333333334, 0.7222222222222222, 0.6527777777777778]
 mean: 0.6396537842190017, std: 0.04713688572621007
F1 Score: [0.39674404582454026, 0.43042452830188677, 0.39674404582454026, 0.39674404582454026, 0.4623376623376624, 0.49985289791115034, 0.6104166666666667, 0.6101556101556102, 0.46875, 0.49985289791115034, 0.46928746928746934, 0.6067527308838133, 0.6518535574487682, 0.6805678793256433, 0.5281782437745741]
 mean: 0.5139108187652011, std: 0.09289502891336154
Accuracy Intime: [0.75, 0.6428571428571429, 0.7142857142857143, 0.5384615384615384, 0.6538461538461539, 0.7142857142857143, 0.7142857142857143, 0.7142857142857143, 0.5714285714285714, 0.6923076923076923, 0.8571428571428571, 0.8214285714285714, 0.75, 0.6538461538461539, 0.7307692307692307]
 mean: 0.7012820512820511, std: 0.08016121768926178
F1 (Intime): [0.7043740573152337, 0.5238095238095237, 0.65, 0.35, 0.48115299334811534, 0.672514619883041, 0.672514619883041, 0.65, 0.36363636363636365, 0.5666666666666667, 0.8502673796791445, 0.8095238095238095, 0.7043740573152337, 0.6067226890756303, 0.641025641025641]
 mean: 0.6164388280774296, std: 0.13685073792597688
--------------------------------------------------
Subject Number: 26
Accuracy Cross: [0.6811594202898551, 0.6666666666666666, 0.7391304347826086, 0.5652173913043478, 0.5797101449275363, 0.6571428571428571, 0.6857142857142857, 0.6428571428571429, 0.5857142857142857, 0.5857142857142857, 0.6911764705882353, 0.6470588235294118, 0.6470588235294118, 0.5735294117647058, 0.5735294117647058]
 mean: 0.6347586570860229, std: 0.0522100627288571
F1 Score: [0.6235119047619048, 0.5753278030505753, 0.7295296167247387, 0.3611111111111111, 0.39674404582454026, 0.5338512763596005, 0.5886752136752137, 0.5238095238095237, 0.36936936936936937, 0.36936936936936937, 0.6101556101556102, 0.5466666666666666, 0.5294117647058824, 0.3644859813084112, 0.3644859813084112]
 mean: 0.49910034921339536, std: 0.11522820669366092
Accuracy Intime: [0.8571428571428571, 1.0, 0.8928571428571429, 0.5384615384615384, 0.8076923076923077, 0.8571428571428571, 0.75, 0.75, 0.5384615384615384, 0.6538461538461539, 0.8928571428571429, 0.8571428571428571, 0.7142857142857143, 0.5357142857142857, 0.6153846153846154]
 mean: 0.7507326007326007, std: 0.1426261398965008
F1 (Intime): [0.8444444444444444, 1.0, 0.8857142857142857, 0.35, 0.7926634768740032, 0.8502673796791445, 0.7043740573152337, 0.7043740573152337, 0.35, 0.48115299334811534, 0.8893280632411067, 0.8444444444444444, 0.65, 0.3488372093023256, 0.38095238095238093]
 mean: 0.6717701861753813, std: 0.22238333898772888
--------------------------------------------------
Subject Number: 27
Accuracy Cross: [0.6176470588235294, 0.8823529411764706, 0.8382352941176471, 0.7794117647058824, 0.5735294117647058, 0.782608695652174, 0.8840579710144928, 0.855072463768116, 0.855072463768116, 0.5797101449275363, 0.7205882352941176, 0.9264705882352942, 0.9411764705882353, 0.9117647058823529, 0.6323529411764706]
 mean: 0.7853367433930095, std: 0.12510653289782545
F1 Score: [0.4901960784313726, 0.8797524314765695, 0.8245367112362186, 0.7561558689935453, 0.39416282642089095, 0.7626691125888558, 0.8834459459459459, 0.8478835978835979, 0.8457066189624329, 0.4225108225108225, 0.6844932844932845, 0.9251595861765354, 0.9403508771929825, 0.9098143236074271, 0.5506212001057362]
 mean: 0.7411639524017478, std: 0.18181176710726718
Accuracy Intime: [0.6071428571428571, 0.8928571428571429, 0.8571428571428571, 0.7307692307692307, 0.6153846153846154, 0.8571428571428571, 0.9642857142857143, 1.0, 0.8461538461538461, 0.6923076923076923, 0.75, 0.8928571428571429, 0.9642857142857143, 0.6923076923076923, 0.5384615384615384]
 mean: 0.7934065934065931, std: 0.13890054829027976
F1 (Intime): [0.49918699186991866, 0.8916129032258064, 0.8444444444444444, 0.7204301075268817, 0.38095238095238093, 0.8502673796791445, 0.9638709677419355, 1.0, 0.8452380952380952, 0.5666666666666667, 0.7211948790896159, 0.8916129032258064, 0.9631093544137023, 0.6388888888888888, 0.4901960784313726]
 mean: 0.7511781360929773, std: 0.189041421073073
--------------------------------------------------
Subject Number: 28
Accuracy Cross: [0.6716417910447762, 0.6716417910447762, 0.6716417910447762, 0.5671641791044776, 0.7611940298507462, 0.5735294117647058, 0.7352941176470589, 0.8529411764705882, 0.8088235294117647, 0.7794117647058824, 0.4027777777777778, 0.4027777777777778, 0.4027777777777778, 0.4027777777777778, 0.4027777777777778]
 mean: 0.6071448313985628, std: 0.16226663599109023
F1 Score: [0.6429263565891472, 0.6490476190476191, 0.668018018018018, 0.5034500383337592, 0.7518518518518519, 0.5712111328549685, 0.7197802197802198, 0.8524305555555556, 0.7990452375539896, 0.7793640493186242, 0.2871287128712871, 0.2871287128712871, 0.2871287128712871, 0.2871287128712871, 0.2871287128712871]
 mean: 0.558184576217346, std: 0.20899085983922322
Accuracy Intime: [0.8214285714285714, 0.6428571428571429, 0.6428571428571429, 0.6153846153846154, 0.6923076923076923, 0.6071428571428571, 0.6071428571428571, 0.6538461538461539, 0.5769230769230769, 0.7307692307692307, 0.9285714285714286, 0.75, 0.8846153846153846, 0.8076923076923077, 0.9615384615384616]
 mean: 0.7282051282051284, std: 0.12134221427718883
F1 (Intime): [0.8193548387096774, 0.6354166666666667, 0.6354166666666667, 0.59375, 0.6923076923076923, 0.5942028985507246, 0.5809523809523809, 0.6491754122938531, 0.519327731092437, 0.7204301075268817, 0.9282051282051282, 0.7470967741935484, 0.8844444444444444, 0.8074074074074074, 0.9585326953748006]
 mean: 0.7177347229594874, std: 0.13087330363858207
--------------------------------------------------
Subject Number: 29
Accuracy Cross: [0.7611940298507462, 0.7910447761194029, 0.7910447761194029, 0.7761194029850746, 0.7761194029850746, 0.7647058823529411, 0.7647058823529411, 0.7058823529411765, 0.7647058823529411, 0.6617647058823529, 0.6142857142857143, 0.6428571428571429, 0.6285714285714286, 0.5714285714285714, 0.6714285714285714]
 mean: 0.7123905681675654, std: 0.07152005035928594
F1 Score: [0.7351778656126482, 0.7682806324110671, 0.7631313131313131, 0.7431638129312548, 0.7431638129312548, 0.7244174265450861, 0.7244174265450861, 0.6348012889366272, 0.7244174265450861, 0.5575671852899575, 0.46474086661002545, 0.5408029388611912, 0.4950055493895672, 0.36363636363636365, 0.577538703752296]
 mean: 0.637350840875255, std: 0.12434224992096471
Accuracy Intime: [1.0, 0.9285714285714286, 0.7857142857142857, 0.5769230769230769, 0.6153846153846154, 0.75, 0.8214285714285714, 0.7692307692307693, 0.5384615384615384, 0.5769230769230769, 0.8214285714285714, 1.0, 0.7692307692307693, 0.5384615384615384, 0.6923076923076923]
 mean: 0.7456043956043956, std: 0.1504825925713293
F1 (Intime): [1.0, 0.9251336898395721, 0.7543859649122806, 0.4358974358974359, 0.4583333333333333, 0.7043740573152337, 0.8008534850640114, 0.7450980392156863, 0.35, 0.36585365853658536, 0.8008534850640114, 1.0, 0.7450980392156863, 0.35, 0.5666666666666667]
 mean: 0.6668365236707002, std: 0.22273450803438
--------------------------------------------------
**************************************************
accuracy_cross_list: [0.6432335638217991, 0.6231523378582201, 0.4872208630287558, 0.6812709030100333, 0.7300990541143995, 0.5224457423029778, 0.5989769820971867, 0.5872816952868104, 0.6882453279819392, 0.5634328358208956, 0.5155754475703325, 0.671707956381774, 0.5196133205607574, 0.5489485649332196, 0.5833191247513497, 0.4995024875621891, 0.7853367433930095, 0.6069459667925141, 0.570427275387767, 0.601470906337876, 0.5231027483457151, 0.6104602922249981, 0.5992955088156829, 0.5250936281932198, 0.6396537842190017, 0.6347586570860229, 0.7853367433930095, 0.6071448313985628, 0.7123905681675654]
f1_score_list: [0.5152737011186924, 0.5169655729185046, 0.43428513198214314, 0.5771831581594634, 0.657090519530594, 0.44453057090557296, 0.4986003193975312, 0.4364434665269864, 0.6367256793986363, 0.511812133458113, 0.42703952525703215, 0.5819266298346817, 0.4451524632690591, 0.4908556647117532, 0.5308414758233229, 0.4011087186658016, 0.7411639524017478, 0.5258984594411492, 0.49779017716525337, 0.44074315752149723, 0.4868311712534296, 0.4942361667398773, 0.43459053992760727, 0.4600375906222667, 0.5139108187652011, 0.49910034921339536, 0.7411639524017478, 0.558184576217346, 0.637350840875255]
accuracy_intime_list: [0.6658150183150181, 0.7285714285714284, 0.6516483516483516, 0.7269230769230769, 0.7639194139194139, 0.623076923076923, 0.6785714285714285, 0.6426739926739926, 0.7269230769230769, 0.6285714285714284, 0.5899267399267398, 0.7362637362637362, 0.6122710622710622, 0.7604395604395603, 0.7615384615384616, 0.5963369963369964, 0.7934065934065931, 0.7142857142857142, 0.7703296703296701, 0.6602564102564102, 0.6009157509157509, 0.6727106227106228, 0.6489010989010989, 0.6481684981684982, 0.7012820512820511, 0.7507326007326007, 0.7934065934065931, 0.7282051282051284, 0.7456043956043956]
f1_score_intime_list: [0.5409469019115539, 0.6628706208404919, 0.5902881621140406, 0.6494064668008076, 0.6771515967752002, 0.5238742605283907, 0.5727728588808273, 0.5093540825975513, 0.6374299804501609, 0.5438086109463434, 0.4803350284917976, 0.6647880764058139, 0.5503746089102234, 0.7503988166595505, 0.6819805521591878, 0.477232910119381, 0.7511781360929773, 0.6422019471928534, 0.7118775577396498, 0.5384052137680958, 0.5033603945373868, 0.5583390630703933, 0.52888952223865, 0.5917210066499126, 0.6164388280774296, 0.6717701861753813, 0.7511781360929773, 0.7177347229594874, 0.6668365236707002]
**************************************************
ACC: 60.92±7.88
F1: 52.20±8.76
Intime: 69.39±6.11
F1 (Intime): 61.25±8.30
