1e-04
Subject Number: 1
Accuracy Cross: [0.32413793103448274, 0.32413793103448274, 0.36551724137931035, 0.33793103448275863, 0.27586206896551724, 0.2742857142857143, 0.33714285714285713, 0.26285714285714284, 0.24571428571428572, 0.2742857142857143, 0.21839080459770116, 0.2413793103448276, 0.26436781609195403, 0.2988505747126437, 0.3735632183908046]
 mean: 0.2945615763546798, std: 0.04534540250827714
F1 Score: [0.22083818958818957, 0.2877221647716016, 0.3413767103466363, 0.2575101927353595, 0.21327651289937063, 0.12574074074074074, 0.2798146600906546, 0.18482142857142858, 0.12298470442331542, 0.13380491841080802, 0.15646461360514713, 0.21996433298290033, 0.24042182662538697, 0.20027196025525718, 0.38683884652529665]
 mean: 0.22479012017147287, std: 0.0746758452600594
Accuracy Intime: [0.6, 0.3, 0.45714285714285713, 0.35714285714285715, 0.3088235294117647, 0.3448275862068966, 0.39655172413793105, 0.3448275862068966, 0.29310344827586204, 0.20689655172413793, 0.3620689655172414, 0.39655172413793105, 0.3793103448275862, 0.3103448275862069, 0.43103448275862066]
 mean: 0.36590843233845266, std: 0.08628528854775888
F1 (Intime): [0.5819228181624112, 0.13867534003548196, 0.4043591906864218, 0.2680157617044013, 0.2048941798941799, 0.1282051282051282, 0.3623626373626374, 0.18120300751879698, 0.11333333333333333, 0.12337662337662338, 0.189358372456964, 0.20035252643948298, 0.20300751879699247, 0.1935707678075856, 0.41744756041951664]
 mean: 0.2473389844133305, std: 0.1304154225743357
--------------------------------------------------
Subject Number: 2
Accuracy Cross: [0.4583333333333333, 0.4027777777777778, 0.2916666666666667, 0.3194444444444444, 0.3541666666666667, 0.31724137931034485, 0.30344827586206896, 0.4068965517241379, 0.27586206896551724, 0.27586206896551724, 0.28901734104046245, 0.2832369942196532, 0.5780346820809249, 0.5722543352601156, 0.3063583815028902]
 mean: 0.3623067311880348, std: 0.09850597446236857
F1 Score: [0.48902983321587973, 0.34146065567027273, 0.1931642807727103, 0.2052446785165679, 0.3630151398328537, 0.18199954400364798, 0.1778984268125855, 0.3483942087866126, 0.11937788986969314, 0.11937788986969314, 0.15276071593686016, 0.17190476190476192, 0.5029983360865714, 0.5073069403714565, 0.16921504302762325]
 mean: 0.26954322297851935, std: 0.1375259909571433
Accuracy Intime: [0.7241379310344828, 0.7931034482758621, 0.4482758620689655, 0.3103448275862069, 0.7931034482758621, 0.39655172413793105, 0.41379310344827586, 0.41379310344827586, 0.29310344827586204, 0.3392857142857143, 0.3103448275862069, 0.3103448275862069, 0.7413793103448276, 0.5344827586206896, 0.32142857142857145]
 mean: 0.476231527093596, std: 0.18433781775507946
F1 (Intime): [0.7075097245375883, 0.820879120879121, 0.3694037145650049, 0.15332640332640335, 0.6432432432432433, 0.23341487279843443, 0.24603174603174602, 0.2577281873056521, 0.11333333333333333, 0.12666666666666668, 0.18506493506493504, 0.16594202898550725, 0.7026515151515151, 0.44833333333333336, 0.1714975845410628]
 mean: 0.3563350939842365, std: 0.23661050725172109
--------------------------------------------------
Subject Number: 3
Accuracy Cross: [0.2986111111111111, 0.2222222222222222, 0.2222222222222222, 0.2361111111111111, 0.2569444444444444, 0.30612244897959184, 0.24489795918367346, 0.2585034013605442, 0.25170068027210885, 0.23129251700680273, 0.2033898305084746, 0.2937853107344633, 0.24293785310734464, 0.2994350282485876, 0.3107344632768362]
 mean: 0.2585940402526359, std: 0.03357824305069801
F1 Score: [0.2525735294117647, 0.21895306431751443, 0.21578116058664262, 0.14198925068490287, 0.15682971409864688, 0.2775388855330716, 0.20649829521510937, 0.23583265989378896, 0.12648809523809523, 0.19679710533369071, 0.17994412834792473, 0.2757456879932736, 0.20192373773167538, 0.19310365275142313, 0.22731890381496367]
 mean: 0.20715452473016585, std: 0.042835598005325604
Accuracy Intime: [0.35, 0.5, 0.7068965517241379, 0.3103448275862069, 0.3793103448275862, 0.3448275862068966, 0.41379310344827586, 0.43103448275862066, 0.3103448275862069, 0.3392857142857143, 0.3793103448275862, 0.27586206896551724, 0.3620689655172414, 0.27586206896551724, 0.375]
 mean: 0.38359605911330047, std: 0.10339219881297032
F1 (Intime): [0.152014652014652, 0.3711270436880193, 0.6265626035903972, 0.11842105263157894, 0.2244640605296343, 0.12987012987012986, 0.2428035043804756, 0.399047619047619, 0.20730397422126745, 0.12666666666666668, 0.36806983865807397, 0.22097879631612766, 0.34048040082522846, 0.21791443850267378, 0.340148315736551]
 mean: 0.27239153977860636, std: 0.13225594457933418
--------------------------------------------------
Subject Number: 4
Accuracy Cross: [0.32413793103448274, 0.2482758620689655, 0.2896551724137931, 0.25517241379310346, 0.25517241379310346, 0.32413793103448274, 0.3103448275862069, 0.22758620689655173, 0.30344827586206896, 0.2413793103448276, 0.3563218390804598, 0.3505747126436782, 0.3505747126436782, 0.39080459770114945, 0.367816091954023]
 mean: 0.30636015325670496, std: 0.0498606269373251
F1 Score: [0.2564545118591682, 0.16110898780303556, 0.2071764153159502, 0.16854076156401737, 0.16851395730706076, 0.2719668542839275, 0.2239006398013751, 0.14864864864864863, 0.2988562713737437, 0.1914445203918888, 0.3133665764682737, 0.311635239045969, 0.3175327938876421, 0.36371891551714103, 0.36209307933445867]
 mean: 0.2509972115068201, std: 0.07218543144276113
Accuracy Intime: [0.3103448275862069, 0.3103448275862069, 0.3448275862068966, 0.25862068965517243, 0.5344827586206896, 0.39655172413793105, 0.3275862068965517, 0.3448275862068966, 0.46551724137931033, 0.3793103448275862, 0.39655172413793105, 0.43103448275862066, 0.39655172413793105, 0.3448275862068966, 0.29310344827586204]
 mean: 0.3689655172413793, std: 0.06890802201067521
F1 (Intime): [0.32512964297072244, 0.11842105263157894, 0.296571859513036, 0.19622564935064934, 0.48102564102564105, 0.43191539643152543, 0.19664138678223186, 0.2680557147770263, 0.3814655172413793, 0.27278325123152714, 0.3943623426382047, 0.40774266695925676, 0.3667211328976035, 0.25399686520376175, 0.23825634352635003]
 mean: 0.308620964212033, std: 0.09778011165830688
--------------------------------------------------
Subject Number: 5
Accuracy Cross: [0.296551724137931, 0.38620689655172413, 0.41379310344827586, 0.36551724137931035, 0.38620689655172413, 0.39864864864864863, 0.4594594594594595, 0.4527027027027027, 0.46621621621621623, 0.4189189189189189, 0.42857142857142855, 0.3945578231292517, 0.4013605442176871, 0.41496598639455784, 0.3741496598639456]
 mean: 0.4038551500127855, std: 0.040854032574446725
F1 Score: [0.2543951791242813, 0.37518568104811867, 0.42486532442518354, 0.3777831505644342, 0.37717938902740655, 0.41160915666880904, 0.47963912162910494, 0.47756238859180034, 0.4830776105503485, 0.4488927738927739, 0.43732638888888886, 0.3905405012755621, 0.4202130510005665, 0.4424210185514734, 0.4045233593404762]
 mean: 0.4136809396386152, std: 0.055460759213656216
Accuracy Intime: [0.5666666666666667, 0.5166666666666667, 0.5344827586206896, 0.43103448275862066, 0.39655172413793105, 0.4827586206896552, 0.5172413793103449, 0.5689655172413793, 0.41379310344827586, 0.5, 0.5, 0.6206896551724138, 0.46551724137931033, 0.3793103448275862, 0.3620689655172414]
 mean: 0.4837164750957854, std: 0.07281034359268564
F1 (Intime): [0.5233333333333333, 0.5195031055900621, 0.5480392156862745, 0.3541666666666667, 0.2976398601398601, 0.45040989606206994, 0.517292490118577, 0.5723443223443223, 0.3509803921568627, 0.41047794117647063, 0.5064393939393939, 0.6374867724867724, 0.4941223832528181, 0.27143304130162704, 0.2920289855072464]
 mean: 0.4497131866508237, std: 0.10960671803460159
--------------------------------------------------
Subject Number: 6
Accuracy Cross: [0.3055555555555556, 0.2638888888888889, 0.3055555555555556, 0.24305555555555555, 0.2361111111111111, 0.20408163265306123, 0.21768707482993196, 0.272108843537415, 0.2857142857142857, 0.3129251700680272, 0.25170068027210885, 0.22448979591836735, 0.23129251700680273, 0.19727891156462585, 0.30612244897959184]
 mean: 0.25717120181405895, std: 0.03798671717900208
F1 Score: [0.2430495677864099, 0.2365742128935532, 0.27117832261194375, 0.16415219843251425, 0.1655187074829932, 0.19038082712759902, 0.20282648688310168, 0.22321447623925056, 0.20131731807898473, 0.24075271134094664, 0.2182920147924942, 0.16951203558346414, 0.17211928631101564, 0.1279642572650342, 0.28026215727381104]
 mean: 0.2071409720068744, std: 0.041586033284735056
Accuracy Intime: [0.3, 0.4, 0.603448275862069, 0.29310344827586204, 0.3793103448275862, 0.3620689655172414, 0.39655172413793105, 0.3448275862068966, 0.3275862068965517, 0.4107142857142857, 0.3620689655172414, 0.3793103448275862, 0.3620689655172414, 0.3448275862068966, 0.42857142857142855]
 mean: 0.3796305418719212, std: 0.07025739634749463
F1 (Intime): [0.23585568326947637, 0.3667040979071054, 0.5542459088898718, 0.22822393822393822, 0.2511676180591593, 0.337082560296846, 0.3154121863799283, 0.23110859728506788, 0.21524547803617572, 0.2895520050125313, 0.28724747474747475, 0.29919656614571866, 0.25416666666666665, 0.29207325006505336, 0.35319711844957286]
 mean: 0.3006986099623058, std: 0.08146242337010011
--------------------------------------------------
Subject Number: 7
Accuracy Cross: [0.3333333333333333, 0.272108843537415, 0.2789115646258503, 0.2857142857142857, 0.2857142857142857, 0.3356164383561644, 0.2945205479452055, 0.3013698630136986, 0.3150684931506849, 0.3835616438356164, 0.30612244897959184, 0.3197278911564626, 0.36054421768707484, 0.4013605442176871, 0.2925170068027211]
 mean: 0.31774609387133856, std: 0.03737229478375233
F1 Score: [0.3033748114630468, 0.2734889830754492, 0.20955745701492015, 0.23686142405415284, 0.2693108974358974, 0.2920972368745882, 0.2753022503022503, 0.21656613377383183, 0.29089505071977856, 0.3570574162679426, 0.2145045518207283, 0.24919145050556785, 0.287887909632572, 0.3495047249463147, 0.20783863844135492]
 mean: 0.2688959290885597, std: 0.045654235417817664
Accuracy Intime: [0.5166666666666667, 0.43103448275862066, 0.27586206896551724, 0.27586206896551724, 0.3275862068965517, 0.4166666666666667, 0.31666666666666665, 0.6206896551724138, 0.3275862068965517, 0.3275862068965517, 0.36666666666666664, 0.3448275862068966, 0.3448275862068966, 0.3448275862068966, 0.27586206896551724]
 mean: 0.3675478927203065, std: 0.09198128586909869
F1 (Intime): [0.5261755485893417, 0.4129069767441861, 0.2673941798941799, 0.10810810810810811, 0.2038327526132404, 0.4351686909581646, 0.2585227272727273, 0.5931877529703616, 0.24499591503267976, 0.21347073978652925, 0.2427466150870406, 0.2858225108225108, 0.34174266605867154, 0.2737914131169709, 0.10810810810810811]
 mean: 0.3010649803441881, std: 0.13421715690832448
--------------------------------------------------
Subject Number: 8
Accuracy Cross: [0.31333333333333335, 0.30666666666666664, 0.2733333333333333, 0.2866666666666667, 0.2733333333333333, 0.32432432432432434, 0.2905405405405405, 0.43243243243243246, 0.44594594594594594, 0.2635135135135135, 0.2789115646258503, 0.30612244897959184, 0.29931972789115646, 0.35374149659863946, 0.2789115646258503]
 mean: 0.3151397928540786, std: 0.053572722070025676
F1 Score: [0.23538552972583252, 0.1694241512677267, 0.12304964539007092, 0.153826871657754, 0.12706093189964157, 0.23959047488459254, 0.229397192770227, 0.4027193335120165, 0.40512740183792817, 0.22299680826910034, 0.13864042933810378, 0.20522975839269306, 0.2222682765420514, 0.25407306478473024, 0.14143554185927065]
 mean: 0.2180150274754493, std: 0.0846432005707926
Accuracy Intime: [0.43333333333333335, 0.38333333333333336, 0.41379310344827586, 0.3620689655172414, 0.3448275862068966, 0.26666666666666666, 0.38333333333333336, 0.3793103448275862, 0.41379310344827586, 0.3448275862068966, 0.3333333333333333, 0.35, 0.4166666666666667, 0.3103448275862069, 0.3793103448275862]
 mean: 0.3676628352490422, std: 0.04303696874198454
F1 (Intime): [0.39506342306616843, 0.3568949318857978, 0.36984767025089604, 0.26492571324400693, 0.22218076285240462, 0.20718362282878414, 0.27696989727064913, 0.31280012004801927, 0.3568216097627862, 0.2695309291053972, 0.254995004995005, 0.29980472307838035, 0.41080700908287116, 0.21126801828196412, 0.285014245014245]
 mean: 0.299607178717825, std: 0.06340572842046507
--------------------------------------------------
Subject Number: 9
Accuracy Cross: [0.34965034965034963, 0.3146853146853147, 0.3356643356643357, 0.2097902097902098, 0.3706293706293706, 0.3972602739726027, 0.3493150684931507, 0.363013698630137, 0.363013698630137, 0.3835616438356164, 0.2925170068027211, 0.3401360544217687, 0.3129251700680272, 0.3401360544217687, 0.19727891156462585]
 mean: 0.3279718107506758, std: 0.05547057021072719
F1 Score: [0.35135869565217387, 0.3162838963793364, 0.33507718696397937, 0.15742117405793385, 0.40471244441832677, 0.40502270370540666, 0.36761741309796225, 0.34093450769246725, 0.3918239563400854, 0.3943181818181818, 0.2817813272861408, 0.3539529714206766, 0.3438751426496524, 0.3678234493522848, 0.12455357142857142]
 mean: 0.3291037748175453, std: 0.08077775187514649
Accuracy Intime: [0.55, 0.603448275862069, 0.4482758620689655, 0.3620689655172414, 0.3448275862068966, 0.5, 0.5689655172413793, 0.3275862068965517, 0.4642857142857143, 0.35714285714285715, 0.5344827586206896, 0.5862068965517241, 0.5172413793103449, 0.35714285714285715, 0.2857142857142857]
 mean: 0.4538259441707717, std: 0.10276531403854547
F1 (Intime): [0.547312252964427, 0.6063401253918496, 0.4711538461538461, 0.23850129198966408, 0.245014245014245, 0.42743961352657006, 0.5711081062339644, 0.25996204933586337, 0.39653621232568603, 0.2804232804232804, 0.5337422360248447, 0.5985081585081585, 0.4979114452798663, 0.28618482966309056, 0.13810741687979539]
 mean: 0.4065496739810101, std: 0.1485870874082445
--------------------------------------------------
Subject Number: 10
Accuracy Cross: [0.2482758620689655, 0.2896551724137931, 0.296551724137931, 0.1793103448275862, 0.2482758620689655, 0.2808219178082192, 0.273972602739726, 0.3424657534246575, 0.2808219178082192, 0.3150684931506849, 0.2922077922077922, 0.3181818181818182, 0.2857142857142857, 0.37012987012987014, 0.37012987012987014]
 mean: 0.2927722191208256, std: 0.0469945091614638
F1 Score: [0.1834440110595438, 0.18896527410541158, 0.20222237625973805, 0.16668352728483132, 0.21514073089757824, 0.185516481486789, 0.26474358974358975, 0.3290740651089183, 0.2151143790849673, 0.2794714882950177, 0.276720202423644, 0.27707179762292516, 0.19284243878206292, 0.3727964148889549, 0.3686629001883239]
 mean: 0.2478979784821531, std: 0.06588658274621156
Accuracy Intime: [0.3333333333333333, 0.29310344827586204, 0.39655172413793105, 0.3103448275862069, 0.3103448275862069, 0.3103448275862069, 0.39655172413793105, 0.3793103448275862, 0.3275862068965517, 0.3275862068965517, 0.3275862068965517, 0.3620689655172414, 0.2413793103448276, 0.5517241379310345, 0.46551724137931033]
 mean: 0.3555555555555555, std: 0.07323522024196392
F1 (Intime): [0.2096774193548387, 0.14208782104391052, 0.35838779956427014, 0.1789153725773444, 0.19534313725490196, 0.11842105263157894, 0.3530701754385965, 0.3653374628984385, 0.294047619047619, 0.23134920634920633, 0.23924349881796692, 0.32308612440191387, 0.09722222222222222, 0.5566376690518567, 0.487689393939394]
 mean: 0.2767010649729373, std: 0.12785761737604887
--------------------------------------------------
Subject Number: 11
Accuracy Cross: [0.27586206896551724, 0.30344827586206896, 0.3103448275862069, 0.35172413793103446, 0.30344827586206896, 0.2808219178082192, 0.273972602739726, 0.273972602739726, 0.2876712328767123, 0.2808219178082192, 0.25477707006369427, 0.25477707006369427, 0.25477707006369427, 0.25477707006369427, 0.267515923566879]
 mean: 0.281914137600077, std: 0.02576879550505084
F1 Score: [0.20251155373780028, 0.2339286913427004, 0.20814171350706864, 0.27330911347304787, 0.20908952728378175, 0.13153310104529617, 0.14142857142857143, 0.11964285714285713, 0.14647901533494756, 0.16931057563587687, 0.1274611568089829, 0.11788048552754435, 0.10362694300518134, 0.10362694300518134, 0.1259886376294976]
 mean: 0.16093059239388904, std: 0.050480996986868976
Accuracy Intime: [0.35, 0.3620689655172414, 0.3103448275862069, 0.3620689655172414, 0.3103448275862069, 0.27586206896551724, 0.3448275862068966, 0.3275862068965517, 0.29310344827586204, 0.27586206896551724, 0.3275862068965517, 0.29310344827586204, 0.27586206896551724, 0.3275862068965517, 0.39655172413793105]
 mean: 0.32218390804597696, std: 0.035114143001225735
F1 (Intime): [0.21385991058122206, 0.22186732186732186, 0.16310160427807485, 0.2837966893039049, 0.19289267945984365, 0.10810810810810811, 0.23787878787878788, 0.2247087240693379, 0.21732186732186734, 0.16993464052287582, 0.21764705882352942, 0.14718076285240464, 0.10810810810810811, 0.20763827919227393, 0.30879814435214153]
 mean: 0.20152284578132015, std: 0.05428541111875428
--------------------------------------------------
Subject Number: 12
Accuracy Cross: [0.34965034965034963, 0.4195804195804196, 0.34265734265734266, 0.3146853146853147, 0.38461538461538464, 0.3586206896551724, 0.31724137931034485, 0.38620689655172413, 0.31724137931034485, 0.2896551724137931, 0.2671232876712329, 0.4520547945205479, 0.3424657534246575, 0.2534246575342466, 0.273972602739726]
 mean: 0.3379463616213734, std: 0.05463938516747773
F1 Score: [0.37728259843263146, 0.4229266512697968, 0.3665172981606279, 0.3241239557462181, 0.4115205809494723, 0.3677936657587821, 0.3339649781113196, 0.39999087378356574, 0.30532296650717705, 0.24094671829781325, 0.189327233733121, 0.48094562747837377, 0.3404328267672384, 0.20821500715117736, 0.20601540436123475]
 mean: 0.33168842576723667, std: 0.08430506371650154
Accuracy Intime: [0.4482758620689655, 0.46551724137931033, 0.5, 0.3793103448275862, 0.4482758620689655, 0.43103448275862066, 0.5, 0.3448275862068966, 0.375, 0.32142857142857145, 0.27586206896551724, 0.5172413793103449, 0.3275862068965517, 0.25, 0.32142857142857145]
 mean: 0.39371921182266006, std: 0.08273192107817816
F1 (Intime): [0.39818952234206473, 0.49518980297432985, 0.5013909011880614, 0.3583271905253329, 0.4695945945945945, 0.4601551432930151, 0.4889278752436647, 0.3504788392898531, 0.3314541293946328, 0.2111111111111111, 0.137123745819398, 0.525373821025995, 0.3384920634920635, 0.1, 0.18536931818181818]
 mean: 0.35674520389839565, std: 0.1358647953679058
--------------------------------------------------
Subject Number: 13
Accuracy Cross: [0.2413793103448276, 0.33793103448275863, 0.2482758620689655, 0.2896551724137931, 0.2413793103448276, 0.2684563758389262, 0.2214765100671141, 0.2550335570469799, 0.3087248322147651, 0.3422818791946309, 0.22972972972972974, 0.22972972972972974, 0.2635135135135135, 0.24324324324324326, 0.20270270270270271]
 mean: 0.2615675175291005, std: 0.03989994052964606
F1 Score: [0.18115713891190277, 0.28793696065525815, 0.17465831957439001, 0.23214285714285715, 0.15875364945132386, 0.20285276840394953, 0.12941551993190523, 0.1856035498286131, 0.27526325845653576, 0.27959076337407335, 0.1564739313071411, 0.16476351716436727, 0.20922951142475837, 0.18338811809308705, 0.12227848101265823]
 mean: 0.19623388964885474, std: 0.05032332003796977
Accuracy Intime: [0.36666666666666664, 0.2833333333333333, 0.21666666666666667, 0.41379310344827586, 0.3448275862068966, 0.27586206896551724, 0.2413793103448276, 0.27586206896551724, 0.3793103448275862, 0.25862068965517243, 0.3103448275862069, 0.3275862068965517, 0.25862068965517243, 0.3275862068965517, 0.22413793103448276]
 mean: 0.30030651340996173, std: 0.05675913847439237
F1 (Intime): [0.3090538847117794, 0.23796367217419848, 0.14134125636672326, 0.4087995337995338, 0.30797720797720796, 0.10810810810810811, 0.14090909090909093, 0.20234604105571846, 0.3625727760611481, 0.21266775777414076, 0.23909090909090908, 0.30471489295018706, 0.17271704903283852, 0.27311924769907964, 0.15416666666666667]
 mean: 0.23836987295848872, std: 0.08530884242589162
--------------------------------------------------
Subject Number: 14
Accuracy Cross: [0.19863013698630136, 0.19863013698630136, 0.19863013698630136, 0.19863013698630136, 0.19863013698630136, 0.4041095890410959, 0.2808219178082192, 0.3150684931506849, 0.4315068493150685, 0.363013698630137, 0.4797297297297297, 0.4391891891891892, 0.35135135135135137, 0.4391891891891892, 0.3918918918918919]
 mean: 0.3259348389485376, std: 0.10201946469714841
F1 Score: [0.08285714285714285, 0.08285714285714285, 0.08285714285714285, 0.08285714285714285, 0.08285714285714285, 0.37330293819655525, 0.21183227389316384, 0.25995733523493514, 0.3962350359716915, 0.30756544257688423, 0.493127086065412, 0.46156648451730414, 0.3062656336301081, 0.4451086545543018, 0.35261156520593717]
 mean: 0.2681238776088005, std: 0.14873870892338686
Accuracy Intime: [0.45, 0.41379310344827586, 0.3103448275862069, 0.4482758620689655, 0.5344827586206896, 0.38333333333333336, 0.27586206896551724, 0.27586206896551724, 0.39655172413793105, 0.25862068965517243, 0.4166666666666667, 0.3275862068965517, 0.3793103448275862, 0.3448275862068966, 0.3103448275862069]
 mean: 0.3683908045977012, std: 0.07496097838386313
F1 (Intime): [0.4065656565656566, 0.38484848484848483, 0.2186700767263427, 0.39454205069124426, 0.5073569023569023, 0.36, 0.10810810810810811, 0.2232748538011696, 0.3505927952576379, 0.2036019536019536, 0.37628109319953024, 0.2584138918725385, 0.3242923742923743, 0.26016672115070283, 0.25679166449957525]
 mean: 0.3089004417981481, std: 0.0985462047954039
--------------------------------------------------
Subject Number: 15
Accuracy Cross: [0.4246575342465753, 0.4178082191780822, 0.273972602739726, 0.3493150684931507, 0.3972602739726027, 0.2569444444444444, 0.2013888888888889, 0.2569444444444444, 0.3055555555555556, 0.2013888888888889, 0.2827586206896552, 0.3103448275862069, 0.3103448275862069, 0.22758620689655173, 0.32413793103448274]
 mean: 0.3026938889763642, std: 0.06899410877379922
F1 Score: [0.44910117056856186, 0.42521347144177585, 0.21484126984126983, 0.33624453745534, 0.3676233223516926, 0.23357127120511123, 0.08787878787878788, 0.17477885891198586, 0.30804383813984526, 0.10051235684147077, 0.22052898082309846, 0.29116909385113265, 0.24168572517629122, 0.13082750582750582, 0.28471642068133296]
 mean: 0.2577824407330135, std: 0.10580137753525778
Accuracy Intime: [0.6379310344827587, 0.6724137931034483, 0.3275862068965517, 0.29310344827586204, 0.5714285714285714, 0.3448275862068966, 0.2413793103448276, 0.29310344827586204, 0.41379310344827586, 0.3103448275862069, 0.39655172413793105, 0.5, 0.20689655172413793, 0.29310344827586204, 0.5178571428571429]
 mean: 0.4013546798029557, std: 0.14079039073893737
F1 (Intime): [0.6423462871738734, 0.6848652564474065, 0.1926470588235294, 0.19759358288770054, 0.5818441520528808, 0.3217760222368517, 0.1437908496732026, 0.25044962502969226, 0.403987556561086, 0.28389154704944175, 0.31553462899886464, 0.4880538302277433, 0.08571428571428572, 0.23400412796697623, 0.5387195756188892]
 mean: 0.3576812257641616, std: 0.1822330553278936
--------------------------------------------------
Subject Number: 16
Accuracy Cross: [0.3146853146853147, 0.27972027972027974, 0.25874125874125875, 0.27972027972027974, 0.2937062937062937, 0.3146853146853147, 0.3356643356643357, 0.3076923076923077, 0.32167832167832167, 0.2867132867132867, 0.1527777777777778, 0.2847222222222222, 0.25, 0.4722222222222222, 0.3611111111111111]
 mean: 0.3009226884226884, std: 0.06468561558769349
F1 Score: [0.2364037480880973, 0.1794860069507957, 0.10335195530726257, 0.14010202811994524, 0.17097264437689969, 0.2514674642218247, 0.2414136302294197, 0.21616666666666667, 0.3046439628482972, 0.2631908831908832, 0.0837468982630273, 0.13846406516883458, 0.195242656449553, 0.44119254401512464, 0.35114734299516903]
 mean: 0.22113283312612003, std: 0.0919168292430326
Accuracy Intime: [0.3448275862068966, 0.3448275862068966, 0.27586206896551724, 0.3392857142857143, 0.3392857142857143, 0.3275862068965517, 0.27586206896551724, 0.3103448275862069, 0.39285714285714285, 0.2857142857142857, 0.3275862068965517, 0.27586206896551724, 0.3448275862068966, 0.6964285714285714, 0.5714285714285714]
 mean: 0.3635057471264368, std: 0.11303483765235833
F1 (Intime): [0.30462962962962964, 0.22897465437788017, 0.10810810810810811, 0.27190476190476187, 0.2062841530054645, 0.22086056644880175, 0.10810810810810811, 0.17703081232492998, 0.3754032258064516, 0.24068986568986567, 0.29366841710427605, 0.18489583333333331, 0.2931982784923961, 0.6970314944864255, 0.5896296296296297]
 mean: 0.2866945025633375, std: 0.1572831733019739
--------------------------------------------------
Subject Number: 17
Accuracy Cross: [0.3402777777777778, 0.3333333333333333, 0.4513888888888889, 0.5347222222222222, 0.4861111111111111, 0.4489795918367347, 0.43537414965986393, 0.2585034013605442, 0.4897959183673469, 0.5238095238095238, 0.3082191780821918, 0.541095890410959, 0.4657534246575342, 0.5753424657534246, 0.4589041095890411]
 mean: 0.44344073245736654, std: 0.09012747584472841
F1 Score: [0.3418710918710919, 0.29074074074074074, 0.4372261276004237, 0.48851994025783463, 0.46074155518905374, 0.400145544346364, 0.3773735361245183, 0.20678130468200626, 0.46903559403559403, 0.5155911767140581, 0.3033999376951652, 0.529306533096642, 0.4595878505964467, 0.524985784619652, 0.4538015284551345]
 mean: 0.417273883068315, std: 0.09231938800492098
Accuracy Intime: [0.4, 0.603448275862069, 0.5862068965517241, 0.4827586206896552, 0.6379310344827587, 0.6379310344827587, 0.5862068965517241, 0.3275862068965517, 0.46551724137931033, 0.6071428571428571, 0.603448275862069, 0.6379310344827587, 0.6551724137931034, 0.5172413793103449, 0.5535714285714286]
 mean: 0.5534729064039409, std: 0.09323413517546941
F1 (Intime): [0.3107146736178994, 0.5741169455259743, 0.5729895104895104, 0.3882068804076745, 0.5102570379436965, 0.6175061399317692, 0.529721685971686, 0.2174379610999329, 0.3518306636155606, 0.4761467622544734, 0.5991402116402116, 0.6273828353624619, 0.6444309007976241, 0.41839826839826844, 0.45714285714285713]
 mean: 0.48636155561330674, std: 0.12353921462313631
--------------------------------------------------
Subject Number: 18
Accuracy Cross: [0.32653061224489793, 0.3129251700680272, 0.4013605442176871, 0.2585034013605442, 0.2585034013605442, 0.29931972789115646, 0.23809523809523808, 0.3673469387755102, 0.30612244897959184, 0.2789115646258503, 0.2733333333333333, 0.2866666666666667, 0.30666666666666664, 0.30666666666666664, 0.29333333333333333]
 mean: 0.30095238095238097, std: 0.04037154482711209
F1 Score: [0.3081334231426108, 0.3040250125615979, 0.4148914875402353, 0.18373626373626373, 0.23031838656838655, 0.2460089071599863, 0.23609066958846064, 0.34523528602049036, 0.23330003330003332, 0.21834829008003878, 0.29154262919742796, 0.2966687724040665, 0.32461228655258506, 0.30955840200026247, 0.2929763601805655]
 mean: 0.2823630806688674, std: 0.056556708649950944
Accuracy Intime: [0.4166666666666667, 0.43333333333333335, 0.39655172413793105, 0.25862068965517243, 0.25862068965517243, 0.55, 0.43333333333333335, 0.46551724137931033, 0.27586206896551724, 0.3448275862068966, 0.4166666666666667, 0.5, 0.5, 0.29310344827586204, 0.4827586206896552]
 mean: 0.40172413793103445, std: 0.09174017278868916
F1 (Intime): [0.3715251292482414, 0.4172932330827067, 0.35201975527052926, 0.10273972602739725, 0.10273972602739725, 0.4937799043062201, 0.4197694462400344, 0.43487993487993487, 0.1095890410958904, 0.2063196170486974, 0.36513490500771645, 0.49910793229758754, 0.49590442237501065, 0.14307692307692307, 0.38445251058681185]
 mean: 0.32655548043807325, std: 0.1455947323979781
--------------------------------------------------
Subject Number: 19
Accuracy Cross: [0.4195804195804196, 0.35664335664335667, 0.3706293706293706, 0.4125874125874126, 0.44755244755244755, 0.273972602739726, 0.3835616438356164, 0.3835616438356164, 0.3904109589041096, 0.3082191780821918, 0.2191780821917808, 0.2808219178082192, 0.3493150684931507, 0.3287671232876712, 0.3904109589041096]
 mean: 0.35434747900501323, std: 0.0599206376513222
F1 Score: [0.36028319506580375, 0.2848451327433628, 0.3114732379438262, 0.37444197256210604, 0.4421897919059605, 0.27170451307073695, 0.3793945848613277, 0.35523803589841324, 0.36085091380972206, 0.29564720625092145, 0.17034606094388702, 0.2399971282372598, 0.3013894587555302, 0.2940452182413798, 0.35102290602421504]
 mean: 0.31952462375429685, std: 0.06375218705875849
Accuracy Intime: [0.6166666666666667, 0.5862068965517241, 0.5689655172413793, 0.4827586206896552, 0.6206896551724138, 0.603448275862069, 0.6724137931034483, 0.7241379310344828, 0.5714285714285714, 0.48214285714285715, 0.3793103448275862, 0.46551724137931033, 0.5, 0.5714285714285714, 0.5357142857142857]
 mean: 0.5587219485495347, std: 0.08452125135213587
F1 (Intime): [0.5866698518872432, 0.5981759955444166, 0.555578093306288, 0.49332319134550373, 0.5095759552656105, 0.5462121212121211, 0.6636904761904762, 0.7099867724867726, 0.5677777777777778, 0.3917055167055167, 0.32101661779081136, 0.4446914700544465, 0.4581602756044947, 0.5259646962233169, 0.49635333863275044]
 mean: 0.5245921433351698, std: 0.09597985883205962
--------------------------------------------------
Subject Number: 20
Accuracy Cross: [0.3125, 0.3125, 0.3541666666666667, 0.3125, 0.2916666666666667, 0.23776223776223776, 0.2937062937062937, 0.3146853146853147, 0.3076923076923077, 0.3076923076923077, 0.39864864864864863, 0.2972972972972973, 0.32432432432432434, 0.31756756756756754, 0.4391891891891892]
 mean: 0.32145992145992147, std: 0.04533154405010894
F1 Score: [0.26685520361990955, 0.290786228382686, 0.33930331186428747, 0.2909300844083453, 0.26739336085311316, 0.15574933244325767, 0.25433679772872825, 0.21306355068772287, 0.2680224236207354, 0.2236111111111111, 0.3554710793082886, 0.2569335318280815, 0.3179809725158562, 0.2992422167605945, 0.4164630171141873]
 mean: 0.28107614814979365, std: 0.06034922676246658
Accuracy Intime: [0.3448275862068966, 0.3620689655172414, 0.4482758620689655, 0.39285714285714285, 0.4107142857142857, 0.3448275862068966, 0.5517241379310345, 0.5862068965517241, 0.5862068965517241, 0.375, 0.5517241379310345, 0.3620689655172414, 0.5517241379310345, 0.375, 0.3392857142857143]
 mean: 0.4388341543513957, std: 0.09387346181357928
F1 (Intime): [0.2672406082289803, 0.32149383905481466, 0.42397186147186144, 0.39786010558069385, 0.2997183979974969, 0.2222222222222222, 0.5077542340700235, 0.5073357413140696, 0.5734500963522959, 0.2613747954173486, 0.5090575275397797, 0.2955322455322455, 0.5709109730848861, 0.24212454212454212, 0.22198463609725191]
 mean: 0.3748021217392342, std: 0.12584922486196565
--------------------------------------------------
Subject Number: 21
Accuracy Cross: [0.3, 0.26, 0.24, 0.25333333333333335, 0.28, 0.30612244897959184, 0.23129251700680273, 0.20408163265306123, 0.25170068027210885, 0.21768707482993196, 0.27702702702702703, 0.32432432432432434, 0.35135135135135137, 0.28378378378378377, 0.30405405405405406]
 mean: 0.2723172151743581, std: 0.039484426822940975
F1 Score: [0.2748254950020014, 0.2341537494763301, 0.23410138248847928, 0.23714861343727323, 0.24911648091975963, 0.25073815073815076, 0.21933055972568152, 0.14019898230424546, 0.23730263157894738, 0.20131455467902282, 0.21526933533387194, 0.2859332827260459, 0.3436488169364882, 0.24627660097803528, 0.27162698412698416]
 mean: 0.2427323746967545, std: 0.04302857002735352
Accuracy Intime: [0.4, 0.35, 0.39655172413793105, 0.3275862068965517, 0.3275862068965517, 0.3333333333333333, 0.31666666666666665, 0.26666666666666666, 0.29310344827586204, 0.39655172413793105, 0.3, 0.3, 0.3103448275862069, 0.27586206896551724, 0.3103448275862069]
 mean: 0.32697318007662834, std: 0.040904290642169015
F1 (Intime): [0.3495925297113752, 0.225, 0.28913716516354826, 0.300423464939594, 0.28751608751608754, 0.31400834403080874, 0.25326797385620914, 0.18681318681318682, 0.30332855897372024, 0.3884711490408642, 0.11538461538461539, 0.2777455280357757, 0.21736596736596736, 0.13302139037433156, 0.25477776803717017]
 mean: 0.25972358194955025, std: 0.07229042602549098
--------------------------------------------------
Subject Number: 22
Accuracy Cross: [0.3888888888888889, 0.3888888888888889, 0.3888888888888889, 0.2708333333333333, 0.3472222222222222, 0.3087248322147651, 0.4563758389261745, 0.3288590604026846, 0.3221476510067114, 0.3288590604026846, 0.4840764331210191, 0.35668789808917195, 0.3057324840764331, 0.3184713375796178, 0.40764331210191085]
 mean: 0.36015334200955973, std: 0.05671712752425326
F1 Score: [0.366394785457841, 0.4044201855230475, 0.4083627131212961, 0.223841764605689, 0.3726361004586811, 0.2663933194637078, 0.46843744074851634, 0.3293400033280639, 0.26482305304566967, 0.3142023493606887, 0.4732406157844754, 0.3130763843999138, 0.20498251748251747, 0.23175454526257996, 0.39149089681004573]
 mean: 0.3355597783235156, std: 0.08294702095178039
Accuracy Intime: [0.5166666666666667, 0.55, 0.7166666666666667, 0.5166666666666667, 0.5172413793103449, 0.3448275862068966, 0.5, 0.3448275862068966, 0.41379310344827586, 0.3392857142857143, 0.4827586206896552, 0.3103448275862069, 0.3103448275862069, 0.3275862068965517, 0.48214285714285715]
 mean: 0.44487684729064036, std: 0.11207656012809426
F1 (Intime): [0.5111490683229813, 0.5659340659340659, 0.7277056277056277, 0.43136856368563686, 0.41829004329004327, 0.22200099552015928, 0.5234519104084322, 0.31595238095238093, 0.416128663003663, 0.22394980905619202, 0.4970697656456171, 0.20415969899665554, 0.26209015308014194, 0.3142424242424242, 0.38472222222222224]
 mean: 0.4012143594710829, std: 0.14334115182853993
--------------------------------------------------
Subject Number: 23
Accuracy Cross: [0.3194444444444444, 0.2847222222222222, 0.3819444444444444, 0.2986111111111111, 0.3472222222222222, 0.46153846153846156, 0.34265734265734266, 0.38461538461538464, 0.38461538461538464, 0.3916083916083916, 0.2789115646258503, 0.272108843537415, 0.3401360544217687, 0.3469387755102041, 0.272108843537415]
 mean: 0.3404788994074709, std: 0.052548892172557864
F1 Score: [0.28755309231682646, 0.18567251461988304, 0.35284679089026916, 0.19089147286821706, 0.3244790533112343, 0.45836682499086584, 0.31816984398620973, 0.37715307745509996, 0.38596715045892227, 0.37882507713721814, 0.26913549784878055, 0.21615612648221344, 0.34435064935064935, 0.34773546338192324, 0.27975251541707236]
 mean: 0.31447034336769236, std: 0.0743801399676225
Accuracy Intime: [0.46551724137931033, 0.4482758620689655, 0.43103448275862066, 0.4107142857142857, 0.4107142857142857, 0.5172413793103449, 0.46551724137931033, 0.3448275862068966, 0.41379310344827586, 0.375, 0.39655172413793105, 0.4827586206896552, 0.39655172413793105, 0.375, 0.44642857142857145]
 mean: 0.42532840722495885, std: 0.044529805140841275
F1 (Intime): [0.435956200662083, 0.420959595959596, 0.4168711841346112, 0.32954545454545453, 0.3167508417508417, 0.5031114551083592, 0.46362448674878687, 0.26158928175979923, 0.325, 0.24404761904761904, 0.3604612376351507, 0.4715934371523915, 0.4052734662080725, 0.30068972033257746, 0.32674467636516974]
 mean: 0.3721479104940342, std: 0.07659604380717738
--------------------------------------------------
Subject Number: 24
Accuracy Cross: [0.3103448275862069, 0.2896551724137931, 0.23448275862068965, 0.3103448275862069, 0.2896551724137931, 0.23972602739726026, 0.2191780821917808, 0.2534246575342466, 0.410958904109589, 0.3561643835616438, 0.24324324324324326, 0.2635135135135135, 0.25675675675675674, 0.24324324324324326, 0.30405405405405406]
 mean: 0.28164970828173475, std: 0.049753138425624996
F1 Score: [0.3016748411019633, 0.233067929257105, 0.14643308080808082, 0.29642857142857143, 0.23326847741664825, 0.15774329921101082, 0.12147009966777408, 0.1820404172099087, 0.3474740922719073, 0.29861111111111116, 0.1654897329605707, 0.209254603354614, 0.18539999625975093, 0.17479732831072634, 0.2498440681010738]
 mean: 0.2201998432313878, std: 0.064777920068209
Accuracy Intime: [0.5, 0.3793103448275862, 0.3275862068965517, 0.4482758620689655, 0.3103448275862069, 0.29310344827586204, 0.25862068965517243, 0.22413793103448276, 0.3275862068965517, 0.3793103448275862, 0.3793103448275862, 0.3620689655172414, 0.29310344827586204, 0.3620689655172414, 0.3103448275862069]
 mean: 0.34367816091954023, std: 0.06794260554543287
F1 (Intime): [0.4636844636844637, 0.35079365079365077, 0.20552884615384615, 0.4195887445887446, 0.2785714285714286, 0.22939260593881017, 0.1813685798205922, 0.11601307189542484, 0.28217180668793573, 0.36980325727128793, 0.3114035087719298, 0.30650406504065036, 0.22075351213282246, 0.3315020853130609, 0.2890350877192982]
 mean: 0.2904076476255965, std: 0.08844703007113032
--------------------------------------------------
Subject Number: 25
Accuracy Cross: [0.2585034013605442, 0.2653061224489796, 0.3197278911564626, 0.272108843537415, 0.2857142857142857, 0.44594594594594594, 0.41216216216216217, 0.35135135135135137, 0.27702702702702703, 0.30405405405405406, 0.4473684210526316, 0.28289473684210525, 0.2894736842105263, 0.3157894736842105, 0.34868421052631576]
 mean: 0.3250741074049345, std: 0.06146445391823396
F1 Score: [0.20487868341932236, 0.21186086163484605, 0.29625603864734296, 0.20834800748778476, 0.19969220550073552, 0.4477525320978831, 0.3471320346320346, 0.3558413095661884, 0.15409270216962526, 0.1919122375500921, 0.4337628146316167, 0.185609243697479, 0.1831179441473559, 0.21555845284658842, 0.2761851674895153]
 mean: 0.26080001570122735, std: 0.09118545816612662
Accuracy Intime: [0.38333333333333336, 0.26666666666666666, 0.48333333333333334, 0.25862068965517243, 0.3275862068965517, 0.5833333333333334, 0.4666666666666667, 0.39655172413793105, 0.27586206896551724, 0.3103448275862069, 0.43333333333333335, 0.3, 0.3103448275862069, 0.3275862068965517, 0.3793103448275862]
 mean: 0.36685823754789276, std: 0.08947734271393902
F1 (Intime): [0.3438775510204082, 0.10526315789473684, 0.5051145091467671, 0.125, 0.2496549344375431, 0.5630527289546716, 0.3905228758169935, 0.424371455899433, 0.1625, 0.15096830985915494, 0.3255360623781676, 0.17934272300469484, 0.21016949152542375, 0.23832236842105264, 0.2761458333333333]
 mean: 0.28332280011282535, std: 0.1347927677093121
--------------------------------------------------
Subject Number: 26
Accuracy Cross: [0.45517241379310347, 0.4482758620689655, 0.32413793103448274, 0.32413793103448274, 0.4, 0.3333333333333333, 0.36054421768707484, 0.3401360544217687, 0.2857142857142857, 0.3673469387755102, 0.22818791946308725, 0.28859060402684567, 0.3422818791946309, 0.2348993288590604, 0.2751677852348993]
 mean: 0.33386176564276865, std: 0.0648522176399045
F1 Score: [0.4295319291005227, 0.4042793684303118, 0.24854806787579897, 0.267738326561856, 0.398937176101862, 0.2239316239316239, 0.27618364418938307, 0.24119947848761408, 0.15401785714285715, 0.294703752561116, 0.23832351410414826, 0.28614328514949344, 0.3353142076502732, 0.2199104758847406, 0.26441197691197693]
 mean: 0.28554497893890524, std: 0.07396803758341967
Accuracy Intime: [0.6, 0.65, 0.5689655172413793, 0.4482758620689655, 0.4482758620689655, 0.3620689655172414, 0.43103448275862066, 0.3103448275862069, 0.29310344827586204, 0.43103448275862066, 0.43103448275862066, 0.46551724137931033, 0.5689655172413793, 0.41379310344827586, 0.5]
 mean: 0.4614942528735632, std: 0.09859429488974729
F1 (Intime): [0.5866372787104495, 0.6578419502683177, 0.5365179252479023, 0.3887344515173886, 0.3018970189701897, 0.30340608465608465, 0.446301247771836, 0.21710560625814862, 0.20238095238095238, 0.2822014051522248, 0.42022028790510246, 0.4749624239939878, 0.541312959818902, 0.302026217936598, 0.3310526315789474]
 mean: 0.39950656281113545, std: 0.13364257549446876
--------------------------------------------------
Subject Number: 27
Accuracy Cross: [0.3402777777777778, 0.3333333333333333, 0.4513888888888889, 0.5347222222222222, 0.4861111111111111, 0.4489795918367347, 0.43537414965986393, 0.2585034013605442, 0.4897959183673469, 0.5238095238095238, 0.3082191780821918, 0.541095890410959, 0.4657534246575342, 0.5753424657534246, 0.4589041095890411]
 mean: 0.44344073245736654, std: 0.09012747584472841
F1 Score: [0.3418710918710919, 0.29074074074074074, 0.4372261276004237, 0.48851994025783463, 0.46074155518905374, 0.400145544346364, 0.3773735361245183, 0.20678130468200626, 0.46903559403559403, 0.5155911767140581, 0.3033999376951652, 0.529306533096642, 0.4595878505964467, 0.524985784619652, 0.4538015284551345]
 mean: 0.417273883068315, std: 0.09231938800492098
Accuracy Intime: [0.4, 0.603448275862069, 0.5862068965517241, 0.4827586206896552, 0.6379310344827587, 0.6379310344827587, 0.5862068965517241, 0.3275862068965517, 0.46551724137931033, 0.6071428571428571, 0.603448275862069, 0.6379310344827587, 0.6551724137931034, 0.5172413793103449, 0.5535714285714286]
 mean: 0.5534729064039409, std: 0.09323413517546941
F1 (Intime): [0.3107146736178994, 0.5741169455259743, 0.5729895104895104, 0.3882068804076745, 0.5102570379436965, 0.6175061399317692, 0.529721685971686, 0.2174379610999329, 0.3518306636155606, 0.4761467622544734, 0.5991402116402116, 0.6273828353624619, 0.6444309007976241, 0.41839826839826844, 0.45714285714285713]
 mean: 0.48636155561330674, std: 0.12353921462313631
--------------------------------------------------
Subject Number: 28
Accuracy Cross: [0.4125874125874126, 0.3986013986013986, 0.38461538461538464, 0.23776223776223776, 0.3916083916083916, 0.2671232876712329, 0.363013698630137, 0.3424657534246575, 0.3561643835616438, 0.3287671232876712, 0.18421052631578946, 0.19078947368421054, 0.19078947368421054, 0.18421052631578946, 0.17763157894736842]
 mean: 0.2940227100465024, std: 0.08860657769094711
F1 Score: [0.41839576786562066, 0.411532822016693, 0.4011591626681252, 0.23914656771799628, 0.4068896789485025, 0.2380524757573938, 0.35421604325480704, 0.3143131219429921, 0.3180233709645474, 0.26694155290864996, 0.07777777777777778, 0.08011049723756906, 0.08011049723756906, 0.07865168539325842, 0.07584269662921349]
 mean: 0.2507442478880478, std: 0.1339535816855458
Accuracy Intime: [0.36666666666666664, 0.3275862068965517, 0.41379310344827586, 0.4827586206896552, 0.3620689655172414, 0.3103448275862069, 0.3448275862068966, 0.46551724137931033, 0.375, 0.5892857142857143, 0.4482758620689655, 0.43103448275862066, 0.3448275862068966, 0.44642857142857145, 0.5535714285714286]
 mean: 0.41746579091406677, std: 0.07923096533245358
F1 (Intime): [0.29166666666666663, 0.2669249517989014, 0.4168803418803419, 0.47671736158578265, 0.34507868018506316, 0.3079077784960138, 0.2832490004997501, 0.45862282840504254, 0.367777150385846, 0.5417306707629288, 0.42491789819376025, 0.39683679233862834, 0.2889473684210526, 0.45479332495461533, 0.5528571428571429]
 mean: 0.3916605304954358, std: 0.09077233150229272
--------------------------------------------------
Subject Number: 29
Accuracy Cross: [0.40559440559440557, 0.44755244755244755, 0.38461538461538464, 0.4405594405594406, 0.3986013986013986, 0.4413793103448276, 0.41379310344827586, 0.4, 0.4413793103448276, 0.41379310344827586, 0.3108108108108108, 0.32432432432432434, 0.35135135135135137, 0.3716216216216216, 0.3108108108108108]
 mean: 0.39041245489521353, std: 0.04576073737377975
F1 Score: [0.3722243900316047, 0.42826988761258467, 0.32531755052082034, 0.43679183135704874, 0.3771268010276606, 0.4030134603750756, 0.3678877118985282, 0.3565883190883191, 0.41673496343149197, 0.3733999051795662, 0.2166394823036427, 0.23266792283294552, 0.26501793161644194, 0.3164538542689803, 0.21426265116825172]
 mean: 0.3401597775141975, std: 0.0732776635229502
Accuracy Intime: [0.4827586206896552, 0.4827586206896552, 0.43103448275862066, 0.3448275862068966, 0.41379310344827586, 0.3793103448275862, 0.41379310344827586, 0.41379310344827586, 0.30357142857142855, 0.375, 0.3793103448275862, 0.5172413793103449, 0.3793103448275862, 0.2857142857142857, 0.3392857142857143]
 mean: 0.39610016420361244, std: 0.06311279646462778
F1 (Intime): [0.42543859649122806, 0.4333912611717974, 0.3940063866371899, 0.2688815789473684, 0.3004490607431784, 0.3413146021328958, 0.39729206963249514, 0.38476353928299006, 0.19095816464237517, 0.2808043020808978, 0.33141673141673145, 0.4560135516657256, 0.3088235294117647, 0.21265328874024525, 0.23607762777242045]
 mean: 0.3308189527179536, std: 0.08034235907171085
--------------------------------------------------
**************************************************
accuracy_cross_list: [0.2945615763546798, 0.3623067311880348, 0.2585940402526359, 0.30636015325670496, 0.4038551500127855, 0.25717120181405895, 0.31774609387133856, 0.3151397928540786, 0.3279718107506758, 0.2927722191208256, 0.281914137600077, 0.3379463616213734, 0.2615675175291005, 0.3259348389485376, 0.3026938889763642, 0.3009226884226884, 0.44344073245736654, 0.30095238095238097, 0.35434747900501323, 0.32145992145992147, 0.2723172151743581, 0.36015334200955973, 0.3404788994074709, 0.28164970828173475, 0.3250741074049345, 0.33386176564276865, 0.44344073245736654, 0.2940227100465024, 0.39041245489521353]
f1_score_list: [0.22479012017147287, 0.26954322297851935, 0.20715452473016585, 0.2509972115068201, 0.4136809396386152, 0.2071409720068744, 0.2688959290885597, 0.2180150274754493, 0.3291037748175453, 0.2478979784821531, 0.16093059239388904, 0.33168842576723667, 0.19623388964885474, 0.2681238776088005, 0.2577824407330135, 0.22113283312612003, 0.417273883068315, 0.2823630806688674, 0.31952462375429685, 0.28107614814979365, 0.2427323746967545, 0.3355597783235156, 0.31447034336769236, 0.2201998432313878, 0.26080001570122735, 0.28554497893890524, 0.417273883068315, 0.2507442478880478, 0.3401597775141975]
accuracy_intime_list: [0.36590843233845266, 0.476231527093596, 0.38359605911330047, 0.3689655172413793, 0.4837164750957854, 0.3796305418719212, 0.3675478927203065, 0.3676628352490422, 0.4538259441707717, 0.3555555555555555, 0.32218390804597696, 0.39371921182266006, 0.30030651340996173, 0.3683908045977012, 0.4013546798029557, 0.3635057471264368, 0.5534729064039409, 0.40172413793103445, 0.5587219485495347, 0.4388341543513957, 0.32697318007662834, 0.44487684729064036, 0.42532840722495885, 0.34367816091954023, 0.36685823754789276, 0.4614942528735632, 0.5534729064039409, 0.41746579091406677, 0.39610016420361244]
f1_score_intime_list: [0.2473389844133305, 0.3563350939842365, 0.27239153977860636, 0.308620964212033, 0.4497131866508237, 0.3006986099623058, 0.3010649803441881, 0.299607178717825, 0.4065496739810101, 0.2767010649729373, 0.20152284578132015, 0.35674520389839565, 0.23836987295848872, 0.3089004417981481, 0.3576812257641616, 0.2866945025633375, 0.48636155561330674, 0.32655548043807325, 0.5245921433351698, 0.3748021217392342, 0.25972358194955025, 0.4012143594710829, 0.3721479104940342, 0.2904076476255965, 0.28332280011282535, 0.39950656281113545, 0.48636155561330674, 0.3916605304954358, 0.3308189527179536]
**************************************************
ACC: 32.45±4.81
F1: 27.73±6.46
Intime: 40.83±6.67
F1 (Intime): 34.13±7.77
