1e-05
Subject Number: 1
Accuracy Cross: [0.5, 0.48717948717948717, 0.47435897435897434, 0.5128205128205128, 0.5, 0.5, 0.5, 0.5, 0.5, 0.5, 0.4895833333333333, 0.5208333333333334, 0.5104166666666666, 0.5, 0.5]
 mean: 0.4996794871794872, std: 0.010442522152336486
F1 Score: [0.3333333333333333, 0.3275862068965517, 0.3900438680144955, 0.36120689655172417, 0.3333333333333333, 0.3333333333333333, 0.3333333333333333, 0.3333333333333333, 0.3333333333333333, 0.3333333333333333, 0.32867132867132864, 0.4609375, 0.3560724989296418, 0.3333333333333333, 0.3333333333333333]
 mean: 0.3483012199375828, std: 0.034143923404521596
Accuracy Intime: [0.55, 0.631578947368421, 0.6578947368421053, 0.6052631578947368, 0.5789473684210527, 0.625, 0.625, 0.625, 0.6, 0.3, 0.625, 0.625, 0.8125, 0.6, 0.3]
 mean: 0.5840789473684211, std: 0.12431116759832304
F1 (Intime): [0.4357366771159875, 0.5907692307692307, 0.6458781362007169, 0.5064935064935066, 0.5128205128205128, 0.38461538461538464, 0.38461538461538464, 0.38461538461538464, 0.375, 0.23076923076923078, 0.38461538461538464, 0.38461538461538464, 0.8, 0.375, 0.23076923076923078]
 mean: 0.44175422986768925, std: 0.14508749203689975
--------------------------------------------------
Subject Number: 2
Accuracy Cross: [0.5131578947368421, 0.5131578947368421, 0.5263157894736842, 0.5131578947368421, 0.5, 0.5, 0.5256410256410257, 0.5, 0.5, 0.5, 0.5, 0.5416666666666666, 0.6354166666666666, 0.53125, 0.625]
 mean: 0.5283175888439047, std: 0.04204476440374805
F1 Score: [0.36192421148173365, 0.36192421148173365, 0.3892857142857143, 0.36192421148173365, 0.3333333333333333, 0.3333333333333333, 0.3879109225874867, 0.3333333333333333, 0.3333333333333333, 0.3333333333333333, 0.3333333333333333, 0.4197802197802198, 0.5795269678388186, 0.4841791044776119, 0.6208863536638877]
 mean: 0.39782279447192936, std: 0.08933229881532057
Accuracy Intime: [0.625, 0.625, 0.625, 0.6, 0.7, 0.625, 0.6666666666666666, 0.6666666666666666, 0.5666666666666667, 0.3, 0.5, 0.8, 0.9666666666666667, 0.7666666666666667, 0.5333333333333333]
 mean: 0.6377777777777778, std: 0.14323855608954347
F1 (Intime): [0.38461538461538464, 0.38461538461538464, 0.38461538461538464, 0.375, 0.4990723562152134, 0.38461538461538464, 0.5341614906832298, 0.4, 0.3617021276595745, 0.23076923076923078, 0.3333333333333333, 0.7916666666666667, 0.9666295884315907, 0.7532314923619272, 0.475]
 mean: 0.48393518830548693, std: 0.1937574472645631
--------------------------------------------------
Subject Number: 3
Accuracy Cross: [0.4935064935064935, 0.4935064935064935, 0.4935064935064935, 0.4935064935064935, 0.4935064935064935, 0.48717948717948717, 0.48717948717948717, 0.48717948717948717, 0.5, 0.48717948717948717, 0.5050505050505051, 0.5252525252525253, 0.494949494949495, 0.48484848484848486, 0.494949494949495]
 mean: 0.4947533947533947, std: 0.00965804872092273
F1 Score: [0.33043478260869563, 0.33043478260869563, 0.33043478260869563, 0.33043478260869563, 0.33043478260869563, 0.3275862068965517, 0.3275862068965517, 0.3275862068965517, 0.3548250265111347, 0.3275862068965517, 0.3529411764705882, 0.49560975609756097, 0.3310810810810811, 0.3717805151175812, 0.4021739130434782]
 mean: 0.35139534726340727, std: 0.04372860409234135
Accuracy Intime: [0.625, 0.625, 0.625, 0.6, 0.5666666666666667, 0.625, 0.625, 0.6666666666666666, 0.6666666666666666, 0.3333333333333333, 0.5625, 0.65625, 0.7, 0.7333333333333333, 0.5333333333333333]
 mean: 0.6095833333333334, std: 0.08931257532459308
F1 (Intime): [0.38461538461538464, 0.38461538461538464, 0.38461538461538464, 0.4409937888198757, 0.466484268125855, 0.38461538461538464, 0.38461538461538464, 0.4, 0.5738636363636364, 0.25, 0.49090909090909085, 0.6476476476476476, 0.696969696969697, 0.7333333333333333, 0.4444444444444444]
 mean: 0.4711815219793669, std: 0.13035381324929807
--------------------------------------------------
Subject Number: 4
Accuracy Cross: [0.5064935064935064, 0.4935064935064935, 0.4935064935064935, 0.5584415584415584, 0.4935064935064935, 0.5974025974025974, 0.5974025974025974, 0.4935064935064935, 0.6493506493506493, 0.4935064935064935, 0.5, 0.5, 0.5, 0.4895833333333333, 0.7604166666666666]
 mean: 0.5417748917748918, std: 0.07602490005067827
F1 Score: [0.35833333333333334, 0.33043478260869563, 0.33043478260869563, 0.541023842917251, 0.33043478260869563, 0.5904957968776805, 0.5741302408563782, 0.33043478260869563, 0.6406222990492654, 0.33043478260869563, 0.3333333333333333, 0.3333333333333333, 0.3333333333333333, 0.34584897788902796, 0.7506493506493507]
 mean: 0.4302185169743843, std: 0.14044044172106432
Accuracy Intime: [0.6875, 0.625, 0.6666666666666666, 0.7, 0.7333333333333333, 0.6875, 0.65625, 0.6666666666666666, 0.9, 0.3, 0.5, 0.65625, 0.5333333333333333, 0.5, 0.8]
 mean: 0.6408333333333334, std: 0.13622684988514427
F1 (Intime): [0.6363636363636364, 0.38461538461538464, 0.4, 0.699666295884316, 0.52, 0.5833333333333333, 0.46907993966817496, 0.4, 0.898989898989899, 0.23076923076923078, 0.3333333333333333, 0.6532019704433498, 0.34782608695652173, 0.38440492476060195, 0.784688995215311]
 mean: 0.5150848686888728, std: 0.1820542390747378
--------------------------------------------------
Subject Number: 5
Accuracy Cross: [0.4358974358974359, 0.5769230769230769, 0.5512820512820513, 0.38461538461538464, 0.46153846153846156, 0.4875, 0.55, 0.4875, 0.5625, 0.4875, 0.4936708860759494, 0.5822784810126582, 0.569620253164557, 0.6075949367088608, 0.5316455696202531]
 mean: 0.5180044357892459, std: 0.05983117877938711
F1 Score: [0.36538461538461536, 0.5284850705257373, 0.522977459374454, 0.38461538461538464, 0.45833333333333337, 0.34804213873981316, 0.4968553459119497, 0.3277310924369748, 0.5301225037758013, 0.3277310924369748, 0.3305084745762712, 0.5798549556809025, 0.4786490683229814, 0.6053182917002418, 0.5116123642439432]
 mean: 0.4530814127372918, std: 0.09367978062649474
Accuracy Intime: [0.65625, 0.5625, 0.53125, 0.53125, 0.5333333333333333, 0.5625, 0.46875, 0.5625, 0.4666666666666667, 0.5666666666666667, 0.5, 0.53125, 0.5, 0.7, 0.6]
 mean: 0.5515277777777778, std: 0.061578703529670556
F1 (Intime): [0.6559139784946236, 0.49090909090909085, 0.43859649122807015, 0.4684385382059801, 0.34782608695652173, 0.49090909090909085, 0.36374269005847953, 0.5333333333333333, 0.3181818181818182, 0.4222222222222222, 0.3333333333333333, 0.43859649122807015, 0.3333333333333333, 0.6534017971758665, 0.5833333333333333]
 mean: 0.4581381085935444, std: 0.10791926213022887
--------------------------------------------------
Subject Number: 6
Accuracy Cross: [0.2631578947368421, 0.5263157894736842, 0.5789473684210527, 0.47368421052631576, 0.4342105263157895, 0.38461538461538464, 0.5, 0.5, 0.5, 0.34615384615384615, 0.5, 0.21794871794871795, 0.20512820512820512, 0.44871794871794873, 0.3333333333333333]
 mean: 0.41414754835807466, std: 0.11295211097656027
F1 Score: [0.2549019607843137, 0.4077922077922078, 0.5231372549019608, 0.37653814602132896, 0.33779128672745695, 0.3829927488464074, 0.3548250265111347, 0.3333333333333333, 0.3333333333333333, 0.34604635870458655, 0.3333333333333333, 0.2178201545290153, 0.20460526315789473, 0.30973451327433627, 0.3040494166094715]
 mean: 0.33468228919067433, std: 0.0748325244983781
Accuracy Intime: [0.53125, 0.53125, 0.5, 0.6666666666666666, 0.6666666666666666, 0.625, 0.4666666666666667, 0.5333333333333333, 0.5666666666666667, 0.6, 0.5, 0.9666666666666667, 0.7, 0.6333333333333333, 0.7666666666666667]
 mean: 0.6169444444444444, std: 0.12418453140188666
F1 (Intime): [0.4909862142099682, 0.3992490613266583, 0.3333333333333333, 0.660633484162896, 0.6411483253588517, 0.5636363636363637, 0.3181818181818182, 0.34782608695652173, 0.4993581514762516, 0.5927601809954751, 0.3333333333333333, 0.9663299663299663, 0.699666295884316, 0.6122209165687427, 0.7643097643097643]
 mean: 0.5481982197376173, std: 0.17987405770723486
--------------------------------------------------
Subject Number: 7
Accuracy Cross: [0.5316455696202531, 0.4936708860759494, 0.4936708860759494, 0.5063291139240507, 0.5443037974683544, 0.5641025641025641, 0.6025641025641025, 0.5, 0.5512820512820513, 0.5, 0.5, 0.6125, 0.5, 0.4875, 0.5125]
 mean: 0.526671264740885, std: 0.03885119371458274
F1 Score: [0.5267929415573903, 0.35139573070607555, 0.3305084745762712, 0.39410029498525073, 0.48403483309143686, 0.5264285714285715, 0.5993371996685999, 0.4062073004099161, 0.5289042277825712, 0.390990990990991, 0.3333333333333333, 0.6109803921568627, 0.3333333333333333, 0.3969479683765398, 0.43874797625472206]
 mean: 0.44346957124345765, std: 0.09287566361906924
Accuracy Intime: [0.625, 0.5625, 0.53125, 0.6, 0.6666666666666666, 0.59375, 0.59375, 0.53125, 0.6875, 0.6666666666666666, 0.53125, 0.46875, 0.53125, 0.6, 0.7333333333333333]
 mean: 0.5948611111111111, std: 0.06936328590903666
F1 (Intime): [0.6, 0.45893719806763283, 0.3992490613266583, 0.5982142857142857, 0.6651785714285714, 0.5733333333333333, 0.5901477832512315, 0.3992490613266583, 0.6761133603238867, 0.6031746031746031, 0.43859649122807015, 0.3191489361702128, 0.3992490613266583, 0.48863636363636365, 0.7]
 mean: 0.5272818740205445, std: 0.11537644204852372
--------------------------------------------------
Subject Number: 8
Accuracy Cross: [0.575, 0.5, 0.5125, 0.525, 0.475, 0.6375, 0.6, 0.5125, 0.9125, 0.5125, 0.5, 0.44871794871794873, 0.5384615384615384, 0.5, 0.5769230769230769]
 mean: 0.5551068376068375, std: 0.10673365455576522
F1 Score: [0.4813119755911518, 0.3730407523510972, 0.3605246976839517, 0.478021978021978, 0.3220338983050847, 0.6305144131231089, 0.5833333333333333, 0.3605246976839517, 0.9123767798466593, 0.49473684210526314, 0.3333333333333333, 0.40563530037214246, 0.4450592885375494, 0.3333333333333333, 0.5558239861949957]
 mean: 0.47130697398779553, std: 0.1505182271522473
Accuracy Intime: [0.78125, 0.5, 0.875, 0.4, 0.6333333333333333, 0.59375, 0.5625, 0.65625, 0.8333333333333334, 0.6666666666666666, 0.53125, 0.53125, 0.5625, 0.5, 0.53125]
 mean: 0.6105555555555555, std: 0.1283226606913743
F1 (Intime): [0.7793103448275862, 0.3333333333333333, 0.8745098039215686, 0.375, 0.6329254727474972, 0.5901477832512315, 0.49090909090909085, 0.6476476476476476, 0.8331479421579533, 0.625, 0.3992490613266583, 0.3992490613266583, 0.45893719806763283, 0.3333333333333333, 0.4909862142099682]
 mean: 0.550912419137344, std: 0.17261344761878133
--------------------------------------------------
Subject Number: 9
Accuracy Cross: [0.5, 0.5263157894736842, 0.5, 0.47368421052631576, 0.47368421052631576, 0.5, 0.5641025641025641, 0.48717948717948717, 0.6282051282051282, 0.5128205128205128, 0.4810126582278481, 0.7721518987341772, 0.6708860759493671, 0.6075949367088608, 0.43037974683544306]
 mean: 0.5418678146193137, std: 0.08820852365243555
F1 Score: [0.3333333333333333, 0.47384615384615386, 0.45427059712774, 0.3602693602693603, 0.32142857142857145, 0.390990990990991, 0.5535353535353535, 0.3275862068965517, 0.6175824175824176, 0.46187363834422657, 0.3247863247863248, 0.7712355212355213, 0.6458620689655172, 0.5983270460882402, 0.40601503759398494]
 mean: 0.46939617480161916, std: 0.13458996931229578
Accuracy Intime: [0.46875, 0.625, 0.5, 0.5, 0.6666666666666666, 0.53125, 0.7, 0.5333333333333333, 0.8, 0.6666666666666666, 0.5, 0.5, 0.5666666666666667, 0.5666666666666667, 0.5333333333333333]
 mean: 0.5772222222222222, std: 0.09121246902793959
F1 (Intime): [0.3191489361702128, 0.5844155844155844, 0.3333333333333333, 0.42233632862644416, 0.6411483253588517, 0.43859649122807015, 0.6914285714285715, 0.34782608695652173, 0.8, 0.6527777777777778, 0.3333333333333333, 0.4994438264738599, 0.4222222222222222, 0.466484268125855, 0.34782608695652173]
 mean: 0.48668807816047727, std: 0.14740605473192817
--------------------------------------------------
Subject Number: 10
Accuracy Cross: [0.5324675324675324, 0.5064935064935064, 0.5194805194805194, 0.5454545454545454, 0.4935064935064935, 0.47435897435897434, 0.4358974358974359, 0.5, 0.5, 0.48717948717948717, 0.4880952380952381, 0.5952380952380952, 0.5714285714285714, 0.5, 0.5476190476190477]
 mean: 0.5131479631479631, std: 0.0387329690382661
F1 Score: [0.4107142857142857, 0.35833333333333334, 0.4191641182466871, 0.43536559815629583, 0.3518238722210231, 0.34183988474994853, 0.43253968253968256, 0.3333333333333333, 0.37394525622556085, 0.3275862068965517, 0.328, 0.595008508224617, 0.5087719298245614, 0.4151193633952255, 0.4589830508474576]
 mean: 0.4060352282472376, std: 0.07248135553728963
Accuracy Intime: [0.5625, 0.53125, 0.53125, 0.5666666666666667, 0.5333333333333333, 0.5625, 0.625, 0.5333333333333333, 0.5666666666666667, 0.4666666666666667, 0.5, 0.6875, 0.5, 0.4666666666666667, 0.5333333333333333]
 mean: 0.5444444444444444, std: 0.05499193262944109
F1 (Intime): [0.36, 0.3992490613266583, 0.3992490613266583, 0.466484268125855, 0.4034090909090909, 0.36, 0.5844155844155844, 0.34782608695652173, 0.4222222222222222, 0.3181818181818182, 0.3333333333333333, 0.6875, 0.42233632862644416, 0.3181818181818182, 0.4444444444444444]
 mean: 0.41778887453669655, std: 0.09766426959084626
--------------------------------------------------
Subject Number: 11
Accuracy Cross: [0.5526315789473685, 0.5, 0.5526315789473685, 0.5657894736842105, 0.5526315789473685, 0.5512820512820513, 0.5641025641025641, 0.5897435897435898, 0.6025641025641025, 0.5, 0.4823529411764706, 0.5058823529411764, 0.5294117647058824, 0.5294117647058824, 0.5058823529411764]
 mean: 0.5389545129792808, std: 0.03396048107236088
F1 Score: [0.47005742411812956, 0.35535714285714287, 0.45622895622895626, 0.47912772585669783, 0.48237179487179493, 0.45345345345345345, 0.544955387783116, 0.5067193675889328, 0.5484593837535015, 0.3333333333333333, 0.4141604010025063, 0.5025083612040133, 0.5142857142857142, 0.4922341696535245, 0.43007662835249044]
 mean: 0.46555528295622045, std: 0.0597612189929799
Accuracy Intime: [0.5, 0.5, 0.5, 0.7333333333333333, 0.6333333333333333, 0.5, 0.4666666666666667, 0.5333333333333333, 0.6, 0.4666666666666667, 0.53125, 0.5666666666666667, 0.7, 0.7333333333333333, 0.8]
 mean: 0.5843055555555556, std: 0.10608474803397563
F1 (Intime): [0.3333333333333333, 0.3816425120772947, 0.3333333333333333, 0.7, 0.576379974326059, 0.3333333333333333, 0.3650793650793651, 0.34782608695652173, 0.48863636363636365, 0.3181818181818182, 0.3992490613266583, 0.4222222222222222, 0.696969696969697, 0.7285067873303167, 0.7963800904977376]
 mean: 0.481404931906937, std: 0.1648413878431445
--------------------------------------------------
Subject Number: 12
Accuracy Cross: [0.5263157894736842, 0.4868421052631579, 0.5263157894736842, 0.3684210526315789, 0.47368421052631576, 0.4935064935064935, 0.38961038961038963, 0.5064935064935064, 0.45454545454545453, 0.4805194805194805, 0.5, 0.5, 0.5128205128205128, 0.47435897435897434, 0.5128205128205128]
 mean: 0.480416951469583, std: 0.04435709040346356
F1 Score: [0.4242424242424242, 0.4245777518928363, 0.5210084033613445, 0.31065759637188206, 0.41538461538461535, 0.33043478260869563, 0.38294970161977837, 0.35833333333333334, 0.45445344129554655, 0.34523809523809523, 0.3333333333333333, 0.4807987711213518, 0.36120689655172417, 0.3217391304347826, 0.501010101010101]
 mean: 0.39769122518665634, std: 0.0661359061574732
Accuracy Intime: [0.65625, 0.53125, 0.6666666666666666, 0.5, 0.5666666666666667, 0.53125, 0.5, 0.5333333333333333, 0.6, 0.5666666666666667, 0.5, 0.5333333333333333, 0.5333333333333333, 0.5, 0.6333333333333333]
 mean: 0.5568055555555554, std: 0.05522191482141134
F1 (Intime): [0.6476476476476476, 0.3992490613266583, 0.6411483253588517, 0.38440492476060195, 0.3617021276595745, 0.3992490613266583, 0.38440492476060195, 0.34782608695652173, 0.5982142857142857, 0.4993581514762516, 0.4817813765182186, 0.34782608695652173, 0.34782608695652173, 0.3333333333333333, 0.6228571428571429]
 mean: 0.45312190824062615, std: 0.11466831117440596
--------------------------------------------------
Subject Number: 13
Accuracy Cross: [0.5789473684210527, 0.4473684210526316, 0.42105263157894735, 0.4605263157894737, 0.4342105263157895, 0.5189873417721519, 0.5569620253164557, 0.4936708860759494, 0.4050632911392405, 0.4810126582278481, 0.05063291139240506, 0.2911392405063291, 0.4936708860759494, 0.31645569620253167, 0.3291139240506329]
 mean: 0.41858760826115926, std: 0.12733294546070403
F1 Score: [0.5012305168170632, 0.3090909090909091, 0.2962962962962963, 0.33518241945807553, 0.3655600854203067, 0.5182926829268293, 0.4933113432288803, 0.3700159489633174, 0.40161160354552783, 0.3630285152409046, 0.05063291139240506, 0.2476190476190476, 0.3305084745762712, 0.2974308300395257, 0.24761904761904763]
 mean: 0.3418287088156271, std: 0.1133463581852527
Accuracy Intime: [0.71875, 0.6875, 0.5625, 0.53125, 0.5666666666666667, 0.65625, 0.6, 0.5333333333333333, 0.7, 0.5666666666666667, 0.65625, 0.5666666666666667, 0.5333333333333333, 0.5666666666666667, 0.5666666666666667]
 mean: 0.6008333333333333, std: 0.06253147355680326
F1 (Intime): [0.694591728525981, 0.6666666666666667, 0.45893719806763283, 0.4909862142099682, 0.5417156286721504, 0.6267232237539766, 0.48863636363636365, 0.34782608695652173, 0.6534017971758665, 0.3617021276595745, 0.6101882613510521, 0.5417156286721504, 0.4034090909090909, 0.5661846496106786, 0.3617021276595745]
 mean: 0.5209591195684833, std: 0.11292576438476291
--------------------------------------------------
Subject Number: 14
Accuracy Cross: [0.5128205128205128, 0.5, 0.5128205128205128, 0.5, 0.5, 0.5256410256410257, 0.47435897435897434, 0.5, 0.6410256410256411, 0.5897435897435898, 0.5, 0.5375, 0.5, 0.4875, 0.6625]
 mean: 0.529594017094017, std: 0.05441657903014082
F1 Score: [0.36120689655172417, 0.3333333333333333, 0.36120689655172417, 0.3333333333333333, 0.3333333333333333, 0.4060506277011731, 0.4672663668165917, 0.3333333333333333, 0.5961538461538461, 0.5468409586056645, 0.3333333333333333, 0.509852624606723, 0.35431799838579503, 0.4874199093608376, 0.6624472573839661]
 mean: 0.4279620032523141, std: 0.10607517715759625
Accuracy Intime: [0.5625, 0.5, 0.59375, 0.8333333333333334, 0.6, 0.59375, 0.5625, 0.5, 0.6666666666666666, 0.5666666666666667, 0.53125, 0.6875, 0.625, 0.7666666666666667, 0.8666666666666667]
 mean: 0.6304166666666667, std: 0.10982098227637627
F1 (Intime): [0.5333333333333333, 0.3333333333333333, 0.5134502923976608, 0.8237367802585194, 0.55, 0.5134502923976608, 0.5151515151515151, 0.3333333333333333, 0.6411483253588517, 0.5238095238095237, 0.43859649122807015, 0.6825396825396826, 0.6190476190476191, 0.7532314923619272, 0.8666666666666667]
 mean: 0.5760552454145133, std: 0.1523420256990787
--------------------------------------------------
Subject Number: 15
Accuracy Cross: [0.5063291139240507, 0.4936708860759494, 0.45569620253164556, 0.46835443037974683, 0.4936708860759494, 0.4935064935064935, 0.4935064935064935, 0.4935064935064935, 0.5324675324675324, 0.5324675324675324, 0.5128205128205128, 0.48717948717948717, 0.5, 0.5769230769230769, 0.48717948717948717]
 mean: 0.5018185752362968, std: 0.027904441673453587
F1 Score: [0.47252182845403184, 0.3305084745762712, 0.33195673549655846, 0.3715909090909091, 0.3305084745762712, 0.33043478260869563, 0.33043478260869563, 0.33043478260869563, 0.4107142857142857, 0.44202898550724634, 0.36120689655172417, 0.47860962566844917, 0.3333333333333333, 0.48468468468468473, 0.3275862068965517]
 mean: 0.3777703192250936, std: 0.059936303559882866
Accuracy Intime: [0.75, 0.5, 0.5333333333333333, 0.6666666666666666, 0.5666666666666667, 0.65625, 0.84375, 0.5, 0.7333333333333333, 0.5666666666666667, 0.53125, 0.53125, 0.4666666666666667, 0.7666666666666667, 0.5333333333333333]
 mean: 0.6097222222222223, std: 0.1131377669966473
F1 (Intime): [0.7408906882591093, 0.3333333333333333, 0.34782608695652173, 0.6411483253588517, 0.3617021276595745, 0.6101882613510521, 0.8398398398398399, 0.4666666666666667, 0.7129186602870814, 0.4993581514762516, 0.3469387755102041, 0.5195195195195195, 0.3181818181818182, 0.7664071190211346, 0.4444444444444444]
 mean: 0.5299575878576935, std: 0.17118304419030916
--------------------------------------------------
Subject Number: 16
Accuracy Cross: [0.4868421052631579, 0.5, 0.5, 0.5, 0.5, 0.3684210526315789, 0.5657894736842105, 0.47368421052631576, 0.39473684210526316, 0.47368421052631576, 0.5, 0.5, 0.5, 0.4868421052631579, 0.5131578947368421]
 mean: 0.4842105263157895, std: 0.04537725318027215
F1 Score: [0.3274336283185841, 0.3333333333333333, 0.3333333333333333, 0.3333333333333333, 0.3333333333333333, 0.2692307692307692, 0.5620743844944998, 0.32142857142857145, 0.2830188679245283, 0.32142857142857145, 0.3333333333333333, 0.3333333333333333, 0.3333333333333333, 0.48604126929079244, 0.36192421148173365]
 mean: 0.3510609071287589, std: 0.07243597393518958
Accuracy Intime: [0.5, 0.5333333333333333, 0.4666666666666667, 0.6333333333333333, 0.6666666666666666, 0.5625, 0.6333333333333333, 0.5666666666666667, 0.6333333333333333, 0.5333333333333333, 0.59375, 0.7333333333333333, 0.4666666666666667, 0.6, 0.5666666666666667]
 mean: 0.5793055555555555, std: 0.0717605435966308
F1 (Intime): [0.3333333333333333, 0.53125, 0.3181818181818182, 0.5485636114911081, 0.6031746031746031, 0.45893719806763283, 0.6296296296296295, 0.4222222222222222, 0.6296296296296295, 0.34782608695652173, 0.5835835835835836, 0.7222222222222222, 0.3181818181818182, 0.48863636363636365, 0.4993581514762516]
 mean: 0.4956486847857825, std: 0.12344716828867311
--------------------------------------------------
Subject Number: 17
Accuracy Cross: [0.5789473684210527, 0.5, 0.6052631578947368, 0.5263157894736842, 0.5131578947368421, 0.6025641025641025, 0.717948717948718, 0.6410256410256411, 0.5256410256410257, 0.5384615384615384, 0.48717948717948717, 0.6025641025641025, 0.717948717948718, 0.7948717948717948, 0.5256410256410257]
 mean: 0.5918353576248312, std: 0.08851024084202672
F1 Score: [0.4882154882154882, 0.3333333333333333, 0.5691609977324263, 0.4077922077922078, 0.38211382113821135, 0.5647164716471647, 0.7085597826086957, 0.6290760869565217, 0.4366582080812024, 0.4807692307692308, 0.3275862068965517, 0.538813656303643, 0.7020833333333334, 0.7880434782608696, 0.3879109225874867]
 mean: 0.5163222150437577, std: 0.13842804287532923
Accuracy Intime: [0.625, 0.53125, 0.6875, 0.6666666666666666, 0.5666666666666667, 0.75, 0.9333333333333333, 0.8333333333333334, 0.5333333333333333, 0.6, 0.59375, 0.6, 0.5666666666666667, 0.8333333333333334, 0.8]
 mean: 0.6747222222222222, std: 0.12190346691917169
F1 (Intime): [0.5636363636363637, 0.3992490613266583, 0.6761133603238867, 0.6527777777777778, 0.5622895622895623, 0.7333333333333334, 0.9321266968325792, 0.8237367802585194, 0.4444444444444444, 0.48863636363636365, 0.5588547189819725, 0.48863636363636365, 0.466484268125855, 0.8316498316498316, 0.7916666666666667]
 mean: 0.6275757061946785, std: 0.15859386958877267
--------------------------------------------------
Subject Number: 18
Accuracy Cross: [0.5, 0.5128205128205128, 0.5, 0.47435897435897434, 0.5, 0.4430379746835443, 0.5316455696202531, 0.5063291139240507, 0.5443037974683544, 0.45569620253164556, 0.5, 0.5, 0.524390243902439, 0.4634146341463415, 0.4878048780487805]
 mean: 0.4962534601003264, std: 0.026963182732903254
F1 Score: [0.419797825672325, 0.36120689655172417, 0.3333333333333333, 0.4721901303845519, 0.37394525622556085, 0.40068965517241384, 0.5205838937182221, 0.33613445378151263, 0.5424710424710424, 0.3130434782608696, 0.3333333333333333, 0.4993298585256888, 0.38535460311358827, 0.4630952380952381, 0.32786885245901637]
 mean: 0.4054918567398947, std: 0.07392230990497974
Accuracy Intime: [0.65625, 0.53125, 0.5, 0.5625, 0.5666666666666667, 0.5625, 0.625, 0.5, 0.6, 0.5333333333333333, 0.5, 0.625, 0.625, 0.5, 0.5]
 mean: 0.5591666666666666, std: 0.05361794717498293
F1 (Intime): [0.6532019704433498, 0.3992490613266583, 0.3333333333333333, 0.45893719806763283, 0.4993581514762516, 0.36, 0.6235294117647059, 0.3333333333333333, 0.569377990430622, 0.34782608695652173, 0.3333333333333333, 0.6190476190476191, 0.5636363636363637, 0.45054945054945056, 0.3333333333333333]
 mean: 0.45853644246883385, std: 0.11665558231654202
--------------------------------------------------
Subject Number: 19
Accuracy Cross: [0.5657894736842105, 0.5, 0.5, 0.6052631578947368, 0.6052631578947368, 0.44871794871794873, 0.46153846153846156, 0.5, 0.44871794871794873, 0.5, 0.5, 0.5384615384615384, 0.5, 0.5, 0.38461538461538464]
 mean: 0.5038911381016644, std: 0.056446843577652145
F1 Score: [0.5131042516016308, 0.35535714285714287, 0.3748917748917749, 0.5913978494623655, 0.5951704545454546, 0.3856017585638395, 0.35256916996047427, 0.3333333333333333, 0.40563530037214246, 0.3333333333333333, 0.3333333333333333, 0.518188057652711, 0.3333333333333333, 0.37394525622556085, 0.37433155080213903]
 mean: 0.41156839335123785, std: 0.09081331397966594
Accuracy Intime: [0.5, 0.5, 0.5, 0.5666666666666667, 0.6, 0.53125, 0.6, 0.5333333333333333, 0.7666666666666667, 0.5666666666666667, 0.625, 0.6, 0.5666666666666667, 0.6333333333333333, 0.6333333333333333]
 mean: 0.5815277777777776, std: 0.06733547622186013
F1 (Intime): [0.3333333333333333, 0.3333333333333333, 0.3333333333333333, 0.5661846496106786, 0.5982142857142857, 0.4684385382059801, 0.5833333333333333, 0.34782608695652173, 0.76, 0.3617021276595745, 0.5636363636363637, 0.48863636363636365, 0.5238095238095237, 0.576379974326059, 0.6122209165687427]
 mean: 0.49669214423049507, std: 0.1260138820645468
--------------------------------------------------
Subject Number: 20
Accuracy Cross: [0.4473684210526316, 0.4605263157894737, 0.32894736842105265, 0.6578947368421053, 0.47368421052631576, 0.4605263157894737, 0.4868421052631579, 0.5, 0.5, 0.5131578947368421, 0.5316455696202531, 0.4936708860759494, 0.4936708860759494, 0.4936708860759494, 0.4936708860759494]
 mean: 0.4890184321563403, std: 0.06349157885002003
F1 Score: [0.3282828282828283, 0.3153153153153153, 0.2612921669525443, 0.65406162464986, 0.32142857142857145, 0.45591059891740876, 0.3274336283185841, 0.35535714285714287, 0.3333333333333333, 0.47291471415182756, 0.47475292003593894, 0.35139573070607555, 0.3305084745762712, 0.3305084745762712, 0.3305084745762712]
 mean: 0.3762002665785496, std: 0.09534587169688925
Accuracy Intime: [0.5625, 0.6333333333333333, 0.5333333333333333, 0.6666666666666666, 0.6, 0.71875, 0.7333333333333333, 0.5333333333333333, 0.6333333333333333, 0.6, 0.71875, 0.7, 0.5333333333333333, 0.5, 0.5666666666666667]
 mean: 0.6155555555555555, std: 0.0752190730507714
F1 (Intime): [0.49090909090909085, 0.6122209165687427, 0.34782608695652173, 0.6666666666666666, 0.48863636363636365, 0.718475073313783, 0.7222222222222222, 0.34782608695652173, 0.5970695970695971, 0.5238095238095238, 0.7117117117117118, 0.6914285714285715, 0.34782608695652173, 0.3333333333333333, 0.5622895622895623]
 mean: 0.5441500595885823, std: 0.14166706503907858
--------------------------------------------------
Subject Number: 21
Accuracy Cross: [0.524390243902439, 0.4634146341463415, 0.4634146341463415, 0.5487804878048781, 0.4878048780487805, 0.5, 0.48717948717948717, 0.5, 0.5512820512820513, 0.5128205128205128, 0.4936708860759494, 0.4936708860759494, 0.569620253164557, 0.4810126582278481, 0.4810126582278481]
 mean: 0.5038716180735323, std: 0.03074843169205659
F1 Score: [0.4028011204481793, 0.3804945054945055, 0.42179487179487174, 0.4939115929941618, 0.4202020202020202, 0.3548250265111347, 0.3275862068965517, 0.3333333333333333, 0.4381559991767853, 0.36120689655172417, 0.3305084745762712, 0.3700159489633174, 0.5535239361702128, 0.4064504306395455, 0.37914510254935785]
 mean: 0.3982636977534648, std: 0.06028246246989461
Accuracy Intime: [0.5625, 0.46875, 0.5, 0.6333333333333333, 0.5333333333333333, 0.625, 0.59375, 0.625, 0.5, 0.5333333333333333, 0.59375, 0.53125, 0.65625, 0.5333333333333333, 0.6333333333333333]
 mean: 0.5681944444444443, std: 0.05670580075711983
F1 (Intime): [0.5151515151515151, 0.3191489361702128, 0.3333333333333333, 0.5485636114911081, 0.34782608695652173, 0.5, 0.5835835835835836, 0.5636363636363637, 0.3333333333333333, 0.4444444444444444, 0.539313399778516, 0.3992490613266583, 0.6559139784946236, 0.49760765550239233, 0.6228571428571429]
 mean: 0.48026416307065, std: 0.10751505107390474
--------------------------------------------------
Subject Number: 22
Accuracy Cross: [0.5194805194805194, 0.4805194805194805, 0.4675324675324675, 0.45454545454545453, 0.4675324675324675, 0.4810126582278481, 0.5063291139240507, 0.4936708860759494, 0.43037974683544306, 0.4936708860759494, 0.4418604651162791, 0.47674418604651164, 0.5232558139534884, 0.5232558139534884, 0.46511627906976744]
 mean: 0.4816604159259443, std: 0.027611016095842655
F1 Score: [0.45764325147534746, 0.32456140350877194, 0.44932844932844934, 0.3902714932126697, 0.33857112926880367, 0.3247863247863248, 0.37694641051567235, 0.3305084745762712, 0.42891566265060244, 0.3305084745762712, 0.4099485420240137, 0.3228346456692913, 0.3435114503816794, 0.4711264436778161, 0.31746031746031744]
 mean: 0.37446149820748686, std: 0.053746914699348135
Accuracy Intime: [0.46875, 0.53125, 0.6875, 0.65625, 0.5666666666666667, 0.53125, 0.5625, 0.5333333333333333, 0.6333333333333333, 0.7, 0.5, 0.6875, 0.5333333333333333, 0.5666666666666667, 0.6]
 mean: 0.5838888888888889, std: 0.07065937243975669
F1 (Intime): [0.36374269005847953, 0.43859649122807015, 0.6536796536796536, 0.6532019704433498, 0.5661846496106786, 0.4909862142099682, 0.45893719806763283, 0.475, 0.5970695970695971, 0.6914285714285715, 0.4181818181818182, 0.6862745098039216, 0.34782608695652173, 0.5542857142857143, 0.4409937888198757]
 mean: 0.5224259302562568, std: 0.11126517389411454
--------------------------------------------------
Subject Number: 23
Accuracy Cross: [0.4868421052631579, 0.5263157894736842, 0.5, 0.5263157894736842, 0.5, 0.5394736842105263, 0.5131578947368421, 0.40789473684210525, 0.5, 0.5, 0.5, 0.4230769230769231, 0.5, 0.5, 0.5]
 mean: 0.4948717948717949, std: 0.03395637950013216
F1 Score: [0.3274336283185841, 0.3892857142857143, 0.3333333333333333, 0.3892857142857143, 0.3333333333333333, 0.49304364398704026, 0.44283732910639984, 0.3900481540930979, 0.3333333333333333, 0.3333333333333333, 0.3333333333333333, 0.2972972972972973, 0.3333333333333333, 0.4609250398724083, 0.3548250265111347]
 mean: 0.3696654365171594, std: 0.05492481541217064
Accuracy Intime: [0.71875, 0.7, 0.6333333333333333, 0.4666666666666667, 0.5666666666666667, 0.53125, 0.6666666666666666, 0.5333333333333333, 0.6, 0.5666666666666667, 0.5625, 0.6, 0.4666666666666667, 0.5333333333333333, 0.5333333333333333]
 mean: 0.5786111111111111, std: 0.07304736963010058
F1 (Intime): [0.716256157635468, 0.6914285714285715, 0.6122209165687427, 0.3181818181818182, 0.3617021276595745, 0.43859649122807015, 0.660633484162896, 0.34782608695652173, 0.5833333333333333, 0.3617021276595745, 0.5151515151515151, 0.569377990430622, 0.3181818181818182, 0.34782608695652173, 0.34782608695652173]
 mean: 0.4793496408327712, std: 0.1425969677610718
--------------------------------------------------
Subject Number: 24
Accuracy Cross: [0.5194805194805194, 0.5064935064935064, 0.5454545454545454, 0.4805194805194805, 0.5064935064935064, 0.5, 0.48717948717948717, 0.5, 0.5897435897435898, 0.5256410256410257, 0.5, 0.5375, 0.45, 0.4625, 0.55]
 mean: 0.5107337107337107, std: 0.03451519441960726
F1 Score: [0.433485782461722, 0.35833333333333334, 0.43536559815629583, 0.34523809523809523, 0.45814814814814814, 0.3333333333333333, 0.4510907811400422, 0.3548250265111347, 0.5608726249120337, 0.47133174574097825, 0.3333333333333333, 0.509852624606723, 0.4270833333333333, 0.4303692664348402, 0.48717948717948717]
 mean: 0.4259895009241889, std: 0.06642700810251434
Accuracy Intime: [0.5, 0.5, 0.5, 0.7, 0.5666666666666667, 0.5, 0.6875, 0.5333333333333333, 0.6333333333333333, 0.6, 0.6875, 0.5625, 0.7, 0.5, 0.5666666666666667]
 mean: 0.5825, std: 0.07741781783619658
F1 (Intime): [0.3333333333333333, 0.3333333333333333, 0.3333333333333333, 0.6914285714285715, 0.4993581514762516, 0.4181818181818182, 0.6825396825396826, 0.34782608695652173, 0.5970695970695971, 0.5833333333333333, 0.6825396825396826, 0.5151515151515151, 0.699666295884316, 0.4857142857142857, 0.466484268125855]
 mean: 0.511286219226762, std: 0.13474694389728242
--------------------------------------------------
Subject Number: 25
Accuracy Cross: [0.47435897435897434, 0.4358974358974359, 0.47435897435897434, 0.46153846153846156, 0.44871794871794873, 0.4936708860759494, 0.4936708860759494, 0.5063291139240507, 0.5569620253164557, 0.5063291139240507, 0.47560975609756095, 0.47560975609756095, 0.5121951219512195, 0.4634146341463415, 0.5]
 mean: 0.4852442058987289, std: 0.028692718004407338
F1 Score: [0.3757563927386297, 0.30357142857142855, 0.3217391304347826, 0.3352272727272727, 0.30973451327433627, 0.45517241379310347, 0.3305084745762712, 0.4231417337577233, 0.5266221537407978, 0.33613445378151263, 0.32231404958677684, 0.34154995331465915, 0.3387096774193548, 0.31666666666666665, 0.3333333333333333]
 mean: 0.35801210984777654, std: 0.06056792246127608
Accuracy Intime: [0.5625, 0.5625, 0.5, 0.5625, 0.5333333333333333, 0.625, 0.59375, 0.71875, 0.4666666666666667, 0.6, 0.5, 0.5, 0.5, 0.6666666666666666, 0.6]
 mean: 0.5661111111111111, std: 0.06753971168372713
F1 (Intime): [0.5625, 0.45893719806763283, 0.3333333333333333, 0.5607843137254902, 0.34782608695652173, 0.5636363636363637, 0.5134502923976608, 0.7046153846153846, 0.3181818181818182, 0.5833333333333333, 0.3816425120772947, 0.3816425120772947, 0.3333333333333333, 0.6527777777777778, 0.55]
 mean: 0.4830662839675492, std: 0.12210831762809077
--------------------------------------------------
Subject Number: 26
Accuracy Cross: [0.5064935064935064, 0.5064935064935064, 0.4935064935064935, 0.5064935064935064, 0.4805194805194805, 0.5316455696202531, 0.5189873417721519, 0.6708860759493671, 0.5189873417721519, 0.4810126582278481, 0.5, 0.4358974358974359, 0.5, 0.28205128205128205, 0.5]
 mean: 0.4955316132531323, std: 0.07445109750543454
F1 Score: [0.33620689655172414, 0.33620689655172414, 0.33043478260869563, 0.33620689655172414, 0.32456140350877194, 0.5267929415573903, 0.3416666666666667, 0.6695624195624196, 0.3416666666666667, 0.3247863247863248, 0.3333333333333333, 0.43253968253968256, 0.3333333333333333, 0.24166666666666667, 0.3548250265111347]
 mean: 0.37091932915975057, std: 0.09943662748130283
Accuracy Intime: [0.71875, 0.75, 0.53125, 0.6333333333333333, 0.5666666666666667, 0.5, 0.65625, 0.7666666666666667, 0.7, 0.5666666666666667, 0.5, 0.5625, 0.5333333333333333, 0.8, 0.5666666666666667]
 mean: 0.6234722222222222, std: 0.09808191336018615
F1 (Intime): [0.716256157635468, 0.7333333333333334, 0.3992490613266583, 0.5970695970695971, 0.3617021276595745, 0.3333333333333333, 0.6267232237539766, 0.76, 0.6827262044653349, 0.3617021276595745, 0.3333333333333333, 0.49090909090909085, 0.34782608695652173, 0.8, 0.4222222222222222]
 mean: 0.5310923933105346, std: 0.17057317131507188
--------------------------------------------------
Subject Number: 27
Accuracy Cross: [0.5789473684210527, 0.5, 0.6052631578947368, 0.5263157894736842, 0.5131578947368421, 0.6025641025641025, 0.717948717948718, 0.6410256410256411, 0.5256410256410257, 0.5384615384615384, 0.48717948717948717, 0.6025641025641025, 0.717948717948718, 0.7948717948717948, 0.5256410256410257]
 mean: 0.5918353576248312, std: 0.08851024084202672
F1 Score: [0.4882154882154882, 0.3333333333333333, 0.5691609977324263, 0.4077922077922078, 0.38211382113821135, 0.5647164716471647, 0.7085597826086957, 0.6290760869565217, 0.4366582080812024, 0.4807692307692308, 0.3275862068965517, 0.538813656303643, 0.7020833333333334, 0.7880434782608696, 0.3879109225874867]
 mean: 0.5163222150437577, std: 0.13842804287532923
Accuracy Intime: [0.625, 0.53125, 0.6875, 0.6666666666666666, 0.5666666666666667, 0.75, 0.9333333333333333, 0.8333333333333334, 0.5333333333333333, 0.6, 0.59375, 0.6, 0.5666666666666667, 0.8333333333333334, 0.8]
 mean: 0.6747222222222222, std: 0.12190346691917169
F1 (Intime): [0.5636363636363637, 0.3992490613266583, 0.6761133603238867, 0.6527777777777778, 0.5622895622895623, 0.7333333333333334, 0.9321266968325792, 0.8237367802585194, 0.4444444444444444, 0.48863636363636365, 0.5588547189819725, 0.48863636363636365, 0.466484268125855, 0.8316498316498316, 0.7916666666666667]
 mean: 0.6275757061946785, std: 0.15859386958877267
--------------------------------------------------
Subject Number: 28
Accuracy Cross: [0.3815789473684211, 0.5131578947368421, 0.5394736842105263, 0.6052631578947368, 0.618421052631579, 0.6666666666666666, 0.5128205128205128, 0.5256410256410257, 0.6282051282051282, 0.5384615384615384, 0.47560975609756095, 0.4634146341463415, 0.47560975609756095, 0.47560975609756095, 0.47560975609756095]
 mean: 0.5263695511449041, std: 0.07333116785958033
F1 Score: [0.34900674321122654, 0.47291471415182756, 0.5329236172080772, 0.602787456445993, 0.5533941236068896, 0.6646825396825397, 0.47071428571428575, 0.4222222222222222, 0.5927992799279928, 0.4135338345864662, 0.32231404958677684, 0.31666666666666665, 0.32231404958677684, 0.32231404958677684, 0.32231404958677684]
 mean: 0.4453934454514197, std: 0.11642461804296446
Accuracy Intime: [0.625, 0.5625, 0.6875, 0.6666666666666666, 0.7, 0.59375, 0.5333333333333333, 0.5666666666666667, 0.7, 0.6333333333333333, 0.53125, 0.6333333333333333, 0.7666666666666667, 0.8, 0.8666666666666667]
 mean: 0.6577777777777779, std: 0.09504039914234265
F1 (Intime): [0.611336032388664, 0.45893719806763283, 0.6536796536796536, 0.6527777777777778, 0.6827262044653349, 0.539313399778516, 0.53125, 0.466484268125855, 0.6827262044653349, 0.5485636114911081, 0.3992490613266583, 0.6329254727474972, 0.76, 0.784688995215311, 0.8642533936651584]
 mean: 0.6179274182129668, std: 0.12499788519214597
--------------------------------------------------
Subject Number: 29
Accuracy Cross: [0.5263157894736842, 0.5263157894736842, 0.6052631578947368, 0.4868421052631579, 0.5131578947368421, 0.6538461538461539, 0.8589743589743589, 0.5, 0.6410256410256411, 0.5, 0.4936708860759494, 0.5189873417721519, 0.5063291139240507, 0.5063291139240507, 0.5822784810126582]
 mean: 0.561289055159808, std: 0.09526675237766626
F1 Score: [0.438884331419196, 0.4077922077922078, 0.5691609977324263, 0.3274336283185841, 0.41599169262720664, 0.6067226890756303, 0.8587654320987654, 0.3333333333333333, 0.5961538461538461, 0.3333333333333333, 0.3305084745762712, 0.38382594417077176, 0.33613445378151263, 0.35772357723577236, 0.5002875215641174]
 mean: 0.4530700975475316, std: 0.14492361478022142
Accuracy Intime: [0.71875, 0.5625, 0.65625, 0.4666666666666667, 0.8333333333333334, 0.6875, 0.7666666666666667, 0.5333333333333333, 0.7, 0.5666666666666667, 0.84375, 0.7666666666666667, 0.5, 0.6, 0.7666666666666667]
 mean: 0.6645833333333334, std: 0.1167013837234288
F1 (Intime): [0.7046153846153846, 0.5555555555555556, 0.6101882613510521, 0.3181818181818182, 0.8316498316498316, 0.6825396825396826, 0.76, 0.34782608695652173, 0.699666295884316, 0.3617021276595745, 0.8423645320197044, 0.76, 0.4857142857142857, 0.569377990430622, 0.7532314923619272]
 mean: 0.6188408896613516, std: 0.16838943948892834
--------------------------------------------------
**************************************************
accuracy_cross_list: [0.4996794871794872, 0.5283175888439047, 0.4947533947533947, 0.5417748917748918, 0.5180044357892459, 0.41414754835807466, 0.526671264740885, 0.5551068376068375, 0.5418678146193137, 0.5131479631479631, 0.5389545129792808, 0.480416951469583, 0.41858760826115926, 0.529594017094017, 0.5018185752362968, 0.4842105263157895, 0.5918353576248312, 0.4962534601003264, 0.5038911381016644, 0.4890184321563403, 0.5038716180735323, 0.4816604159259443, 0.4948717948717949, 0.5107337107337107, 0.4852442058987289, 0.4955316132531323, 0.5918353576248312, 0.5263695511449041, 0.561289055159808]
f1_score_list: [0.3483012199375828, 0.39782279447192936, 0.35139534726340727, 0.4302185169743843, 0.4530814127372918, 0.33468228919067433, 0.44346957124345765, 0.47130697398779553, 0.46939617480161916, 0.4060352282472376, 0.46555528295622045, 0.39769122518665634, 0.3418287088156271, 0.4279620032523141, 0.3777703192250936, 0.3510609071287589, 0.5163222150437577, 0.4054918567398947, 0.41156839335123785, 0.3762002665785496, 0.3982636977534648, 0.37446149820748686, 0.3696654365171594, 0.4259895009241889, 0.35801210984777654, 0.37091932915975057, 0.5163222150437577, 0.4453934454514197, 0.4530700975475316]
accuracy_intime_list: [0.5840789473684211, 0.6377777777777778, 0.6095833333333334, 0.6408333333333334, 0.5515277777777778, 0.6169444444444444, 0.5948611111111111, 0.6105555555555555, 0.5772222222222222, 0.5444444444444444, 0.5843055555555556, 0.5568055555555554, 0.6008333333333333, 0.6304166666666667, 0.6097222222222223, 0.5793055555555555, 0.6747222222222222, 0.5591666666666666, 0.5815277777777776, 0.6155555555555555, 0.5681944444444443, 0.5838888888888889, 0.5786111111111111, 0.5825, 0.5661111111111111, 0.6234722222222222, 0.6747222222222222, 0.6577777777777779, 0.6645833333333334]
f1_score_intime_list: [0.44175422986768925, 0.48393518830548693, 0.4711815219793669, 0.5150848686888728, 0.4581381085935444, 0.5481982197376173, 0.5272818740205445, 0.550912419137344, 0.48668807816047727, 0.41778887453669655, 0.481404931906937, 0.45312190824062615, 0.5209591195684833, 0.5760552454145133, 0.5299575878576935, 0.4956486847857825, 0.6275757061946785, 0.45853644246883385, 0.49669214423049507, 0.5441500595885823, 0.48026416307065, 0.5224259302562568, 0.4793496408327712, 0.511286219226762, 0.4830662839675492, 0.5310923933105346, 0.6275757061946785, 0.6179274182129668, 0.6188408896613516]
**************************************************
ACC: 51.10±3.91
F1: 41.00±4.94
Intime: 60.21±3.62
F1 (Intime): 51.58±5.52
