1e-05
Subject Number: 1
Accuracy Cross: [0.2620689655172414, 0.2689655172413793, 0.296551724137931, 0.27586206896551724, 0.27586206896551724, 0.37142857142857144, 0.2742857142857143, 0.26857142857142857, 0.3142857142857143, 0.26857142857142857, 0.27586206896551724, 0.28735632183908044, 0.27011494252873564, 0.29310344827586204, 0.27586206896551724]
 mean: 0.2852501368363437, std: 0.02648820345964072
F1 Score: [0.13147875214934907, 0.10655737704918032, 0.1772307389937107, 0.11905737704918032, 0.15677526457771324, 0.24352125483064332, 0.10762331838565023, 0.10585585585585586, 0.20930096176401597, 0.11557239057239058, 0.11692132068844396, 0.1371545929798357, 0.10930232558139535, 0.1867182356813693, 0.10810810810810811]
 mean: 0.1420785249511228, std: 0.04182914183061604
Accuracy Intime: [0.3142857142857143, 0.42857142857142855, 0.34285714285714286, 0.35714285714285715, 0.36764705882352944, 0.3793103448275862, 0.3103448275862069, 0.3620689655172414, 0.3275862068965517, 0.3275862068965517, 0.39655172413793105, 0.46551724137931033, 0.3448275862068966, 0.3448275862068966, 0.1724137931034483]
 mean: 0.3494359122959529, std: 0.06247206097577799
F1 (Intime): [0.20915614066299, 0.31036682615629985, 0.22414389484607403, 0.24112762237762236, 0.2537581699346405, 0.21617717862301394, 0.11842105263157894, 0.2184065934065934, 0.2080965909090909, 0.12337662337662338, 0.20664667666166917, 0.2779204107830552, 0.18051201671891326, 0.22513440860215056, 0.07352941176470588]
 mean: 0.20578490783033476, std: 0.059577102503301095
--------------------------------------------------
Subject Number: 2
Accuracy Cross: [0.2916666666666667, 0.3194444444444444, 0.2708333333333333, 0.3055555555555556, 0.2777777777777778, 0.31724137931034485, 0.2620689655172414, 0.2689655172413793, 0.2689655172413793, 0.4, 0.3063583815028902, 0.4797687861271676, 0.2774566473988439, 0.3815028901734104, 0.2947976878612717]
 mean: 0.31482690334344715, std: 0.058721319744849586
F1 Score: [0.1526736631684158, 0.19597409483411604, 0.12209302325581395, 0.16919599612528252, 0.13232600732600733, 0.1897681189560154, 0.1043956043956044, 0.10597826086956522, 0.10597826086956522, 0.2605725439167209, 0.15968068261787471, 0.3931131912163911, 0.1357498223169865, 0.24487266170836153, 0.1596813725490196]
 mean: 0.17547022027504935, std: 0.07398566357273215
Accuracy Intime: [0.3620689655172414, 0.5, 0.3448275862068966, 0.43103448275862066, 0.25862068965517243, 0.4827586206896552, 0.3103448275862069, 0.3620689655172414, 0.3275862068965517, 0.3392857142857143, 0.3275862068965517, 0.41379310344827586, 0.3448275862068966, 0.3103448275862069, 0.35714285714285715]
 mean: 0.3648193760262726, std: 0.06349668449956315
F1 (Intime): [0.15618591934381407, 0.29464285714285715, 0.1282051282051282, 0.29261363636363635, 0.1784128745837958, 0.2867513611615245, 0.11842105263157894, 0.1738329238329238, 0.18472222222222223, 0.12666666666666668, 0.22306397306397308, 0.3335561497326203, 0.20743534482758622, 0.22751987281399047, 0.23306233062330622]
 mean: 0.21100615421437494, std: 0.06532455932277699
--------------------------------------------------
Subject Number: 3
Accuracy Cross: [0.2638888888888889, 0.2777777777777778, 0.25, 0.2638888888888889, 0.2569444444444444, 0.2653061224489796, 0.2857142857142857, 0.272108843537415, 0.2585034013605442, 0.272108843537415, 0.2711864406779661, 0.23728813559322035, 0.2711864406779661, 0.288135593220339, 0.2824858757062147]
 mean: 0.2677682654982897, std: 0.013162164985735645
F1 Score: [0.1043956043956044, 0.17977011494252876, 0.1332771870723234, 0.10555555555555556, 0.1301807895707785, 0.13345800748044884, 0.19604350437516932, 0.1618881118881119, 0.11591836734693878, 0.16119682094436652, 0.14472934472934473, 0.12155439021110663, 0.14732287051223653, 0.16324786324786325, 0.11061946902654868]
 mean: 0.1406105334199284, std: 0.026687923316106452
Accuracy Intime: [0.38333333333333336, 0.4, 0.39655172413793105, 0.1896551724137931, 0.3448275862068966, 0.3620689655172414, 0.3620689655172414, 0.3448275862068966, 0.3103448275862069, 0.3392857142857143, 0.27586206896551724, 0.3103448275862069, 0.25862068965517243, 0.25862068965517243, 0.30357142857142855]
 mean: 0.3226655719759169, std: 0.05670870845410645
F1 (Intime): [0.2142857142857143, 0.22000971345313258, 0.21460423634336678, 0.07971014492753623, 0.21195652173913043, 0.18215892053973012, 0.1984126984126984, 0.2096774193548387, 0.15332640332640335, 0.12666666666666668, 0.17559523809523808, 0.16428571428571428, 0.21393728222996516, 0.1715686274509804, 0.23617439471098006]
 mean: 0.1848246463881397, std: 0.04010731436592576
--------------------------------------------------
Subject Number: 4
Accuracy Cross: [0.25517241379310346, 0.2689655172413793, 0.2827586206896552, 0.2620689655172414, 0.2413793103448276, 0.38620689655172413, 0.2620689655172414, 0.25517241379310346, 0.3310344827586207, 0.30344827586206896, 0.27586206896551724, 0.3045977011494253, 0.3045977011494253, 0.39080459770114945, 0.25287356321839083]
 mean: 0.2918007662835249, std: 0.04478309348454478
F1 Score: [0.10164835164835165, 0.11721611721611722, 0.14143554185927065, 0.10382513661202186, 0.1577351687971157, 0.31001524390243906, 0.10382513661202186, 0.10511363636363637, 0.20933447749809306, 0.19587648638281552, 0.1085972850678733, 0.1638477801268499, 0.24847340539139995, 0.3875296846965247, 0.10138248847926268]
 mean: 0.17039039604358622, std: 0.08374780672725454
Accuracy Intime: [0.3448275862068966, 0.3103448275862069, 0.3275862068965517, 0.20689655172413793, 0.39655172413793105, 0.6896551724137931, 0.3103448275862069, 0.46551724137931033, 0.29310344827586204, 0.4827586206896552, 0.3793103448275862, 0.27586206896551724, 0.4827586206896552, 0.3448275862068966, 0.27586206896551724]
 mean: 0.37241379310344824, std: 0.11485053790157974
F1 (Intime): [0.1282051282051282, 0.12, 0.1438095238095238, 0.10866013071895425, 0.28482142857142856, 0.556436420722135, 0.11842105263157894, 0.2792207792207792, 0.14553571428571427, 0.3529829545454546, 0.24404761904761904, 0.10810810810810811, 0.39462582538517976, 0.2622169059011164, 0.16521739130434782]
 mean: 0.22748726549713788, std: 0.1261239317108052
--------------------------------------------------
Subject Number: 5
Accuracy Cross: [0.43448275862068964, 0.3586206896551724, 0.296551724137931, 0.25517241379310346, 0.3448275862068966, 0.39864864864864863, 0.25675675675675674, 0.28378378378378377, 0.3716216216216216, 0.35135135135135137, 0.272108843537415, 0.35374149659863946, 0.3673469387755102, 0.46938775510204084, 0.2653061224489796]
 mean: 0.33864723273590264, std: 0.06370633342479472
F1 Score: [0.40674133753271435, 0.33850034462967477, 0.24382346492412862, 0.19714937750881267, 0.23042929292929293, 0.3752388752388752, 0.16379511966944726, 0.19193110224842494, 0.3000815993472052, 0.2651978784169726, 0.11788302277432712, 0.2845376522702104, 0.28137254901960784, 0.43084293423039655, 0.10483870967741936]
 mean: 0.26215755069450064, std: 0.09523044436683058
Accuracy Intime: [0.5333333333333333, 0.48333333333333334, 0.27586206896551724, 0.3103448275862069, 0.3275862068965517, 0.4827586206896552, 0.27586206896551724, 0.27586206896551724, 0.3620689655172414, 0.25862068965517243, 0.27586206896551724, 0.39655172413793105, 0.4827586206896552, 0.3275862068965517, 0.27586206896551724]
 mean: 0.35628352490421455, std: 0.09193066433839199
F1 (Intime): [0.47987117552334946, 0.4033709981167608, 0.10810810810810811, 0.16346153846153846, 0.18928571428571428, 0.49802227342549926, 0.10810810810810811, 0.1688811188811189, 0.23571024335031127, 0.10273972602739725, 0.16594827586206895, 0.36468253968253966, 0.4278752436647173, 0.2120689655172414, 0.10810810810810811]
 mean: 0.24908280914150543, std: 0.13933319966469146
--------------------------------------------------
Subject Number: 6
Accuracy Cross: [0.2986111111111111, 0.2847222222222222, 0.3263888888888889, 0.2638888888888889, 0.2569444444444444, 0.22448979591836735, 0.2585034013605442, 0.30612244897959184, 0.2789115646258503, 0.30612244897959184, 0.23129251700680273, 0.2585034013605442, 0.25170068027210885, 0.1836734693877551, 0.22448979591836735]
 mean: 0.2636243386243386, std: 0.03669176783470624
F1 Score: [0.18689655172413794, 0.21832517871791868, 0.2520534255368814, 0.20666146729776247, 0.18468992541838467, 0.13747848537005164, 0.10326086956521739, 0.18611111111111112, 0.1414716168953457, 0.21466178353595572, 0.1263881046489742, 0.11357358111501759, 0.12249747219413548, 0.10193920335429768, 0.09375]
 mean: 0.15931725176567946, std: 0.04869651335636056
Accuracy Intime: [0.3333333333333333, 0.35, 0.5172413793103449, 0.3275862068965517, 0.43103448275862066, 0.3103448275862069, 0.27586206896551724, 0.39655172413793105, 0.29310344827586204, 0.3392857142857143, 0.27586206896551724, 0.3275862068965517, 0.3103448275862069, 0.3448275862068966, 0.30357142857142855]
 mean: 0.3424356869184456, std: 0.06153583864410508
F1 (Intime): [0.22316239316239317, 0.2350928641251222, 0.4193295739348371, 0.2410512167515563, 0.3013308625336927, 0.20244773074961755, 0.10810810810810811, 0.331734693877551, 0.14391025641025643, 0.22077922077922077, 0.10810810810810811, 0.1846203763789747, 0.17884278199883108, 0.20833333333333331, 0.22381864623243933]
 mean: 0.22204467776560283, std: 0.0790291614332806
--------------------------------------------------
Subject Number: 7
Accuracy Cross: [0.2789115646258503, 0.23809523809523808, 0.2789115646258503, 0.2857142857142857, 0.24489795918367346, 0.3082191780821918, 0.2808219178082192, 0.2602739726027397, 0.273972602739726, 0.3287671232876712, 0.23129251700680273, 0.20408163265306123, 0.29931972789115646, 0.2653061224489796, 0.272108843537415]
 mean: 0.27004628335352404, std: 0.0304687412283182
F1 Score: [0.13103641456582632, 0.15398370469448341, 0.14963985594237694, 0.18722734592299808, 0.1591960420531849, 0.2021505376344086, 0.13094762095161935, 0.20597162789923243, 0.15347480639645983, 0.35028621736525906, 0.14916823603264281, 0.15638456937799045, 0.2435833446979944, 0.17140267517972704, 0.12719459791282994]
 mean: 0.17810983977513556, std: 0.05544559441509581
Accuracy Intime: [0.26666666666666666, 0.29310344827586204, 0.29310344827586204, 0.3103448275862069, 0.3448275862068966, 0.26666666666666666, 0.4, 0.3448275862068966, 0.3448275862068966, 0.4482758620689655, 0.36666666666666664, 0.39655172413793105, 0.3620689655172414, 0.27586206896551724, 0.3275862068965517]
 mean: 0.3360919540229884, std: 0.05155066696336544
F1 (Intime): [0.13112745098039216, 0.19534412955465585, 0.1423611111111111, 0.19066717596129362, 0.21955128205128205, 0.1095890410958904, 0.3064499158249158, 0.24972899728997291, 0.22021116138763197, 0.40644078144078144, 0.24193548387096775, 0.32386363636363635, 0.25751987281399047, 0.1845945945945946, 0.23172173211093816]
 mean: 0.22740709109680365, std: 0.07480970238728771
--------------------------------------------------
Subject Number: 8
Accuracy Cross: [0.26, 0.28, 0.2733333333333333, 0.32666666666666666, 0.31333333333333335, 0.35135135135135137, 0.25, 0.38513513513513514, 0.4527027027027027, 0.2635135135135135, 0.30612244897959184, 0.2857142857142857, 0.2789115646258503, 0.3401360544217687, 0.2653061224489796]
 mean: 0.30881510081510083, std: 0.05352233036654463
F1 Score: [0.16136660143509457, 0.21180826219059745, 0.10732984293193717, 0.2151982744317239, 0.21004060538944258, 0.22892564557829487, 0.1360316494217894, 0.291510101010101, 0.33489655663568707, 0.10540540540540541, 0.18446428571428572, 0.1693634423897582, 0.1709570474379601, 0.22437576392526629, 0.10597826086956522]
 mean: 0.19051011631779396, std: 0.06382598253216376
Accuracy Intime: [0.31666666666666665, 0.31666666666666665, 0.3793103448275862, 0.41379310344827586, 0.29310344827586204, 0.31666666666666665, 0.2833333333333333, 0.41379310344827586, 0.3793103448275862, 0.27586206896551724, 0.31666666666666665, 0.31666666666666665, 0.3, 0.25862068965517243, 0.25862068965517243]
 mean: 0.3226053639846744, std: 0.04935202030388762
F1 (Intime): [0.19225781845919146, 0.23458333333333334, 0.2496124031007752, 0.341224603536505, 0.1882591093117409, 0.2311698717948718, 0.13607843137254902, 0.33653846153846156, 0.2560646900269542, 0.10810810810810811, 0.20893719806763283, 0.20810810810810812, 0.2352092352092352, 0.2093253968253968, 0.12675070028011204]
 mean: 0.2174818312715317, std: 0.06394827927937319
--------------------------------------------------
Subject Number: 9
Accuracy Cross: [0.2727272727272727, 0.3356643356643357, 0.25874125874125875, 0.27972027972027974, 0.25874125874125875, 0.2534246575342466, 0.363013698630137, 0.2602739726027397, 0.2671232876712329, 0.363013698630137, 0.2653061224489796, 0.2653061224489796, 0.3741496598639456, 0.40816326530612246, 0.2857142857142857]
 mean: 0.30073887842968083, std: 0.050597772177531974
F1 Score: [0.1704225352112676, 0.34310776891023653, 0.11952380952380952, 0.2001330532212885, 0.10393258426966293, 0.1303620004184976, 0.3749006954616836, 0.12487100103199174, 0.176010101010101, 0.31093591942648546, 0.1151656314699793, 0.1163003663003663, 0.3301739840462283, 0.3293205177007994, 0.15674157303370786]
 mean: 0.2067934360690737, std: 0.0966357416798545
Accuracy Intime: [0.2833333333333333, 0.603448275862069, 0.25862068965517243, 0.3103448275862069, 0.3275862068965517, 0.29310344827586204, 0.5172413793103449, 0.3103448275862069, 0.375, 0.375, 0.27586206896551724, 0.29310344827586204, 0.39655172413793105, 0.2857142857142857, 0.32142857142857145]
 mean: 0.34844553913519427, std: 0.0927176499601015
F1 (Intime): [0.20599906629318393, 0.6203846153846154, 0.128003314001657, 0.2077639751552795, 0.23514892443463872, 0.13900080580177276, 0.5062588248072118, 0.19078144078144077, 0.25, 0.25355113636363635, 0.10810810810810811, 0.13900080580177276, 0.3681372549019608, 0.23449883449883452, 0.2259703573262895]
 mean: 0.2541738309106935, std: 0.13771571341715932
--------------------------------------------------
Subject Number: 10
Accuracy Cross: [0.2689655172413793, 0.2896551724137931, 0.2896551724137931, 0.2827586206896552, 0.2689655172413793, 0.2808219178082192, 0.21232876712328766, 0.23972602739726026, 0.273972602739726, 0.273972602739726, 0.2532467532467532, 0.2792207792207792, 0.2532467532467532, 0.2857142857142857, 0.2662337662337662]
 mean: 0.2678989503647038, std: 0.020281368061673275
F1 Score: [0.11721611721611722, 0.23318106312292358, 0.1550719054956343, 0.14303657884090878, 0.1373825282480711, 0.18534973798131693, 0.16149701793672264, 0.1571124583622336, 0.13654127992183684, 0.14722337053879014, 0.11269483182936833, 0.1371780515117581, 0.16642954413265393, 0.1565436825617821, 0.1056701030927835]
 mean: 0.15014188471952675, std: 0.030201733936481814
Accuracy Intime: [0.3333333333333333, 0.3275862068965517, 0.27586206896551724, 0.29310344827586204, 0.27586206896551724, 0.3103448275862069, 0.29310344827586204, 0.3103448275862069, 0.29310344827586204, 0.29310344827586204, 0.29310344827586204, 0.3275862068965517, 0.3103448275862069, 0.29310344827586204, 0.3793103448275862]
 mean: 0.30727969348659, std: 0.025690505155923693
F1 (Intime): [0.17162162162162165, 0.23163721524377262, 0.10810810810810811, 0.1423611111111111, 0.1716589861751152, 0.20038259206121473, 0.1388888888888889, 0.20391705069124422, 0.14292237442922373, 0.16547619047619047, 0.14444444444444443, 0.23368773184949657, 0.23566308243727596, 0.20634920634920634, 0.2647050014974543]
 mean: 0.18412157369229123, std: 0.04359965461496704
--------------------------------------------------
Subject Number: 11
Accuracy Cross: [0.31724137931034485, 0.31724137931034485, 0.2896551724137931, 0.2620689655172414, 0.2689655172413793, 0.2808219178082192, 0.2671232876712329, 0.3150684931506849, 0.2808219178082192, 0.23972602739726026, 0.25477707006369427, 0.2611464968152866, 0.2611464968152866, 0.267515923566879, 0.2484076433121019]
 mean: 0.27544851254679786, std: 0.02383217947928691
F1 Score: [0.19965156794425087, 0.24962406015037594, 0.16218907420457807, 0.19744563753724795, 0.10597826086956522, 0.16488393872499832, 0.11659072634682391, 0.1975311942959002, 0.22102221810203637, 0.14491370726850317, 0.1528980190755686, 0.13409243220950615, 0.1311413454270597, 0.15008201202843086, 0.10103626943005181]
 mean: 0.1619386975743265, std: 0.04184998830362357
Accuracy Intime: [0.2833333333333333, 0.5172413793103449, 0.41379310344827586, 0.3275862068965517, 0.20689655172413793, 0.3620689655172414, 0.3103448275862069, 0.46551724137931033, 0.4827586206896552, 0.43103448275862066, 0.3620689655172414, 0.3620689655172414, 0.29310344827586204, 0.41379310344827586, 0.3793103448275862]
 mean: 0.37406130268199234, std: 0.08020453953819767
F1 (Intime): [0.1331081081081081, 0.36418149873959205, 0.2991412958626073, 0.24569221628045157, 0.08695652173913043, 0.22249589490968802, 0.11842105263157894, 0.3276595744680851, 0.39869281045751637, 0.2971014492753623, 0.22098214285714285, 0.23482916879143295, 0.15541855937702792, 0.27884615384615385, 0.2757184179085707]
 mean: 0.24394965768349655, std: 0.08760084053985986
--------------------------------------------------
Subject Number: 12
Accuracy Cross: [0.23776223776223776, 0.32867132867132864, 0.21678321678321677, 0.26573426573426573, 0.26573426573426573, 0.3310344827586207, 0.2827586206896552, 0.21379310344827587, 0.2689655172413793, 0.36551724137931035, 0.2602739726027397, 0.3013698630136986, 0.2534246575342466, 0.273972602739726, 0.2602739726027397]
 mean: 0.2750712899130471, std: 0.04049678977528021
F1 Score: [0.10860631677820828, 0.28917129629629634, 0.14047008547008547, 0.1425531914893617, 0.10555555555555556, 0.27838920514442334, 0.16869893595918994, 0.16227312480123576, 0.16036487380659797, 0.2788971367974549, 0.13236196319018406, 0.19679487179487182, 0.1576910014624443, 0.16743827160493827, 0.10326086956521739]
 mean: 0.17283511331440432, std: 0.060075871681528704
Accuracy Intime: [0.29310344827586204, 0.3103448275862069, 0.3103448275862069, 0.3103448275862069, 0.25862068965517243, 0.5344827586206896, 0.27586206896551724, 0.3275862068965517, 0.26785714285714285, 0.3392857142857143, 0.3620689655172414, 0.3448275862068966, 0.25862068965517243, 0.25, 0.26785714285714285]
 mean: 0.314080459770115, std: 0.06788066916641788
F1 (Intime): [0.19388297872340426, 0.19369501466275663, 0.23441874619598296, 0.19736842105263158, 0.16843971631205673, 0.4838966288269694, 0.10810810810810811, 0.20689655172413796, 0.13478260869565217, 0.21193181818181817, 0.22698412698412698, 0.22399203583872573, 0.16875, 0.1, 0.16636798088410992]
 mean: 0.20130098241269873, std: 0.08529771386599883
--------------------------------------------------
Subject Number: 13
Accuracy Cross: [0.2482758620689655, 0.2620689655172414, 0.2413793103448276, 0.31724137931034485, 0.2689655172413793, 0.2751677852348993, 0.24161073825503357, 0.28187919463087246, 0.20134228187919462, 0.24161073825503357, 0.013513513513513514, 0.2702702702702703, 0.21621621621621623, 0.0472972972972973, 0.2702702702702703]
 mean: 0.22647395602035733, std: 0.08162406131455452
F1 Score: [0.18002574386982986, 0.16653234528619176, 0.10746047430830039, 0.18850317282568121, 0.10893854748603352, 0.1598500340831629, 0.14171597633136096, 0.23035364145658266, 0.11271748135874068, 0.1573072596694644, 0.020833333333333332, 0.10989010989010989, 0.16820020357869925, 0.048373287671232876, 0.1176061678463094]
 mean: 0.1345538519330022, std: 0.05205216964953186
Accuracy Intime: [0.31666666666666665, 0.36666666666666664, 0.31666666666666665, 0.3275862068965517, 0.27586206896551724, 0.27586206896551724, 0.3103448275862069, 0.43103448275862066, 0.41379310344827586, 0.4482758620689655, 0.4482758620689655, 0.29310344827586204, 0.43103448275862066, 0.3793103448275862, 0.29310344827586204]
 mean: 0.35517241379310344, std: 0.06272640325002621
F1 (Intime): [0.19639459665144596, 0.2436440677966102, 0.18872180451127818, 0.22119565217391304, 0.10810810810810811, 0.16596638655462184, 0.173109243697479, 0.34484126984126984, 0.3440245072709825, 0.3495044757033248, 0.3656343656343657, 0.1779411764705882, 0.42771862916468034, 0.358513793296402, 0.1642512077294686]
 mean: 0.2553046189736358, std: 0.09563685176228574
--------------------------------------------------
Subject Number: 14
Accuracy Cross: [0.2671232876712329, 0.19863013698630136, 0.19863013698630136, 0.19863013698630136, 0.19863013698630136, 0.2808219178082192, 0.410958904109589, 0.3356164383561644, 0.2945205479452055, 0.2465753424657534, 0.2702702702702703, 0.2635135135135135, 0.3716216216216216, 0.31756756756756754, 0.28378378378378377]
 mean: 0.27579291620387514, std: 0.062259307089614635
F1 Score: [0.10597826086956522, 0.08285714285714285, 0.08285714285714285, 0.08285714285714285, 0.08285714285714285, 0.2102195716996476, 0.4443303789234022, 0.2796246149573297, 0.17717279285468912, 0.18570351217410042, 0.1562614468864469, 0.17797590044625938, 0.34315745171008327, 0.2722034542899333, 0.14198290663030855]
 mean: 0.1884025908580225, std: 0.10329608212560151
Accuracy Intime: [0.26666666666666666, 0.5172413793103449, 0.5172413793103449, 0.4482758620689655, 0.5517241379310345, 0.2833333333333333, 0.3620689655172414, 0.3103448275862069, 0.3620689655172414, 0.29310344827586204, 0.3, 0.3793103448275862, 0.41379310344827586, 0.29310344827586204, 0.27586206896551724]
 mean: 0.37160919540229886, std: 0.09378629492229025
F1 (Intime): [0.1095890410958904, 0.5194203944203944, 0.4573656363130047, 0.47147297147297146, 0.5663915887279173, 0.13607843137254902, 0.3323396926338103, 0.20156395891690007, 0.23330034636318653, 0.1373668188736682, 0.19648789748457524, 0.30514150943396223, 0.2965975864029823, 0.18790181180596144, 0.10810810810810811]
 mean: 0.2839417195617254, std: 0.1492895339087447
--------------------------------------------------
Subject Number: 15
Accuracy Cross: [0.2602739726027397, 0.3082191780821918, 0.2191780821917808, 0.2671232876712329, 0.2534246575342466, 0.25, 0.25, 0.2638888888888889, 0.3055555555555556, 0.25, 0.296551724137931, 0.30344827586206896, 0.2827586206896552, 0.2482758620689655, 0.3103448275862069]
 mean: 0.2712695288580976, std: 0.027061363007309335
F1 Score: [0.15074088145896658, 0.20950891926501683, 0.13831729173581148, 0.10597826086956522, 0.10164835164835165, 0.16106938342162033, 0.1, 0.17790212274624745, 0.1965868794326241, 0.14973038657249182, 0.18271324863883848, 0.18121693121693122, 0.13455973542786276, 0.1378937297615543, 0.18148809523809523]
 mean: 0.1539569478289318, std: 0.0333785028365232
Accuracy Intime: [0.3275862068965517, 0.41379310344827586, 0.3103448275862069, 0.3103448275862069, 0.2857142857142857, 0.3793103448275862, 0.27586206896551724, 0.3275862068965517, 0.41379310344827586, 0.4482758620689655, 0.3103448275862069, 0.29310344827586204, 0.3448275862068966, 0.29310344827586204, 0.2857142857142857]
 mean: 0.3346469622331691, std: 0.05234877094108025
F1 (Intime): [0.21210526315789474, 0.33808095952023987, 0.24987212276214832, 0.20888937664618085, 0.1111111111111111, 0.2676470588235294, 0.21516164994425863, 0.3334313725490196, 0.275, 0.3722672562024073, 0.15267857142857144, 0.17290969899665554, 0.2656641604010025, 0.19728079911209767, 0.1349206349206349]
 mean: 0.2338013357050501, std: 0.07392837041394502
--------------------------------------------------
Subject Number: 16
Accuracy Cross: [0.26573426573426573, 0.24475524475524477, 0.2727272727272727, 0.2727272727272727, 0.24475524475524477, 0.3146853146853147, 0.2937062937062937, 0.23776223776223776, 0.23776223776223776, 0.27972027972027974, 0.2916666666666667, 0.2708333333333333, 0.2361111111111111, 0.25, 0.2916666666666667]
 mean: 0.26697422947422944, std: 0.023650475466409398
F1 Score: [0.10497237569060773, 0.1, 0.14958112874779542, 0.1377408637873754, 0.1404109589041096, 0.22469771607702643, 0.19675335500541802, 0.11095238095238096, 0.11638554216867471, 0.19069043576683647, 0.18261898011724043, 0.10893854748603352, 0.1529888551165147, 0.1005586592178771, 0.2145934650455927]
 mean: 0.14879221760556555, std: 0.04179293261494063
Accuracy Intime: [0.29310344827586204, 0.27586206896551724, 0.3448275862068966, 0.2857142857142857, 0.4107142857142857, 0.3103448275862069, 0.3103448275862069, 0.25862068965517243, 0.32142857142857145, 0.42857142857142855, 0.4482758620689655, 0.29310344827586204, 0.39655172413793105, 0.30357142857142855, 0.30357142857142855]
 mean: 0.33230706075533667, std: 0.057586092183334936
F1 (Intime): [0.18260732323232326, 0.16925493987552118, 0.22478991596638653, 0.1111111111111111, 0.32968931475029034, 0.16310160427807485, 0.20394395433316037, 0.1656067832538421, 0.20634920634920634, 0.2959211986681465, 0.3853658536585366, 0.15942928039702234, 0.30561660561660564, 0.2249991230839384, 0.1810850439882698]
 mean: 0.2205914172374957, std: 0.07310630179717857
--------------------------------------------------
Subject Number: 17
Accuracy Cross: [0.2638888888888889, 0.3402777777777778, 0.3472222222222222, 0.3194444444444444, 0.2222222222222222, 0.3129251700680272, 0.2789115646258503, 0.272108843537415, 0.3197278911564626, 0.3673469387755102, 0.273972602739726, 0.2808219178082192, 0.4383561643835616, 0.4794520547945205, 0.2671232876712329]
 mean: 0.31892013274107206, std: 0.0663326048694058
F1 Score: [0.10555555555555556, 0.25652858542510465, 0.27214006459289475, 0.26864591864591864, 0.14375, 0.22750113378684805, 0.14202171154659524, 0.136096256684492, 0.20357142857142857, 0.2902703330097497, 0.11847826086956521, 0.13964646464646463, 0.3422567848866894, 0.460654615272131, 0.10540540540540541]
 mean: 0.21416816792658952, std: 0.0986448057520393
Accuracy Intime: [0.31666666666666665, 0.46551724137931033, 0.4827586206896552, 0.4827586206896552, 0.4482758620689655, 0.5, 0.3103448275862069, 0.25862068965517243, 0.3620689655172414, 0.32142857142857145, 0.27586206896551724, 0.3103448275862069, 0.41379310344827586, 0.4827586206896552, 0.26785714285714285]
 mean: 0.37993705528188293, std: 0.08748916360034732
F1 (Intime): [0.209375, 0.3634868421052631, 0.4003189792663477, 0.4067884729649436, 0.29831718510963795, 0.42342245989304816, 0.19934640522875818, 0.15714285714285714, 0.23746770025839792, 0.1934389140271493, 0.10810810810810811, 0.19719827586206895, 0.27513513513513516, 0.42488095238095236, 0.18135011441647597]
 mean: 0.2717184934599429, std: 0.10342027245994989
--------------------------------------------------
Subject Number: 18
Accuracy Cross: [0.272108843537415, 0.2789115646258503, 0.2653061224489796, 0.2789115646258503, 0.272108843537415, 0.272108843537415, 0.23809523809523808, 0.2789115646258503, 0.3197278911564626, 0.2925170068027211, 0.2866666666666667, 0.24, 0.3, 0.32, 0.28]
 mean: 0.27969160997732423, std: 0.022420649569557555
F1 Score: [0.12153443766346993, 0.18871982032565976, 0.1267056530214425, 0.2316746038745333, 0.146922024623803, 0.16064958592132506, 0.14741061088592936, 0.16727638558624475, 0.20773848150551588, 0.19133539316706827, 0.16704235935005166, 0.11698515859928219, 0.18366910866910868, 0.3500924608230875, 0.13137650637650639]
 mean: 0.17594217269286855, std: 0.05644832825570204
Accuracy Intime: [0.26666666666666666, 0.36666666666666664, 0.3103448275862069, 0.27586206896551724, 0.29310344827586204, 0.26666666666666666, 0.36666666666666664, 0.27586206896551724, 0.3448275862068966, 0.2413793103448276, 0.25, 0.3333333333333333, 0.3275862068965517, 0.3103448275862069, 0.27586206896551724]
 mean: 0.30034482758620684, std: 0.039104004627079615
F1 (Intime): [0.10526315789473684, 0.28605512134923905, 0.19041218637992832, 0.15555555555555556, 0.14052287581699346, 0.1826923076923077, 0.2383367139959432, 0.2277777777777778, 0.22670807453416147, 0.09722222222222222, 0.10135135135135136, 0.21825396825396826, 0.21210526315789474, 0.19480519480519481, 0.10810810810810811]
 mean: 0.1790113252596922, std: 0.056496202430868885
--------------------------------------------------
Subject Number: 19
Accuracy Cross: [0.23776223776223776, 0.38461538461538464, 0.25874125874125875, 0.23776223776223776, 0.2937062937062937, 0.3082191780821918, 0.2534246575342466, 0.2671232876712329, 0.2808219178082192, 0.23972602739726026, 0.2808219178082192, 0.273972602739726, 0.2602739726027397, 0.3150684931506849, 0.2534246575342466]
 mean: 0.276364274994412, std: 0.03706496385004541
F1 Score: [0.11467455621301775, 0.3073639705882353, 0.11417748917748918, 0.1062452877607439, 0.1782464846980976, 0.20593625903675794, 0.12135202918376653, 0.10655737704918032, 0.16199186991869918, 0.14945378151260502, 0.13246124031007753, 0.13686868686868686, 0.21052749739573978, 0.2606123259508457, 0.1545945945945946]
 mean: 0.1640708966839025, std: 0.05739790687331718
Accuracy Intime: [0.3, 0.4482758620689655, 0.46551724137931033, 0.27586206896551724, 0.3448275862068966, 0.43103448275862066, 0.39655172413793105, 0.3620689655172414, 0.32142857142857145, 0.44642857142857145, 0.3620689655172414, 0.3103448275862069, 0.27586206896551724, 0.25, 0.39285714285714285]
 mean: 0.35887520525451566, std: 0.06727530115484608
F1 (Intime): [0.1881720430107527, 0.3705387205387205, 0.4121711621711621, 0.11267605633802817, 0.25116286478909133, 0.3644875590878396, 0.26020671834625325, 0.25302663438256656, 0.21180555555555555, 0.3151785714285714, 0.22936016511867907, 0.16594202898550725, 0.23080619188613577, 0.10144927536231885, 0.3025132275132275]
 mean: 0.2512997849676273, std: 0.0875970115005834
--------------------------------------------------
Subject Number: 20
Accuracy Cross: [0.2777777777777778, 0.3263888888888889, 0.2361111111111111, 0.2708333333333333, 0.2777777777777778, 0.38461538461538464, 0.25874125874125875, 0.25874125874125875, 0.2727272727272727, 0.27972027972027974, 0.2702702702702703, 0.2635135135135135, 0.2702702702702703, 0.2702702702702703, 0.28378378378378377]
 mean: 0.2801028301028301, std: 0.03330990956904723
F1 Score: [0.17436186186186187, 0.25588474025974023, 0.15034689697562392, 0.16361236802413273, 0.11996336996336995, 0.30151661876796204, 0.13170373802903923, 0.17211831230969987, 0.12110016420361248, 0.15301268498942916, 0.15543259557344064, 0.10483870967741936, 0.136096256684492, 0.12386383888789877, 0.14893540800930571]
 mean: 0.1608525042811352, std: 0.05079250529682091
Accuracy Intime: [0.27586206896551724, 0.3275862068965517, 0.27586206896551724, 0.35714285714285715, 0.30357142857142855, 0.6206896551724138, 0.3620689655172414, 0.5517241379310345, 0.27586206896551724, 0.26785714285714285, 0.39655172413793105, 0.3448275862068966, 0.3275862068965517, 0.3392857142857143, 0.39285714285714285]
 mean: 0.36128899835796396, std: 0.09756810911272619
F1 (Intime): [0.1111111111111111, 0.19875446191235666, 0.11764705882352941, 0.26468253968253963, 0.227843137254902, 0.5648148148148148, 0.26350267379679143, 0.4512411347517731, 0.1640625, 0.13627450980392156, 0.3234888732959102, 0.29185235767682577, 0.1826923076923077, 0.20801767676767677, 0.27475409836065573]
 mean: 0.2520492837163411, std: 0.11951075420364951
--------------------------------------------------
Subject Number: 21
Accuracy Cross: [0.26666666666666666, 0.29333333333333333, 0.2733333333333333, 0.24666666666666667, 0.26, 0.272108843537415, 0.2653061224489796, 0.25170068027210885, 0.2585034013605442, 0.2789115646258503, 0.2702702702702703, 0.27702702702702703, 0.2702702702702703, 0.30405405405405406, 0.2635135135135135]
 mean: 0.27011104982533557, std: 0.014224713259859087
F1 Score: [0.18019413298916404, 0.22408550746385975, 0.16428571428571428, 0.12851203696335256, 0.16854291371908822, 0.1280181687783887, 0.1366267942583732, 0.16366390306122447, 0.1132880181260829, 0.12987012987012986, 0.11818528402592451, 0.15898197852760737, 0.18541548897682306, 0.19258413664806356, 0.11602025856324137]
 mean: 0.15388496441713587, std: 0.031728510031331626
Accuracy Intime: [0.2833333333333333, 0.3333333333333333, 0.3275862068965517, 0.3103448275862069, 0.3275862068965517, 0.3, 0.3, 0.2833333333333333, 0.27586206896551724, 0.29310344827586204, 0.3333333333333333, 0.2833333333333333, 0.3448275862068966, 0.3103448275862069, 0.27586206896551724]
 mean: 0.3054789272030652, std: 0.022455376169394272
F1 (Intime): [0.1358858858858859, 0.25516795865633074, 0.24128881987577638, 0.2402012556474799, 0.1826923076923077, 0.1954700854700855, 0.17194029850746267, 0.18541666666666667, 0.1111111111111111, 0.13900080580177276, 0.18066176470588236, 0.1582952815829528, 0.21778975741239892, 0.21157894736842103, 0.10810810810810811]
 mean: 0.1823072702995095, std: 0.04451942786156381
--------------------------------------------------
Subject Number: 22
Accuracy Cross: [0.2638888888888889, 0.2847222222222222, 0.2708333333333333, 0.2152777777777778, 0.19444444444444445, 0.3087248322147651, 0.2684563758389262, 0.2953020134228188, 0.3087248322147651, 0.2550335570469799, 0.2802547770700637, 0.2611464968152866, 0.24203821656050956, 0.28662420382165604, 0.2611464968152866]
 mean: 0.266441231232515, std: 0.030500190505642698
F1 Score: [0.1332240321557013, 0.2359021406727829, 0.20457968864692927, 0.1636959370904325, 0.14251926234684856, 0.1945233789718419, 0.1438900372054568, 0.17189506512566502, 0.1970466814861861, 0.10497237569060773, 0.16363432165318958, 0.11392773892773893, 0.11608047474308872, 0.1125, 0.11362694300518134]
 mean: 0.1541345385147767, std: 0.03893027740413375
Accuracy Intime: [0.26666666666666666, 0.36666666666666664, 0.31666666666666665, 0.4, 0.3103448275862069, 0.3103448275862069, 0.3275862068965517, 0.3793103448275862, 0.27586206896551724, 0.23214285714285715, 0.27586206896551724, 0.27586206896551724, 0.29310344827586204, 0.3103448275862069, 0.32142857142857145]
 mean: 0.3108128078817734, std: 0.043444227986197334
F1 (Intime): [0.15460292522350652, 0.29559595781298265, 0.20685579196217493, 0.31661991584852733, 0.24354037267080747, 0.24429590017825314, 0.18080065359477124, 0.315440050683702, 0.17142857142857143, 0.13915878851540617, 0.10810810810810811, 0.10810810810810811, 0.1894878706199461, 0.2100732600732601, 0.24790969899665552]
 mean: 0.2088017315883187, std: 0.06590451470437146
--------------------------------------------------
Subject Number: 23
Accuracy Cross: [0.2569444444444444, 0.2361111111111111, 0.25, 0.2569444444444444, 0.2708333333333333, 0.26573426573426573, 0.2937062937062937, 0.24475524475524477, 0.2937062937062937, 0.36363636363636365, 0.25170068027210885, 0.22448979591836735, 0.3129251700680272, 0.32653061224489793, 0.2925170068027211]
 mean: 0.27603567067852786, std: 0.03637048774448489
F1 Score: [0.12719421070645917, 0.13362066831376782, 0.17396376358762683, 0.19313667431588816, 0.13605697151424287, 0.135989010989011, 0.18265978280220757, 0.18265488991295442, 0.2760925821483912, 0.2788143058491896, 0.17672212475518767, 0.10195402298850574, 0.21999737222441204, 0.2854237288135594, 0.1520689655172414]
 mean: 0.18375660496257634, std: 0.056221565363320916
Accuracy Intime: [0.3793103448275862, 0.3103448275862069, 0.3793103448275862, 0.26785714285714285, 0.25, 0.29310344827586204, 0.3448275862068966, 0.29310344827586204, 0.3275862068965517, 0.2857142857142857, 0.27586206896551724, 0.3448275862068966, 0.3448275862068966, 0.375, 0.30357142857142855]
 mean: 0.3183497536945813, std: 0.04039709228289834
F1 (Intime): [0.3064207650273224, 0.20022246941045607, 0.3102840909090909, 0.16978922716627634, 0.10294117647058823, 0.1825, 0.27483974358974356, 0.21833210649000123, 0.2117969138875062, 0.1476545842217484, 0.10810810810810811, 0.2222222222222222, 0.22749326145552562, 0.31093126905934787, 0.19782608695652176]
 mean: 0.2127574683316306, std: 0.06455314724555329
--------------------------------------------------
Subject Number: 24
Accuracy Cross: [0.2896551724137931, 0.27586206896551724, 0.2827586206896552, 0.2689655172413793, 0.2620689655172414, 0.3972602739726027, 0.2876712328767123, 0.3356164383561644, 0.2602739726027397, 0.2671232876712329, 0.2635135135135135, 0.2905405405405405, 0.23648648648648649, 0.22972972972972974, 0.2702702702702703]
 mean: 0.2811864060565053, std: 0.03906845086536299
F1 Score: [0.1602233335979466, 0.22979770047133577, 0.15139966740576496, 0.12907529875855667, 0.1043956043956044, 0.3106596876038551, 0.1654340985434895, 0.3192162004662005, 0.10795454545454546, 0.12674199623352164, 0.12393258426966293, 0.16889952153110047, 0.1548078459571748, 0.11236218625381186, 0.11703383162863887]
 mean: 0.16546227350474735, std: 0.0663130650562064
Accuracy Intime: [0.2833333333333333, 0.3448275862068966, 0.3103448275862069, 0.29310344827586204, 0.27586206896551724, 0.29310344827586204, 0.3793103448275862, 0.3620689655172414, 0.3275862068965517, 0.3103448275862069, 0.3103448275862069, 0.3103448275862069, 0.3103448275862069, 0.3275862068965517, 0.3275862068965517]
 mean: 0.31773946360153255, std: 0.027331895036954955
F1 (Intime): [0.1361111111111111, 0.23985566448801743, 0.1670220326936745, 0.16269841269841268, 0.10810810810810811, 0.15977443609022557, 0.311791465966039, 0.2411012235817575, 0.25376984126984126, 0.1669172932330827, 0.16764705882352943, 0.20420258620689655, 0.2382352941176471, 0.253524765630767, 0.1858288770053476]
 mean: 0.1997725447349638, std: 0.05289927276094881
--------------------------------------------------
Subject Number: 25
Accuracy Cross: [0.2585034013605442, 0.17687074829931973, 0.23809523809523808, 0.29931972789115646, 0.24489795918367346, 0.3108108108108108, 0.24324324324324326, 0.30405405405405406, 0.2702702702702703, 0.2702702702702703, 0.26973684210526316, 0.28289473684210525, 0.2631578947368421, 0.29605263157894735, 0.2565789473684211]
 mean: 0.2656504517406773, std: 0.03229284403915058
F1 Score: [0.14994630391981384, 0.13122744815931306, 0.13017974383812292, 0.2491007254793045, 0.1, 0.25192040184168407, 0.21914534855711326, 0.1718804461484838, 0.13043912175648703, 0.1474696023660861, 0.13488721804511278, 0.17597139657103472, 0.1329377954945768, 0.19310579664238198, 0.12221987983556445]
 mean: 0.16269541524367198, std: 0.04509923130248009
Accuracy Intime: [0.31666666666666665, 0.4166666666666667, 0.3, 0.3620689655172414, 0.3103448275862069, 0.4, 0.36666666666666664, 0.39655172413793105, 0.3448275862068966, 0.25862068965517243, 0.25, 0.3333333333333333, 0.27586206896551724, 0.39655172413793105, 0.3448275862068966]
 mean: 0.3381992337164751, std: 0.05097363855448666
F1 (Intime): [0.16666666666666669, 0.33741140296018346, 0.17363636363636364, 0.24873737373737373, 0.18371961560203504, 0.2861111111111111, 0.2991999098489971, 0.32116402116402115, 0.25234700463533416, 0.10273972602739725, 0.12366818873668188, 0.21759923481587756, 0.1846781085315482, 0.33473169832196203, 0.19285714285714284]
 mean: 0.2283511712435131, std: 0.07302169545533609
--------------------------------------------------
Subject Number: 26
Accuracy Cross: [0.25517241379310346, 0.2, 0.2689655172413793, 0.2827586206896552, 0.25517241379310346, 0.2585034013605442, 0.3197278911564626, 0.2789115646258503, 0.3469387755102041, 0.272108843537415, 0.2684563758389262, 0.2751677852348993, 0.28187919463087246, 0.33557046979865773, 0.348993288590604]
 mean: 0.2832217703867785, std: 0.038470285084859265
F1 Score: [0.13005695208169676, 0.1458356749466112, 0.10597826086956522, 0.13839285714285715, 0.10164835164835165, 0.10982658959537572, 0.21053820073914342, 0.10904255319148937, 0.23235098235098234, 0.11818528402592451, 0.11792101341281669, 0.10789473684210527, 0.1475996902826171, 0.24822537710736467, 0.23828547648772366]
 mean: 0.150785466714975, std: 0.05152132842560302
Accuracy Intime: [0.43333333333333335, 0.31666666666666665, 0.3275862068965517, 0.3793103448275862, 0.25862068965517243, 0.3620689655172414, 0.3793103448275862, 0.3275862068965517, 0.3793103448275862, 0.2413793103448276, 0.3103448275862069, 0.27586206896551724, 0.3793103448275862, 0.3793103448275862, 0.41379310344827586]
 mean: 0.3442528735632184, std: 0.05434038983248735
F1 (Intime): [0.2992063492063492, 0.18307692307692308, 0.2037037037037037, 0.29561403508771933, 0.10273972602739725, 0.2899698340874811, 0.2591963780418789, 0.2196969696969697, 0.286734693877551, 0.09722222222222222, 0.1991499696417729, 0.1095890410958904, 0.24150943396226415, 0.26013513513513514, 0.3149896016637338]
 mean: 0.2241689344351328, std: 0.07155008645637437
--------------------------------------------------
Subject Number: 27
Accuracy Cross: [0.2638888888888889, 0.3402777777777778, 0.3472222222222222, 0.3194444444444444, 0.2222222222222222, 0.3129251700680272, 0.2789115646258503, 0.272108843537415, 0.3197278911564626, 0.3673469387755102, 0.273972602739726, 0.2808219178082192, 0.4383561643835616, 0.4794520547945205, 0.2671232876712329]
 mean: 0.31892013274107206, std: 0.0663326048694058
F1 Score: [0.10555555555555556, 0.25652858542510465, 0.27214006459289475, 0.26864591864591864, 0.14375, 0.22750113378684805, 0.14202171154659524, 0.136096256684492, 0.20357142857142857, 0.2902703330097497, 0.11847826086956521, 0.13964646464646463, 0.3422567848866894, 0.460654615272131, 0.10540540540540541]
 mean: 0.21416816792658952, std: 0.0986448057520393
Accuracy Intime: [0.31666666666666665, 0.46551724137931033, 0.4827586206896552, 0.4827586206896552, 0.4482758620689655, 0.5, 0.3103448275862069, 0.25862068965517243, 0.3620689655172414, 0.32142857142857145, 0.27586206896551724, 0.3103448275862069, 0.41379310344827586, 0.4827586206896552, 0.26785714285714285]
 mean: 0.37993705528188293, std: 0.08748916360034732
F1 (Intime): [0.209375, 0.3634868421052631, 0.4003189792663477, 0.4067884729649436, 0.29831718510963795, 0.42342245989304816, 0.19934640522875818, 0.15714285714285714, 0.23746770025839792, 0.1934389140271493, 0.10810810810810811, 0.19719827586206895, 0.27513513513513516, 0.42488095238095236, 0.18135011441647597]
 mean: 0.2717184934599429, std: 0.10342027245994989
--------------------------------------------------
Subject Number: 28
Accuracy Cross: [0.2867132867132867, 0.3916083916083916, 0.48951048951048953, 0.3356643356643357, 0.4125874125874126, 0.273972602739726, 0.3150684931506849, 0.3904109589041096, 0.3493150684931507, 0.2671232876712329, 0.2631578947368421, 0.18421052631578946, 0.18421052631578946, 0.18421052631578946, 0.19078947368421054]
 mean: 0.3012368849607494, std: 0.09110621963675962
F1 Score: [0.217511655011655, 0.39152062287213263, 0.5032733439635102, 0.27765872908063466, 0.4407238399275965, 0.1764789509421151, 0.2245098039215686, 0.3663951545530493, 0.24023934815820744, 0.11660028266735192, 0.11912442396313365, 0.07777777777777778, 0.07777777777777778, 0.07865168539325842, 0.16504535095367012]
 mean: 0.23155258313089594, std: 0.13361326521669048
Accuracy Intime: [0.2833333333333333, 0.41379310344827586, 0.5, 0.3448275862068966, 0.39655172413793105, 0.3448275862068966, 0.29310344827586204, 0.41379310344827586, 0.35714285714285715, 0.23214285714285715, 0.43103448275862066, 0.5689655172413793, 0.4827586206896552, 0.44642857142857145, 0.4107142857142857]
 mean: 0.3946278051450465, std: 0.08552975892172907
F1 (Intime): [0.23294401186503522, 0.39880156608097783, 0.5114734299516909, 0.2904560810810811, 0.3288089997554414, 0.23960579514824798, 0.14761904761904762, 0.340637481302443, 0.28713606654783125, 0.09558823529411764, 0.36209516822136045, 0.5038263762855414, 0.419047619047619, 0.4159708564276775, 0.35130940488083345]
 mean: 0.32835467596726303, std: 0.11371431991417026
--------------------------------------------------
Subject Number: 29
Accuracy Cross: [0.34965034965034963, 0.48951048951048953, 0.2867132867132867, 0.5034965034965035, 0.26573426573426573, 0.4827586206896552, 0.36551724137931035, 0.23448275862068965, 0.3310344827586207, 0.45517241379310347, 0.2635135135135135, 0.2635135135135135, 0.27702702702702703, 0.35135135135135137, 0.32432432432432434]
 mean: 0.3495866761384003, std: 0.08858313520522636
F1 Score: [0.279435103903189, 0.48478731413514026, 0.16998731713072204, 0.4207142857142857, 0.12558441558441558, 0.4616250533504055, 0.31248161053039103, 0.1371975806451613, 0.19953703703703704, 0.4622335123646968, 0.10427807486631016, 0.10427807486631016, 0.12428571428571428, 0.25858250276854927, 0.21169784513379114]
 mean: 0.25711369615440793, std: 0.13541902933621236
Accuracy Intime: [0.4827586206896552, 0.6724137931034483, 0.29310344827586204, 0.46551724137931033, 0.3448275862068966, 0.5172413793103449, 0.3275862068965517, 0.3793103448275862, 0.35714285714285715, 0.4107142857142857, 0.3275862068965517, 0.3103448275862069, 0.5689655172413793, 0.35714285714285715, 0.2857142857142857]
 mean: 0.4066912972085385, std: 0.10870389214093086
F1 (Intime): [0.42142857142857143, 0.681990231990232, 0.1811440677966102, 0.38490675990675993, 0.2724392520720772, 0.5110028449502133, 0.2170212765957447, 0.2709282016093818, 0.2185960591133005, 0.37996356480399035, 0.25649641577060933, 0.2225609756097561, 0.5401960784313725, 0.2376068376068376, 0.13655462184873948]
 mean: 0.3288557173022798, std: 0.14871260089044155
--------------------------------------------------
**************************************************
accuracy_cross_list: [0.2852501368363437, 0.31482690334344715, 0.2677682654982897, 0.2918007662835249, 0.33864723273590264, 0.2636243386243386, 0.27004628335352404, 0.30881510081510083, 0.30073887842968083, 0.2678989503647038, 0.27544851254679786, 0.2750712899130471, 0.22647395602035733, 0.27579291620387514, 0.2712695288580976, 0.26697422947422944, 0.31892013274107206, 0.27969160997732423, 0.276364274994412, 0.2801028301028301, 0.27011104982533557, 0.266441231232515, 0.27603567067852786, 0.2811864060565053, 0.2656504517406773, 0.2832217703867785, 0.31892013274107206, 0.3012368849607494, 0.3495866761384003]
f1_score_list: [0.1420785249511228, 0.17547022027504935, 0.1406105334199284, 0.17039039604358622, 0.26215755069450064, 0.15931725176567946, 0.17810983977513556, 0.19051011631779396, 0.2067934360690737, 0.15014188471952675, 0.1619386975743265, 0.17283511331440432, 0.1345538519330022, 0.1884025908580225, 0.1539569478289318, 0.14879221760556555, 0.21416816792658952, 0.17594217269286855, 0.1640708966839025, 0.1608525042811352, 0.15388496441713587, 0.1541345385147767, 0.18375660496257634, 0.16546227350474735, 0.16269541524367198, 0.150785466714975, 0.21416816792658952, 0.23155258313089594, 0.25711369615440793]
accuracy_intime_list: [0.3494359122959529, 0.3648193760262726, 0.3226655719759169, 0.37241379310344824, 0.35628352490421455, 0.3424356869184456, 0.3360919540229884, 0.3226053639846744, 0.34844553913519427, 0.30727969348659, 0.37406130268199234, 0.314080459770115, 0.35517241379310344, 0.37160919540229886, 0.3346469622331691, 0.33230706075533667, 0.37993705528188293, 0.30034482758620684, 0.35887520525451566, 0.36128899835796396, 0.3054789272030652, 0.3108128078817734, 0.3183497536945813, 0.31773946360153255, 0.3381992337164751, 0.3442528735632184, 0.37993705528188293, 0.3946278051450465, 0.4066912972085385]
f1_score_intime_list: [0.20578490783033476, 0.21100615421437494, 0.1848246463881397, 0.22748726549713788, 0.24908280914150543, 0.22204467776560283, 0.22740709109680365, 0.2174818312715317, 0.2541738309106935, 0.18412157369229123, 0.24394965768349655, 0.20130098241269873, 0.2553046189736358, 0.2839417195617254, 0.2338013357050501, 0.2205914172374957, 0.2717184934599429, 0.1790113252596922, 0.2512997849676273, 0.2520492837163411, 0.1823072702995095, 0.2088017315883187, 0.2127574683316306, 0.1997725447349638, 0.2283511712435131, 0.2241689344351328, 0.2717184934599429, 0.32835467596726303, 0.3288557173022798]
**************************************************
ACC: 28.51±2.49
F1: 17.67±3.22
Intime: 34.55±2.76
F1 (Intime): 23.32±3.76
