1e-05
Subject Number: 1
Accuracy Cross: [0.5882352941176471, 0.47058823529411764, 0.5147058823529411, 0.45588235294117646, 0.4852941176470588, 0.46153846153846156, 0.46153846153846156, 0.5256410256410257, 0.5897435897435898, 0.5256410256410257, 0.38961038961038963, 0.4935064935064935, 0.4025974025974026, 0.5194805194805194, 0.4675324675324675]
 mean: 0.4901023812788518, std: 0.05479435134276915
F1 Score: [0.5824561403508772, 0.4588859416445623, 0.48235294117647065, 0.45482123510292527, 0.4824961948249619, 0.43125, 0.45833333333333337, 0.5160154284755996, 0.5608726249120337, 0.5074244751664106, 0.3543264942016057, 0.4935064935064935, 0.37198581560283683, 0.5112369188540058, 0.4675324675324675]
 mean: 0.4755664336456389, std: 0.05859696196500863
Accuracy Intime: [0.5625, 0.59375, 0.6333333333333333, 0.43333333333333335, 0.5, 0.6071428571428571, 0.5714285714285714, 0.42857142857142855, 0.6153846153846154, 0.6538461538461539, 0.5357142857142857, 0.39285714285714285, 0.6428571428571429, 0.6153846153846154, 0.5769230769230769]
 mean: 0.5575351037851038, std: 0.08013454050772853
F1 (Intime): [0.5625, 0.5835835835835836, 0.5970695970695971, 0.41714285714285715, 0.4949494949494949, 0.5809523809523809, 0.5714285714285714, 0.41666666666666663, 0.59375, 0.6533333333333333, 0.5351213282247764, 0.3858064516129032, 0.625668449197861, 0.6130952380952381, 0.5762962962962963]
 mean: 0.5471576165702373, std: 0.07892021781954041
--------------------------------------------------
Subject Number: 2
Accuracy Cross: [0.4852941176470588, 0.45588235294117646, 0.5441176470588235, 0.5, 0.5441176470588235, 0.47058823529411764, 0.5882352941176471, 0.5147058823529411, 0.45588235294117646, 0.5735294117647058, 0.5, 0.47435897435897434, 0.5256410256410257, 0.47435897435897434, 0.46153846153846156]
 mean: 0.5045500251382604, std: 0.041163270118240024
F1 Score: [0.4824961948249619, 0.45292454881495975, 0.5359894342945191, 0.49956709956709955, 0.5416394868449663, 0.4701298701298701, 0.5850043591979075, 0.5095081967213115, 0.45292454881495975, 0.5689617486338798, 0.49793695329262255, 0.44120216669578893, 0.519240379810095, 0.4593406593406594, 0.4484848484848485]
 mean: 0.49769003303123005, std: 0.04381060340365389
Accuracy Intime: [0.42857142857142855, 0.5357142857142857, 0.5714285714285714, 0.46153846153846156, 0.6153846153846154, 0.5714285714285714, 0.35714285714285715, 0.6428571428571429, 0.7307692307692307, 0.38461538461538464, 0.6071428571428571, 0.4642857142857143, 0.7142857142857143, 0.5, 0.4230769230769231]
 mean: 0.533882783882784, std: 0.11139386261537414
F1 (Intime): [0.4256410256410257, 0.5303225806451612, 0.5714285714285714, 0.43125, 0.6130952380952381, 0.5625, 0.35384615384615387, 0.6354166666666667, 0.7303703703703703, 0.38461538461538464, 0.6066411238825031, 0.44664031620553357, 0.7128205128205127, 0.4932533733133433, 0.4222222222222222]
 mean: 0.5280042359835125, std: 0.11340203894601603
--------------------------------------------------
Subject Number: 3
Accuracy Cross: [0.4264705882352941, 0.45588235294117646, 0.5294117647058824, 0.4852941176470588, 0.5735294117647058, 0.44285714285714284, 0.5285714285714286, 0.38571428571428573, 0.5285714285714286, 0.38571428571428573, 0.5822784810126582, 0.4810126582278481, 0.4936708860759494, 0.5822784810126582, 0.4430379746835443]
 mean: 0.4882863525156898, std: 0.06323914483217989
F1 Score: [0.4233529028049576, 0.45482123510292527, 0.48484848484848486, 0.4797814207650273, 0.5712111328549685, 0.44, 0.4990240728692258, 0.3845839296667348, 0.5277039460233082, 0.3637708729655464, 0.5644110275689223, 0.4687551254715434, 0.48366013071895425, 0.5644110275689223, 0.44079794079794077]
 mean: 0.4767422166684974, std: 0.060445457230853046
Accuracy Intime: [0.5714285714285714, 0.32142857142857145, 0.42857142857142855, 0.4642857142857143, 0.6428571428571429, 0.5714285714285714, 0.5, 0.35714285714285715, 0.6153846153846154, 0.7307692307692307, 0.5714285714285714, 0.5714285714285714, 0.5, 0.5384615384615384, 0.5769230769230769]
 mean: 0.5307692307692308, std: 0.10303821605852033
F1 (Intime): [0.5714285714285714, 0.3135483870967742, 0.40106951871657753, 0.42857142857142855, 0.625668449197861, 0.5692307692307692, 0.48958333333333337, 0.35384615384615387, 0.6153846153846154, 0.7204301075268817, 0.5087719298245614, 0.5692307692307692, 0.49743589743589745, 0.5272727272727272, 0.5762962962962963]
 mean: 0.5178512636262146, std: 0.10499994056392516
--------------------------------------------------
Subject Number: 4
Accuracy Cross: [0.463768115942029, 0.4927536231884058, 0.42028985507246375, 0.5217391304347826, 0.5217391304347826, 0.37681159420289856, 0.4782608695652174, 0.5072463768115942, 0.37681159420289856, 0.5507246376811594, 0.5512820512820513, 0.5512820512820513, 0.3974358974358974, 0.5256410256410257, 0.5]
 mean: 0.48238573021181713, std: 0.05994198243068563
F1 Score: [0.45646157121566955, 0.4818708431667024, 0.4142614601018676, 0.5213369770863989, 0.5180952380952382, 0.36832020438577817, 0.4646551724137931, 0.5021222410865874, 0.3634413216048058, 0.5473015873015873, 0.5085508550855086, 0.5476387738193869, 0.3893053473263368, 0.5160154284755996, 0.49594034797017394]
 mean: 0.47302115794236227, std: 0.05988215463471412
Accuracy Intime: [0.6071428571428571, 0.5714285714285714, 0.4642857142857143, 0.42857142857142855, 0.5769230769230769, 0.35714285714285715, 0.42857142857142855, 0.6071428571428571, 0.39285714285714285, 0.7307692307692307, 0.6785714285714286, 0.5, 0.42857142857142855, 0.5714285714285714, 0.5384615384615384]
 mean: 0.5254578754578755, std: 0.10470585605870676
F1 (Intime): [0.6066411238825031, 0.5625, 0.44664031620553357, 0.42857142857142855, 0.5606758832565284, 0.35384615384615387, 0.37777777777777777, 0.5942028985507246, 0.39208173690932313, 0.7204301075268817, 0.5902439024390245, 0.5, 0.40106951871657753, 0.5625, 0.5384615384615384]
 mean: 0.509042825742933, std: 0.10145895018035664
--------------------------------------------------
Subject Number: 5
Accuracy Cross: [0.5441176470588235, 0.4852941176470588, 0.5588235294117647, 0.4264705882352941, 0.4852941176470588, 0.6, 0.6142857142857143, 0.5, 0.5, 0.4857142857142857, 0.5507246376811594, 0.4782608695652174, 0.42028985507246375, 0.5072463768115942, 0.463768115942029]
 mean: 0.5080193236714976, std: 0.054351254413190185
F1 Score: [0.5318676437930269, 0.48429035752979416, 0.5170454545454546, 0.4233529028049576, 0.48429035752979416, 0.5561594202898551, 0.5836087243886319, 0.4686618954673607, 0.48213908264637495, 0.4852941176470588, 0.5251942286348501, 0.47550675675675674, 0.4201680672268907, 0.5063131313131313, 0.4633172167332352]
 mean: 0.4938139571538116, std: 0.04301580317324101
Accuracy Intime: [0.75, 0.42857142857142855, 0.6428571428571429, 0.42857142857142855, 0.3076923076923077, 0.8214285714285714, 0.6071428571428571, 0.5, 0.5, 0.5, 0.5357142857142857, 0.39285714285714285, 0.5357142857142857, 0.5384615384615384, 0.6153846153846154]
 mean: 0.5402930402930403, std: 0.12893434685874036
F1 (Intime): [0.7470967741935484, 0.42857142857142855, 0.5625, 0.4256410256410257, 0.3035714285714286, 0.8155467720685112, 0.6066411238825031, 0.48958333333333337, 0.4609250398724083, 0.49925925925925924, 0.5047619047619047, 0.3858064516129032, 0.5351213282247764, 0.5357142857142857, 0.606060606060606]
 mean: 0.5271200507845282, std: 0.12715995311957262
--------------------------------------------------
Subject Number: 6
Accuracy Cross: [0.5970149253731343, 0.43283582089552236, 0.5671641791044776, 0.5373134328358209, 0.5373134328358209, 0.5652173913043478, 0.5652173913043478, 0.4927536231884058, 0.6376811594202898, 0.4782608695652174, 0.4492753623188406, 0.5217391304347826, 0.463768115942029, 0.43478260869565216, 0.37681159420289856]
 mean: 0.5104766024947726, std: 0.0689671339196034
F1 Score: [0.5836593785960874, 0.4296594982078853, 0.552819332566168, 0.5356583948133244, 0.5356583948133244, 0.5643939393939394, 0.5629222972972974, 0.4858420268256334, 0.6299077451190731, 0.4772727272727273, 0.4491596638655462, 0.5201264488935722, 0.45226346277622825, 0.42265608238575414, 0.37628757620348957]
 mean: 0.5052191312686701, std: 0.06788482520086403
Accuracy Intime: [0.5357142857142857, 0.35714285714285715, 0.5714285714285714, 0.39285714285714285, 0.5769230769230769, 0.5, 0.5357142857142857, 0.5, 0.34615384615384615, 0.6153846153846154, 0.5357142857142857, 0.5357142857142857, 0.46153846153846156, 0.5769230769230769, 0.4230769230769231]
 mean: 0.49761904761904757, std: 0.08091963934363841
F1 (Intime): [0.5351213282247764, 0.35384615384615387, 0.5625, 0.39208173690932313, 0.5762962962962963, 0.48958333333333337, 0.5351213282247764, 0.49925925925925924, 0.3373313343328336, 0.6130952380952381, 0.5351213282247764, 0.5351213282247764, 0.43125, 0.5712143928035982, 0.4152923538230885]
 mean: 0.492149027439882, std: 0.08289682671444037
--------------------------------------------------
Subject Number: 7
Accuracy Cross: [0.5294117647058824, 0.5147058823529411, 0.4411764705882353, 0.5147058823529411, 0.6176470588235294, 0.5588235294117647, 0.4117647058823529, 0.4852941176470588, 0.5147058823529411, 0.4852941176470588, 0.6231884057971014, 0.5942028985507246, 0.5217391304347826, 0.6086956521739131, 0.5362318840579711]
 mean: 0.5305058255186131, std: 0.06010194237590355
F1 Score: [0.5277777777777778, 0.513759479956663, 0.43333333333333335, 0.5146009085009734, 0.6146469049694856, 0.5526315789473684, 0.40350877192982454, 0.48429035752979416, 0.5120678408349641, 0.4657687991021324, 0.6192699490662139, 0.5934343434343434, 0.5213369770863989, 0.6057142857142856, 0.5361344537815126]
 mean: 0.5265517174643382, std: 0.0620344959434735
Accuracy Intime: [0.5, 0.4642857142857143, 0.6428571428571429, 0.5, 0.6538461538461539, 0.5357142857142857, 0.39285714285714285, 0.39285714285714285, 0.6153846153846154, 0.5, 0.5, 0.5357142857142857, 0.4642857142857143, 0.5, 0.4230769230769231]
 mean: 0.508058608058608, std: 0.07762932374710464
F1 (Intime): [0.49743589743589745, 0.46360153256704983, 0.625668449197861, 0.49925925925925924, 0.6533333333333333, 0.5303225806451612, 0.3728590250329381, 0.3858064516129032, 0.6153846153846154, 0.4932533733133433, 0.47593582887700536, 0.5303225806451612, 0.45806451612903226, 0.4807987711213518, 0.4152923538230885]
 mean: 0.4998225712252001, std: 0.07954870611272023
--------------------------------------------------
Subject Number: 8
Accuracy Cross: [0.5857142857142857, 0.45714285714285713, 0.5, 0.5285714285714286, 0.4857142857142857, 0.463768115942029, 0.5797101449275363, 0.5217391304347826, 0.4782608695652174, 0.42028985507246375, 0.6470588235294118, 0.5147058823529411, 0.5, 0.5294117647058824, 0.5294117647058824]
 mean: 0.516099947225267, std: 0.054683309396266956
F1 Score: [0.5815295815295816, 0.4499586435070306, 0.4686618954673607, 0.5277039460233082, 0.4852941176470588, 0.463768115942029, 0.5782929399367756, 0.5217391304347826, 0.45238095238095233, 0.3828264758497316, 0.6392572944297081, 0.5146009085009734, 0.49607672188317353, 0.5290043290043289, 0.5228070175438597]
 mean: 0.5075934713387104, std: 0.060633908156463016
Accuracy Intime: [0.5, 0.6071428571428571, 0.6785714285714286, 0.5, 0.6538461538461539, 0.5714285714285714, 0.75, 0.5357142857142857, 0.6538461538461539, 0.5, 0.5357142857142857, 0.6785714285714286, 0.5, 0.5357142857142857, 0.5]
 mean: 0.5800366300366301, std: 0.08080141061540565
F1 (Intime): [0.49743589743589745, 0.5809523809523809, 0.6679841897233202, 0.49925925925925924, 0.6491754122938531, 0.5692307692307692, 0.7333333333333334, 0.5303225806451612, 0.6533333333333333, 0.4932533733133433, 0.5204216073781291, 0.6748387096774193, 0.49743589743589745, 0.5351213282247764, 0.4807987711213518]
 mean: 0.5721931228905484, std: 0.07965028346092361
--------------------------------------------------
Subject Number: 9
Accuracy Cross: [0.5522388059701493, 0.47761194029850745, 0.5522388059701493, 0.4626865671641791, 0.44776119402985076, 0.6029411764705882, 0.5882352941176471, 0.4852941176470588, 0.4852941176470588, 0.5294117647058824, 0.5285714285714286, 0.5428571428571428, 0.5714285714285714, 0.44285714285714284, 0.4857142857142857]
 mean: 0.5170094903633095, std: 0.04942656181327671
F1 Score: [0.5521390374331551, 0.47005649717514125, 0.4302721088435374, 0.45675675675675675, 0.42254833449802, 0.5986885245901639, 0.5850043591979075, 0.48429035752979416, 0.4657687991021324, 0.5277777777777778, 0.5284751990202081, 0.5290159798149705, 0.571078431372549, 0.4427434170238824, 0.47500000000000003]
 mean: 0.5026410386757331, std: 0.055380349294330056
Accuracy Intime: [0.4642857142857143, 0.6071428571428571, 0.6428571428571429, 0.6153846153846154, 0.5, 0.4642857142857143, 0.4642857142857143, 0.5, 0.6538461538461539, 0.5384615384615384, 0.5, 0.4642857142857143, 0.6153846153846154, 0.6153846153846154, 0.5769230769230769]
 mean: 0.5481684981684982, std: 0.06985348945757898
F1 (Intime): [0.45806451612903226, 0.6066411238825031, 0.5625, 0.606060606060606, 0.4319327731092437, 0.44664031620553357, 0.44664031620553357, 0.4807987711213518, 0.6533333333333333, 0.5272727272727272, 0.48958333333333337, 0.46360153256704983, 0.6130952380952381, 0.6153846153846154, 0.5606758832565284]
 mean: 0.5308150057304419, std: 0.07312676991286642
--------------------------------------------------
Subject Number: 10
Accuracy Cross: [0.3880597014925373, 0.4925373134328358, 0.6119402985074627, 0.417910447761194, 0.3880597014925373, 0.5882352941176471, 0.4411764705882353, 0.4852941176470588, 0.5294117647058824, 0.5441176470588235, 0.4383561643835616, 0.4931506849315068, 0.5068493150684932, 0.5616438356164384, 0.5205479452054794]
 mean: 0.49381938013397964, std: 0.06643422926215202
F1 Score: [0.3677790563866513, 0.4915178571428571, 0.6011904761904762, 0.41582830315224684, 0.3880597014925373, 0.575, 0.4164408310749774, 0.48518278174345664, 0.5257192676547515, 0.5440190352584902, 0.4383561643835616, 0.47379699980518214, 0.4992378048780488, 0.5615615615615616, 0.5172869828074815]
 mean: 0.4867317882354853, std: 0.06771031807464799
Accuracy Intime: [0.35714285714285715, 0.5357142857142857, 0.42857142857142855, 0.4230769230769231, 0.46153846153846156, 0.5357142857142857, 0.7142857142857143, 0.4230769230769231, 0.5384615384615384, 0.5769230769230769, 0.6071428571428571, 0.5, 0.46153846153846156, 0.38461538461538464, 0.6153846153846154]
 mean: 0.5042124542124543, std: 0.09451969112780197
F1 (Intime): [0.3, 0.5303225806451612, 0.42857142857142855, 0.4152923538230885, 0.46153846153846156, 0.4822190611664296, 0.7005347593582887, 0.4222222222222222, 0.5384615384615384, 0.5762962962962963, 0.5942028985507246, 0.47593582887700536, 0.45833333333333337, 0.38461538461538464, 0.6130952380952381]
 mean: 0.4921094257036401, std: 0.0982907016293181
--------------------------------------------------
Subject Number: 11
Accuracy Cross: [0.5882352941176471, 0.5, 0.5294117647058824, 0.5441176470588235, 0.5735294117647058, 0.5652173913043478, 0.5362318840579711, 0.5217391304347826, 0.42028985507246375, 0.5072463768115942, 0.41333333333333333, 0.48, 0.5733333333333334, 0.5066666666666667, 0.4533333333333333]
 mean: 0.5141790281329922, std: 0.052245422932565976
F1 Score: [0.5641025641025641, 0.47786811201445345, 0.5277777777777778, 0.543228602383532, 0.5726977248104008, 0.5492160278745645, 0.5353535353535354, 0.5180952380952382, 0.41025641025641024, 0.5063131313131313, 0.40476190476190477, 0.4785166696380817, 0.5726495726495726, 0.4831439746693984, 0.4533333333333333]
 mean: 0.50648763860226, std: 0.05244545143172256
Accuracy Intime: [0.6428571428571429, 0.5, 0.5714285714285714, 0.5, 0.6153846153846154, 0.5714285714285714, 0.6071428571428571, 0.5, 0.34615384615384615, 0.6538461538461539, 0.4642857142857143, 0.4642857142857143, 0.5, 0.5769230769230769, 0.5769230769230769]
 mean: 0.5393772893772895, std: 0.07910731127732214
F1 (Intime): [0.6354166666666667, 0.48958333333333337, 0.5714285714285714, 0.49743589743589745, 0.6153846153846154, 0.5087719298245614, 0.5942028985507246, 0.47593582887700536, 0.34518518518518515, 0.6533333333333333, 0.44664031620553357, 0.45806451612903226, 0.49743589743589745, 0.5606758832565284, 0.5762962962962963]
 mean: 0.5283860779562121, std: 0.07996079132264017
--------------------------------------------------
Subject Number: 12
Accuracy Cross: [0.6417910447761194, 0.4626865671641791, 0.47761194029850745, 0.417910447761194, 0.4925373134328358, 0.5362318840579711, 0.5217391304347826, 0.43478260869565216, 0.5072463768115942, 0.5362318840579711, 0.4117647058823529, 0.5588235294117647, 0.5294117647058824, 0.45588235294117646, 0.5294117647058824]
 mean: 0.5009375543425244, std: 0.05836978161816539
F1 Score: [0.6352087114337568, 0.4616071428571429, 0.4369747899159664, 0.417910447761194, 0.4915178571428571, 0.5314091680814941, 0.5152224824355972, 0.4343073365566533, 0.5046452702702703, 0.5314091680814941, 0.4097222222222222, 0.5490716180371353, 0.5228070175438597, 0.45292454881495975, 0.5228070175438597]
 mean: 0.4945029865798976, std: 0.05798930217218994
Accuracy Intime: [0.6785714285714286, 0.6071428571428571, 0.5357142857142857, 0.7307692307692307, 0.46153846153846156, 0.6785714285714286, 0.6785714285714286, 0.4230769230769231, 0.38461538461538464, 0.6153846153846154, 0.5, 0.6785714285714286, 0.6153846153846154, 0.3076923076923077, 0.5769230769230769]
 mean: 0.5648351648351648, std: 0.12131041937148672
F1 (Intime): [0.6748387096774193, 0.6066411238825031, 0.4509803921568627, 0.7204301075268817, 0.45833333333333337, 0.6679841897233202, 0.6679841897233202, 0.4222222222222222, 0.38095238095238093, 0.6153846153846154, 0.5, 0.6748387096774193, 0.6130952380952381, 0.3035714285714286, 0.5606758832565284]
 mean: 0.5545288349455649, std: 0.12265562060979861
--------------------------------------------------
Subject Number: 13
Accuracy Cross: [0.40298507462686567, 0.373134328358209, 0.44776119402985076, 0.417910447761194, 0.4626865671641791, 0.4, 0.5428571428571428, 0.5, 0.6, 0.5428571428571428, 0.6086956521739131, 0.5797101449275363, 0.2753623188405797, 0.4492753623188406, 0.6521739130434783]
 mean: 0.48369395259726217, std: 0.10013732711727663
F1 Score: [0.4017857142857143, 0.371875, 0.42254833449802, 0.4173913043478261, 0.4616071428571429, 0.3466666666666667, 0.542483660130719, 0.49743589743589745, 0.5916666666666667, 0.5428571428571428, 0.5864594894561599, 0.5765079365079364, 0.273989898989899, 0.4349137931034483, 0.6349206349206349]
 mean: 0.4735406188482583, std: 0.1007533861823216
Accuracy Intime: [0.39285714285714285, 0.39285714285714285, 0.4642857142857143, 0.5, 0.5769230769230769, 0.5, 0.6428571428571429, 0.6153846153846154, 0.4230769230769231, 0.4230769230769231, 0.42857142857142855, 0.75, 0.38461538461538464, 0.38461538461538464, 0.38461538461538464]
 mean: 0.48424908424908436, std: 0.10940123244706776
F1 (Intime): [0.35238095238095235, 0.3858064516129032, 0.45806451612903226, 0.49743589743589745, 0.5762962962962963, 0.4269005847953216, 0.641025641025641, 0.6153846153846154, 0.4222222222222222, 0.4222222222222222, 0.41666666666666663, 0.7417654808959157, 0.38461538461538464, 0.38095238095238093, 0.35]
 mean: 0.4714492875090302, std: 0.11437241925983087
--------------------------------------------------
Subject Number: 14
Accuracy Cross: [0.36764705882352944, 0.5294117647058824, 0.5735294117647058, 0.4411764705882353, 0.47058823529411764, 0.5441176470588235, 0.5294117647058824, 0.5882352941176471, 0.5882352941176471, 0.45588235294117646, 0.43478260869565216, 0.5652173913043478, 0.5217391304347826, 0.463768115942029, 0.5507246376811594]
 mean: 0.5082978118783745, std: 0.0633903492572203
F1 Score: [0.3563724411182038, 0.5228070175438597, 0.5517162991588997, 0.43679163034001744, 0.4631578947368421, 0.5318676437930269, 0.5190097259062776, 0.5868055555555556, 0.5824561403508772, 0.4461809377063614, 0.4171539961013645, 0.5606960950764006, 0.5114782235571765, 0.463768115942029, 0.5492096944151739]
 mean: 0.49996476075347107, std: 0.06439328547390083
Accuracy Intime: [0.39285714285714285, 0.4642857142857143, 0.6071428571428571, 0.5769230769230769, 0.7307692307692307, 0.6428571428571429, 0.6785714285714286, 0.5714285714285714, 0.5384615384615384, 0.5769230769230769, 0.6071428571428571, 0.6428571428571429, 0.5, 0.34615384615384615, 0.6923076923076923]
 mean: 0.5712454212454212, std: 0.10475389964036187
F1 (Intime): [0.3858064516129032, 0.45806451612903226, 0.6066411238825031, 0.5762962962962963, 0.7097288676236044, 0.625668449197861, 0.6415362731152205, 0.5625, 0.5384615384615384, 0.5712143928035982, 0.5809523809523809, 0.625668449197861, 0.49743589743589745, 0.3210445468509985, 0.6848484848484848]
 mean: 0.5590578445605454, std: 0.10279089194064962
--------------------------------------------------
Subject Number: 15
Accuracy Cross: [0.4492753623188406, 0.5652173913043478, 0.4057971014492754, 0.5217391304347826, 0.5362318840579711, 0.4264705882352941, 0.5294117647058824, 0.6029411764705882, 0.4411764705882353, 0.4411764705882353, 0.5, 0.39705882352941174, 0.5882352941176471, 0.4852941176470588, 0.4852941176470588]
 mean: 0.491687979539642, std: 0.06274460575625113
F1 Score: [0.4482323232323232, 0.5576923076923077, 0.39770065999574195, 0.5213369770863989, 0.5314091680814941, 0.4047138047138047, 0.5190097259062776, 0.5878787878787879, 0.43333333333333335, 0.4392361111111111, 0.49607672188317353, 0.39060109289617484, 0.5882352941176471, 0.4714634687985787, 0.48429035752979416]
 mean: 0.4847473422837965, std: 0.0635378679169881
Accuracy Intime: [0.6785714285714286, 0.6428571428571429, 0.5, 0.5, 0.4230769230769231, 0.35714285714285715, 0.42857142857142855, 0.5357142857142857, 0.5769230769230769, 0.5769230769230769, 0.6428571428571429, 0.6071428571428571, 0.4642857142857143, 0.4230769230769231, 0.4230769230769231]
 mean: 0.5186813186813187, std: 0.09542739710050321
F1 (Intime): [0.6781609195402298, 0.641025641025641, 0.49743589743589745, 0.49925925925925924, 0.4222222222222222, 0.35384615384615387, 0.41666666666666663, 0.5204216073781291, 0.5712143928035982, 0.5762962962962963, 0.6428571428571429, 0.6066411238825031, 0.46360153256704983, 0.4222222222222222, 0.4222222222222222]
 mean: 0.5156062200150157, std: 0.09621222840028773
--------------------------------------------------
Subject Number: 16
Accuracy Cross: [0.3880597014925373, 0.4626865671641791, 0.4626865671641791, 0.40298507462686567, 0.47761194029850745, 0.5373134328358209, 0.44776119402985076, 0.5970149253731343, 0.6268656716417911, 0.5223880597014925, 0.5373134328358209, 0.5522388059701493, 0.6268656716417911, 0.44776119402985076, 0.44776119402985076]
 mean: 0.5024875621890548, std: 0.0734568311454398
F1 Score: [0.3875139353400223, 0.4616071428571429, 0.4616071428571429, 0.3963963963963964, 0.4771460423634337, 0.5267714741398952, 0.42254833449802, 0.5955734406438631, 0.6144994246260069, 0.5197132616487455, 0.5356583948133244, 0.5513392857142857, 0.6214689265536724, 0.4472686733556299, 0.4472686733556299]
 mean: 0.49775870327754745, std: 0.07319080612101221
Accuracy Intime: [0.5714285714285714, 0.6428571428571429, 0.7307692307692307, 0.5769230769230769, 0.46153846153846156, 0.35714285714285715, 0.7142857142857143, 0.38461538461538464, 0.46153846153846156, 0.46153846153846156, 0.5714285714285714, 0.5714285714285714, 0.46153846153846156, 0.6923076923076923, 0.6538461538461539]
 mean: 0.5542124542124542, std: 0.1146034373796117
F1 (Intime): [0.5692307692307692, 0.6354166666666667, 0.7303703703703703, 0.5762962962962963, 0.46153846153846156, 0.35384615384615387, 0.672514619883041, 0.38461538461538464, 0.40522875816993464, 0.45833333333333337, 0.5714285714285714, 0.5625, 0.4484848484848485, 0.6848484848484848, 0.6491754122938531]
 mean: 0.5442552087337446, std: 0.11470587318402274
--------------------------------------------------
Subject Number: 17
Accuracy Cross: [0.5147058823529411, 0.45588235294117646, 0.5735294117647058, 0.45588235294117646, 0.6176470588235294, 0.5507246376811594, 0.4492753623188406, 0.43478260869565216, 0.4782608695652174, 0.6666666666666666, 0.5, 0.5147058823529411, 0.4264705882352941, 0.5441176470588235, 0.4852941176470588]
 mean: 0.5111963626030123, std: 0.0667887934278355
F1 Score: [0.5060532687651331, 0.4557646549859399, 0.5689617486338798, 0.4461809377063614, 0.6176470588235294, 0.4763769889840881, 0.44636824324324326, 0.43478260869565216, 0.4646551724137931, 0.6595151255095473, 0.49607672188317353, 0.5095081967213115, 0.4110592938041306, 0.5392349726775956, 0.4589679472607411]
 mean: 0.499410196007208, std: 0.06787367985338096
Accuracy Intime: [0.5, 0.75, 0.4642857142857143, 0.5384615384615384, 0.46153846153846156, 0.5714285714285714, 0.4642857142857143, 0.4642857142857143, 0.4230769230769231, 0.46153846153846156, 0.6428571428571429, 0.5357142857142857, 0.5714285714285714, 0.5, 0.4230769230769231]
 mean: 0.5181318681318682, std: 0.08546149442258633
F1 (Intime): [0.49743589743589745, 0.7470967741935484, 0.45806451612903226, 0.5357142857142857, 0.45833333333333337, 0.5508021390374331, 0.45806451612903226, 0.45806451612903226, 0.4222222222222222, 0.40522875816993464, 0.6354166666666667, 0.5351213282247764, 0.5714285714285714, 0.49925925925925924, 0.4152923538230885]
 mean: 0.5098363425264075, std: 0.08845354567163584
--------------------------------------------------
Subject Number: 18
Accuracy Cross: [0.6376811594202898, 0.5072463768115942, 0.5797101449275363, 0.43478260869565216, 0.4782608695652174, 0.5147058823529411, 0.47058823529411764, 0.5, 0.5735294117647058, 0.5294117647058824, 0.6142857142857143, 0.42857142857142855, 0.4857142857142857, 0.45714285714285713, 0.4142857142857143]
 mean: 0.5083944302358625, std: 0.06528664052267102
F1 Score: [0.6327443048754524, 0.5071428571428571, 0.5666016894087069, 0.4328767123287671, 0.47815126050420165, 0.48988406456012734, 0.4701298701298701, 0.4839285714285714, 0.5689617486338798, 0.5277777777777778, 0.6078024486407968, 0.42810457516339867, 0.47500000000000003, 0.4458333333333333, 0.4083694083694084]
 mean: 0.5015539081531433, std: 0.064591138766608
Accuracy Intime: [0.2857142857142857, 0.35714285714285715, 0.5357142857142857, 0.5, 0.15384615384615385, 0.4642857142857143, 0.6428571428571429, 0.6071428571428571, 0.6428571428571429, 0.4230769230769231, 0.7142857142857143, 0.4642857142857143, 0.5714285714285714, 0.3076923076923077, 0.5]
 mean: 0.47802197802197804, std: 0.14808686178393862
F1 (Intime): [0.2708333333333333, 0.3262032085561497, 0.5351213282247764, 0.49925925925925924, 0.13333333333333333, 0.45806451612903226, 0.5906432748538011, 0.6025806451612903, 0.641025641025641, 0.4152923538230885, 0.7005347593582887, 0.44664031620553357, 0.5625, 0.3035714285714286, 0.4807987711213518]
 mean: 0.4644268112637538, std: 0.14897453257392226
--------------------------------------------------
Subject Number: 19
Accuracy Cross: [0.47761194029850745, 0.47761194029850745, 0.40298507462686567, 0.4626865671641791, 0.5074626865671642, 0.5735294117647058, 0.4117647058823529, 0.5294117647058824, 0.4852941176470588, 0.47058823529411764, 0.5735294117647058, 0.4852941176470588, 0.35294117647058826, 0.45588235294117646, 0.5882352941176471]
 mean: 0.48365525314603447, std: 0.06323208365862465
F1 Score: [0.46029919447640966, 0.47761194029850745, 0.3714821763602252, 0.45967741935483875, 0.5034807994610375, 0.5285680133875209, 0.3857271906052394, 0.5257192676547515, 0.48518278174345664, 0.4535714285714286, 0.5184371184371185, 0.48518278174345664, 0.35294117647058826, 0.4557646549859399, 0.579133510167993]
 mean: 0.46951863024790075, std: 0.05978362677309671
Accuracy Intime: [0.5714285714285714, 0.5714285714285714, 0.4642857142857143, 0.5384615384615384, 0.5769230769230769, 0.6071428571428571, 0.5714285714285714, 0.5384615384615384, 0.5384615384615384, 0.34615384615384615, 0.5714285714285714, 0.7142857142857143, 0.46153846153846156, 0.4230769230769231, 0.6538461538461539]
 mean: 0.5432234432234432, std: 0.0879948481022829
F1 (Intime): [0.5692307692307692, 0.5692307692307692, 0.45806451612903226, 0.5357142857142857, 0.5606758832565284, 0.5942028985507246, 0.5625, 0.5357142857142857, 0.5384615384615384, 0.34518518518518515, 0.5087719298245614, 0.6888888888888889, 0.46153846153846156, 0.4222222222222222, 0.6405529953917051]
 mean: 0.5327303086225972, std: 0.08277479467186569
--------------------------------------------------
Subject Number: 20
Accuracy Cross: [0.4925373134328358, 0.4925373134328358, 0.5522388059701493, 0.582089552238806, 0.417910447761194, 0.5671641791044776, 0.5373134328358209, 0.5373134328358209, 0.6268656716417911, 0.44776119402985076, 0.5507246376811594, 0.4492753623188406, 0.4782608695652174, 0.4057971014492754, 0.5362318840579711]
 mean: 0.5116014132237364, std: 0.061222914883866095
F1 Score: [0.4481589147286822, 0.47847985347985345, 0.5347222222222222, 0.5705128205128205, 0.41582830315224684, 0.524822695035461, 0.5267714741398952, 0.5373134328358209, 0.6214689265536724, 0.44578582606751616, 0.5492096944151739, 0.4482323232323232, 0.4590592334494774, 0.4057971014492754, 0.5337837837837838]
 mean: 0.4999964403372149, std: 0.059791520977015726
Accuracy Intime: [0.6428571428571429, 0.5714285714285714, 0.34615384615384615, 0.5769230769230769, 0.5769230769230769, 0.5714285714285714, 0.6785714285714286, 0.5769230769230769, 0.38461538461538464, 0.38461538461538464, 0.6071428571428571, 0.39285714285714285, 0.46153846153846156, 0.46153846153846156, 0.5]
 mean: 0.5155677655677656, std: 0.10093884979254819
F1 (Intime): [0.5906432748538011, 0.5625, 0.3373313343328336, 0.5762962962962963, 0.5762962962962963, 0.5508021390374331, 0.6781609195402298, 0.5762962962962963, 0.38095238095238093, 0.3696969696969697, 0.6025806451612903, 0.3728590250329381, 0.43125, 0.46153846153846156, 0.4609250398724083]
 mean: 0.5018752719271757, std: 0.10194373611493852
--------------------------------------------------
Subject Number: 21
Accuracy Cross: [0.5285714285714286, 0.5, 0.44285714285714284, 0.5142857142857142, 0.6142857142857143, 0.38235294117647056, 0.5, 0.4117647058823529, 0.6470588235294118, 0.4264705882352941, 0.5507246376811594, 0.5217391304347826, 0.43478260869565216, 0.463768115942029, 0.5942028985507246]
 mean: 0.5021909633418585, std: 0.074574314535431
F1 Score: [0.5277039460233082, 0.4990799427519934, 0.44, 0.5138888888888888, 0.614206981016534, 0.37750653879686136, 0.5, 0.4112554112554112, 0.6442894507410637, 0.4110592938041306, 0.5251942286348501, 0.5201264488935722, 0.4270811156057058, 0.4619599578503688, 0.5836206896551724]
 mean: 0.4971315262611907, std: 0.0747830930023659
Accuracy Intime: [0.5357142857142857, 0.35714285714285715, 0.6785714285714286, 0.38461538461538464, 0.38461538461538464, 0.5, 0.39285714285714285, 0.5357142857142857, 0.4642857142857143, 0.4230769230769231, 0.6428571428571429, 0.4642857142857143, 0.5714285714285714, 0.5, 0.38461538461538464]
 mean: 0.4813186813186814, std: 0.09487214844291816
F1 (Intime): [0.5303225806451612, 0.34375, 0.6748387096774193, 0.3696969696969697, 0.38095238095238093, 0.48958333333333337, 0.3728590250329381, 0.5351213282247764, 0.45806451612903226, 0.4152923538230885, 0.625668449197861, 0.46360153256704983, 0.5692307692307692, 0.4932533733133433, 0.3696969696969697]
 mean: 0.47279548610140615, std: 0.0970661435602172
--------------------------------------------------
Subject Number: 22
Accuracy Cross: [0.5882352941176471, 0.5294117647058824, 0.4264705882352941, 0.5441176470588235, 0.7058823529411765, 0.5142857142857142, 0.4, 0.45714285714285713, 0.4857142857142857, 0.5, 0.47297297297297297, 0.5540540540540541, 0.47297297297297297, 0.4189189189189189, 0.5540540540540541]
 mean: 0.5082822318116436, std: 0.07460371508673351
F1 Score: [0.5868055555555556, 0.5257192676547515, 0.4263465282284231, 0.5392349726775956, 0.6993810786914235, 0.5078577336641853, 0.39803439803439805, 0.45669934640522875, 0.4819078947368421, 0.4949494949494949, 0.4610644257703081, 0.5520088057237205, 0.46506024096385545, 0.41625389836727206, 0.553972602739726]
 mean: 0.5043530829441853, std: 0.07424469281184537
Accuracy Intime: [0.6428571428571429, 0.5357142857142857, 0.6071428571428571, 0.5357142857142857, 0.4642857142857143, 0.5714285714285714, 0.5, 0.6071428571428571, 0.5384615384615384, 0.46153846153846156, 0.4642857142857143, 0.6785714285714286, 0.5714285714285714, 0.5769230769230769, 0.5]
 mean: 0.5503663003663003, std: 0.0639716087786556
F1 (Intime): [0.641025641025641, 0.5351213282247764, 0.6025806451612903, 0.5303225806451612, 0.44664031620553357, 0.5714285714285714, 0.4555555555555556, 0.6066411238825031, 0.5272727272727272, 0.4484848484848485, 0.44664031620553357, 0.6571428571428571, 0.5508021390374331, 0.5712143928035982, 0.4609250398724083]
 mean: 0.5367865388632292, std: 0.07008572144206025
--------------------------------------------------
Subject Number: 23
Accuracy Cross: [0.6176470588235294, 0.5294117647058824, 0.5882352941176471, 0.5, 0.5735294117647058, 0.5970149253731343, 0.5373134328358209, 0.4925373134328358, 0.47761194029850745, 0.5223880597014925, 0.43478260869565216, 0.463768115942029, 0.5362318840579711, 0.4927536231884058, 0.5797101449275363]
 mean: 0.5295290385243434, std: 0.0516177078322176
F1 Score: [0.6176470588235294, 0.5257192676547515, 0.5296442687747036, 0.4929824561403509, 0.5734371620160069, 0.5911864406779661, 0.5356583948133244, 0.49242424242424243, 0.4757433489827856, 0.5214285714285714, 0.4270811156057058, 0.45646157121566955, 0.5282051282051282, 0.4709748083242059, 0.5797101449275363]
 mean: 0.5212202653342984, std: 0.05161703032802475
Accuracy Intime: [0.5714285714285714, 0.6071428571428571, 0.5769230769230769, 0.5384615384615384, 0.6538461538461539, 0.7142857142857143, 0.4642857142857143, 0.4642857142857143, 0.5769230769230769, 0.6153846153846154, 0.5357142857142857, 0.5714285714285714, 0.7692307692307693, 0.6538461538461539, 0.5769230769230769]
 mean: 0.5926739926739926, std: 0.07956900634535542
F1 (Intime): [0.5692307692307692, 0.5942028985507246, 0.519327731092437, 0.5125, 0.6533333333333333, 0.7005347593582887, 0.44664031620553357, 0.46360153256704983, 0.5712143928035982, 0.606060606060606, 0.5047619047619047, 0.5625, 0.7678571428571428, 0.6533333333333333, 0.5762962962962963]
 mean: 0.5800930010967346, std: 0.08453792915499986
--------------------------------------------------
Subject Number: 24
Accuracy Cross: [0.5671641791044776, 0.5970149253731343, 0.5522388059701493, 0.5074626865671642, 0.43283582089552236, 0.47058823529411764, 0.4852941176470588, 0.4117647058823529, 0.4411764705882353, 0.6029411764705882, 0.43478260869565216, 0.5217391304347826, 0.463768115942029, 0.5362318840579711, 0.5072463768115942]
 mean: 0.5021499493156553, std: 0.05858155690352089
F1 Score: [0.5671641791044776, 0.5955734406438631, 0.5034584980237153, 0.5057008718980549, 0.41064814814814815, 0.4588859416445623, 0.48518278174345664, 0.4112554112554112, 0.43679163034001744, 0.5878787878787879, 0.43047619047619046, 0.5213369770863989, 0.463768115942029, 0.5241379310344827, 0.5071428571428571]
 mean: 0.49396011749083013, std: 0.057657063598890224
Accuracy Intime: [0.5357142857142857, 0.5714285714285714, 0.4642857142857143, 0.38461538461538464, 0.46153846153846156, 0.4642857142857143, 0.5357142857142857, 0.5384615384615384, 0.5384615384615384, 0.6923076923076923, 0.5, 0.5, 0.5384615384615384, 0.34615384615384615, 0.4230769230769231]
 mean: 0.49963369963369964, std: 0.08000036898303453
F1 (Intime): [0.5303225806451612, 0.5692307692307692, 0.46360153256704983, 0.3696969696969697, 0.46153846153846156, 0.46360153256704983, 0.5351213282247764, 0.5384615384615384, 0.5272727272727272, 0.675, 0.49743589743589745, 0.49743589743589745, 0.5384615384615384, 0.3373313343328336, 0.4009216589861751]
 mean: 0.493695584457123, std: 0.08086024606601674
--------------------------------------------------
Subject Number: 25
Accuracy Cross: [0.4927536231884058, 0.5652173913043478, 0.5217391304347826, 0.5797101449275363, 0.463768115942029, 0.6176470588235294, 0.4852941176470588, 0.6176470588235294, 0.5735294117647058, 0.5882352941176471, 0.5555555555555556, 0.5, 0.375, 0.5138888888888888, 0.4027777777777778]
 mean: 0.5235175712797195, std: 0.07004530392073145
F1 Score: [0.49232709690981713, 0.5492160278745645, 0.486815415821501, 0.5666016894087069, 0.4619599578503688, 0.5814393939393939, 0.4824961948249619, 0.5729468599033817, 0.5726977248104008, 0.5824561403508772, 0.4763636363636364, 0.48035284683239776, 0.3739130434782609, 0.5061728395061729, 0.397078870496592]
 mean: 0.5055225158914023, std: 0.06319162903574023
Accuracy Intime: [0.4642857142857143, 0.35714285714285715, 0.6071428571428571, 0.34615384615384615, 0.38461538461538464, 0.5, 0.5, 0.6785714285714286, 0.39285714285714285, 0.6153846153846154, 0.6071428571428571, 0.35714285714285715, 0.6785714285714286, 0.5384615384615384, 0.4230769230769231]
 mean: 0.4967032967032967, std: 0.11484348954174978
F1 (Intime): [0.45806451612903226, 0.35384615384615387, 0.5809523809523809, 0.34518518518518515, 0.3696969696969697, 0.4555555555555556, 0.48958333333333337, 0.6199095022624435, 0.3728590250329381, 0.5751633986928104, 0.561877667140825, 0.35384615384615387, 0.6748387096774193, 0.5357142857142857, 0.4152923538230885]
 mean: 0.4774923460592383, std: 0.1050416233497508
--------------------------------------------------
Subject Number: 26
Accuracy Cross: [0.5072463768115942, 0.5942028985507246, 0.5942028985507246, 0.5652173913043478, 0.5362318840579711, 0.5428571428571428, 0.4714285714285714, 0.5428571428571428, 0.5428571428571428, 0.5857142857142857, 0.5441176470588235, 0.45588235294117646, 0.5882352941176471, 0.5147058823529411, 0.47058823529411764]
 mean: 0.5370896764502902, std: 0.04409479424257671
F1 Score: [0.5021222410865874, 0.5920608108108107, 0.5740740740740741, 0.5538793103448276, 0.5353535353535354, 0.5368072787427627, 0.47132067768932434, 0.5368072787427627, 0.5290159798149705, 0.5709152399069963, 0.5416394868449663, 0.45482123510292527, 0.579133510167993, 0.5016655562958028, 0.4631578947368421]
 mean: 0.529518273981012, std: 0.041512840262491246
Accuracy Intime: [0.6785714285714286, 0.39285714285714285, 0.5, 0.38461538461538464, 0.46153846153846156, 0.5714285714285714, 0.5357142857142857, 0.6071428571428571, 0.5, 0.5384615384615384, 0.6785714285714286, 0.5, 0.5357142857142857, 0.6071428571428571, 0.46153846153846156]
 mean: 0.5302197802197802, std: 0.08560385485118414
F1 (Intime): [0.6781609195402298, 0.39208173690932313, 0.4555555555555556, 0.35, 0.43125, 0.5625, 0.5047619047619047, 0.6066411238825031, 0.4932533733133433, 0.5357142857142857, 0.6679841897233202, 0.49743589743589745, 0.5351213282247764, 0.6066411238825031, 0.4484848484848485]
 mean: 0.5177057524952328, std: 0.09237399471711637
--------------------------------------------------
Subject Number: 27
Accuracy Cross: [0.5147058823529411, 0.45588235294117646, 0.5735294117647058, 0.45588235294117646, 0.6176470588235294, 0.5507246376811594, 0.4492753623188406, 0.43478260869565216, 0.4782608695652174, 0.6666666666666666, 0.5, 0.5147058823529411, 0.4264705882352941, 0.5441176470588235, 0.4852941176470588]
 mean: 0.5111963626030123, std: 0.0667887934278355
F1 Score: [0.5060532687651331, 0.4557646549859399, 0.5689617486338798, 0.4461809377063614, 0.6176470588235294, 0.4763769889840881, 0.44636824324324326, 0.43478260869565216, 0.4646551724137931, 0.6595151255095473, 0.49607672188317353, 0.5095081967213115, 0.4110592938041306, 0.5392349726775956, 0.4589679472607411]
 mean: 0.499410196007208, std: 0.06787367985338096
Accuracy Intime: [0.5, 0.75, 0.4642857142857143, 0.5384615384615384, 0.46153846153846156, 0.5714285714285714, 0.4642857142857143, 0.4642857142857143, 0.4230769230769231, 0.46153846153846156, 0.6428571428571429, 0.5357142857142857, 0.5714285714285714, 0.5, 0.4230769230769231]
 mean: 0.5181318681318682, std: 0.08546149442258633
F1 (Intime): [0.49743589743589745, 0.7470967741935484, 0.45806451612903226, 0.5357142857142857, 0.45833333333333337, 0.5508021390374331, 0.45806451612903226, 0.45806451612903226, 0.4222222222222222, 0.40522875816993464, 0.6354166666666667, 0.5351213282247764, 0.5714285714285714, 0.49925925925925924, 0.4152923538230885]
 mean: 0.5098363425264075, std: 0.08845354567163584
--------------------------------------------------
Subject Number: 28
Accuracy Cross: [0.582089552238806, 0.6716417910447762, 0.4925373134328358, 0.5373134328358209, 0.5373134328358209, 0.4852941176470588, 0.7058823529411765, 0.5147058823529411, 0.5147058823529411, 0.3382352941176471, 0.4583333333333333, 0.4444444444444444, 0.3611111111111111, 0.5, 0.4166666666666667]
 mean: 0.5040183071570252, std: 0.09628392886979517
F1 Score: [0.5797491039426523, 0.6709821428571429, 0.47268518518518515, 0.5356583948133244, 0.5369007803790413, 0.4714634687985787, 0.6886446886446886, 0.48988406456012734, 0.513759479956663, 0.3369447453954496, 0.4079696394686907, 0.4444444444444444, 0.36061776061776063, 0.49961389961389957, 0.41621621621621624]
 mean: 0.4950356009929244, std: 0.09657036555132148
Accuracy Intime: [0.39285714285714285, 0.32142857142857145, 0.42857142857142855, 0.34615384615384615, 0.5, 0.5, 0.5714285714285714, 0.5769230769230769, 0.23076923076923078, 0.6538461538461539, 0.6428571428571429, 0.5, 0.5769230769230769, 0.34615384615384615, 0.7692307692307693]
 mean: 0.49047619047619045, std: 0.14152260090567906
F1 (Intime): [0.3858064516129032, 0.3135483870967742, 0.41666666666666663, 0.3373313343328336, 0.49925925925925924, 0.4555555555555556, 0.5508021390374331, 0.5438596491228069, 0.22619047619047616, 0.6405529953917051, 0.6111111111111112, 0.47593582887700536, 0.5712143928035982, 0.34518518518518515, 0.75625]
 mean: 0.4752846288162208, std: 0.13684109808982056
--------------------------------------------------
Subject Number: 29
Accuracy Cross: [0.4626865671641791, 0.5074626865671642, 0.4925373134328358, 0.4925373134328358, 0.4925373134328358, 0.5882352941176471, 0.47058823529411764, 0.6029411764705882, 0.5, 0.5294117647058824, 0.5857142857142857, 0.44285714285714284, 0.4714285714285714, 0.4857142857142857, 0.4857142857142857]
 mean: 0.5073577490697772, std: 0.04672772439274679
F1 Score: [0.46256684491978606, 0.5034807994610375, 0.47847985347985345, 0.4896953405017921, 0.47268518518518515, 0.5400966183574879, 0.47058823529411764, 0.6028552887735237, 0.49956709956709955, 0.5018315018315018, 0.5835897435897436, 0.4229549778059607, 0.47132067768932434, 0.4642857142857143, 0.4852941176470588]
 mean: 0.49661946655927913, std: 0.04535073620465838
Accuracy Intime: [0.5, 0.32142857142857145, 0.4642857142857143, 0.6538461538461539, 0.6153846153846154, 0.6785714285714286, 0.2857142857142857, 0.5769230769230769, 0.5384615384615384, 0.5384615384615384, 0.5, 0.42857142857142855, 0.6153846153846154, 0.38461538461538464, 0.6538461538461539]
 mean: 0.5170329670329671, std: 0.11772098233707325
F1 (Intime): [0.5, 0.3135483870967742, 0.45806451612903226, 0.6533333333333333, 0.606060606060606, 0.6415362731152205, 0.2708333333333333, 0.5762962962962963, 0.5357142857142857, 0.5272727272727272, 0.48958333333333337, 0.41666666666666663, 0.606060606060606, 0.3202614379084967, 0.6267942583732058]
 mean: 0.5028017373795944, std: 0.12062057830390459
--------------------------------------------------
**************************************************
accuracy_cross_list: [0.4901023812788518, 0.5045500251382604, 0.4882863525156898, 0.48238573021181713, 0.5080193236714976, 0.5104766024947726, 0.5305058255186131, 0.516099947225267, 0.5170094903633095, 0.49381938013397964, 0.5141790281329922, 0.5009375543425244, 0.48369395259726217, 0.5082978118783745, 0.491687979539642, 0.5024875621890548, 0.5111963626030123, 0.5083944302358625, 0.48365525314603447, 0.5116014132237364, 0.5021909633418585, 0.5082822318116436, 0.5295290385243434, 0.5021499493156553, 0.5235175712797195, 0.5370896764502902, 0.5111963626030123, 0.5040183071570252, 0.5073577490697772]
f1_score_list: [0.4755664336456389, 0.49769003303123005, 0.4767422166684974, 0.47302115794236227, 0.4938139571538116, 0.5052191312686701, 0.5265517174643382, 0.5075934713387104, 0.5026410386757331, 0.4867317882354853, 0.50648763860226, 0.4945029865798976, 0.4735406188482583, 0.49996476075347107, 0.4847473422837965, 0.49775870327754745, 0.499410196007208, 0.5015539081531433, 0.46951863024790075, 0.4999964403372149, 0.4971315262611907, 0.5043530829441853, 0.5212202653342984, 0.49396011749083013, 0.5055225158914023, 0.529518273981012, 0.499410196007208, 0.4950356009929244, 0.49661946655927913]
accuracy_intime_list: [0.5575351037851038, 0.533882783882784, 0.5307692307692308, 0.5254578754578755, 0.5402930402930403, 0.49761904761904757, 0.508058608058608, 0.5800366300366301, 0.5481684981684982, 0.5042124542124543, 0.5393772893772895, 0.5648351648351648, 0.48424908424908436, 0.5712454212454212, 0.5186813186813187, 0.5542124542124542, 0.5181318681318682, 0.47802197802197804, 0.5432234432234432, 0.5155677655677656, 0.4813186813186814, 0.5503663003663003, 0.5926739926739926, 0.49963369963369964, 0.4967032967032967, 0.5302197802197802, 0.5181318681318682, 0.49047619047619045, 0.5170329670329671]
f1_score_intime_list: [0.5471576165702373, 0.5280042359835125, 0.5178512636262146, 0.509042825742933, 0.5271200507845282, 0.492149027439882, 0.4998225712252001, 0.5721931228905484, 0.5308150057304419, 0.4921094257036401, 0.5283860779562121, 0.5545288349455649, 0.4714492875090302, 0.5590578445605454, 0.5156062200150157, 0.5442552087337446, 0.5098363425264075, 0.4644268112637538, 0.5327303086225972, 0.5018752719271757, 0.47279548610140615, 0.5367865388632292, 0.5800930010967346, 0.493695584457123, 0.4774923460592383, 0.5177057524952328, 0.5098363425264075, 0.4752846288162208, 0.5028017373795944]
**************************************************
ACC: 50.63±1.36
F1: 49.71±1.44
Intime: 52.72±2.96
F1 (Intime): 51.60±2.98
