1e-05
Subject Number: 1
Accuracy Cross: [0.2689655172413793, 0.2827586206896552, 0.25517241379310346, 0.2482758620689655, 0.2482758620689655, 0.17714285714285713, 0.29714285714285715, 0.18857142857142858, 0.2914285714285714, 0.28, 0.27011494252873564, 0.27586206896551724, 0.2988505747126437, 0.22988505747126436, 0.2413793103448276]
 mean: 0.25692172961138476, std: 0.03521934475008494
F1 Score: [0.26777528977871445, 0.2829722606342115, 0.24259426023006253, 0.23284054157924153, 0.24373148065008532, 0.17525112377040344, 0.2902106708742403, 0.17945865522198715, 0.26955030310772515, 0.2805787762684314, 0.22518990616100149, 0.26412374742116124, 0.27864145896214454, 0.2280388420147456, 0.234870437447757]
 mean: 0.24638851694146086, std: 0.03409816725678529
Accuracy Intime: [0.22857142857142856, 0.37142857142857144, 0.21428571428571427, 0.2857142857142857, 0.29411764705882354, 0.22413793103448276, 0.3103448275862069, 0.2413793103448276, 0.27586206896551724, 0.2413793103448276, 0.3103448275862069, 0.25862068965517243, 0.3275862068965517, 0.3275862068965517, 0.20689655172413793]
 mean: 0.27455037187288706, std: 0.047188587756215906
F1 (Intime): [0.22386712749615972, 0.36567819924284106, 0.20994273625852572, 0.2618213363301197, 0.2901471341224662, 0.21368762816131237, 0.29930739758325964, 0.23338854772678302, 0.25552013909011884, 0.24044289044289044, 0.2812996031746032, 0.2358543417366947, 0.25323275862068967, 0.30995495495495495, 0.20307471264367816]
 mean: 0.25848130050567314, std: 0.042798644731635346
--------------------------------------------------
Subject Number: 2
Accuracy Cross: [0.24305555555555555, 0.3055555555555556, 0.2569444444444444, 0.2222222222222222, 0.2708333333333333, 0.2206896551724138, 0.2620689655172414, 0.3310344827586207, 0.2206896551724138, 0.3310344827586207, 0.28901734104046245, 0.23699421965317918, 0.2832369942196532, 0.23699421965317918, 0.26011560693641617]
 mean: 0.2646991155995541, std: 0.035788496549268724
F1 Score: [0.21745214291250098, 0.27172742139404077, 0.21255626628760954, 0.2062212110388594, 0.2581911951477169, 0.2217352372615531, 0.24684599429608503, 0.3220846419375831, 0.21629568743492794, 0.3047484381600302, 0.2497259007329401, 0.23747782411061677, 0.2831223355598129, 0.22936159079016222, 0.2556236375804668]
 mean: 0.24887796830966036, std: 0.033414788593219454
Accuracy Intime: [0.3620689655172414, 0.1896551724137931, 0.2413793103448276, 0.3620689655172414, 0.29310344827586204, 0.2413793103448276, 0.1896551724137931, 0.29310344827586204, 0.20689655172413793, 0.2857142857142857, 0.3103448275862069, 0.27586206896551724, 0.3103448275862069, 0.3793103448275862, 0.26785714285714285]
 mean: 0.28058292282430214, std: 0.05794360786630792
F1 (Intime): [0.33632251360107585, 0.15013248542660307, 0.22224636066547832, 0.339781746031746, 0.30230186480186483, 0.24637362637362634, 0.17223346828609987, 0.29214413037942444, 0.1971861471861472, 0.26816239316239315, 0.2487631027253669, 0.286525974025974, 0.29892074719660927, 0.3720937598986379, 0.24844489778571127]
 mean: 0.2654422145031172, std: 0.06055795381713233
--------------------------------------------------
Subject Number: 3
Accuracy Cross: [0.25, 0.2638888888888889, 0.2916666666666667, 0.2569444444444444, 0.2708333333333333, 0.2857142857142857, 0.2108843537414966, 0.23129251700680273, 0.1292517006802721, 0.1836734693877551, 0.2542372881355932, 0.23728813559322035, 0.2711864406779661, 0.24858757062146894, 0.23728813559322035]
 mean: 0.2415158153656943, std: 0.0402147707406598
F1 Score: [0.248225677830941, 0.25515857978912165, 0.2916913340230855, 0.24826199046230485, 0.26913190096288686, 0.284292434907001, 0.21193811681178104, 0.2286702901020014, 0.12751084566470552, 0.1794868720343233, 0.22550699734205515, 0.22839525708378167, 0.2661236149041027, 0.24549602784783398, 0.22830275355373567]
 mean: 0.23587951288797743, std: 0.04001598222349642
Accuracy Intime: [0.31666666666666665, 0.3, 0.3448275862068966, 0.20689655172413793, 0.20689655172413793, 0.3620689655172414, 0.27586206896551724, 0.25862068965517243, 0.29310344827586204, 0.26785714285714285, 0.29310344827586204, 0.29310344827586204, 0.2413793103448276, 0.13793103448275862, 0.3392857142857143]
 mean: 0.27584017515052, std: 0.05740948447870255
F1 (Intime): [0.28988095238095235, 0.2949604403164775, 0.3338581645033258, 0.1800657894736842, 0.20357420357420358, 0.3495043975987715, 0.24242424242424243, 0.26487762237762236, 0.282992445025957, 0.2591341991341991, 0.28667572463768115, 0.2766544117647059, 0.22080286168521462, 0.13521478521478522, 0.3262544802867383]
 mean: 0.2631249813599041, std: 0.056778235966504005
--------------------------------------------------
Subject Number: 4
Accuracy Cross: [0.25517241379310346, 0.3103448275862069, 0.25517241379310346, 0.2413793103448276, 0.2206896551724138, 0.30344827586206896, 0.2482758620689655, 0.23448275862068965, 0.36551724137931035, 0.3103448275862069, 0.25287356321839083, 0.25287356321839083, 0.1781609195402299, 0.25287356321839083, 0.25862068965517243]
 mean: 0.2626819923371647, std: 0.04286573874276561
F1 Score: [0.25418458751792083, 0.2934887162412134, 0.2325254480951608, 0.22953656710208836, 0.21515220411772137, 0.3081353183884089, 0.24138840291356498, 0.2313852813852814, 0.3288850283067029, 0.3050667242703533, 0.19893316787140708, 0.2497877301998752, 0.1624629769100174, 0.2492653824036803, 0.25906450997728886]
 mean: 0.250617469713379, std: 0.04262269922356134
Accuracy Intime: [0.39655172413793105, 0.27586206896551724, 0.27586206896551724, 0.25862068965517243, 0.29310344827586204, 0.2413793103448276, 0.2413793103448276, 0.3275862068965517, 0.27586206896551724, 0.27586206896551724, 0.2413793103448276, 0.3448275862068966, 0.2413793103448276, 0.3620689655172414, 0.20689655172413793]
 mean: 0.28390804597701147, std: 0.050705160919799486
F1 (Intime): [0.39064516129032256, 0.2708811707103259, 0.2524794531373479, 0.25139461557118603, 0.2865493723726372, 0.23799019607843136, 0.22139834639834638, 0.28799605966788633, 0.2717806432917995, 0.2554229295608606, 0.21296296296296297, 0.33858048654244305, 0.23578099085198478, 0.3586637425379819, 0.19957264957264956]
 mean: 0.27147325203647765, std: 0.052488393834750485
--------------------------------------------------
Subject Number: 5
Accuracy Cross: [0.2482758620689655, 0.20689655172413793, 0.22758620689655173, 0.2689655172413793, 0.20689655172413793, 0.21621621621621623, 0.2972972972972973, 0.27702702702702703, 0.2702702702702703, 0.2635135135135135, 0.2857142857142857, 0.3129251700680272, 0.20408163265306123, 0.20408163265306123, 0.30612244897959184]
 mean: 0.2530580122698349, std: 0.03807425327951391
F1 Score: [0.23093487394957984, 0.20419886996689435, 0.2147047642033646, 0.2590238225447173, 0.20424136548485022, 0.20713630891929694, 0.28621947951640103, 0.2477699055330634, 0.26063821577403923, 0.2461797041308507, 0.2690009564343526, 0.3087650127601635, 0.2017545444689386, 0.20592245780967836, 0.2997989863057373]
 mean: 0.24308595118679518, std: 0.035601347627173416
Accuracy Intime: [0.35, 0.2, 0.3448275862068966, 0.3103448275862069, 0.27586206896551724, 0.29310344827586204, 0.3793103448275862, 0.3275862068965517, 0.25862068965517243, 0.3275862068965517, 0.29310344827586204, 0.3275862068965517, 0.25862068965517243, 0.29310344827586204, 0.29310344827586204]
 mean: 0.30218390804597706, std: 0.042673565137917986
F1 (Intime): [0.35207929325576387, 0.19354090354090356, 0.313291377869383, 0.30182849751594787, 0.2501728110599078, 0.2909199522102748, 0.37424242424242427, 0.3314543282285218, 0.25769230769230766, 0.32203991428904005, 0.26718052085699145, 0.2965095029239766, 0.2015450861195542, 0.2706891025641026, 0.28378582202111613]
 mean: 0.28713145629268105, std: 0.048296799064622815
--------------------------------------------------
Subject Number: 6
Accuracy Cross: [0.24305555555555555, 0.3263888888888889, 0.1875, 0.2361111111111111, 0.2847222222222222, 0.25170068027210885, 0.272108843537415, 0.25170068027210885, 0.2653061224489796, 0.272108843537415, 0.1836734693877551, 0.2653061224489796, 0.16326530612244897, 0.30612244897959184, 0.272108843537415]
 mean: 0.2520786092214664, std: 0.04330977542339152
F1 Score: [0.23225255981814127, 0.3231173770332958, 0.18261437908496733, 0.23130312203988632, 0.28025661954546865, 0.2508975926436148, 0.26940825268601265, 0.2491012007098885, 0.26032138359724566, 0.26386881432049214, 0.18425130412879925, 0.2605651126802363, 0.15326252617736374, 0.30503535867896897, 0.2730268414741105]
 mean: 0.24795216297456615, std: 0.04429674362179614
Accuracy Intime: [0.2833333333333333, 0.36666666666666664, 0.3620689655172414, 0.2413793103448276, 0.3103448275862069, 0.29310344827586204, 0.3620689655172414, 0.25862068965517243, 0.25862068965517243, 0.19642857142857142, 0.29310344827586204, 0.20689655172413793, 0.22413793103448276, 0.25862068965517243, 0.2857142857142857]
 mean: 0.2800738916256158, std: 0.05202645726613637
F1 (Intime): [0.2652678096757044, 0.36045436045436047, 0.3429670329670329, 0.21772125723738628, 0.3028883278883279, 0.28575757053579637, 0.34938197767145135, 0.25738180576890257, 0.242965367965368, 0.20757575757575758, 0.2797557619539044, 0.18926011264720943, 0.21428571428571427, 0.25195861049519586, 0.2822477650063857]
 mean: 0.2699912821418998, std: 0.05090752517298644
--------------------------------------------------
Subject Number: 7
Accuracy Cross: [0.20408163265306123, 0.32653061224489793, 0.2653061224489796, 0.3197278911564626, 0.23809523809523808, 0.21232876712328766, 0.2534246575342466, 0.3082191780821918, 0.2534246575342466, 0.22602739726027396, 0.19727891156462585, 0.3333333333333333, 0.2585034013605442, 0.2789115646258503, 0.19047619047619047]
 mean: 0.25771130369956197, std: 0.0461110342417277
F1 Score: [0.20092705038894515, 0.3208874458874459, 0.25513507023829163, 0.3151406907298089, 0.2275940902156577, 0.21170665409795847, 0.2461790534385995, 0.30718366778149386, 0.2490618012099075, 0.2077820891845282, 0.1746731348562647, 0.31769406485831164, 0.258048268986145, 0.27496359979127744, 0.19031708064752006]
 mean: 0.2504862508208104, std: 0.04707593509996583
Accuracy Intime: [0.31666666666666665, 0.22413793103448276, 0.22413793103448276, 0.1896551724137931, 0.3448275862068966, 0.31666666666666665, 0.2833333333333333, 0.29310344827586204, 0.3448275862068966, 0.13793103448275862, 0.23333333333333334, 0.3103448275862069, 0.20689655172413793, 0.3275862068965517, 0.20689655172413793]
 mean: 0.2640229885057471, std: 0.06222868622408113
F1 (Intime): [0.27539040557240757, 0.22569852941176471, 0.2220496894409938, 0.18534798534798536, 0.32845716783216783, 0.3109574333712265, 0.2832909843779409, 0.2846618357487923, 0.3448914431673052, 0.1329032258064516, 0.2216484919933196, 0.31001877453490356, 0.20493619283941863, 0.3200682382133995, 0.19438625890238792]
 mean: 0.256313777104031, std: 0.06051707384951945
--------------------------------------------------
Subject Number: 8
Accuracy Cross: [0.3333333333333333, 0.25333333333333335, 0.26, 0.26666666666666666, 0.22666666666666666, 0.22972972972972974, 0.28378378378378377, 0.2635135135135135, 0.27702702702702703, 0.22297297297297297, 0.23129251700680273, 0.3333333333333333, 0.2585034013605442, 0.23809523809523808, 0.24489795918367346]
 mean: 0.2615432984004412, std: 0.03327591863478857
F1 Score: [0.3171470235031738, 0.25224032195885127, 0.24743145743145742, 0.2602166483814424, 0.22376584732751936, 0.22879720740785434, 0.28348678348678347, 0.2544789980134808, 0.27423996537920586, 0.2226483563229778, 0.18436200237670824, 0.3207416740118978, 0.2559024111286371, 0.2386177727851871, 0.2411271850512357]
 mean: 0.25368024363776087, std: 0.03424647076909119
Accuracy Intime: [0.2833333333333333, 0.23333333333333334, 0.3275862068965517, 0.20689655172413793, 0.20689655172413793, 0.36666666666666664, 0.26666666666666666, 0.3620689655172414, 0.25862068965517243, 0.2413793103448276, 0.3333333333333333, 0.4, 0.21666666666666667, 0.3448275862068966, 0.27586206896551724]
 mean: 0.2882758620689655, std: 0.061080464096141464
F1 (Intime): [0.27691644562334217, 0.23280360531309302, 0.320516983016983, 0.20768050994344098, 0.19748026624948695, 0.3640159087123105, 0.26576735092864123, 0.36213139801375094, 0.2489777664196269, 0.22694871051869023, 0.29828993214744176, 0.39668356997971604, 0.19864951425216182, 0.337841628444714, 0.2788919413919414]
 mean: 0.2809063687303561, std: 0.061969838310571713
--------------------------------------------------
Subject Number: 9
Accuracy Cross: [0.25874125874125875, 0.24475524475524477, 0.2517482517482518, 0.27972027972027974, 0.2727272727272727, 0.2054794520547945, 0.2671232876712329, 0.22602739726027396, 0.2534246575342466, 0.2602739726027397, 0.2108843537414966, 0.24489795918367346, 0.25170068027210885, 0.23809523809523808, 0.23129251700680273]
 mean: 0.24645945487432766, std: 0.02055345930016023
F1 Score: [0.25752818452152143, 0.238662486938349, 0.23349722562202743, 0.2554438982070561, 0.2718070457962358, 0.20674274431540732, 0.2694706339082691, 0.22620079451065367, 0.23837905570047366, 0.26168318073498054, 0.18494192988802155, 0.2434650513746559, 0.2502578160072506, 0.2403138528138528, 0.22405756008697186]
 mean: 0.24016343069504842, std: 0.022571018741322713
Accuracy Intime: [0.26666666666666666, 0.3103448275862069, 0.3275862068965517, 0.29310344827586204, 0.3793103448275862, 0.22413793103448276, 0.29310344827586204, 0.27586206896551724, 0.2857142857142857, 0.30357142857142855, 0.22413793103448276, 0.15517241379310345, 0.29310344827586204, 0.21428571428571427, 0.2857142857142857]
 mean: 0.2754542966611932, std: 0.05177528610387156
F1 (Intime): [0.26314900153609827, 0.3058719906908716, 0.32437898697709966, 0.2959240425870014, 0.37455197132616486, 0.22767857142857142, 0.2969320703191671, 0.26294624294624297, 0.2874920546639123, 0.29223509223509225, 0.1967035685571155, 0.15432587760173966, 0.28758241067239365, 0.2184660167418788, 0.2735666158148996]
 mean: 0.2707869676065499, std: 0.05226964725418477
--------------------------------------------------
Subject Number: 10
Accuracy Cross: [0.23448275862068965, 0.19310344827586207, 0.3793103448275862, 0.22758620689655173, 0.2689655172413793, 0.22602739726027396, 0.2945205479452055, 0.18493150684931506, 0.2602739726027397, 0.2328767123287671, 0.2727272727272727, 0.23376623376623376, 0.2727272727272727, 0.24675324675324675, 0.22077922077922077]
 mean: 0.24992211064010783, std: 0.04502708011122603
F1 Score: [0.22726569120476042, 0.1719426406926407, 0.36897546897546896, 0.22542105781542401, 0.2680596562949504, 0.22313201703445604, 0.2930850583024496, 0.17888989245292225, 0.24482453501852916, 0.22408136540569407, 0.26266069949697574, 0.21492079573613906, 0.2651001743083412, 0.24478516669638084, 0.2213238875552308]
 mean: 0.24229787379935755, std: 0.04590365925105206
Accuracy Intime: [0.23333333333333334, 0.25862068965517243, 0.29310344827586204, 0.2413793103448276, 0.20689655172413793, 0.20689655172413793, 0.3103448275862069, 0.3103448275862069, 0.3620689655172414, 0.3793103448275862, 0.3103448275862069, 0.1896551724137931, 0.22413793103448276, 0.22413793103448276, 0.22413793103448276]
 mean: 0.2649808429118774, std: 0.05685472616725043
F1 (Intime): [0.2310896690692087, 0.22847847847847846, 0.2789881680946552, 0.23751047339757017, 0.210989010989011, 0.199166030048383, 0.30344086021505373, 0.27613857877015774, 0.3596837944664032, 0.3747080306000845, 0.2876780185758514, 0.174298128342246, 0.18066193853427895, 0.21707268766092297, 0.2226190476190476]
 mean: 0.25216819432409016, std: 0.05817581892540762
--------------------------------------------------
Subject Number: 11
Accuracy Cross: [0.2413793103448276, 0.25517241379310346, 0.23448275862068965, 0.30344827586206896, 0.2689655172413793, 0.273972602739726, 0.2534246575342466, 0.273972602739726, 0.2808219178082192, 0.23972602739726026, 0.27388535031847133, 0.2356687898089172, 0.28662420382165604, 0.2611464968152866, 0.25477707006369427]
 mean: 0.2624978663272849, std: 0.019487174320417446
F1 Score: [0.23491005996002662, 0.2272599925757971, 0.22764158272736704, 0.2940130350578112, 0.2659611274612851, 0.2646439628482972, 0.25486015301643045, 0.2807627155453243, 0.2791851560169753, 0.22458758837391987, 0.2508519647696477, 0.22417338906057682, 0.24856837003576132, 0.25792528549881494, 0.24461871272372826]
 mean: 0.2519975397114509, std: 0.02132338069762338
Accuracy Intime: [0.31666666666666665, 0.1896551724137931, 0.25862068965517243, 0.27586206896551724, 0.29310344827586204, 0.3275862068965517, 0.3448275862068966, 0.27586206896551724, 0.25862068965517243, 0.3275862068965517, 0.3793103448275862, 0.3103448275862069, 0.41379310344827586, 0.27586206896551724, 0.2413793103448276]
 mean: 0.299272030651341, std: 0.054147759504598984
F1 (Intime): [0.28507659941741287, 0.16517907672406823, 0.25615468409586056, 0.27986596736596736, 0.27873931623931625, 0.3222934472934473, 0.3465567765567765, 0.24816602316602318, 0.2527497789566755, 0.30122717861848297, 0.37688598166539344, 0.29141203703703705, 0.389151045033398, 0.2599488491048593, 0.23351900972590628]
 mean: 0.2857950514000417, std: 0.055193479720427825
--------------------------------------------------
Subject Number: 12
Accuracy Cross: [0.27972027972027974, 0.25874125874125875, 0.26573426573426573, 0.25874125874125875, 0.2517482517482518, 0.2827586206896552, 0.2827586206896552, 0.2206896551724138, 0.30344827586206896, 0.33793103448275863, 0.273972602739726, 0.2191780821917808, 0.2465753424657534, 0.2191780821917808, 0.2465753424657534]
 mean: 0.2631833982424441, std: 0.03138127590942574
F1 Score: [0.2794610175279427, 0.25271666932355596, 0.2393031466876413, 0.24179783269589095, 0.24731577731577734, 0.27022941294329794, 0.28052569411265066, 0.21585232543977434, 0.3013113588561159, 0.3264520202020202, 0.2292429792429792, 0.21666978873300088, 0.23136205145100622, 0.2144449624812586, 0.2418805027803522]
 mean: 0.2525710359862176, std: 0.03180060423076276
Accuracy Intime: [0.27586206896551724, 0.41379310344827586, 0.3275862068965517, 0.3620689655172414, 0.3275862068965517, 0.2413793103448276, 0.3448275862068966, 0.20689655172413793, 0.42857142857142855, 0.4107142857142857, 0.41379310344827586, 0.3448275862068966, 0.22413793103448276, 0.32142857142857145, 0.16071428571428573]
 mean: 0.32027914614121505, std: 0.08008868129625363
F1 (Intime): [0.28073028420854507, 0.39612135176651303, 0.30986952861952866, 0.32886834202623677, 0.30728470405889763, 0.23809523809523808, 0.34825268817204297, 0.19766203703703705, 0.38153490028490034, 0.40344622697563876, 0.3551997812668545, 0.34159937888198755, 0.226010101010101, 0.30445865302642794, 0.15041356492969393]
 mean: 0.3046364520239762, std: 0.07160199904967157
--------------------------------------------------
Subject Number: 13
Accuracy Cross: [0.21379310344827587, 0.25517241379310346, 0.2, 0.27586206896551724, 0.23448275862068965, 0.22818791946308725, 0.28859060402684567, 0.2080536912751678, 0.3087248322147651, 0.26174496644295303, 0.22972972972972974, 0.14864864864864866, 0.22297297297297297, 0.30405405405405406, 0.32432432432432434]
 mean: 0.24695613919867565, std: 0.04602809232477566
F1 Score: [0.21103934817170114, 0.23946307512880238, 0.17952331671035648, 0.2707614796780956, 0.23202642250930222, 0.22329758988227413, 0.2880473599921505, 0.1978531429781668, 0.3129225452351777, 0.2632832143701709, 0.20067713130180595, 0.1437947303353512, 0.19784209980288409, 0.3076388888888889, 0.31021920262357816]
 mean: 0.23855930317391377, std: 0.05018872252613146
Accuracy Intime: [0.31666666666666665, 0.25, 0.36666666666666664, 0.43103448275862066, 0.3793103448275862, 0.20689655172413793, 0.22413793103448276, 0.22413793103448276, 0.22413793103448276, 0.39655172413793105, 0.2413793103448276, 0.1896551724137931, 0.27586206896551724, 0.29310344827586204, 0.3620689655172414]
 mean: 0.29210727969348654, std: 0.07532097364947639
F1 (Intime): [0.31097465336595775, 0.2572846055604676, 0.35733689061363083, 0.4278496013790132, 0.37140425999121657, 0.21079022988505747, 0.2122113997113997, 0.22322180134680134, 0.229679802955665, 0.3948110079575597, 0.22092891210538268, 0.1862044817927171, 0.25909450736816464, 0.2917989417989418, 0.3426351351351351]
 mean: 0.2864150820644741, std: 0.07401013662243724
--------------------------------------------------
Subject Number: 14
Accuracy Cross: [0.1780821917808219, 0.2671232876712329, 0.2465753424657534, 0.21232876712328766, 0.22602739726027396, 0.2671232876712329, 0.21232876712328766, 0.2671232876712329, 0.21232876712328766, 0.2328767123287671, 0.28378378378378377, 0.20945945945945946, 0.30405405405405406, 0.22297297297297297, 0.23648648648648649]
 mean: 0.238578304331729, std: 0.03250820088788217
F1 Score: [0.1676173912642597, 0.2607253857253857, 0.22316298625389824, 0.190405778789705, 0.2119394116410751, 0.2502688984228654, 0.213052517799925, 0.26683938009239216, 0.20341459603062978, 0.22820222598002685, 0.27121556723680407, 0.20670787545787545, 0.2886634829340655, 0.22359564777327937, 0.22815739750888792]
 mean: 0.22893123619407169, std: 0.031886673840075576
Accuracy Intime: [0.36666666666666664, 0.3793103448275862, 0.3103448275862069, 0.27586206896551724, 0.25862068965517243, 0.21666666666666667, 0.3103448275862069, 0.27586206896551724, 0.29310344827586204, 0.29310344827586204, 0.2833333333333333, 0.1896551724137931, 0.13793103448275862, 0.25862068965517243, 0.22413793103448276]
 mean: 0.27157088122605366, std: 0.060514400193342165
F1 (Intime): [0.3131469979296066, 0.3606035437430786, 0.2883388541283278, 0.2631206293706294, 0.2547822547822548, 0.21036231884057968, 0.2922675026123302, 0.26885420071918925, 0.29195829260345385, 0.2848484848484848, 0.23905500184569953, 0.19396621896621896, 0.0939068100358423, 0.2468452380952381, 0.2434659090909091]
 mean: 0.2563681505074562, std: 0.05867575751529328
--------------------------------------------------
Subject Number: 15
Accuracy Cross: [0.2671232876712329, 0.3424657534246575, 0.2671232876712329, 0.2945205479452055, 0.2945205479452055, 0.1875, 0.16666666666666666, 0.25, 0.20833333333333334, 0.2569444444444444, 0.19310344827586207, 0.2482758620689655, 0.2689655172413793, 0.2896551724137931, 0.2689655172413793]
 mean: 0.25361089242289053, std: 0.04551340113021991
F1 Score: [0.270305957115502, 0.3228425559947299, 0.2644966583124478, 0.29494740902469874, 0.2911743393009378, 0.18698547657276313, 0.16166960508579717, 0.2149242633113601, 0.19740615396017439, 0.25449125812328355, 0.14929131152535408, 0.23919011785074265, 0.25461077021896394, 0.2908228881054968, 0.27061976337338656]
 mean: 0.2442519018583759, std: 0.04987332284123649
Accuracy Intime: [0.29310344827586204, 0.3448275862068966, 0.1896551724137931, 0.3103448275862069, 0.2857142857142857, 0.27586206896551724, 0.29310344827586204, 0.27586206896551724, 0.1896551724137931, 0.27586206896551724, 0.3275862068965517, 0.25862068965517243, 0.2413793103448276, 0.3448275862068966, 0.30357142857142855]
 mean: 0.2806650246305419, std: 0.045343059308047426
F1 (Intime): [0.296138468013468, 0.3250547345374932, 0.19106386445096124, 0.29432332373508846, 0.2737301587301587, 0.2715032612661923, 0.2858966004127294, 0.27069892473118284, 0.18505747126436783, 0.2741774891774892, 0.32307692307692304, 0.25549719887955186, 0.22994488117827774, 0.3319474153297683, 0.2951016374929418]
 mean: 0.27354749015177293, std: 0.042386741231655936
--------------------------------------------------
Subject Number: 16
Accuracy Cross: [0.21678321678321677, 0.2937062937062937, 0.2867132867132867, 0.2867132867132867, 0.3076923076923077, 0.3006993006993007, 0.23776223776223776, 0.2937062937062937, 0.20279720279720279, 0.34265734265734266, 0.2569444444444444, 0.2569444444444444, 0.22916666666666666, 0.20833333333333334, 0.2152777777777778]
 mean: 0.26239316239316235, std: 0.04135214815423564
F1 Score: [0.21606343202469458, 0.29062182406856607, 0.25910525129592066, 0.2852776987748361, 0.3070838695838696, 0.3004712301587302, 0.23013867085295658, 0.27625525155650066, 0.19375912798987402, 0.33453842640589626, 0.19357696566998894, 0.24348805327066195, 0.1943708024036762, 0.21199357003100833, 0.2131734607744204]
 mean: 0.2499945089907733, std: 0.04505552433676773
Accuracy Intime: [0.3793103448275862, 0.3275862068965517, 0.25862068965517243, 0.2857142857142857, 0.23214285714285715, 0.1724137931034483, 0.3103448275862069, 0.29310344827586204, 0.26785714285714285, 0.10714285714285714, 0.27586206896551724, 0.3103448275862069, 0.27586206896551724, 0.21428571428571427, 0.26785714285714285]
 mean: 0.2652298850574713, std: 0.06311359749043267
F1 (Intime): [0.3747835497835498, 0.328494623655914, 0.2571396309201187, 0.28575757575757577, 0.23389112903225806, 0.15442792501616032, 0.3072898722898723, 0.2869025688718783, 0.26957070707070707, 0.1025779177718833, 0.2599925026240816, 0.2841543905011397, 0.2745602099050375, 0.19057673509286413, 0.2606361749680715]
 mean: 0.2580503675507408, std: 0.06519578246494634
--------------------------------------------------
Subject Number: 17
Accuracy Cross: [0.2569444444444444, 0.2638888888888889, 0.25, 0.25, 0.2986111111111111, 0.19047619047619047, 0.2585034013605442, 0.25170068027210885, 0.2108843537414966, 0.24489795918367346, 0.3150684931506849, 0.2876712328767123, 0.17123287671232876, 0.23972602739726026, 0.2534246575342466]
 mean: 0.24953535447664602, std: 0.03628576394528323
F1 Score: [0.24325237246458142, 0.2545408880851919, 0.23774984570099225, 0.24769976696182391, 0.295944631788098, 0.19483042736054784, 0.2595020381879639, 0.24701399300349827, 0.21016774693245283, 0.2422945205479452, 0.2836231804549777, 0.28742732251504177, 0.1644272167246359, 0.2432136780682263, 0.24943909137457526]
 mean: 0.24407511467803686, std: 0.03316133789013026
Accuracy Intime: [0.3, 0.3275862068965517, 0.29310344827586204, 0.22413793103448276, 0.22413793103448276, 0.3103448275862069, 0.27586206896551724, 0.20689655172413793, 0.25862068965517243, 0.26785714285714285, 0.20689655172413793, 0.39655172413793105, 0.27586206896551724, 0.27586206896551724, 0.26785714285714285]
 mean: 0.2741050903119869, std: 0.04799494493411806
F1 (Intime): [0.2908477722452314, 0.3203898050974513, 0.27187986305633366, 0.20521255060728744, 0.22313565999258433, 0.3104679802955665, 0.23749911864059126, 0.20125615125615126, 0.2457510657156122, 0.2665343915343915, 0.1992592917251052, 0.39907304412309974, 0.2681700864627694, 0.26053946053946053, 0.25879181997090783]
 mean: 0.26392053741750293, std: 0.0508060710710091
--------------------------------------------------
Subject Number: 18
Accuracy Cross: [0.3333333333333333, 0.3129251700680272, 0.23809523809523808, 0.3129251700680272, 0.2857142857142857, 0.17006802721088435, 0.2108843537414966, 0.23129251700680273, 0.23129251700680273, 0.2653061224489796, 0.23333333333333334, 0.28, 0.29333333333333333, 0.26, 0.2733333333333333]
 mean: 0.26212244897959186, std: 0.0421346229778301
F1 Score: [0.32808235867446395, 0.3095779145647244, 0.21626778394019772, 0.3066329051383399, 0.2780982905982906, 0.16985812518433846, 0.2122075088275763, 0.21960002508204532, 0.20993371062219207, 0.2697756124375117, 0.21021281153539084, 0.2748443712073656, 0.28372821094143363, 0.26096397575270813, 0.2713953066040426]
 mean: 0.2547452607407081, std: 0.044068612451144566
Accuracy Intime: [0.25, 0.3, 0.22413793103448276, 0.2413793103448276, 0.22413793103448276, 0.25, 0.26666666666666666, 0.22413793103448276, 0.22413793103448276, 0.39655172413793105, 0.3, 0.3, 0.3103448275862069, 0.3275862068965517, 0.27586206896551724]
 mean: 0.27432950191570876, std: 0.04722709867339658
F1 (Intime): [0.23283915839062896, 0.29918546365914783, 0.20256410256410257, 0.2397721454173067, 0.20525451559934318, 0.24891769640508077, 0.2584221860787326, 0.22537975763782214, 0.18750806555684604, 0.3886993765042545, 0.27377450980392154, 0.288025078369906, 0.28684640522875815, 0.32512568077084203, 0.2490079365079365]
 mean: 0.2607548052329753, std: 0.05044489532336443
--------------------------------------------------
Subject Number: 19
Accuracy Cross: [0.25874125874125875, 0.2517482517482518, 0.2867132867132867, 0.2937062937062937, 0.21678321678321677, 0.273972602739726, 0.2328767123287671, 0.363013698630137, 0.3287671232876712, 0.19863013698630136, 0.1506849315068493, 0.2191780821917808, 0.3287671232876712, 0.2191780821917808, 0.2602739726027397]
 mean: 0.25886898489638216, std: 0.05404777662821383
F1 Score: [0.23517857142857143, 0.2340019681030055, 0.277287401863673, 0.2904649947753396, 0.21508821436497427, 0.2747860250157575, 0.232227905901393, 0.3529908650671363, 0.3219855280394236, 0.20512714533144386, 0.14649595875139354, 0.21745815500446358, 0.32191368138979226, 0.21435704025434835, 0.2585728859797321]
 mean: 0.2531957560846965, std: 0.05224533314677681
Accuracy Intime: [0.2833333333333333, 0.2413793103448276, 0.3448275862068966, 0.25862068965517243, 0.27586206896551724, 0.3275862068965517, 0.29310344827586204, 0.2413793103448276, 0.3392857142857143, 0.25, 0.29310344827586204, 0.25862068965517243, 0.2413793103448276, 0.19642857142857142, 0.3392857142857143]
 mean: 0.27894636015325674, std: 0.042524223139505164
F1 (Intime): [0.28235434903412876, 0.2417294880785414, 0.3236175831003417, 0.2586279461279461, 0.24823529411764708, 0.31005255613951266, 0.29102991118077326, 0.22844662058371734, 0.30654433286012234, 0.253423715492681, 0.24465724274205805, 0.2400329449961803, 0.23036032594856123, 0.19041356492969397, 0.32753118503118506]
 mean: 0.26513713735753935, std: 0.0384827599114975
--------------------------------------------------
Subject Number: 20
Accuracy Cross: [0.2569444444444444, 0.2013888888888889, 0.2222222222222222, 0.3055555555555556, 0.24305555555555555, 0.25874125874125875, 0.2867132867132867, 0.23076923076923078, 0.26573426573426573, 0.23776223776223776, 0.2905405405405405, 0.22297297297297297, 0.3108108108108108, 0.20270270270270271, 0.27702702702702703]
 mean: 0.2541960666960667, std: 0.03394533163804417
F1 Score: [0.2344426301839274, 0.19385976447024503, 0.21355957155589508, 0.30030544468107345, 0.23638397992834684, 0.253219479613218, 0.28660403138228707, 0.22288306451612902, 0.26256060171435824, 0.22788652807834395, 0.23710867746308012, 0.2207729468599034, 0.2777224672860346, 0.19447889483158065, 0.2698618352393314]
 mean: 0.24210999452025028, std: 0.031093690621679684
Accuracy Intime: [0.3793103448275862, 0.25862068965517243, 0.3103448275862069, 0.26785714285714285, 0.35714285714285715, 0.1896551724137931, 0.22413793103448276, 0.3620689655172414, 0.22413793103448276, 0.35714285714285715, 0.27586206896551724, 0.3448275862068966, 0.29310344827586204, 0.25, 0.21428571428571427]
 mean: 0.28723316912972086, std: 0.059583883393663904
F1 (Intime): [0.3593161402492031, 0.22094462883936566, 0.29394365694503105, 0.22541275797373359, 0.3440050336822539, 0.17401960784313725, 0.20747800586510262, 0.3600644234334445, 0.21793022916362573, 0.3398976982097187, 0.19722222222222224, 0.3135615394806571, 0.2787888198757764, 0.23368088875765852, 0.21704005140286997]
 mean: 0.2655537135962534, std: 0.06237007901020572
--------------------------------------------------
Subject Number: 21
Accuracy Cross: [0.19333333333333333, 0.2866666666666667, 0.26, 0.18666666666666668, 0.28, 0.24489795918367346, 0.24489795918367346, 0.22448979591836735, 0.3197278911564626, 0.2789115646258503, 0.25, 0.2972972972972973, 0.2635135135135135, 0.22972972972972974, 0.24324324324324326]
 mean: 0.2535583747012319, std: 0.0352643471835899
F1 Score: [0.1834453544359205, 0.2797618381424579, 0.2557392700377308, 0.19248962459913224, 0.2775812079217652, 0.24095902531400742, 0.23595641768421266, 0.22331962039092768, 0.3127456337726347, 0.2668648766963374, 0.23908971757521222, 0.28459149578292153, 0.2531670142657934, 0.21861761217266867, 0.2397725188038892]
 mean: 0.24694008183970742, std: 0.033569113845161064
Accuracy Intime: [0.26666666666666666, 0.38333333333333336, 0.3103448275862069, 0.3620689655172414, 0.3103448275862069, 0.21666666666666667, 0.23333333333333334, 0.26666666666666666, 0.27586206896551724, 0.3103448275862069, 0.31666666666666665, 0.3, 0.3448275862068966, 0.29310344827586204, 0.27586206896551724]
 mean: 0.29773946360153253, std: 0.043322542365392396
F1 (Intime): [0.2654469060351413, 0.35773910582908885, 0.3, 0.35369075369075365, 0.31303418803418803, 0.20910397724913854, 0.22984760470856133, 0.2706245034164945, 0.2532785841609371, 0.2924587173579109, 0.30935649935649934, 0.3105413105413105, 0.33605641670157793, 0.2823513986013986, 0.2345945945945946]
 mean: 0.287874970685173, std: 0.043011051552934276
--------------------------------------------------
Subject Number: 22
Accuracy Cross: [0.22916666666666666, 0.2916666666666667, 0.19444444444444445, 0.2708333333333333, 0.2013888888888889, 0.19463087248322147, 0.18791946308724833, 0.2080536912751678, 0.2684563758389262, 0.30201342281879195, 0.29936305732484075, 0.2484076433121019, 0.17834394904458598, 0.2356687898089172, 0.21019108280254778]
 mean: 0.23470322318642334, std: 0.04133842933166714
F1 Score: [0.23555107526881722, 0.29493095346753884, 0.16410996959479693, 0.26330504538879596, 0.20092131737795194, 0.18929675944601318, 0.18882540868207087, 0.19549747982846574, 0.2607255722801941, 0.28691856590697057, 0.28727971640479555, 0.24465423084016283, 0.17584207067965604, 0.23552811060263038, 0.2108190883190883]
 mean: 0.22894702427252994, std: 0.04169738073513572
Accuracy Intime: [0.38333333333333336, 0.2833333333333333, 0.31666666666666665, 0.36666666666666664, 0.43103448275862066, 0.29310344827586204, 0.27586206896551724, 0.25862068965517243, 0.25862068965517243, 0.26785714285714285, 0.3103448275862069, 0.22413793103448276, 0.25862068965517243, 0.27586206896551724, 0.23214285714285715]
 mean: 0.2957471264367816, std: 0.05579282152716195
F1 (Intime): [0.3665425971877585, 0.2741026602804547, 0.3051834130781499, 0.36848452473452475, 0.40742296918767507, 0.2906363195573429, 0.2707591613622469, 0.24214670378353242, 0.25180555555555556, 0.24375837291438318, 0.29469419431056265, 0.2071245421245421, 0.23970552297165199, 0.26803870548056596, 0.21808443204868155]
 mean: 0.28323264497184186, std: 0.05593732426860796
--------------------------------------------------
Subject Number: 23
Accuracy Cross: [0.3055555555555556, 0.2361111111111111, 0.25, 0.2847222222222222, 0.2847222222222222, 0.24475524475524477, 0.23076923076923078, 0.25874125874125875, 0.2867132867132867, 0.2937062937062937, 0.23129251700680273, 0.1836734693877551, 0.17687074829931973, 0.21768707482993196, 0.2108843537414966]
 mean: 0.2464136392707821, std: 0.03821058029840856
F1 Score: [0.30175041030768357, 0.2341339819600689, 0.2310494125174311, 0.2700626028540083, 0.28501353821160225, 0.24147576356411699, 0.23119205997254777, 0.26234663234663236, 0.2772044752067953, 0.28923350603497644, 0.20297526547526548, 0.17923498422357448, 0.15739770664906783, 0.21273397128381222, 0.21554054054054056]
 mean: 0.23942299007654158, std: 0.04038805118063474
Accuracy Intime: [0.29310344827586204, 0.3275862068965517, 0.29310344827586204, 0.21428571428571427, 0.19642857142857142, 0.3275862068965517, 0.3103448275862069, 0.3275862068965517, 0.27586206896551724, 0.25, 0.22413793103448276, 0.3103448275862069, 0.3275862068965517, 0.26785714285714285, 0.23214285714285715]
 mean: 0.2785303776683087, std: 0.04396089829302974
F1 (Intime): [0.27584957521239384, 0.32427015250544666, 0.27371482683982684, 0.1794871794871795, 0.18571403152912708, 0.32474354220739093, 0.2978927203065134, 0.30537037037037035, 0.2654146141215107, 0.23093200689716523, 0.21884426847662142, 0.27826662065792496, 0.3263348164627364, 0.2647970996580563, 0.24428696303696307]
 mean: 0.26639458585128184, std: 0.04561821346274011
--------------------------------------------------
Subject Number: 24
Accuracy Cross: [0.33793103448275863, 0.2689655172413793, 0.22758620689655173, 0.2, 0.2413793103448276, 0.3287671232876712, 0.2671232876712329, 0.22602739726027396, 0.18493150684931506, 0.2671232876712329, 0.27702702702702703, 0.30405405405405406, 0.2702702702702703, 0.19594594594594594, 0.24324324324324326]
 mean: 0.25602501414971895, std: 0.04416158785765769
F1 Score: [0.31313242951173986, 0.2512741834322381, 0.2138271813294115, 0.1921706962186826, 0.2406534767053946, 0.32660420314922844, 0.2747858234202772, 0.21061014477627066, 0.1831679253980073, 0.25426800736047517, 0.2458312756540743, 0.3037141960344333, 0.24497978493880135, 0.1884329566037866, 0.23497108230844616]
 mean: 0.24522822445608444, std: 0.043088163024799384
Accuracy Intime: [0.31666666666666665, 0.2413793103448276, 0.25862068965517243, 0.27586206896551724, 0.25862068965517243, 0.27586206896551724, 0.3620689655172414, 0.1896551724137931, 0.22413793103448276, 0.3448275862068966, 0.20689655172413793, 0.29310344827586204, 0.25862068965517243, 0.29310344827586204, 0.25862068965517243]
 mean: 0.270536398467433, std: 0.04565329846614373
F1 (Intime): [0.3024170274170274, 0.21768219832735963, 0.2591938997821351, 0.2680056219954352, 0.25202125202125203, 0.2765206284943127, 0.3635942760942761, 0.18816542189734625, 0.2244702090642024, 0.31736242884250476, 0.16756756756756758, 0.27786000763941937, 0.22229437229437232, 0.26346153846153847, 0.2377755450006089]
 mean: 0.2558927996599572, std: 0.04828626297741571
--------------------------------------------------
Subject Number: 25
Accuracy Cross: [0.23809523809523808, 0.23809523809523808, 0.2653061224489796, 0.2108843537414966, 0.2108843537414966, 0.31756756756756754, 0.22972972972972974, 0.24324324324324326, 0.2905405405405405, 0.25675675675675674, 0.2565789473684211, 0.28289473684210525, 0.19078947368421054, 0.26973684210526316, 0.27631578947368424]
 mean: 0.2518279288955981, std: 0.032610909415869145
F1 Score: [0.23399502419629536, 0.23590347869745182, 0.2448126672835909, 0.19339375901875902, 0.20370753935376967, 0.3106407322654462, 0.22859231411862987, 0.23901913885797849, 0.27632220663579554, 0.24446725477653314, 0.2183147856786523, 0.2747000377064282, 0.19425814212832468, 0.26655089313671404, 0.26872481166143924]
 mean: 0.24222685236772054, std: 0.031883221548307306
Accuracy Intime: [0.2833333333333333, 0.3, 0.31666666666666665, 0.3793103448275862, 0.27586206896551724, 0.3, 0.18333333333333332, 0.27586206896551724, 0.39655172413793105, 0.3103448275862069, 0.35, 0.31666666666666665, 0.20689655172413793, 0.27586206896551724, 0.25862068965517243]
 mean: 0.29528735632183906, std: 0.05444208514601972
F1 (Intime): [0.27574618364092046, 0.2913253075524881, 0.2898809523809524, 0.3806395681395681, 0.2581168831168831, 0.31047619047619046, 0.1817655462816753, 0.27641802641802643, 0.38371897710133007, 0.30448179271708686, 0.34774774774774775, 0.31671326498912705, 0.20354978354978354, 0.2649068322981366, 0.25870689655172413]
 mean: 0.2896129301974427, std: 0.05408458533047369
--------------------------------------------------
Subject Number: 26
Accuracy Cross: [0.2689655172413793, 0.2620689655172414, 0.2206896551724138, 0.27586206896551724, 0.3103448275862069, 0.2857142857142857, 0.21768707482993196, 0.272108843537415, 0.2653061224489796, 0.23809523809523808, 0.2953020134228188, 0.2483221476510067, 0.2483221476510067, 0.20134228187919462, 0.24161073825503357]
 mean: 0.25678279519784464, std: 0.02905740334417588
F1 Score: [0.2685904071773637, 0.24937303967345292, 0.19695153533111356, 0.2565987933634992, 0.2983519629987625, 0.2801295210166178, 0.20856785573484274, 0.27004101702033634, 0.24926253465410092, 0.23677101196095934, 0.2829101454101454, 0.24601563386675745, 0.25243815016658927, 0.20307350378907152, 0.24158415828695004]
 mean: 0.24937728469670423, std: 0.028419709737483485
Accuracy Intime: [0.38333333333333336, 0.18333333333333332, 0.22413793103448276, 0.27586206896551724, 0.22413793103448276, 0.3103448275862069, 0.27586206896551724, 0.3103448275862069, 0.27586206896551724, 0.3448275862068966, 0.3103448275862069, 0.29310344827586204, 0.3620689655172414, 0.3275862068965517, 0.29310344827586204]
 mean: 0.29295019157088126, std: 0.05170900871400111
F1 (Intime): [0.39242063492063495, 0.18330357142857145, 0.19671474358974358, 0.2592769803296119, 0.19270833333333331, 0.3070489844683393, 0.2736323459149546, 0.3075980392156863, 0.281602879878742, 0.3355769230769231, 0.28484167736414207, 0.2542087542087542, 0.34173656415035725, 0.32728987228987233, 0.2895407128368589]
 mean: 0.28183340113376837, std: 0.0567899588149443
--------------------------------------------------
Subject Number: 27
Accuracy Cross: [0.2569444444444444, 0.2638888888888889, 0.25, 0.25, 0.2986111111111111, 0.19047619047619047, 0.2585034013605442, 0.25170068027210885, 0.2108843537414966, 0.24489795918367346, 0.3150684931506849, 0.2876712328767123, 0.17123287671232876, 0.23972602739726026, 0.2534246575342466]
 mean: 0.24953535447664602, std: 0.03628576394528323
F1 Score: [0.24325237246458142, 0.2545408880851919, 0.23774984570099225, 0.24769976696182391, 0.295944631788098, 0.19483042736054784, 0.2595020381879639, 0.24701399300349827, 0.21016774693245283, 0.2422945205479452, 0.2836231804549777, 0.28742732251504177, 0.1644272167246359, 0.2432136780682263, 0.24943909137457526]
 mean: 0.24407511467803686, std: 0.03316133789013026
Accuracy Intime: [0.3, 0.3275862068965517, 0.29310344827586204, 0.22413793103448276, 0.22413793103448276, 0.3103448275862069, 0.27586206896551724, 0.20689655172413793, 0.25862068965517243, 0.26785714285714285, 0.20689655172413793, 0.39655172413793105, 0.27586206896551724, 0.27586206896551724, 0.26785714285714285]
 mean: 0.2741050903119869, std: 0.04799494493411806
F1 (Intime): [0.2908477722452314, 0.3203898050974513, 0.27187986305633366, 0.20521255060728744, 0.22313565999258433, 0.3104679802955665, 0.23749911864059126, 0.20125615125615126, 0.2457510657156122, 0.2665343915343915, 0.1992592917251052, 0.39907304412309974, 0.2681700864627694, 0.26053946053946053, 0.25879181997090783]
 mean: 0.26392053741750293, std: 0.0508060710710091
--------------------------------------------------
Subject Number: 28
Accuracy Cross: [0.2727272727272727, 0.21678321678321677, 0.2937062937062937, 0.26573426573426573, 0.3146853146853147, 0.19863013698630136, 0.2602739726027397, 0.23972602739726026, 0.273972602739726, 0.2328767123287671, 0.25, 0.25, 0.21710526315789475, 0.20394736842105263, 0.2631578947368421]
 mean: 0.2502217561337965, std: 0.031680747503707196
F1 Score: [0.26438413788792536, 0.212238253319714, 0.28444896551183446, 0.2537619524846576, 0.3123647186147186, 0.19798381551806207, 0.2551722030486051, 0.24265326325757056, 0.2708448565889263, 0.2326602811079452, 0.21183707596751075, 0.24476165132452252, 0.20632111877840595, 0.2029746385675509, 0.2531959433367884]
 mean: 0.24304019168764915, std: 0.0317609682606773
Accuracy Intime: [0.38333333333333336, 0.2413793103448276, 0.25862068965517243, 0.27586206896551724, 0.1724137931034483, 0.3103448275862069, 0.25862068965517243, 0.3793103448275862, 0.30357142857142855, 0.30357142857142855, 0.22413793103448276, 0.2413793103448276, 0.3275862068965517, 0.375, 0.39285714285714285]
 mean: 0.29653256704980835, std: 0.06382705847192728
F1 (Intime): [0.3746648066341161, 0.23736559139784946, 0.23852055006554157, 0.2699667774086379, 0.16285103785103783, 0.2980654761904762, 0.2616552623004236, 0.383004158004158, 0.2980555555555555, 0.29503367003367, 0.22437943854493644, 0.23716828221833783, 0.2873529411764706, 0.37068723702664796, 0.4042937804280817]
 mean: 0.2895376376557293, std: 0.066050414717822
--------------------------------------------------
Subject Number: 29
Accuracy Cross: [0.3006993006993007, 0.2727272727272727, 0.27972027972027974, 0.26573426573426573, 0.2867132867132867, 0.2689655172413793, 0.2206896551724138, 0.2206896551724138, 0.2689655172413793, 0.2620689655172414, 0.24324324324324326, 0.20945945945945946, 0.22972972972972974, 0.2972972972972973, 0.20945945945945946]
 mean: 0.2557441936752282, std: 0.030149202552631198
F1 Score: [0.2986187378558756, 0.27377469636297447, 0.2631370253486715, 0.2440489065128575, 0.2820225916453538, 0.26892861761282816, 0.21240092551567963, 0.2221410549785836, 0.2697272327632661, 0.2546226240918272, 0.2185045948203843, 0.20765041075753998, 0.2155817936230393, 0.2975531672622802, 0.20365571309516584]
 mean: 0.2488245394830885, std: 0.03212426865925127
Accuracy Intime: [0.3620689655172414, 0.3103448275862069, 0.3275862068965517, 0.27586206896551724, 0.27586206896551724, 0.22413793103448276, 0.22413793103448276, 0.3103448275862069, 0.44642857142857145, 0.21428571428571427, 0.3103448275862069, 0.3275862068965517, 0.20689655172413793, 0.2857142857142857, 0.3392857142857143]
 mean: 0.29605911330049267, std: 0.06182879289739156
F1 (Intime): [0.3414448454771035, 0.30976190476190474, 0.3178734221598878, 0.2752234993614304, 0.26696234049175227, 0.2236147186147186, 0.21722678343367996, 0.2967643467643467, 0.429503245292719, 0.215895225464191, 0.3021367521367522, 0.31863969363969363, 0.181735836627141, 0.2721751932278248, 0.3388036694488307]
 mean: 0.28718409846013176, std: 0.060295788528398474
--------------------------------------------------
**************************************************
accuracy_cross_list: [0.25692172961138476, 0.2646991155995541, 0.2415158153656943, 0.2626819923371647, 0.2530580122698349, 0.2520786092214664, 0.25771130369956197, 0.2615432984004412, 0.24645945487432766, 0.24992211064010783, 0.2624978663272849, 0.2631833982424441, 0.24695613919867565, 0.238578304331729, 0.25361089242289053, 0.26239316239316235, 0.24953535447664602, 0.26212244897959186, 0.25886898489638216, 0.2541960666960667, 0.2535583747012319, 0.23470322318642334, 0.2464136392707821, 0.25602501414971895, 0.2518279288955981, 0.25678279519784464, 0.24953535447664602, 0.2502217561337965, 0.2557441936752282]
f1_score_list: [0.24638851694146086, 0.24887796830966036, 0.23587951288797743, 0.250617469713379, 0.24308595118679518, 0.24795216297456615, 0.2504862508208104, 0.25368024363776087, 0.24016343069504842, 0.24229787379935755, 0.2519975397114509, 0.2525710359862176, 0.23855930317391377, 0.22893123619407169, 0.2442519018583759, 0.2499945089907733, 0.24407511467803686, 0.2547452607407081, 0.2531957560846965, 0.24210999452025028, 0.24694008183970742, 0.22894702427252994, 0.23942299007654158, 0.24522822445608444, 0.24222685236772054, 0.24937728469670423, 0.24407511467803686, 0.24304019168764915, 0.2488245394830885]
accuracy_intime_list: [0.27455037187288706, 0.28058292282430214, 0.27584017515052, 0.28390804597701147, 0.30218390804597706, 0.2800738916256158, 0.2640229885057471, 0.2882758620689655, 0.2754542966611932, 0.2649808429118774, 0.299272030651341, 0.32027914614121505, 0.29210727969348654, 0.27157088122605366, 0.2806650246305419, 0.2652298850574713, 0.2741050903119869, 0.27432950191570876, 0.27894636015325674, 0.28723316912972086, 0.29773946360153253, 0.2957471264367816, 0.2785303776683087, 0.270536398467433, 0.29528735632183906, 0.29295019157088126, 0.2741050903119869, 0.29653256704980835, 0.29605911330049267]
f1_score_intime_list: [0.25848130050567314, 0.2654422145031172, 0.2631249813599041, 0.27147325203647765, 0.28713145629268105, 0.2699912821418998, 0.256313777104031, 0.2809063687303561, 0.2707869676065499, 0.25216819432409016, 0.2857950514000417, 0.3046364520239762, 0.2864150820644741, 0.2563681505074562, 0.27354749015177293, 0.2580503675507408, 0.26392053741750293, 0.2607548052329753, 0.26513713735753935, 0.2655537135962534, 0.287874970685173, 0.28323264497184186, 0.26639458585128184, 0.2558927996599572, 0.2896129301974427, 0.28183340113376837, 0.26392053741750293, 0.2895376376557293, 0.28718409846013176]
**************************************************
ACC: 25.36±0.74
F1: 24.51±0.65
Intime: 28.38±1.30
F1 (Intime): 27.25±1.33
