1e-03
Subject Number: 1
Accuracy Cross: [0.5294117647058824, 0.5, 0.5294117647058824, 0.6911764705882353, 0.7058823529411765, 0.6410256410256411, 0.6025641025641025, 0.6153846153846154, 0.6282051282051282, 0.5897435897435898, 0.4935064935064935, 0.6883116883116883, 0.6623376623376623, 0.7142857142857143, 0.6103896103896104]
 mean: 0.613442439913028, std: 0.07108736072125885
F1 Score: [0.5257192676547515, 0.46232558139534885, 0.4743961352657005, 0.6586182165909634, 0.6714975845410628, 0.5879245283018868, 0.5873015873015872, 0.5883180858550316, 0.6096635030198447, 0.5873015873015873, 0.4484848484848485, 0.6681034482758621, 0.6225490196078431, 0.6957614942528736, 0.5989583333333333]
 mean: 0.5857948814121684, std: 0.07471827858014558
Accuracy Intime: [0.6875, 0.625, 0.7, 0.5333333333333333, 0.6666666666666666, 0.7857142857142857, 0.7857142857142857, 0.6428571428571429, 0.5769230769230769, 0.5769230769230769, 0.6428571428571429, 0.6785714285714286, 0.6785714285714286, 0.6538461538461539, 0.6153846153846154]
 mean: 0.656657509157509, std: 0.06743897100927279
F1 (Intime): [0.6666666666666667, 0.536231884057971, 0.6306429548563611, 0.49760765550239233, 0.5738636363636364, 0.7754010695187166, 0.7846153846153847, 0.6354166666666667, 0.5606758832565284, 0.5762962962962963, 0.625668449197861, 0.6679841897233202, 0.6571428571428571, 0.6267942583732058, 0.5112781954887218]
 mean: 0.6217524031817724, std: 0.08118542051251153
--------------------------------------------------
Subject Number: 2
Accuracy Cross: [0.5441176470588235, 0.5, 0.5, 0.5294117647058824, 0.6470588235294118, 0.7794117647058824, 0.7794117647058824, 0.5441176470588235, 0.5735294117647058, 0.7647058823529411, 0.7564102564102564, 0.6025641025641025, 0.6153846153846154, 0.8076923076923077, 0.48717948717948717]
 mean: 0.6287330316742081, std: 0.11367702036909179
F1 Score: [0.5392349726775956, 0.46232558139534885, 0.4706959706959707, 0.5018315018315018, 0.6314363143631436, 0.7509157509157509, 0.7509157509157509, 0.49605546258666033, 0.4937098844672657, 0.7312252964426877, 0.7544324772162386, 0.5280109310950615, 0.59375, 0.7893789378937894, 0.4510907811400422]
 mean: 0.5963339742424538, std: 0.12159285714550108
Accuracy Intime: [0.6428571428571429, 0.5714285714285714, 0.5714285714285714, 0.5384615384615384, 0.6538461538461539, 0.8928571428571429, 1.0, 0.5714285714285714, 0.7692307692307693, 0.6923076923076923, 0.8928571428571429, 0.5714285714285714, 0.7142857142857143, 0.6153846153846154, 0.7692307692307693]
 mean: 0.6978021978021978, std: 0.13636635035033176
F1 (Intime): [0.6428571428571429, 0.5087719298245614, 0.5333333333333333, 0.5125, 0.6267942583732058, 0.8893280632411067, 1.0, 0.5333333333333333, 0.7678571428571428, 0.6601307189542484, 0.89272030651341, 0.5087719298245614, 0.6888888888888889, 0.5751633986928104, 0.7291666666666667]
 mean: 0.6713078075573606, std: 0.15184698988681247
--------------------------------------------------
Subject Number: 3
Accuracy Cross: [0.47058823529411764, 0.6176470588235294, 0.7058823529411765, 0.5588235294117647, 0.6617647058823529, 0.4714285714285714, 0.4714285714285714, 0.4857142857142857, 0.5285714285714286, 0.4857142857142857, 0.5569620253164557, 0.569620253164557, 0.4050632911392405, 0.5316455696202531, 0.5443037974683544]
 mean: 0.5376771974612631, std: 0.07674804111775296
F1 Score: [0.4535714285714286, 0.6163194444444444, 0.6928635953026197, 0.5490716180371353, 0.6489337822671155, 0.4625440962855364, 0.4580456162377066, 0.47500000000000003, 0.5284751990202081, 0.4789081885856079, 0.53270238296434, 0.4786490683229814, 0.3724860571235423, 0.4922702796595449, 0.4935897435897436]
 mean: 0.5155620333607971, std: 0.0803196132090536
Accuracy Intime: [0.6071428571428571, 0.6428571428571429, 0.5714285714285714, 0.5, 0.5714285714285714, 0.6071428571428571, 0.6071428571428571, 0.5, 0.6538461538461539, 0.6923076923076923, 0.6785714285714286, 0.6071428571428571, 0.6071428571428571, 0.6153846153846154, 0.5384615384615384]
 mean: 0.6, std: 0.05497984246729098
F1 (Intime): [0.6066411238825031, 0.6428571428571429, 0.5508021390374331, 0.4555555555555556, 0.5508021390374331, 0.5809523809523809, 0.561877667140825, 0.4555555555555556, 0.6491754122938531, 0.675, 0.6781609195402298, 0.5809523809523809, 0.5809523809523809, 0.5751633986928104, 0.5357142857142857]
 mean: 0.5786774988109847, std: 0.06484543954893374
--------------------------------------------------
Subject Number: 4
Accuracy Cross: [0.5797101449275363, 0.6956521739130435, 0.6086956521739131, 0.6521739130434783, 0.6086956521739131, 0.6956521739130435, 0.5942028985507246, 0.6666666666666666, 0.8115942028985508, 0.6666666666666666, 0.7948717948717948, 0.782051282051282, 0.8205128205128205, 0.717948717948718, 0.7948717948717948]
 mean: 0.6993311036789298, std: 0.08120295017314053
F1 Score: [0.4225108225108225, 0.6612111292962357, 0.4623376623376624, 0.5490196078431372, 0.4623376623376624, 0.6356550163439778, 0.5609090909090909, 0.6115055079559364, 0.790273556231003, 0.6009554940910233, 0.7467532467532467, 0.7523809523809524, 0.7893518518518519, 0.6173059768064229, 0.7645283018867925]
 mean: 0.6284690586357212, std: 0.1185211901926387
Accuracy Intime: [0.9285714285714286, 0.8571428571428571, 0.6071428571428571, 0.6071428571428571, 0.5769230769230769, 0.8928571428571429, 0.5357142857142857, 0.6785714285714286, 0.6428571428571429, 0.6153846153846154, 1.0, 0.8214285714285714, 0.7857142857142857, 0.6785714285714286, 0.6153846153846154]
 mean: 0.722893772893773, std: 0.14053432325817164
F1 (Intime): [0.9282051282051282, 0.8444444444444444, 0.49918699186991866, 0.4490161001788909, 0.5762962962962963, 0.8857142857142857, 0.4822190611664296, 0.6199095022624435, 0.5625, 0.59375, 1.0, 0.8193548387096774, 0.7543859649122806, 0.6679841897233202, 0.59375]
 mean: 0.685114453565541, std: 0.16857937656978259
--------------------------------------------------
Subject Number: 5
Accuracy Cross: [0.6470588235294118, 0.6176470588235294, 0.7794117647058824, 0.6176470588235294, 0.7205882352941176, 0.7, 0.7142857142857143, 0.7, 0.6714285714285714, 0.7142857142857143, 0.6811594202898551, 0.6956521739130435, 0.7101449275362319, 0.7971014492753623, 0.7536231884057971]
 mean: 0.7013356067064507, std: 0.04971622559174815
F1 Score: [0.5968379446640316, 0.5729468599033817, 0.7681291202546032, 0.5252416756176155, 0.6911307673918241, 0.6378418329637842, 0.6762257169287696, 0.6703296703296704, 0.665905789582901, 0.6598639455782314, 0.655, 0.6861598440545809, 0.6577380952380952, 0.7717391304347826, 0.7310249942673699]
 mean: 0.6644076924806428, std: 0.06389450127492266
Accuracy Intime: [1.0, 0.8214285714285714, 0.7857142857142857, 0.6071428571428571, 0.5769230769230769, 0.9285714285714286, 0.7142857142857143, 0.75, 0.6153846153846154, 0.6153846153846154, 0.7142857142857143, 0.7857142857142857, 0.8214285714285714, 0.5769230769230769, 0.6538461538461539]
 mean: 0.731135531135531, std: 0.12387182254714547
F1 (Intime): [1.0, 0.8212005108556832, 0.7543859649122806, 0.5354449472096531, 0.36585365853658536, 0.9282051282051282, 0.7005347593582887, 0.7211948790896159, 0.59375, 0.4583333333333333, 0.7128205128205127, 0.78125, 0.8095238095238095, 0.5438596491228069, 0.6067226890756303]
 mean: 0.6888719894695553, std: 0.16704946156530337
--------------------------------------------------
Subject Number: 6
Accuracy Cross: [0.47761194029850745, 0.47761194029850745, 0.6268656716417911, 0.5970149253731343, 0.4925373134328358, 0.6231884057971014, 0.5072463768115942, 0.5507246376811594, 0.5942028985507246, 0.5797101449275363, 0.4057971014492754, 0.4782608695652174, 0.4492753623188406, 0.5507246376811594, 0.4927536231884058]
 mean: 0.5269017232677194, std: 0.06495302654344444
F1 Score: [0.4657097288676236, 0.4733887267011003, 0.6144994246260069, 0.5726435152374203, 0.46575984990619135, 0.566247582205029, 0.44565217391304346, 0.5179175118323192, 0.5836206896551724, 0.5782929399367756, 0.40379346680716544, 0.47815126050420165, 0.4349137931034483, 0.4763769889840881, 0.47693307342430147]
 mean: 0.5035933817135925, std: 0.06169546789937253
Accuracy Intime: [0.7142857142857143, 0.5714285714285714, 0.8214285714285714, 0.39285714285714285, 0.6538461538461539, 0.7142857142857143, 0.6071428571428571, 0.5384615384615384, 0.6153846153846154, 0.6153846153846154, 0.7142857142857143, 0.7142857142857143, 0.6538461538461539, 0.6538461538461539, 0.6923076923076923]
 mean: 0.6448717948717948, std: 0.095333848736513
F1 (Intime): [0.7005347593582887, 0.5625, 0.8155467720685112, 0.39208173690932313, 0.6067226890756303, 0.7083333333333333, 0.5942028985507246, 0.5272727272727272, 0.59375, 0.5486111111111112, 0.7005347593582887, 0.7142857142857143, 0.6067226890756303, 0.6267942583732058, 0.675]
 mean: 0.6248595632514993, std: 0.09704795118658766
--------------------------------------------------
Subject Number: 7
Accuracy Cross: [0.4852941176470588, 0.6470588235294118, 0.5588235294117647, 0.6176470588235294, 0.5735294117647058, 0.5735294117647058, 0.6617647058823529, 0.6617647058823529, 0.6029411764705882, 0.6470588235294118, 0.5652173913043478, 0.5072463768115942, 0.5942028985507246, 0.6521739130434783, 0.5652173913043478]
 mean: 0.5942313157146917, std: 0.052859984963255675
F1 Score: [0.4188034188034188, 0.6314363143631436, 0.49604743083003955, 0.5888372093023255, 0.5184371184371185, 0.562069731290251, 0.659926070884975, 0.6489337822671155, 0.5958617653532907, 0.6314363143631436, 0.5576923076923077, 0.5021222410865874, 0.5941176470588235, 0.6296958855098389, 0.5629222972972974]
 mean: 0.5732226356359784, std: 0.06467312880633533
Accuracy Intime: [0.7142857142857143, 0.6785714285714286, 0.6785714285714286, 0.5, 0.5769230769230769, 0.7857142857142857, 0.7857142857142857, 0.7857142857142857, 0.5384615384615384, 0.6538461538461539, 0.7142857142857143, 0.7142857142857143, 0.8571428571428571, 0.6153846153846154, 0.7307692307692307]
 mean: 0.6886446886446885, std: 0.09585073452114193
F1 (Intime): [0.7128205128205127, 0.6415362731152205, 0.5902439024390245, 0.4609250398724083, 0.5712143928035982, 0.7846153846153847, 0.7754010695187166, 0.7666666666666666, 0.5357142857142857, 0.6267942583732058, 0.7005347593582887, 0.7005347593582887, 0.8541666666666667, 0.5112781954887218, 0.7097288676236044]
 mean: 0.6628116689623061, std: 0.10885576773574393
--------------------------------------------------
Subject Number: 8
Accuracy Cross: [0.6285714285714286, 0.5714285714285714, 0.5142857142857142, 0.5714285714285714, 0.6, 0.6086956521739131, 0.4927536231884058, 0.5942028985507246, 0.5797101449275363, 0.5507246376811594, 0.5882352941176471, 0.5, 0.47058823529411764, 0.5735294117647058, 0.4411764705882353]
 mean: 0.552355376933382, std: 0.053546198798631456
F1 Score: [0.5138888888888888, 0.4582043343653251, 0.42176870748299317, 0.5143385753931544, 0.47649572649572647, 0.5644143090951602, 0.4462279293739968, 0.5609090909090909, 0.5490196078431373, 0.4763769889840881, 0.5041666666666667, 0.47786811201445345, 0.4306976744186047, 0.3644859813084112, 0.43333333333333335]
 mean: 0.479479728438202, std: 0.05436404991036424
Accuracy Intime: [0.6785714285714286, 0.6428571428571429, 0.7142857142857143, 0.4230769230769231, 0.6923076923076923, 0.6071428571428571, 0.6428571428571429, 0.5714285714285714, 0.5769230769230769, 0.6153846153846154, 0.75, 0.6785714285714286, 0.5714285714285714, 0.5357142857142857, 0.7307692307692307]
 mean: 0.6287545787545787, std: 0.08273970424799373
F1 (Intime): [0.6415362731152205, 0.625668449197861, 0.672514619883041, 0.4009216589861751, 0.6601307189542484, 0.49918699186991866, 0.6111111111111112, 0.5508021390374331, 0.5712143928035982, 0.59375, 0.7333333333333334, 0.6571428571428571, 0.5625, 0.5351213282247764, 0.7097288676236044]
 mean: 0.6016441827522119, std: 0.08291508245550912
--------------------------------------------------
Subject Number: 9
Accuracy Cross: [0.5373134328358209, 0.44776119402985076, 0.6567164179104478, 0.5671641791044776, 0.5373134328358209, 0.75, 0.8088235294117647, 0.5735294117647058, 0.6764705882352942, 0.6617647058823529, 0.6142857142857143, 0.6857142857142857, 0.7714285714285715, 0.7571428571428571, 0.7428571428571429]
 mean: 0.652552364229274, std: 0.10080209932135385
F1 Score: [0.5356583948133244, 0.43977401129943505, 0.5958562811434566, 0.417041704170417, 0.5013205282112845, 0.7372130029552171, 0.7841269841269841, 0.5689617486338798, 0.6621499548328816, 0.6392156862745098, 0.5343680709534369, 0.6683893195521102, 0.7409805735430157, 0.7068243409706825, 0.7246503496503496]
 mean: 0.6171020634087322, std: 0.11062154184021128
Accuracy Intime: [0.8214285714285714, 0.8214285714285714, 0.75, 0.6923076923076923, 0.46153846153846156, 0.7142857142857143, 0.9285714285714286, 0.5769230769230769, 0.7307692307692307, 0.5769230769230769, 0.7857142857142857, 0.8928571428571429, 0.7692307692307693, 0.5384615384615384, 0.6538461538461539]
 mean: 0.7142857142857142, std: 0.12834895124869586
F1 (Intime): [0.8095238095238095, 0.8193548387096774, 0.7043740573152337, 0.6601307189542484, 0.40522875816993464, 0.7083333333333333, 0.9251336898395721, 0.5438596491228069, 0.7303703703703703, 0.5606758832565284, 0.7846153846153847, 0.89272030651341, 0.7450980392156863, 0.35, 0.5783783783783785]
 mean: 0.6811864811545584, std: 0.160939973204838
--------------------------------------------------
Subject Number: 10
Accuracy Cross: [0.4626865671641791, 0.5223880597014925, 0.5970149253731343, 0.47761194029850745, 0.5373134328358209, 0.5735294117647058, 0.4852941176470588, 0.5441176470588235, 0.5735294117647058, 0.7941176470588235, 0.6164383561643836, 0.5205479452054794, 0.4246575342465753, 0.5068493150684932, 0.6164383561643836]
 mean: 0.5501689778344379, std: 0.08492640123887348
F1 Score: [0.4528130671506352, 0.5037037037037037, 0.4959598774031764, 0.4537619380386676, 0.5306214689265537, 0.5726977248104008, 0.4714634687985787, 0.543228602383532, 0.5689617486338798, 0.782051282051282, 0.5654761904761905, 0.4963532426572048, 0.4193181818181818, 0.4992378048780488, 0.5885668276972624]
 mean: 0.5296143419618198, std: 0.08290896374276259
Accuracy Intime: [0.35714285714285715, 0.6071428571428571, 0.4642857142857143, 0.4230769230769231, 0.5, 0.6785714285714286, 0.5714285714285714, 0.5769230769230769, 0.6153846153846154, 0.6538461538461539, 0.7142857142857143, 0.7142857142857143, 0.4230769230769231, 0.6538461538461539, 0.6153846153846154]
 mean: 0.5712454212454213, std: 0.1088016916299759
F1 (Intime): [0.35714285714285715, 0.5354449472096531, 0.45806451612903226, 0.4152923538230885, 0.49925925925925924, 0.6415362731152205, 0.5508021390374331, 0.5712143928035982, 0.6153846153846154, 0.5783783783783785, 0.6888888888888889, 0.7128205128205127, 0.4152923538230885, 0.6491754122938531, 0.5751633986928104]
 mean: 0.5509240199201526, std: 0.10161746605964057
--------------------------------------------------
Subject Number: 11
Accuracy Cross: [0.5, 0.5, 0.5147058823529411, 0.5294117647058824, 0.5588235294117647, 0.5362318840579711, 0.4782608695652174, 0.4782608695652174, 0.37681159420289856, 0.463768115942029, 0.48, 0.52, 0.5466666666666666, 0.6, 0.5733333333333334]
 mean: 0.5104183006535947, std: 0.051649475615929516
F1 Score: [0.47786811201445345, 0.47786811201445345, 0.5146009085009734, 0.5190097259062776, 0.5392953929539295, 0.5132275132275133, 0.3839285714285714, 0.4354545454545455, 0.35737491877842753, 0.375030599755202, 0.47665056360708535, 0.47916666666666663, 0.5155775075987842, 0.5833333333333333, 0.48542024013722124]
 mean: 0.4755871140918292, std: 0.061270063785742415
Accuracy Intime: [0.6071428571428571, 0.6428571428571429, 0.6071428571428571, 0.5357142857142857, 0.5769230769230769, 0.6428571428571429, 0.6428571428571429, 0.6428571428571429, 0.6923076923076923, 0.5384615384615384, 0.6071428571428571, 0.6785714285714286, 0.5714285714285714, 0.5769230769230769, 0.6923076923076923]
 mean: 0.617032967032967, std: 0.049101331017030556
F1 (Intime): [0.561877667140825, 0.6111111111111112, 0.5809523809523809, 0.5351213282247764, 0.519327731092437, 0.641025641025641, 0.5238095238095237, 0.5906432748538011, 0.6904761904761905, 0.5125, 0.6066411238825031, 0.6415362731152205, 0.5087719298245614, 0.5712143928035982, 0.6388888888888888]
 mean: 0.5822598304800973, std: 0.05402891142021386
--------------------------------------------------
Subject Number: 12
Accuracy Cross: [0.7164179104477612, 0.6865671641791045, 0.6119402985074627, 0.582089552238806, 0.7014925373134329, 0.5507246376811594, 0.5652173913043478, 0.5652173913043478, 0.6086956521739131, 0.5797101449275363, 0.6617647058823529, 0.6764705882352942, 0.6764705882352942, 0.7205882352941176, 0.7058823529411765]
 mean: 0.6406166100444072, std: 0.059812734454270704
F1 Score: [0.6564102564102564, 0.667611622962438, 0.46629901960784315, 0.48574561403508776, 0.6532091097308489, 0.38268398268398274, 0.4362745098039216, 0.4145927601809955, 0.5801217038539555, 0.4449375866851595, 0.5575671852899575, 0.6386473429951691, 0.59828141783029, 0.6584721120803595, 0.6458333333333333]
 mean: 0.5524458371655732, std: 0.09975240224279518
Accuracy Intime: [0.8928571428571429, 0.9642857142857143, 0.6428571428571429, 0.7307692307692307, 0.7307692307692307, 0.8214285714285714, 0.75, 0.5769230769230769, 0.6923076923076923, 0.6923076923076923, 0.75, 0.8214285714285714, 0.6923076923076923, 0.5769230769230769, 0.6538461538461539]
 mean: 0.7326007326007324, std: 0.10435543215245938
F1 (Intime): [0.8916129032258064, 0.9631093544137023, 0.5625, 0.7097288676236044, 0.6720720720720721, 0.8008534850640114, 0.7333333333333334, 0.48468468468468473, 0.6848484848484848, 0.6601307189542484, 0.7470967741935484, 0.8155467720685112, 0.6388888888888888, 0.5606758832565284, 0.6267942583732058]
 mean: 0.7034584320667088, std: 0.12357989751382109
--------------------------------------------------
Subject Number: 13
Accuracy Cross: [0.4626865671641791, 0.47761194029850745, 0.3880597014925373, 0.40298507462686567, 0.4626865671641791, 0.6142857142857143, 0.5857142857142857, 0.6714285714285714, 0.5714285714285714, 0.5428571428571428, 0.5797101449275363, 0.7971014492753623, 0.7391304347826086, 0.7246376811594203, 0.7971014492753623]
 mean: 0.587828353058723, std: 0.13084174613074265
F1 Score: [0.4041501976284585, 0.4265101491807288, 0.2979810886787631, 0.30641821946169767, 0.35851063829787233, 0.6103896103896104, 0.5709152399069963, 0.6697435897435897, 0.5714285714285714, 0.5176571920757967, 0.5616648411829135, 0.7960304054054055, 0.7386363636363636, 0.7244061383224721, 0.7960304054054055]
 mean: 0.5566981767163096, std: 0.16380679762052092
Accuracy Intime: [0.6785714285714286, 0.6428571428571429, 0.8214285714285714, 0.8571428571428571, 0.6538461538461539, 0.6071428571428571, 0.7142857142857143, 0.5769230769230769, 0.6538461538461539, 0.5, 0.6785714285714286, 0.7142857142857143, 0.5384615384615384, 0.6538461538461539, 0.46153846153846156]
 mean: 0.6501831501831501, std: 0.10325512893136418
F1 (Intime): [0.6748387096774193, 0.6428571428571429, 0.8155467720685112, 0.8502673796791445, 0.6533333333333333, 0.6066411238825031, 0.7128205128205127, 0.5712143928035982, 0.6533333333333333, 0.4609250398724083, 0.6748387096774193, 0.7083333333333333, 0.4583333333333333, 0.6491754122938531, 0.4484848484848485]
 mean: 0.6387295584967131, std: 0.11414768985825394
--------------------------------------------------
Subject Number: 14
Accuracy Cross: [0.4264705882352941, 0.4264705882352941, 0.4264705882352941, 0.4264705882352941, 0.45588235294117646, 0.7058823529411765, 0.75, 0.75, 0.6764705882352942, 0.8088235294117647, 0.6666666666666666, 0.6086956521739131, 0.6086956521739131, 0.7681159420289855, 0.6666666666666666]
 mean: 0.6114521170787156, std: 0.137166962968897
F1 Score: [0.29896907216494845, 0.29896907216494845, 0.29896907216494845, 0.29896907216494845, 0.3540436456996149, 0.7056277056277056, 0.7499459225611076, 0.7499459225611076, 0.6761904761904762, 0.8084507042253521, 0.5597780859916782, 0.6083666176161446, 0.6083666176161446, 0.7261904761904763, 0.6562703053931124]
 mean: 0.5599368512221811, std: 0.187105462374724
Accuracy Intime: [0.9642857142857143, 0.8928571428571429, 0.8928571428571429, 0.8846153846153846, 0.6153846153846154, 0.8214285714285714, 0.8928571428571429, 0.6428571428571429, 0.7692307692307693, 0.6923076923076923, 0.7857142857142857, 0.75, 0.7142857142857143, 0.8076923076923077, 0.6923076923076923]
 mean: 0.787912087912088, std: 0.10043679511426348
F1 (Intime): [0.9631093544137023, 0.89272030651341, 0.8857142857142857, 0.8844444444444444, 0.59375, 0.8212005108556832, 0.89272030651341, 0.6354166666666667, 0.7678571428571428, 0.6904761904761905, 0.7543859649122806, 0.7470967741935484, 0.7083333333333333, 0.8050974512743628, 0.6923076923076923]
 mean: 0.7823086949650769, std: 0.10379224542429061
--------------------------------------------------
Subject Number: 15
Accuracy Cross: [0.463768115942029, 0.4782608695652174, 0.4927536231884058, 0.4782608695652174, 0.5652173913043478, 0.4264705882352941, 0.5441176470588235, 0.6029411764705882, 0.5588235294117647, 0.47058823529411764, 0.47058823529411764, 0.5147058823529411, 0.4411764705882353, 0.6029411764705882, 0.4264705882352941]
 mean: 0.5024722932651321, std: 0.05732488279172274
F1 Score: [0.375030599755202, 0.3994197292069632, 0.4709748083242059, 0.41304347826086957, 0.5436507936507937, 0.29896907216494845, 0.5055125498475252, 0.5826324164582859, 0.5584415584415584, 0.3799392097264438, 0.4588859416445623, 0.46354291178579965, 0.3882575757575758, 0.6028552887735237, 0.29896907216494845]
 mean: 0.4493416670642137, std: 0.09278989815202221
Accuracy Intime: [0.7142857142857143, 0.8214285714285714, 0.6428571428571429, 0.6538461538461539, 0.5, 0.6428571428571429, 0.7857142857142857, 0.7142857142857143, 0.6153846153846154, 0.5, 0.5714285714285714, 0.5714285714285714, 0.5714285714285714, 0.46153846153846156, 0.4230769230769231]
 mean: 0.6126373626373626, std: 0.11164802716920921
F1 (Intime): [0.7128205128205127, 0.8212005108556832, 0.6354166666666667, 0.6267942583732058, 0.4609250398724083, 0.641025641025641, 0.7857142857142857, 0.7083333333333333, 0.6130952380952381, 0.4609250398724083, 0.5333333333333333, 0.5508021390374331, 0.5714285714285714, 0.4484848484848485, 0.3445378151260504]
 mean: 0.594322482269308, std: 0.12801303258655305
--------------------------------------------------
Subject Number: 16
Accuracy Cross: [0.5522388059701493, 0.5074626865671642, 0.5522388059701493, 0.417910447761194, 0.43283582089552236, 0.6119402985074627, 0.5970149253731343, 0.6567164179104478, 0.6567164179104478, 0.6567164179104478, 0.43283582089552236, 0.44776119402985076, 0.44776119402985076, 0.5970149253731343, 0.40298507462686567]
 mean: 0.5313432835820896, std: 0.09181227760734148
F1 Score: [0.5130813953488372, 0.45928099779897286, 0.4302721088435374, 0.3986191024165708, 0.40290806754221387, 0.5601010101010101, 0.5575935436537051, 0.6517514124293786, 0.6300120048019208, 0.6564102564102564, 0.4224137931034483, 0.44578582606751616, 0.4294591484464902, 0.5836593785960874, 0.37962962962962965]
 mean: 0.501398511679305, std: 0.094203462503935
Accuracy Intime: [0.6428571428571429, 0.7142857142857143, 0.6923076923076923, 0.5769230769230769, 0.5, 0.5714285714285714, 0.5714285714285714, 0.46153846153846156, 0.5, 0.5, 0.7142857142857143, 0.6428571428571429, 0.6923076923076923, 0.5384615384615384, 0.8076923076923077]
 mean: 0.6084249084249085, std: 0.09799065406194087
F1 (Intime): [0.625668449197861, 0.672514619883041, 0.6388888888888888, 0.5762962962962963, 0.4807987711213518, 0.4285714285714286, 0.475, 0.4484848484848485, 0.4609250398724083, 0.49925925925925924, 0.6888888888888889, 0.5625, 0.6848484848484848, 0.5384615384615384, 0.8074074074074074]
 mean: 0.5725675947454468, std: 0.1069841213108662
--------------------------------------------------
Subject Number: 17
Accuracy Cross: [0.6323529411764706, 0.6176470588235294, 0.5588235294117647, 0.5735294117647058, 0.7058823529411765, 0.5652173913043478, 0.5797101449275363, 0.6231884057971014, 0.6376811594202898, 0.8115942028985508, 0.5882352941176471, 0.6470588235294118, 0.5735294117647058, 0.5882352941176471, 0.6323529411764706]
 mean: 0.6223358908780905, std: 0.06328346738016358
F1 Score: [0.535899535899536, 0.5521783181357649, 0.3584905660377358, 0.39416282642089095, 0.6555217831813577, 0.3611111111111111, 0.4225108225108225, 0.5847222222222223, 0.5532245532245532, 0.7943132309103417, 0.4887218045112782, 0.5866261398176291, 0.4198293615769344, 0.45098039215686275, 0.5848595848595848]
 mean: 0.516210150171775, std: 0.11577899677681393
Accuracy Intime: [0.7142857142857143, 0.5714285714285714, 0.7142857142857143, 0.6538461538461539, 0.7307692307692307, 0.5714285714285714, 0.6428571428571429, 0.6785714285714286, 0.6923076923076923, 0.6923076923076923, 0.7142857142857143, 0.75, 0.75, 0.6538461538461539, 0.6538461538461539]
 mean: 0.678937728937729, std: 0.05366519141923059
F1 (Intime): [0.7128205128205127, 0.5714285714285714, 0.65, 0.6067226890756303, 0.641025641025641, 0.4285714285714286, 0.6111111111111112, 0.5902439024390245, 0.6848484848484848, 0.5666666666666667, 0.7083333333333333, 0.7470967741935484, 0.7333333333333334, 0.5783783783783785, 0.6067226890756303]
 mean: 0.6291535677534196, std: 0.07941659922347916
--------------------------------------------------
Subject Number: 18
Accuracy Cross: [0.5942028985507246, 0.6086956521739131, 0.6376811594202898, 0.5942028985507246, 0.6376811594202898, 0.47058823529411764, 0.39705882352941174, 0.4264705882352941, 0.5735294117647058, 0.5294117647058824, 0.7142857142857143, 0.5142857142857142, 0.5714285714285714, 0.7285714285714285, 0.6142857142857143]
 mean: 0.5741586489668331, std: 0.09116047854023579
F1 Score: [0.5792682926829269, 0.6003003647285989, 0.5662559718380689, 0.5328820116054158, 0.6376811594202898, 0.3952569169960475, 0.39588299024918744, 0.4110592938041306, 0.562069731290251, 0.5277777777777778, 0.7133497133497133, 0.5138888888888888, 0.5700245700245701, 0.7285160236783017, 0.6103896103896104]
 mean: 0.5563068877815852, std: 0.09749525636643269
Accuracy Intime: [0.7142857142857143, 0.7857142857142857, 0.6071428571428571, 0.6153846153846154, 0.6153846153846154, 0.7142857142857143, 0.6785714285714286, 0.75, 0.6785714285714286, 0.5, 0.8214285714285714, 0.6071428571428571, 0.75, 0.6153846153846154, 0.6538461538461539]
 mean: 0.6738095238095237, std: 0.08123366178930393
F1 (Intime): [0.7128205128205127, 0.7846153846153847, 0.49918699186991866, 0.606060606060606, 0.5751633986928104, 0.7083333333333333, 0.6415362731152205, 0.7211948790896159, 0.6781609195402298, 0.4932533733133433, 0.8155467720685112, 0.6066411238825031, 0.7470967741935484, 0.606060606060606, 0.6491754122938531]
 mean: 0.6563230907299998, std: 0.0917584773437874
--------------------------------------------------
Subject Number: 19
Accuracy Cross: [0.582089552238806, 0.5970149253731343, 0.6417910447761194, 0.6567164179104478, 0.5671641791044776, 0.5735294117647058, 0.6029411764705882, 0.6029411764705882, 0.5588235294117647, 0.5588235294117647, 0.5588235294117647, 0.5294117647058824, 0.6617647058823529, 0.6617647058823529, 0.6617647058823529]
 mean: 0.6010242903131402, std: 0.04365564169561602
F1 Score: [0.3987179487179487, 0.5376948632762586, 0.5723404255319149, 0.5706324881582614, 0.3619047619047619, 0.5712111328549685, 0.5878787878787879, 0.6021668472372698, 0.5588235294117647, 0.5526315789473684, 0.5553618134263296, 0.5294117647058824, 0.6557340964120626, 0.6611050920910075, 0.6611050920910075]
 mean: 0.5584480148430395, std: 0.08135667767615108
Accuracy Intime: [0.9285714285714286, 0.6428571428571429, 0.6785714285714286, 0.6153846153846154, 0.6538461538461539, 0.7857142857142857, 0.7142857142857143, 1.0, 0.6153846153846154, 0.6538461538461539, 0.6785714285714286, 0.7142857142857143, 0.8846153846153846, 0.6538461538461539, 0.7692307692307693]
 mean: 0.7326007326007328, std: 0.11484115284292727
F1 (Intime): [0.9251336898395721, 0.6354166666666667, 0.6748387096774193, 0.606060606060606, 0.48115299334811534, 0.7754010695187166, 0.672514619883041, 1.0, 0.6153846153846154, 0.6533333333333333, 0.6748387096774193, 0.6888888888888889, 0.880184331797235, 0.6533333333333333, 0.7636363636363637]
 mean: 0.7133411954030217, std: 0.13032438994171178
--------------------------------------------------
Subject Number: 20
Accuracy Cross: [0.5671641791044776, 0.6716417910447762, 0.6567164179104478, 0.5970149253731343, 0.582089552238806, 0.5671641791044776, 0.5522388059701493, 0.7164179104477612, 0.7014925373134329, 0.6268656716417911, 0.6376811594202898, 0.6811594202898551, 0.7246376811594203, 0.6956521739130435, 0.6376811594202898]
 mean: 0.6410411709568102, std: 0.05569976159258116
F1 Score: [0.417041704170417, 0.6429263565891472, 0.5840755735492578, 0.4779220779220779, 0.4252450980392157, 0.39148136548700285, 0.4088235294117647, 0.682147315855181, 0.680952380952381, 0.5165945165945166, 0.6112237998647735, 0.648611111111111, 0.6703545385969324, 0.6537634408602151, 0.521497919556172]
 mean: 0.5555107152373444, std: 0.10586189509783178
Accuracy Intime: [0.75, 0.7142857142857143, 0.6923076923076923, 0.6153846153846154, 0.6153846153846154, 0.6071428571428571, 0.6785714285714286, 0.8846153846153846, 0.6923076923076923, 0.5769230769230769, 0.75, 0.6071428571428571, 0.8076923076923077, 0.6538461538461539, 0.6153846153846154]
 mean: 0.6840659340659341, std: 0.08312879943204209
F1 (Intime): [0.7043740573152337, 0.65, 0.6601307189542484, 0.5751633986928104, 0.5112781954887218, 0.5809523809523809, 0.6415362731152205, 0.880184331797235, 0.6601307189542484, 0.36585365853658536, 0.7417654808959157, 0.561877667140825, 0.8003072196620584, 0.6267942583732058, 0.38095238095238093]
 mean: 0.6227533827220715, std: 0.13345096480315627
--------------------------------------------------
Subject Number: 21
Accuracy Cross: [0.5285714285714286, 0.5142857142857142, 0.4714285714285714, 0.5714285714285714, 0.5142857142857142, 0.5147058823529411, 0.5735294117647058, 0.47058823529411764, 0.5441176470588235, 0.45588235294117646, 0.43478260869565216, 0.5507246376811594, 0.5217391304347826, 0.5507246376811594, 0.5217391304347826]
 mean: 0.5159022449559533, std: 0.04006222202946761
F1 Score: [0.5166352793471437, 0.5126945126945127, 0.46608946608946605, 0.571078431372549, 0.5126945126945127, 0.513759479956663, 0.5689617486338798, 0.4701298701298701, 0.543228602383532, 0.45292454881495975, 0.3935091277890467, 0.5179175118323192, 0.5201264488935722, 0.5314348302300109, 0.5012048192771085]
 mean: 0.50615927934261, std: 0.04412871233182826
Accuracy Intime: [0.6071428571428571, 0.5357142857142857, 0.6428571428571429, 0.46153846153846156, 0.34615384615384615, 0.5714285714285714, 0.7142857142857143, 0.6071428571428571, 0.5, 0.5, 0.5714285714285714, 0.6428571428571429, 0.75, 0.6923076923076923, 0.7692307692307693]
 mean: 0.5941391941391941, std: 0.11116235451071449
F1 (Intime): [0.561877667140825, 0.5303225806451612, 0.6354166666666667, 0.45833333333333337, 0.34518518518518515, 0.5333333333333333, 0.7083333333333333, 0.5942028985507246, 0.5, 0.4932533733133433, 0.475, 0.6354166666666667, 0.7417654808959157, 0.6388888888888888, 0.7636363636363637]
 mean: 0.5743310514393161, std: 0.11122176258360669
--------------------------------------------------
Subject Number: 22
Accuracy Cross: [0.7941176470588235, 0.7941176470588235, 0.5882352941176471, 0.7352941176470589, 0.75, 0.5857142857142857, 0.7285714285714285, 0.5428571428571428, 0.6571428571428571, 0.7857142857142857, 0.6081081081081081, 0.6756756756756757, 0.7162162162162162, 0.6081081081081081, 0.6081081081081081]
 mean: 0.6785320614732381, std: 0.08204970090452698
F1 Score: [0.7934027777777778, 0.7875, 0.5492424242424242, 0.68125, 0.7288294628196106, 0.5527649261951972, 0.7069839171623706, 0.5238095238095238, 0.6560196560196561, 0.7853199754651401, 0.5992530345471522, 0.6375510204081632, 0.7149146945514584, 0.5992530345471522, 0.6063107686662998]
 mean: 0.661493681080795, std: 0.08688441332316732
Accuracy Intime: [0.8928571428571429, 0.7857142857142857, 0.6785714285714286, 0.5357142857142857, 0.6785714285714286, 0.8928571428571429, 0.8571428571428571, 0.5714285714285714, 0.6923076923076923, 0.5384615384615384, 0.7142857142857143, 0.9642857142857143, 0.6428571428571429, 0.6538461538461539, 0.6923076923076923]
 mean: 0.7194139194139193, std: 0.12828961109679604
F1 (Intime): [0.89272030651341, 0.7754010695187166, 0.6199095022624435, 0.4509803921568627, 0.5491949910554561, 0.8893280632411067, 0.8444444444444444, 0.5625, 0.6923076923076923, 0.4901960784313726, 0.672514619883041, 0.9631093544137023, 0.641025641025641, 0.6491754122938531, 0.675]
 mean: 0.6911871711698496, std: 0.14814168096456745
--------------------------------------------------
Subject Number: 23
Accuracy Cross: [0.7647058823529411, 0.6470588235294118, 0.6764705882352942, 0.6029411764705882, 0.6176470588235294, 0.7761194029850746, 0.6268656716417911, 0.7313432835820896, 0.6865671641791045, 0.746268656716418, 0.5652173913043478, 0.5362318840579711, 0.8115942028985508, 0.8115942028985508, 0.7246376811594203]
 mean: 0.6883508713890055, std: 0.08432337017025547
F1 Score: [0.7571428571428571, 0.6204651162790698, 0.6104166666666667, 0.5610805641883816, 0.5814393939393939, 0.7728813559322034, 0.5479082321187584, 0.7208333333333333, 0.6840332360206602, 0.7442173815405344, 0.5606960950764006, 0.5241379310344827, 0.8008879023307436, 0.8008879023307436, 0.7208856717053438]
 mean: 0.6671942426426382, std: 0.09558311319630691
Accuracy Intime: [0.9642857142857143, 0.8928571428571429, 0.6153846153846154, 0.6538461538461539, 0.6923076923076923, 0.9642857142857143, 0.6428571428571429, 0.6071428571428571, 0.5769230769230769, 0.6538461538461539, 0.75, 0.8928571428571429, 0.7307692307692307, 0.6153846153846154, 0.5384615384615384]
 mean: 0.7194139194139192, std: 0.1375122506340953
F1 (Intime): [0.9631093544137023, 0.8857142857142857, 0.5112781954887218, 0.6067226890756303, 0.6601307189542484, 0.9638709677419355, 0.5906432748538011, 0.561877667140825, 0.5762962962962963, 0.6405529953917051, 0.7496807151979565, 0.89272030651341, 0.7271364317841079, 0.5751633986928104, 0.5272727272727272]
 mean: 0.6954780016354776, std: 0.1537490191233014
--------------------------------------------------
Subject Number: 24
Accuracy Cross: [0.6119402985074627, 0.6567164179104478, 0.5522388059701493, 0.5970149253731343, 0.5671641791044776, 0.4852941176470588, 0.5588235294117647, 0.5147058823529411, 0.5, 0.45588235294117646, 0.5072463768115942, 0.4782608695652174, 0.4492753623188406, 0.5797101449275363, 0.5217391304347826]
 mean: 0.5357341595517723, std: 0.057937906542527846
F1 Score: [0.5852380952380952, 0.641043559282553, 0.5472972972972974, 0.5937570177408489, 0.557302346776031, 0.4048512128032008, 0.5584415584415584, 0.5016655562958028, 0.45265151515151514, 0.4196078431372549, 0.4754025044722719, 0.41304347826086957, 0.34970238095238093, 0.5616648411829135, 0.5012048192771085]
 mean: 0.5041916017539801, std: 0.0803916905680495
Accuracy Intime: [0.7142857142857143, 0.6785714285714286, 0.6071428571428571, 0.5384615384615384, 0.5, 0.7142857142857143, 0.5714285714285714, 0.5384615384615384, 0.6538461538461539, 0.8076923076923077, 0.6071428571428571, 0.6071428571428571, 0.5384615384615384, 0.8461538461538461, 0.6538461538461539]
 mean: 0.6384615384615384, std: 0.09728430191095239
F1 (Intime): [0.7005347593582887, 0.6781609195402298, 0.5942028985507246, 0.5125, 0.4932533733133433, 0.7005347593582887, 0.5333333333333333, 0.5357142857142857, 0.6533333333333333, 0.7926634768740032, 0.5809523809523809, 0.6066411238825031, 0.5357142857142857, 0.8461538461538461, 0.6533333333333333]
 mean: 0.6278017406274787, std: 0.1001101856484015
--------------------------------------------------
Subject Number: 25
Accuracy Cross: [0.782608695652174, 0.6521739130434783, 0.5942028985507246, 0.6086956521739131, 0.6521739130434783, 0.5882352941176471, 0.6764705882352942, 0.6029411764705882, 0.7205882352941176, 0.6911764705882353, 0.6388888888888888, 0.7083333333333334, 0.6944444444444444, 0.75, 0.7222222222222222]
 mean: 0.6722103817372358, std: 0.05723650634286218
F1 Score: [0.7526881720430108, 0.5642105263157895, 0.45361990950226244, 0.4623376623376624, 0.5490196078431372, 0.4012578616352201, 0.6304347826086957, 0.45984112974404234, 0.6682926829268293, 0.6225218080888184, 0.55, 0.6419606914515747, 0.6192307692307693, 0.7054545454545454, 0.6638655462184875]
 mean: 0.5829823796933896, std: 0.09943103469034824
Accuracy Intime: [0.9642857142857143, 0.6785714285714286, 0.6785714285714286, 0.5384615384615384, 0.6923076923076923, 0.6785714285714286, 0.6071428571428571, 0.6428571428571429, 0.6428571428571429, 0.7307692307692307, 0.8571428571428571, 0.6785714285714286, 0.6785714285714286, 0.6153846153846154, 0.6923076923076923]
 mean: 0.6917582417582417, std: 0.09841762168157098
F1 (Intime): [0.9631093544137023, 0.6415362731152205, 0.5902439024390245, 0.4583333333333333, 0.5666666666666667, 0.6571428571428571, 0.561877667140825, 0.5625, 0.5906432748538011, 0.7097288676236044, 0.8502673796791445, 0.6199095022624435, 0.5902439024390245, 0.5112781954887218, 0.6388888888888888]
 mean: 0.6341580043658172, std: 0.1233180007717316
--------------------------------------------------
Subject Number: 26
Accuracy Cross: [0.4492753623188406, 0.6086956521739131, 0.6376811594202898, 0.6376811594202898, 0.6086956521739131, 0.7428571428571429, 0.6571428571428571, 0.6, 0.6857142857142857, 0.8, 0.6323529411764706, 0.6323529411764706, 0.75, 0.7794117647058824, 0.7205882352941176]
 mean: 0.6628299435716316, std: 0.08518168626526271
F1 Score: [0.33112244897959187, 0.6033638492654886, 0.6349206349206349, 0.6364594309799789, 0.6033638492654886, 0.735071488645921, 0.6428571428571428, 0.5359848484848485, 0.6634615384615384, 0.7733580018501387, 0.6284153005464481, 0.6322734155310404, 0.7288294628196106, 0.7509157509157509, 0.7156064274708342]
 mean: 0.6410669060662971, std: 0.10405605405218332
Accuracy Intime: [0.8928571428571429, 0.9642857142857143, 0.8214285714285714, 0.9230769230769231, 0.8076923076923077, 0.9285714285714286, 0.7857142857142857, 0.75, 0.6923076923076923, 0.7307692307692307, 0.8928571428571429, 0.8214285714285714, 0.8571428571428571, 0.6071428571428571, 0.7692307692307693]
 mean: 0.8163003663003664, std: 0.09430651739614583
F1 (Intime): [0.8916129032258064, 0.9631093544137023, 0.8155467720685112, 0.9226190476190477, 0.7657657657657657, 0.9282051282051282, 0.7846153846153847, 0.7211948790896159, 0.675, 0.7097288676236044, 0.8893280632411067, 0.8212005108556832, 0.8502673796791445, 0.5354449472096531, 0.7450980392156863]
 mean: 0.8012491361885227, std: 0.11016352606898387
--------------------------------------------------
Subject Number: 27
Accuracy Cross: [0.6323529411764706, 0.6176470588235294, 0.5588235294117647, 0.5735294117647058, 0.7058823529411765, 0.5652173913043478, 0.5797101449275363, 0.6231884057971014, 0.6376811594202898, 0.8115942028985508, 0.5882352941176471, 0.6470588235294118, 0.5735294117647058, 0.5882352941176471, 0.6323529411764706]
 mean: 0.6223358908780905, std: 0.06328346738016358
F1 Score: [0.535899535899536, 0.5521783181357649, 0.3584905660377358, 0.39416282642089095, 0.6555217831813577, 0.3611111111111111, 0.4225108225108225, 0.5847222222222223, 0.5532245532245532, 0.7943132309103417, 0.4887218045112782, 0.5866261398176291, 0.4198293615769344, 0.45098039215686275, 0.5848595848595848]
 mean: 0.516210150171775, std: 0.11577899677681393
Accuracy Intime: [0.7142857142857143, 0.5714285714285714, 0.7142857142857143, 0.6538461538461539, 0.7307692307692307, 0.5714285714285714, 0.6428571428571429, 0.6785714285714286, 0.6923076923076923, 0.6923076923076923, 0.7142857142857143, 0.75, 0.75, 0.6538461538461539, 0.6538461538461539]
 mean: 0.678937728937729, std: 0.05366519141923059
F1 (Intime): [0.7128205128205127, 0.5714285714285714, 0.65, 0.6067226890756303, 0.641025641025641, 0.4285714285714286, 0.6111111111111112, 0.5902439024390245, 0.6848484848484848, 0.5666666666666667, 0.7083333333333333, 0.7470967741935484, 0.7333333333333334, 0.5783783783783785, 0.6067226890756303]
 mean: 0.6291535677534196, std: 0.07941659922347916
--------------------------------------------------
Subject Number: 28
Accuracy Cross: [0.6268656716417911, 0.5522388059701493, 0.6567164179104478, 0.6119402985074627, 0.6268656716417911, 0.75, 0.7352941176470589, 0.7205882352941176, 0.7058823529411765, 0.6911764705882353, 0.4027777777777778, 0.4027777777777778, 0.375, 0.3888888888888889, 0.3888888888888889]
 mean: 0.5757267583650376, std: 0.13920497685976096
F1 Score: [0.6042995511457595, 0.5130813953488372, 0.6152309612983771, 0.5852380952380952, 0.571939688218758, 0.7473224043715847, 0.7153488372093023, 0.6584721120803595, 0.6555217831813577, 0.6905742145178765, 0.305050505050505, 0.305050505050505, 0.2727272727272727, 0.2972493345164152, 0.2972493345164152]
 mean: 0.522290399631428, std: 0.16977578253176054
Accuracy Intime: [0.7142857142857143, 0.5, 0.6428571428571429, 0.5, 0.8076923076923077, 0.5714285714285714, 0.6071428571428571, 0.5769230769230769, 0.5, 0.6538461538461539, 0.9642857142857143, 0.8928571428571429, 0.9615384615384616, 0.8076923076923077, 0.9230769230769231]
 mean: 0.7082417582417583, std: 0.16598863814065237
F1 (Intime): [0.7083333333333333, 0.4555555555555556, 0.625668449197861, 0.4932533733133433, 0.7815126050420168, 0.5333333333333333, 0.5809523809523809, 0.48468468468468473, 0.4609250398724083, 0.6267942583732058, 0.9638709677419355, 0.89272030651341, 0.9610194902548725, 0.7926634768740032, 0.9150326797385621]
 mean: 0.6850879956520604, std: 0.18109907637174485
--------------------------------------------------
Subject Number: 29
Accuracy Cross: [0.7761194029850746, 0.746268656716418, 0.7761194029850746, 0.6716417910447762, 0.7910447761194029, 0.7352941176470589, 0.7058823529411765, 0.75, 0.7941176470588235, 0.7941176470588235, 0.7285714285714285, 0.7, 0.7714285714285715, 0.8142857142857143, 0.6714285714285714]
 mean: 0.7484213386847275, std: 0.04392836778904829
F1 Score: [0.7710184552289816, 0.7346843699044956, 0.7490636704119851, 0.5959429824561404, 0.7727713178294574, 0.7043478260869566, 0.6640316205533596, 0.7288294628196106, 0.7850045167118338, 0.7746212121212122, 0.6957218027911233, 0.656140350877193, 0.7409805735430157, 0.7959183673469388, 0.5912668189895913]
 mean: 0.7173562231781264, std: 0.0631618538108328
Accuracy Intime: [1.0, 0.8928571428571429, 0.8214285714285714, 0.5384615384615384, 0.6923076923076923, 0.9285714285714286, 0.7857142857142857, 0.6923076923076923, 0.6923076923076923, 0.5769230769230769, 0.7857142857142857, 0.8928571428571429, 0.8076923076923077, 0.5769230769230769, 0.6538461538461539]
 mean: 0.7558608058608058, std: 0.13405492458648302
F1 (Intime): [1.0, 0.8916129032258064, 0.8008534850640114, 0.5125, 0.6090225563909775, 0.9251336898395721, 0.7754010695187166, 0.6601307189542484, 0.6923076923076923, 0.48468468468468473, 0.7666666666666666, 0.8893280632411067, 0.7926634768740032, 0.4358974358974359, 0.5384615384615385]
 mean: 0.7183109320750973, std: 0.16820454938012472
--------------------------------------------------
**************************************************
accuracy_cross_list: [0.613442439913028, 0.6287330316742081, 0.5376771974612631, 0.6993311036789298, 0.7013356067064507, 0.5269017232677194, 0.5942313157146917, 0.552355376933382, 0.652552364229274, 0.5501689778344379, 0.5104183006535947, 0.6406166100444072, 0.587828353058723, 0.6114521170787156, 0.5024722932651321, 0.5313432835820896, 0.6223358908780905, 0.5741586489668331, 0.6010242903131402, 0.6410411709568102, 0.5159022449559533, 0.6785320614732381, 0.6883508713890055, 0.5357341595517723, 0.6722103817372358, 0.6628299435716316, 0.6223358908780905, 0.5757267583650376, 0.7484213386847275]
f1_score_list: [0.5857948814121684, 0.5963339742424538, 0.5155620333607971, 0.6284690586357212, 0.6644076924806428, 0.5035933817135925, 0.5732226356359784, 0.479479728438202, 0.6171020634087322, 0.5296143419618198, 0.4755871140918292, 0.5524458371655732, 0.5566981767163096, 0.5599368512221811, 0.4493416670642137, 0.501398511679305, 0.516210150171775, 0.5563068877815852, 0.5584480148430395, 0.5555107152373444, 0.50615927934261, 0.661493681080795, 0.6671942426426382, 0.5041916017539801, 0.5829823796933896, 0.6410669060662971, 0.516210150171775, 0.522290399631428, 0.7173562231781264]
accuracy_intime_list: [0.656657509157509, 0.6978021978021978, 0.6, 0.722893772893773, 0.731135531135531, 0.6448717948717948, 0.6886446886446885, 0.6287545787545787, 0.7142857142857142, 0.5712454212454213, 0.617032967032967, 0.7326007326007324, 0.6501831501831501, 0.787912087912088, 0.6126373626373626, 0.6084249084249085, 0.678937728937729, 0.6738095238095237, 0.7326007326007328, 0.6840659340659341, 0.5941391941391941, 0.7194139194139193, 0.7194139194139192, 0.6384615384615384, 0.6917582417582417, 0.8163003663003664, 0.678937728937729, 0.7082417582417583, 0.7558608058608058]
f1_score_intime_list: [0.6217524031817724, 0.6713078075573606, 0.5786774988109847, 0.685114453565541, 0.6888719894695553, 0.6248595632514993, 0.6628116689623061, 0.6016441827522119, 0.6811864811545584, 0.5509240199201526, 0.5822598304800973, 0.7034584320667088, 0.6387295584967131, 0.7823086949650769, 0.594322482269308, 0.5725675947454468, 0.6291535677534196, 0.6563230907299998, 0.7133411954030217, 0.6227533827220715, 0.5743310514393161, 0.6911871711698496, 0.6954780016354776, 0.6278017406274787, 0.6341580043658172, 0.8012491361885227, 0.6291535677534196, 0.6850879956520604, 0.7183109320750973]
**************************************************
ACC: 60.62±6.47
F1: 56.19±6.47
Intime: 68.13±5.81
F1 (Intime): 65.24±5.92
