1e-03
Subject Number: 1
Accuracy Cross: [0.31724137931034485, 0.2689655172413793, 0.31724137931034485, 0.4206896551724138, 0.31724137931034485, 0.28, 0.24, 0.2342857142857143, 0.25142857142857145, 0.4, 0.3333333333333333, 0.28160919540229884, 0.47126436781609193, 0.2988505747126437, 0.25862068965517243]
 mean: 0.3127181171319103, std: 0.06691616941039313
F1 Score: [0.30778824833702884, 0.20152074936557696, 0.3077038020382975, 0.4289717348927875, 0.2874951413182298, 0.27390572390572393, 0.2276698895332172, 0.232342034462958, 0.22952717780303988, 0.36340922890103217, 0.3227554965056674, 0.2816687455967107, 0.4616052116052116, 0.31865461417772073, 0.23260253613409365]
 mean: 0.2985080223051531, std: 0.07207064506927398
Accuracy Intime: [0.35714285714285715, 0.32857142857142857, 0.3, 0.5, 0.3235294117647059, 0.4482758620689655, 0.2413793103448276, 0.27586206896551724, 0.3620689655172414, 0.39655172413793105, 0.3448275862068966, 0.3620689655172414, 0.7586206896551724, 0.2413793103448276, 0.3448275862068966]
 mean: 0.37234038442963396, std: 0.1230064359895286
F1 (Intime): [0.3436220218281587, 0.3239010989010989, 0.2706174777603349, 0.434981493121028, 0.29513098092725065, 0.4321885795570006, 0.21944444444444444, 0.25845340806977635, 0.3596999405822935, 0.4021853343138112, 0.3248312828475872, 0.3703067765567766, 0.7000933706816059, 0.2113175675675676, 0.3026140526140526]
 mean: 0.34995918865151915, std: 0.11470053456635902
--------------------------------------------------
Subject Number: 2
Accuracy Cross: [0.3194444444444444, 0.2777777777777778, 0.24305555555555555, 0.3958333333333333, 0.3333333333333333, 0.3586206896551724, 0.3931034482758621, 0.38620689655172413, 0.41379310344827586, 0.503448275862069, 0.4277456647398844, 0.5549132947976878, 0.5895953757225434, 0.3699421965317919, 0.44508670520231214]
 mean: 0.4007933396821179, std: 0.09201589982092083
F1 Score: [0.3586489218328841, 0.23659511784511786, 0.22273958847819866, 0.3897819997564243, 0.23622947662381433, 0.33055803998012456, 0.3412260748783037, 0.3335136028717174, 0.38002346563094225, 0.4597748534342737, 0.39944007263922515, 0.5626158990728074, 0.5606219745081494, 0.3360108778991758, 0.43568015892129275]
 mean: 0.37223067495816337, std: 0.09982348480429441
Accuracy Intime: [0.8793103448275862, 0.6551724137931034, 0.6206896551724138, 0.603448275862069, 0.29310344827586204, 0.22413793103448276, 0.3103448275862069, 0.43103448275862066, 0.27586206896551724, 0.32142857142857145, 0.6551724137931034, 0.6551724137931034, 0.41379310344827586, 0.5172413793103449, 0.5178571428571429]
 mean: 0.49158456486042684, std: 0.18076167500736728
F1 (Intime): [0.8381318681318681, 0.5720930232558139, 0.6298441734417344, 0.547026967285588, 0.2932210031347962, 0.22461220795722903, 0.2612349287541103, 0.4017210144927536, 0.24509698853284745, 0.28220762976860536, 0.6578662262006252, 0.6611280875986758, 0.41369047619047616, 0.44471153846153844, 0.5286890645586297]
 mean: 0.46675167985101945, std: 0.17924018025271996
--------------------------------------------------
Subject Number: 3
Accuracy Cross: [0.2638888888888889, 0.24305555555555555, 0.25, 0.2986111111111111, 0.2916666666666667, 0.2585034013605442, 0.2857142857142857, 0.2857142857142857, 0.23129251700680273, 0.22448979591836735, 0.24858757062146894, 0.22033898305084745, 0.24293785310734464, 0.2824858757062147, 0.3220338983050847]
 mean: 0.2632880459151645, std: 0.02885783939311425
F1 Score: [0.200426596057664, 0.20650584795321636, 0.12531804553925938, 0.3051814988290398, 0.2460575058856114, 0.2508238896677031, 0.27148629722159134, 0.28206728706286205, 0.21051466446203287, 0.20757304225046158, 0.2454013822434875, 0.21241118381799068, 0.2333144240223886, 0.27078376333811116, 0.3064561272566124]
 mean: 0.2382881037072022, std: 0.04551877989346011
Accuracy Intime: [0.6333333333333333, 0.6, 0.3103448275862069, 0.29310344827586204, 0.41379310344827586, 0.1724137931034483, 0.3275862068965517, 0.3103448275862069, 0.3620689655172414, 0.32142857142857145, 0.3275862068965517, 0.3448275862068966, 0.39655172413793105, 0.3448275862068966, 0.4107142857142857]
 mean: 0.37126163108921734, std: 0.11131312150679852
F1 (Intime): [0.6040249433106575, 0.5613548613548613, 0.31547619047619047, 0.2241727199354318, 0.3, 0.1499368686868687, 0.281963269377457, 0.29373123123123124, 0.33099906629318393, 0.30030603073147766, 0.3099484052532833, 0.3278794734677088, 0.3879475218402529, 0.335, 0.39285658035658033]
 mean: 0.34103981082101237, std: 0.1106844688530456
--------------------------------------------------
Subject Number: 4
Accuracy Cross: [0.2482758620689655, 0.38620689655172413, 0.3448275862068966, 0.3103448275862069, 0.4068965517241379, 0.33793103448275863, 0.3310344827586207, 0.30344827586206896, 0.3931034482758621, 0.2689655172413793, 0.3735632183908046, 0.28160919540229884, 0.3620689655172414, 0.40229885057471265, 0.39080459770114945]
 mean: 0.3427586206896551, std: 0.049385531547283944
F1 Score: [0.15022179685838422, 0.3936561893137889, 0.3365439755147038, 0.29320160496631087, 0.40073999037294084, 0.28223578664647775, 0.32399815266284127, 0.274051522194564, 0.39553810876430173, 0.2555148872241858, 0.38207852554127375, 0.2484474578376585, 0.36577636624365595, 0.37458079261357946, 0.3928725533004021]
 mean: 0.32463051400367127, std: 0.07033975988222606
Accuracy Intime: [0.3793103448275862, 0.3275862068965517, 0.3620689655172414, 0.27586206896551724, 0.3448275862068966, 0.41379310344827586, 0.5, 0.3793103448275862, 0.4827586206896552, 0.39655172413793105, 0.5, 0.4482758620689655, 0.5344827586206896, 0.27586206896551724, 0.3275862068965517]
 mean: 0.39655172413793094, std: 0.07913523897957933
F1 (Intime): [0.37395833333333334, 0.30203109880529233, 0.36744413674560733, 0.2660720921590487, 0.3037165590874031, 0.42392007392007397, 0.4881882823059294, 0.3399449348292361, 0.4444444444444444, 0.38888888888888884, 0.5188409781975803, 0.420400641025641, 0.5274707192244285, 0.273069403714565, 0.32464757464757465]
 mean: 0.38420254408860316, std: 0.08223218416155695
--------------------------------------------------
Subject Number: 5
Accuracy Cross: [0.3103448275862069, 0.2689655172413793, 0.2827586206896552, 0.30344827586206896, 0.2413793103448276, 0.42567567567567566, 0.4189189189189189, 0.39864864864864863, 0.38513513513513514, 0.43243243243243246, 0.3469387755102041, 0.3741496598639456, 0.35374149659863946, 0.42857142857142855, 0.30612244897959184]
 mean: 0.3518154114705839, std: 0.0611853955384373
F1 Score: [0.2969288190867768, 0.24899474707767266, 0.22903875702108395, 0.29295545481084606, 0.22041384844663534, 0.43553377491347417, 0.436728515455696, 0.4152173913043478, 0.3981216532797858, 0.44927068028949924, 0.3478119070208729, 0.3774203845953918, 0.35703338806787077, 0.44527526626082153, 0.32105503252763523]
 mean: 0.3514533080105607, std: 0.07730806592555264
Accuracy Intime: [0.5333333333333333, 0.5333333333333333, 0.6379310344827587, 0.3793103448275862, 0.39655172413793105, 0.5172413793103449, 0.3620689655172414, 0.43103448275862066, 0.3275862068965517, 0.3793103448275862, 0.5, 0.43103448275862066, 0.39655172413793105, 0.3793103448275862, 0.29310344827586204]
 mean: 0.4331800766283525, std: 0.08971887575376694
F1 (Intime): [0.5504492072145745, 0.5545881895881896, 0.6647050276082533, 0.32365777338603424, 0.3500384024577573, 0.5230823026924976, 0.3690962107862529, 0.4311105561105561, 0.26005622284692054, 0.30411440736798256, 0.49139001927607623, 0.45265151515151514, 0.41241244135980976, 0.31377099911582673, 0.24071207430340558]
 mean: 0.4161223566177101, std: 0.11859272237475406
--------------------------------------------------
Subject Number: 6
Accuracy Cross: [0.2986111111111111, 0.2569444444444444, 0.2638888888888889, 0.20833333333333334, 0.24305555555555555, 0.2585034013605442, 0.2108843537414966, 0.2925170068027211, 0.2925170068027211, 0.23129251700680273, 0.25170068027210885, 0.21768707482993196, 0.23809523809523808, 0.20408163265306123, 0.3197278911564626]
 mean: 0.2525226757369614, std: 0.034660221226911
F1 Score: [0.2488340832682192, 0.23634254909530322, 0.2549428104575163, 0.189562155138229, 0.20656591196414206, 0.2437291897891232, 0.20438546335930644, 0.30227320079661835, 0.2713888888888889, 0.22090807959790065, 0.2309238075009103, 0.21799519521332772, 0.21925893557027767, 0.2279074718833755, 0.2858854913202739]
 mean: 0.2373935489228942, std: 0.030147550016002597
Accuracy Intime: [0.35, 0.36666666666666664, 0.4827586206896552, 0.2413793103448276, 0.4482758620689655, 0.3275862068965517, 0.41379310344827586, 0.3448275862068966, 0.3620689655172414, 0.4642857142857143, 0.29310344827586204, 0.41379310344827586, 0.3275862068965517, 0.5689655172413793, 0.32142857142857145]
 mean: 0.38176792556102895, std: 0.08107534294514046
F1 (Intime): [0.3274622892635315, 0.3653656126482213, 0.4426494735825365, 0.21041666666666664, 0.422000805152979, 0.3138607821595275, 0.38048315958299916, 0.34003697451973314, 0.3208937198067633, 0.39678733031674207, 0.2717999933419888, 0.4064576411960133, 0.3343045843045843, 0.5344363868744963, 0.3209507883420927]
 mean: 0.3591937471839251, std: 0.0741656574352382
--------------------------------------------------
Subject Number: 7
Accuracy Cross: [0.2789115646258503, 0.29931972789115646, 0.3401360544217687, 0.3673469387755102, 0.3333333333333333, 0.3287671232876712, 0.2876712328767123, 0.3150684931506849, 0.3219178082191781, 0.3424657534246575, 0.3741496598639456, 0.2789115646258503, 0.3945578231292517, 0.3401360544217687, 0.3333333333333333]
 mean: 0.3290684310253782, std: 0.03278681618536282
F1 Score: [0.2296037296037296, 0.25812649638035334, 0.310256304937156, 0.36989932219282146, 0.3483908259358018, 0.31025297878886143, 0.28967404143427933, 0.31055376320050865, 0.3238831774642784, 0.342972582972583, 0.34721479500891267, 0.27158135981665393, 0.383157883006701, 0.36195067086017774, 0.33806870751484264]
 mean: 0.3197057759411774, std: 0.04179028733965262
Accuracy Intime: [0.4666666666666667, 0.5, 0.3275862068965517, 0.2413793103448276, 0.27586206896551724, 0.4, 0.35, 0.39655172413793105, 0.3620689655172414, 0.27586206896551724, 0.45, 0.3275862068965517, 0.29310344827586204, 0.39655172413793105, 0.3103448275862069]
 mean: 0.3582375478927204, std: 0.07333887806980637
F1 (Intime): [0.48366959064327486, 0.5157088122605363, 0.3176859690017585, 0.2345332828091449, 0.27956989247311825, 0.40847069597069596, 0.33518279106514404, 0.3856614766940854, 0.34632153299916457, 0.26769052448565633, 0.41261904761904766, 0.32229866907286264, 0.26339340733549993, 0.3762532693984307, 0.2965176715176715]
 mean: 0.34970510888973944, std: 0.07835820445029666
--------------------------------------------------
Subject Number: 8
Accuracy Cross: [0.30666666666666664, 0.28, 0.29333333333333333, 0.29333333333333333, 0.29333333333333333, 0.2972972972972973, 0.25, 0.2972972972972973, 0.3108108108108108, 0.34459459459459457, 0.2789115646258503, 0.3129251700680272, 0.30612244897959184, 0.2857142857142857, 0.3741496598639456]
 mean: 0.30163265306122455, std: 0.02770015082830342
F1 Score: [0.20574162679425836, 0.1731296904315197, 0.18471776350989833, 0.18157878380456083, 0.2865319845841205, 0.26845866551748904, 0.21529617695031228, 0.28114718701243324, 0.22691417605057432, 0.3368310339324832, 0.1594820806650938, 0.26926557979513643, 0.3086632730015083, 0.26802248677248675, 0.3504670424870979]
 mean: 0.24774983675393156, std: 0.05835637633498616
Accuracy Intime: [0.3, 0.3333333333333333, 0.3448275862068966, 0.3448275862068966, 0.5344827586206896, 0.3, 0.36666666666666664, 0.3275862068965517, 0.39655172413793105, 0.3793103448275862, 0.35, 0.36666666666666664, 0.38333333333333336, 0.25862068965517243, 0.5172413793103449]
 mean: 0.366896551724138, std: 0.0714599343535823
F1 (Intime): [0.21811868686868685, 0.24385416666666665, 0.33265546713822575, 0.34355459355459356, 0.5107220666044194, 0.2790651377607899, 0.3371638655462185, 0.3280036855036855, 0.3141284815813118, 0.3775388331376108, 0.32940440440440444, 0.35997765675185034, 0.36406048906048905, 0.25736929922135704, 0.44957786116322707]
 mean: 0.33634631299756906, std: 0.07256278600107781
--------------------------------------------------
Subject Number: 9
Accuracy Cross: [0.25874125874125875, 0.32167832167832167, 0.24475524475524477, 0.38461538461538464, 0.2937062937062937, 0.3082191780821918, 0.2602739726027397, 0.3013698630136986, 0.4246575342465753, 0.2808219178082192, 0.23129251700680273, 0.3197278911564626, 0.3401360544217687, 0.2925170068027211, 0.3469387755102041]
 mean: 0.30729674760985914, std: 0.050438011766290654
F1 Score: [0.2708850242974314, 0.33729674796747966, 0.22725115908432342, 0.4025770070337133, 0.3163643097934863, 0.3285372340425532, 0.2525810637438865, 0.3087622549019608, 0.43017856328911985, 0.2621223935545166, 0.20612918819299675, 0.32865107488778644, 0.3638603262500163, 0.30165459577224285, 0.3737917426263394]
 mean: 0.3140428456958569, std: 0.06112420401821722
Accuracy Intime: [0.43333333333333335, 0.5862068965517241, 0.3620689655172414, 0.3793103448275862, 0.3103448275862069, 0.46551724137931033, 0.27586206896551724, 0.27586206896551724, 0.35714285714285715, 0.3392857142857143, 0.43103448275862066, 0.46551724137931033, 0.4482758620689655, 0.35714285714285715, 0.2857142857142857]
 mean: 0.3848412698412698, std: 0.08381021183113177
F1 (Intime): [0.45167040423207405, 0.5998805361305362, 0.3426634768740032, 0.3621755056537665, 0.29851190476190476, 0.4799908424908425, 0.27443181818181817, 0.2674415051910515, 0.2865369461114142, 0.2986437868865712, 0.42313728501228504, 0.4849359429762242, 0.4533376451882394, 0.34691500256016383, 0.23273026315789475]
 mean: 0.37353352436058596, std: 0.10046859740341318
--------------------------------------------------
Subject Number: 10
Accuracy Cross: [0.296551724137931, 0.2620689655172414, 0.36551724137931035, 0.1310344827586207, 0.2413793103448276, 0.3561643835616438, 0.2191780821917808, 0.3150684931506849, 0.2945205479452055, 0.2945205479452055, 0.35064935064935066, 0.22077922077922077, 0.2662337662337662, 0.3116883116883117, 0.33766233766233766]
 mean: 0.2842011177296959, std: 0.06082492254873274
F1 Score: [0.29944622859025033, 0.2628762303772896, 0.3046008588655456, 0.1271098003629764, 0.21733781363689528, 0.3607818148877122, 0.21982616110322029, 0.3075917738456978, 0.26999598761893845, 0.2824358974358974, 0.37779462734095126, 0.18352861004214768, 0.20815682453613488, 0.30583333680415276, 0.3352272353519443]
 mean: 0.2708362133866503, std: 0.06637379038892224
Accuracy Intime: [0.5666666666666667, 0.3275862068965517, 0.3448275862068966, 0.3448275862068966, 0.1724137931034483, 0.3103448275862069, 0.39655172413793105, 0.39655172413793105, 0.3103448275862069, 0.3793103448275862, 0.3620689655172414, 0.3448275862068966, 0.25862068965517243, 0.5, 0.41379310344827586]
 mean: 0.36191570881226054, std: 0.08956854707596355
F1 (Intime): [0.5691023535851123, 0.30201107007744726, 0.3315660374483904, 0.3453703703703704, 0.1707937594478195, 0.301486013986014, 0.37138694638694636, 0.36818777865198005, 0.29944653299916457, 0.3609524212972489, 0.2997835497835498, 0.2869689709312351, 0.2177100040096231, 0.5096548188653451, 0.40613553113553114]
 mean: 0.34270374393171854, std: 0.09676083446518247
--------------------------------------------------
Subject Number: 11
Accuracy Cross: [0.19310344827586207, 0.32413793103448274, 0.2482758620689655, 0.2206896551724138, 0.19310344827586207, 0.3150684931506849, 0.2876712328767123, 0.2534246575342466, 0.2054794520547945, 0.2191780821917808, 0.33121019108280253, 0.2356687898089172, 0.3057324840764331, 0.28662420382165604, 0.2484076433121019]
 mean: 0.2578517049825144, std: 0.04601121819300467
F1 Score: [0.18903991269582668, 0.29766986119807015, 0.20069119937694704, 0.2339973589467296, 0.20101726312264198, 0.279160688935125, 0.27639796659404503, 0.2480201221666115, 0.19066861723200282, 0.22632850241545893, 0.30803854279358733, 0.22935303346841518, 0.2625102375102375, 0.28066719084086394, 0.24351715686274508]
 mean: 0.24447184361062052, std: 0.037578665711147666
Accuracy Intime: [0.43333333333333335, 0.3620689655172414, 0.7931034482758621, 0.3620689655172414, 0.4827586206896552, 0.46551724137931033, 0.43103448275862066, 0.3793103448275862, 0.5862068965517241, 0.5689655172413793, 0.41379310344827586, 0.5862068965517241, 0.5, 0.39655172413793105, 0.43103448275862066]
 mean: 0.47946360153256706, std: 0.11117413987190075
F1 (Intime): [0.33499369482976044, 0.3131270903010034, 0.7806531703590527, 0.33712988003605854, 0.46924490950226244, 0.41587078964358065, 0.4179467485919099, 0.3093512767425811, 0.5589160839160839, 0.5482473166612183, 0.35860985419808944, 0.542538005190953, 0.45, 0.38131228804440587, 0.41573971078976646]
 mean: 0.4422453879204484, std: 0.12105010513355793
--------------------------------------------------
Subject Number: 12
Accuracy Cross: [0.23776223776223776, 0.2517482517482518, 0.2727272727272727, 0.34965034965034963, 0.35664335664335667, 0.36551724137931035, 0.27586206896551724, 0.33793103448275863, 0.3724137931034483, 0.31724137931034485, 0.3287671232876712, 0.2808219178082192, 0.3493150684931507, 0.3904109589041096, 0.3972602739726027]
 mean: 0.32560482188257345, std: 0.04892242472350052
F1 Score: [0.22520149516841242, 0.2153198653198653, 0.22812427567997903, 0.3768815164164001, 0.3787960561180375, 0.3812695498436013, 0.2805171299288946, 0.3393780220544752, 0.35190100161308474, 0.30659163661412536, 0.35766810472314864, 0.26498513043028904, 0.349672619047619, 0.42193076522851203, 0.4298205799029202]
 mean: 0.3272038498726243, std: 0.0678046875279348
Accuracy Intime: [0.3275862068965517, 0.3620689655172414, 0.3275862068965517, 0.39655172413793105, 0.3620689655172414, 0.41379310344827586, 0.39655172413793105, 0.3793103448275862, 0.32142857142857145, 0.25, 0.41379310344827586, 0.39655172413793105, 0.29310344827586204, 0.26785714285714285, 0.30357142857142855]
 mean: 0.34745484400656823, std: 0.05141654703646552
F1 (Intime): [0.3238182323548177, 0.33571428571428574, 0.267402245451026, 0.3383333333333333, 0.3849121660859466, 0.3709057971014492, 0.392037037037037, 0.37981061491699786, 0.23214285714285715, 0.25579922027290447, 0.42139097744360904, 0.3871872887085869, 0.30162825364063756, 0.27371794871794874, 0.28056503308519437]
 mean: 0.32969101940044215, std: 0.056684268393662085
--------------------------------------------------
Subject Number: 13
Accuracy Cross: [0.3103448275862069, 0.3448275862068966, 0.2689655172413793, 0.31724137931034485, 0.2827586206896552, 0.31543624161073824, 0.3087248322147651, 0.2953020134228188, 0.28859060402684567, 0.2751677852348993, 0.22972972972972974, 0.22972972972972974, 0.24324324324324326, 0.22972972972972974, 0.21621621621621623]
 mean: 0.2770672037462133, std: 0.03823050202371373
F1 Score: [0.30044083072100314, 0.314066919670368, 0.22699138182439837, 0.3146532426193443, 0.24687443938526726, 0.2648716737657856, 0.30921697982868196, 0.2834310117668438, 0.28621609566519535, 0.2574750530368508, 0.1805446853516658, 0.2198619673372269, 0.20534033513439998, 0.2184867706227533, 0.19643895958240745]
 mean: 0.2549940230874795, std: 0.043814441333960265
Accuracy Intime: [0.43333333333333335, 0.35, 0.35, 0.4482758620689655, 0.41379310344827586, 0.43103448275862066, 0.29310344827586204, 0.3620689655172414, 0.22413793103448276, 0.29310344827586204, 0.3448275862068966, 0.3103448275862069, 0.29310344827586204, 0.39655172413793105, 0.3620689655172414]
 mean: 0.35371647509578547, std: 0.06145032507970056
F1 (Intime): [0.42399655787079715, 0.316991341991342, 0.34696473163890124, 0.4146763968745393, 0.406416117416843, 0.4216625445073721, 0.2845871182056031, 0.36345238095238097, 0.19366219366219367, 0.27067669172932335, 0.29732049559635765, 0.3075231481481482, 0.264703425229741, 0.38306461352657006, 0.3585788077621108]
 mean: 0.3369517710074816, std: 0.06569477788872533
--------------------------------------------------
Subject Number: 14
Accuracy Cross: [0.19863013698630136, 0.19863013698630136, 0.19863013698630136, 0.19863013698630136, 0.19863013698630136, 0.3698630136986301, 0.3356164383561644, 0.4520547945205479, 0.2945205479452055, 0.4041095890410959, 0.25, 0.27702702702702703, 0.31756756756756754, 0.35135135135135137, 0.34459459459459457]
 mean: 0.2926570406022461, std: 0.08110542059258206
F1 Score: [0.08285714285714285, 0.08285714285714285, 0.08333333333333333, 0.08333333333333333, 0.08285714285714285, 0.37899228914933936, 0.3450493746764417, 0.44933747426572307, 0.29763445509714165, 0.41639434568612066, 0.22980764150611108, 0.2713041492522872, 0.24200077358087924, 0.3602243233222099, 0.3593425276674833]
 mean: 0.2510216966294555, std: 0.13159174739768367
Accuracy Intime: [0.5333333333333333, 0.5172413793103449, 0.5344827586206896, 0.5, 0.5517241379310345, 0.3333333333333333, 0.2413793103448276, 0.3793103448275862, 0.25862068965517243, 0.39655172413793105, 0.3, 0.3448275862068966, 0.3448275862068966, 0.29310344827586204, 0.3103448275862069]
 mean: 0.38927203065134103, std: 0.10535297748147515
F1 (Intime): [0.5110746513535684, 0.5274908424908424, 0.5607767762460234, 0.5056269213877909, 0.5569591698623957, 0.28935185185185186, 0.21111111111111108, 0.35924242424242425, 0.24318910256410256, 0.38704361054766734, 0.2860787786774629, 0.3524743230625583, 0.34113444027237133, 0.29, 0.3139726507713885]
 mean: 0.3823684436294373, std: 0.11492436349442609
--------------------------------------------------
Subject Number: 15
Accuracy Cross: [0.21232876712328766, 0.3082191780821918, 0.3972602739726027, 0.3424657534246575, 0.3150684931506849, 0.2222222222222222, 0.1388888888888889, 0.2569444444444444, 0.4027777777777778, 0.3263888888888889, 0.20689655172413793, 0.25517241379310346, 0.27586206896551724, 0.3724137931034483, 0.2482758620689655]
 mean: 0.28541235850872126, std: 0.07318967058889675
F1 Score: [0.11905998519473697, 0.2713688066319645, 0.4207883099638189, 0.3512714665682702, 0.3053207899135999, 0.22107758620689652, 0.1435722528121536, 0.2664408618961347, 0.3771387102341607, 0.2980965521489449, 0.09954451954158096, 0.18867120696668468, 0.19818470866607513, 0.35084856268632525, 0.19059618005161846]
 mean: 0.25346536663219765, std: 0.09437516447115991
Accuracy Intime: [0.3448275862068966, 0.39655172413793105, 0.5689655172413793, 0.4827586206896552, 0.25, 0.3620689655172414, 0.43103448275862066, 0.41379310344827586, 0.2413793103448276, 0.3793103448275862, 0.3620689655172414, 0.3275862068965517, 0.6206896551724138, 0.46551724137931033, 0.32142857142857145]
 mean: 0.39786535303776677, std: 0.10162645017660413
F1 (Intime): [0.31947744615087414, 0.3805236270753512, 0.5576556959615431, 0.4708333333333333, 0.24354066985645934, 0.32956349206349206, 0.42897082277887233, 0.41564454064454065, 0.22000203154702308, 0.362026862026862, 0.353149386845039, 0.32567099567099567, 0.6167032967032967, 0.4799107142857143, 0.29617311160088156]
 mean: 0.38665640176961863, std: 0.10654484893704372
--------------------------------------------------
Subject Number: 16
Accuracy Cross: [0.34265734265734266, 0.27972027972027974, 0.40559440559440557, 0.21678321678321677, 0.2727272727272727, 0.3146853146853147, 0.24475524475524477, 0.27972027972027974, 0.34265734265734266, 0.34265734265734266, 0.3194444444444444, 0.2986111111111111, 0.2708333333333333, 0.2847222222222222, 0.3125]
 mean: 0.3018712768712769, std: 0.044673616803491585
F1 Score: [0.28293313139432674, 0.21768418244028, 0.3564789664722897, 0.18209210416840002, 0.23220847925812654, 0.3125946085748683, 0.24025401205258223, 0.2764162561576355, 0.32840481115129005, 0.3346580342564633, 0.24855226414336226, 0.23603970571220506, 0.22067017864056193, 0.27101379483528143, 0.23635954593955288]
 mean: 0.2650906716798151, std: 0.04808937461667243
Accuracy Intime: [0.3448275862068966, 0.27586206896551724, 0.5689655172413793, 0.32142857142857145, 0.44642857142857145, 0.2413793103448276, 0.29310344827586204, 0.3103448275862069, 0.5535714285714286, 0.35714285714285715, 0.25862068965517243, 0.29310344827586204, 0.3620689655172414, 0.4107142857142857, 0.4107142857142857]
 mean: 0.36321839080459767, std: 0.09597536101603536
F1 (Intime): [0.2992684275928957, 0.27368861024033436, 0.539726443768997, 0.30960434173669465, 0.44259259259259254, 0.21617137342943793, 0.26883897297470993, 0.2955522045478809, 0.5076821326821327, 0.33259176863181317, 0.2421052631578947, 0.26835246901036375, 0.35936084064397955, 0.397197676465411, 0.37119565217391304]
 mean: 0.3415952513099368, std: 0.09210118249461387
--------------------------------------------------
Subject Number: 17
Accuracy Cross: [0.2986111111111111, 0.3055555555555556, 0.3611111111111111, 0.3541666666666667, 0.3125, 0.40816326530612246, 0.35374149659863946, 0.3129251700680272, 0.2925170068027211, 0.30612244897959184, 0.4041095890410959, 0.3972602739726027, 0.4178082191780822, 0.3424657534246575, 0.5684931506849316]
 mean: 0.3623700545667277, std: 0.06900450198137202
F1 Score: [0.2759351759351759, 0.25705680794535857, 0.35270681297942724, 0.3206764315095195, 0.3122274547227351, 0.40390187977975106, 0.29158163265306125, 0.29377408305979735, 0.25002658160552893, 0.2703113183825867, 0.36506986330816993, 0.3505784092276774, 0.4183469341370764, 0.2964741115505358, 0.5622495350387761]
 mean: 0.33472780212234515, std: 0.07812701852893458
Accuracy Intime: [0.36666666666666664, 0.3793103448275862, 0.603448275862069, 0.4482758620689655, 0.3793103448275862, 0.5172413793103449, 0.3103448275862069, 0.41379310344827586, 0.3793103448275862, 0.39285714285714285, 0.3620689655172414, 0.43103448275862066, 0.6206896551724138, 0.4482758620689655, 0.5535714285714286]
 mean: 0.44041324575807334, std: 0.08968984703853598
F1 (Intime): [0.3368076368076368, 0.3737068965517242, 0.579323020499491, 0.35570962553314533, 0.3353647022156221, 0.5101952745711511, 0.25630602459870755, 0.40935013262599473, 0.29800696594427245, 0.33095238095238094, 0.33269321118158324, 0.41332548851804307, 0.6135129490392648, 0.44597069597069594, 0.5257464574898786]
 mean: 0.40779809749997287, std: 0.10274178473735689
--------------------------------------------------
Subject Number: 18
Accuracy Cross: [0.32653061224489793, 0.48299319727891155, 0.3741496598639456, 0.36054421768707484, 0.2925170068027211, 0.21768707482993196, 0.25170068027210885, 0.3197278911564626, 0.2925170068027211, 0.3129251700680272, 0.3333333333333333, 0.21333333333333335, 0.3466666666666667, 0.36666666666666664, 0.32]
 mean: 0.32075283446712016, std: 0.0644540572186916
F1 Score: [0.29401657570244594, 0.47967398876319417, 0.3386603738618098, 0.3758296171598919, 0.29456216435461113, 0.21217299344578439, 0.2516660496112551, 0.31963055492467257, 0.2768974678562057, 0.23378704628704627, 0.3126716001716002, 0.20504901960784316, 0.35036883741888136, 0.3776196064865528, 0.3300843421811164]
 mean: 0.31017934918886075, std: 0.0692987375463892
Accuracy Intime: [0.4166666666666667, 0.5666666666666667, 0.3448275862068966, 0.27586206896551724, 0.27586206896551724, 0.38333333333333336, 0.38333333333333336, 0.3275862068965517, 0.20689655172413793, 0.39655172413793105, 0.3333333333333333, 0.3, 0.4482758620689655, 0.3103448275862069, 0.3793103448275862]
 mean: 0.3565900383141763, std: 0.08246004747478919
F1 (Intime): [0.367246963562753, 0.5642705650658991, 0.3402338819999118, 0.2601851851851852, 0.24537037037037038, 0.34469696969696967, 0.3919516082294987, 0.330546265328874, 0.18908496732026142, 0.29652961980548187, 0.28914141414141414, 0.282836719731881, 0.4431057152875175, 0.3140272275671257, 0.34003898635477586]
 mean: 0.3332844306431946, std: 0.08576069925616428
--------------------------------------------------
Subject Number: 19
Accuracy Cross: [0.32167832167832167, 0.34965034965034963, 0.3006993006993007, 0.4405594405594406, 0.40559440559440557, 0.2465753424657534, 0.3013698630136986, 0.2945205479452055, 0.2808219178082192, 0.23972602739726026, 0.4041095890410959, 0.3287671232876712, 0.3356164383561644, 0.4520547945205479, 0.3904109589041096]
 mean: 0.33947696139476957, std: 0.06407433478068725
F1 Score: [0.23430682087398508, 0.24729886681106192, 0.2052045147597916, 0.4356229780110124, 0.3370587891538102, 0.2434047274141764, 0.30275790374854766, 0.23434948362997146, 0.19069126785828688, 0.21676363604329707, 0.3992966203465431, 0.3206168831168831, 0.38185647685647683, 0.42735687948729967, 0.4030154543648216]
 mean: 0.30530675349839764, std: 0.08391993695083821
Accuracy Intime: [0.4166666666666667, 0.3793103448275862, 0.43103448275862066, 0.46551724137931033, 0.5, 0.5344827586206896, 0.5517241379310345, 0.4827586206896552, 0.35714285714285715, 0.39285714285714285, 0.4482758620689655, 0.29310344827586204, 0.6379310344827587, 0.39285714285714285, 0.32142857142857145]
 mean: 0.44033935413245756, std: 0.08868979823415701
F1 (Intime): [0.38248472116119175, 0.2884746922024624, 0.3995875179340028, 0.4807271557271557, 0.4091133816743573, 0.4771708683473389, 0.5365344565344565, 0.41834733893557424, 0.33724454017231015, 0.3894417077175698, 0.44311373276776245, 0.27314664502164504, 0.6508547008547009, 0.3996894409937888, 0.26136363636363635]
 mean: 0.4098196357605302, std: 0.09898839504682663
--------------------------------------------------
Subject Number: 20
Accuracy Cross: [0.3263888888888889, 0.2777777777777778, 0.375, 0.3472222222222222, 0.2777777777777778, 0.2517482517482518, 0.2867132867132867, 0.3706293706293706, 0.32867132867132864, 0.26573426573426573, 0.3581081081081081, 0.2972972972972973, 0.3310810810810811, 0.31756756756756754, 0.3918918918918919]
 mean: 0.32024060774060775, std: 0.041621968772746966
F1 Score: [0.26576417294239074, 0.249898890268543, 0.32992737460559246, 0.3462637362637363, 0.2644671139294795, 0.2432679327840618, 0.27481338900984853, 0.36718749999999994, 0.30622228648544436, 0.17785742731979293, 0.3431731149635123, 0.29673938540933614, 0.28473291338881335, 0.3044330170810514, 0.4025390980178214]
 mean: 0.2971524901646283, std: 0.054052619395444874
Accuracy Intime: [0.3103448275862069, 0.3448275862068966, 0.3448275862068966, 0.35714285714285715, 0.35714285714285715, 0.3793103448275862, 0.3620689655172414, 0.6896551724137931, 0.3448275862068966, 0.42857142857142855, 0.4482758620689655, 0.3620689655172414, 0.39655172413793105, 0.23214285714285715, 0.375]
 mean: 0.3821839080459769, std: 0.0949553621328259
F1 (Intime): [0.3009166913531483, 0.2753246753246753, 0.32028958944281527, 0.3634615384615385, 0.29246794871794873, 0.32626141893622473, 0.34358088305456724, 0.6869495447081653, 0.27789408866995075, 0.3736067572274469, 0.435, 0.33267857142857143, 0.359375, 0.2210353181180671, 0.30795586527293844]
 mean: 0.3477865260477372, std: 0.10269525308582968
--------------------------------------------------
Subject Number: 21
Accuracy Cross: [0.22, 0.26, 0.24, 0.23333333333333334, 0.3, 0.2585034013605442, 0.2653061224489796, 0.24489795918367346, 0.24489795918367346, 0.2789115646258503, 0.28378378378378377, 0.2905405405405405, 0.3108108108108108, 0.30405405405405406, 0.25675675675675674]
 mean: 0.26611975240546665, std: 0.026614451775779396
F1 Score: [0.21386174467160385, 0.25829793527489253, 0.24000933706816058, 0.22561802232854866, 0.3015151515151515, 0.25044649087248055, 0.25964890088041653, 0.24261122985317468, 0.23613494215973874, 0.26655219526605367, 0.2717401641581548, 0.2742885947871071, 0.29001765409143115, 0.29409774436090225, 0.24927098150782362]
 mean: 0.258274072586376, std: 0.02438478403949906
Accuracy Intime: [0.31666666666666665, 0.2833333333333333, 0.3620689655172414, 0.29310344827586204, 0.3275862068965517, 0.45, 0.31666666666666665, 0.36666666666666664, 0.3793103448275862, 0.3620689655172414, 0.2833333333333333, 0.2833333333333333, 0.39655172413793105, 0.3448275862068966, 0.43103448275862066]
 mean: 0.34643678160919544, std: 0.05118157326294269
F1 (Intime): [0.3059802746294682, 0.27233974358974355, 0.34947518368570996, 0.270228087619392, 0.30876623376623374, 0.43924045062489003, 0.2925374497625137, 0.3631213613972235, 0.35542856102313214, 0.3322004862953139, 0.265493930300757, 0.27908106386367254, 0.3899882445141066, 0.3294525757649035, 0.4139957264957265]
 mean: 0.33115529155551915, std: 0.05213943388178213
--------------------------------------------------
Subject Number: 22
Accuracy Cross: [0.3541666666666667, 0.375, 0.375, 0.3680555555555556, 0.1736111111111111, 0.3221476510067114, 0.44966442953020136, 0.42953020134228187, 0.40939597315436244, 0.33557046979865773, 0.445859872611465, 0.3821656050955414, 0.1910828025477707, 0.35668789808917195, 0.42038216560509556]
 mean: 0.3592213601409729, std: 0.07860347491090201
F1 Score: [0.3376463633597432, 0.4006058751529988, 0.3784700044945946, 0.38727519093372753, 0.14709411544854584, 0.31371939464044724, 0.4604326854121549, 0.4227990109122185, 0.40754477087052965, 0.34443324359114924, 0.4421276239957067, 0.3824427245219324, 0.18874135799797678, 0.34659850186652885, 0.42391211566936676]
 mean: 0.3589228652578414, std: 0.08487747206286389
Accuracy Intime: [0.6166666666666667, 0.4, 0.65, 0.5166666666666667, 0.3448275862068966, 0.27586206896551724, 0.6206896551724138, 0.603448275862069, 0.3448275862068966, 0.39285714285714285, 0.5172413793103449, 0.43103448275862066, 0.3103448275862069, 0.3103448275862069, 0.4642857142857143]
 mean: 0.453273125342091, std: 0.12303033827838751
F1 (Intime): [0.611111111111111, 0.3876748251748252, 0.6443731671554253, 0.42739415623136556, 0.3117559523809524, 0.2806815425660927, 0.6426025397752153, 0.613688973063973, 0.30047619047619045, 0.3663381426539321, 0.5120464722335298, 0.46518662711654923, 0.2936204146730462, 0.27663734115347016, 0.45513513513513515]
 mean: 0.43924817272672084, std: 0.13317701205260177
--------------------------------------------------
Subject Number: 23
Accuracy Cross: [0.3472222222222222, 0.3194444444444444, 0.3611111111111111, 0.3680555555555556, 0.3888888888888889, 0.3146853146853147, 0.32867132867132864, 0.32867132867132864, 0.38461538461538464, 0.38461538461538464, 0.2108843537414966, 0.19727891156462585, 0.2925170068027211, 0.30612244897959184, 0.3401360544217687]
 mean: 0.3248613159327445, std: 0.05536604764335964
F1 Score: [0.3540517961570593, 0.32826060698244547, 0.35185349611542727, 0.3748367583284053, 0.3894492994602412, 0.3106797966005803, 0.3140378919488509, 0.3194090043666315, 0.3419548588666236, 0.3642116012211811, 0.17658301156202577, 0.19551507911304672, 0.29276895278734827, 0.28780542887866306, 0.3554620726495727]
 mean: 0.31712531033587343, std: 0.0586564438420972
Accuracy Intime: [0.46551724137931033, 0.5, 0.39655172413793105, 0.3392857142857143, 0.44642857142857145, 0.4827586206896552, 0.43103448275862066, 0.3103448275862069, 0.29310344827586204, 0.5535714285714286, 0.43103448275862066, 0.4827586206896552, 0.5172413793103449, 0.30357142857142855, 0.2857142857142857]
 mean: 0.41592775041050906, std: 0.08606952069257623
F1 (Intime): [0.475325497130771, 0.5172162834278171, 0.3659722222222222, 0.32304778554778557, 0.40132352941176475, 0.49964182532916546, 0.4174432678007405, 0.27214714714714716, 0.19818181818181818, 0.5517427974324526, 0.4097022860180755, 0.45086094826340983, 0.5241273041474654, 0.2573229949874687, 0.26383768561187915]
 mean: 0.3951928928439988, std: 0.10753891630795533
--------------------------------------------------
Subject Number: 24
Accuracy Cross: [0.2689655172413793, 0.4068965517241379, 0.2896551724137931, 0.22758620689655173, 0.2620689655172414, 0.2671232876712329, 0.3493150684931507, 0.2534246575342466, 0.3356164383561644, 0.3013698630136986, 0.24324324324324326, 0.2972972972972973, 0.2972972972972973, 0.25675675675675674, 0.27702702702702703]
 mean: 0.28890955669888124, std: 0.04466227140676342
F1 Score: [0.21480441504919637, 0.4043949387535335, 0.21658410257798472, 0.2187863615803347, 0.2573563194954191, 0.2638291481436982, 0.3415748977050347, 0.18287037037037035, 0.3046046281398774, 0.2915747791515416, 0.17996775212817365, 0.28203788692510495, 0.22066644414775255, 0.22643844304098512, 0.25177877733305676]
 mean: 0.2571512843028042, std: 0.05865030531220594
Accuracy Intime: [0.26666666666666666, 0.603448275862069, 0.25862068965517243, 0.29310344827586204, 0.25862068965517243, 0.3793103448275862, 0.3448275862068966, 0.29310344827586204, 0.27586206896551724, 0.3275862068965517, 0.27586206896551724, 0.43103448275862066, 0.29310344827586204, 0.39655172413793105, 0.3620689655172414]
 mean: 0.3373180076628353, std: 0.08810614538929912
F1 (Intime): [0.2506031444835999, 0.5969764078459731, 0.2538808892257168, 0.29098972148541113, 0.24357811306340718, 0.3805766444508838, 0.3425851109674639, 0.28079402573755563, 0.23926654740608233, 0.2990324826024623, 0.2659300377042313, 0.3950918964076859, 0.28137153227897327, 0.3757697044334975, 0.34032634032634035]
 mean: 0.3224515065612856, std: 0.08897472623062196
--------------------------------------------------
Subject Number: 25
Accuracy Cross: [0.2585034013605442, 0.23129251700680273, 0.22448979591836735, 0.3129251700680272, 0.2653061224489796, 0.34459459459459457, 0.35135135135135137, 0.22297297297297297, 0.2702702702702703, 0.31756756756756754, 0.34868421052631576, 0.2565789473684211, 0.34868421052631576, 0.3815789473684211, 0.47368421052631576]
 mean: 0.3072322859916845, std: 0.06729483043799696
F1 Score: [0.2333110890747428, 0.2408284529597548, 0.2027985780848882, 0.23796121969037598, 0.22736013986013986, 0.32747876478526633, 0.3455391527599487, 0.19263152149035823, 0.19007642059868085, 0.32850338165217946, 0.32051739233084775, 0.22493135495542813, 0.3442396009787314, 0.3658683038898058, 0.49516243680184324]
 mean: 0.2851471873275327, std: 0.0820187005782394
Accuracy Intime: [0.4, 0.55, 0.3, 0.3275862068965517, 0.39655172413793105, 0.38333333333333336, 0.2833333333333333, 0.29310344827586204, 0.3275862068965517, 0.43103448275862066, 0.5, 0.31666666666666665, 0.3620689655172414, 0.3103448275862069, 0.39655172413793105]
 mean: 0.37187739463601527, std: 0.07476551817990365
F1 (Intime): [0.388501185914979, 0.5616397647647648, 0.22526315789473683, 0.3231099022681173, 0.334006734006734, 0.3685409547478513, 0.26506972559604136, 0.2933450799674709, 0.3159722222222222, 0.4396917681801402, 0.49638869638869637, 0.29601661779081134, 0.29196464910750625, 0.2638041838809102, 0.3376021241830065]
 mean: 0.34672778446093255, std: 0.0886625992237228
--------------------------------------------------
Subject Number: 26
Accuracy Cross: [0.27586206896551724, 0.3103448275862069, 0.36551724137931035, 0.3931034482758621, 0.4, 0.4013605442176871, 0.35374149659863946, 0.36054421768707484, 0.3877551020408163, 0.4013605442176871, 0.348993288590604, 0.3221476510067114, 0.28859060402684567, 0.2751677852348993, 0.33557046979865773]
 mean: 0.3480039526417679, std: 0.043810413501420724
F1 Score: [0.23333333333333336, 0.26736968666943894, 0.29565401512886025, 0.41159647108994035, 0.3932113605802534, 0.3902163749621377, 0.3661775604389824, 0.34391956546211866, 0.389828431372549, 0.4165026497357672, 0.35881860075408467, 0.3221905778151833, 0.32181249814258966, 0.27513042689289113, 0.3617005400399451]
 mean: 0.34316413949453833, std: 0.05395414648906364
Accuracy Intime: [0.5, 0.6166666666666667, 0.3793103448275862, 0.4827586206896552, 0.29310344827586204, 0.5689655172413793, 0.5, 0.39655172413793105, 0.4482758620689655, 0.3448275862068966, 0.5, 0.3620689655172414, 0.5344827586206896, 0.43103448275862066, 0.4827586206896552]
 mean: 0.4560536398467433, std: 0.08555329922747046
F1 (Intime): [0.49929799929799934, 0.6209042712066906, 0.34214086352244244, 0.4349389712292938, 0.26923076923076916, 0.5802875285633907, 0.4873728123728124, 0.399881622442598, 0.44058510972772436, 0.3287878787878788, 0.5047864297864297, 0.3368459026353763, 0.5488888888888889, 0.4204462027897871, 0.4886727809403331]
 mean: 0.4468712020948276, std: 0.09648748729554656
--------------------------------------------------
Subject Number: 27
Accuracy Cross: [0.2986111111111111, 0.3055555555555556, 0.3611111111111111, 0.3541666666666667, 0.3125, 0.40816326530612246, 0.35374149659863946, 0.3129251700680272, 0.2925170068027211, 0.30612244897959184, 0.4041095890410959, 0.3972602739726027, 0.4178082191780822, 0.3424657534246575, 0.5684931506849316]
 mean: 0.3623700545667277, std: 0.06900450198137202
F1 Score: [0.2759351759351759, 0.25705680794535857, 0.35270681297942724, 0.3206764315095195, 0.3122274547227351, 0.40390187977975106, 0.29158163265306125, 0.29377408305979735, 0.25002658160552893, 0.2703113183825867, 0.36506986330816993, 0.3505784092276774, 0.4183469341370764, 0.2964741115505358, 0.5622495350387761]
 mean: 0.33472780212234515, std: 0.07812701852893458
Accuracy Intime: [0.36666666666666664, 0.3793103448275862, 0.603448275862069, 0.4482758620689655, 0.3793103448275862, 0.5172413793103449, 0.3103448275862069, 0.41379310344827586, 0.3793103448275862, 0.39285714285714285, 0.3620689655172414, 0.43103448275862066, 0.6206896551724138, 0.4482758620689655, 0.5535714285714286]
 mean: 0.44041324575807334, std: 0.08968984703853598
F1 (Intime): [0.3368076368076368, 0.3737068965517242, 0.579323020499491, 0.35570962553314533, 0.3353647022156221, 0.5101952745711511, 0.25630602459870755, 0.40935013262599473, 0.29800696594427245, 0.33095238095238094, 0.33269321118158324, 0.41332548851804307, 0.6135129490392648, 0.44597069597069594, 0.5257464574898786]
 mean: 0.40779809749997287, std: 0.10274178473735689
--------------------------------------------------
Subject Number: 28
Accuracy Cross: [0.3146853146853147, 0.32167832167832167, 0.34265734265734266, 0.34265734265734266, 0.3146853146853147, 0.3082191780821918, 0.3904109589041096, 0.3356164383561644, 0.2876712328767123, 0.4178082191780822, 0.17105263157894737, 0.16447368421052633, 0.18421052631578946, 0.17763157894736842, 0.15789473684210525]
 mean: 0.28209018811037556, std: 0.084395928244777
F1 Score: [0.2796254337619922, 0.32147991045127844, 0.34794144455063536, 0.3444173967136604, 0.30307074604574813, 0.29404832263874814, 0.38413883161263185, 0.3211801574562409, 0.24247965486812434, 0.39398819937566465, 0.07344632768361582, 0.08164421503210374, 0.09736673089274246, 0.08582375478927204, 0.09537549407114623]
 mean: 0.24440177466290702, std: 0.11727580938745287
Accuracy Intime: [0.35, 0.25862068965517243, 0.43103448275862066, 0.3793103448275862, 0.39655172413793105, 0.3275862068965517, 0.29310344827586204, 0.39655172413793105, 0.48214285714285715, 0.35714285714285715, 0.5344827586206896, 0.5517241379310345, 0.7758620689655172, 0.5357142857142857, 0.6071428571428571]
 mean: 0.44513136288998356, std: 0.13223967094763928
F1 (Intime): [0.3315909090909091, 0.2515664160401002, 0.4225644234334446, 0.36998047450633653, 0.3489463601532567, 0.318444423223835, 0.28149935649935653, 0.3764705882352941, 0.4640937019969278, 0.32942927170868347, 0.4991718426501035, 0.5294058444633892, 0.7703522769046963, 0.5287596662596663, 0.6172897842522589]
 mean: 0.42930435596121724, std: 0.13557757158854097
--------------------------------------------------
Subject Number: 29
Accuracy Cross: [0.4195804195804196, 0.43356643356643354, 0.3986013986013986, 0.40559440559440557, 0.46153846153846156, 0.3793103448275862, 0.31724137931034485, 0.43448275862068964, 0.3793103448275862, 0.41379310344827586, 0.30405405405405406, 0.34459459459459457, 0.4527027027027027, 0.39864864864864863, 0.40540540540540543]
 mean: 0.3965616303547338, std: 0.04421268629539844
F1 Score: [0.40906231373581636, 0.42605421686746986, 0.39926682662326324, 0.38358780183282604, 0.4557194899817851, 0.39494321123582066, 0.31083156923410954, 0.43830538487796555, 0.32005358747272494, 0.4223248671475621, 0.2562505904805094, 0.32499917340342876, 0.45180077871512003, 0.3630681578081383, 0.3753486531850006]
 mean: 0.3821077748401027, std: 0.05574419538865685
Accuracy Intime: [0.5172413793103449, 0.6724137931034483, 0.4827586206896552, 0.41379310344827586, 0.43103448275862066, 0.6724137931034483, 0.41379310344827586, 0.5, 0.35714285714285715, 0.44642857142857145, 0.43103448275862066, 0.4482758620689655, 0.5, 0.3392857142857143, 0.375]
 mean: 0.4667077175697865, std: 0.0949404001990161
F1 (Intime): [0.5013171225937183, 0.6671418885377696, 0.4649068322981367, 0.3685621521335807, 0.27956989247311825, 0.6898669433611639, 0.35266585266585265, 0.5040852130325815, 0.3423034903110804, 0.445947570947571, 0.38500948766603416, 0.446121351766513, 0.48043478260869565, 0.2527573875399962, 0.37097592660252504]
 mean: 0.43677772630255585, std: 0.11970162171478399
--------------------------------------------------
**************************************************
accuracy_cross_list: [0.3127181171319103, 0.4007933396821179, 0.2632880459151645, 0.3427586206896551, 0.3518154114705839, 0.2525226757369614, 0.3290684310253782, 0.30163265306122455, 0.30729674760985914, 0.2842011177296959, 0.2578517049825144, 0.32560482188257345, 0.2770672037462133, 0.2926570406022461, 0.28541235850872126, 0.3018712768712769, 0.3623700545667277, 0.32075283446712016, 0.33947696139476957, 0.32024060774060775, 0.26611975240546665, 0.3592213601409729, 0.3248613159327445, 0.28890955669888124, 0.3072322859916845, 0.3480039526417679, 0.3623700545667277, 0.28209018811037556, 0.3965616303547338]
f1_score_list: [0.2985080223051531, 0.37223067495816337, 0.2382881037072022, 0.32463051400367127, 0.3514533080105607, 0.2373935489228942, 0.3197057759411774, 0.24774983675393156, 0.3140428456958569, 0.2708362133866503, 0.24447184361062052, 0.3272038498726243, 0.2549940230874795, 0.2510216966294555, 0.25346536663219765, 0.2650906716798151, 0.33472780212234515, 0.31017934918886075, 0.30530675349839764, 0.2971524901646283, 0.258274072586376, 0.3589228652578414, 0.31712531033587343, 0.2571512843028042, 0.2851471873275327, 0.34316413949453833, 0.33472780212234515, 0.24440177466290702, 0.3821077748401027]
accuracy_intime_list: [0.37234038442963396, 0.49158456486042684, 0.37126163108921734, 0.39655172413793094, 0.4331800766283525, 0.38176792556102895, 0.3582375478927204, 0.366896551724138, 0.3848412698412698, 0.36191570881226054, 0.47946360153256706, 0.34745484400656823, 0.35371647509578547, 0.38927203065134103, 0.39786535303776677, 0.36321839080459767, 0.44041324575807334, 0.3565900383141763, 0.44033935413245756, 0.3821839080459769, 0.34643678160919544, 0.453273125342091, 0.41592775041050906, 0.3373180076628353, 0.37187739463601527, 0.4560536398467433, 0.44041324575807334, 0.44513136288998356, 0.4667077175697865]
f1_score_intime_list: [0.34995918865151915, 0.46675167985101945, 0.34103981082101237, 0.38420254408860316, 0.4161223566177101, 0.3591937471839251, 0.34970510888973944, 0.33634631299756906, 0.37353352436058596, 0.34270374393171854, 0.4422453879204484, 0.32969101940044215, 0.3369517710074816, 0.3823684436294373, 0.38665640176961863, 0.3415952513099368, 0.40779809749997287, 0.3332844306431946, 0.4098196357605302, 0.3477865260477372, 0.33115529155551915, 0.43924817272672084, 0.3951928928439988, 0.3224515065612856, 0.34672778446093255, 0.4468712020948276, 0.40779809749997287, 0.42930435596121724, 0.43677772630255585]
**************************************************
ACC: 31.60±3.85
F1: 29.65±4.29
Intime: 40.01±4.40
F1 (Intime): 37.91±4.24
