1e-06
Subject Number: 1
Accuracy Cross: [0.5882352941176471, 0.45588235294117646, 0.5147058823529411, 0.4411764705882353, 0.47058823529411764, 0.46153846153846156, 0.46153846153846156, 0.5128205128205128, 0.5769230769230769, 0.5256410256410257, 0.38961038961038963, 0.4935064935064935, 0.4025974025974026, 0.5064935064935064, 0.45454545454545453]
 mean: 0.4837202013672602, std: 0.05404875894770388
F1 Score: [0.5824561403508772, 0.4461809377063614, 0.4962962962962963, 0.4392361111111111, 0.46875, 0.43125, 0.45833333333333337, 0.5046791443850267, 0.5502358902673423, 0.512087912087912, 0.3543264942016057, 0.4935064935064935, 0.38506944444444446, 0.4996580027359781, 0.45445344129554655]
 mean: 0.47176797611482185, std: 0.05664111219204255
Accuracy Intime: [0.53125, 0.59375, 0.5333333333333333, 0.4, 0.5, 0.6071428571428571, 0.5714285714285714, 0.42857142857142855, 0.6153846153846154, 0.6538461538461539, 0.5, 0.39285714285714285, 0.6071428571428571, 0.6153846153846154, 0.5384615384615384]
 mean: 0.5392368742368743, std: 0.07924718993325382
F1 (Intime): [0.530791788856305, 0.5835835835835836, 0.5248868778280543, 0.375, 0.4949494949494949, 0.5809523809523809, 0.5714285714285714, 0.41666666666666663, 0.59375, 0.6533333333333333, 0.5, 0.3858064516129032, 0.5942028985507246, 0.6130952380952381, 0.5357142857142857]
 mean: 0.5302774381047695, std: 0.08055379471647202
--------------------------------------------------
Subject Number: 2
Accuracy Cross: [0.5, 0.45588235294117646, 0.5441176470588235, 0.5147058823529411, 0.5294117647058824, 0.47058823529411764, 0.5882352941176471, 0.4852941176470588, 0.45588235294117646, 0.5735294117647058, 0.5, 0.47435897435897434, 0.5256410256410257, 0.47435897435897434, 0.46153846153846156]
 mean: 0.5035696329813977, std: 0.040376820050262295
F1 Score: [0.4982638888888889, 0.45292454881495975, 0.5359894342945191, 0.5146009085009734, 0.5290043290043289, 0.46875, 0.5850043591979075, 0.48429035752979416, 0.45292454881495975, 0.5689617486338798, 0.49793695329262255, 0.44120216669578893, 0.519240379810095, 0.4593406593406594, 0.4484848484848485]
 mean: 0.4971279420869485, std: 0.04320848849622167
Accuracy Intime: [0.42857142857142855, 0.5357142857142857, 0.5714285714285714, 0.46153846153846156, 0.6153846153846154, 0.5714285714285714, 0.35714285714285715, 0.5714285714285714, 0.7307692307692307, 0.38461538461538464, 0.6071428571428571, 0.4642857142857143, 0.7142857142857143, 0.5, 0.4230769230769231]
 mean: 0.5291208791208791, std: 0.10811198780885552
F1 (Intime): [0.4256410256410257, 0.5303225806451612, 0.5714285714285714, 0.43125, 0.6130952380952381, 0.5625, 0.35384615384615387, 0.5692307692307692, 0.7303703703703703, 0.38461538461538464, 0.6066411238825031, 0.44664031620553357, 0.7128205128205127, 0.4932533733133433, 0.4222222222222222]
 mean: 0.5235918428211194, std: 0.11038432712836752
--------------------------------------------------
Subject Number: 3
Accuracy Cross: [0.4264705882352941, 0.4411764705882353, 0.5735294117647058, 0.47058823529411764, 0.6029411764705882, 0.44285714285714284, 0.5142857142857142, 0.4, 0.5285714285714286, 0.37142857142857144, 0.5949367088607594, 0.45569620253164556, 0.5063291139240507, 0.5822784810126582, 0.43037974683544306]
 mean: 0.48943126617735694, std: 0.07188358160247334
F1 Score: [0.4233529028049576, 0.4406926406926407, 0.5450980392156863, 0.46643417611159543, 0.6021668472372698, 0.44, 0.487510766580534, 0.39950980392156865, 0.5261538461538462, 0.34523809523809523, 0.5797872340425532, 0.4500566618099401, 0.5012141816415736, 0.5644110275689223, 0.42891566265060244]
 mean: 0.480036125711319, std: 0.07003116798548518
Accuracy Intime: [0.5714285714285714, 0.32142857142857145, 0.39285714285714285, 0.4642857142857143, 0.6071428571428571, 0.5714285714285714, 0.5, 0.35714285714285715, 0.6153846153846154, 0.7692307692307693, 0.5714285714285714, 0.5714285714285714, 0.5357142857142857, 0.5384615384615384, 0.5769230769230769]
 mean: 0.530952380952381, std: 0.10863971148929392
F1 (Intime): [0.5714285714285714, 0.3135483870967742, 0.3728590250329381, 0.42857142857142855, 0.5942028985507246, 0.5692307692307692, 0.48958333333333337, 0.35384615384615387, 0.6153846153846154, 0.75625, 0.5087719298245614, 0.5692307692307692, 0.5351213282247764, 0.5272727272727272, 0.5762962962962963]
 mean: 0.5187732155549626, std: 0.11034162111922494
--------------------------------------------------
Subject Number: 4
Accuracy Cross: [0.463768115942029, 0.463768115942029, 0.42028985507246375, 0.5072463768115942, 0.5507246376811594, 0.34782608695652173, 0.4782608695652174, 0.5072463768115942, 0.36231884057971014, 0.5362318840579711, 0.47435897435897434, 0.5641025641025641, 0.3717948717948718, 0.48717948717948717, 0.47435897435897434]
 mean: 0.46729840208101076, std: 0.06405186519385264
F1 Score: [0.4596825396825397, 0.45646157121566955, 0.4142614601018676, 0.5046452702702703, 0.5503468572629808, 0.34285714285714286, 0.4646551724137931, 0.5063131313131313, 0.3456896551724138, 0.5314091680814941, 0.4481449525452976, 0.5641025641025641, 0.36331834082958525, 0.47860962566844917, 0.47427256288015784]
 mean: 0.46031800095982384, std: 0.06692746152913219
Accuracy Intime: [0.5714285714285714, 0.5714285714285714, 0.4642857142857143, 0.39285714285714285, 0.5769230769230769, 0.35714285714285715, 0.42857142857142855, 0.6071428571428571, 0.42857142857142855, 0.7307692307692307, 0.6428571428571429, 0.5, 0.42857142857142855, 0.6071428571428571, 0.6153846153846154]
 mean: 0.5282051282051282, std: 0.10411310662643346
F1 (Intime): [0.5692307692307692, 0.5625, 0.44664031620553357, 0.39208173690932313, 0.5606758832565284, 0.35384615384615387, 0.37777777777777777, 0.5942028985507246, 0.42857142857142855, 0.7204301075268817, 0.5625, 0.5, 0.40106951871657753, 0.6025806451612903, 0.59375]
 mean: 0.5110571490501993, std: 0.10227760600730963
--------------------------------------------------
Subject Number: 5
Accuracy Cross: [0.5147058823529411, 0.5, 0.5294117647058824, 0.4264705882352941, 0.47058823529411764, 0.5857142857142857, 0.5857142857142857, 0.4714285714285714, 0.4857142857142857, 0.4857142857142857, 0.5072463768115942, 0.4492753623188406, 0.36231884057971014, 0.5072463768115942, 0.4782608695652174]
 mean: 0.490654000730727, std: 0.054201963839786295
F1 Score: [0.5120678408349641, 0.4982638888888889, 0.493953488372093, 0.4233529028049576, 0.46875, 0.5527649261951972, 0.559748427672956, 0.4459893048128342, 0.4642857142857143, 0.4852941176470588, 0.4828042328042328, 0.4482323232323232, 0.3621848739495799, 0.5046452702702703, 0.4772727272727273]
 mean: 0.4786406692695865, std: 0.04723196350928736
Accuracy Intime: [0.6785714285714286, 0.42857142857142855, 0.5, 0.42857142857142855, 0.3076923076923077, 0.7857142857142857, 0.6071428571428571, 0.5, 0.5, 0.5, 0.5357142857142857, 0.39285714285714285, 0.5357142857142857, 0.5769230769230769, 0.6153846153846154]
 mean: 0.5261904761904762, std: 0.11406389904574592
F1 (Intime): [0.6781609195402298, 0.42857142857142855, 0.3875, 0.4256410256410257, 0.3035714285714286, 0.78125, 0.6066411238825031, 0.48958333333333337, 0.4609250398724083, 0.49925925925925924, 0.5047619047619047, 0.3858064516129032, 0.5351213282247764, 0.5762962962962963, 0.606060606060606]
 mean: 0.5112766763752068, std: 0.11977248438156922
--------------------------------------------------
Subject Number: 6
Accuracy Cross: [0.6119402985074627, 0.43283582089552236, 0.5522388059701493, 0.5223880597014925, 0.5671641791044776, 0.5507246376811594, 0.5362318840579711, 0.463768115942029, 0.6231884057971014, 0.4782608695652174, 0.463768115942029, 0.5217391304347826, 0.463768115942029, 0.43478260869565216, 0.391304347826087]
 mean: 0.5076068930708776, std: 0.06528268400704713
F1 Score: [0.5967592592592592, 0.4224137931034483, 0.5398351648351649, 0.5214285714285714, 0.5667781493868451, 0.5503468572629808, 0.5337837837837838, 0.4596825396825397, 0.6166666666666667, 0.4772727272727273, 0.4633172167332352, 0.5201264488935722, 0.45646157121566955, 0.42265608238575414, 0.3911764705882353]
 mean: 0.502580353499897, std: 0.06464656260141839
Accuracy Intime: [0.5714285714285714, 0.4642857142857143, 0.5714285714285714, 0.39285714285714285, 0.5769230769230769, 0.5, 0.5714285714285714, 0.5, 0.34615384615384615, 0.6153846153846154, 0.5, 0.5357142857142857, 0.46153846153846156, 0.5769230769230769, 0.4230769230769231]
 mean: 0.5071428571428571, std: 0.07518175590877875
F1 (Intime): [0.5714285714285714, 0.46360153256704983, 0.5625, 0.39208173690932313, 0.5762962962962963, 0.48958333333333337, 0.5692307692307692, 0.49925925925925924, 0.3373313343328336, 0.6130952380952381, 0.49743589743589745, 0.5351213282247764, 0.43125, 0.5712143928035982, 0.4152923538230885]
 mean: 0.5016481362493356, std: 0.0775142880976006
--------------------------------------------------
Subject Number: 7
Accuracy Cross: [0.5294117647058824, 0.4852941176470588, 0.5, 0.5147058823529411, 0.6323529411764706, 0.5735294117647058, 0.4264705882352941, 0.4852941176470588, 0.5294117647058824, 0.47058823529411764, 0.6231884057971014, 0.5942028985507246, 0.5217391304347826, 0.5507246376811594, 0.4492753623188406]
 mean: 0.5257459505541346, std: 0.05848060753255352
F1 Score: [0.5277777777777778, 0.4824961948249619, 0.4982638888888889, 0.5146009085009734, 0.6303544248749728, 0.562069731290251, 0.420327868852459, 0.48429035752979416, 0.5277777777777778, 0.4535714285714286, 0.6192699490662139, 0.5934343434343434, 0.5213369770863989, 0.5492096944151739, 0.44636824324324326]
 mean: 0.5220766377423105, std: 0.05947471682688619
Accuracy Intime: [0.5, 0.4642857142857143, 0.6428571428571429, 0.5, 0.5769230769230769, 0.6071428571428571, 0.39285714285714285, 0.39285714285714285, 0.6153846153846154, 0.5, 0.5357142857142857, 0.5357142857142857, 0.4642857142857143, 0.46153846153846156, 0.4230769230769231]
 mean: 0.5075091575091575, std: 0.07559999419280751
F1 (Intime): [0.49743589743589745, 0.46360153256704983, 0.625668449197861, 0.49925925925925924, 0.5762962962962963, 0.6066411238825031, 0.3728590250329381, 0.3858064516129032, 0.6153846153846154, 0.4932533733133433, 0.5204216073781291, 0.5303225806451612, 0.45806451612903226, 0.4484848484848485, 0.4222222222222222]
 mean: 0.501048119922804, std: 0.07688255390611902
--------------------------------------------------
Subject Number: 8
Accuracy Cross: [0.5428571428571428, 0.44285714285714284, 0.5, 0.5285714285714286, 0.45714285714285713, 0.4492753623188406, 0.5652173913043478, 0.5072463768115942, 0.4492753623188406, 0.43478260869565216, 0.6176470588235294, 0.5147058823529411, 0.5, 0.5147058823529411, 0.5294117647058824]
 mean: 0.503579750740876, std: 0.049265535677974585
F1 Score: [0.542483660130719, 0.44, 0.48213908264637495, 0.5277039460233082, 0.453125, 0.4491596638655462, 0.5643939393939394, 0.5071428571428571, 0.421957671957672, 0.40266370699223086, 0.6091954022988506, 0.513759479956663, 0.49607672188317353, 0.513759479956663, 0.5228070175438597]
 mean: 0.4964245086527905, std: 0.05396419742898566
Accuracy Intime: [0.4642857142857143, 0.6071428571428571, 0.6428571428571429, 0.5, 0.6538461538461539, 0.5714285714285714, 0.75, 0.5357142857142857, 0.6538461538461539, 0.5, 0.5357142857142857, 0.7142857142857143, 0.5, 0.5357142857142857, 0.5]
 mean: 0.5776556776556777, std: 0.08461340244732857
F1 (Intime): [0.45806451612903226, 0.5809523809523809, 0.6354166666666667, 0.49925925925925924, 0.6491754122938531, 0.5714285714285714, 0.7333333333333334, 0.5303225806451612, 0.6533333333333333, 0.4932533733133433, 0.5204216073781291, 0.7128205128205127, 0.49743589743589745, 0.5351213282247764, 0.4807987711213518]
 mean: 0.5700758362890401, std: 0.08429512074867733
--------------------------------------------------
Subject Number: 9
Accuracy Cross: [0.5373134328358209, 0.47761194029850745, 0.582089552238806, 0.4925373134328358, 0.417910447761194, 0.5735294117647058, 0.5882352941176471, 0.47058823529411764, 0.5, 0.5147058823529411, 0.5428571428571428, 0.5571428571428572, 0.5285714285714286, 0.42857142857142855, 0.5]
 mean: 0.5141109578159622, std: 0.050155475579387064
F1 Score: [0.5373134328358209, 0.47005649717514125, 0.46825396825396826, 0.48693693693693696, 0.4094915254237288, 0.5726977248104008, 0.5850043591979075, 0.4701298701298701, 0.4839285714285714, 0.513759479956663, 0.5428571428571428, 0.5459301109018623, 0.5284751990202081, 0.42810457516339867, 0.4873404477924252]
 mean: 0.5020186561256031, std: 0.04867232020719289
Accuracy Intime: [0.5, 0.6071428571428571, 0.6428571428571429, 0.6153846153846154, 0.5, 0.4642857142857143, 0.4642857142857143, 0.5, 0.6538461538461539, 0.5384615384615384, 0.5, 0.4642857142857143, 0.6153846153846154, 0.6153846153846154, 0.5769230769230769]
 mean: 0.5505494505494505, std: 0.06752357544407674
F1 (Intime): [0.48958333333333337, 0.6066411238825031, 0.5625, 0.606060606060606, 0.4319327731092437, 0.44664031620553357, 0.44664031620553357, 0.4807987711213518, 0.6533333333333333, 0.5272727272727272, 0.48958333333333337, 0.46360153256704983, 0.6130952380952381, 0.6153846153846154, 0.5606758832565284]
 mean: 0.5329162602107287, std: 0.07143951062910653
--------------------------------------------------
Subject Number: 10
Accuracy Cross: [0.43283582089552236, 0.4925373134328358, 0.6119402985074627, 0.43283582089552236, 0.3880597014925373, 0.5882352941176471, 0.4264705882352941, 0.47058823529411764, 0.5, 0.5294117647058824, 0.4520547945205479, 0.4931506849315068, 0.5068493150684932, 0.547945205479452, 0.5342465753424658]
 mean: 0.49381076086128584, std: 0.06019451314178556
F1 Score: [0.40290806754221387, 0.49242424242424243, 0.6011904761904762, 0.4296594982078853, 0.3875139353400223, 0.575, 0.3971357126619687, 0.4701298701298701, 0.49607672188317353, 0.5294117647058824, 0.45112781954887216, 0.47379699980518214, 0.4992378048780488, 0.5476056338028169, 0.532051282051282]
 mean: 0.48568465527812904, std: 0.06250263565441595
Accuracy Intime: [0.35714285714285715, 0.5714285714285714, 0.4642857142857143, 0.4230769230769231, 0.5, 0.5357142857142857, 0.7142857142857143, 0.4230769230769231, 0.5384615384615384, 0.5769230769230769, 0.6071428571428571, 0.5, 0.46153846153846156, 0.38461538461538464, 0.6153846153846154]
 mean: 0.5115384615384616, std: 0.09338073333040382
F1 (Intime): [0.3, 0.5692307692307692, 0.46360153256704983, 0.4152923538230885, 0.49925925925925924, 0.4822190611664296, 0.7005347593582887, 0.4222222222222222, 0.5384615384615384, 0.5762962962962963, 0.5942028985507246, 0.47593582887700536, 0.45833333333333337, 0.38461538461538464, 0.6130952380952381]
 mean: 0.4995533650571085, std: 0.09813744188077127
--------------------------------------------------
Subject Number: 11
Accuracy Cross: [0.5588235294117647, 0.47058823529411764, 0.5294117647058824, 0.5294117647058824, 0.5735294117647058, 0.5797101449275363, 0.5507246376811594, 0.5507246376811594, 0.4492753623188406, 0.4782608695652174, 0.41333333333333333, 0.48, 0.5466666666666666, 0.52, 0.44]
 mean: 0.5113640238704178, std: 0.0504374032025999
F1 Score: [0.532967032967033, 0.4535714285714286, 0.5277777777777778, 0.5277777777777778, 0.5726977248104008, 0.5616648411829135, 0.5503468572629808, 0.5492096944151739, 0.43974358974358974, 0.47550675675675674, 0.40476190476190477, 0.4796299590820139, 0.5465860597439545, 0.5, 0.43990042674253205]
 mean: 0.5041427887730826, std: 0.0503787824085834
Accuracy Intime: [0.6428571428571429, 0.5, 0.5714285714285714, 0.5, 0.6153846153846154, 0.5714285714285714, 0.6071428571428571, 0.5, 0.3076923076923077, 0.6538461538461539, 0.4642857142857143, 0.4642857142857143, 0.5, 0.5769230769230769, 0.5769230769230769]
 mean: 0.5368131868131869, std: 0.08567905728580569
F1 (Intime): [0.625668449197861, 0.48958333333333337, 0.5714285714285714, 0.49743589743589745, 0.6153846153846154, 0.5087719298245614, 0.5942028985507246, 0.47593582887700536, 0.3035714285714286, 0.6533333333333333, 0.44664031620553357, 0.45806451612903226, 0.49743589743589745, 0.5606758832565284, 0.5762962962962963]
 mean: 0.5249619463507079, std: 0.08591368706477381
--------------------------------------------------
Subject Number: 12
Accuracy Cross: [0.6716417910447762, 0.4626865671641791, 0.44776119402985076, 0.417910447761194, 0.4626865671641791, 0.5072463768115942, 0.4927536231884058, 0.43478260869565216, 0.4782608695652174, 0.5217391304347826, 0.39705882352941174, 0.5147058823529411, 0.5, 0.4264705882352941, 0.5441176470588235]
 mean: 0.4853214744690868, std: 0.06426548444508881
F1 Score: [0.668018018018018, 0.4616071428571429, 0.4143633356957241, 0.417910447761194, 0.45967741935483875, 0.5071428571428571, 0.4888888888888889, 0.43478260869565216, 0.47550675675675674, 0.5180952380952382, 0.39692840147090636, 0.5095081967213115, 0.49607672188317353, 0.420327868852459, 0.5392349726775956]
 mean: 0.4805379249914504, std: 0.0651625913177598
Accuracy Intime: [0.6785714285714286, 0.6071428571428571, 0.5, 0.7307692307692307, 0.46153846153846156, 0.5714285714285714, 0.6785714285714286, 0.4230769230769231, 0.38461538461538464, 0.6538461538461539, 0.5, 0.6428571428571429, 0.6153846153846154, 0.3076923076923077, 0.5769230769230769]
 mean: 0.5554945054945056, std: 0.11787475213615715
F1 (Intime): [0.6748387096774193, 0.6066411238825031, 0.4269005847953216, 0.7204301075268817, 0.45833333333333337, 0.5692307692307692, 0.6679841897233202, 0.4222222222222222, 0.38095238095238093, 0.6533333333333333, 0.5, 0.6354166666666667, 0.6130952380952381, 0.3035714285714286, 0.5606758832565284]
 mean: 0.5462417314178231, std: 0.11990937565851349
--------------------------------------------------
Subject Number: 13
Accuracy Cross: [0.40298507462686567, 0.40298507462686567, 0.4626865671641791, 0.3880597014925373, 0.4626865671641791, 0.4142857142857143, 0.5571428571428572, 0.5, 0.5571428571428572, 0.5285714285714286, 0.6086956521739131, 0.5507246376811594, 0.2608695652173913, 0.42028985507246375, 0.6376811594202898]
 mean: 0.4769871141188468, std: 0.0958366310047025
F1 Score: [0.4017857142857143, 0.4017857142857143, 0.44166666666666665, 0.3880597014925373, 0.4616071428571429, 0.3563579277864992, 0.5570524596856501, 0.49743589743589745, 0.5459301109018623, 0.5284751990202081, 0.5864594894561599, 0.5492096944151739, 0.258377239199157, 0.4051724137931034, 0.6221248630887185]
 mean: 0.4667666822913469, std: 0.09630952681798036
Accuracy Intime: [0.39285714285714285, 0.42857142857142855, 0.4642857142857143, 0.42857142857142855, 0.5769230769230769, 0.5, 0.5357142857142857, 0.6153846153846154, 0.46153846153846156, 0.4230769230769231, 0.42857142857142855, 0.6071428571428571, 0.38461538461538464, 0.34615384615384615, 0.38461538461538464]
 mean: 0.46520146520146527, std: 0.08147610410086162
F1 (Intime): [0.35238095238095235, 0.41666666666666663, 0.45806451612903226, 0.42857142857142855, 0.5762962962962963, 0.4269005847953216, 0.5303225806451612, 0.6153846153846154, 0.46153846153846156, 0.4222222222222222, 0.41666666666666663, 0.561877667140825, 0.38461538461538464, 0.34518518518518515, 0.35]
 mean: 0.4497795485492147, std: 0.08215674611024856
--------------------------------------------------
Subject Number: 14
Accuracy Cross: [0.38235294117647056, 0.5441176470588235, 0.5441176470588235, 0.4411764705882353, 0.47058823529411764, 0.5294117647058824, 0.5, 0.5588235294117647, 0.5882352941176471, 0.4411764705882353, 0.43478260869565216, 0.5507246376811594, 0.5072463768115942, 0.4492753623188406, 0.5362318840579711]
 mean: 0.4985507246376812, std: 0.05678192028156489
F1 Score: [0.3687002652519894, 0.5359894342945191, 0.5208001818595136, 0.43679163034001744, 0.4631578947368421, 0.5142857142857142, 0.47786811201445345, 0.5572916666666667, 0.5824561403508772, 0.43333333333333335, 0.4171539961013645, 0.5473015873015873, 0.4987179487179487, 0.4491596638655462, 0.5361344537815126]
 mean: 0.4892761348601258, std: 0.05819954533288771
Accuracy Intime: [0.32142857142857145, 0.4642857142857143, 0.6071428571428571, 0.5769230769230769, 0.7307692307692307, 0.6428571428571429, 0.6785714285714286, 0.5357142857142857, 0.5, 0.5769230769230769, 0.6071428571428571, 0.6428571428571429, 0.4642857142857143, 0.34615384615384615, 0.6923076923076923]
 mean: 0.5591575091575092, std: 0.11679698416340797
F1 (Intime): [0.3135483870967742, 0.45806451612903226, 0.6066411238825031, 0.5762962962962963, 0.7097288676236044, 0.625668449197861, 0.6415362731152205, 0.5303225806451612, 0.49925925925925924, 0.5712143928035982, 0.5809523809523809, 0.625668449197861, 0.45806451612903226, 0.3210445468509985, 0.6848484848484848]
 mean: 0.5468572349352046, std: 0.11456685249649173
--------------------------------------------------
Subject Number: 15
Accuracy Cross: [0.4927536231884058, 0.5507246376811594, 0.42028985507246375, 0.5362318840579711, 0.5217391304347826, 0.4117647058823529, 0.5588235294117647, 0.6029411764705882, 0.47058823529411764, 0.4264705882352941, 0.4852941176470588, 0.39705882352941174, 0.5882352941176471, 0.4852941176470588, 0.45588235294117646]
 mean: 0.4936061381074169, std: 0.06273051131149832
F1 Score: [0.4927536231884058, 0.544602938045561, 0.4142614601018676, 0.5361344537815126, 0.5180952380952382, 0.3857271906052394, 0.5490716180371353, 0.5878787878787879, 0.46643417611159543, 0.4233529028049576, 0.4797814207650273, 0.39060109289617484, 0.5882352941176471, 0.4714634687985787, 0.4557646549859399]
 mean: 0.4869438880142445, std: 0.06407970825358746
Accuracy Intime: [0.6785714285714286, 0.6428571428571429, 0.5, 0.5, 0.4230769230769231, 0.35714285714285715, 0.42857142857142855, 0.4642857142857143, 0.5769230769230769, 0.6153846153846154, 0.6785714285714286, 0.6071428571428571, 0.4642857142857143, 0.5384615384615384, 0.46153846153846156]
 mean: 0.5291208791208791, std: 0.0963018222949996
F1 (Intime): [0.6781609195402298, 0.641025641025641, 0.49743589743589745, 0.49925925925925924, 0.4222222222222222, 0.35384615384615387, 0.41666666666666663, 0.45806451612903226, 0.5712143928035982, 0.6153846153846154, 0.6781609195402298, 0.6066411238825031, 0.46360153256704983, 0.5384615384615384, 0.45833333333333337]
 mean: 0.5265652488065313, std: 0.09770818160753421
--------------------------------------------------
Subject Number: 16
Accuracy Cross: [0.3582089552238806, 0.4925373134328358, 0.47761194029850745, 0.373134328358209, 0.4925373134328358, 0.5223880597014925, 0.44776119402985076, 0.582089552238806, 0.6268656716417911, 0.5074626865671642, 0.5373134328358209, 0.5373134328358209, 0.6268656716417911, 0.44776119402985076, 0.4626865671641791]
 mean: 0.49950248756218907, std: 0.07568732440094175
F1 Score: [0.3582089552238806, 0.49242424242424243, 0.47761194029850745, 0.3696236559139785, 0.4896953405017921, 0.5136116152450091, 0.42254833449802, 0.58125, 0.6183640920483026, 0.5070234113712375, 0.5356583948133244, 0.5356583948133244, 0.6214689265536724, 0.4472686733556299, 0.4616071428571429]
 mean: 0.4954682079945377, std: 0.07565569818709787
Accuracy Intime: [0.5714285714285714, 0.6428571428571429, 0.7307692307692307, 0.5769230769230769, 0.46153846153846156, 0.35714285714285715, 0.7142857142857143, 0.34615384615384615, 0.46153846153846156, 0.4230769230769231, 0.5357142857142857, 0.5, 0.46153846153846156, 0.6923076923076923, 0.6538461538461539]
 mean: 0.541941391941392, std: 0.12126340293603044
F1 (Intime): [0.5692307692307692, 0.6354166666666667, 0.7303703703703703, 0.5762962962962963, 0.46153846153846156, 0.35384615384615387, 0.672514619883041, 0.34518518518518515, 0.40522875816993464, 0.4222222222222222, 0.5351213282247764, 0.47593582887700536, 0.4484848484848485, 0.6848484848484848, 0.6491754122938531]
 mean: 0.5310276937425379, std: 0.12112534449771335
--------------------------------------------------
Subject Number: 17
Accuracy Cross: [0.5, 0.4264705882352941, 0.5441176470588235, 0.4117647058823529, 0.6029411764705882, 0.43478260869565216, 0.4492753623188406, 0.43478260869565216, 0.4782608695652174, 0.6521739130434783, 0.4852941176470588, 0.5, 0.4117647058823529, 0.47058823529411764, 0.47058823529411764]
 mean: 0.4848536516055698, std: 0.06670084692635622
F1 Score: [0.4982638888888889, 0.4253521126760563, 0.5416394868449663, 0.40714908456843946, 0.6021668472372698, 0.4270811156057058, 0.44636824324324326, 0.4343073365566533, 0.4646551724137931, 0.6461538461538461, 0.4824961948249619, 0.48894783377541995, 0.39876215738284704, 0.46875, 0.43956043956043955]
 mean: 0.47811025064883533, std: 0.06812121757783
Accuracy Intime: [0.5, 0.75, 0.42857142857142855, 0.5384615384615384, 0.4230769230769231, 0.4642857142857143, 0.4642857142857143, 0.5, 0.4230769230769231, 0.34615384615384615, 0.6785714285714286, 0.5357142857142857, 0.5714285714285714, 0.46153846153846156, 0.4230769230769231]
 mean: 0.5005494505494507, std: 0.10092655320683996
F1 (Intime): [0.49743589743589745, 0.7470967741935484, 0.42857142857142855, 0.5357142857142857, 0.4222222222222222, 0.46360153256704983, 0.45806451612903226, 0.49743589743589745, 0.4222222222222222, 0.3210445468509985, 0.6748387096774193, 0.5351213282247764, 0.5714285714285714, 0.45833333333333337, 0.4152923538230885]
 mean: 0.4965615746553181, std: 0.10337409307218472
--------------------------------------------------
Subject Number: 18
Accuracy Cross: [0.6376811594202898, 0.5072463768115942, 0.5797101449275363, 0.43478260869565216, 0.4492753623188406, 0.5, 0.47058823529411764, 0.4852941176470588, 0.5735294117647058, 0.5, 0.6142857142857143, 0.4142857142857143, 0.4857142857142857, 0.45714285714285713, 0.4]
 mean: 0.5006357325538912, std: 0.06885706081635154
F1 Score: [0.6327443048754524, 0.5071428571428571, 0.5706929843381249, 0.43047619047619046, 0.44636824324324326, 0.47786811201445345, 0.46875, 0.4714634687985787, 0.5689617486338798, 0.49956709956709955, 0.6078024486407968, 0.4141661563584405, 0.47500000000000003, 0.4458333333333333, 0.38749999999999996]
 mean: 0.49362246316149666, std: 0.06928690154352762
Accuracy Intime: [0.2857142857142857, 0.35714285714285715, 0.5357142857142857, 0.5384615384615384, 0.15384615384615385, 0.39285714285714285, 0.6428571428571429, 0.6071428571428571, 0.6428571428571429, 0.4230769230769231, 0.75, 0.4642857142857143, 0.5714285714285714, 0.3076923076923077, 0.5]
 mean: 0.4782051282051282, std: 0.15434399651955918
F1 (Intime): [0.2708333333333333, 0.3262032085561497, 0.5351213282247764, 0.5357142857142857, 0.13333333333333333, 0.3858064516129032, 0.5906432748538011, 0.6025806451612903, 0.641025641025641, 0.4152923538230885, 0.7417654808959157, 0.44664031620553357, 0.5625, 0.3035714285714286, 0.4807987711213518]
 mean: 0.4647886568288555, std: 0.15579436609484823
--------------------------------------------------
Subject Number: 19
Accuracy Cross: [0.4925373134328358, 0.4925373134328358, 0.34328358208955223, 0.4626865671641791, 0.5074626865671642, 0.5147058823529411, 0.4264705882352941, 0.5, 0.4852941176470588, 0.47058823529411764, 0.5588235294117647, 0.4852941176470588, 0.3382352941176471, 0.4411764705882353, 0.6029411764705882]
 mean: 0.4748024582967515, std: 0.0669333985884229
F1 Score: [0.48693693693693696, 0.49242424242424243, 0.3250915750915751, 0.4616071428571429, 0.5070234113712375, 0.48988406456012734, 0.4047138047138047, 0.4982638888888889, 0.48518278174345664, 0.4535714285714286, 0.49604743083003955, 0.48429035752979416, 0.33809214795587283, 0.4406926406926407, 0.5922718187874749]
 mean: 0.4637395781969776, std: 0.06464778771633709
Accuracy Intime: [0.5357142857142857, 0.5714285714285714, 0.4642857142857143, 0.5384615384615384, 0.46153846153846156, 0.4642857142857143, 0.5357142857142857, 0.5384615384615384, 0.5384615384615384, 0.34615384615384615, 0.5714285714285714, 0.7142857142857143, 0.46153846153846156, 0.4230769230769231, 0.6538461538461539]
 mean: 0.5212454212454213, std: 0.08759941343466174
F1 (Intime): [0.5351213282247764, 0.5692307692307692, 0.45806451612903226, 0.5357142857142857, 0.45833333333333337, 0.46360153256704983, 0.5303225806451612, 0.5357142857142857, 0.5384615384615384, 0.34518518518518515, 0.5087719298245614, 0.6888888888888889, 0.46153846153846156, 0.4222222222222222, 0.6405529953917051]
 mean: 0.5127815902047506, std: 0.08179347493669595
--------------------------------------------------
Subject Number: 20
Accuracy Cross: [0.4925373134328358, 0.4925373134328358, 0.5074626865671642, 0.582089552238806, 0.3880597014925373, 0.5074626865671642, 0.5522388059701493, 0.5074626865671642, 0.6268656716417911, 0.417910447761194, 0.5507246376811594, 0.463768115942029, 0.4927536231884058, 0.391304347826087, 0.5217391304347826]
 mean: 0.4996611147162738, std: 0.0639448354755848
F1 Score: [0.4481589147286822, 0.47847985347985345, 0.49624060150375937, 0.574410163339383, 0.3875139353400223, 0.46914765906362543, 0.549731182795699, 0.5070234113712375, 0.623849090500786, 0.41320458118122616, 0.5503468572629808, 0.4619599578503688, 0.4709748083242059, 0.3911764705882353, 0.5201264488935722]
 mean: 0.4894895957482425, std: 0.06486708509117368
Accuracy Intime: [0.6428571428571429, 0.5357142857142857, 0.34615384615384615, 0.5769230769230769, 0.5769230769230769, 0.39285714285714285, 0.6428571428571429, 0.5769230769230769, 0.38461538461538464, 0.38461538461538464, 0.6071428571428571, 0.39285714285714285, 0.46153846153846156, 0.46153846153846156, 0.5]
 mean: 0.498901098901099, std: 0.09916935536420639
F1 (Intime): [0.5906432748538011, 0.5204216073781291, 0.3373313343328336, 0.5762962962962963, 0.5762962962962963, 0.39208173690932313, 0.641025641025641, 0.5762962962962963, 0.38095238095238093, 0.3696969696969697, 0.6025806451612903, 0.3728590250329381, 0.43125, 0.46153846153846156, 0.4609250398724083]
 mean: 0.4860130003762045, std: 0.09890375513324869
--------------------------------------------------
Subject Number: 21
Accuracy Cross: [0.5142857142857142, 0.4857142857142857, 0.44285714285714284, 0.5142857142857142, 0.5857142857142857, 0.38235294117647056, 0.4852941176470588, 0.4117647058823529, 0.6470588235294118, 0.4117647058823529, 0.5217391304347826, 0.4927536231884058, 0.43478260869565216, 0.4492753623188406, 0.5942028985507246]
 mean: 0.49158973734421313, std: 0.07194600296847056
F1 Score: [0.5138888888888888, 0.4857142857142857, 0.4418319362093641, 0.5138888888888888, 0.5856297203510921, 0.38020833333333337, 0.48518278174345664, 0.4112554112554112, 0.6442894507410637, 0.39876215738284704, 0.4945615982241954, 0.49232709690981713, 0.4270811156057058, 0.4482323232323232, 0.5871794871794872]
 mean: 0.4873355650440107, std: 0.07215702715922845
Accuracy Intime: [0.5357142857142857, 0.39285714285714285, 0.6785714285714286, 0.38461538461538464, 0.38461538461538464, 0.42857142857142855, 0.35714285714285715, 0.5357142857142857, 0.4642857142857143, 0.4230769230769231, 0.6428571428571429, 0.4642857142857143, 0.5714285714285714, 0.5, 0.38461538461538464]
 mean: 0.47655677655677664, std: 0.09560474646617163
F1 (Intime): [0.5303225806451612, 0.35238095238095235, 0.6748387096774193, 0.3696969696969697, 0.38095238095238093, 0.4256410256410257, 0.34375, 0.5351213282247764, 0.45806451612903226, 0.4152923538230885, 0.625668449197861, 0.46360153256704983, 0.5625, 0.4932533733133433, 0.3696969696969697]
 mean: 0.466718742796402, std: 0.09864916023810888
--------------------------------------------------
Subject Number: 22
Accuracy Cross: [0.6029411764705882, 0.5294117647058824, 0.4117647058823529, 0.5588235294117647, 0.6911764705882353, 0.5285714285714286, 0.4, 0.4714285714285714, 0.4714285714285714, 0.4857142857142857, 0.44594594594594594, 0.5540540540540541, 0.4594594594594595, 0.3783783783783784, 0.5540540540540541]
 mean: 0.5028768264062382, std: 0.08040972212672837
F1 Score: [0.6007827788649707, 0.5257192676547515, 0.4117647058823529, 0.5553618134263296, 0.6856702619414483, 0.5206474372276406, 0.39803439803439805, 0.47132067768932434, 0.46608946608946605, 0.484029484029484, 0.4376274328081557, 0.5533199195171026, 0.45588235294117646, 0.37102734663710274, 0.553972602739726]
 mean: 0.49941666303222854, std: 0.08058737678808903
Accuracy Intime: [0.6428571428571429, 0.5357142857142857, 0.6071428571428571, 0.5357142857142857, 0.4642857142857143, 0.5714285714285714, 0.5, 0.6071428571428571, 0.5384615384615384, 0.4230769230769231, 0.4642857142857143, 0.6785714285714286, 0.5714285714285714, 0.5769230769230769, 0.5]
 mean: 0.5478021978021979, std: 0.0681170963544615
F1 (Intime): [0.641025641025641, 0.5351213282247764, 0.6025806451612903, 0.5303225806451612, 0.44664031620553357, 0.5714285714285714, 0.4555555555555556, 0.6066411238825031, 0.5272727272727272, 0.4152923538230885, 0.44664031620553357, 0.6571428571428571, 0.5508021390374331, 0.5712143928035982, 0.4609250398724083]
 mean: 0.5345737058857786, std: 0.07328952825559194
--------------------------------------------------
Subject Number: 23
Accuracy Cross: [0.5588235294117647, 0.5294117647058824, 0.5588235294117647, 0.5294117647058824, 0.5441176470588235, 0.5671641791044776, 0.5373134328358209, 0.47761194029850745, 0.4626865671641791, 0.5223880597014925, 0.43478260869565216, 0.4492753623188406, 0.5362318840579711, 0.463768115942029, 0.5652173913043478]
 mean: 0.5158018517811623, std: 0.04385930073645029
F1 Score: [0.5553618134263296, 0.5277777777777778, 0.5072463768115942, 0.5228070175438597, 0.5440190352584902, 0.5656159177285938, 0.5356583948133244, 0.47761194029850745, 0.45967741935483875, 0.5214285714285714, 0.4270811156057058, 0.44636824324324326, 0.5314091680814941, 0.4407447973713034, 0.5651260504201681]
 mean: 0.5085289092775869, std: 0.04498272405383248
Accuracy Intime: [0.4642857142857143, 0.6071428571428571, 0.5769230769230769, 0.5384615384615384, 0.6538461538461539, 0.7142857142857143, 0.4642857142857143, 0.4642857142857143, 0.6153846153846154, 0.6153846153846154, 0.5357142857142857, 0.5714285714285714, 0.7692307692307693, 0.6538461538461539, 0.5769230769230769]
 mean: 0.588095238095238, std: 0.08600534471761766
F1 (Intime): [0.44664031620553357, 0.5942028985507246, 0.519327731092437, 0.5125, 0.6533333333333333, 0.7005347593582887, 0.44664031620553357, 0.46360153256704983, 0.6130952380952381, 0.606060606060606, 0.5047619047619047, 0.5625, 0.7678571428571428, 0.6533333333333333, 0.5762962962962963]
 mean: 0.5747123605811615, std: 0.0914576774933309
--------------------------------------------------
Subject Number: 24
Accuracy Cross: [0.5522388059701493, 0.5970149253731343, 0.5522388059701493, 0.5074626865671642, 0.43283582089552236, 0.4852941176470588, 0.5147058823529411, 0.4117647058823529, 0.4411764705882353, 0.6323529411764706, 0.43478260869565216, 0.4927536231884058, 0.43478260869565216, 0.5362318840579711, 0.5072463768115942]
 mean: 0.5021921509248303, std: 0.06244154843655643
F1 Score: [0.5521390374331551, 0.5955734406438631, 0.5034584980237153, 0.5070234113712375, 0.41064814814814815, 0.4714634687985787, 0.5146009085009734, 0.4112554112554112, 0.43679163034001744, 0.6135485337576723, 0.43047619047619046, 0.4927536231884058, 0.4343073365566533, 0.5241379310344827, 0.5071428571428571]
 mean: 0.49368802844475745, std: 0.06051288339973125
Accuracy Intime: [0.5357142857142857, 0.5714285714285714, 0.4642857142857143, 0.38461538461538464, 0.46153846153846156, 0.4642857142857143, 0.5714285714285714, 0.5384615384615384, 0.5384615384615384, 0.6923076923076923, 0.5, 0.5, 0.5384615384615384, 0.34615384615384615, 0.4230769230769231]
 mean: 0.502014652014652, std: 0.08155511284681181
F1 (Intime): [0.5303225806451612, 0.5692307692307692, 0.46360153256704983, 0.38095238095238093, 0.46153846153846156, 0.46360153256704983, 0.5714285714285714, 0.5384615384615384, 0.5272727272727272, 0.675, 0.49743589743589745, 0.49743589743589745, 0.5384615384615384, 0.3373313343328336, 0.4009216589861751]
 mean: 0.49686642808773673, std: 0.08148070350652743
--------------------------------------------------
Subject Number: 25
Accuracy Cross: [0.4057971014492754, 0.5652173913043478, 0.5217391304347826, 0.5507246376811594, 0.463768115942029, 0.6029411764705882, 0.4411764705882353, 0.6029411764705882, 0.6029411764705882, 0.5735294117647058, 0.5277777777777778, 0.5138888888888888, 0.375, 0.4861111111111111, 0.4166666666666667]
 mean: 0.5100146822013828, std: 0.07319640506224166
F1 Score: [0.39770065999574195, 0.5576923076923077, 0.4945615982241954, 0.5410856039476507, 0.4619599578503688, 0.569317382125264, 0.4392361111111111, 0.5610805641883816, 0.6028552887735237, 0.5689617486338798, 0.5032467532467533, 0.5022713806043847, 0.3739130434782609, 0.48120740019474195, 0.409375]
 mean: 0.4976309866711043, std: 0.06778230528124465
Accuracy Intime: [0.42857142857142855, 0.35714285714285715, 0.6071428571428571, 0.34615384615384615, 0.38461538461538464, 0.5, 0.5, 0.6428571428571429, 0.39285714285714285, 0.6153846153846154, 0.42857142857142855, 0.35714285714285715, 0.6785714285714286, 0.5384615384615384, 0.4230769230769231]
 mean: 0.4800366300366301, std: 0.10893110232067901
F1 (Intime): [0.4256410256410257, 0.35384615384615387, 0.5809523809523809, 0.34518518518518515, 0.3696969696969697, 0.4555555555555556, 0.48958333333333337, 0.5906432748538011, 0.3728590250329381, 0.5751633986928104, 0.4256410256410257, 0.35384615384615387, 0.6748387096774193, 0.5357142857142857, 0.4152923538230885]
 mean: 0.4642972554328084, std: 0.10109195993883231
--------------------------------------------------
Subject Number: 26
Accuracy Cross: [0.4927536231884058, 0.5652173913043478, 0.5942028985507246, 0.5362318840579711, 0.5652173913043478, 0.5428571428571428, 0.4714285714285714, 0.5285714285714286, 0.5428571428571428, 0.5571428571428572, 0.5441176470588235, 0.45588235294117646, 0.5882352941176471, 0.5, 0.45588235294117646]
 mean: 0.5293731985547842, std: 0.043205158563245784
F1 Score: [0.4888888888888889, 0.5606960950764006, 0.5740740740740741, 0.5282051282051282, 0.5651260504201681, 0.5394736842105263, 0.47132067768932434, 0.5238095238095237, 0.5290159798149705, 0.5413231874867892, 0.5440190352584902, 0.45482123510292527, 0.5824561403508772, 0.48894783377541995, 0.4500546448087432]
 mean: 0.5228154785981499, std: 0.041162105369566604
Accuracy Intime: [0.6785714285714286, 0.39285714285714285, 0.5, 0.4230769230769231, 0.4230769230769231, 0.5714285714285714, 0.5357142857142857, 0.6071428571428571, 0.5, 0.46153846153846156, 0.6071428571428571, 0.5, 0.5, 0.6071428571428571, 0.46153846153846156]
 mean: 0.5179487179487179, std: 0.07922298729435892
F1 (Intime): [0.6781609195402298, 0.39208173690932313, 0.4555555555555556, 0.4009216589861751, 0.4009216589861751, 0.5625, 0.5047619047619047, 0.6066411238825031, 0.4932533733133433, 0.4484848484848485, 0.6025806451612903, 0.49743589743589745, 0.5, 0.6066411238825031, 0.4484848484848485]
 mean: 0.5065616863589731, std: 0.0844220584007465
--------------------------------------------------
Subject Number: 27
Accuracy Cross: [0.5, 0.4264705882352941, 0.5441176470588235, 0.4117647058823529, 0.6029411764705882, 0.43478260869565216, 0.4492753623188406, 0.43478260869565216, 0.4782608695652174, 0.6521739130434783, 0.4852941176470588, 0.5, 0.4117647058823529, 0.47058823529411764, 0.47058823529411764]
 mean: 0.4848536516055698, std: 0.06670084692635622
F1 Score: [0.4982638888888889, 0.4253521126760563, 0.5416394868449663, 0.40714908456843946, 0.6021668472372698, 0.4270811156057058, 0.44636824324324326, 0.4343073365566533, 0.4646551724137931, 0.6461538461538461, 0.4824961948249619, 0.48894783377541995, 0.39876215738284704, 0.46875, 0.43956043956043955]
 mean: 0.47811025064883533, std: 0.06812121757783
Accuracy Intime: [0.5, 0.75, 0.42857142857142855, 0.5384615384615384, 0.4230769230769231, 0.4642857142857143, 0.4642857142857143, 0.5, 0.4230769230769231, 0.34615384615384615, 0.6785714285714286, 0.5357142857142857, 0.5714285714285714, 0.46153846153846156, 0.4230769230769231]
 mean: 0.5005494505494507, std: 0.10092655320683996
F1 (Intime): [0.49743589743589745, 0.7470967741935484, 0.42857142857142855, 0.5357142857142857, 0.4222222222222222, 0.46360153256704983, 0.45806451612903226, 0.49743589743589745, 0.4222222222222222, 0.3210445468509985, 0.6748387096774193, 0.5351213282247764, 0.5714285714285714, 0.45833333333333337, 0.4152923538230885]
 mean: 0.4965615746553181, std: 0.10337409307218472
--------------------------------------------------
Subject Number: 28
Accuracy Cross: [0.5970149253731343, 0.6716417910447762, 0.47761194029850745, 0.5074626865671642, 0.5074626865671642, 0.47058823529411764, 0.6764705882352942, 0.5, 0.5441176470588235, 0.3088235294117647, 0.5, 0.5972222222222222, 0.375, 0.5416666666666666, 0.4305555555555556]
 mean: 0.5137092316196794, std: 0.0961955632642595
F1 Score: [0.5966555183946489, 0.6709821428571429, 0.46029919447640966, 0.5057008718980549, 0.5034807994610375, 0.4535714285714286, 0.6621499548328816, 0.47786811201445345, 0.5416394868449663, 0.308674021198356, 0.42502218278615794, 0.5734422880490296, 0.3690360272638754, 0.5372930866601753, 0.4295652173913044]
 mean: 0.501025355513328, std: 0.09728944354399348
Accuracy Intime: [0.39285714285714285, 0.2857142857142857, 0.42857142857142855, 0.34615384615384615, 0.5, 0.5, 0.5357142857142857, 0.5769230769230769, 0.23076923076923078, 0.6538461538461539, 0.6428571428571429, 0.42857142857142855, 0.5384615384615384, 0.34615384615384615, 0.7692307692307693]
 mean: 0.4783882783882784, std: 0.14274744543784657
F1 (Intime): [0.3858064516129032, 0.28205128205128205, 0.41666666666666663, 0.3373313343328336, 0.49925925925925924, 0.4555555555555556, 0.5204216073781291, 0.5438596491228069, 0.22619047619047616, 0.6405529953917051, 0.6111111111111112, 0.41666666666666663, 0.5357142857142857, 0.34518518518518515, 0.75625]
 mean: 0.4648415017492577, std: 0.13775491291703384
--------------------------------------------------
Subject Number: 29
Accuracy Cross: [0.44776119402985076, 0.4925373134328358, 0.4925373134328358, 0.4925373134328358, 0.4626865671641791, 0.6029411764705882, 0.45588235294117646, 0.6029411764705882, 0.4852941176470588, 0.5294117647058824, 0.5571428571428572, 0.4142857142857143, 0.4714285714285714, 0.44285714285714284, 0.4857142857142857]
 mean: 0.49573059074376025, std: 0.05362477961508163
F1 Score: [0.44776119402985076, 0.48693693693693696, 0.47847985347985345, 0.4896953405017921, 0.4528130671506352, 0.569317382125264, 0.4557646549859399, 0.6028552887735237, 0.48429035752979416, 0.5018315018315018, 0.5563279492946227, 0.39945595312826954, 0.47045593948067876, 0.42875078468298805, 0.4852941176470588]
 mean: 0.4873353547719139, std: 0.05185111926876065
Accuracy Intime: [0.5, 0.32142857142857145, 0.35714285714285715, 0.6923076923076923, 0.5769230769230769, 0.6785714285714286, 0.2857142857142857, 0.5769230769230769, 0.5384615384615384, 0.5384615384615384, 0.5, 0.42857142857142855, 0.5769230769230769, 0.38461538461538464, 0.6538461538461539]
 mean: 0.5073260073260074, std: 0.12357820252659449
F1 (Intime): [0.5, 0.3135483870967742, 0.35384615384615387, 0.6923076923076923, 0.5712143928035982, 0.6415362731152205, 0.2708333333333333, 0.5762962962962963, 0.5357142857142857, 0.5272727272727272, 0.48958333333333337, 0.41666666666666663, 0.5606758832565284, 0.3202614379084967, 0.6267942583732058]
 mean: 0.49310340808828745, std: 0.12569089267560754
--------------------------------------------------
**************************************************
accuracy_cross_list: [0.4837202013672602, 0.5035696329813977, 0.48943126617735694, 0.46729840208101076, 0.490654000730727, 0.5076068930708776, 0.5257459505541346, 0.503579750740876, 0.5141109578159622, 0.49381076086128584, 0.5113640238704178, 0.4853214744690868, 0.4769871141188468, 0.4985507246376812, 0.4936061381074169, 0.49950248756218907, 0.4848536516055698, 0.5006357325538912, 0.4748024582967515, 0.4996611147162738, 0.49158973734421313, 0.5028768264062382, 0.5158018517811623, 0.5021921509248303, 0.5100146822013828, 0.5293731985547842, 0.4848536516055698, 0.5137092316196794, 0.49573059074376025]
f1_score_list: [0.47176797611482185, 0.4971279420869485, 0.480036125711319, 0.46031800095982384, 0.4786406692695865, 0.502580353499897, 0.5220766377423105, 0.4964245086527905, 0.5020186561256031, 0.48568465527812904, 0.5041427887730826, 0.4805379249914504, 0.4667666822913469, 0.4892761348601258, 0.4869438880142445, 0.4954682079945377, 0.47811025064883533, 0.49362246316149666, 0.4637395781969776, 0.4894895957482425, 0.4873355650440107, 0.49941666303222854, 0.5085289092775869, 0.49368802844475745, 0.4976309866711043, 0.5228154785981499, 0.47811025064883533, 0.501025355513328, 0.4873353547719139]
accuracy_intime_list: [0.5392368742368743, 0.5291208791208791, 0.530952380952381, 0.5282051282051282, 0.5261904761904762, 0.5071428571428571, 0.5075091575091575, 0.5776556776556777, 0.5505494505494505, 0.5115384615384616, 0.5368131868131869, 0.5554945054945056, 0.46520146520146527, 0.5591575091575092, 0.5291208791208791, 0.541941391941392, 0.5005494505494507, 0.4782051282051282, 0.5212454212454213, 0.498901098901099, 0.47655677655677664, 0.5478021978021979, 0.588095238095238, 0.502014652014652, 0.4800366300366301, 0.5179487179487179, 0.5005494505494507, 0.4783882783882784, 0.5073260073260074]
f1_score_intime_list: [0.5302774381047695, 0.5235918428211194, 0.5187732155549626, 0.5110571490501993, 0.5112766763752068, 0.5016481362493356, 0.501048119922804, 0.5700758362890401, 0.5329162602107287, 0.4995533650571085, 0.5249619463507079, 0.5462417314178231, 0.4497795485492147, 0.5468572349352046, 0.5265652488065313, 0.5310276937425379, 0.4965615746553181, 0.4647886568288555, 0.5127815902047506, 0.4860130003762045, 0.466718742796402, 0.5345737058857786, 0.5747123605811615, 0.49686642808773673, 0.4642972554328084, 0.5065616863589731, 0.4965615746553181, 0.4648415017492577, 0.49310340808828745]
**************************************************
ACC: 49.83±1.43
F1: 49.04±1.49
Intime: 52.05±3.00
F1 (Intime): 50.98±3.03
