1e-06
Subject Number: 1
Accuracy Cross: [0.27586206896551724, 0.2827586206896552, 0.2482758620689655, 0.23448275862068965, 0.22758620689655173, 0.15428571428571428, 0.2857142857142857, 0.19428571428571428, 0.2857142857142857, 0.2857142857142857, 0.28160919540229884, 0.28160919540229884, 0.27586206896551724, 0.22988505747126436, 0.25287356321839083]
 mean: 0.2531012588943623, std: 0.03787318874434177
F1 Score: [0.2751518542887763, 0.2812095944729066, 0.23536630641036216, 0.2230314230432751, 0.2243612721220407, 0.15421542622353981, 0.279692125346901, 0.19061770862636723, 0.26388959162072256, 0.28654791316040473, 0.23865248226950353, 0.2698002552868527, 0.2488046811945117, 0.22616171075140784, 0.24462095573045112]
 mean: 0.24280822003653488, std: 0.035270667607712976
Accuracy Intime: [0.22857142857142856, 0.37142857142857144, 0.21428571428571427, 0.2714285714285714, 0.29411764705882354, 0.20689655172413793, 0.29310344827586204, 0.1896551724137931, 0.27586206896551724, 0.2413793103448276, 0.3103448275862069, 0.2413793103448276, 0.29310344827586204, 0.3103448275862069, 0.20689655172413793]
 mean: 0.2632531633342992, std: 0.04859633049965285
F1 (Intime): [0.22386712749615972, 0.3639482575618648, 0.20994273625852572, 0.25199095022624435, 0.2901471341224662, 0.20014332514332517, 0.28325193325193326, 0.184984520123839, 0.25552013909011884, 0.23725955204216073, 0.2815066425120773, 0.22156862745098038, 0.28519736842105264, 0.2907882882882883, 0.20307471264367816]
 mean: 0.25221275430884765, std: 0.045993292825425074
--------------------------------------------------
Subject Number: 2
Accuracy Cross: [0.19444444444444445, 0.2986111111111111, 0.2569444444444444, 0.18055555555555555, 0.2916666666666667, 0.2206896551724138, 0.2620689655172414, 0.32413793103448274, 0.21379310344827587, 0.30344827586206896, 0.26011560693641617, 0.23699421965317918, 0.27167630057803466, 0.23699421965317918, 0.23699421965317918]
 mean: 0.2526089813153796, std: 0.03975148676199976
F1 Score: [0.18897946417856254, 0.27974312412514657, 0.21984189723320158, 0.176159954420824, 0.28287545787545787, 0.22137724769303718, 0.24693264915419136, 0.31991733290957497, 0.2093102843102843, 0.28865845965871817, 0.22042624644794628, 0.23758305647840533, 0.2731873160027985, 0.2289177489177489, 0.23185165521149484]
 mean: 0.24171745964115948, std: 0.038496153542259
Accuracy Intime: [0.3103448275862069, 0.1724137931034483, 0.2413793103448276, 0.29310344827586204, 0.27586206896551724, 0.25862068965517243, 0.1896551724137931, 0.29310344827586204, 0.20689655172413793, 0.2857142857142857, 0.3103448275862069, 0.29310344827586204, 0.29310344827586204, 0.3793103448275862, 0.26785714285714285]
 mean: 0.27138752052545156, std: 0.05066576235733035
F1 (Intime): [0.2983333333333333, 0.1367487212276215, 0.22224636066547832, 0.27151341305753074, 0.2877073906485671, 0.26090501792114695, 0.17223346828609987, 0.29325250476366094, 0.19770628078817734, 0.26816239316239315, 0.23772679910787325, 0.2976190476190476, 0.28100764178350385, 0.37088509316770185, 0.24920576735092864]
 mean: 0.2563502155255376, std: 0.055562203362783474
--------------------------------------------------
Subject Number: 3
Accuracy Cross: [0.25, 0.2569444444444444, 0.2916666666666667, 0.2708333333333333, 0.2638888888888889, 0.2789115646258503, 0.22448979591836735, 0.22448979591836735, 0.1292517006802721, 0.19727891156462585, 0.2542372881355932, 0.23728813559322035, 0.2655367231638418, 0.24293785310734464, 0.23163841807909605]
 mean: 0.24129290134132747, std: 0.03792897217862851
F1 Score: [0.248249063670412, 0.2528321795897543, 0.29123931623931626, 0.25862331991898785, 0.2637373737373737, 0.2778607166225422, 0.2259705625929535, 0.2226212581447058, 0.1262157685707921, 0.19513117269394506, 0.22574683042678098, 0.23086581735096587, 0.2622162446152403, 0.23573176850158864, 0.22439046901669302]
 mean: 0.23609545744613675, std: 0.03783662611008839
Accuracy Intime: [0.31666666666666665, 0.26666666666666666, 0.3620689655172414, 0.2413793103448276, 0.1896551724137931, 0.3793103448275862, 0.27586206896551724, 0.22413793103448276, 0.29310344827586204, 0.26785714285714285, 0.29310344827586204, 0.2413793103448276, 0.22413793103448276, 0.13793103448275862, 0.30357142857142855]
 mean: 0.26778872468527637, std: 0.06028652327227501
F1 (Intime): [0.28988095238095235, 0.2703781512605042, 0.35261765524923416, 0.19938618925831203, 0.18324634208950116, 0.36484962406015037, 0.24242424242424243, 0.22939814814814813, 0.283694199411922, 0.2591341991341991, 0.2882117882117882, 0.23063648656954946, 0.198513986013986, 0.13521478521478522, 0.2970197044334975]
 mean: 0.2549737635907182, std: 0.05997014134894541
--------------------------------------------------
Subject Number: 4
Accuracy Cross: [0.23448275862068965, 0.30344827586206896, 0.2206896551724138, 0.22758620689655173, 0.21379310344827587, 0.3103448275862069, 0.2413793103448276, 0.22758620689655173, 0.3448275862068966, 0.3103448275862069, 0.22988505747126436, 0.2471264367816092, 0.1839080459770115, 0.2471264367816092, 0.25862068965517243]
 mean: 0.25340996168582375, std: 0.04267009058354174
F1 Score: [0.233971195612071, 0.2875460844160191, 0.1994561109467942, 0.20564278631011407, 0.2113633140252649, 0.3131746286910812, 0.23222758467463217, 0.22893946832775885, 0.313222710453284, 0.30714285714285716, 0.1844587121450286, 0.24539992412746178, 0.17195035594718824, 0.24590873796722382, 0.257198332130118]
 mean: 0.2425068535277931, std: 0.04421872992589095
Accuracy Intime: [0.39655172413793105, 0.27586206896551724, 0.25862068965517243, 0.2413793103448276, 0.27586206896551724, 0.2413793103448276, 0.2413793103448276, 0.3448275862068966, 0.27586206896551724, 0.27586206896551724, 0.2413793103448276, 0.3275862068965517, 0.22413793103448276, 0.3620689655172414, 0.20689655172413793]
 mean: 0.27931034482758627, std: 0.05274847772682191
F1 (Intime): [0.39064516129032256, 0.2712718316166592, 0.23214192453322888, 0.22465277777777776, 0.27028474399164054, 0.23799019607843136, 0.22139834639834638, 0.31002331002331, 0.2717806432917995, 0.2554229295608606, 0.21296296296296297, 0.31629004576659037, 0.22091144149967679, 0.3586637425379819, 0.19957264957264956]
 mean: 0.26626751379348257, std: 0.05395603824945612
--------------------------------------------------
Subject Number: 5
Accuracy Cross: [0.22758620689655173, 0.2206896551724138, 0.2206896551724138, 0.2620689655172414, 0.2206896551724138, 0.21621621621621623, 0.27702702702702703, 0.25, 0.25675675675675674, 0.25, 0.2653061224489796, 0.30612244897959184, 0.20408163265306123, 0.19727891156462585, 0.24489795918367346]
 mean: 0.2412940808507311, std: 0.028640224250416308
F1 Score: [0.21823195846703125, 0.21251551757066464, 0.19641384444016022, 0.252090395480226, 0.21914920780237923, 0.20824664650395228, 0.26629316376507384, 0.21111432283814668, 0.2492975572069004, 0.23362060236254556, 0.25412052745557046, 0.3025575542231105, 0.18550289781054313, 0.19903731121439083, 0.2390894052799828]
 mean: 0.22981872749471183, std: 0.03008623998940554
Accuracy Intime: [0.31666666666666665, 0.2, 0.3103448275862069, 0.3103448275862069, 0.27586206896551724, 0.29310344827586204, 0.3620689655172414, 0.3275862068965517, 0.25862068965517243, 0.3275862068965517, 0.27586206896551724, 0.3275862068965517, 0.1724137931034483, 0.29310344827586204, 0.27586206896551724]
 mean: 0.28846743295019156, std: 0.047934602376769636
F1 (Intime): [0.3207207207207207, 0.19325074203122983, 0.26096256684491975, 0.30182849751594787, 0.2501728110599078, 0.2909199522102748, 0.35780600118835415, 0.32950211377630734, 0.25727969348659, 0.32240289069557365, 0.2549681598594642, 0.2965095029239766, 0.11865942028985507, 0.2706891025641026, 0.26476190476190475]
 mean: 0.2726956053286086, std: 0.056744100507286496
--------------------------------------------------
Subject Number: 6
Accuracy Cross: [0.2569444444444444, 0.3125, 0.1875, 0.25, 0.2708333333333333, 0.25170068027210885, 0.24489795918367346, 0.2653061224489796, 0.22448979591836735, 0.2585034013605442, 0.21768707482993196, 0.25170068027210885, 0.1836734693877551, 0.29931972789115646, 0.2585034013605442]
 mean: 0.24890400604686314, std: 0.03387622904434643
F1 Score: [0.24852223460919112, 0.3073551523656776, 0.1859832506203474, 0.2475816887941047, 0.2674487261372507, 0.24874868815799905, 0.24258083300981642, 0.2631036080219675, 0.22477152054851793, 0.2509793793783684, 0.2093388891684853, 0.2530988781915246, 0.1711482126895661, 0.2932260331402875, 0.2579974461470131]
 mean: 0.24479230273200783, std: 0.034614234312653765
Accuracy Intime: [0.2833333333333333, 0.35, 0.3448275862068966, 0.22413793103448276, 0.3103448275862069, 0.29310344827586204, 0.3793103448275862, 0.25862068965517243, 0.2413793103448276, 0.19642857142857142, 0.27586206896551724, 0.2413793103448276, 0.2413793103448276, 0.25862068965517243, 0.2857142857142857]
 mean: 0.2789627805145046, std: 0.048714129350287946
F1 (Intime): [0.26971114471114477, 0.340931340230078, 0.321597262386736, 0.21562724014336918, 0.3028883278883279, 0.28575757053579637, 0.3680508088402826, 0.25738180576890257, 0.22467261904761904, 0.20067029744449097, 0.260409492607635, 0.22088675213675213, 0.23183119303808958, 0.25195861049519586, 0.2822477650063857]
 mean: 0.2689748153520537, std: 0.046929021843166926
--------------------------------------------------
Subject Number: 7
Accuracy Cross: [0.22448979591836735, 0.30612244897959184, 0.272108843537415, 0.3129251700680272, 0.24489795918367346, 0.21232876712328766, 0.2602739726027397, 0.2808219178082192, 0.2534246575342466, 0.22602739726027396, 0.19727891156462585, 0.32653061224489793, 0.23129251700680273, 0.2585034013605442, 0.19727891156462585]
 mean: 0.2536203522504892, std: 0.03913874799708122
F1 Score: [0.21709521751656582, 0.30312494760826986, 0.26302525814575056, 0.30946562398175304, 0.23437592297241416, 0.21239495798319327, 0.2510163039574804, 0.27585549815027427, 0.2497900903461613, 0.2066895705920096, 0.17648485316714307, 0.3120122466764935, 0.23375857858616478, 0.2537901912901913, 0.1968254248666219]
 mean: 0.24638031238936578, std: 0.0399779762484575
Accuracy Intime: [0.31666666666666665, 0.22413793103448276, 0.22413793103448276, 0.22413793103448276, 0.29310344827586204, 0.31666666666666665, 0.2833333333333333, 0.29310344827586204, 0.3448275862068966, 0.13793103448275862, 0.23333333333333334, 0.3103448275862069, 0.20689655172413793, 0.3275862068965517, 0.20689655172413793]
 mean: 0.2628735632183908, std: 0.0568289005291351
F1 (Intime): [0.2837422100623195, 0.22569852941176471, 0.22218196457326891, 0.2175861175861176, 0.2816682228446934, 0.3109574333712265, 0.2832909843779409, 0.2846618357487923, 0.3448914431673052, 0.13213399503722084, 0.22406593406593406, 0.304655752931615, 0.20493619283941863, 0.3200682382133995, 0.19438625890238792]
 mean: 0.2556616742088937, std: 0.055791876000847354
--------------------------------------------------
Subject Number: 8
Accuracy Cross: [0.32, 0.25333333333333335, 0.24, 0.2733333333333333, 0.22666666666666666, 0.23648648648648649, 0.2905405405405405, 0.24324324324324326, 0.2702702702702703, 0.20945945945945946, 0.24489795918367346, 0.3401360544217687, 0.2585034013605442, 0.23129251700680273, 0.23129251700680273]
 mean: 0.2579637188208616, std: 0.03463880103847655
F1 Score: [0.3139912465360035, 0.2547763280521901, 0.22537858055099436, 0.2687807057164139, 0.222802337398374, 0.23519648415393318, 0.28993275316455697, 0.2359543667735003, 0.2648018648018648, 0.20985381781556026, 0.20806410338430043, 0.32755162437332974, 0.25369021222679755, 0.23052565124933544, 0.2310530438905725]
 mean: 0.2514902080058485, std: 0.03478468336549159
Accuracy Intime: [0.23333333333333334, 0.21666666666666667, 0.3448275862068966, 0.1896551724137931, 0.20689655172413793, 0.35, 0.25, 0.39655172413793105, 0.20689655172413793, 0.22413793103448276, 0.35, 0.38333333333333336, 0.2, 0.3448275862068966, 0.29310344827586204]
 mean: 0.27934865900383143, std: 0.07215378323814954
F1 (Intime): [0.23433503836317135, 0.21668546507256187, 0.33409468438538203, 0.19283559577677226, 0.19748026624948695, 0.3430735930735931, 0.2505439595192916, 0.3898541931380351, 0.21191876750700278, 0.21433422265340768, 0.32954545454545453, 0.3806554436942368, 0.18318622882517407, 0.337841628444714, 0.29220032840722493]
 mean: 0.2739056579770339, std: 0.07032538002066757
--------------------------------------------------
Subject Number: 9
Accuracy Cross: [0.21678321678321677, 0.23076923076923078, 0.23776223776223776, 0.24475524475524477, 0.23076923076923078, 0.1917808219178082, 0.2671232876712329, 0.1917808219178082, 0.273972602739726, 0.2671232876712329, 0.21768707482993196, 0.24489795918367346, 0.25170068027210885, 0.23129251700680273, 0.24489795918367346]
 mean: 0.23620641154887725, std: 0.023882235725069034
F1 Score: [0.21530193943987047, 0.22631908100457523, 0.21746498442267714, 0.21708851000088114, 0.22570145903479236, 0.19156198915573577, 0.268668362712189, 0.19001401340115828, 0.26010638421913, 0.2703809727581483, 0.18950031625553448, 0.2454367678098306, 0.2478696538026915, 0.23289452999824659, 0.24489420552889546]
 mean: 0.22954687796962375, std: 0.025955719704577416
Accuracy Intime: [0.2833333333333333, 0.29310344827586204, 0.3620689655172414, 0.3103448275862069, 0.3793103448275862, 0.22413793103448276, 0.27586206896551724, 0.2413793103448276, 0.26785714285714285, 0.32142857142857145, 0.22413793103448276, 0.15517241379310345, 0.3103448275862069, 0.21428571428571427, 0.30357142857142855]
 mean: 0.2777558839627805, std: 0.056930513464810116
F1 (Intime): [0.27598096348096346, 0.2901206636500754, 0.3479096989966556, 0.3105564089435057, 0.37455197132616486, 0.22767857142857142, 0.2792003056011677, 0.23319892473118278, 0.2650220396714085, 0.31313131313131315, 0.1967035685571155, 0.15432587760173966, 0.30138157894736844, 0.2184660167418788, 0.29209353656505077]
 mean: 0.2720214292916108, std: 0.05598921662777606
--------------------------------------------------
Subject Number: 10
Accuracy Cross: [0.2206896551724138, 0.18620689655172415, 0.38620689655172413, 0.2206896551724138, 0.2827586206896552, 0.2191780821917808, 0.2945205479452055, 0.1917808219178082, 0.2465753424657534, 0.23972602739726026, 0.2792207792207792, 0.2597402597402597, 0.23376623376623376, 0.24025974025974026, 0.21428571428571427]
 mean: 0.24770701822189778, std: 0.047857985760134406
F1 Score: [0.21518738642340884, 0.1670122779780225, 0.3753021635044107, 0.21932013503320186, 0.2792976392330768, 0.22078309584703448, 0.293401520520585, 0.18813854511735345, 0.22882326007326007, 0.23486344195404632, 0.2729396345694241, 0.2348191889632107, 0.22673383248464143, 0.24109651889332254, 0.21347402597402595]
 mean: 0.24074617777126836, std: 0.04779662859744167
Accuracy Intime: [0.23333333333333334, 0.25862068965517243, 0.29310344827586204, 0.22413793103448276, 0.20689655172413793, 0.20689655172413793, 0.3103448275862069, 0.3103448275862069, 0.39655172413793105, 0.39655172413793105, 0.27586206896551724, 0.1896551724137931, 0.22413793103448276, 0.20689655172413793, 0.22413793103448276]
 mean: 0.26383141762452106, std: 0.06401499728863845
F1 (Intime): [0.2310896690692087, 0.22847847847847846, 0.2789881680946552, 0.21880260942760943, 0.20982068040891572, 0.1971184914455215, 0.30344086021505373, 0.2553113553113553, 0.3940070346320346, 0.3840664961636828, 0.25684731934731936, 0.17367424242424243, 0.1878658536585366, 0.2020410839160839, 0.2226190476190476]
 mean: 0.24961142601411637, std: 0.06399054889989357
--------------------------------------------------
Subject Number: 11
Accuracy Cross: [0.2, 0.25517241379310346, 0.22758620689655173, 0.2827586206896552, 0.25517241379310346, 0.273972602739726, 0.2465753424657534, 0.2671232876712329, 0.2808219178082192, 0.2602739726027397, 0.2929936305732484, 0.22929936305732485, 0.2802547770700637, 0.2611464968152866, 0.2229299363057325]
 mean: 0.2557387321521161, std: 0.025323949621284734
F1 Score: [0.19577013030404278, 0.23698203634709908, 0.22378942881500424, 0.2751554831062678, 0.24920321291056108, 0.26891312178668497, 0.24617393905919177, 0.27245313372073937, 0.2793502679895085, 0.2467501979361562, 0.27025455240941887, 0.22073896093555898, 0.24899803903824605, 0.25599633772864483, 0.22108668788867847]
 mean: 0.2474410353317202, std: 0.023410014054055312
Accuracy Intime: [0.3, 0.1724137931034483, 0.25862068965517243, 0.27586206896551724, 0.29310344827586204, 0.3448275862068966, 0.3275862068965517, 0.25862068965517243, 0.22413793103448276, 0.3275862068965517, 0.3793103448275862, 0.3103448275862069, 0.41379310344827586, 0.27586206896551724, 0.20689655172413793]
 mean: 0.29126436781609194, std: 0.06168292037621269
F1 (Intime): [0.26894756715934837, 0.15425390438518718, 0.25615468409586056, 0.27986596736596736, 0.27873931623931625, 0.3408119658119658, 0.3304334554334554, 0.22080490919851728, 0.20488931358496576, 0.3014209320091673, 0.37688598166539344, 0.29141203703703705, 0.3837301587301587, 0.2599488491048593, 0.2075108225108225]
 mean: 0.2770539909554682, std: 0.06226514325655032
--------------------------------------------------
Subject Number: 12
Accuracy Cross: [0.2727272727272727, 0.24475524475524477, 0.24475524475524477, 0.25874125874125875, 0.23076923076923078, 0.2689655172413793, 0.2689655172413793, 0.22758620689655173, 0.296551724137931, 0.3586206896551724, 0.273972602739726, 0.21232876712328766, 0.2602739726027397, 0.21232876712328766, 0.22602739726027396]
 mean: 0.2571579609179987, std: 0.03608293813250917
F1 Score: [0.2733256890644279, 0.24031601825462712, 0.2185136237100357, 0.24255014938113528, 0.23000044766765154, 0.25696402680790625, 0.26813547521310077, 0.2224710140115148, 0.29344896320233904, 0.3526285009202683, 0.22969791298952752, 0.2114222582972583, 0.23900139837639836, 0.20849679283414224, 0.2218450841613357]
 mean: 0.24725449032611124, std: 0.036573155553363906
Accuracy Intime: [0.25862068965517243, 0.41379310344827586, 0.29310344827586204, 0.3620689655172414, 0.3275862068965517, 0.2413793103448276, 0.3448275862068966, 0.20689655172413793, 0.42857142857142855, 0.4107142857142857, 0.3793103448275862, 0.3448275862068966, 0.22413793103448276, 0.4107142857142857, 0.16071428571428573]
 mean: 0.32048440065681444, std: 0.08231781927893025
F1 (Intime): [0.26116119174942704, 0.39612135176651303, 0.27345651660167786, 0.326996996996997, 0.30728470405889763, 0.23778916223135288, 0.34879032258064513, 0.19890893530006432, 0.41526806526806526, 0.40187224837960134, 0.3473233478954303, 0.34159937888198755, 0.2283204174684905, 0.3962125091157349, 0.15041356492969393]
 mean: 0.30876791421497185, std: 0.07829719939748053
--------------------------------------------------
Subject Number: 13
Accuracy Cross: [0.2206896551724138, 0.2482758620689655, 0.2, 0.2896551724137931, 0.23448275862068965, 0.2483221476510067, 0.28859060402684567, 0.19463087248322147, 0.3087248322147651, 0.2684563758389262, 0.21621621621621623, 0.14864864864864866, 0.25, 0.2905405405405405, 0.3310810810810811]
 mean: 0.2492209844651409, std: 0.04700669100467655
F1 Score: [0.2197439250299662, 0.23770776506881552, 0.17983342980255965, 0.2879641004641005, 0.23373055648364702, 0.24344349680170574, 0.287691741215479, 0.18693223084570043, 0.30964590964590966, 0.27072690822690826, 0.19106775386515834, 0.14767555786000053, 0.21912337662337664, 0.293615077068193, 0.3165631469979296]
 mean: 0.24169766506663, std: 0.04987981905258067
Accuracy Intime: [0.3, 0.23333333333333334, 0.36666666666666664, 0.3620689655172414, 0.3275862068965517, 0.1896551724137931, 0.22413793103448276, 0.20689655172413793, 0.20689655172413793, 0.39655172413793105, 0.20689655172413793, 0.1896551724137931, 0.29310344827586204, 0.29310344827586204, 0.3620689655172414]
 mean: 0.2772413793103448, std: 0.0707647795685992
F1 (Intime): [0.29398536026104594, 0.23543956043956044, 0.35733689061363083, 0.3593960863697706, 0.32357989836250706, 0.19370421245421246, 0.2122113997113997, 0.20064876246941463, 0.20595238095238094, 0.3920603888345824, 0.1800675675675676, 0.1862044817927171, 0.2807900432900433, 0.2917989417989418, 0.3456196581196581]
 mean: 0.27058637553582887, std: 0.07054324665842575
--------------------------------------------------
Subject Number: 14
Accuracy Cross: [0.1780821917808219, 0.3150684931506849, 0.23972602739726026, 0.2054794520547945, 0.2328767123287671, 0.2465753424657534, 0.2054794520547945, 0.2465753424657534, 0.1917808219178082, 0.2328767123287671, 0.28378378378378377, 0.24324324324324326, 0.30405405405405406, 0.22297297297297297, 0.22297297297297297]
 mean: 0.23810317166481548, std: 0.037346911634586
F1 Score: [0.1641766122938716, 0.31349586288416076, 0.21783732360868877, 0.18866358680627549, 0.2225361312244017, 0.23809970014992504, 0.2059473002798278, 0.2454306683222346, 0.18607187103574785, 0.22820222598002685, 0.27030842275429284, 0.2345660752516447, 0.28531441926764217, 0.22214069122890057, 0.215560263653484]
 mean: 0.229223410316075, std: 0.03741506241142829
Accuracy Intime: [0.36666666666666664, 0.3793103448275862, 0.3103448275862069, 0.29310344827586204, 0.25862068965517243, 0.21666666666666667, 0.3103448275862069, 0.25862068965517243, 0.29310344827586204, 0.29310344827586204, 0.25, 0.22413793103448276, 0.10344827586206896, 0.25862068965517243, 0.22413793103448276]
 mean: 0.2693486590038315, std: 0.06414701684730582
F1 (Intime): [0.31119565217391304, 0.360016420361248, 0.2883388541283278, 0.2770979020979021, 0.2547822547822548, 0.21036231884057968, 0.2922675026123302, 0.25264866712235134, 0.29195829260345385, 0.2848484848484848, 0.22111190817790533, 0.22387387387387386, 0.07765151515151515, 0.2468452380952381, 0.24047487838248707]
 mean: 0.25556491755012434, std: 0.06070278696790901
--------------------------------------------------
Subject Number: 15
Accuracy Cross: [0.2808219178082192, 0.3561643835616438, 0.2534246575342466, 0.2808219178082192, 0.2876712328767123, 0.1875, 0.16666666666666666, 0.2569444444444444, 0.2152777777777778, 0.2361111111111111, 0.20689655172413793, 0.22758620689655173, 0.25517241379310346, 0.2827586206896552, 0.2482758620689655]
 mean: 0.24947291765076363, std: 0.044987504357107216
F1 Score: [0.28418614084432464, 0.33974473286299683, 0.2530637630339355, 0.2812888300154854, 0.2841450399932299, 0.18709468635939225, 0.16356413151151916, 0.2242125290640296, 0.2056091522240246, 0.23379221132897604, 0.15670428198518088, 0.21931822960671943, 0.24650751854795974, 0.28394383394383393, 0.25071417685898806]
 mean: 0.24092595054537305, std: 0.0484966113172799
Accuracy Intime: [0.29310344827586204, 0.3275862068965517, 0.22413793103448276, 0.3103448275862069, 0.2857142857142857, 0.27586206896551724, 0.29310344827586204, 0.25862068965517243, 0.1724137931034483, 0.27586206896551724, 0.3275862068965517, 0.27586206896551724, 0.22413793103448276, 0.3448275862068966, 0.2857142857142857]
 mean: 0.27832512315270935, std: 0.04346901046377483
F1 (Intime): [0.29711615377376244, 0.3093566458841601, 0.2205183418296027, 0.29432332373508846, 0.2737301587301587, 0.2715032612661923, 0.2858966004127294, 0.2535894583725507, 0.16941194581280788, 0.2743790849673203, 0.32307692307692304, 0.2732247591118559, 0.22483358934971837, 0.3310561497326203, 0.2765548248284821]
 mean: 0.2719047480589315, std: 0.04048338448507486
--------------------------------------------------
Subject Number: 16
Accuracy Cross: [0.21678321678321677, 0.2727272727272727, 0.24475524475524477, 0.27972027972027974, 0.3006993006993007, 0.2937062937062937, 0.2517482517482518, 0.2937062937062937, 0.2097902097902098, 0.3356643356643357, 0.2569444444444444, 0.25, 0.2361111111111111, 0.22916666666666666, 0.20833333333333334]
 mean: 0.2586570836570837, std: 0.035746269171961206
F1 Score: [0.21531120090546557, 0.271038075376398, 0.22368742368742367, 0.27991484219105706, 0.30072520358069266, 0.2931096799889608, 0.2521257458757459, 0.2816472278566599, 0.19620973231946978, 0.32733514001806685, 0.1941643882433356, 0.24016897081413208, 0.2081977059598543, 0.23282427449094117, 0.20449523214757526]
 mean: 0.2480636562303852, std: 0.04067430044004188
Accuracy Intime: [0.3793103448275862, 0.3275862068965517, 0.2413793103448276, 0.2857142857142857, 0.23214285714285715, 0.1724137931034483, 0.22413793103448276, 0.29310344827586204, 0.25, 0.10714285714285714, 0.27586206896551724, 0.22413793103448276, 0.27586206896551724, 0.23214285714285715, 0.2857142857142857]
 mean: 0.2537766830870279, std: 0.06150935051797152
F1 (Intime): [0.3729215229215229, 0.328494623655914, 0.2375841750841751, 0.28575757575757577, 0.23389112903225806, 0.15442792501616032, 0.2150587258345879, 0.2869025688718783, 0.24546453731659515, 0.1025779177718833, 0.2599925026240816, 0.195324459798144, 0.2745602099050375, 0.21235266749379653, 0.2779032258064516]
 mean: 0.24554758445933744, std: 0.06430393155515333
--------------------------------------------------
Subject Number: 17
Accuracy Cross: [0.2361111111111111, 0.3055555555555556, 0.2708333333333333, 0.25, 0.2986111111111111, 0.1836734693877551, 0.2585034013605442, 0.2653061224489796, 0.19727891156462585, 0.25170068027210885, 0.273972602739726, 0.2808219178082192, 0.1506849315068493, 0.21232876712328766, 0.2328767123287671]
 mean: 0.2445505751767983, std: 0.041808797067225005
F1 Score: [0.22235550668750212, 0.3034708144748305, 0.2560762346856462, 0.2435810183896528, 0.29313916284592806, 0.1888208572617351, 0.2604432969605214, 0.2635863375589403, 0.19559422868246396, 0.25134450111521844, 0.2503237503237503, 0.2762131242311122, 0.14822930244553098, 0.211323496638054, 0.232893127029363]
 mean: 0.23982631728868328, std: 0.03986749619278089
Accuracy Intime: [0.26666666666666666, 0.3275862068965517, 0.27586206896551724, 0.20689655172413793, 0.2413793103448276, 0.3103448275862069, 0.27586206896551724, 0.20689655172413793, 0.25862068965517243, 0.26785714285714285, 0.1896551724137931, 0.3448275862068966, 0.25862068965517243, 0.27586206896551724, 0.2857142857142857]
 mean: 0.2661767925561029, std: 0.04178279272741732
F1 (Intime): [0.24959606917408503, 0.3203898050974513, 0.24753427686864218, 0.2007385730211817, 0.24107142857142855, 0.3104679802955665, 0.23749911864059126, 0.20125615125615126, 0.2607237589996211, 0.2665343915343915, 0.17769379477654373, 0.34702331294030403, 0.24198343079922027, 0.26108418435784164, 0.27262544802867383]
 mean: 0.25574811495744626, std: 0.043885840823751895
--------------------------------------------------
Subject Number: 18
Accuracy Cross: [0.32653061224489793, 0.29931972789115646, 0.23129251700680273, 0.2925170068027211, 0.2925170068027211, 0.1836734693877551, 0.22448979591836735, 0.23129251700680273, 0.23129251700680273, 0.2857142857142857, 0.22666666666666666, 0.3, 0.2866666666666667, 0.24666666666666667, 0.2]
 mean: 0.2572426303854875, std: 0.04114472474935081
F1 Score: [0.32512570351112763, 0.29535591875861555, 0.2154157591042837, 0.2820572335367982, 0.28349547058487146, 0.18035992644656643, 0.22608559941534573, 0.22120803451016818, 0.21170999441905364, 0.2865203575163248, 0.19638045074479793, 0.29725455387465266, 0.2785913035276363, 0.24621284385990272, 0.20350729517396185]
 mean: 0.24995202966560712, std: 0.04335787594711731
Accuracy Intime: [0.2, 0.31666666666666665, 0.22413793103448276, 0.2413793103448276, 0.22413793103448276, 0.23333333333333334, 0.26666666666666666, 0.20689655172413793, 0.2413793103448276, 0.3275862068965517, 0.26666666666666666, 0.31666666666666665, 0.3275862068965517, 0.3275862068965517, 0.22413793103448276]
 mean: 0.2629885057471264, std: 0.04601712809228159
F1 (Intime): [0.20343061955965183, 0.3124308519045361, 0.20256410256410257, 0.2397721454173067, 0.2064039408866995, 0.228505291005291, 0.25413875413875414, 0.202117673992674, 0.2073493353981159, 0.32045732045732045, 0.25040584415584416, 0.30044486446616264, 0.3021195391622221, 0.32512568077084203, 0.21406776094276095]
 mean: 0.25128891498815226, std: 0.046222837040389264
--------------------------------------------------
Subject Number: 19
Accuracy Cross: [0.27972027972027974, 0.2517482517482518, 0.2727272727272727, 0.3146853146853147, 0.22377622377622378, 0.2534246575342466, 0.23972602739726026, 0.363013698630137, 0.3287671232876712, 0.19863013698630136, 0.1232876712328767, 0.2054794520547945, 0.3150684931506849, 0.21232876712328766, 0.2671232876712329]
 mean: 0.25663377718172237, std: 0.05849870889898052
F1 Score: [0.2568534833288154, 0.2420452954978794, 0.26561663735759616, 0.31162634408602147, 0.2205470986208691, 0.25541210224308813, 0.2394450052769238, 0.3527431436115496, 0.32360331978846607, 0.20354705513994248, 0.11843427976823499, 0.20215603773066027, 0.3081926863572433, 0.20490081906490573, 0.2645199935894568]
 mean: 0.2513095534307769, std: 0.056859826645087805
Accuracy Intime: [0.2833333333333333, 0.2413793103448276, 0.3275862068965517, 0.25862068965517243, 0.29310344827586204, 0.3103448275862069, 0.29310344827586204, 0.2413793103448276, 0.26785714285714285, 0.25, 0.27586206896551724, 0.25862068965517243, 0.22413793103448276, 0.21428571428571427, 0.3392857142857143]
 mean: 0.27192665571975916, std: 0.03509763029261052
F1 (Intime): [0.28235174323884, 0.2384199134199134, 0.3077437426583537, 0.2578242835595777, 0.2597125097125097, 0.2888095238095238, 0.29102991118077326, 0.2279840968645523, 0.23044893633128927, 0.253423715492681, 0.232738226030909, 0.2400329449961803, 0.22037301778681087, 0.20126984126984127, 0.3285185185185185]
 mean: 0.25737872832468495, std: 0.03438710531105858
--------------------------------------------------
Subject Number: 20
Accuracy Cross: [0.2569444444444444, 0.1736111111111111, 0.2013888888888889, 0.2916666666666667, 0.24305555555555555, 0.25874125874125875, 0.25874125874125875, 0.22377622377622378, 0.2517482517482518, 0.22377622377622378, 0.2635135135135135, 0.23648648648648649, 0.2972972972972973, 0.19594594594594594, 0.2702702702702703]
 mean: 0.24313089313089314, std: 0.033455774065421315
F1 Score: [0.24344988169027126, 0.1627382697947214, 0.18649725274725273, 0.2871853935638182, 0.23635461191694113, 0.2513368462138954, 0.25665383737238656, 0.21626040988786085, 0.24629250434350958, 0.21460698799408479, 0.2223469326411795, 0.23196093557391778, 0.2657285385562083, 0.1884288125667436, 0.2664025667888947]
 mean: 0.23174958544344573, std: 0.03277323283059369
Accuracy Intime: [0.39655172413793105, 0.2413793103448276, 0.3275862068965517, 0.26785714285714285, 0.35714285714285715, 0.22413793103448276, 0.22413793103448276, 0.3275862068965517, 0.22413793103448276, 0.3392857142857143, 0.27586206896551724, 0.3620689655172414, 0.29310344827586204, 0.25, 0.19642857142857142]
 mean: 0.2871510673234811, std: 0.059228928147510775
F1 (Intime): [0.3736383442265795, 0.2244662244662245, 0.3093614718614719, 0.22541275797373359, 0.3440050336822539, 0.19802543443006493, 0.20812340509062358, 0.32835306057288816, 0.21719259906759908, 0.3225694444444444, 0.19504830917874397, 0.32724867724867723, 0.26499235119924774, 0.23379847238542892, 0.20309476447583863]
 mean: 0.26502202335358793, std: 0.06007219184975901
--------------------------------------------------
Subject Number: 21
Accuracy Cross: [0.22666666666666666, 0.2733333333333333, 0.25333333333333335, 0.19333333333333333, 0.2733333333333333, 0.24489795918367346, 0.24489795918367346, 0.23809523809523808, 0.32653061224489793, 0.29931972789115646, 0.25, 0.2905405405405405, 0.25675675675675674, 0.21621621621621623, 0.25]
 mean: 0.2558170006741435, std: 0.032312723506051536
F1 Score: [0.21210114480574838, 0.2660926125775474, 0.24820859704863596, 0.19826700566264993, 0.27050512372571334, 0.2413185484690249, 0.23600042034468266, 0.235074326932443, 0.32060433234547897, 0.28583519003664437, 0.22978080120937264, 0.2759803921568627, 0.2397923302455607, 0.1897252321981424, 0.24702454031017598]
 mean: 0.2464207065379122, std: 0.032859555319258035
Accuracy Intime: [0.26666666666666666, 0.38333333333333336, 0.29310344827586204, 0.3620689655172414, 0.3103448275862069, 0.21666666666666667, 0.23333333333333334, 0.26666666666666666, 0.27586206896551724, 0.3103448275862069, 0.31666666666666665, 0.31666666666666665, 0.3448275862068966, 0.3103448275862069, 0.27586206896551724]
 mean: 0.2988505747126437, std: 0.0435792386560082
F1 (Intime): [0.2654469060351413, 0.35773910582908885, 0.28454545454545455, 0.35462962962962963, 0.3062794937794938, 0.20808531746031747, 0.22984760470856133, 0.2706245034164945, 0.2532785841609371, 0.2924587173579109, 0.30935649935649934, 0.3252180752180752, 0.33605641670157793, 0.28315592903828196, 0.2345945945945946]
 mean: 0.2874211221221372, std: 0.04356946086752079
--------------------------------------------------
Subject Number: 22
Accuracy Cross: [0.22916666666666666, 0.2708333333333333, 0.20833333333333334, 0.2569444444444444, 0.2013888888888889, 0.16778523489932887, 0.2080536912751678, 0.21476510067114093, 0.2684563758389262, 0.30201342281879195, 0.3503184713375796, 0.2356687898089172, 0.1910828025477707, 0.2229299363057325, 0.19745222929936307]
 mean: 0.23501284809795908, std: 0.045961560578946306
F1 Score: [0.23383588140218858, 0.27535587072179535, 0.18464934733879396, 0.2508014313749765, 0.20066470524136426, 0.16693974393410332, 0.20691465066465067, 0.2041868093487086, 0.2604531346941843, 0.28771411834812977, 0.32295293359123145, 0.2339480657127716, 0.18878928089454405, 0.21626919253139387, 0.1984836999233991]
 mean: 0.2287972577148157, std: 0.041928705005988
Accuracy Intime: [0.35, 0.2833333333333333, 0.3, 0.36666666666666664, 0.41379310344827586, 0.27586206896551724, 0.25862068965517243, 0.25862068965517243, 0.27586206896551724, 0.2857142857142857, 0.29310344827586204, 0.20689655172413793, 0.25862068965517243, 0.29310344827586204, 0.23214285714285715]
 mean: 0.29015599343185544, std: 0.05072251139918712
F1 (Intime): [0.33313254603577186, 0.26717506631299737, 0.28645276292335115, 0.36848452473452475, 0.39125816993464047, 0.26610267763019185, 0.25044373084221283, 0.24218527990906508, 0.2652292152292152, 0.26737967914438504, 0.28080934195064633, 0.18839031339031337, 0.24012605042016807, 0.2989058355437666, 0.21808443204868155]
 mean: 0.2776106417366621, std: 0.05176835617610323
--------------------------------------------------
Subject Number: 23
Accuracy Cross: [0.2708333333333333, 0.2361111111111111, 0.2569444444444444, 0.2361111111111111, 0.2847222222222222, 0.2517482517482518, 0.22377622377622378, 0.24475524475524477, 0.2727272727272727, 0.2937062937062937, 0.23129251700680273, 0.1836734693877551, 0.1836734693877551, 0.19047619047619047, 0.19727891156462585]
 mean: 0.23718867111724248, std: 0.03485946995572601
F1 Score: [0.26269638471968065, 0.23506126789708878, 0.2373839144267787, 0.22869363616490052, 0.2851540955650545, 0.24807306514623587, 0.2236163023967902, 0.24600352112676055, 0.2657828003389746, 0.28849206349206347, 0.20304407258306795, 0.17893129915305506, 0.16433506866031172, 0.18528565277692904, 0.19757358476987635]
 mean: 0.23000844861450448, std: 0.03671100191159761
Accuracy Intime: [0.27586206896551724, 0.3448275862068966, 0.29310344827586204, 0.21428571428571427, 0.19642857142857142, 0.3275862068965517, 0.3103448275862069, 0.3103448275862069, 0.27586206896551724, 0.25, 0.22413793103448276, 0.3103448275862069, 0.3103448275862069, 0.26785714285714285, 0.23214285714285715]
 mean: 0.27623152709359605, std: 0.043130885004625676
F1 (Intime): [0.26474971016516036, 0.3436025311025311, 0.27371482683982684, 0.1907603890362511, 0.18571403152912708, 0.32474354220739093, 0.2978927203065134, 0.2946160446160446, 0.2654146141215107, 0.23093200689716523, 0.21884426847662142, 0.27826662065792496, 0.30306267806267806, 0.2647970996580563, 0.24428696303696307]
 mean: 0.2654265364475844, std: 0.043911084195501715
--------------------------------------------------
Subject Number: 24
Accuracy Cross: [0.31724137931034485, 0.27586206896551724, 0.22758620689655173, 0.20689655172413793, 0.22758620689655173, 0.3150684931506849, 0.2808219178082192, 0.22602739726027396, 0.1780821917808219, 0.2602739726027397, 0.2905405405405405, 0.2972972972972973, 0.2635135135135135, 0.19594594594594594, 0.23648648648648649]
 mean: 0.2532820113453085, std: 0.04170954374207825
F1 Score: [0.2973002223002223, 0.25809493748891515, 0.21520101193422428, 0.19679306965673526, 0.22963041015779356, 0.310922636299816, 0.2870044185378049, 0.21427702337318993, 0.175652550041266, 0.24479243383905336, 0.25600875654262545, 0.2965842240183373, 0.24041353646897878, 0.18751388915828238, 0.22983532937584178]
 mean: 0.24266829661287245, std: 0.040393323872033406
Accuracy Intime: [0.31666666666666665, 0.25862068965517243, 0.25862068965517243, 0.27586206896551724, 0.25862068965517243, 0.27586206896551724, 0.3620689655172414, 0.1896551724137931, 0.20689655172413793, 0.3448275862068966, 0.22413793103448276, 0.29310344827586204, 0.2413793103448276, 0.29310344827586204, 0.25862068965517243]
 mean: 0.27053639846743294, std: 0.04565329846614373
F1 (Intime): [0.3024170274170274, 0.2287532693984307, 0.2591938997821351, 0.2680056219954352, 0.25202125202125203, 0.2765206284943127, 0.3635942760942761, 0.1869047619047619, 0.20614174479580485, 0.31736242884250476, 0.17692307692307693, 0.27786000763941937, 0.23952928791638473, 0.26346153846153847, 0.2386813421020582]
 mean: 0.25715801091922785, std: 0.04720724555303197
--------------------------------------------------
Subject Number: 25
Accuracy Cross: [0.21768707482993196, 0.25170068027210885, 0.2585034013605442, 0.19727891156462585, 0.21768707482993196, 0.31756756756756754, 0.21621621621621623, 0.23648648648648649, 0.2702702702702703, 0.2635135135135135, 0.25, 0.3026315789473684, 0.17763157894736842, 0.2565789473684211, 0.2565789473684211]
 mean: 0.24602214996951843, std: 0.035853670167918766
F1 Score: [0.2097832722832723, 0.2494869794288399, 0.23953436807095344, 0.1839884135387476, 0.21141049193713002, 0.30887222613194, 0.21619841946085636, 0.23200744816334262, 0.2541062747474178, 0.24700913275531702, 0.21428564137709794, 0.2895833333333333, 0.18037367724867726, 0.25389758733195955, 0.24958027608506406]
 mean: 0.23600783612626325, std: 0.033961468542806565
Accuracy Intime: [0.25, 0.3, 0.2833333333333333, 0.3793103448275862, 0.29310344827586204, 0.31666666666666665, 0.16666666666666666, 0.29310344827586204, 0.3620689655172414, 0.3103448275862069, 0.35, 0.38333333333333336, 0.20689655172413793, 0.27586206896551724, 0.2413793103448276]
 mean: 0.2941379310344827, std: 0.05932645538418032
F1 (Intime): [0.24507662835249042, 0.2913253075524881, 0.27142857142857146, 0.38267922221011463, 0.27390899541634833, 0.32467836257309934, 0.1665613879675255, 0.2850378787878788, 0.36126126126126124, 0.30448179271708686, 0.34774774774774775, 0.3911122661122661, 0.20354978354978354, 0.2649068322981366, 0.23876065999258436]
 mean: 0.2901677798644922, std: 0.06178034310012139
--------------------------------------------------
Subject Number: 26
Accuracy Cross: [0.2689655172413793, 0.2620689655172414, 0.21379310344827587, 0.2482758620689655, 0.30344827586206896, 0.2857142857142857, 0.22448979591836735, 0.2857142857142857, 0.29931972789115646, 0.21768707482993196, 0.28859060402684567, 0.2550335570469799, 0.18791946308724833, 0.2080536912751678, 0.21476510067114093]
 mean: 0.25092262068755605, std: 0.03625016742877966
F1 Score: [0.2625805260839019, 0.24975742135063703, 0.19255485358149066, 0.2325898469938068, 0.29383062795148207, 0.28040916753044154, 0.21728335181079084, 0.2812398643667993, 0.2900966760519884, 0.21680543078848163, 0.27332680219677125, 0.25638812697636226, 0.18285183140836708, 0.20904631411597355, 0.21462826322695522]
 mean: 0.24355927362894994, std: 0.03536769094469155
Accuracy Intime: [0.38333333333333336, 0.18333333333333332, 0.22413793103448276, 0.27586206896551724, 0.22413793103448276, 0.3103448275862069, 0.29310344827586204, 0.3275862068965517, 0.27586206896551724, 0.3448275862068966, 0.3103448275862069, 0.29310344827586204, 0.3103448275862069, 0.3103448275862069, 0.27586206896551724]
 mean: 0.2895019157088123, std: 0.04861696074877118
F1 (Intime): [0.39242063492063495, 0.18330357142857145, 0.19671474358974358, 0.2592769803296119, 0.19270833333333331, 0.3070489844683393, 0.29324737141233304, 0.32938218390804597, 0.281602879878742, 0.3355769230769231, 0.28484167736414207, 0.2542087542087542, 0.2998184611087837, 0.307124183006536, 0.26802884615384615]
 mean: 0.2790203018792227, std: 0.05498936224739987
--------------------------------------------------
Subject Number: 27
Accuracy Cross: [0.2361111111111111, 0.3055555555555556, 0.2708333333333333, 0.25, 0.2986111111111111, 0.1836734693877551, 0.2585034013605442, 0.2653061224489796, 0.19727891156462585, 0.25170068027210885, 0.273972602739726, 0.2808219178082192, 0.1506849315068493, 0.21232876712328766, 0.2328767123287671]
 mean: 0.2445505751767983, std: 0.041808797067225005
F1 Score: [0.22235550668750212, 0.3034708144748305, 0.2560762346856462, 0.2435810183896528, 0.29313916284592806, 0.1888208572617351, 0.2604432969605214, 0.2635863375589403, 0.19559422868246396, 0.25134450111521844, 0.2503237503237503, 0.2762131242311122, 0.14822930244553098, 0.211323496638054, 0.232893127029363]
 mean: 0.23982631728868328, std: 0.03986749619278089
Accuracy Intime: [0.26666666666666666, 0.3275862068965517, 0.27586206896551724, 0.20689655172413793, 0.2413793103448276, 0.3103448275862069, 0.27586206896551724, 0.20689655172413793, 0.25862068965517243, 0.26785714285714285, 0.1896551724137931, 0.3448275862068966, 0.25862068965517243, 0.27586206896551724, 0.2857142857142857]
 mean: 0.2661767925561029, std: 0.04178279272741732
F1 (Intime): [0.24959606917408503, 0.3203898050974513, 0.24753427686864218, 0.2007385730211817, 0.24107142857142855, 0.3104679802955665, 0.23749911864059126, 0.20125615125615126, 0.2607237589996211, 0.2665343915343915, 0.17769379477654373, 0.34702331294030403, 0.24198343079922027, 0.26108418435784164, 0.27262544802867383]
 mean: 0.25574811495744626, std: 0.043885840823751895
--------------------------------------------------
Subject Number: 28
Accuracy Cross: [0.27972027972027974, 0.20279720279720279, 0.2727272727272727, 0.25874125874125875, 0.3076923076923077, 0.2054794520547945, 0.2465753424657534, 0.2191780821917808, 0.2945205479452055, 0.2602739726027397, 0.2565789473684211, 0.23684210526315788, 0.23684210526315788, 0.24342105263157895, 0.2565789473684211]
 mean: 0.25186459178888887, std: 0.02885380306622403
F1 Score: [0.27079697463244845, 0.20222392862366534, 0.2590891483435343, 0.24799148472015986, 0.3052635770027074, 0.2037701180603994, 0.24213868003341688, 0.22359387329188884, 0.2933000171110507, 0.2548076923076923, 0.21749512051315936, 0.23397591991341993, 0.22591552671448073, 0.2323658930889843, 0.24202719705768486]
 mean: 0.24365034342764616, std: 0.028651030832004647
Accuracy Intime: [0.36666666666666664, 0.2413793103448276, 0.27586206896551724, 0.27586206896551724, 0.1724137931034483, 0.3103448275862069, 0.25862068965517243, 0.39655172413793105, 0.26785714285714285, 0.35714285714285715, 0.22413793103448276, 0.2413793103448276, 0.3275862068965517, 0.23214285714285715, 0.39285714285714285]
 mean: 0.2893869731800766, std: 0.0644226928135285
F1 (Intime): [0.36460495522995523, 0.23645833333333333, 0.24881408502098157, 0.2699667774086379, 0.16285103785103783, 0.29523809523809524, 0.2616552623004236, 0.4018218218218218, 0.26395476504172155, 0.3491427565569442, 0.22437943854493644, 0.23716828221833783, 0.31861418151740734, 0.19805194805194803, 0.39814814814814814]
 mean: 0.28205799255224867, std: 0.06895826418126745
--------------------------------------------------
Subject Number: 29
Accuracy Cross: [0.3006993006993007, 0.25874125874125875, 0.2517482517482518, 0.27972027972027974, 0.25874125874125875, 0.27586206896551724, 0.20689655172413793, 0.22758620689655173, 0.25517241379310346, 0.25517241379310346, 0.20945945945945946, 0.20270270270270271, 0.21621621621621623, 0.30405405405405406, 0.1891891891891892]
 mean: 0.2461307750962923, std: 0.0347461030737032
F1 Score: [0.29834054834054835, 0.26015103871613104, 0.23440658462175226, 0.26163283383775005, 0.25311421670117323, 0.2734776937675488, 0.2079106280193237, 0.22813888628199425, 0.2540642548099052, 0.24816560074593774, 0.19231987591978295, 0.20279087724532702, 0.19668837544148085, 0.30424566630552546, 0.1829519510170195]
 mean: 0.23989326878474665, std: 0.036471182265528625
Accuracy Intime: [0.27586206896551724, 0.3275862068965517, 0.3275862068965517, 0.27586206896551724, 0.27586206896551724, 0.22413793103448276, 0.20689655172413793, 0.3103448275862069, 0.42857142857142855, 0.21428571428571427, 0.3103448275862069, 0.3275862068965517, 0.20689655172413793, 0.26785714285714285, 0.3392857142857143]
 mean: 0.2879310344827586, std: 0.05865474511325853
F1 (Intime): [0.2768854282536151, 0.32499999999999996, 0.3178734221598878, 0.2752234993614304, 0.26696234049175227, 0.2187155628534939, 0.1997863247863248, 0.2967643467643467, 0.42289272030651337, 0.21566795273691824, 0.2986111111111111, 0.31862041467304625, 0.181735836627141, 0.2525066009505369, 0.3388036694488307]
 mean: 0.28040328203499654, std: 0.06021902685720245
--------------------------------------------------
**************************************************
accuracy_cross_list: [0.2531012588943623, 0.2526089813153796, 0.24129290134132747, 0.25340996168582375, 0.2412940808507311, 0.24890400604686314, 0.2536203522504892, 0.2579637188208616, 0.23620641154887725, 0.24770701822189778, 0.2557387321521161, 0.2571579609179987, 0.2492209844651409, 0.23810317166481548, 0.24947291765076363, 0.2586570836570837, 0.2445505751767983, 0.2572426303854875, 0.25663377718172237, 0.24313089313089314, 0.2558170006741435, 0.23501284809795908, 0.23718867111724248, 0.2532820113453085, 0.24602214996951843, 0.25092262068755605, 0.2445505751767983, 0.25186459178888887, 0.2461307750962923]
f1_score_list: [0.24280822003653488, 0.24171745964115948, 0.23609545744613675, 0.2425068535277931, 0.22981872749471183, 0.24479230273200783, 0.24638031238936578, 0.2514902080058485, 0.22954687796962375, 0.24074617777126836, 0.2474410353317202, 0.24725449032611124, 0.24169766506663, 0.229223410316075, 0.24092595054537305, 0.2480636562303852, 0.23982631728868328, 0.24995202966560712, 0.2513095534307769, 0.23174958544344573, 0.2464207065379122, 0.2287972577148157, 0.23000844861450448, 0.24266829661287245, 0.23600783612626325, 0.24355927362894994, 0.23982631728868328, 0.24365034342764616, 0.23989326878474665]
accuracy_intime_list: [0.2632531633342992, 0.27138752052545156, 0.26778872468527637, 0.27931034482758627, 0.28846743295019156, 0.2789627805145046, 0.2628735632183908, 0.27934865900383143, 0.2777558839627805, 0.26383141762452106, 0.29126436781609194, 0.32048440065681444, 0.2772413793103448, 0.2693486590038315, 0.27832512315270935, 0.2537766830870279, 0.2661767925561029, 0.2629885057471264, 0.27192665571975916, 0.2871510673234811, 0.2988505747126437, 0.29015599343185544, 0.27623152709359605, 0.27053639846743294, 0.2941379310344827, 0.2895019157088123, 0.2661767925561029, 0.2893869731800766, 0.2879310344827586]
f1_score_intime_list: [0.25221275430884765, 0.2563502155255376, 0.2549737635907182, 0.26626751379348257, 0.2726956053286086, 0.2689748153520537, 0.2556616742088937, 0.2739056579770339, 0.2720214292916108, 0.24961142601411637, 0.2770539909554682, 0.30876791421497185, 0.27058637553582887, 0.25556491755012434, 0.2719047480589315, 0.24554758445933744, 0.25574811495744626, 0.25128891498815226, 0.25737872832468495, 0.26502202335358793, 0.2874211221221372, 0.2776106417366621, 0.2654265364475844, 0.25715801091922785, 0.2901677798644922, 0.2790203018792227, 0.25574811495744626, 0.28205799255224867, 0.28040328203499654]
**************************************************
ACC: 24.89±0.69
F1: 24.08±0.68
Intime: 27.84±1.37
F1 (Intime): 26.75±1.41
